Namespace(augmix_cutmix_prob=0.5, augmix_prob=0.0, batch_size=32, beta=1.0, data_path='./data/modelnet40_normal_resampled', dataset='modelnet40', dropout=0.5, emb_dims=1024, epochs=500, eval=False, exp_name='augmix_cutmix_lams2_eps3e-1_dgcnn_1024_2', jitter=False, k=20, knn=False, lr=0.001, model='dgcnn', model_path='', modelnet10=False, momentum=0.9, no_cuda=False, normal=False, nsample=512, num_points=1024, rddrop=False, rdscale=False, rot=False, rsmix_prob=0.0, seed=1, shift=False, shuffle=False, test_batch_size=16, use_sgd=True)
Using GPU : 0 from 1 devices
Train epoch 0, loss: 2.980981, train acc: 0.438314, train avg acc: 0.262288
Test epoch 0, loss: 2.534756, test acc: 0.631686, test avg acc: 0.463459
Train epoch 1, loss: 2.522979, train acc: 0.634772, train avg acc: 0.451417
Test epoch 1, loss: 2.385055, test acc: 0.723663, test avg acc: 0.597186
Train epoch 2, loss: 2.398437, train acc: 0.708164, train avg acc: 0.548541
Test epoch 2, loss: 2.276043, test acc: 0.767018, test avg acc: 0.644570
Train epoch 3, loss: 2.317442, train acc: 0.750305, train avg acc: 0.613672
Test epoch 3, loss: 2.165830, test acc: 0.814830, test avg acc: 0.703837
Train epoch 4, loss: 2.264934, train acc: 0.777382, train avg acc: 0.648484
Test epoch 4, loss: 2.186023, test acc: 0.794165, test avg acc: 0.699047
Train epoch 5, loss: 2.246934, train acc: 0.787154, train avg acc: 0.664473
Test epoch 5, loss: 2.125767, test acc: 0.834684, test avg acc: 0.740558
Train epoch 6, loss: 2.211064, train acc: 0.808836, train avg acc: 0.700870
Test epoch 6, loss: 2.087422, test acc: 0.850891, test avg acc: 0.757843
Train epoch 7, loss: 2.187846, train acc: 0.825529, train avg acc: 0.729170
Test epoch 7, loss: 2.157329, test acc: 0.823744, test avg acc: 0.764453
Train epoch 8, loss: 2.172315, train acc: 0.826649, train avg acc: 0.731414
Test epoch 8, loss: 2.081017, test acc: 0.849676, test avg acc: 0.759517
Train epoch 9, loss: 2.159364, train acc: 0.830721, train avg acc: 0.733953
Test epoch 9, loss: 2.042671, test acc: 0.878039, test avg acc: 0.803041
Train epoch 10, loss: 2.139320, train acc: 0.841612, train avg acc: 0.751140
Test epoch 10, loss: 2.078905, test acc: 0.867504, test avg acc: 0.822331
Train epoch 11, loss: 2.130165, train acc: 0.845582, train avg acc: 0.755044
Test epoch 11, loss: 2.064790, test acc: 0.854538, test avg acc: 0.776802
Train epoch 12, loss: 2.128769, train acc: 0.845277, train avg acc: 0.758858
Test epoch 12, loss: 2.092638, test acc: 0.846434, test avg acc: 0.786459
Train epoch 13, loss: 2.119635, train acc: 0.852809, train avg acc: 0.767587
Test epoch 13, loss: 2.014211, test acc: 0.881280, test avg acc: 0.819884
Train epoch 14, loss: 2.113685, train acc: 0.854438, train avg acc: 0.769555
Test epoch 14, loss: 2.034108, test acc: 0.876418, test avg acc: 0.799587
Train epoch 15, loss: 2.097956, train acc: 0.863192, train avg acc: 0.783160
Test epoch 15, loss: 2.107124, test acc: 0.843598, test avg acc: 0.761215
Train epoch 16, loss: 2.089797, train acc: 0.866042, train avg acc: 0.788409
Test epoch 16, loss: 2.000622, test acc: 0.895462, test avg acc: 0.835384
Train epoch 17, loss: 2.084435, train acc: 0.870318, train avg acc: 0.797414
Test epoch 17, loss: 2.024933, test acc: 0.872771, test avg acc: 0.805070
Train epoch 18, loss: 2.078086, train acc: 0.872557, train avg acc: 0.800270
Test epoch 18, loss: 2.030763, test acc: 0.864263, test avg acc: 0.797890
Train epoch 19, loss: 2.071829, train acc: 0.879988, train avg acc: 0.812105
Test epoch 19, loss: 2.015343, test acc: 0.873582, test avg acc: 0.819930
Train epoch 20, loss: 2.062211, train acc: 0.879581, train avg acc: 0.811641
Test epoch 20, loss: 1.986364, test acc: 0.894652, test avg acc: 0.815285
Train epoch 21, loss: 2.061900, train acc: 0.881107, train avg acc: 0.812062
Test epoch 21, loss: 1.998763, test acc: 0.887358, test avg acc: 0.816599
Train epoch 22, loss: 2.058160, train acc: 0.885179, train avg acc: 0.819370
Test epoch 22, loss: 2.036670, test acc: 0.879660, test avg acc: 0.835547
Train epoch 23, loss: 2.057244, train acc: 0.882838, train avg acc: 0.812020
Test epoch 23, loss: 1.981085, test acc: 0.887763, test avg acc: 0.817017
Train epoch 24, loss: 2.048205, train acc: 0.885383, train avg acc: 0.821972
Test epoch 24, loss: 2.015552, test acc: 0.862642, test avg acc: 0.798872
Train epoch 25, loss: 2.047315, train acc: 0.890574, train avg acc: 0.830904
Test epoch 25, loss: 2.008389, test acc: 0.889789, test avg acc: 0.811221
Train epoch 26, loss: 2.037970, train acc: 0.894544, train avg acc: 0.834164
Test epoch 26, loss: 2.012341, test acc: 0.877634, test avg acc: 0.807983
Train epoch 27, loss: 2.044347, train acc: 0.888233, train avg acc: 0.824045
Test epoch 27, loss: 2.013341, test acc: 0.882496, test avg acc: 0.822686
Train epoch 28, loss: 2.039416, train acc: 0.895562, train avg acc: 0.835103
Test epoch 28, loss: 1.991281, test acc: 0.893841, test avg acc: 0.843988
Train epoch 29, loss: 2.036014, train acc: 0.894849, train avg acc: 0.835035
Test epoch 29, loss: 1.968720, test acc: 0.905997, test avg acc: 0.855465
Train epoch 30, loss: 2.032759, train acc: 0.890676, train avg acc: 0.826615
Test epoch 30, loss: 2.036411, test acc: 0.878444, test avg acc: 0.842099
Train epoch 31, loss: 2.028812, train acc: 0.894849, train avg acc: 0.831766
Test epoch 31, loss: 1.986679, test acc: 0.901945, test avg acc: 0.869087
Train epoch 32, loss: 2.031388, train acc: 0.896173, train avg acc: 0.840164
Test epoch 32, loss: 1.984899, test acc: 0.901945, test avg acc: 0.856797
Train epoch 33, loss: 2.034506, train acc: 0.892101, train avg acc: 0.833497
Test epoch 33, loss: 2.001903, test acc: 0.891815, test avg acc: 0.837308
Train epoch 34, loss: 2.028279, train acc: 0.897903, train avg acc: 0.841199
Test epoch 34, loss: 2.022196, test acc: 0.880065, test avg acc: 0.828267
Train epoch 35, loss: 2.017289, train acc: 0.902586, train avg acc: 0.845371
Test epoch 35, loss: 2.019146, test acc: 0.890600, test avg acc: 0.841773
Train epoch 36, loss: 2.022926, train acc: 0.898717, train avg acc: 0.840935
Test epoch 36, loss: 1.978406, test acc: 0.888979, test avg acc: 0.843430
Train epoch 37, loss: 2.018373, train acc: 0.901059, train avg acc: 0.843958
Test epoch 37, loss: 1.990955, test acc: 0.890600, test avg acc: 0.844924
Train epoch 38, loss: 2.015025, train acc: 0.902993, train avg acc: 0.841792
Test epoch 38, loss: 1.967024, test acc: 0.898298, test avg acc: 0.864895
Train epoch 39, loss: 2.006275, train acc: 0.907370, train avg acc: 0.854894
Test epoch 39, loss: 1.995934, test acc: 0.891005, test avg acc: 0.835221
Train epoch 40, loss: 2.014955, train acc: 0.904520, train avg acc: 0.848478
Test epoch 40, loss: 1.974660, test acc: 0.899109, test avg acc: 0.840041
Train epoch 41, loss: 2.021323, train acc: 0.899634, train avg acc: 0.842376
Test epoch 41, loss: 1.982341, test acc: 0.885737, test avg acc: 0.853547
Train epoch 42, loss: 2.009667, train acc: 0.904927, train avg acc: 0.853858
Test epoch 42, loss: 1.976889, test acc: 0.896677, test avg acc: 0.831924
Train epoch 43, loss: 2.009074, train acc: 0.906555, train avg acc: 0.853735
Test epoch 43, loss: 1.997343, test acc: 0.888979, test avg acc: 0.836390
Train epoch 44, loss: 2.008108, train acc: 0.906148, train avg acc: 0.851817
Test epoch 44, loss: 1.974700, test acc: 0.898298, test avg acc: 0.859052
Train epoch 45, loss: 2.008288, train acc: 0.905436, train avg acc: 0.852005
Test epoch 45, loss: 1.953356, test acc: 0.909643, test avg acc: 0.851297
Train epoch 46, loss: 2.007808, train acc: 0.905945, train avg acc: 0.853910
Test epoch 46, loss: 1.971281, test acc: 0.889789, test avg acc: 0.836442
Train epoch 47, loss: 2.004552, train acc: 0.907064, train avg acc: 0.853691
Test epoch 47, loss: 1.992561, test acc: 0.884117, test avg acc: 0.834814
Train epoch 48, loss: 2.000532, train acc: 0.912765, train avg acc: 0.863694
Test epoch 48, loss: 1.983674, test acc: 0.889789, test avg acc: 0.825733
Train epoch 49, loss: 1.999064, train acc: 0.910729, train avg acc: 0.861868
Test epoch 49, loss: 1.959648, test acc: 0.898298, test avg acc: 0.871302
Train epoch 50, loss: 2.005443, train acc: 0.906352, train avg acc: 0.857099
Test epoch 50, loss: 1.999169, test acc: 0.889384, test avg acc: 0.850576
Train epoch 51, loss: 1.999560, train acc: 0.911340, train avg acc: 0.862204
Test epoch 51, loss: 1.967690, test acc: 0.895057, test avg acc: 0.846151
Train epoch 52, loss: 1.989711, train acc: 0.915004, train avg acc: 0.866469
Test epoch 52, loss: 1.976916, test acc: 0.891815, test avg acc: 0.857703
Train epoch 53, loss: 1.998355, train acc: 0.909406, train avg acc: 0.856655
Test epoch 53, loss: 1.961962, test acc: 0.899514, test avg acc: 0.851517
Train epoch 54, loss: 1.999695, train acc: 0.908184, train avg acc: 0.856469
Test epoch 54, loss: 1.973246, test acc: 0.906402, test avg acc: 0.846047
Train epoch 55, loss: 1.991165, train acc: 0.915615, train avg acc: 0.868214
Test epoch 55, loss: 1.957136, test acc: 0.906402, test avg acc: 0.864762
Train epoch 56, loss: 1.999418, train acc: 0.909914, train avg acc: 0.858307
Test epoch 56, loss: 1.966812, test acc: 0.901945, test avg acc: 0.846924
Train epoch 57, loss: 1.991651, train acc: 0.913375, train avg acc: 0.864881
Test epoch 57, loss: 2.002876, test acc: 0.893436, test avg acc: 0.852837
Train epoch 58, loss: 1.993417, train acc: 0.912561, train avg acc: 0.865834
Test epoch 58, loss: 1.983799, test acc: 0.883712, test avg acc: 0.852465
Train epoch 59, loss: 1.992411, train acc: 0.910729, train avg acc: 0.859576
Test epoch 59, loss: 1.973315, test acc: 0.892220, test avg acc: 0.842517
Train epoch 60, loss: 1.996530, train acc: 0.911034, train avg acc: 0.861140
Test epoch 60, loss: 1.988863, test acc: 0.900324, test avg acc: 0.849041
Train epoch 61, loss: 1.988064, train acc: 0.914800, train avg acc: 0.866833
Test epoch 61, loss: 1.962469, test acc: 0.893436, test avg acc: 0.852384
Train epoch 62, loss: 1.988503, train acc: 0.914088, train avg acc: 0.869329
Test epoch 62, loss: 1.962856, test acc: 0.902755, test avg acc: 0.860953
Train epoch 63, loss: 1.995396, train acc: 0.910627, train avg acc: 0.861552
Test epoch 63, loss: 1.960654, test acc: 0.896677, test avg acc: 0.851326
Train epoch 64, loss: 1.982681, train acc: 0.916022, train avg acc: 0.873514
Test epoch 64, loss: 1.946836, test acc: 0.904781, test avg acc: 0.850919
Train epoch 65, loss: 1.982103, train acc: 0.916327, train avg acc: 0.867817
Test epoch 65, loss: 1.968791, test acc: 0.903566, test avg acc: 0.867971
Train epoch 66, loss: 1.981760, train acc: 0.922028, train avg acc: 0.877969
Test epoch 66, loss: 1.958032, test acc: 0.901540, test avg acc: 0.854919
Train epoch 67, loss: 1.988864, train acc: 0.913884, train avg acc: 0.866225
Test epoch 67, loss: 1.961580, test acc: 0.897488, test avg acc: 0.859401
Train epoch 68, loss: 1.979772, train acc: 0.920501, train avg acc: 0.875188
Test epoch 68, loss: 1.932554, test acc: 0.912480, test avg acc: 0.868076
Train epoch 69, loss: 1.979101, train acc: 0.920195, train avg acc: 0.877221
Test epoch 69, loss: 1.958267, test acc: 0.904781, test avg acc: 0.869948
Train epoch 70, loss: 1.987787, train acc: 0.913783, train avg acc: 0.866956
Test epoch 70, loss: 2.033321, test acc: 0.901540, test avg acc: 0.860756
Train epoch 71, loss: 1.977695, train acc: 0.918261, train avg acc: 0.874623
Test epoch 71, loss: 1.953751, test acc: 0.906402, test avg acc: 0.862837
Train epoch 72, loss: 1.980413, train acc: 0.918669, train avg acc: 0.871193
Test epoch 72, loss: 1.974334, test acc: 0.895057, test avg acc: 0.868430
Train epoch 73, loss: 1.975856, train acc: 0.922333, train avg acc: 0.881407
Test epoch 73, loss: 1.990852, test acc: 0.896677, test avg acc: 0.862953
Train epoch 74, loss: 1.981267, train acc: 0.920704, train avg acc: 0.874848
Test epoch 74, loss: 2.003960, test acc: 0.898703, test avg acc: 0.875012
Train epoch 75, loss: 1.970184, train acc: 0.924165, train avg acc: 0.883661
Test epoch 75, loss: 1.958953, test acc: 0.901945, test avg acc: 0.866302
Train epoch 76, loss: 1.980274, train acc: 0.917243, train avg acc: 0.872357
Test epoch 76, loss: 1.973188, test acc: 0.898703, test avg acc: 0.852599
Train epoch 77, loss: 1.980282, train acc: 0.919686, train avg acc: 0.875130
Test epoch 77, loss: 1.951204, test acc: 0.893436, test avg acc: 0.864430
Train epoch 78, loss: 1.972098, train acc: 0.924471, train avg acc: 0.881544
Test epoch 78, loss: 1.952737, test acc: 0.905997, test avg acc: 0.849628
Train epoch 79, loss: 1.976730, train acc: 0.921722, train avg acc: 0.876918
Test epoch 79, loss: 1.946310, test acc: 0.903971, test avg acc: 0.860680
Train epoch 80, loss: 1.977074, train acc: 0.922333, train avg acc: 0.880845
Test epoch 80, loss: 1.970266, test acc: 0.897488, test avg acc: 0.856378
Train epoch 81, loss: 1.984297, train acc: 0.918160, train avg acc: 0.875597
Test epoch 81, loss: 2.017303, test acc: 0.891005, test avg acc: 0.829215
Train epoch 82, loss: 1.978299, train acc: 0.921213, train avg acc: 0.880813
Test epoch 82, loss: 1.977500, test acc: 0.890194, test avg acc: 0.845936
Train epoch 83, loss: 1.980611, train acc: 0.921417, train avg acc: 0.878895
Test epoch 83, loss: 1.967310, test acc: 0.888979, test avg acc: 0.848680
Train epoch 84, loss: 1.975254, train acc: 0.924776, train avg acc: 0.882684
Test epoch 84, loss: 1.967546, test acc: 0.893841, test avg acc: 0.849227
Train epoch 85, loss: 1.964329, train acc: 0.928237, train avg acc: 0.887683
Test epoch 85, loss: 1.975868, test acc: 0.900729, test avg acc: 0.865512
Train epoch 86, loss: 1.975888, train acc: 0.920297, train avg acc: 0.876718
Test epoch 86, loss: 1.936956, test acc: 0.919368, test avg acc: 0.879291
Train epoch 87, loss: 1.969425, train acc: 0.924165, train avg acc: 0.883442
Test epoch 87, loss: 2.003547, test acc: 0.891005, test avg acc: 0.835297
Train epoch 88, loss: 1.971072, train acc: 0.923656, train avg acc: 0.884622
Test epoch 88, loss: 1.954017, test acc: 0.901135, test avg acc: 0.842017
Train epoch 89, loss: 1.975731, train acc: 0.923758, train avg acc: 0.882668
Test epoch 89, loss: 1.985584, test acc: 0.893436, test avg acc: 0.852180
Train epoch 90, loss: 1.965028, train acc: 0.925998, train avg acc: 0.888054
Test epoch 90, loss: 1.940473, test acc: 0.912480, test avg acc: 0.870343
Train epoch 91, loss: 1.968855, train acc: 0.925998, train avg acc: 0.884142
Test epoch 91, loss: 1.947766, test acc: 0.903566, test avg acc: 0.868849
Train epoch 92, loss: 1.961738, train acc: 0.926608, train avg acc: 0.887103
Test epoch 92, loss: 1.972760, test acc: 0.889789, test avg acc: 0.843605
Train epoch 93, loss: 1.970570, train acc: 0.923656, train avg acc: 0.883775
Test epoch 93, loss: 1.994296, test acc: 0.886143, test avg acc: 0.839035
Train epoch 94, loss: 1.970038, train acc: 0.922944, train avg acc: 0.881828
Test epoch 94, loss: 1.960094, test acc: 0.902350, test avg acc: 0.870267
Train epoch 95, loss: 1.957407, train acc: 0.927321, train avg acc: 0.887854
Test epoch 95, loss: 1.952559, test acc: 0.907212, test avg acc: 0.850622
Train epoch 96, loss: 1.970687, train acc: 0.924471, train avg acc: 0.883024
Test epoch 96, loss: 1.988488, test acc: 0.890194, test avg acc: 0.856110
Train epoch 97, loss: 1.957890, train acc: 0.932105, train avg acc: 0.894057
Test epoch 97, loss: 1.962308, test acc: 0.894246, test avg acc: 0.870459
Train epoch 98, loss: 1.956559, train acc: 0.930680, train avg acc: 0.890230
Test epoch 98, loss: 1.975504, test acc: 0.899919, test avg acc: 0.845669
Train epoch 99, loss: 1.961666, train acc: 0.930171, train avg acc: 0.894098
Test epoch 99, loss: 1.962303, test acc: 0.903566, test avg acc: 0.856017
Train epoch 100, loss: 1.960927, train acc: 0.927423, train avg acc: 0.887021
Test epoch 100, loss: 1.966365, test acc: 0.906807, test avg acc: 0.856634
Train epoch 101, loss: 1.965457, train acc: 0.926812, train avg acc: 0.888748
Test epoch 101, loss: 1.976619, test acc: 0.903160, test avg acc: 0.860372
Train epoch 102, loss: 1.966722, train acc: 0.924572, train avg acc: 0.881451
Test epoch 102, loss: 1.941442, test acc: 0.903971, test avg acc: 0.857221
Train epoch 103, loss: 1.965263, train acc: 0.930578, train avg acc: 0.889579
Test epoch 103, loss: 1.974954, test acc: 0.881280, test avg acc: 0.850349
Train epoch 104, loss: 1.961332, train acc: 0.927015, train avg acc: 0.886435
Test epoch 104, loss: 1.978102, test acc: 0.907618, test avg acc: 0.864924
Train epoch 105, loss: 1.962815, train acc: 0.928033, train avg acc: 0.889774
Test epoch 105, loss: 1.946774, test acc: 0.908428, test avg acc: 0.865628
Train epoch 106, loss: 1.962468, train acc: 0.926710, train avg acc: 0.884556
Test epoch 106, loss: 1.932623, test acc: 0.915316, test avg acc: 0.877715
Train epoch 107, loss: 1.963759, train acc: 0.925285, train avg acc: 0.884235
Test epoch 107, loss: 1.977748, test acc: 0.884927, test avg acc: 0.847140
Train epoch 108, loss: 1.960659, train acc: 0.929662, train avg acc: 0.893024
Test epoch 108, loss: 1.960675, test acc: 0.905186, test avg acc: 0.860797
Train epoch 109, loss: 1.958193, train acc: 0.931393, train avg acc: 0.890046
Test epoch 109, loss: 2.000702, test acc: 0.887763, test avg acc: 0.825023
Train epoch 110, loss: 1.949081, train acc: 0.934141, train avg acc: 0.898094
Test epoch 110, loss: 1.944306, test acc: 0.902755, test avg acc: 0.864878
Train epoch 111, loss: 1.963218, train acc: 0.929255, train avg acc: 0.893849
Test epoch 111, loss: 1.954540, test acc: 0.909238, test avg acc: 0.866837
Train epoch 112, loss: 1.956352, train acc: 0.930069, train avg acc: 0.889378
Test epoch 112, loss: 1.953402, test acc: 0.904376, test avg acc: 0.872762
Train epoch 113, loss: 1.949043, train acc: 0.934344, train avg acc: 0.897800
Test epoch 113, loss: 1.966918, test acc: 0.895462, test avg acc: 0.861424
Train epoch 114, loss: 1.966137, train acc: 0.924980, train avg acc: 0.884201
Test epoch 114, loss: 1.976092, test acc: 0.891410, test avg acc: 0.849453
Train epoch 115, loss: 1.961124, train acc: 0.928033, train avg acc: 0.888096
Test epoch 115, loss: 1.948141, test acc: 0.911264, test avg acc: 0.866587
Train epoch 116, loss: 1.959992, train acc: 0.929967, train avg acc: 0.890402
Test epoch 116, loss: 1.955892, test acc: 0.903566, test avg acc: 0.854221
Train epoch 117, loss: 1.967653, train acc: 0.926914, train avg acc: 0.885079
Test epoch 117, loss: 2.004946, test acc: 0.880065, test avg acc: 0.842512
Train epoch 118, loss: 1.955594, train acc: 0.928339, train avg acc: 0.888892
Test epoch 118, loss: 1.951035, test acc: 0.912480, test avg acc: 0.870797
Train epoch 119, loss: 1.951986, train acc: 0.933937, train avg acc: 0.898075
Test epoch 119, loss: 1.952999, test acc: 0.901540, test avg acc: 0.856581
Train epoch 120, loss: 1.949531, train acc: 0.933327, train avg acc: 0.895182
Test epoch 120, loss: 1.953840, test acc: 0.910454, test avg acc: 0.855297
Train epoch 121, loss: 1.948658, train acc: 0.935770, train avg acc: 0.898986
Test epoch 121, loss: 1.933517, test acc: 0.906807, test avg acc: 0.875337
Train epoch 122, loss: 1.946520, train acc: 0.936686, train avg acc: 0.902827
Test epoch 122, loss: 1.947189, test acc: 0.904376, test avg acc: 0.856744
Train epoch 123, loss: 1.951138, train acc: 0.933021, train avg acc: 0.897236
Test epoch 123, loss: 1.953191, test acc: 0.910454, test avg acc: 0.865419
Train epoch 124, loss: 1.953282, train acc: 0.930273, train avg acc: 0.893662
Test epoch 124, loss: 1.972779, test acc: 0.886143, test avg acc: 0.843640
Train epoch 125, loss: 1.952161, train acc: 0.930680, train avg acc: 0.892703
Test epoch 125, loss: 1.971284, test acc: 0.891815, test avg acc: 0.853756
Train epoch 126, loss: 1.944077, train acc: 0.933327, train avg acc: 0.895129
Test epoch 126, loss: 1.922750, test acc: 0.914100, test avg acc: 0.867709
Train epoch 127, loss: 1.950405, train acc: 0.935159, train avg acc: 0.902477
Test epoch 127, loss: 1.946124, test acc: 0.911264, test avg acc: 0.863552
Train epoch 128, loss: 1.946408, train acc: 0.935973, train avg acc: 0.901851
Test epoch 128, loss: 1.971533, test acc: 0.905186, test avg acc: 0.866837
Train epoch 129, loss: 1.946220, train acc: 0.935973, train avg acc: 0.902536
Test epoch 129, loss: 1.946483, test acc: 0.907212, test avg acc: 0.870419
Train epoch 130, loss: 1.951442, train acc: 0.929051, train avg acc: 0.889622
Test epoch 130, loss: 1.959296, test acc: 0.913695, test avg acc: 0.877372
Train epoch 131, loss: 1.949645, train acc: 0.932105, train avg acc: 0.896233
Test epoch 131, loss: 1.954564, test acc: 0.898298, test avg acc: 0.858692
Train epoch 132, loss: 1.942438, train acc: 0.934853, train avg acc: 0.896481
Test epoch 132, loss: 1.949391, test acc: 0.903160, test avg acc: 0.872977
Train epoch 133, loss: 1.943430, train acc: 0.936686, train avg acc: 0.902385
Test epoch 133, loss: 1.960887, test acc: 0.905592, test avg acc: 0.860209
Train epoch 134, loss: 1.952986, train acc: 0.932512, train avg acc: 0.895220
Test epoch 134, loss: 1.961243, test acc: 0.895867, test avg acc: 0.857983
Train epoch 135, loss: 1.944456, train acc: 0.934752, train avg acc: 0.897283
Test epoch 135, loss: 1.949149, test acc: 0.898298, test avg acc: 0.864093
Train epoch 136, loss: 1.945403, train acc: 0.936279, train avg acc: 0.901910
Test epoch 136, loss: 2.018838, test acc: 0.889789, test avg acc: 0.838366
Train epoch 137, loss: 1.940840, train acc: 0.936482, train avg acc: 0.905665
Test epoch 137, loss: 1.939455, test acc: 0.902755, test avg acc: 0.869081
Train epoch 138, loss: 1.931094, train acc: 0.941164, train avg acc: 0.910136
Test epoch 138, loss: 1.964419, test acc: 0.887358, test avg acc: 0.858372
Train epoch 139, loss: 1.941207, train acc: 0.938518, train avg acc: 0.903695
Test epoch 139, loss: 1.949868, test acc: 0.907212, test avg acc: 0.863035
Train epoch 140, loss: 1.945938, train acc: 0.935261, train avg acc: 0.900515
Test epoch 140, loss: 1.959054, test acc: 0.895867, test avg acc: 0.871215
Train epoch 141, loss: 1.949831, train acc: 0.933937, train avg acc: 0.899970
Test epoch 141, loss: 1.955116, test acc: 0.895867, test avg acc: 0.862663
Train epoch 142, loss: 1.946174, train acc: 0.934243, train avg acc: 0.898159
Test epoch 142, loss: 1.985276, test acc: 0.884927, test avg acc: 0.864390
Train epoch 143, loss: 1.942603, train acc: 0.937704, train avg acc: 0.903986
Test epoch 143, loss: 1.941543, test acc: 0.902350, test avg acc: 0.871215
Train epoch 144, loss: 1.935314, train acc: 0.938823, train avg acc: 0.906218
Test epoch 144, loss: 1.936897, test acc: 0.917342, test avg acc: 0.872913
Train epoch 145, loss: 1.937044, train acc: 0.940248, train avg acc: 0.907267
Test epoch 145, loss: 1.922852, test acc: 0.918963, test avg acc: 0.883000
Train epoch 146, loss: 1.940709, train acc: 0.937907, train avg acc: 0.904189
Test epoch 146, loss: 1.967079, test acc: 0.912075, test avg acc: 0.871872
Train epoch 147, loss: 1.939788, train acc: 0.939332, train avg acc: 0.905433
Test epoch 147, loss: 2.010360, test acc: 0.895462, test avg acc: 0.867872
Train epoch 148, loss: 1.942571, train acc: 0.936380, train avg acc: 0.901951
Test epoch 148, loss: 1.924162, test acc: 0.907212, test avg acc: 0.878291
Train epoch 149, loss: 1.943788, train acc: 0.938416, train avg acc: 0.902331
Test epoch 149, loss: 1.942139, test acc: 0.911669, test avg acc: 0.871919
Train epoch 150, loss: 1.939669, train acc: 0.935464, train avg acc: 0.899704
Test epoch 150, loss: 1.947316, test acc: 0.899919, test avg acc: 0.839878
Train epoch 151, loss: 1.933393, train acc: 0.942182, train avg acc: 0.908508
Test epoch 151, loss: 1.958785, test acc: 0.899109, test avg acc: 0.863669
Train epoch 152, loss: 1.941446, train acc: 0.938314, train avg acc: 0.905154
Test epoch 152, loss: 1.951833, test acc: 0.892626, test avg acc: 0.864634
Train epoch 153, loss: 1.934720, train acc: 0.942284, train avg acc: 0.911282
Test epoch 153, loss: 1.962229, test acc: 0.901135, test avg acc: 0.866843
Train epoch 154, loss: 1.942585, train acc: 0.936279, train avg acc: 0.901676
Test epoch 154, loss: 1.950157, test acc: 0.906402, test avg acc: 0.871244
Train epoch 155, loss: 1.930705, train acc: 0.943506, train avg acc: 0.913524
Test epoch 155, loss: 1.938405, test acc: 0.901540, test avg acc: 0.865390
Train epoch 156, loss: 1.935097, train acc: 0.939943, train avg acc: 0.909820
Test epoch 156, loss: 1.979225, test acc: 0.894652, test avg acc: 0.868215
Train epoch 157, loss: 1.934183, train acc: 0.940248, train avg acc: 0.907985
Test epoch 157, loss: 1.958275, test acc: 0.894246, test avg acc: 0.862459
Train epoch 158, loss: 1.932361, train acc: 0.940757, train avg acc: 0.907563
Test epoch 158, loss: 1.958897, test acc: 0.909643, test avg acc: 0.878291
Train epoch 159, loss: 1.931029, train acc: 0.938009, train avg acc: 0.904692
Test epoch 159, loss: 1.933286, test acc: 0.915316, test avg acc: 0.876262
Train epoch 160, loss: 1.927901, train acc: 0.943709, train avg acc: 0.911077
Test epoch 160, loss: 1.953775, test acc: 0.901945, test avg acc: 0.858599
Train epoch 161, loss: 1.936014, train acc: 0.940757, train avg acc: 0.905863
Test epoch 161, loss: 1.945553, test acc: 0.910859, test avg acc: 0.861849
Train epoch 162, loss: 1.931918, train acc: 0.940656, train avg acc: 0.906480
Test epoch 162, loss: 1.933682, test acc: 0.903160, test avg acc: 0.858047
Train epoch 163, loss: 1.931492, train acc: 0.939332, train avg acc: 0.905936
Test epoch 163, loss: 1.951588, test acc: 0.907618, test avg acc: 0.873855
Train epoch 164, loss: 1.931418, train acc: 0.939536, train avg acc: 0.908879
Test epoch 164, loss: 1.931838, test acc: 0.913290, test avg acc: 0.874884
Train epoch 165, loss: 1.939640, train acc: 0.935057, train avg acc: 0.898501
Test epoch 165, loss: 1.940496, test acc: 0.912075, test avg acc: 0.876913
Train epoch 166, loss: 1.931618, train acc: 0.941164, train avg acc: 0.909176
Test epoch 166, loss: 1.935639, test acc: 0.909643, test avg acc: 0.857122
Train epoch 167, loss: 1.930165, train acc: 0.941470, train avg acc: 0.908673
Test epoch 167, loss: 1.963280, test acc: 0.901945, test avg acc: 0.864599
Train epoch 168, loss: 1.937066, train acc: 0.938925, train avg acc: 0.907146
Test epoch 168, loss: 1.927755, test acc: 0.901540, test avg acc: 0.863506
Train epoch 169, loss: 1.927037, train acc: 0.942997, train avg acc: 0.911790
Test epoch 169, loss: 1.932978, test acc: 0.910049, test avg acc: 0.860488
Train epoch 170, loss: 1.926829, train acc: 0.943811, train avg acc: 0.915398
Test epoch 170, loss: 1.934425, test acc: 0.910049, test avg acc: 0.863994
Train epoch 171, loss: 1.929656, train acc: 0.941979, train avg acc: 0.911838
Test epoch 171, loss: 1.958433, test acc: 0.902350, test avg acc: 0.853779
Train epoch 172, loss: 1.932091, train acc: 0.943099, train avg acc: 0.910590
Test epoch 172, loss: 1.938530, test acc: 0.908428, test avg acc: 0.868878
Train epoch 173, loss: 1.930861, train acc: 0.941572, train avg acc: 0.909694
Test epoch 173, loss: 1.928394, test acc: 0.917747, test avg acc: 0.873372
Train epoch 174, loss: 1.923796, train acc: 0.943506, train avg acc: 0.914184
Test epoch 174, loss: 1.949376, test acc: 0.903971, test avg acc: 0.869180
Train epoch 175, loss: 1.926794, train acc: 0.943811, train avg acc: 0.911831
Test epoch 175, loss: 1.930602, test acc: 0.905186, test avg acc: 0.867297
Train epoch 176, loss: 1.917645, train acc: 0.946559, train avg acc: 0.917537
Test epoch 176, loss: 1.949526, test acc: 0.901945, test avg acc: 0.864198
Train epoch 177, loss: 1.924386, train acc: 0.943811, train avg acc: 0.911682
Test epoch 177, loss: 1.975755, test acc: 0.899514, test avg acc: 0.876006
Train epoch 178, loss: 1.919060, train acc: 0.947577, train avg acc: 0.922506
Test epoch 178, loss: 1.938033, test acc: 0.905997, test avg acc: 0.869087
Train epoch 179, loss: 1.927798, train acc: 0.942895, train avg acc: 0.911294
Test epoch 179, loss: 1.932708, test acc: 0.918152, test avg acc: 0.880448
Train epoch 180, loss: 1.927346, train acc: 0.945440, train avg acc: 0.915062
Test epoch 180, loss: 1.953056, test acc: 0.912480, test avg acc: 0.883471
Train epoch 181, loss: 1.930357, train acc: 0.944116, train avg acc: 0.912027
Test epoch 181, loss: 1.924329, test acc: 0.919368, test avg acc: 0.888047
Train epoch 182, loss: 1.934416, train acc: 0.940350, train avg acc: 0.908485
Test epoch 182, loss: 1.933153, test acc: 0.907618, test avg acc: 0.863512
Train epoch 183, loss: 1.926702, train acc: 0.943709, train avg acc: 0.913160
Test epoch 183, loss: 1.941641, test acc: 0.905592, test avg acc: 0.873000
Train epoch 184, loss: 1.924802, train acc: 0.944931, train avg acc: 0.916157
Test epoch 184, loss: 1.923241, test acc: 0.914100, test avg acc: 0.874326
Train epoch 185, loss: 1.921739, train acc: 0.945033, train avg acc: 0.915873
Test epoch 185, loss: 1.936312, test acc: 0.906807, test avg acc: 0.882843
Train epoch 186, loss: 1.920555, train acc: 0.947985, train avg acc: 0.920397
Test epoch 186, loss: 1.985084, test acc: 0.885332, test avg acc: 0.832395
Train epoch 187, loss: 1.920583, train acc: 0.943709, train avg acc: 0.912659
Test epoch 187, loss: 1.937329, test acc: 0.910454, test avg acc: 0.883116
Train epoch 188, loss: 1.926165, train acc: 0.944320, train avg acc: 0.913796
Test epoch 188, loss: 1.935262, test acc: 0.908023, test avg acc: 0.868337
Train epoch 189, loss: 1.919145, train acc: 0.948086, train avg acc: 0.918633
Test epoch 189, loss: 1.930395, test acc: 0.917747, test avg acc: 0.888616
Train epoch 190, loss: 1.913261, train acc: 0.950529, train avg acc: 0.922076
Test epoch 190, loss: 1.938471, test acc: 0.894246, test avg acc: 0.875634
Train epoch 191, loss: 1.916352, train acc: 0.946458, train avg acc: 0.916647
Test epoch 191, loss: 1.935015, test acc: 0.903160, test avg acc: 0.872163
Train epoch 192, loss: 1.916789, train acc: 0.947170, train avg acc: 0.917011
Test epoch 192, loss: 1.936275, test acc: 0.901135, test avg acc: 0.867337
Train epoch 193, loss: 1.918737, train acc: 0.946458, train avg acc: 0.917214
Test epoch 193, loss: 1.938098, test acc: 0.916532, test avg acc: 0.878203
Train epoch 194, loss: 1.921011, train acc: 0.944829, train avg acc: 0.916399
Test epoch 194, loss: 1.929375, test acc: 0.913695, test avg acc: 0.874302
Train epoch 195, loss: 1.914148, train acc: 0.948392, train avg acc: 0.918315
Test epoch 195, loss: 1.919950, test acc: 0.912885, test avg acc: 0.878558
Train epoch 196, loss: 1.914894, train acc: 0.950020, train avg acc: 0.921648
Test epoch 196, loss: 1.926955, test acc: 0.908428, test avg acc: 0.867872
Train epoch 197, loss: 1.915638, train acc: 0.945033, train avg acc: 0.918164
Test epoch 197, loss: 1.930026, test acc: 0.913290, test avg acc: 0.877250
Train epoch 198, loss: 1.912972, train acc: 0.951344, train avg acc: 0.924133
Test epoch 198, loss: 1.962987, test acc: 0.901135, test avg acc: 0.860942
Train epoch 199, loss: 1.924148, train acc: 0.944218, train avg acc: 0.911996
Test epoch 199, loss: 1.927087, test acc: 0.904781, test avg acc: 0.853919
Train epoch 200, loss: 1.909723, train acc: 0.951445, train avg acc: 0.925303
Test epoch 200, loss: 1.935689, test acc: 0.907212, test avg acc: 0.879035
Train epoch 201, loss: 1.913088, train acc: 0.950020, train avg acc: 0.921088
Test epoch 201, loss: 1.926557, test acc: 0.908023, test avg acc: 0.867762
Train epoch 202, loss: 1.916939, train acc: 0.949002, train avg acc: 0.921699
Test epoch 202, loss: 1.929309, test acc: 0.911264, test avg acc: 0.870122
Train epoch 203, loss: 1.919281, train acc: 0.947476, train avg acc: 0.918532
Test epoch 203, loss: 1.927465, test acc: 0.910454, test avg acc: 0.873267
Train epoch 204, loss: 1.906260, train acc: 0.951038, train avg acc: 0.925398
Test epoch 204, loss: 1.923108, test acc: 0.908023, test avg acc: 0.878663
Train epoch 205, loss: 1.911551, train acc: 0.951344, train avg acc: 0.920735
Test epoch 205, loss: 1.930288, test acc: 0.906402, test avg acc: 0.864797
Train epoch 206, loss: 1.914443, train acc: 0.947374, train avg acc: 0.918353
Test epoch 206, loss: 1.928386, test acc: 0.910859, test avg acc: 0.881913
Train epoch 207, loss: 1.910352, train acc: 0.953685, train avg acc: 0.930100
Test epoch 207, loss: 1.935288, test acc: 0.913695, test avg acc: 0.885087
Train epoch 208, loss: 1.913823, train acc: 0.948290, train avg acc: 0.918388
Test epoch 208, loss: 1.929942, test acc: 0.906402, test avg acc: 0.865122
Train epoch 209, loss: 1.910008, train acc: 0.952565, train avg acc: 0.926633
Test epoch 209, loss: 1.922859, test acc: 0.907618, test avg acc: 0.881715
Train epoch 210, loss: 1.904868, train acc: 0.951751, train avg acc: 0.926954
Test epoch 210, loss: 1.915952, test acc: 0.923825, test avg acc: 0.883959
Train epoch 211, loss: 1.904438, train acc: 0.952972, train avg acc: 0.928001
Test epoch 211, loss: 1.919258, test acc: 0.912075, test avg acc: 0.878035
Train epoch 212, loss: 1.911203, train acc: 0.949410, train avg acc: 0.921208
Test epoch 212, loss: 1.948206, test acc: 0.903971, test avg acc: 0.867140
Train epoch 213, loss: 1.904704, train acc: 0.954194, train avg acc: 0.929158
Test epoch 213, loss: 1.921600, test acc: 0.908833, test avg acc: 0.871122
Train epoch 214, loss: 1.905391, train acc: 0.952972, train avg acc: 0.929069
Test epoch 214, loss: 1.934843, test acc: 0.899919, test avg acc: 0.870128
Train epoch 215, loss: 1.908360, train acc: 0.952565, train avg acc: 0.926283
Test epoch 215, loss: 1.928076, test acc: 0.915721, test avg acc: 0.882331
Train epoch 216, loss: 1.906174, train acc: 0.949410, train avg acc: 0.923907
Test epoch 216, loss: 1.943778, test acc: 0.898703, test avg acc: 0.873884
Train epoch 217, loss: 1.905626, train acc: 0.953685, train avg acc: 0.930733
Test epoch 217, loss: 1.956203, test acc: 0.908428, test avg acc: 0.873680
Train epoch 218, loss: 1.901460, train acc: 0.952056, train avg acc: 0.926906
Test epoch 218, loss: 1.943673, test acc: 0.906807, test avg acc: 0.874174
Train epoch 219, loss: 1.902290, train acc: 0.953685, train avg acc: 0.927012
Test epoch 219, loss: 1.940776, test acc: 0.897893, test avg acc: 0.859058
Train epoch 220, loss: 1.902417, train acc: 0.955110, train avg acc: 0.931635
Test epoch 220, loss: 1.937159, test acc: 0.904376, test avg acc: 0.866384
Train epoch 221, loss: 1.901720, train acc: 0.954296, train avg acc: 0.931508
Test epoch 221, loss: 1.923506, test acc: 0.914911, test avg acc: 0.875047
Train epoch 222, loss: 1.903303, train acc: 0.953583, train avg acc: 0.929253
Test epoch 222, loss: 1.957649, test acc: 0.904781, test avg acc: 0.874163
Train epoch 223, loss: 1.901390, train acc: 0.954296, train avg acc: 0.930720
Test epoch 223, loss: 1.901973, test acc: 0.921394, test avg acc: 0.886285
Train epoch 224, loss: 1.907734, train acc: 0.951242, train avg acc: 0.925176
Test epoch 224, loss: 1.925520, test acc: 0.915721, test avg acc: 0.881709
Train epoch 225, loss: 1.902859, train acc: 0.951547, train avg acc: 0.925019
Test epoch 225, loss: 1.916760, test acc: 0.915721, test avg acc: 0.885831
Train epoch 226, loss: 1.905672, train acc: 0.953278, train avg acc: 0.927823
Test epoch 226, loss: 1.913354, test acc: 0.912885, test avg acc: 0.874756
Train epoch 227, loss: 1.896548, train acc: 0.958265, train avg acc: 0.935214
Test epoch 227, loss: 1.943205, test acc: 0.912480, test avg acc: 0.889203
Train epoch 228, loss: 1.900907, train acc: 0.956739, train avg acc: 0.933135
Test epoch 228, loss: 1.935489, test acc: 0.908833, test avg acc: 0.888430
Train epoch 229, loss: 1.900689, train acc: 0.952463, train avg acc: 0.926026
Test epoch 229, loss: 1.927950, test acc: 0.906402, test avg acc: 0.867134
Train epoch 230, loss: 1.894731, train acc: 0.958367, train avg acc: 0.934024
Test epoch 230, loss: 1.922233, test acc: 0.910454, test avg acc: 0.888203
Train epoch 231, loss: 1.898535, train acc: 0.956535, train avg acc: 0.932222
Test epoch 231, loss: 1.942978, test acc: 0.898298, test avg acc: 0.868744
Train epoch 232, loss: 1.902272, train acc: 0.953379, train avg acc: 0.926533
Test epoch 232, loss: 1.918313, test acc: 0.914911, test avg acc: 0.878372
Train epoch 233, loss: 1.898514, train acc: 0.954601, train avg acc: 0.929289
Test epoch 233, loss: 1.925413, test acc: 0.905997, test avg acc: 0.867459
Train epoch 234, loss: 1.892946, train acc: 0.957248, train avg acc: 0.932768
Test epoch 234, loss: 1.924915, test acc: 0.908023, test avg acc: 0.880541
Train epoch 235, loss: 1.896108, train acc: 0.956535, train avg acc: 0.931619
Test epoch 235, loss: 1.907980, test acc: 0.920989, test avg acc: 0.889506
Train epoch 236, loss: 1.895419, train acc: 0.958673, train avg acc: 0.936506
Test epoch 236, loss: 1.945707, test acc: 0.904376, test avg acc: 0.882762
Train epoch 237, loss: 1.892580, train acc: 0.960505, train avg acc: 0.939130
Test epoch 237, loss: 1.920522, test acc: 0.914506, test avg acc: 0.880831
Train epoch 238, loss: 1.900612, train acc: 0.955415, train avg acc: 0.930344
Test epoch 238, loss: 1.912607, test acc: 0.912885, test avg acc: 0.883250
Train epoch 239, loss: 1.899503, train acc: 0.957248, train avg acc: 0.936857
Test epoch 239, loss: 1.920497, test acc: 0.914100, test avg acc: 0.877337
Train epoch 240, loss: 1.900939, train acc: 0.950936, train avg acc: 0.923782
Test epoch 240, loss: 1.965785, test acc: 0.890600, test avg acc: 0.869331
Train epoch 241, loss: 1.902599, train acc: 0.955619, train avg acc: 0.929711
Test epoch 241, loss: 1.922761, test acc: 0.917747, test avg acc: 0.870924
Train epoch 242, loss: 1.889212, train acc: 0.959283, train avg acc: 0.939398
Test epoch 242, loss: 1.918595, test acc: 0.903566, test avg acc: 0.869494
Train epoch 243, loss: 1.895331, train acc: 0.958367, train avg acc: 0.936495
Test epoch 243, loss: 1.953429, test acc: 0.907212, test avg acc: 0.881198
Train epoch 244, loss: 1.887053, train acc: 0.962744, train avg acc: 0.941608
Test epoch 244, loss: 1.954682, test acc: 0.913695, test avg acc: 0.875424
Train epoch 245, loss: 1.886549, train acc: 0.963151, train avg acc: 0.941394
Test epoch 245, loss: 1.917300, test acc: 0.912480, test avg acc: 0.881826
Train epoch 246, loss: 1.895523, train acc: 0.957655, train avg acc: 0.935237
Test epoch 246, loss: 1.938996, test acc: 0.909643, test avg acc: 0.871081
Train epoch 247, loss: 1.897311, train acc: 0.955314, train avg acc: 0.930378
Test epoch 247, loss: 1.929711, test acc: 0.908833, test avg acc: 0.883616
Train epoch 248, loss: 1.889537, train acc: 0.960607, train avg acc: 0.939114
Test epoch 248, loss: 1.927233, test acc: 0.909643, test avg acc: 0.880291
Train epoch 249, loss: 1.886760, train acc: 0.959894, train avg acc: 0.936782
Test epoch 249, loss: 1.937409, test acc: 0.908428, test avg acc: 0.877250
Train epoch 250, loss: 1.891164, train acc: 0.960200, train avg acc: 0.937207
Test epoch 250, loss: 1.907834, test acc: 0.913290, test avg acc: 0.888291
Train epoch 251, loss: 1.884087, train acc: 0.961828, train avg acc: 0.940088
Test epoch 251, loss: 1.918998, test acc: 0.908023, test avg acc: 0.871547
Train epoch 252, loss: 1.888609, train acc: 0.960912, train avg acc: 0.939948
Test epoch 252, loss: 1.905865, test acc: 0.924635, test avg acc: 0.884698
Train epoch 253, loss: 1.891285, train acc: 0.960607, train avg acc: 0.940513
Test epoch 253, loss: 1.915580, test acc: 0.919368, test avg acc: 0.888163
Train epoch 254, loss: 1.885179, train acc: 0.961726, train avg acc: 0.939655
Test epoch 254, loss: 1.931240, test acc: 0.914506, test avg acc: 0.880913
Train epoch 255, loss: 1.892717, train acc: 0.957757, train avg acc: 0.934415
Test epoch 255, loss: 1.911214, test acc: 0.914506, test avg acc: 0.891285
Train epoch 256, loss: 1.887802, train acc: 0.959894, train avg acc: 0.940411
Test epoch 256, loss: 1.919403, test acc: 0.914506, test avg acc: 0.883587
Train epoch 257, loss: 1.891302, train acc: 0.959080, train avg acc: 0.938884
Test epoch 257, loss: 1.953013, test acc: 0.905186, test avg acc: 0.861919
Train epoch 258, loss: 1.889164, train acc: 0.958673, train avg acc: 0.936277
Test epoch 258, loss: 1.941916, test acc: 0.913695, test avg acc: 0.886872
Train epoch 259, loss: 1.885107, train acc: 0.961116, train avg acc: 0.937261
Test epoch 259, loss: 1.934642, test acc: 0.917342, test avg acc: 0.881500
Train epoch 260, loss: 1.888074, train acc: 0.959894, train avg acc: 0.937888
Test epoch 260, loss: 1.913180, test acc: 0.915316, test avg acc: 0.883831
Train epoch 261, loss: 1.883427, train acc: 0.962846, train avg acc: 0.940884
Test epoch 261, loss: 1.943380, test acc: 0.902350, test avg acc: 0.875634
Train epoch 262, loss: 1.886931, train acc: 0.960403, train avg acc: 0.938271
Test epoch 262, loss: 1.905956, test acc: 0.913695, test avg acc: 0.884331
Train epoch 263, loss: 1.885081, train acc: 0.962134, train avg acc: 0.941927
Test epoch 263, loss: 1.917037, test acc: 0.912885, test avg acc: 0.866000
Train epoch 264, loss: 1.882193, train acc: 0.963457, train avg acc: 0.943314
Test epoch 264, loss: 1.939697, test acc: 0.894652, test avg acc: 0.866233
Train epoch 265, loss: 1.881991, train acc: 0.964678, train avg acc: 0.941982
Test epoch 265, loss: 1.925018, test acc: 0.920583, test avg acc: 0.883756
Train epoch 266, loss: 1.886083, train acc: 0.960912, train avg acc: 0.940580
Test epoch 266, loss: 1.922431, test acc: 0.904781, test avg acc: 0.884465
Train epoch 267, loss: 1.883290, train acc: 0.961319, train avg acc: 0.939817
Test epoch 267, loss: 1.909997, test acc: 0.912480, test avg acc: 0.877703
Train epoch 268, loss: 1.886903, train acc: 0.961217, train avg acc: 0.941647
Test epoch 268, loss: 1.926741, test acc: 0.908428, test avg acc: 0.878076
Train epoch 269, loss: 1.871814, train acc: 0.967529, train avg acc: 0.948814
Test epoch 269, loss: 1.905180, test acc: 0.915316, test avg acc: 0.877872
Train epoch 270, loss: 1.882948, train acc: 0.963966, train avg acc: 0.944063
Test epoch 270, loss: 1.918094, test acc: 0.911264, test avg acc: 0.875785
Train epoch 271, loss: 1.883575, train acc: 0.962541, train avg acc: 0.944583
Test epoch 271, loss: 1.924173, test acc: 0.909238, test avg acc: 0.878419
Train epoch 272, loss: 1.879450, train acc: 0.962541, train avg acc: 0.941606
Test epoch 272, loss: 1.906204, test acc: 0.920583, test avg acc: 0.882959
Train epoch 273, loss: 1.877405, train acc: 0.964577, train avg acc: 0.944691
Test epoch 273, loss: 1.920021, test acc: 0.914506, test avg acc: 0.892762
Train epoch 274, loss: 1.875992, train acc: 0.967223, train avg acc: 0.949514
Test epoch 274, loss: 1.918885, test acc: 0.912885, test avg acc: 0.889744
Train epoch 275, loss: 1.875028, train acc: 0.964984, train avg acc: 0.945159
Test epoch 275, loss: 1.903277, test acc: 0.914506, test avg acc: 0.876000
Train epoch 276, loss: 1.872219, train acc: 0.965391, train avg acc: 0.945679
Test epoch 276, loss: 1.925932, test acc: 0.917342, test avg acc: 0.877215
Train epoch 277, loss: 1.874239, train acc: 0.965289, train avg acc: 0.946045
Test epoch 277, loss: 1.911092, test acc: 0.917747, test avg acc: 0.891703
Train epoch 278, loss: 1.877470, train acc: 0.963660, train avg acc: 0.945065
Test epoch 278, loss: 1.910260, test acc: 0.921394, test avg acc: 0.890203
Train epoch 279, loss: 1.872531, train acc: 0.965798, train avg acc: 0.945717
Test epoch 279, loss: 1.902330, test acc: 0.914911, test avg acc: 0.874785
Train epoch 280, loss: 1.871628, train acc: 0.967529, train avg acc: 0.949775
Test epoch 280, loss: 1.916136, test acc: 0.922204, test avg acc: 0.887000
Train epoch 281, loss: 1.874586, train acc: 0.966714, train avg acc: 0.947217
Test epoch 281, loss: 1.931759, test acc: 0.914100, test avg acc: 0.885041
Train epoch 282, loss: 1.869782, train acc: 0.967936, train avg acc: 0.951423
Test epoch 282, loss: 1.915060, test acc: 0.917747, test avg acc: 0.885203
Train epoch 283, loss: 1.874540, train acc: 0.963660, train avg acc: 0.944264
Test epoch 283, loss: 1.937915, test acc: 0.905592, test avg acc: 0.869826
Train epoch 284, loss: 1.865973, train acc: 0.971498, train avg acc: 0.953989
Test epoch 284, loss: 1.923129, test acc: 0.906807, test avg acc: 0.884134
Train epoch 285, loss: 1.869151, train acc: 0.966612, train avg acc: 0.950384
Test epoch 285, loss: 1.904524, test acc: 0.918963, test avg acc: 0.885797
Train epoch 286, loss: 1.875075, train acc: 0.967630, train avg acc: 0.949888
Test epoch 286, loss: 1.915329, test acc: 0.915721, test avg acc: 0.887076
Train epoch 287, loss: 1.869049, train acc: 0.968546, train avg acc: 0.953000
Test epoch 287, loss: 1.941353, test acc: 0.902350, test avg acc: 0.884628
Train epoch 288, loss: 1.872656, train acc: 0.964984, train avg acc: 0.945685
Test epoch 288, loss: 1.912036, test acc: 0.912075, test avg acc: 0.869872
Train epoch 289, loss: 1.872347, train acc: 0.967529, train avg acc: 0.950536
Test epoch 289, loss: 1.902938, test acc: 0.914100, test avg acc: 0.880948
Train epoch 290, loss: 1.866815, train acc: 0.969463, train avg acc: 0.952214
Test epoch 290, loss: 1.909721, test acc: 0.914506, test avg acc: 0.880169
Train epoch 291, loss: 1.870085, train acc: 0.964984, train avg acc: 0.946217
Test epoch 291, loss: 1.896072, test acc: 0.922204, test avg acc: 0.880256
Train epoch 292, loss: 1.865365, train acc: 0.969463, train avg acc: 0.953770
Test epoch 292, loss: 1.926995, test acc: 0.906402, test avg acc: 0.886384
Train epoch 293, loss: 1.864512, train acc: 0.971397, train avg acc: 0.956330
Test epoch 293, loss: 1.939334, test acc: 0.894246, test avg acc: 0.878843
Train epoch 294, loss: 1.862409, train acc: 0.969666, train avg acc: 0.954436
Test epoch 294, loss: 1.911235, test acc: 0.911669, test avg acc: 0.876413
Train epoch 295, loss: 1.862812, train acc: 0.972313, train avg acc: 0.956287
Test epoch 295, loss: 1.912387, test acc: 0.914911, test avg acc: 0.883703
Train epoch 296, loss: 1.866169, train acc: 0.968648, train avg acc: 0.950125
Test epoch 296, loss: 1.898824, test acc: 0.920178, test avg acc: 0.885523
Train epoch 297, loss: 1.858902, train acc: 0.970277, train avg acc: 0.956121
Test epoch 297, loss: 1.922528, test acc: 0.918558, test avg acc: 0.891953
Train epoch 298, loss: 1.864376, train acc: 0.972516, train avg acc: 0.959052
Test epoch 298, loss: 1.918447, test acc: 0.918558, test avg acc: 0.901953
Train epoch 299, loss: 1.863822, train acc: 0.968037, train avg acc: 0.951037
Test epoch 299, loss: 1.909638, test acc: 0.911264, test avg acc: 0.881413
Train epoch 300, loss: 1.864855, train acc: 0.968139, train avg acc: 0.949889
Test epoch 300, loss: 1.898898, test acc: 0.922204, test avg acc: 0.891500
Train epoch 301, loss: 1.862506, train acc: 0.969768, train avg acc: 0.951959
Test epoch 301, loss: 1.925790, test acc: 0.905592, test avg acc: 0.883744
Train epoch 302, loss: 1.856305, train acc: 0.972313, train avg acc: 0.956781
Test epoch 302, loss: 1.905144, test acc: 0.916937, test avg acc: 0.894250
Train epoch 303, loss: 1.864798, train acc: 0.968852, train avg acc: 0.953080
Test epoch 303, loss: 1.899400, test acc: 0.927066, test avg acc: 0.891285
Train epoch 304, loss: 1.861323, train acc: 0.969157, train avg acc: 0.952145
Test epoch 304, loss: 1.933118, test acc: 0.905997, test avg acc: 0.874628
Train epoch 305, loss: 1.858503, train acc: 0.971804, train avg acc: 0.958622
Test epoch 305, loss: 1.905241, test acc: 0.917342, test avg acc: 0.886622
Train epoch 306, loss: 1.859728, train acc: 0.971193, train avg acc: 0.956270
Test epoch 306, loss: 1.902251, test acc: 0.916532, test avg acc: 0.875907
Train epoch 307, loss: 1.861543, train acc: 0.970480, train avg acc: 0.955168
Test epoch 307, loss: 1.906281, test acc: 0.923420, test avg acc: 0.883506
Train epoch 308, loss: 1.864546, train acc: 0.969768, train avg acc: 0.953270
Test epoch 308, loss: 1.915318, test acc: 0.906402, test avg acc: 0.873500
Train epoch 309, loss: 1.857657, train acc: 0.973025, train avg acc: 0.960211
Test epoch 309, loss: 1.899830, test acc: 0.916126, test avg acc: 0.887372
Train epoch 310, loss: 1.863065, train acc: 0.970582, train avg acc: 0.955190
Test epoch 310, loss: 1.902619, test acc: 0.916532, test avg acc: 0.891372
Train epoch 311, loss: 1.854339, train acc: 0.974349, train avg acc: 0.960453
Test epoch 311, loss: 1.898088, test acc: 0.919368, test avg acc: 0.885576
Train epoch 312, loss: 1.852085, train acc: 0.975163, train avg acc: 0.960974
Test epoch 312, loss: 1.905453, test acc: 0.913695, test avg acc: 0.885663
Train epoch 313, loss: 1.859632, train acc: 0.972720, train avg acc: 0.957012
Test epoch 313, loss: 1.895388, test acc: 0.922204, test avg acc: 0.888122
Train epoch 314, loss: 1.852106, train acc: 0.974349, train avg acc: 0.960917
Test epoch 314, loss: 1.910241, test acc: 0.909643, test avg acc: 0.875041
Train epoch 315, loss: 1.856152, train acc: 0.970786, train avg acc: 0.955394
Test epoch 315, loss: 1.913822, test acc: 0.914506, test avg acc: 0.882372
Train epoch 316, loss: 1.854852, train acc: 0.973840, train avg acc: 0.959009
Test epoch 316, loss: 1.903680, test acc: 0.905997, test avg acc: 0.879140
Train epoch 317, loss: 1.854326, train acc: 0.972822, train avg acc: 0.957784
Test epoch 317, loss: 1.903281, test acc: 0.916937, test avg acc: 0.881076
Train epoch 318, loss: 1.851795, train acc: 0.976283, train avg acc: 0.964148
Test epoch 318, loss: 1.898057, test acc: 0.917342, test avg acc: 0.885203
Train epoch 319, loss: 1.855667, train acc: 0.973840, train avg acc: 0.959416
Test epoch 319, loss: 1.901511, test acc: 0.918963, test avg acc: 0.894285
Train epoch 320, loss: 1.856113, train acc: 0.971498, train avg acc: 0.956012
Test epoch 320, loss: 1.911416, test acc: 0.914506, test avg acc: 0.884593
Train epoch 321, loss: 1.853464, train acc: 0.974959, train avg acc: 0.961396
Test epoch 321, loss: 1.900846, test acc: 0.916532, test avg acc: 0.872884
Train epoch 322, loss: 1.842148, train acc: 0.980660, train avg acc: 0.969472
Test epoch 322, loss: 1.891122, test acc: 0.916937, test avg acc: 0.884831
Train epoch 323, loss: 1.848124, train acc: 0.977199, train avg acc: 0.965432
Test epoch 323, loss: 1.900429, test acc: 0.914911, test avg acc: 0.886047
Train epoch 324, loss: 1.856137, train acc: 0.973636, train avg acc: 0.958906
Test epoch 324, loss: 1.899637, test acc: 0.918963, test avg acc: 0.879122
Train epoch 325, loss: 1.849336, train acc: 0.975570, train avg acc: 0.962188
Test epoch 325, loss: 1.901774, test acc: 0.919368, test avg acc: 0.885581
Train epoch 326, loss: 1.841105, train acc: 0.979133, train avg acc: 0.968487
Test epoch 326, loss: 1.899978, test acc: 0.919773, test avg acc: 0.891006
Train epoch 327, loss: 1.842103, train acc: 0.978929, train avg acc: 0.967230
Test epoch 327, loss: 1.900151, test acc: 0.916937, test avg acc: 0.883459
Train epoch 328, loss: 1.850245, train acc: 0.973127, train avg acc: 0.959311
Test epoch 328, loss: 1.902146, test acc: 0.921394, test avg acc: 0.879494
Train epoch 329, loss: 1.845755, train acc: 0.978217, train avg acc: 0.967590
Test epoch 329, loss: 1.908173, test acc: 0.917747, test avg acc: 0.889494
Train epoch 330, loss: 1.846202, train acc: 0.977911, train avg acc: 0.966985
Test epoch 330, loss: 1.917424, test acc: 0.912480, test avg acc: 0.888500
Train epoch 331, loss: 1.847236, train acc: 0.976079, train avg acc: 0.963851
Test epoch 331, loss: 1.889836, test acc: 0.923015, test avg acc: 0.886703
Train epoch 332, loss: 1.848250, train acc: 0.975163, train avg acc: 0.963076
Test epoch 332, loss: 1.894917, test acc: 0.915316, test avg acc: 0.886622
Train epoch 333, loss: 1.842175, train acc: 0.978318, train avg acc: 0.966690
Test epoch 333, loss: 1.910407, test acc: 0.912075, test avg acc: 0.883424
Train epoch 334, loss: 1.836240, train acc: 0.981881, train avg acc: 0.971751
Test epoch 334, loss: 1.898392, test acc: 0.920178, test avg acc: 0.891029
Train epoch 335, loss: 1.844883, train acc: 0.978013, train avg acc: 0.965879
Test epoch 335, loss: 1.907445, test acc: 0.907618, test avg acc: 0.872041
Train epoch 336, loss: 1.841942, train acc: 0.979540, train avg acc: 0.968240
Test epoch 336, loss: 1.900192, test acc: 0.918558, test avg acc: 0.878994
Train epoch 337, loss: 1.838509, train acc: 0.980965, train avg acc: 0.970406
Test epoch 337, loss: 1.901368, test acc: 0.911669, test avg acc: 0.879622
Train epoch 338, loss: 1.840179, train acc: 0.978929, train avg acc: 0.966785
Test epoch 338, loss: 1.894266, test acc: 0.920178, test avg acc: 0.886116
Train epoch 339, loss: 1.843060, train acc: 0.976486, train avg acc: 0.964945
Test epoch 339, loss: 1.902097, test acc: 0.913695, test avg acc: 0.882919
Train epoch 340, loss: 1.840995, train acc: 0.978624, train avg acc: 0.966861
Test epoch 340, loss: 1.911054, test acc: 0.908428, test avg acc: 0.875081
Train epoch 341, loss: 1.839393, train acc: 0.979133, train avg acc: 0.968172
Test epoch 341, loss: 1.893833, test acc: 0.919368, test avg acc: 0.882000
Train epoch 342, loss: 1.843235, train acc: 0.976995, train avg acc: 0.963892
Test epoch 342, loss: 1.896175, test acc: 0.920178, test avg acc: 0.886076
Train epoch 343, loss: 1.840640, train acc: 0.979133, train avg acc: 0.966391
Test epoch 343, loss: 1.903360, test acc: 0.918152, test avg acc: 0.884407
Train epoch 344, loss: 1.841485, train acc: 0.980049, train avg acc: 0.969630
Test epoch 344, loss: 1.892972, test acc: 0.919773, test avg acc: 0.892826
Train epoch 345, loss: 1.839326, train acc: 0.979031, train avg acc: 0.967641
Test epoch 345, loss: 1.908274, test acc: 0.908428, test avg acc: 0.876884
Train epoch 346, loss: 1.839501, train acc: 0.980049, train avg acc: 0.969065
Test epoch 346, loss: 1.906600, test acc: 0.924230, test avg acc: 0.885831
Train epoch 347, loss: 1.831807, train acc: 0.983510, train avg acc: 0.973862
Test epoch 347, loss: 1.904010, test acc: 0.918152, test avg acc: 0.886000
Train epoch 348, loss: 1.836184, train acc: 0.980660, train avg acc: 0.969880
Test epoch 348, loss: 1.913750, test acc: 0.912480, test avg acc: 0.878169
Train epoch 349, loss: 1.837355, train acc: 0.980761, train avg acc: 0.969154
Test epoch 349, loss: 1.905704, test acc: 0.913290, test avg acc: 0.893128
Train epoch 350, loss: 1.834669, train acc: 0.981983, train avg acc: 0.973085
Test epoch 350, loss: 1.894846, test acc: 0.920178, test avg acc: 0.896831
Train epoch 351, loss: 1.831786, train acc: 0.981474, train avg acc: 0.971964
Test epoch 351, loss: 1.906404, test acc: 0.910859, test avg acc: 0.887663
Train epoch 352, loss: 1.840658, train acc: 0.978013, train avg acc: 0.966098
Test epoch 352, loss: 1.904408, test acc: 0.914506, test avg acc: 0.883262
Train epoch 353, loss: 1.831808, train acc: 0.981678, train avg acc: 0.973365
Test epoch 353, loss: 1.905646, test acc: 0.915316, test avg acc: 0.890657
Train epoch 354, loss: 1.833575, train acc: 0.980558, train avg acc: 0.970274
Test epoch 354, loss: 1.899818, test acc: 0.912480, test avg acc: 0.881587
Train epoch 355, loss: 1.828934, train acc: 0.984731, train avg acc: 0.976627
Test epoch 355, loss: 1.889340, test acc: 0.920583, test avg acc: 0.883198
Train epoch 356, loss: 1.833584, train acc: 0.981474, train avg acc: 0.971309
Test epoch 356, loss: 1.896982, test acc: 0.914506, test avg acc: 0.880291
Train epoch 357, loss: 1.832441, train acc: 0.981678, train avg acc: 0.971895
Test epoch 357, loss: 1.891451, test acc: 0.912075, test avg acc: 0.872372
Train epoch 358, loss: 1.835123, train acc: 0.978827, train avg acc: 0.967484
Test epoch 358, loss: 1.918947, test acc: 0.906402, test avg acc: 0.876163
Train epoch 359, loss: 1.827415, train acc: 0.983917, train avg acc: 0.975972
Test epoch 359, loss: 1.889668, test acc: 0.918558, test avg acc: 0.886506
Train epoch 360, loss: 1.828324, train acc: 0.984324, train avg acc: 0.975857
Test epoch 360, loss: 1.885478, test acc: 0.923420, test avg acc: 0.886291
Train epoch 361, loss: 1.831349, train acc: 0.982797, train avg acc: 0.975669
Test epoch 361, loss: 1.902248, test acc: 0.916937, test avg acc: 0.882407
Train epoch 362, loss: 1.833194, train acc: 0.982899, train avg acc: 0.973669
Test epoch 362, loss: 1.891375, test acc: 0.917747, test avg acc: 0.886116
Train epoch 363, loss: 1.833180, train acc: 0.980456, train avg acc: 0.969725
Test epoch 363, loss: 1.898455, test acc: 0.918558, test avg acc: 0.896703
Train epoch 364, loss: 1.826146, train acc: 0.982695, train avg acc: 0.973918
Test epoch 364, loss: 1.892225, test acc: 0.920583, test avg acc: 0.885291
Train epoch 365, loss: 1.822642, train acc: 0.985342, train avg acc: 0.977135
Test epoch 365, loss: 1.891359, test acc: 0.918963, test avg acc: 0.890128
Train epoch 366, loss: 1.825557, train acc: 0.984121, train avg acc: 0.976262
Test epoch 366, loss: 1.888671, test acc: 0.922609, test avg acc: 0.892250
Train epoch 367, loss: 1.826662, train acc: 0.983306, train avg acc: 0.974271
Test epoch 367, loss: 1.892248, test acc: 0.922204, test avg acc: 0.896244
Train epoch 368, loss: 1.825986, train acc: 0.985138, train avg acc: 0.977456
Test epoch 368, loss: 1.886859, test acc: 0.921799, test avg acc: 0.881035
Train epoch 369, loss: 1.826435, train acc: 0.983001, train avg acc: 0.973856
Test epoch 369, loss: 1.911360, test acc: 0.912885, test avg acc: 0.880331
Train epoch 370, loss: 1.823345, train acc: 0.985240, train avg acc: 0.976986
Test epoch 370, loss: 1.891961, test acc: 0.920989, test avg acc: 0.888291
Train epoch 371, loss: 1.823962, train acc: 0.986258, train avg acc: 0.977977
Test epoch 371, loss: 1.886975, test acc: 0.922204, test avg acc: 0.886285
Train epoch 372, loss: 1.825004, train acc: 0.983408, train avg acc: 0.974774
Test epoch 372, loss: 1.893695, test acc: 0.920583, test avg acc: 0.891041
Train epoch 373, loss: 1.819530, train acc: 0.984935, train avg acc: 0.977113
Test epoch 373, loss: 1.897873, test acc: 0.916937, test avg acc: 0.885953
Train epoch 374, loss: 1.827601, train acc: 0.980761, train avg acc: 0.969732
Test epoch 374, loss: 1.897875, test acc: 0.919773, test avg acc: 0.894663
Train epoch 375, loss: 1.822618, train acc: 0.984019, train avg acc: 0.974654
Test epoch 375, loss: 1.883565, test acc: 0.920178, test avg acc: 0.882831
Train epoch 376, loss: 1.821673, train acc: 0.985138, train avg acc: 0.978360
Test epoch 376, loss: 1.912213, test acc: 0.912480, test avg acc: 0.890628
Train epoch 377, loss: 1.820958, train acc: 0.985342, train avg acc: 0.978685
Test epoch 377, loss: 1.891487, test acc: 0.917747, test avg acc: 0.885965
Train epoch 378, loss: 1.823041, train acc: 0.985546, train avg acc: 0.978078
Test epoch 378, loss: 1.885989, test acc: 0.928687, test avg acc: 0.895122
Train epoch 379, loss: 1.818515, train acc: 0.987989, train avg acc: 0.980950
Test epoch 379, loss: 1.893505, test acc: 0.917342, test avg acc: 0.882837
Train epoch 380, loss: 1.822052, train acc: 0.983306, train avg acc: 0.974804
Test epoch 380, loss: 1.885457, test acc: 0.923825, test avg acc: 0.898041
Train epoch 381, loss: 1.818179, train acc: 0.987683, train avg acc: 0.979398
Test epoch 381, loss: 1.892775, test acc: 0.918152, test avg acc: 0.892703
Train epoch 382, loss: 1.821339, train acc: 0.985647, train avg acc: 0.976650
Test epoch 382, loss: 1.891501, test acc: 0.918152, test avg acc: 0.888093
Train epoch 383, loss: 1.817550, train acc: 0.985647, train avg acc: 0.977055
Test epoch 383, loss: 1.887372, test acc: 0.925446, test avg acc: 0.893628
Train epoch 384, loss: 1.822265, train acc: 0.983408, train avg acc: 0.974406
Test epoch 384, loss: 1.880202, test acc: 0.925851, test avg acc: 0.890453
Train epoch 385, loss: 1.813972, train acc: 0.988090, train avg acc: 0.980954
Test epoch 385, loss: 1.889579, test acc: 0.919368, test avg acc: 0.893331
Train epoch 386, loss: 1.816393, train acc: 0.986564, train avg acc: 0.979613
Test epoch 386, loss: 1.891865, test acc: 0.919368, test avg acc: 0.888291
Train epoch 387, loss: 1.813534, train acc: 0.987683, train avg acc: 0.982691
Test epoch 387, loss: 1.881630, test acc: 0.922204, test avg acc: 0.890041
Train epoch 388, loss: 1.815386, train acc: 0.986869, train avg acc: 0.980158
Test epoch 388, loss: 1.885016, test acc: 0.923825, test avg acc: 0.893709
Train epoch 389, loss: 1.819691, train acc: 0.985240, train avg acc: 0.978001
Test epoch 389, loss: 1.887341, test acc: 0.918558, test avg acc: 0.888831
Train epoch 390, loss: 1.815098, train acc: 0.988294, train avg acc: 0.981534
Test epoch 390, loss: 1.888151, test acc: 0.927066, test avg acc: 0.898285
Train epoch 391, loss: 1.814114, train acc: 0.986971, train avg acc: 0.981031
Test epoch 391, loss: 1.901478, test acc: 0.912480, test avg acc: 0.885826
Train epoch 392, loss: 1.815895, train acc: 0.989617, train avg acc: 0.982781
Test epoch 392, loss: 1.902588, test acc: 0.913695, test avg acc: 0.891663
Train epoch 393, loss: 1.816632, train acc: 0.985342, train avg acc: 0.976508
Test epoch 393, loss: 1.896196, test acc: 0.913695, test avg acc: 0.881750
Train epoch 394, loss: 1.814429, train acc: 0.986564, train avg acc: 0.977905
Test epoch 394, loss: 1.890239, test acc: 0.917747, test avg acc: 0.883291
Train epoch 395, loss: 1.811187, train acc: 0.987785, train avg acc: 0.980606
Test epoch 395, loss: 1.885310, test acc: 0.915721, test avg acc: 0.879994
Train epoch 396, loss: 1.810664, train acc: 0.988396, train avg acc: 0.982972
Test epoch 396, loss: 1.879561, test acc: 0.931524, test avg acc: 0.901076
Train epoch 397, loss: 1.809464, train acc: 0.989007, train avg acc: 0.984549
Test epoch 397, loss: 1.880547, test acc: 0.927066, test avg acc: 0.893366
Train epoch 398, loss: 1.809127, train acc: 0.989210, train avg acc: 0.983148
Test epoch 398, loss: 1.886024, test acc: 0.921799, test avg acc: 0.891953
Train epoch 399, loss: 1.810152, train acc: 0.989312, train avg acc: 0.982406
Test epoch 399, loss: 1.881901, test acc: 0.925041, test avg acc: 0.892116
Train epoch 400, loss: 1.810039, train acc: 0.990839, train avg acc: 0.985358
Test epoch 400, loss: 1.886306, test acc: 0.922609, test avg acc: 0.895326
Train epoch 401, loss: 1.810613, train acc: 0.989210, train avg acc: 0.983980
Test epoch 401, loss: 1.893760, test acc: 0.918558, test avg acc: 0.891866
Train epoch 402, loss: 1.808861, train acc: 0.988192, train avg acc: 0.981724
Test epoch 402, loss: 1.880104, test acc: 0.928282, test avg acc: 0.897116
Train epoch 403, loss: 1.813737, train acc: 0.986258, train avg acc: 0.979038
Test epoch 403, loss: 1.886246, test acc: 0.922609, test avg acc: 0.887413
Train epoch 404, loss: 1.804320, train acc: 0.990635, train avg acc: 0.985594
Test epoch 404, loss: 1.884378, test acc: 0.921394, test avg acc: 0.888744
Train epoch 405, loss: 1.805274, train acc: 0.990737, train avg acc: 0.985562
Test epoch 405, loss: 1.884835, test acc: 0.920178, test avg acc: 0.892116
Train epoch 406, loss: 1.808516, train acc: 0.989414, train avg acc: 0.983478
Test epoch 406, loss: 1.881229, test acc: 0.925041, test avg acc: 0.891622
Train epoch 407, loss: 1.809174, train acc: 0.988294, train avg acc: 0.982628
Test epoch 407, loss: 1.883849, test acc: 0.917342, test avg acc: 0.883116
Train epoch 408, loss: 1.810066, train acc: 0.988803, train avg acc: 0.983743
Test epoch 408, loss: 1.888604, test acc: 0.923015, test avg acc: 0.894663
Train epoch 409, loss: 1.808928, train acc: 0.988294, train avg acc: 0.981556
Test epoch 409, loss: 1.894097, test acc: 0.916937, test avg acc: 0.886953
Train epoch 410, loss: 1.806782, train acc: 0.990330, train avg acc: 0.986117
Test epoch 410, loss: 1.884261, test acc: 0.921799, test avg acc: 0.889035
Train epoch 411, loss: 1.805709, train acc: 0.990432, train avg acc: 0.986136
Test epoch 411, loss: 1.891006, test acc: 0.918963, test avg acc: 0.885878
Train epoch 412, loss: 1.804986, train acc: 0.991653, train avg acc: 0.987398
Test epoch 412, loss: 1.884716, test acc: 0.918558, test avg acc: 0.889622
Train epoch 413, loss: 1.804621, train acc: 0.991348, train avg acc: 0.987134
Test epoch 413, loss: 1.893051, test acc: 0.916937, test avg acc: 0.894831
Train epoch 414, loss: 1.802758, train acc: 0.991450, train avg acc: 0.987228
Test epoch 414, loss: 1.882761, test acc: 0.922609, test avg acc: 0.895081
Train epoch 415, loss: 1.804902, train acc: 0.990330, train avg acc: 0.983746
Test epoch 415, loss: 1.885710, test acc: 0.920989, test avg acc: 0.899413
Train epoch 416, loss: 1.803703, train acc: 0.990024, train avg acc: 0.985515
Test epoch 416, loss: 1.877086, test acc: 0.923420, test avg acc: 0.894994
Train epoch 417, loss: 1.804918, train acc: 0.989312, train avg acc: 0.983321
Test epoch 417, loss: 1.887253, test acc: 0.920178, test avg acc: 0.891913
Train epoch 418, loss: 1.804792, train acc: 0.989923, train avg acc: 0.984308
Test epoch 418, loss: 1.883205, test acc: 0.924635, test avg acc: 0.896326
Train epoch 419, loss: 1.802085, train acc: 0.991144, train avg acc: 0.987016
Test epoch 419, loss: 1.883666, test acc: 0.922204, test avg acc: 0.890913
Train epoch 420, loss: 1.802512, train acc: 0.990432, train avg acc: 0.985922
Test epoch 420, loss: 1.883562, test acc: 0.923825, test avg acc: 0.897122
Train epoch 421, loss: 1.803201, train acc: 0.990126, train avg acc: 0.984479
Test epoch 421, loss: 1.890382, test acc: 0.916532, test avg acc: 0.888326
Train epoch 422, loss: 1.804226, train acc: 0.990635, train avg acc: 0.985806
Test epoch 422, loss: 1.882274, test acc: 0.925851, test avg acc: 0.894291
Train epoch 423, loss: 1.798586, train acc: 0.992875, train avg acc: 0.989516
Test epoch 423, loss: 1.888381, test acc: 0.915721, test avg acc: 0.888622
Train epoch 424, loss: 1.799214, train acc: 0.991958, train avg acc: 0.988221
Test epoch 424, loss: 1.888343, test acc: 0.918152, test avg acc: 0.890331
Train epoch 425, loss: 1.798982, train acc: 0.991144, train avg acc: 0.985702
Test epoch 425, loss: 1.883732, test acc: 0.923015, test avg acc: 0.886326
Train epoch 426, loss: 1.800869, train acc: 0.991857, train avg acc: 0.988671
Test epoch 426, loss: 1.889334, test acc: 0.916532, test avg acc: 0.882622
Train epoch 427, loss: 1.797257, train acc: 0.992467, train avg acc: 0.989526
Test epoch 427, loss: 1.882998, test acc: 0.921799, test avg acc: 0.888035
Train epoch 428, loss: 1.797884, train acc: 0.992773, train avg acc: 0.988342
Test epoch 428, loss: 1.886824, test acc: 0.916126, test avg acc: 0.886087
Train epoch 429, loss: 1.801277, train acc: 0.990228, train avg acc: 0.986206
Test epoch 429, loss: 1.881987, test acc: 0.922204, test avg acc: 0.890448
Train epoch 430, loss: 1.802031, train acc: 0.991450, train avg acc: 0.985963
Test epoch 430, loss: 1.886090, test acc: 0.920989, test avg acc: 0.895076
Train epoch 431, loss: 1.799356, train acc: 0.991958, train avg acc: 0.987471
Test epoch 431, loss: 1.889459, test acc: 0.923420, test avg acc: 0.891948
Train epoch 432, loss: 1.801526, train acc: 0.990839, train avg acc: 0.985895
Test epoch 432, loss: 1.883706, test acc: 0.921799, test avg acc: 0.890238
Train epoch 433, loss: 1.800866, train acc: 0.990330, train avg acc: 0.984346
Test epoch 433, loss: 1.884326, test acc: 0.916532, test avg acc: 0.881541
Train epoch 434, loss: 1.800843, train acc: 0.991958, train avg acc: 0.987280
Test epoch 434, loss: 1.883762, test acc: 0.925851, test avg acc: 0.896535
Train epoch 435, loss: 1.796799, train acc: 0.993994, train avg acc: 0.990890
Test epoch 435, loss: 1.885735, test acc: 0.916937, test avg acc: 0.887791
Train epoch 436, loss: 1.800812, train acc: 0.989414, train avg acc: 0.983046
Test epoch 436, loss: 1.880794, test acc: 0.926256, test avg acc: 0.896622
Train epoch 437, loss: 1.796895, train acc: 0.992875, train avg acc: 0.988909
Test epoch 437, loss: 1.880243, test acc: 0.920583, test avg acc: 0.887203
Train epoch 438, loss: 1.794322, train acc: 0.993180, train avg acc: 0.989741
Test epoch 438, loss: 1.877878, test acc: 0.925446, test avg acc: 0.896081
Train epoch 439, loss: 1.793267, train acc: 0.993180, train avg acc: 0.988714
Test epoch 439, loss: 1.877973, test acc: 0.929498, test avg acc: 0.897663
Train epoch 440, loss: 1.796543, train acc: 0.992976, train avg acc: 0.990191
Test epoch 440, loss: 1.883565, test acc: 0.921799, test avg acc: 0.893953
Train epoch 441, loss: 1.796246, train acc: 0.991755, train avg acc: 0.987701
Test epoch 441, loss: 1.878419, test acc: 0.926256, test avg acc: 0.895744
Train epoch 442, loss: 1.792029, train acc: 0.994503, train avg acc: 0.992183
Test epoch 442, loss: 1.878262, test acc: 0.922204, test avg acc: 0.888122
Train epoch 443, loss: 1.794086, train acc: 0.992875, train avg acc: 0.988471
Test epoch 443, loss: 1.883112, test acc: 0.923015, test avg acc: 0.891663
Train epoch 444, loss: 1.797555, train acc: 0.992162, train avg acc: 0.987501
Test epoch 444, loss: 1.881219, test acc: 0.925446, test avg acc: 0.898203
Train epoch 445, loss: 1.793258, train acc: 0.993384, train avg acc: 0.990442
Test epoch 445, loss: 1.885232, test acc: 0.919773, test avg acc: 0.884703
Train epoch 446, loss: 1.792598, train acc: 0.993485, train avg acc: 0.989271
Test epoch 446, loss: 1.882639, test acc: 0.925041, test avg acc: 0.897831
Train epoch 447, loss: 1.792076, train acc: 0.994096, train avg acc: 0.991044
Test epoch 447, loss: 1.877993, test acc: 0.927066, test avg acc: 0.891163
Train epoch 448, loss: 1.792418, train acc: 0.993791, train avg acc: 0.990094
Test epoch 448, loss: 1.878837, test acc: 0.926256, test avg acc: 0.894622
Train epoch 449, loss: 1.794479, train acc: 0.993078, train avg acc: 0.989663
Test epoch 449, loss: 1.877625, test acc: 0.925851, test avg acc: 0.897372
Train epoch 450, loss: 1.794395, train acc: 0.992976, train avg acc: 0.988989
Test epoch 450, loss: 1.879214, test acc: 0.930308, test avg acc: 0.898448
Train epoch 451, loss: 1.794794, train acc: 0.992060, train avg acc: 0.988874
Test epoch 451, loss: 1.878612, test acc: 0.924635, test avg acc: 0.895663
Train epoch 452, loss: 1.792422, train acc: 0.993893, train avg acc: 0.990091
Test epoch 452, loss: 1.880445, test acc: 0.923825, test avg acc: 0.890366
Train epoch 453, loss: 1.791930, train acc: 0.994300, train avg acc: 0.991809
Test epoch 453, loss: 1.884412, test acc: 0.921799, test avg acc: 0.888953
Train epoch 454, loss: 1.790366, train acc: 0.993893, train avg acc: 0.990837
Test epoch 454, loss: 1.878066, test acc: 0.926661, test avg acc: 0.901826
Train epoch 455, loss: 1.792037, train acc: 0.993384, train avg acc: 0.989731
Test epoch 455, loss: 1.880235, test acc: 0.921799, test avg acc: 0.892750
Train epoch 456, loss: 1.792668, train acc: 0.992773, train avg acc: 0.988916
Test epoch 456, loss: 1.884271, test acc: 0.918152, test avg acc: 0.890326
Train epoch 457, loss: 1.789731, train acc: 0.994809, train avg acc: 0.992475
Test epoch 457, loss: 1.877038, test acc: 0.924635, test avg acc: 0.892622
Train epoch 458, loss: 1.791481, train acc: 0.993994, train avg acc: 0.990382
Test epoch 458, loss: 1.880368, test acc: 0.925041, test avg acc: 0.889994
Train epoch 459, loss: 1.792204, train acc: 0.992875, train avg acc: 0.988516
Test epoch 459, loss: 1.876436, test acc: 0.927472, test avg acc: 0.892203
Train epoch 460, loss: 1.791472, train acc: 0.992773, train avg acc: 0.989564
Test epoch 460, loss: 1.876940, test acc: 0.925446, test avg acc: 0.893407
Train epoch 461, loss: 1.789863, train acc: 0.995114, train avg acc: 0.992010
Test epoch 461, loss: 1.880541, test acc: 0.926661, test avg acc: 0.896994
Train epoch 462, loss: 1.788400, train acc: 0.994300, train avg acc: 0.991052
Test epoch 462, loss: 1.878163, test acc: 0.926661, test avg acc: 0.896157
Train epoch 463, loss: 1.790244, train acc: 0.994096, train avg acc: 0.991352
Test epoch 463, loss: 1.881512, test acc: 0.923015, test avg acc: 0.890907
Train epoch 464, loss: 1.790737, train acc: 0.993893, train avg acc: 0.991182
Test epoch 464, loss: 1.880391, test acc: 0.923825, test avg acc: 0.894076
Train epoch 465, loss: 1.787917, train acc: 0.994198, train avg acc: 0.991832
Test epoch 465, loss: 1.880781, test acc: 0.922204, test avg acc: 0.892953
Train epoch 466, loss: 1.790602, train acc: 0.994096, train avg acc: 0.990198
Test epoch 466, loss: 1.879798, test acc: 0.925041, test avg acc: 0.897994
Train epoch 467, loss: 1.788569, train acc: 0.994809, train avg acc: 0.991387
Test epoch 467, loss: 1.882745, test acc: 0.925041, test avg acc: 0.894076
Train epoch 468, loss: 1.788435, train acc: 0.995623, train avg acc: 0.993060
Test epoch 468, loss: 1.878892, test acc: 0.924230, test avg acc: 0.892616
Train epoch 469, loss: 1.790852, train acc: 0.993282, train avg acc: 0.989572
Test epoch 469, loss: 1.879973, test acc: 0.925041, test avg acc: 0.895035
Train epoch 470, loss: 1.789730, train acc: 0.994809, train avg acc: 0.991854
Test epoch 470, loss: 1.882869, test acc: 0.926256, test avg acc: 0.897703
Train epoch 471, loss: 1.790065, train acc: 0.994300, train avg acc: 0.992609
Test epoch 471, loss: 1.880404, test acc: 0.925446, test avg acc: 0.895203
Train epoch 472, loss: 1.788931, train acc: 0.993689, train avg acc: 0.990980
Test epoch 472, loss: 1.882193, test acc: 0.927066, test avg acc: 0.904326
Train epoch 473, loss: 1.785485, train acc: 0.995623, train avg acc: 0.993255
Test epoch 473, loss: 1.878991, test acc: 0.924230, test avg acc: 0.892372
Train epoch 474, loss: 1.787897, train acc: 0.995419, train avg acc: 0.992824
Test epoch 474, loss: 1.878970, test acc: 0.924230, test avg acc: 0.889535
Train epoch 475, loss: 1.789166, train acc: 0.995114, train avg acc: 0.991724
Test epoch 475, loss: 1.877160, test acc: 0.928687, test avg acc: 0.899244
Train epoch 476, loss: 1.791376, train acc: 0.993893, train avg acc: 0.991717
Test epoch 476, loss: 1.880833, test acc: 0.923825, test avg acc: 0.893122
Train epoch 477, loss: 1.788429, train acc: 0.993180, train avg acc: 0.989595
Test epoch 477, loss: 1.884220, test acc: 0.922609, test avg acc: 0.892413
Train epoch 478, loss: 1.787500, train acc: 0.994300, train avg acc: 0.991666
Test epoch 478, loss: 1.880891, test acc: 0.923420, test avg acc: 0.891076
Train epoch 479, loss: 1.788333, train acc: 0.994401, train avg acc: 0.991698
Test epoch 479, loss: 1.878906, test acc: 0.926661, test avg acc: 0.895953
Train epoch 480, loss: 1.790931, train acc: 0.992875, train avg acc: 0.989181
Test epoch 480, loss: 1.880186, test acc: 0.928687, test avg acc: 0.898163
Train epoch 481, loss: 1.791114, train acc: 0.992976, train avg acc: 0.990091
Test epoch 481, loss: 1.881403, test acc: 0.925446, test avg acc: 0.898285
Train epoch 482, loss: 1.784013, train acc: 0.996743, train avg acc: 0.994890
Test epoch 482, loss: 1.880946, test acc: 0.924230, test avg acc: 0.891453
Train epoch 483, loss: 1.786522, train acc: 0.995318, train avg acc: 0.992420
Test epoch 483, loss: 1.880790, test acc: 0.924230, test avg acc: 0.894453
Train epoch 484, loss: 1.789631, train acc: 0.995012, train avg acc: 0.992708
Test epoch 484, loss: 1.878348, test acc: 0.923420, test avg acc: 0.892913
Train epoch 485, loss: 1.788325, train acc: 0.994503, train avg acc: 0.991825
Test epoch 485, loss: 1.877629, test acc: 0.926661, test avg acc: 0.899035
Train epoch 486, loss: 1.788537, train acc: 0.994401, train avg acc: 0.991324
Test epoch 486, loss: 1.879956, test acc: 0.928282, test avg acc: 0.901035
Train epoch 487, loss: 1.787034, train acc: 0.995012, train avg acc: 0.992092
Test epoch 487, loss: 1.878181, test acc: 0.925446, test avg acc: 0.896163
Train epoch 488, loss: 1.787582, train acc: 0.993587, train avg acc: 0.990776
Test epoch 488, loss: 1.882011, test acc: 0.925446, test avg acc: 0.900285
Train epoch 489, loss: 1.788951, train acc: 0.994300, train avg acc: 0.991377
Test epoch 489, loss: 1.880433, test acc: 0.924635, test avg acc: 0.897663
Train epoch 490, loss: 1.790646, train acc: 0.992976, train avg acc: 0.989506
Test epoch 490, loss: 1.880023, test acc: 0.923015, test avg acc: 0.892703
Train epoch 491, loss: 1.789247, train acc: 0.994096, train avg acc: 0.991132
Test epoch 491, loss: 1.878316, test acc: 0.926256, test avg acc: 0.897581
Train epoch 492, loss: 1.787732, train acc: 0.994707, train avg acc: 0.992028
Test epoch 492, loss: 1.879241, test acc: 0.925446, test avg acc: 0.897953
Train epoch 493, loss: 1.787595, train acc: 0.994401, train avg acc: 0.990770
Test epoch 493, loss: 1.875738, test acc: 0.928687, test avg acc: 0.901285
Train epoch 494, loss: 1.785252, train acc: 0.994198, train avg acc: 0.991442
Test epoch 494, loss: 1.878950, test acc: 0.922204, test avg acc: 0.894081
Train epoch 495, loss: 1.787607, train acc: 0.995114, train avg acc: 0.992656
Test epoch 495, loss: 1.878976, test acc: 0.922204, test avg acc: 0.895163
Train epoch 496, loss: 1.788381, train acc: 0.994300, train avg acc: 0.991013
Test epoch 496, loss: 1.879079, test acc: 0.923825, test avg acc: 0.896163
Train epoch 497, loss: 1.787443, train acc: 0.995012, train avg acc: 0.992250
Test epoch 497, loss: 1.877125, test acc: 0.926256, test avg acc: 0.897703
Train epoch 498, loss: 1.787697, train acc: 0.994910, train avg acc: 0.993235
Test epoch 498, loss: 1.879411, test acc: 0.924635, test avg acc: 0.896703
Train epoch 499, loss: 1.785672, train acc: 0.995623, train avg acc: 0.993136
Test epoch 499, loss: 1.878263, test acc: 0.926256, test avg acc: 0.897622
