Namespace(augmix_cutmix_prob=0.3, augmix_prob=0.0, batch_size=32, beta=1.0, data_path='./data/modelnet40_normal_resampled', dataset='modelnet40', dropout=0.5, emb_dims=1024, epochs=500, eval=False, exp_name='augmix_cutmix_ver_lam3_eps3e-1_prob3e-1_dgcnn_1024', jitter=False, k=20, knn=False, lr=0.001, model='dgcnn', model_path='', modelnet10=False, momentum=0.9, no_cuda=False, normal=False, nsample=512, num_points=1024, rddrop=False, rdscale=False, rot=False, rsmix_prob=0.0, seed=1, shift=False, shuffle=False, test_batch_size=16, use_sgd=True)
Using GPU : 0 from 1 devices
Train epoch 0, loss: 2.870372, train acc: 0.496234, train avg acc: 0.316978
Test epoch 0, loss: 2.494460, test acc: 0.644246, test avg acc: 0.504651
Train epoch 1, loss: 2.468077, train acc: 0.671519, train avg acc: 0.504385
Test epoch 1, loss: 2.354423, test acc: 0.709887, test avg acc: 0.577041
Train epoch 2, loss: 2.372074, train acc: 0.718037, train avg acc: 0.566719
Test epoch 2, loss: 2.257367, test acc: 0.776742, test avg acc: 0.690430
Train epoch 3, loss: 2.287050, train acc: 0.762826, train avg acc: 0.628138
Test epoch 3, loss: 2.178681, test acc: 0.814425, test avg acc: 0.716076
Train epoch 4, loss: 2.249344, train acc: 0.782675, train avg acc: 0.657182
Test epoch 4, loss: 2.116341, test acc: 0.840357, test avg acc: 0.740430
Train epoch 5, loss: 2.213991, train acc: 0.809446, train avg acc: 0.701216
Test epoch 5, loss: 2.084595, test acc: 0.849676, test avg acc: 0.755826
Train epoch 6, loss: 2.180529, train acc: 0.822272, train avg acc: 0.719792
Test epoch 6, loss: 2.088580, test acc: 0.841977, test avg acc: 0.749424
Train epoch 7, loss: 2.168963, train acc: 0.829499, train avg acc: 0.732297
Test epoch 7, loss: 2.085365, test acc: 0.858995, test avg acc: 0.813506
Train epoch 8, loss: 2.149601, train acc: 0.840187, train avg acc: 0.751668
Test epoch 8, loss: 2.073208, test acc: 0.859806, test avg acc: 0.764599
Train epoch 9, loss: 2.126460, train acc: 0.853318, train avg acc: 0.764216
Test epoch 9, loss: 2.035153, test acc: 0.887763, test avg acc: 0.812459
Train epoch 10, loss: 2.108887, train acc: 0.860037, train avg acc: 0.777042
Test epoch 10, loss: 2.036768, test acc: 0.880470, test avg acc: 0.820390
Train epoch 11, loss: 2.097249, train acc: 0.867671, train avg acc: 0.790660
Test epoch 11, loss: 2.073230, test acc: 0.858590, test avg acc: 0.797186
Train epoch 12, loss: 2.098424, train acc: 0.865228, train avg acc: 0.789250
Test epoch 12, loss: 2.068171, test acc: 0.857780, test avg acc: 0.800407
Train epoch 13, loss: 2.082324, train acc: 0.876425, train avg acc: 0.801751
Test epoch 13, loss: 2.012454, test acc: 0.890194, test avg acc: 0.832628
Train epoch 14, loss: 2.078862, train acc: 0.876221, train avg acc: 0.806249
Test epoch 14, loss: 2.051485, test acc: 0.867909, test avg acc: 0.797000
Train epoch 15, loss: 2.076869, train acc: 0.875000, train avg acc: 0.803787
Test epoch 15, loss: 2.017678, test acc: 0.874392, test avg acc: 0.823355
Train epoch 16, loss: 2.059424, train acc: 0.884568, train avg acc: 0.815967
Test epoch 16, loss: 2.019343, test acc: 0.882091, test avg acc: 0.812459
Train epoch 17, loss: 2.053714, train acc: 0.885993, train avg acc: 0.819780
Test epoch 17, loss: 2.045233, test acc: 0.871556, test avg acc: 0.808372
Train epoch 18, loss: 2.049693, train acc: 0.889047, train avg acc: 0.825665
Test epoch 18, loss: 2.019472, test acc: 0.874392, test avg acc: 0.807250
Train epoch 19, loss: 2.040499, train acc: 0.898208, train avg acc: 0.837162
Test epoch 19, loss: 2.002132, test acc: 0.880065, test avg acc: 0.845035
Train epoch 20, loss: 2.032467, train acc: 0.897700, train avg acc: 0.839414
Test epoch 20, loss: 1.993768, test acc: 0.903160, test avg acc: 0.824081
Train epoch 21, loss: 2.025245, train acc: 0.901262, train avg acc: 0.842624
Test epoch 21, loss: 1.988352, test acc: 0.897083, test avg acc: 0.842843
Train epoch 22, loss: 2.025778, train acc: 0.901771, train avg acc: 0.843157
Test epoch 22, loss: 2.024721, test acc: 0.881686, test avg acc: 0.832087
Train epoch 23, loss: 2.021871, train acc: 0.902382, train avg acc: 0.846108
Test epoch 23, loss: 1.988593, test acc: 0.896677, test avg acc: 0.834860
Train epoch 24, loss: 2.023080, train acc: 0.897496, train avg acc: 0.836600
Test epoch 24, loss: 1.997861, test acc: 0.902755, test avg acc: 0.827744
Train epoch 25, loss: 2.013769, train acc: 0.907064, train avg acc: 0.851640
Test epoch 25, loss: 1.974275, test acc: 0.899514, test avg acc: 0.834878
Train epoch 26, loss: 2.011838, train acc: 0.907879, train avg acc: 0.855799
Test epoch 26, loss: 2.041406, test acc: 0.876418, test avg acc: 0.797581
Train epoch 27, loss: 2.013084, train acc: 0.907573, train avg acc: 0.854001
Test epoch 27, loss: 2.026948, test acc: 0.888169, test avg acc: 0.815267
Train epoch 28, loss: 2.002572, train acc: 0.910932, train avg acc: 0.857749
Test epoch 28, loss: 1.975265, test acc: 0.905997, test avg acc: 0.840826
Train epoch 29, loss: 2.005565, train acc: 0.910831, train avg acc: 0.857748
Test epoch 29, loss: 1.969747, test acc: 0.901540, test avg acc: 0.861099
Train epoch 30, loss: 2.002498, train acc: 0.913681, train avg acc: 0.866191
Test epoch 30, loss: 2.055077, test acc: 0.870340, test avg acc: 0.821250
Train epoch 31, loss: 1.991591, train acc: 0.916633, train avg acc: 0.870443
Test epoch 31, loss: 1.992179, test acc: 0.897893, test avg acc: 0.864052
Train epoch 32, loss: 1.998176, train acc: 0.914292, train avg acc: 0.865339
Test epoch 32, loss: 1.987121, test acc: 0.899919, test avg acc: 0.850093
Train epoch 33, loss: 1.991285, train acc: 0.918465, train avg acc: 0.869914
Test epoch 33, loss: 1.970605, test acc: 0.905592, test avg acc: 0.852919
Train epoch 34, loss: 1.983027, train acc: 0.923351, train avg acc: 0.878643
Test epoch 34, loss: 2.015398, test acc: 0.887763, test avg acc: 0.845797
Train epoch 35, loss: 1.986311, train acc: 0.918465, train avg acc: 0.869697
Test epoch 35, loss: 1.975026, test acc: 0.896272, test avg acc: 0.853942
Train epoch 36, loss: 1.981970, train acc: 0.921722, train avg acc: 0.876166
Test epoch 36, loss: 1.972852, test acc: 0.893031, test avg acc: 0.841140
Train epoch 37, loss: 1.986785, train acc: 0.917956, train avg acc: 0.871237
Test epoch 37, loss: 1.967448, test acc: 0.899514, test avg acc: 0.852802
Train epoch 38, loss: 1.976822, train acc: 0.922740, train avg acc: 0.877017
Test epoch 38, loss: 1.982443, test acc: 0.888574, test avg acc: 0.842564
Train epoch 39, loss: 1.982446, train acc: 0.921621, train avg acc: 0.877635
Test epoch 39, loss: 2.010825, test acc: 0.885737, test avg acc: 0.844145
Train epoch 40, loss: 1.972812, train acc: 0.926812, train avg acc: 0.884243
Test epoch 40, loss: 1.966156, test acc: 0.906402, test avg acc: 0.859913
Train epoch 41, loss: 1.976115, train acc: 0.925794, train avg acc: 0.882696
Test epoch 41, loss: 2.007356, test acc: 0.871961, test avg acc: 0.838576
Train epoch 42, loss: 1.974736, train acc: 0.928950, train avg acc: 0.889792
Test epoch 42, loss: 1.981418, test acc: 0.898703, test avg acc: 0.845378
Train epoch 43, loss: 1.970725, train acc: 0.926507, train avg acc: 0.885649
Test epoch 43, loss: 2.013340, test acc: 0.891815, test avg acc: 0.843331
Train epoch 44, loss: 1.972621, train acc: 0.925081, train avg acc: 0.881658
Test epoch 44, loss: 1.996952, test acc: 0.884117, test avg acc: 0.852703
Train epoch 45, loss: 1.974554, train acc: 0.924165, train avg acc: 0.881404
Test epoch 45, loss: 1.996802, test acc: 0.899919, test avg acc: 0.848424
Train epoch 46, loss: 1.962827, train acc: 0.933428, train avg acc: 0.897749
Test epoch 46, loss: 1.991486, test acc: 0.897488, test avg acc: 0.832610
Train epoch 47, loss: 1.962265, train acc: 0.929458, train avg acc: 0.889825
Test epoch 47, loss: 1.964606, test acc: 0.906807, test avg acc: 0.866634
Train epoch 48, loss: 1.964196, train acc: 0.930680, train avg acc: 0.890829
Test epoch 48, loss: 2.012166, test acc: 0.880065, test avg acc: 0.823360
Train epoch 49, loss: 1.955180, train acc: 0.933021, train avg acc: 0.893641
Test epoch 49, loss: 1.985699, test acc: 0.881686, test avg acc: 0.844663
Train epoch 50, loss: 1.959838, train acc: 0.931698, train avg acc: 0.892656
Test epoch 50, loss: 1.969189, test acc: 0.897083, test avg acc: 0.853395
Train epoch 51, loss: 1.958704, train acc: 0.932919, train avg acc: 0.892072
Test epoch 51, loss: 1.961476, test acc: 0.901135, test avg acc: 0.861733
Train epoch 52, loss: 1.962011, train acc: 0.928848, train avg acc: 0.888846
Test epoch 52, loss: 2.008638, test acc: 0.879660, test avg acc: 0.858797
Train epoch 53, loss: 1.954574, train acc: 0.933530, train avg acc: 0.898619
Test epoch 53, loss: 1.982605, test acc: 0.900729, test avg acc: 0.854023
Train epoch 54, loss: 1.948166, train acc: 0.936584, train avg acc: 0.902163
Test epoch 54, loss: 1.956299, test acc: 0.905592, test avg acc: 0.858721
Train epoch 55, loss: 1.956276, train acc: 0.932512, train avg acc: 0.893434
Test epoch 55, loss: 2.002441, test acc: 0.905186, test avg acc: 0.858634
Train epoch 56, loss: 1.954976, train acc: 0.935159, train avg acc: 0.900056
Test epoch 56, loss: 1.943078, test acc: 0.910454, test avg acc: 0.869913
Train epoch 57, loss: 1.957075, train acc: 0.932614, train avg acc: 0.893662
Test epoch 57, loss: 1.966801, test acc: 0.899109, test avg acc: 0.861785
Train epoch 58, loss: 1.954781, train acc: 0.934752, train avg acc: 0.897483
Test epoch 58, loss: 1.969234, test acc: 0.893841, test avg acc: 0.864419
Train epoch 59, loss: 1.951863, train acc: 0.933021, train avg acc: 0.894727
Test epoch 59, loss: 2.005867, test acc: 0.893841, test avg acc: 0.856070
Train epoch 60, loss: 1.947346, train acc: 0.940045, train avg acc: 0.906075
Test epoch 60, loss: 1.962326, test acc: 0.897488, test avg acc: 0.841907
Train epoch 61, loss: 1.942489, train acc: 0.943607, train avg acc: 0.911526
Test epoch 61, loss: 1.998928, test acc: 0.883306, test avg acc: 0.843012
Train epoch 62, loss: 1.943649, train acc: 0.942081, train avg acc: 0.909998
Test epoch 62, loss: 2.013087, test acc: 0.896677, test avg acc: 0.854506
Train epoch 63, loss: 1.947658, train acc: 0.940147, train avg acc: 0.906694
Test epoch 63, loss: 1.979997, test acc: 0.887763, test avg acc: 0.855663
Train epoch 64, loss: 1.945946, train acc: 0.938721, train avg acc: 0.902870
Test epoch 64, loss: 1.958076, test acc: 0.909238, test avg acc: 0.873756
Train epoch 65, loss: 1.944422, train acc: 0.936991, train avg acc: 0.902879
Test epoch 65, loss: 1.964164, test acc: 0.906402, test avg acc: 0.863552
Train epoch 66, loss: 1.945099, train acc: 0.937500, train avg acc: 0.899215
Test epoch 66, loss: 1.989965, test acc: 0.891410, test avg acc: 0.851471
Train epoch 67, loss: 1.946538, train acc: 0.940350, train avg acc: 0.908150
Test epoch 67, loss: 1.961904, test acc: 0.897083, test avg acc: 0.855977
Train epoch 68, loss: 1.937177, train acc: 0.942284, train avg acc: 0.908536
Test epoch 68, loss: 1.955205, test acc: 0.901945, test avg acc: 0.857453
Train epoch 69, loss: 1.943127, train acc: 0.938721, train avg acc: 0.901894
Test epoch 69, loss: 1.987511, test acc: 0.896272, test avg acc: 0.858837
Train epoch 70, loss: 1.945451, train acc: 0.939230, train avg acc: 0.906100
Test epoch 70, loss: 2.024426, test acc: 0.883712, test avg acc: 0.840192
Train epoch 71, loss: 1.936569, train acc: 0.944116, train avg acc: 0.913557
Test epoch 71, loss: 2.004852, test acc: 0.886143, test avg acc: 0.828814
Train epoch 72, loss: 1.940164, train acc: 0.944931, train avg acc: 0.911100
Test epoch 72, loss: 1.961034, test acc: 0.903566, test avg acc: 0.870134
Train epoch 73, loss: 1.936774, train acc: 0.942895, train avg acc: 0.911711
Test epoch 73, loss: 2.002178, test acc: 0.894246, test avg acc: 0.845674
Train epoch 74, loss: 1.934996, train acc: 0.943811, train avg acc: 0.911314
Test epoch 74, loss: 1.961967, test acc: 0.892220, test avg acc: 0.861000
Train epoch 75, loss: 1.931939, train acc: 0.946763, train avg acc: 0.917680
Test epoch 75, loss: 1.964028, test acc: 0.901540, test avg acc: 0.874471
Train epoch 76, loss: 1.935871, train acc: 0.944422, train avg acc: 0.911183
Test epoch 76, loss: 1.973760, test acc: 0.886143, test avg acc: 0.848041
Train epoch 77, loss: 1.936230, train acc: 0.942590, train avg acc: 0.910937
Test epoch 77, loss: 1.928063, test acc: 0.912075, test avg acc: 0.879122
Train epoch 78, loss: 1.929999, train acc: 0.947577, train avg acc: 0.918889
Test epoch 78, loss: 1.942777, test acc: 0.902350, test avg acc: 0.849302
Train epoch 79, loss: 1.929303, train acc: 0.946661, train avg acc: 0.919766
Test epoch 79, loss: 1.987473, test acc: 0.886548, test avg acc: 0.839558
Train epoch 80, loss: 1.929068, train acc: 0.946967, train avg acc: 0.916972
Test epoch 80, loss: 1.966835, test acc: 0.904781, test avg acc: 0.864616
Train epoch 81, loss: 1.931206, train acc: 0.947068, train avg acc: 0.915826
Test epoch 81, loss: 2.003020, test acc: 0.888979, test avg acc: 0.844436
Train epoch 82, loss: 1.924256, train acc: 0.946559, train avg acc: 0.915444
Test epoch 82, loss: 1.969479, test acc: 0.902350, test avg acc: 0.852727
Train epoch 83, loss: 1.930445, train acc: 0.945134, train avg acc: 0.914604
Test epoch 83, loss: 1.990036, test acc: 0.885332, test avg acc: 0.852512
Train epoch 84, loss: 1.926052, train acc: 0.950631, train avg acc: 0.921265
Test epoch 84, loss: 1.957136, test acc: 0.894652, test avg acc: 0.868593
Train epoch 85, loss: 1.930805, train acc: 0.945745, train avg acc: 0.915932
Test epoch 85, loss: 2.024564, test acc: 0.896272, test avg acc: 0.850773
Train epoch 86, loss: 1.923422, train acc: 0.949206, train avg acc: 0.923590
Test epoch 86, loss: 1.943975, test acc: 0.908428, test avg acc: 0.867494
Train epoch 87, loss: 1.925323, train acc: 0.948901, train avg acc: 0.918142
Test epoch 87, loss: 2.005842, test acc: 0.883306, test avg acc: 0.821093
Train epoch 88, loss: 1.921879, train acc: 0.949308, train avg acc: 0.919667
Test epoch 88, loss: 1.957243, test acc: 0.894652, test avg acc: 0.839384
Train epoch 89, loss: 1.924007, train acc: 0.949919, train avg acc: 0.920224
Test epoch 89, loss: 1.953650, test acc: 0.910049, test avg acc: 0.871878
Train epoch 90, loss: 1.930839, train acc: 0.946152, train avg acc: 0.915922
Test epoch 90, loss: 1.951250, test acc: 0.905592, test avg acc: 0.866215
Train epoch 91, loss: 1.923771, train acc: 0.949817, train avg acc: 0.921038
Test epoch 91, loss: 1.983164, test acc: 0.889789, test avg acc: 0.851000
Train epoch 92, loss: 1.921910, train acc: 0.953074, train avg acc: 0.925249
Test epoch 92, loss: 2.014403, test acc: 0.866694, test avg acc: 0.827279
Train epoch 93, loss: 1.921877, train acc: 0.948188, train avg acc: 0.921065
Test epoch 93, loss: 1.951666, test acc: 0.909643, test avg acc: 0.866471
Train epoch 94, loss: 1.922953, train acc: 0.949919, train avg acc: 0.921495
Test epoch 94, loss: 1.965317, test acc: 0.897488, test avg acc: 0.843669
Train epoch 95, loss: 1.924154, train acc: 0.947781, train avg acc: 0.920795
Test epoch 95, loss: 2.034406, test acc: 0.892220, test avg acc: 0.849703
Train epoch 96, loss: 1.925423, train acc: 0.946559, train avg acc: 0.918409
Test epoch 96, loss: 1.961291, test acc: 0.905592, test avg acc: 0.859267
Train epoch 97, loss: 1.917612, train acc: 0.953278, train avg acc: 0.925650
Test epoch 97, loss: 1.980970, test acc: 0.898703, test avg acc: 0.854913
Train epoch 98, loss: 1.915569, train acc: 0.954601, train avg acc: 0.928617
Test epoch 98, loss: 2.018416, test acc: 0.903566, test avg acc: 0.842843
Train epoch 99, loss: 1.918317, train acc: 0.952565, train avg acc: 0.923528
Test epoch 99, loss: 1.982901, test acc: 0.903971, test avg acc: 0.864727
Train epoch 100, loss: 1.915586, train acc: 0.952362, train avg acc: 0.925986
Test epoch 100, loss: 1.963993, test acc: 0.900729, test avg acc: 0.856581
Train epoch 101, loss: 1.912453, train acc: 0.953481, train avg acc: 0.929305
Test epoch 101, loss: 1.969287, test acc: 0.905592, test avg acc: 0.870924
Train epoch 102, loss: 1.913083, train acc: 0.955008, train avg acc: 0.928739
Test epoch 102, loss: 1.967681, test acc: 0.908023, test avg acc: 0.858122
Train epoch 103, loss: 1.915151, train acc: 0.953176, train avg acc: 0.927828
Test epoch 103, loss: 1.993775, test acc: 0.880875, test avg acc: 0.831163
Train epoch 104, loss: 1.916079, train acc: 0.952871, train avg acc: 0.925148
Test epoch 104, loss: 1.963871, test acc: 0.906807, test avg acc: 0.864250
Train epoch 105, loss: 1.915810, train acc: 0.954194, train avg acc: 0.927463
Test epoch 105, loss: 1.974832, test acc: 0.896677, test avg acc: 0.866669
Train epoch 106, loss: 1.922981, train acc: 0.949308, train avg acc: 0.919705
Test epoch 106, loss: 1.931922, test acc: 0.911669, test avg acc: 0.863616
Train epoch 107, loss: 1.911280, train acc: 0.952667, train avg acc: 0.926227
Test epoch 107, loss: 1.975642, test acc: 0.893436, test avg acc: 0.863965
Train epoch 108, loss: 1.910703, train acc: 0.953888, train avg acc: 0.925236
Test epoch 108, loss: 1.966003, test acc: 0.912885, test avg acc: 0.878552
Train epoch 109, loss: 1.910622, train acc: 0.953888, train avg acc: 0.928673
Test epoch 109, loss: 2.045139, test acc: 0.881686, test avg acc: 0.830419
Train epoch 110, loss: 1.909348, train acc: 0.957960, train avg acc: 0.933775
Test epoch 110, loss: 1.965773, test acc: 0.899109, test avg acc: 0.860715
Train epoch 111, loss: 1.915680, train acc: 0.951954, train avg acc: 0.923070
Test epoch 111, loss: 1.966038, test acc: 0.909238, test avg acc: 0.848884
Train epoch 112, loss: 1.913928, train acc: 0.952463, train avg acc: 0.923586
Test epoch 112, loss: 1.937246, test acc: 0.912885, test avg acc: 0.866203
Train epoch 113, loss: 1.908908, train acc: 0.957451, train avg acc: 0.935015
Test epoch 113, loss: 1.956748, test acc: 0.898703, test avg acc: 0.867378
Train epoch 114, loss: 1.919001, train acc: 0.948799, train avg acc: 0.921161
Test epoch 114, loss: 1.941762, test acc: 0.908428, test avg acc: 0.866244
Train epoch 115, loss: 1.905925, train acc: 0.957349, train avg acc: 0.935207
Test epoch 115, loss: 1.973743, test acc: 0.904376, test avg acc: 0.875064
Train epoch 116, loss: 1.906568, train acc: 0.956535, train avg acc: 0.932699
Test epoch 116, loss: 1.963210, test acc: 0.909643, test avg acc: 0.873634
Train epoch 117, loss: 1.906202, train acc: 0.959080, train avg acc: 0.937261
Test epoch 117, loss: 1.958638, test acc: 0.903971, test avg acc: 0.869000
Train epoch 118, loss: 1.909380, train acc: 0.956942, train avg acc: 0.931488
Test epoch 118, loss: 1.932397, test acc: 0.910454, test avg acc: 0.874663
Train epoch 119, loss: 1.905287, train acc: 0.958469, train avg acc: 0.935577
Test epoch 119, loss: 1.982660, test acc: 0.884522, test avg acc: 0.845715
Train epoch 120, loss: 1.910350, train acc: 0.954703, train avg acc: 0.926859
Test epoch 120, loss: 2.043728, test acc: 0.898298, test avg acc: 0.845483
Train epoch 121, loss: 1.899801, train acc: 0.960810, train avg acc: 0.938219
Test epoch 121, loss: 1.927597, test acc: 0.911669, test avg acc: 0.875244
Train epoch 122, loss: 1.904349, train acc: 0.957655, train avg acc: 0.935122
Test epoch 122, loss: 1.988966, test acc: 0.905592, test avg acc: 0.860884
Train epoch 123, loss: 1.907078, train acc: 0.956942, train avg acc: 0.931857
Test epoch 123, loss: 1.954053, test acc: 0.904781, test avg acc: 0.863250
Train epoch 124, loss: 1.909895, train acc: 0.957044, train avg acc: 0.931615
Test epoch 124, loss: 1.974384, test acc: 0.901540, test avg acc: 0.847297
Train epoch 125, loss: 1.901475, train acc: 0.959283, train avg acc: 0.936864
Test epoch 125, loss: 1.983791, test acc: 0.903566, test avg acc: 0.863837
Train epoch 126, loss: 1.898377, train acc: 0.961625, train avg acc: 0.938471
Test epoch 126, loss: 1.956133, test acc: 0.906807, test avg acc: 0.857843
Train epoch 127, loss: 1.903274, train acc: 0.959894, train avg acc: 0.936558
Test epoch 127, loss: 1.952184, test acc: 0.901945, test avg acc: 0.863052
Train epoch 128, loss: 1.896550, train acc: 0.963457, train avg acc: 0.942154
Test epoch 128, loss: 1.969798, test acc: 0.904376, test avg acc: 0.850012
Train epoch 129, loss: 1.896953, train acc: 0.960098, train avg acc: 0.937306
Test epoch 129, loss: 1.953991, test acc: 0.897893, test avg acc: 0.889994
Train epoch 130, loss: 1.903904, train acc: 0.957553, train avg acc: 0.932781
Test epoch 130, loss: 1.967201, test acc: 0.906807, test avg acc: 0.866331
Train epoch 131, loss: 1.898568, train acc: 0.959792, train avg acc: 0.936625
Test epoch 131, loss: 1.957377, test acc: 0.909238, test avg acc: 0.870186
Train epoch 132, loss: 1.897547, train acc: 0.960505, train avg acc: 0.937727
Test epoch 132, loss: 1.996899, test acc: 0.894652, test avg acc: 0.853401
Train epoch 133, loss: 1.897090, train acc: 0.960403, train avg acc: 0.937289
Test epoch 133, loss: 1.931819, test acc: 0.912075, test avg acc: 0.877715
Train epoch 134, loss: 1.899140, train acc: 0.959691, train avg acc: 0.934584
Test epoch 134, loss: 1.946397, test acc: 0.904781, test avg acc: 0.866244
Train epoch 135, loss: 1.892861, train acc: 0.962744, train avg acc: 0.942741
Test epoch 135, loss: 1.957400, test acc: 0.894652, test avg acc: 0.865657
Train epoch 136, loss: 1.901626, train acc: 0.958367, train avg acc: 0.933858
Test epoch 136, loss: 1.955428, test acc: 0.901135, test avg acc: 0.857076
Train epoch 137, loss: 1.885967, train acc: 0.966409, train avg acc: 0.947558
Test epoch 137, loss: 1.937674, test acc: 0.905186, test avg acc: 0.873331
Train epoch 138, loss: 1.894476, train acc: 0.961217, train avg acc: 0.938992
Test epoch 138, loss: 1.958399, test acc: 0.895867, test avg acc: 0.861291
Train epoch 139, loss: 1.895970, train acc: 0.961116, train avg acc: 0.939850
Test epoch 139, loss: 1.934409, test acc: 0.901135, test avg acc: 0.854924
Train epoch 140, loss: 1.900588, train acc: 0.960505, train avg acc: 0.937506
Test epoch 140, loss: 2.057565, test acc: 0.873582, test avg acc: 0.840500
Train epoch 141, loss: 1.902663, train acc: 0.960200, train avg acc: 0.938080
Test epoch 141, loss: 1.962393, test acc: 0.897083, test avg acc: 0.865715
Train epoch 142, loss: 1.893479, train acc: 0.960912, train avg acc: 0.940186
Test epoch 142, loss: 1.962386, test acc: 0.897083, test avg acc: 0.874250
Train epoch 143, loss: 1.881981, train acc: 0.967223, train avg acc: 0.947152
Test epoch 143, loss: 1.917215, test acc: 0.914911, test avg acc: 0.866163
Train epoch 144, loss: 1.890230, train acc: 0.963660, train avg acc: 0.943076
Test epoch 144, loss: 1.940712, test acc: 0.906402, test avg acc: 0.874750
Train epoch 145, loss: 1.896061, train acc: 0.960810, train avg acc: 0.937861
Test epoch 145, loss: 1.998832, test acc: 0.894652, test avg acc: 0.834372
Train epoch 146, loss: 1.893688, train acc: 0.961726, train avg acc: 0.937976
Test epoch 146, loss: 1.947052, test acc: 0.908428, test avg acc: 0.869407
Train epoch 147, loss: 1.898861, train acc: 0.961319, train avg acc: 0.939636
Test epoch 147, loss: 1.947347, test acc: 0.899514, test avg acc: 0.875058
Train epoch 148, loss: 1.901966, train acc: 0.958367, train avg acc: 0.934841
Test epoch 148, loss: 1.985293, test acc: 0.883306, test avg acc: 0.860424
Train epoch 149, loss: 1.897642, train acc: 0.961014, train avg acc: 0.939807
Test epoch 149, loss: 1.966879, test acc: 0.908023, test avg acc: 0.849308
Train epoch 150, loss: 1.890252, train acc: 0.964068, train avg acc: 0.943596
Test epoch 150, loss: 1.955009, test acc: 0.898703, test avg acc: 0.839134
Train epoch 151, loss: 1.891553, train acc: 0.964577, train avg acc: 0.943942
Test epoch 151, loss: 1.958348, test acc: 0.907212, test avg acc: 0.868326
Train epoch 152, loss: 1.890104, train acc: 0.964678, train avg acc: 0.946188
Test epoch 152, loss: 1.951707, test acc: 0.907212, test avg acc: 0.883302
Train epoch 153, loss: 1.882611, train acc: 0.968037, train avg acc: 0.949741
Test epoch 153, loss: 1.933048, test acc: 0.915721, test avg acc: 0.888919
Train epoch 154, loss: 1.894678, train acc: 0.960505, train avg acc: 0.937357
Test epoch 154, loss: 1.961347, test acc: 0.908023, test avg acc: 0.867285
Train epoch 155, loss: 1.891232, train acc: 0.962235, train avg acc: 0.941560
Test epoch 155, loss: 1.950583, test acc: 0.907212, test avg acc: 0.872134
Train epoch 156, loss: 1.888044, train acc: 0.964984, train avg acc: 0.944247
Test epoch 156, loss: 2.007392, test acc: 0.896272, test avg acc: 0.849959
Train epoch 157, loss: 1.889661, train acc: 0.964068, train avg acc: 0.945362
Test epoch 157, loss: 1.947020, test acc: 0.903971, test avg acc: 0.872453
Train epoch 158, loss: 1.883950, train acc: 0.966714, train avg acc: 0.949136
Test epoch 158, loss: 1.937084, test acc: 0.918558, test avg acc: 0.894744
Train epoch 159, loss: 1.885245, train acc: 0.965086, train avg acc: 0.945039
Test epoch 159, loss: 1.934262, test acc: 0.903566, test avg acc: 0.865465
Train epoch 160, loss: 1.891294, train acc: 0.959080, train avg acc: 0.935099
Test epoch 160, loss: 1.941487, test acc: 0.905186, test avg acc: 0.865541
Train epoch 161, loss: 1.890506, train acc: 0.962744, train avg acc: 0.942925
Test epoch 161, loss: 1.932971, test acc: 0.910859, test avg acc: 0.864837
Train epoch 162, loss: 1.886437, train acc: 0.966816, train avg acc: 0.948472
Test epoch 162, loss: 1.960181, test acc: 0.903971, test avg acc: 0.868971
Train epoch 163, loss: 1.886740, train acc: 0.966103, train avg acc: 0.945951
Test epoch 163, loss: 1.938021, test acc: 0.911264, test avg acc: 0.871890
Train epoch 164, loss: 1.885896, train acc: 0.965594, train avg acc: 0.947422
Test epoch 164, loss: 1.977313, test acc: 0.896272, test avg acc: 0.876965
Train epoch 165, loss: 1.882417, train acc: 0.966714, train avg acc: 0.947106
Test epoch 165, loss: 1.950462, test acc: 0.913290, test avg acc: 0.877959
Train epoch 166, loss: 1.880307, train acc: 0.966816, train avg acc: 0.945637
Test epoch 166, loss: 1.944529, test acc: 0.915721, test avg acc: 0.873744
Train epoch 167, loss: 1.882925, train acc: 0.967325, train avg acc: 0.947950
Test epoch 167, loss: 1.948727, test acc: 0.905997, test avg acc: 0.866756
Train epoch 168, loss: 1.877680, train acc: 0.969870, train avg acc: 0.953021
Test epoch 168, loss: 1.932397, test acc: 0.909238, test avg acc: 0.877244
Train epoch 169, loss: 1.876841, train acc: 0.971193, train avg acc: 0.954406
Test epoch 169, loss: 1.964404, test acc: 0.907212, test avg acc: 0.862047
Train epoch 170, loss: 1.879277, train acc: 0.969971, train avg acc: 0.955018
Test epoch 170, loss: 1.942328, test acc: 0.897893, test avg acc: 0.853494
Train epoch 171, loss: 1.881436, train acc: 0.968343, train avg acc: 0.949469
Test epoch 171, loss: 1.944570, test acc: 0.906807, test avg acc: 0.862512
Train epoch 172, loss: 1.884641, train acc: 0.964577, train avg acc: 0.944768
Test epoch 172, loss: 1.945972, test acc: 0.911669, test avg acc: 0.873372
Train epoch 173, loss: 1.882202, train acc: 0.967630, train avg acc: 0.947086
Test epoch 173, loss: 1.967235, test acc: 0.896272, test avg acc: 0.876663
Train epoch 174, loss: 1.878691, train acc: 0.969259, train avg acc: 0.951575
Test epoch 174, loss: 1.968464, test acc: 0.896272, test avg acc: 0.869052
Train epoch 175, loss: 1.881689, train acc: 0.967427, train avg acc: 0.949249
Test epoch 175, loss: 1.942290, test acc: 0.895057, test avg acc: 0.855843
Train epoch 176, loss: 1.879432, train acc: 0.970277, train avg acc: 0.951959
Test epoch 176, loss: 1.951419, test acc: 0.910454, test avg acc: 0.863837
Train epoch 177, loss: 1.875636, train acc: 0.971498, train avg acc: 0.955584
Test epoch 177, loss: 1.987884, test acc: 0.882091, test avg acc: 0.852140
Train epoch 178, loss: 1.875542, train acc: 0.969564, train avg acc: 0.952783
Test epoch 178, loss: 1.915457, test acc: 0.919773, test avg acc: 0.888169
Train epoch 179, loss: 1.876881, train acc: 0.971397, train avg acc: 0.954161
Test epoch 179, loss: 1.938501, test acc: 0.905186, test avg acc: 0.864169
Train epoch 180, loss: 1.876691, train acc: 0.969971, train avg acc: 0.952875
Test epoch 180, loss: 1.921783, test acc: 0.913695, test avg acc: 0.869378
Train epoch 181, loss: 1.879672, train acc: 0.968750, train avg acc: 0.951825
Test epoch 181, loss: 1.942767, test acc: 0.903971, test avg acc: 0.866012
Train epoch 182, loss: 1.874555, train acc: 0.971906, train avg acc: 0.955343
Test epoch 182, loss: 1.918525, test acc: 0.914506, test avg acc: 0.858163
Train epoch 183, loss: 1.881622, train acc: 0.967020, train avg acc: 0.947162
Test epoch 183, loss: 1.958887, test acc: 0.897893, test avg acc: 0.867430
Train epoch 184, loss: 1.877277, train acc: 0.968750, train avg acc: 0.949369
Test epoch 184, loss: 2.060169, test acc: 0.904781, test avg acc: 0.864593
Train epoch 185, loss: 1.873887, train acc: 0.970379, train avg acc: 0.952818
Test epoch 185, loss: 2.001709, test acc: 0.905997, test avg acc: 0.869041
Train epoch 186, loss: 1.873193, train acc: 0.973025, train avg acc: 0.958384
Test epoch 186, loss: 1.946458, test acc: 0.911264, test avg acc: 0.873471
Train epoch 187, loss: 1.879797, train acc: 0.968445, train avg acc: 0.949977
Test epoch 187, loss: 1.959524, test acc: 0.903971, test avg acc: 0.878384
Train epoch 188, loss: 1.876183, train acc: 0.969971, train avg acc: 0.954539
Test epoch 188, loss: 1.934668, test acc: 0.903566, test avg acc: 0.876634
Train epoch 189, loss: 1.874700, train acc: 0.969666, train avg acc: 0.951908
Test epoch 189, loss: 1.953307, test acc: 0.901540, test avg acc: 0.876238
Train epoch 190, loss: 1.875125, train acc: 0.969870, train avg acc: 0.952324
Test epoch 190, loss: 1.969492, test acc: 0.902350, test avg acc: 0.890378
Train epoch 191, loss: 1.873495, train acc: 0.972211, train avg acc: 0.956970
Test epoch 191, loss: 1.979373, test acc: 0.896272, test avg acc: 0.853698
Train epoch 192, loss: 1.866532, train acc: 0.974450, train avg acc: 0.960313
Test epoch 192, loss: 1.946906, test acc: 0.905997, test avg acc: 0.864384
Train epoch 193, loss: 1.869549, train acc: 0.971193, train avg acc: 0.953429
Test epoch 193, loss: 1.958080, test acc: 0.912480, test avg acc: 0.878919
Train epoch 194, loss: 1.877464, train acc: 0.967529, train avg acc: 0.945840
Test epoch 194, loss: 1.912526, test acc: 0.924230, test avg acc: 0.884000
Train epoch 195, loss: 1.866575, train acc: 0.974450, train avg acc: 0.959885
Test epoch 195, loss: 1.952248, test acc: 0.907212, test avg acc: 0.867692
Train epoch 196, loss: 1.873992, train acc: 0.968241, train avg acc: 0.948988
Test epoch 196, loss: 1.960532, test acc: 0.893436, test avg acc: 0.876907
Train epoch 197, loss: 1.870405, train acc: 0.969564, train avg acc: 0.953161
Test epoch 197, loss: 1.941539, test acc: 0.903971, test avg acc: 0.865843
Train epoch 198, loss: 1.871116, train acc: 0.970582, train avg acc: 0.952535
Test epoch 198, loss: 1.948003, test acc: 0.903160, test avg acc: 0.875541
Train epoch 199, loss: 1.875908, train acc: 0.968954, train avg acc: 0.952166
Test epoch 199, loss: 1.931291, test acc: 0.914506, test avg acc: 0.877198
Train epoch 200, loss: 1.876176, train acc: 0.968343, train avg acc: 0.950354
Test epoch 200, loss: 1.928924, test acc: 0.908833, test avg acc: 0.882378
Train epoch 201, loss: 1.870267, train acc: 0.971295, train avg acc: 0.953175
Test epoch 201, loss: 1.940478, test acc: 0.899109, test avg acc: 0.850645
Train epoch 202, loss: 1.870089, train acc: 0.972414, train avg acc: 0.954923
Test epoch 202, loss: 1.950491, test acc: 0.899514, test avg acc: 0.861797
Train epoch 203, loss: 1.874442, train acc: 0.967529, train avg acc: 0.950479
Test epoch 203, loss: 1.939539, test acc: 0.909643, test avg acc: 0.862930
Train epoch 204, loss: 1.867335, train acc: 0.973331, train avg acc: 0.958967
Test epoch 204, loss: 1.982530, test acc: 0.897083, test avg acc: 0.864203
Train epoch 205, loss: 1.865440, train acc: 0.971193, train avg acc: 0.953154
Test epoch 205, loss: 1.929448, test acc: 0.901945, test avg acc: 0.871744
Train epoch 206, loss: 1.860977, train acc: 0.976181, train avg acc: 0.963517
Test epoch 206, loss: 1.925042, test acc: 0.912885, test avg acc: 0.873994
Train epoch 207, loss: 1.865195, train acc: 0.974043, train avg acc: 0.959241
Test epoch 207, loss: 1.960641, test acc: 0.907618, test avg acc: 0.887337
Train epoch 208, loss: 1.862436, train acc: 0.976283, train avg acc: 0.962939
Test epoch 208, loss: 1.950857, test acc: 0.910049, test avg acc: 0.875994
Train epoch 209, loss: 1.861934, train acc: 0.973738, train avg acc: 0.958779
Test epoch 209, loss: 1.929107, test acc: 0.908023, test avg acc: 0.883360
Train epoch 210, loss: 1.859330, train acc: 0.976995, train avg acc: 0.964183
Test epoch 210, loss: 1.935858, test acc: 0.917342, test avg acc: 0.879622
Train epoch 211, loss: 1.869043, train acc: 0.971193, train avg acc: 0.953003
Test epoch 211, loss: 1.919590, test acc: 0.913290, test avg acc: 0.863663
Train epoch 212, loss: 1.866217, train acc: 0.973331, train avg acc: 0.957578
Test epoch 212, loss: 1.969712, test acc: 0.901945, test avg acc: 0.866669
Train epoch 213, loss: 1.868938, train acc: 0.971906, train avg acc: 0.955968
Test epoch 213, loss: 1.915879, test acc: 0.916937, test avg acc: 0.882378
Train epoch 214, loss: 1.854521, train acc: 0.978929, train avg acc: 0.967825
Test epoch 214, loss: 1.953013, test acc: 0.911264, test avg acc: 0.870971
Train epoch 215, loss: 1.861476, train acc: 0.974857, train avg acc: 0.961929
Test epoch 215, loss: 1.962602, test acc: 0.917342, test avg acc: 0.880291
Train epoch 216, loss: 1.860929, train acc: 0.975163, train avg acc: 0.958810
Test epoch 216, loss: 1.937827, test acc: 0.901135, test avg acc: 0.873419
Train epoch 217, loss: 1.851266, train acc: 0.979031, train avg acc: 0.966944
Test epoch 217, loss: 1.945234, test acc: 0.911669, test avg acc: 0.868267
Train epoch 218, loss: 1.857763, train acc: 0.976995, train avg acc: 0.965204
Test epoch 218, loss: 1.938010, test acc: 0.901540, test avg acc: 0.865715
Train epoch 219, loss: 1.864390, train acc: 0.974349, train avg acc: 0.959320
Test epoch 219, loss: 1.949197, test acc: 0.906402, test avg acc: 0.874552
Train epoch 220, loss: 1.856210, train acc: 0.976893, train avg acc: 0.962912
Test epoch 220, loss: 1.970575, test acc: 0.906402, test avg acc: 0.871081
Train epoch 221, loss: 1.858571, train acc: 0.977402, train avg acc: 0.963831
Test epoch 221, loss: 1.944632, test acc: 0.913695, test avg acc: 0.883453
Train epoch 222, loss: 1.853780, train acc: 0.979133, train avg acc: 0.968635
Test epoch 222, loss: 1.951832, test acc: 0.902350, test avg acc: 0.869669
Train epoch 223, loss: 1.865361, train acc: 0.971804, train avg acc: 0.955362
Test epoch 223, loss: 1.939236, test acc: 0.914506, test avg acc: 0.873134
Train epoch 224, loss: 1.859910, train acc: 0.975774, train avg acc: 0.962352
Test epoch 224, loss: 1.925546, test acc: 0.920583, test avg acc: 0.884703
Train epoch 225, loss: 1.856577, train acc: 0.978827, train avg acc: 0.967813
Test epoch 225, loss: 1.961719, test acc: 0.890194, test avg acc: 0.861494
Train epoch 226, loss: 1.858545, train acc: 0.978624, train avg acc: 0.965548
Test epoch 226, loss: 1.935473, test acc: 0.916126, test avg acc: 0.883872
Train epoch 227, loss: 1.859347, train acc: 0.977199, train avg acc: 0.964932
Test epoch 227, loss: 1.934271, test acc: 0.908428, test avg acc: 0.874721
Train epoch 228, loss: 1.853429, train acc: 0.977606, train avg acc: 0.965238
Test epoch 228, loss: 1.938539, test acc: 0.904376, test avg acc: 0.878331
Train epoch 229, loss: 1.855557, train acc: 0.976079, train avg acc: 0.963682
Test epoch 229, loss: 1.942299, test acc: 0.906402, test avg acc: 0.876791
Train epoch 230, loss: 1.850309, train acc: 0.980049, train avg acc: 0.968822
Test epoch 230, loss: 1.933376, test acc: 0.906807, test avg acc: 0.880366
Train epoch 231, loss: 1.849677, train acc: 0.979845, train avg acc: 0.969286
Test epoch 231, loss: 1.926088, test acc: 0.907212, test avg acc: 0.867785
Train epoch 232, loss: 1.849926, train acc: 0.980456, train avg acc: 0.968765
Test epoch 232, loss: 1.909701, test acc: 0.916937, test avg acc: 0.876581
Train epoch 233, loss: 1.850872, train acc: 0.978827, train avg acc: 0.966961
Test epoch 233, loss: 1.943320, test acc: 0.913695, test avg acc: 0.874500
Train epoch 234, loss: 1.840715, train acc: 0.984019, train avg acc: 0.974841
Test epoch 234, loss: 1.914210, test acc: 0.920178, test avg acc: 0.879831
Train epoch 235, loss: 1.852164, train acc: 0.978217, train avg acc: 0.964295
Test epoch 235, loss: 1.922876, test acc: 0.913695, test avg acc: 0.873919
Train epoch 236, loss: 1.849116, train acc: 0.979438, train avg acc: 0.966918
Test epoch 236, loss: 1.915392, test acc: 0.913695, test avg acc: 0.876500
Train epoch 237, loss: 1.850387, train acc: 0.979540, train avg acc: 0.967843
Test epoch 237, loss: 1.946758, test acc: 0.903971, test avg acc: 0.868122
Train epoch 238, loss: 1.844719, train acc: 0.983510, train avg acc: 0.973819
Test epoch 238, loss: 1.969294, test acc: 0.896272, test avg acc: 0.860709
Train epoch 239, loss: 1.845399, train acc: 0.980761, train avg acc: 0.969795
Test epoch 239, loss: 1.911843, test acc: 0.922609, test avg acc: 0.888703
Train epoch 240, loss: 1.848112, train acc: 0.982390, train avg acc: 0.972140
Test epoch 240, loss: 1.919504, test acc: 0.914911, test avg acc: 0.884459
Train epoch 241, loss: 1.844719, train acc: 0.980761, train avg acc: 0.969262
Test epoch 241, loss: 1.926236, test acc: 0.916532, test avg acc: 0.870215
Train epoch 242, loss: 1.849827, train acc: 0.978827, train avg acc: 0.965750
Test epoch 242, loss: 1.907142, test acc: 0.918963, test avg acc: 0.885750
Train epoch 243, loss: 1.843934, train acc: 0.981983, train avg acc: 0.971151
Test epoch 243, loss: 1.908871, test acc: 0.915721, test avg acc: 0.886791
Train epoch 244, loss: 1.845922, train acc: 0.981678, train avg acc: 0.971744
Test epoch 244, loss: 1.946789, test acc: 0.906402, test avg acc: 0.863366
Train epoch 245, loss: 1.851366, train acc: 0.980049, train avg acc: 0.967426
Test epoch 245, loss: 1.937462, test acc: 0.908428, test avg acc: 0.891529
Train epoch 246, loss: 1.845717, train acc: 0.981067, train avg acc: 0.969500
Test epoch 246, loss: 1.909380, test acc: 0.918963, test avg acc: 0.888006
Train epoch 247, loss: 1.838493, train acc: 0.983408, train avg acc: 0.973373
Test epoch 247, loss: 1.916248, test acc: 0.917747, test avg acc: 0.893413
Train epoch 248, loss: 1.844038, train acc: 0.982797, train avg acc: 0.972404
Test epoch 248, loss: 1.919309, test acc: 0.922204, test avg acc: 0.888628
Train epoch 249, loss: 1.842058, train acc: 0.980151, train avg acc: 0.968582
Test epoch 249, loss: 1.911526, test acc: 0.915316, test avg acc: 0.885459
Train epoch 250, loss: 1.843607, train acc: 0.983917, train avg acc: 0.973440
Test epoch 250, loss: 1.910776, test acc: 0.916126, test avg acc: 0.878547
Train epoch 251, loss: 1.840973, train acc: 0.984121, train avg acc: 0.975836
Test epoch 251, loss: 1.932668, test acc: 0.905592, test avg acc: 0.862122
Train epoch 252, loss: 1.840123, train acc: 0.983815, train avg acc: 0.974620
Test epoch 252, loss: 1.968896, test acc: 0.914911, test avg acc: 0.880872
Train epoch 253, loss: 1.847936, train acc: 0.978929, train avg acc: 0.965752
Test epoch 253, loss: 1.914204, test acc: 0.917747, test avg acc: 0.873576
Train epoch 254, loss: 1.837268, train acc: 0.984629, train avg acc: 0.975563
Test epoch 254, loss: 1.917575, test acc: 0.916532, test avg acc: 0.880703
Train epoch 255, loss: 1.847156, train acc: 0.980354, train avg acc: 0.968943
Test epoch 255, loss: 1.911790, test acc: 0.917342, test avg acc: 0.891157
Train epoch 256, loss: 1.848221, train acc: 0.980151, train avg acc: 0.969484
Test epoch 256, loss: 1.940455, test acc: 0.914100, test avg acc: 0.875378
Train epoch 257, loss: 1.845077, train acc: 0.982492, train avg acc: 0.972907
Test epoch 257, loss: 2.062880, test acc: 0.900729, test avg acc: 0.854000
Train epoch 258, loss: 1.840512, train acc: 0.982695, train avg acc: 0.971871
Test epoch 258, loss: 1.934981, test acc: 0.910859, test avg acc: 0.871785
Train epoch 259, loss: 1.838815, train acc: 0.982797, train avg acc: 0.972494
Test epoch 259, loss: 1.922921, test acc: 0.915316, test avg acc: 0.884622
Train epoch 260, loss: 1.837194, train acc: 0.985647, train avg acc: 0.979377
Test epoch 260, loss: 1.913568, test acc: 0.916532, test avg acc: 0.880448
Train epoch 261, loss: 1.839963, train acc: 0.981576, train avg acc: 0.969794
Test epoch 261, loss: 1.922932, test acc: 0.906807, test avg acc: 0.872674
Train epoch 262, loss: 1.838174, train acc: 0.983713, train avg acc: 0.974706
Test epoch 262, loss: 1.930262, test acc: 0.911264, test avg acc: 0.874587
Train epoch 263, loss: 1.839424, train acc: 0.983917, train avg acc: 0.975367
Test epoch 263, loss: 1.956809, test acc: 0.914506, test avg acc: 0.880913
Train epoch 264, loss: 1.842623, train acc: 0.981983, train avg acc: 0.971918
Test epoch 264, loss: 1.928088, test acc: 0.910859, test avg acc: 0.880791
Train epoch 265, loss: 1.845878, train acc: 0.980761, train avg acc: 0.969533
Test epoch 265, loss: 1.922084, test acc: 0.918558, test avg acc: 0.881297
Train epoch 266, loss: 1.838500, train acc: 0.985342, train avg acc: 0.976111
Test epoch 266, loss: 1.928354, test acc: 0.897893, test avg acc: 0.866453
Train epoch 267, loss: 1.841156, train acc: 0.981576, train avg acc: 0.972770
Test epoch 267, loss: 1.925997, test acc: 0.908428, test avg acc: 0.873959
Train epoch 268, loss: 1.838439, train acc: 0.984426, train avg acc: 0.975272
Test epoch 268, loss: 1.937051, test acc: 0.905186, test avg acc: 0.876035
Train epoch 269, loss: 1.833864, train acc: 0.985342, train avg acc: 0.975655
Test epoch 269, loss: 1.923677, test acc: 0.910049, test avg acc: 0.875453
Train epoch 270, loss: 1.829468, train acc: 0.986869, train avg acc: 0.978472
Test epoch 270, loss: 1.894760, test acc: 0.920178, test avg acc: 0.886453
Train epoch 271, loss: 1.829173, train acc: 0.987887, train avg acc: 0.981778
Test epoch 271, loss: 1.922673, test acc: 0.910049, test avg acc: 0.885453
Train epoch 272, loss: 1.830351, train acc: 0.986156, train avg acc: 0.976421
Test epoch 272, loss: 1.901349, test acc: 0.919368, test avg acc: 0.885709
Train epoch 273, loss: 1.835303, train acc: 0.985138, train avg acc: 0.976319
Test epoch 273, loss: 1.904107, test acc: 0.922609, test avg acc: 0.891081
Train epoch 274, loss: 1.829930, train acc: 0.987174, train avg acc: 0.978118
Test epoch 274, loss: 1.912810, test acc: 0.913290, test avg acc: 0.885081
Train epoch 275, loss: 1.828327, train acc: 0.986258, train avg acc: 0.977220
Test epoch 275, loss: 1.954326, test acc: 0.896677, test avg acc: 0.865593
Train epoch 276, loss: 1.826761, train acc: 0.988090, train avg acc: 0.982197
Test epoch 276, loss: 1.937829, test acc: 0.910049, test avg acc: 0.875657
Train epoch 277, loss: 1.830139, train acc: 0.986564, train avg acc: 0.978414
Test epoch 277, loss: 1.938916, test acc: 0.909238, test avg acc: 0.888622
Train epoch 278, loss: 1.835789, train acc: 0.984121, train avg acc: 0.975996
Test epoch 278, loss: 1.935770, test acc: 0.895867, test avg acc: 0.867500
Train epoch 279, loss: 1.834873, train acc: 0.985240, train avg acc: 0.976639
Test epoch 279, loss: 1.891623, test acc: 0.928282, test avg acc: 0.896000
Train epoch 280, loss: 1.833183, train acc: 0.985749, train avg acc: 0.976808
Test epoch 280, loss: 1.941234, test acc: 0.905186, test avg acc: 0.866041
Train epoch 281, loss: 1.829163, train acc: 0.986462, train avg acc: 0.977048
Test epoch 281, loss: 1.911899, test acc: 0.917342, test avg acc: 0.891006
Train epoch 282, loss: 1.828229, train acc: 0.987581, train avg acc: 0.981023
Test epoch 282, loss: 1.942909, test acc: 0.914100, test avg acc: 0.878198
Train epoch 283, loss: 1.825253, train acc: 0.988599, train avg acc: 0.980550
Test epoch 283, loss: 1.911731, test acc: 0.916937, test avg acc: 0.889535
Train epoch 284, loss: 1.823642, train acc: 0.989108, train avg acc: 0.981932
Test epoch 284, loss: 1.912391, test acc: 0.913695, test avg acc: 0.873669
Train epoch 285, loss: 1.824605, train acc: 0.987683, train avg acc: 0.980181
Test epoch 285, loss: 1.905991, test acc: 0.916126, test avg acc: 0.884331
Train epoch 286, loss: 1.825493, train acc: 0.988599, train avg acc: 0.981163
Test epoch 286, loss: 1.914358, test acc: 0.912885, test avg acc: 0.882494
Train epoch 287, loss: 1.830533, train acc: 0.984935, train avg acc: 0.975372
Test epoch 287, loss: 1.924168, test acc: 0.912480, test avg acc: 0.884035
Train epoch 288, loss: 1.822552, train acc: 0.988803, train avg acc: 0.982536
Test epoch 288, loss: 1.942408, test acc: 0.914506, test avg acc: 0.884372
Train epoch 289, loss: 1.828813, train acc: 0.986869, train avg acc: 0.979896
Test epoch 289, loss: 1.915535, test acc: 0.912075, test avg acc: 0.879657
Train epoch 290, loss: 1.823663, train acc: 0.987887, train avg acc: 0.980908
Test epoch 290, loss: 1.915128, test acc: 0.912075, test avg acc: 0.873831
Train epoch 291, loss: 1.827678, train acc: 0.986360, train avg acc: 0.979355
Test epoch 291, loss: 1.909114, test acc: 0.914100, test avg acc: 0.868006
Train epoch 292, loss: 1.822076, train acc: 0.989923, train avg acc: 0.983562
Test epoch 292, loss: 1.916897, test acc: 0.914506, test avg acc: 0.890738
Train epoch 293, loss: 1.827560, train acc: 0.986767, train avg acc: 0.979195
Test epoch 293, loss: 1.916865, test acc: 0.920583, test avg acc: 0.891128
Train epoch 294, loss: 1.822811, train acc: 0.989515, train avg acc: 0.983854
Test epoch 294, loss: 1.933413, test acc: 0.916532, test avg acc: 0.880000
Train epoch 295, loss: 1.826055, train acc: 0.987581, train avg acc: 0.980083
Test epoch 295, loss: 1.947741, test acc: 0.909643, test avg acc: 0.877913
Train epoch 296, loss: 1.823467, train acc: 0.988090, train avg acc: 0.981064
Test epoch 296, loss: 1.916490, test acc: 0.921799, test avg acc: 0.889587
Train epoch 297, loss: 1.824930, train acc: 0.987581, train avg acc: 0.980798
Test epoch 297, loss: 1.912246, test acc: 0.921799, test avg acc: 0.895006
Train epoch 298, loss: 1.819500, train acc: 0.987378, train avg acc: 0.980337
Test epoch 298, loss: 1.926260, test acc: 0.912480, test avg acc: 0.873256
Train epoch 299, loss: 1.825860, train acc: 0.988701, train avg acc: 0.980523
Test epoch 299, loss: 1.914878, test acc: 0.907212, test avg acc: 0.872698
Train epoch 300, loss: 1.820110, train acc: 0.989210, train avg acc: 0.983450
Test epoch 300, loss: 1.918243, test acc: 0.914506, test avg acc: 0.881128
Train epoch 301, loss: 1.822495, train acc: 0.989312, train avg acc: 0.982913
Test epoch 301, loss: 1.925496, test acc: 0.904781, test avg acc: 0.880762
Train epoch 302, loss: 1.826819, train acc: 0.986055, train avg acc: 0.979034
Test epoch 302, loss: 1.925913, test acc: 0.908428, test avg acc: 0.885797
Train epoch 303, loss: 1.820432, train acc: 0.989821, train avg acc: 0.983875
Test epoch 303, loss: 1.907566, test acc: 0.920178, test avg acc: 0.890174
Train epoch 304, loss: 1.818109, train acc: 0.990126, train avg acc: 0.984686
Test epoch 304, loss: 1.901970, test acc: 0.918152, test avg acc: 0.882291
Train epoch 305, loss: 1.820035, train acc: 0.989007, train avg acc: 0.982666
Test epoch 305, loss: 1.914565, test acc: 0.917747, test avg acc: 0.895500
Train epoch 306, loss: 1.823244, train acc: 0.986665, train avg acc: 0.978304
Test epoch 306, loss: 1.911199, test acc: 0.919773, test avg acc: 0.876500
Train epoch 307, loss: 1.826495, train acc: 0.985546, train avg acc: 0.977513
Test epoch 307, loss: 1.943284, test acc: 0.920178, test avg acc: 0.876669
Train epoch 308, loss: 1.818004, train acc: 0.990228, train avg acc: 0.984310
Test epoch 308, loss: 1.921092, test acc: 0.913290, test avg acc: 0.873448
Train epoch 309, loss: 1.817989, train acc: 0.989007, train avg acc: 0.982857
Test epoch 309, loss: 1.904267, test acc: 0.913290, test avg acc: 0.880244
Train epoch 310, loss: 1.817777, train acc: 0.989923, train avg acc: 0.984928
Test epoch 310, loss: 1.899151, test acc: 0.918963, test avg acc: 0.877866
Train epoch 311, loss: 1.815719, train acc: 0.990635, train avg acc: 0.983640
Test epoch 311, loss: 1.903178, test acc: 0.917342, test avg acc: 0.877587
Train epoch 312, loss: 1.815157, train acc: 0.990533, train avg acc: 0.984793
Test epoch 312, loss: 1.905610, test acc: 0.920989, test avg acc: 0.892878
Train epoch 313, loss: 1.809719, train acc: 0.992976, train avg acc: 0.989521
Test epoch 313, loss: 1.905754, test acc: 0.917342, test avg acc: 0.889203
Train epoch 314, loss: 1.812335, train acc: 0.992162, train avg acc: 0.986961
Test epoch 314, loss: 1.891077, test acc: 0.927066, test avg acc: 0.900535
Train epoch 315, loss: 1.816376, train acc: 0.990533, train avg acc: 0.985639
Test epoch 315, loss: 1.938685, test acc: 0.913695, test avg acc: 0.878250
Train epoch 316, loss: 1.813019, train acc: 0.990839, train avg acc: 0.984927
Test epoch 316, loss: 1.918879, test acc: 0.910859, test avg acc: 0.887919
Train epoch 317, loss: 1.816651, train acc: 0.990228, train avg acc: 0.984729
Test epoch 317, loss: 1.904585, test acc: 0.918152, test avg acc: 0.886785
Train epoch 318, loss: 1.814273, train acc: 0.992162, train avg acc: 0.988160
Test epoch 318, loss: 1.921486, test acc: 0.918963, test avg acc: 0.894994
Train epoch 319, loss: 1.811634, train acc: 0.991653, train avg acc: 0.987747
Test epoch 319, loss: 1.911186, test acc: 0.914100, test avg acc: 0.881738
Train epoch 320, loss: 1.816343, train acc: 0.990126, train avg acc: 0.984063
Test epoch 320, loss: 1.898626, test acc: 0.920989, test avg acc: 0.884331
Train epoch 321, loss: 1.815292, train acc: 0.991348, train avg acc: 0.986053
Test epoch 321, loss: 1.912914, test acc: 0.916937, test avg acc: 0.887988
Train epoch 322, loss: 1.814792, train acc: 0.989414, train avg acc: 0.983828
Test epoch 322, loss: 1.909343, test acc: 0.916126, test avg acc: 0.884663
Train epoch 323, loss: 1.811652, train acc: 0.990941, train avg acc: 0.985432
Test epoch 323, loss: 1.917056, test acc: 0.913290, test avg acc: 0.882285
Train epoch 324, loss: 1.810988, train acc: 0.993078, train avg acc: 0.988702
Test epoch 324, loss: 1.902283, test acc: 0.924635, test avg acc: 0.882948
Train epoch 325, loss: 1.806173, train acc: 0.992773, train avg acc: 0.988247
Test epoch 325, loss: 1.890934, test acc: 0.921799, test avg acc: 0.884413
Train epoch 326, loss: 1.808710, train acc: 0.992569, train avg acc: 0.988305
Test epoch 326, loss: 1.897635, test acc: 0.920583, test avg acc: 0.880785
Train epoch 327, loss: 1.806880, train acc: 0.992875, train avg acc: 0.988771
Test epoch 327, loss: 1.893084, test acc: 0.924230, test avg acc: 0.883494
Train epoch 328, loss: 1.814453, train acc: 0.989515, train avg acc: 0.984250
Test epoch 328, loss: 1.895206, test acc: 0.923420, test avg acc: 0.888860
Train epoch 329, loss: 1.807792, train acc: 0.992162, train avg acc: 0.986116
Test epoch 329, loss: 1.910203, test acc: 0.912075, test avg acc: 0.879366
Train epoch 330, loss: 1.805088, train acc: 0.993384, train avg acc: 0.989559
Test epoch 330, loss: 1.890391, test acc: 0.922204, test avg acc: 0.883494
Train epoch 331, loss: 1.808145, train acc: 0.992264, train avg acc: 0.988211
Test epoch 331, loss: 1.893670, test acc: 0.919773, test avg acc: 0.884703
Train epoch 332, loss: 1.809176, train acc: 0.991857, train avg acc: 0.986768
Test epoch 332, loss: 1.924843, test acc: 0.904376, test avg acc: 0.872663
Train epoch 333, loss: 1.805202, train acc: 0.993282, train avg acc: 0.989568
Test epoch 333, loss: 1.900440, test acc: 0.917342, test avg acc: 0.882669
Train epoch 334, loss: 1.807580, train acc: 0.992060, train avg acc: 0.988254
Test epoch 334, loss: 1.886272, test acc: 0.927472, test avg acc: 0.891703
Train epoch 335, loss: 1.809036, train acc: 0.992467, train avg acc: 0.988167
Test epoch 335, loss: 1.923515, test acc: 0.920583, test avg acc: 0.897785
Train epoch 336, loss: 1.804790, train acc: 0.993994, train avg acc: 0.990444
Test epoch 336, loss: 1.895160, test acc: 0.924635, test avg acc: 0.888041
Train epoch 337, loss: 1.802642, train acc: 0.994910, train avg acc: 0.991668
Test epoch 337, loss: 1.936224, test acc: 0.898703, test avg acc: 0.874052
Train epoch 338, loss: 1.801537, train acc: 0.994198, train avg acc: 0.990278
Test epoch 338, loss: 1.890164, test acc: 0.924635, test avg acc: 0.897581
Train epoch 339, loss: 1.803711, train acc: 0.993485, train avg acc: 0.990604
Test epoch 339, loss: 1.886004, test acc: 0.929498, test avg acc: 0.893035
Train epoch 340, loss: 1.803719, train acc: 0.993893, train avg acc: 0.990905
Test epoch 340, loss: 1.887625, test acc: 0.925041, test avg acc: 0.891738
Train epoch 341, loss: 1.802525, train acc: 0.993689, train avg acc: 0.991201
Test epoch 341, loss: 1.894903, test acc: 0.923825, test avg acc: 0.886047
Train epoch 342, loss: 1.801975, train acc: 0.993994, train avg acc: 0.991443
Test epoch 342, loss: 1.904159, test acc: 0.917747, test avg acc: 0.888953
Train epoch 343, loss: 1.804905, train acc: 0.992773, train avg acc: 0.989097
Test epoch 343, loss: 1.890185, test acc: 0.928282, test avg acc: 0.890866
Train epoch 344, loss: 1.804347, train acc: 0.993180, train avg acc: 0.989888
Test epoch 344, loss: 1.897933, test acc: 0.924230, test avg acc: 0.899238
Train epoch 345, loss: 1.802661, train acc: 0.993180, train avg acc: 0.988843
Test epoch 345, loss: 1.891408, test acc: 0.923015, test avg acc: 0.889529
Train epoch 346, loss: 1.805466, train acc: 0.991755, train avg acc: 0.987113
Test epoch 346, loss: 1.905503, test acc: 0.923015, test avg acc: 0.873279
Train epoch 347, loss: 1.801853, train acc: 0.993180, train avg acc: 0.988560
Test epoch 347, loss: 1.891131, test acc: 0.923015, test avg acc: 0.885076
Train epoch 348, loss: 1.800451, train acc: 0.994198, train avg acc: 0.990642
Test epoch 348, loss: 1.893733, test acc: 0.921394, test avg acc: 0.884326
Train epoch 349, loss: 1.802044, train acc: 0.992366, train avg acc: 0.987924
Test epoch 349, loss: 1.911402, test acc: 0.921394, test avg acc: 0.892238
Train epoch 350, loss: 1.795979, train acc: 0.994809, train avg acc: 0.991539
Test epoch 350, loss: 1.894826, test acc: 0.925446, test avg acc: 0.890198
Train epoch 351, loss: 1.804350, train acc: 0.992264, train avg acc: 0.988009
Test epoch 351, loss: 1.900267, test acc: 0.921799, test avg acc: 0.886488
Train epoch 352, loss: 1.798818, train acc: 0.994605, train avg acc: 0.990986
Test epoch 352, loss: 1.887460, test acc: 0.925851, test avg acc: 0.896116
Train epoch 353, loss: 1.799149, train acc: 0.993587, train avg acc: 0.990191
Test epoch 353, loss: 1.893359, test acc: 0.919773, test avg acc: 0.888831
Train epoch 354, loss: 1.797920, train acc: 0.994401, train avg acc: 0.991368
Test epoch 354, loss: 1.886846, test acc: 0.924635, test avg acc: 0.887366
Train epoch 355, loss: 1.794360, train acc: 0.995012, train avg acc: 0.991957
Test epoch 355, loss: 1.893910, test acc: 0.924230, test avg acc: 0.893576
Train epoch 356, loss: 1.796141, train acc: 0.995419, train avg acc: 0.992488
Test epoch 356, loss: 1.892572, test acc: 0.923825, test avg acc: 0.888988
Train epoch 357, loss: 1.796232, train acc: 0.994707, train avg acc: 0.991628
Test epoch 357, loss: 1.916839, test acc: 0.909238, test avg acc: 0.874616
Train epoch 358, loss: 1.794162, train acc: 0.995318, train avg acc: 0.993365
Test epoch 358, loss: 1.893669, test acc: 0.918152, test avg acc: 0.883035
Train epoch 359, loss: 1.795633, train acc: 0.994605, train avg acc: 0.991907
Test epoch 359, loss: 1.895783, test acc: 0.924230, test avg acc: 0.894285
Train epoch 360, loss: 1.792821, train acc: 0.996641, train avg acc: 0.994506
Test epoch 360, loss: 1.888417, test acc: 0.921394, test avg acc: 0.890081
Train epoch 361, loss: 1.796210, train acc: 0.994401, train avg acc: 0.990961
Test epoch 361, loss: 1.895981, test acc: 0.915316, test avg acc: 0.872366
Train epoch 362, loss: 1.795778, train acc: 0.995114, train avg acc: 0.992537
Test epoch 362, loss: 1.888151, test acc: 0.925041, test avg acc: 0.895157
Train epoch 363, loss: 1.792395, train acc: 0.995827, train avg acc: 0.993725
Test epoch 363, loss: 1.892297, test acc: 0.921394, test avg acc: 0.895703
Train epoch 364, loss: 1.794318, train acc: 0.994605, train avg acc: 0.991814
Test epoch 364, loss: 1.903920, test acc: 0.920583, test avg acc: 0.900285
Train epoch 365, loss: 1.795547, train acc: 0.994401, train avg acc: 0.990651
Test epoch 365, loss: 1.895368, test acc: 0.917342, test avg acc: 0.889413
Train epoch 366, loss: 1.790900, train acc: 0.995318, train avg acc: 0.992203
Test epoch 366, loss: 1.895231, test acc: 0.925446, test avg acc: 0.892657
Train epoch 367, loss: 1.794084, train acc: 0.994910, train avg acc: 0.992425
Test epoch 367, loss: 1.890830, test acc: 0.920583, test avg acc: 0.888663
Train epoch 368, loss: 1.795571, train acc: 0.994707, train avg acc: 0.991709
Test epoch 368, loss: 1.887173, test acc: 0.921394, test avg acc: 0.891576
Train epoch 369, loss: 1.791965, train acc: 0.995521, train avg acc: 0.993588
Test epoch 369, loss: 1.882685, test acc: 0.925446, test avg acc: 0.888907
Train epoch 370, loss: 1.790233, train acc: 0.995521, train avg acc: 0.993844
Test epoch 370, loss: 1.895075, test acc: 0.919773, test avg acc: 0.884953
Train epoch 371, loss: 1.792610, train acc: 0.995419, train avg acc: 0.993796
Test epoch 371, loss: 1.900287, test acc: 0.918152, test avg acc: 0.888041
Train epoch 372, loss: 1.790290, train acc: 0.995725, train avg acc: 0.993015
Test epoch 372, loss: 1.899365, test acc: 0.925041, test avg acc: 0.889616
Train epoch 373, loss: 1.792619, train acc: 0.994910, train avg acc: 0.991519
Test epoch 373, loss: 1.893386, test acc: 0.922609, test avg acc: 0.888913
Train epoch 374, loss: 1.793271, train acc: 0.995114, train avg acc: 0.992243
Test epoch 374, loss: 1.897895, test acc: 0.920989, test avg acc: 0.889657
Train epoch 375, loss: 1.790055, train acc: 0.995318, train avg acc: 0.992905
Test epoch 375, loss: 1.882743, test acc: 0.927472, test avg acc: 0.889703
Train epoch 376, loss: 1.790241, train acc: 0.995419, train avg acc: 0.993008
Test epoch 376, loss: 1.887534, test acc: 0.927066, test avg acc: 0.892663
Train epoch 377, loss: 1.791927, train acc: 0.994605, train avg acc: 0.992051
Test epoch 377, loss: 1.887703, test acc: 0.920989, test avg acc: 0.886157
Train epoch 378, loss: 1.791236, train acc: 0.994300, train avg acc: 0.991037
Test epoch 378, loss: 1.891710, test acc: 0.925041, test avg acc: 0.896331
Train epoch 379, loss: 1.787981, train acc: 0.996946, train avg acc: 0.995681
Test epoch 379, loss: 1.902995, test acc: 0.925041, test avg acc: 0.890698
Train epoch 380, loss: 1.791106, train acc: 0.994401, train avg acc: 0.990332
Test epoch 380, loss: 1.892487, test acc: 0.922609, test avg acc: 0.895785
Train epoch 381, loss: 1.788087, train acc: 0.995928, train avg acc: 0.993222
Test epoch 381, loss: 1.886491, test acc: 0.921394, test avg acc: 0.890157
Train epoch 382, loss: 1.788552, train acc: 0.996132, train avg acc: 0.993229
Test epoch 382, loss: 1.879695, test acc: 0.931524, test avg acc: 0.892826
Train epoch 383, loss: 1.790582, train acc: 0.995216, train avg acc: 0.992327
Test epoch 383, loss: 1.887949, test acc: 0.920178, test avg acc: 0.889285
Train epoch 384, loss: 1.785907, train acc: 0.996844, train avg acc: 0.994643
Test epoch 384, loss: 1.890964, test acc: 0.922609, test avg acc: 0.888616
Train epoch 385, loss: 1.783852, train acc: 0.997761, train avg acc: 0.996678
Test epoch 385, loss: 1.880402, test acc: 0.928282, test avg acc: 0.891826
Train epoch 386, loss: 1.787150, train acc: 0.996437, train avg acc: 0.994420
Test epoch 386, loss: 1.881555, test acc: 0.924230, test avg acc: 0.895157
Train epoch 387, loss: 1.790526, train acc: 0.995114, train avg acc: 0.992393
Test epoch 387, loss: 1.893539, test acc: 0.919773, test avg acc: 0.882872
Train epoch 388, loss: 1.788356, train acc: 0.995623, train avg acc: 0.993910
Test epoch 388, loss: 1.884677, test acc: 0.924635, test avg acc: 0.890116
Train epoch 389, loss: 1.787883, train acc: 0.995114, train avg acc: 0.992276
Test epoch 389, loss: 1.888334, test acc: 0.924635, test avg acc: 0.893657
Train epoch 390, loss: 1.788446, train acc: 0.994809, train avg acc: 0.992287
Test epoch 390, loss: 1.885678, test acc: 0.926661, test avg acc: 0.889744
Train epoch 391, loss: 1.783748, train acc: 0.997252, train avg acc: 0.995931
Test epoch 391, loss: 1.884695, test acc: 0.924635, test avg acc: 0.894413
Train epoch 392, loss: 1.785425, train acc: 0.995419, train avg acc: 0.992668
Test epoch 392, loss: 1.884113, test acc: 0.929092, test avg acc: 0.903035
Train epoch 393, loss: 1.785435, train acc: 0.996539, train avg acc: 0.995171
Test epoch 393, loss: 1.886465, test acc: 0.923015, test avg acc: 0.890791
Train epoch 394, loss: 1.784474, train acc: 0.996641, train avg acc: 0.994444
Test epoch 394, loss: 1.884267, test acc: 0.922609, test avg acc: 0.889448
Train epoch 395, loss: 1.781837, train acc: 0.997862, train avg acc: 0.996672
Test epoch 395, loss: 1.886162, test acc: 0.919368, test avg acc: 0.883622
Train epoch 396, loss: 1.783207, train acc: 0.997048, train avg acc: 0.995628
Test epoch 396, loss: 1.879269, test acc: 0.928687, test avg acc: 0.897785
Train epoch 397, loss: 1.784344, train acc: 0.997048, train avg acc: 0.995689
Test epoch 397, loss: 1.883181, test acc: 0.927066, test avg acc: 0.896744
Train epoch 398, loss: 1.780734, train acc: 0.997455, train avg acc: 0.996530
Test epoch 398, loss: 1.882478, test acc: 0.923420, test avg acc: 0.892744
Train epoch 399, loss: 1.783118, train acc: 0.996132, train avg acc: 0.993729
Test epoch 399, loss: 1.886081, test acc: 0.925446, test avg acc: 0.901035
Train epoch 400, loss: 1.782557, train acc: 0.997150, train avg acc: 0.996075
Test epoch 400, loss: 1.883508, test acc: 0.928282, test avg acc: 0.897698
Train epoch 401, loss: 1.785883, train acc: 0.996132, train avg acc: 0.993357
Test epoch 401, loss: 1.889426, test acc: 0.924635, test avg acc: 0.897076
Train epoch 402, loss: 1.781312, train acc: 0.997150, train avg acc: 0.995023
Test epoch 402, loss: 1.883039, test acc: 0.926661, test avg acc: 0.896826
Train epoch 403, loss: 1.781109, train acc: 0.997048, train avg acc: 0.995538
Test epoch 403, loss: 1.892146, test acc: 0.925446, test avg acc: 0.900297
Train epoch 404, loss: 1.780637, train acc: 0.996946, train avg acc: 0.995047
Test epoch 404, loss: 1.888680, test acc: 0.920989, test avg acc: 0.896744
Train epoch 405, loss: 1.781878, train acc: 0.996946, train avg acc: 0.995157
Test epoch 405, loss: 1.886352, test acc: 0.924635, test avg acc: 0.899448
Train epoch 406, loss: 1.782471, train acc: 0.996234, train avg acc: 0.994222
Test epoch 406, loss: 1.887486, test acc: 0.923015, test avg acc: 0.889576
Train epoch 407, loss: 1.782057, train acc: 0.996946, train avg acc: 0.995628
Test epoch 407, loss: 1.877408, test acc: 0.927877, test avg acc: 0.891570
Train epoch 408, loss: 1.780438, train acc: 0.997353, train avg acc: 0.996055
Test epoch 408, loss: 1.885223, test acc: 0.923420, test avg acc: 0.887576
Train epoch 409, loss: 1.780829, train acc: 0.997353, train avg acc: 0.996282
Test epoch 409, loss: 1.880525, test acc: 0.925446, test avg acc: 0.893157
Train epoch 410, loss: 1.781500, train acc: 0.997150, train avg acc: 0.995606
Test epoch 410, loss: 1.877532, test acc: 0.927472, test avg acc: 0.894360
Train epoch 411, loss: 1.780544, train acc: 0.997048, train avg acc: 0.995783
Test epoch 411, loss: 1.884281, test acc: 0.924635, test avg acc: 0.896285
Train epoch 412, loss: 1.781063, train acc: 0.997353, train avg acc: 0.995191
Test epoch 412, loss: 1.879256, test acc: 0.925851, test avg acc: 0.899791
Train epoch 413, loss: 1.781131, train acc: 0.996437, train avg acc: 0.994418
Test epoch 413, loss: 1.884146, test acc: 0.923015, test avg acc: 0.897041
Train epoch 414, loss: 1.779407, train acc: 0.997353, train avg acc: 0.996581
Test epoch 414, loss: 1.880698, test acc: 0.928687, test avg acc: 0.893657
Train epoch 415, loss: 1.782156, train acc: 0.996132, train avg acc: 0.992891
Test epoch 415, loss: 1.882915, test acc: 0.924635, test avg acc: 0.898285
Train epoch 416, loss: 1.780580, train acc: 0.996743, train avg acc: 0.994761
Test epoch 416, loss: 1.874569, test acc: 0.932739, test avg acc: 0.896779
Train epoch 417, loss: 1.778271, train acc: 0.997964, train avg acc: 0.997069
Test epoch 417, loss: 1.879133, test acc: 0.930308, test avg acc: 0.901110
Train epoch 418, loss: 1.775739, train acc: 0.998473, train avg acc: 0.997490
Test epoch 418, loss: 1.882904, test acc: 0.927066, test avg acc: 0.894029
Train epoch 419, loss: 1.776992, train acc: 0.997150, train avg acc: 0.995815
Test epoch 419, loss: 1.877268, test acc: 0.926661, test avg acc: 0.892657
Train epoch 420, loss: 1.779267, train acc: 0.996539, train avg acc: 0.995108
Test epoch 420, loss: 1.882139, test acc: 0.926256, test avg acc: 0.891116
Train epoch 421, loss: 1.778554, train acc: 0.997455, train avg acc: 0.995702
Test epoch 421, loss: 1.881168, test acc: 0.929498, test avg acc: 0.901035
Train epoch 422, loss: 1.776951, train acc: 0.997557, train avg acc: 0.996289
Test epoch 422, loss: 1.884784, test acc: 0.925041, test avg acc: 0.892285
Train epoch 423, loss: 1.776113, train acc: 0.996946, train avg acc: 0.995727
Test epoch 423, loss: 1.880005, test acc: 0.925851, test avg acc: 0.894622
Train epoch 424, loss: 1.776920, train acc: 0.997455, train avg acc: 0.995518
Test epoch 424, loss: 1.879579, test acc: 0.926661, test avg acc: 0.890203
Train epoch 425, loss: 1.778433, train acc: 0.997048, train avg acc: 0.995442
Test epoch 425, loss: 1.875357, test acc: 0.928282, test avg acc: 0.892285
Train epoch 426, loss: 1.774711, train acc: 0.997964, train avg acc: 0.996660
Test epoch 426, loss: 1.879966, test acc: 0.924230, test avg acc: 0.889453
Train epoch 427, loss: 1.775305, train acc: 0.997862, train avg acc: 0.996305
Test epoch 427, loss: 1.879513, test acc: 0.925446, test avg acc: 0.893366
Train epoch 428, loss: 1.774284, train acc: 0.997964, train avg acc: 0.997196
Test epoch 428, loss: 1.879978, test acc: 0.928282, test avg acc: 0.898948
Train epoch 429, loss: 1.776773, train acc: 0.997557, train avg acc: 0.996330
Test epoch 429, loss: 1.878794, test acc: 0.925446, test avg acc: 0.888238
Train epoch 430, loss: 1.774978, train acc: 0.998168, train avg acc: 0.997584
Test epoch 430, loss: 1.879080, test acc: 0.928687, test avg acc: 0.894860
Train epoch 431, loss: 1.774225, train acc: 0.998473, train avg acc: 0.997847
Test epoch 431, loss: 1.879147, test acc: 0.927877, test avg acc: 0.894198
Train epoch 432, loss: 1.773570, train acc: 0.998779, train avg acc: 0.997921
Test epoch 432, loss: 1.880419, test acc: 0.927066, test avg acc: 0.896070
Train epoch 433, loss: 1.773821, train acc: 0.998168, train avg acc: 0.997021
Test epoch 433, loss: 1.879925, test acc: 0.926661, test avg acc: 0.892366
Train epoch 434, loss: 1.774456, train acc: 0.998270, train avg acc: 0.997389
Test epoch 434, loss: 1.881007, test acc: 0.929092, test avg acc: 0.896116
Train epoch 435, loss: 1.774667, train acc: 0.997455, train avg acc: 0.996238
Test epoch 435, loss: 1.881218, test acc: 0.927877, test avg acc: 0.893698
Train epoch 436, loss: 1.773530, train acc: 0.998066, train avg acc: 0.997202
Test epoch 436, loss: 1.878049, test acc: 0.927877, test avg acc: 0.898488
Train epoch 437, loss: 1.774596, train acc: 0.998473, train avg acc: 0.997618
Test epoch 437, loss: 1.878182, test acc: 0.929498, test avg acc: 0.898198
Train epoch 438, loss: 1.773058, train acc: 0.997862, train avg acc: 0.996762
Test epoch 438, loss: 1.878384, test acc: 0.926661, test avg acc: 0.891988
Train epoch 439, loss: 1.773879, train acc: 0.997150, train avg acc: 0.996160
Test epoch 439, loss: 1.881781, test acc: 0.930308, test avg acc: 0.899616
Train epoch 440, loss: 1.774742, train acc: 0.998371, train avg acc: 0.997215
Test epoch 440, loss: 1.880969, test acc: 0.926661, test avg acc: 0.893535
Train epoch 441, loss: 1.773298, train acc: 0.998575, train avg acc: 0.997897
Test epoch 441, loss: 1.875332, test acc: 0.930308, test avg acc: 0.900785
Train epoch 442, loss: 1.772706, train acc: 0.998066, train avg acc: 0.997158
Test epoch 442, loss: 1.878272, test acc: 0.927472, test avg acc: 0.894198
Train epoch 443, loss: 1.772013, train acc: 0.998066, train avg acc: 0.997199
Test epoch 443, loss: 1.880439, test acc: 0.926661, test avg acc: 0.894994
Train epoch 444, loss: 1.772279, train acc: 0.998473, train avg acc: 0.997503
Test epoch 444, loss: 1.877802, test acc: 0.928282, test avg acc: 0.894576
Train epoch 445, loss: 1.770541, train acc: 0.998982, train avg acc: 0.998335
Test epoch 445, loss: 1.877684, test acc: 0.929092, test avg acc: 0.896826
Train epoch 446, loss: 1.772033, train acc: 0.998168, train avg acc: 0.996990
Test epoch 446, loss: 1.876825, test acc: 0.929498, test avg acc: 0.899285
Train epoch 447, loss: 1.772635, train acc: 0.998168, train avg acc: 0.997382
Test epoch 447, loss: 1.880331, test acc: 0.926661, test avg acc: 0.893203
Train epoch 448, loss: 1.774178, train acc: 0.997455, train avg acc: 0.995944
Test epoch 448, loss: 1.875743, test acc: 0.934360, test avg acc: 0.899576
Train epoch 449, loss: 1.771568, train acc: 0.997964, train avg acc: 0.996438
Test epoch 449, loss: 1.879288, test acc: 0.927877, test avg acc: 0.894326
Train epoch 450, loss: 1.772926, train acc: 0.998270, train avg acc: 0.997416
Test epoch 450, loss: 1.877201, test acc: 0.927066, test avg acc: 0.893616
Train epoch 451, loss: 1.772038, train acc: 0.998779, train avg acc: 0.998097
Test epoch 451, loss: 1.875606, test acc: 0.929903, test avg acc: 0.898494
Train epoch 452, loss: 1.770892, train acc: 0.998473, train avg acc: 0.997771
Test epoch 452, loss: 1.875994, test acc: 0.927472, test avg acc: 0.891116
Train epoch 453, loss: 1.772365, train acc: 0.998371, train avg acc: 0.997132
Test epoch 453, loss: 1.881409, test acc: 0.927472, test avg acc: 0.896076
Train epoch 454, loss: 1.772473, train acc: 0.998473, train avg acc: 0.997509
Test epoch 454, loss: 1.878742, test acc: 0.927877, test avg acc: 0.892279
Train epoch 455, loss: 1.770321, train acc: 0.997862, train avg acc: 0.996310
Test epoch 455, loss: 1.879877, test acc: 0.923825, test avg acc: 0.894494
Train epoch 456, loss: 1.771613, train acc: 0.998779, train avg acc: 0.998427
Test epoch 456, loss: 1.877586, test acc: 0.926256, test avg acc: 0.895116
Train epoch 457, loss: 1.770311, train acc: 0.998473, train avg acc: 0.997525
Test epoch 457, loss: 1.876817, test acc: 0.928687, test avg acc: 0.896907
Train epoch 458, loss: 1.771369, train acc: 0.998066, train avg acc: 0.996596
Test epoch 458, loss: 1.877426, test acc: 0.928282, test avg acc: 0.899738
Train epoch 459, loss: 1.769964, train acc: 0.998982, train avg acc: 0.998407
Test epoch 459, loss: 1.877465, test acc: 0.926256, test avg acc: 0.890529
Train epoch 460, loss: 1.770554, train acc: 0.998473, train avg acc: 0.997700
Test epoch 460, loss: 1.880594, test acc: 0.923825, test avg acc: 0.892703
Train epoch 461, loss: 1.771038, train acc: 0.998677, train avg acc: 0.998355
Test epoch 461, loss: 1.878578, test acc: 0.925446, test avg acc: 0.889866
Train epoch 462, loss: 1.769519, train acc: 0.998677, train avg acc: 0.998196
Test epoch 462, loss: 1.878274, test acc: 0.928282, test avg acc: 0.898779
Train epoch 463, loss: 1.770155, train acc: 0.998779, train avg acc: 0.998435
Test epoch 463, loss: 1.877112, test acc: 0.929092, test avg acc: 0.897076
Train epoch 464, loss: 1.770326, train acc: 0.998168, train avg acc: 0.997375
Test epoch 464, loss: 1.877372, test acc: 0.929903, test avg acc: 0.897535
Train epoch 465, loss: 1.769242, train acc: 0.998982, train avg acc: 0.998234
Test epoch 465, loss: 1.880754, test acc: 0.925041, test avg acc: 0.893576
Train epoch 466, loss: 1.770055, train acc: 0.998270, train avg acc: 0.997600
Test epoch 466, loss: 1.881159, test acc: 0.922609, test avg acc: 0.890785
Train epoch 467, loss: 1.769660, train acc: 0.999084, train avg acc: 0.998539
Test epoch 467, loss: 1.880260, test acc: 0.925446, test avg acc: 0.896738
Train epoch 468, loss: 1.770011, train acc: 0.998473, train avg acc: 0.997662
Test epoch 468, loss: 1.877479, test acc: 0.929498, test avg acc: 0.899488
Train epoch 469, loss: 1.770535, train acc: 0.998880, train avg acc: 0.998779
Test epoch 469, loss: 1.880326, test acc: 0.928282, test avg acc: 0.897785
Train epoch 470, loss: 1.771263, train acc: 0.998371, train avg acc: 0.997159
Test epoch 470, loss: 1.879043, test acc: 0.927877, test avg acc: 0.897529
Train epoch 471, loss: 1.770722, train acc: 0.998575, train avg acc: 0.998187
Test epoch 471, loss: 1.880761, test acc: 0.927877, test avg acc: 0.896407
Train epoch 472, loss: 1.769631, train acc: 0.998779, train avg acc: 0.998441
Test epoch 472, loss: 1.882030, test acc: 0.925851, test avg acc: 0.897198
Train epoch 473, loss: 1.769627, train acc: 0.998677, train avg acc: 0.998217
Test epoch 473, loss: 1.877989, test acc: 0.931524, test avg acc: 0.900820
Train epoch 474, loss: 1.770434, train acc: 0.998575, train avg acc: 0.997374
Test epoch 474, loss: 1.879693, test acc: 0.927066, test avg acc: 0.895157
Train epoch 475, loss: 1.770169, train acc: 0.998982, train avg acc: 0.998566
Test epoch 475, loss: 1.875406, test acc: 0.927877, test avg acc: 0.893198
Train epoch 476, loss: 1.770742, train acc: 0.998779, train avg acc: 0.998320
Test epoch 476, loss: 1.877739, test acc: 0.927066, test avg acc: 0.894698
Train epoch 477, loss: 1.769494, train acc: 0.998168, train avg acc: 0.997168
Test epoch 477, loss: 1.877013, test acc: 0.928687, test avg acc: 0.894657
Train epoch 478, loss: 1.769230, train acc: 0.997659, train avg acc: 0.996452
Test epoch 478, loss: 1.877842, test acc: 0.927877, test avg acc: 0.899285
Train epoch 479, loss: 1.768346, train acc: 0.999491, train avg acc: 0.999274
Test epoch 479, loss: 1.875528, test acc: 0.931118, test avg acc: 0.900448
Train epoch 480, loss: 1.769599, train acc: 0.997964, train avg acc: 0.997035
Test epoch 480, loss: 1.878087, test acc: 0.928687, test avg acc: 0.897116
Train epoch 481, loss: 1.769822, train acc: 0.998779, train avg acc: 0.998243
Test epoch 481, loss: 1.878366, test acc: 0.929903, test avg acc: 0.897948
Train epoch 482, loss: 1.769177, train acc: 0.998168, train avg acc: 0.997480
Test epoch 482, loss: 1.877041, test acc: 0.931118, test avg acc: 0.900698
Train epoch 483, loss: 1.768807, train acc: 0.998880, train avg acc: 0.998352
Test epoch 483, loss: 1.876589, test acc: 0.931929, test avg acc: 0.902110
Train epoch 484, loss: 1.767877, train acc: 0.998575, train avg acc: 0.997702
Test epoch 484, loss: 1.875716, test acc: 0.928687, test avg acc: 0.894698
Train epoch 485, loss: 1.771008, train acc: 0.997862, train avg acc: 0.996652
Test epoch 485, loss: 1.878552, test acc: 0.928687, test avg acc: 0.898076
Train epoch 486, loss: 1.768434, train acc: 0.998779, train avg acc: 0.998068
Test epoch 486, loss: 1.876350, test acc: 0.929498, test avg acc: 0.899366
Train epoch 487, loss: 1.769913, train acc: 0.998779, train avg acc: 0.997906
Test epoch 487, loss: 1.876465, test acc: 0.928687, test avg acc: 0.894657
Train epoch 488, loss: 1.768523, train acc: 0.998779, train avg acc: 0.997777
Test epoch 488, loss: 1.879207, test acc: 0.929903, test avg acc: 0.899988
Train epoch 489, loss: 1.768547, train acc: 0.998779, train avg acc: 0.997999
Test epoch 489, loss: 1.878061, test acc: 0.929092, test avg acc: 0.899076
Train epoch 490, loss: 1.769568, train acc: 0.998371, train avg acc: 0.997206
Test epoch 490, loss: 1.876798, test acc: 0.928282, test avg acc: 0.898576
Train epoch 491, loss: 1.768735, train acc: 0.998575, train avg acc: 0.997596
Test epoch 491, loss: 1.878416, test acc: 0.929498, test avg acc: 0.899157
Train epoch 492, loss: 1.768045, train acc: 0.998371, train avg acc: 0.997535
Test epoch 492, loss: 1.878312, test acc: 0.929092, test avg acc: 0.900157
Train epoch 493, loss: 1.769230, train acc: 0.998779, train avg acc: 0.998232
Test epoch 493, loss: 1.877787, test acc: 0.929092, test avg acc: 0.897116
Train epoch 494, loss: 1.768221, train acc: 0.998982, train avg acc: 0.998705
Test epoch 494, loss: 1.878426, test acc: 0.926661, test avg acc: 0.893738
Train epoch 495, loss: 1.768775, train acc: 0.998575, train avg acc: 0.997600
Test epoch 495, loss: 1.880626, test acc: 0.927472, test avg acc: 0.898076
Train epoch 496, loss: 1.767550, train acc: 0.998982, train avg acc: 0.998566
Test epoch 496, loss: 1.877626, test acc: 0.930308, test avg acc: 0.899866
Train epoch 497, loss: 1.768800, train acc: 0.998575, train avg acc: 0.997609
Test epoch 497, loss: 1.877529, test acc: 0.927066, test avg acc: 0.895866
Train epoch 498, loss: 1.768242, train acc: 0.999084, train avg acc: 0.998624
Test epoch 498, loss: 1.877528, test acc: 0.929092, test avg acc: 0.895448
Train epoch 499, loss: 1.768761, train acc: 0.998168, train avg acc: 0.997392
Test epoch 499, loss: 1.879360, test acc: 0.926661, test avg acc: 0.897285
Namespace(augmix_cutmix_prob=0.3, augmix_prob=0.0, batch_size=32, beta=1.0, data_path='./data/modelnet40_normal_resampled', dataset='modelnet40', dropout=0.5, emb_dims=1024, epochs=500, eval=False, exp_name='augmix_cutmix_ver_lam3_eps3e-1_prob3e-1_dgcnn_1024', jitter=False, k=20, knn=False, lr=0.001, model='dgcnn', model_path='', modelnet10=False, momentum=0.9, no_cuda=False, normal=False, nsample=512, num_points=1024, rddrop=False, rdscale=False, rot=False, rsmix_prob=0.0, seed=1, shift=False, shuffle=False, test_batch_size=16, use_sgd=True)
Using GPU : 0 from 1 devices
