Namespace(augmix_cutmix_prob=0.5, augmix_prob=0.0, batch_size=32, beta=1.0, data_path='./data/modelnet40_normal_resampled', dataset='modelnet40', dropout=0.5, emb_dims=1024, epochs=500, eval=False, exp_name='augmix_cutmix_lams3_dgcnn_1024_2', jitter=False, k=20, knn=False, lr=0.001, model='dgcnn', model_path='', modelnet10=False, momentum=0.9, no_cuda=False, normal=False, nsample=512, num_points=1024, rddrop=False, rdscale=False, rot=False, rsmix_prob=0.0, seed=1, shift=False, shuffle=False, test_batch_size=16, use_sgd=True)
Using GPU : 0 from 1 devices
Train epoch 0, loss: 2.741751, train acc: 0.451853, train avg acc: 0.280213
Test epoch 0, loss: 2.180740, test acc: 0.644652, test avg acc: 0.495070
Train epoch 1, loss: 2.201005, train acc: 0.636502, train avg acc: 0.460974
Test epoch 1, loss: 2.039979, test acc: 0.685575, test avg acc: 0.566785
Train epoch 2, loss: 2.040833, train acc: 0.703685, train avg acc: 0.548030
Test epoch 2, loss: 1.859637, test acc: 0.787682, test avg acc: 0.669488
Train epoch 3, loss: 1.962066, train acc: 0.742467, train avg acc: 0.600436
Test epoch 3, loss: 1.776205, test acc: 0.808347, test avg acc: 0.687855
Train epoch 4, loss: 1.885905, train acc: 0.776466, train avg acc: 0.651404
Test epoch 4, loss: 1.752072, test acc: 0.836305, test avg acc: 0.752483
Train epoch 5, loss: 1.864289, train acc: 0.784711, train avg acc: 0.665423
Test epoch 5, loss: 1.685831, test acc: 0.853728, test avg acc: 0.760605
Train epoch 6, loss: 1.822185, train acc: 0.800183, train avg acc: 0.687235
Test epoch 6, loss: 1.706329, test acc: 0.842788, test avg acc: 0.749302
Train epoch 7, loss: 1.788161, train acc: 0.814230, train avg acc: 0.711552
Test epoch 7, loss: 1.672335, test acc: 0.847245, test avg acc: 0.811605
Train epoch 8, loss: 1.777502, train acc: 0.819116, train avg acc: 0.722579
Test epoch 8, loss: 1.659521, test acc: 0.860616, test avg acc: 0.768151
Train epoch 9, loss: 1.748540, train acc: 0.827158, train avg acc: 0.730380
Test epoch 9, loss: 1.691777, test acc: 0.836305, test avg acc: 0.762767
Train epoch 10, loss: 1.739822, train acc: 0.836421, train avg acc: 0.746753
Test epoch 10, loss: 1.686361, test acc: 0.841572, test avg acc: 0.781895
Train epoch 11, loss: 1.725976, train acc: 0.840493, train avg acc: 0.753924
Test epoch 11, loss: 1.636349, test acc: 0.862642, test avg acc: 0.796680
Train epoch 12, loss: 1.718271, train acc: 0.845888, train avg acc: 0.762013
Test epoch 12, loss: 1.649096, test acc: 0.861021, test avg acc: 0.804663
Train epoch 13, loss: 1.694701, train acc: 0.854845, train avg acc: 0.772116
Test epoch 13, loss: 1.577396, test acc: 0.892626, test avg acc: 0.843855
Train epoch 14, loss: 1.697891, train acc: 0.856678, train avg acc: 0.776703
Test epoch 14, loss: 1.633231, test acc: 0.861426, test avg acc: 0.797895
Train epoch 15, loss: 1.696078, train acc: 0.853013, train avg acc: 0.773581
Test epoch 15, loss: 1.593791, test acc: 0.873987, test avg acc: 0.809855
Train epoch 16, loss: 1.673791, train acc: 0.865432, train avg acc: 0.789960
Test epoch 16, loss: 1.574765, test acc: 0.899514, test avg acc: 0.834052
Train epoch 17, loss: 1.668510, train acc: 0.866857, train avg acc: 0.792218
Test epoch 17, loss: 1.625614, test acc: 0.865883, test avg acc: 0.802012
Train epoch 18, loss: 1.668520, train acc: 0.866246, train avg acc: 0.793737
Test epoch 18, loss: 1.673357, test acc: 0.852512, test avg acc: 0.781267
Train epoch 19, loss: 1.648212, train acc: 0.875713, train avg acc: 0.807768
Test epoch 19, loss: 1.602611, test acc: 0.870340, test avg acc: 0.836930
Train epoch 20, loss: 1.649031, train acc: 0.869707, train avg acc: 0.801826
Test epoch 20, loss: 1.627411, test acc: 0.863857, test avg acc: 0.808756
Train epoch 21, loss: 1.652391, train acc: 0.872353, train avg acc: 0.800740
Test epoch 21, loss: 1.560848, test acc: 0.895057, test avg acc: 0.844390
Train epoch 22, loss: 1.645500, train acc: 0.879784, train avg acc: 0.813681
Test epoch 22, loss: 1.587230, test acc: 0.879254, test avg acc: 0.819047
Train epoch 23, loss: 1.637548, train acc: 0.876934, train avg acc: 0.806603
Test epoch 23, loss: 1.616342, test acc: 0.878039, test avg acc: 0.830500
Train epoch 24, loss: 1.623989, train acc: 0.886604, train avg acc: 0.825124
Test epoch 24, loss: 1.580645, test acc: 0.882901, test avg acc: 0.810913
Train epoch 25, loss: 1.625152, train acc: 0.881107, train avg acc: 0.818123
Test epoch 25, loss: 1.577237, test acc: 0.877634, test avg acc: 0.822477
Train epoch 26, loss: 1.628017, train acc: 0.883245, train avg acc: 0.820713
Test epoch 26, loss: 1.553702, test acc: 0.894246, test avg acc: 0.833006
Train epoch 27, loss: 1.624765, train acc: 0.884670, train avg acc: 0.824010
Test epoch 27, loss: 1.570393, test acc: 0.888574, test avg acc: 0.822523
Train epoch 28, loss: 1.624023, train acc: 0.882533, train avg acc: 0.818544
Test epoch 28, loss: 1.566365, test acc: 0.899109, test avg acc: 0.836134
Train epoch 29, loss: 1.628132, train acc: 0.882533, train avg acc: 0.820625
Test epoch 29, loss: 1.571797, test acc: 0.885737, test avg acc: 0.841820
Train epoch 30, loss: 1.602157, train acc: 0.892203, train avg acc: 0.833488
Test epoch 30, loss: 1.559448, test acc: 0.882091, test avg acc: 0.827895
Train epoch 31, loss: 1.607695, train acc: 0.890879, train avg acc: 0.831152
Test epoch 31, loss: 1.566711, test acc: 0.896677, test avg acc: 0.848622
Train epoch 32, loss: 1.605048, train acc: 0.890778, train avg acc: 0.831052
Test epoch 32, loss: 1.556776, test acc: 0.890600, test avg acc: 0.838640
Train epoch 33, loss: 1.604571, train acc: 0.892915, train avg acc: 0.835609
Test epoch 33, loss: 1.548199, test acc: 0.894246, test avg acc: 0.838128
Train epoch 34, loss: 1.595434, train acc: 0.893933, train avg acc: 0.833412
Test epoch 34, loss: 1.543110, test acc: 0.895057, test avg acc: 0.857337
Train epoch 35, loss: 1.600817, train acc: 0.890269, train avg acc: 0.832318
Test epoch 35, loss: 1.572733, test acc: 0.896272, test avg acc: 0.852756
Train epoch 36, loss: 1.606022, train acc: 0.889760, train avg acc: 0.828904
Test epoch 36, loss: 1.559488, test acc: 0.877634, test avg acc: 0.833948
Train epoch 37, loss: 1.596136, train acc: 0.894951, train avg acc: 0.835950
Test epoch 37, loss: 1.554269, test acc: 0.896272, test avg acc: 0.834797
Train epoch 38, loss: 1.594031, train acc: 0.891796, train avg acc: 0.833726
Test epoch 38, loss: 1.568734, test acc: 0.884927, test avg acc: 0.846320
Train epoch 39, loss: 1.593933, train acc: 0.894544, train avg acc: 0.836539
Test epoch 39, loss: 1.615138, test acc: 0.870340, test avg acc: 0.823942
Train epoch 40, loss: 1.583367, train acc: 0.900957, train avg acc: 0.847350
Test epoch 40, loss: 1.579029, test acc: 0.882901, test avg acc: 0.831430
Train epoch 41, loss: 1.583484, train acc: 0.899634, train avg acc: 0.843372
Test epoch 41, loss: 1.560213, test acc: 0.878444, test avg acc: 0.860622
Train epoch 42, loss: 1.589408, train acc: 0.900041, train avg acc: 0.848368
Test epoch 42, loss: 1.513080, test acc: 0.911264, test avg acc: 0.862081
Train epoch 43, loss: 1.587691, train acc: 0.897292, train avg acc: 0.841747
Test epoch 43, loss: 1.572810, test acc: 0.885332, test avg acc: 0.849709
Train epoch 44, loss: 1.582465, train acc: 0.897191, train avg acc: 0.841175
Test epoch 44, loss: 1.561136, test acc: 0.884927, test avg acc: 0.847343
Train epoch 45, loss: 1.584129, train acc: 0.897496, train avg acc: 0.841772
Test epoch 45, loss: 1.537193, test acc: 0.899919, test avg acc: 0.845349
Train epoch 46, loss: 1.571931, train acc: 0.902891, train avg acc: 0.851481
Test epoch 46, loss: 1.551276, test acc: 0.895462, test avg acc: 0.848552
Train epoch 47, loss: 1.574240, train acc: 0.900753, train avg acc: 0.847076
Test epoch 47, loss: 1.537533, test acc: 0.897083, test avg acc: 0.842012
Train epoch 48, loss: 1.577508, train acc: 0.902789, train avg acc: 0.850908
Test epoch 48, loss: 1.547916, test acc: 0.896677, test avg acc: 0.836163
Train epoch 49, loss: 1.566677, train acc: 0.901160, train avg acc: 0.844641
Test epoch 49, loss: 1.527950, test acc: 0.898298, test avg acc: 0.863959
Train epoch 50, loss: 1.553877, train acc: 0.910016, train avg acc: 0.859859
Test epoch 50, loss: 1.526528, test acc: 0.902350, test avg acc: 0.855791
Train epoch 51, loss: 1.563716, train acc: 0.906861, train avg acc: 0.852176
Test epoch 51, loss: 1.532246, test acc: 0.891410, test avg acc: 0.838616
Train epoch 52, loss: 1.567155, train acc: 0.907268, train avg acc: 0.855101
Test epoch 52, loss: 1.591117, test acc: 0.878444, test avg acc: 0.830855
Train epoch 53, loss: 1.569487, train acc: 0.904927, train avg acc: 0.853838
Test epoch 53, loss: 1.526449, test acc: 0.897083, test avg acc: 0.855977
Train epoch 54, loss: 1.571467, train acc: 0.903400, train avg acc: 0.851441
Test epoch 54, loss: 1.561007, test acc: 0.894652, test avg acc: 0.850488
Train epoch 55, loss: 1.570250, train acc: 0.904418, train avg acc: 0.853291
Test epoch 55, loss: 1.540429, test acc: 0.902350, test avg acc: 0.862994
Train epoch 56, loss: 1.555409, train acc: 0.911441, train avg acc: 0.864933
Test epoch 56, loss: 1.579621, test acc: 0.872366, test avg acc: 0.820994
Train epoch 57, loss: 1.560423, train acc: 0.910118, train avg acc: 0.861885
Test epoch 57, loss: 1.549571, test acc: 0.897083, test avg acc: 0.855430
Train epoch 58, loss: 1.561091, train acc: 0.908897, train avg acc: 0.857977
Test epoch 58, loss: 1.562219, test acc: 0.883712, test avg acc: 0.852878
Train epoch 59, loss: 1.550112, train acc: 0.914902, train avg acc: 0.866085
Test epoch 59, loss: 1.542250, test acc: 0.898298, test avg acc: 0.851384
Train epoch 60, loss: 1.562832, train acc: 0.912052, train avg acc: 0.863350
Test epoch 60, loss: 1.556418, test acc: 0.891815, test avg acc: 0.845878
Train epoch 61, loss: 1.555065, train acc: 0.908591, train avg acc: 0.859474
Test epoch 61, loss: 1.528927, test acc: 0.896272, test avg acc: 0.838453
Train epoch 62, loss: 1.554831, train acc: 0.909914, train avg acc: 0.861430
Test epoch 62, loss: 1.552016, test acc: 0.888979, test avg acc: 0.811419
Train epoch 63, loss: 1.559875, train acc: 0.907471, train avg acc: 0.857816
Test epoch 63, loss: 1.532410, test acc: 0.899919, test avg acc: 0.858134
Train epoch 64, loss: 1.556852, train acc: 0.912561, train avg acc: 0.866693
Test epoch 64, loss: 1.556488, test acc: 0.900729, test avg acc: 0.873465
Train epoch 65, loss: 1.551231, train acc: 0.910831, train avg acc: 0.862543
Test epoch 65, loss: 1.521482, test acc: 0.904376, test avg acc: 0.853174
Train epoch 66, loss: 1.548469, train acc: 0.912866, train avg acc: 0.862269
Test epoch 66, loss: 1.527088, test acc: 0.897083, test avg acc: 0.845686
Train epoch 67, loss: 1.548904, train acc: 0.913986, train avg acc: 0.868094
Test epoch 67, loss: 1.530268, test acc: 0.898298, test avg acc: 0.845727
Train epoch 68, loss: 1.537729, train acc: 0.918261, train avg acc: 0.870321
Test epoch 68, loss: 1.532847, test acc: 0.899109, test avg acc: 0.842791
Train epoch 69, loss: 1.549009, train acc: 0.911849, train avg acc: 0.864410
Test epoch 69, loss: 1.551973, test acc: 0.894246, test avg acc: 0.854791
Train epoch 70, loss: 1.550807, train acc: 0.913172, train avg acc: 0.867003
Test epoch 70, loss: 1.555446, test acc: 0.880470, test avg acc: 0.842692
Train epoch 71, loss: 1.542422, train acc: 0.913375, train avg acc: 0.867734
Test epoch 71, loss: 1.522351, test acc: 0.897488, test avg acc: 0.857012
Train epoch 72, loss: 1.552116, train acc: 0.915106, train avg acc: 0.869408
Test epoch 72, loss: 1.542520, test acc: 0.888574, test avg acc: 0.869686
Train epoch 73, loss: 1.536911, train acc: 0.917854, train avg acc: 0.873200
Test epoch 73, loss: 1.530305, test acc: 0.895867, test avg acc: 0.857145
Train epoch 74, loss: 1.536385, train acc: 0.917142, train avg acc: 0.868896
Test epoch 74, loss: 1.539387, test acc: 0.894246, test avg acc: 0.855116
Train epoch 75, loss: 1.541971, train acc: 0.915920, train avg acc: 0.872030
Test epoch 75, loss: 1.588350, test acc: 0.880875, test avg acc: 0.851645
Train epoch 76, loss: 1.543910, train acc: 0.914597, train avg acc: 0.869557
Test epoch 76, loss: 1.545357, test acc: 0.895867, test avg acc: 0.858140
Train epoch 77, loss: 1.537341, train acc: 0.915920, train avg acc: 0.869236
Test epoch 77, loss: 1.516278, test acc: 0.907618, test avg acc: 0.865163
Train epoch 78, loss: 1.539604, train acc: 0.917651, train avg acc: 0.873906
Test epoch 78, loss: 1.516773, test acc: 0.903566, test avg acc: 0.845878
Train epoch 79, loss: 1.530786, train acc: 0.921112, train avg acc: 0.880746
Test epoch 79, loss: 1.553647, test acc: 0.883712, test avg acc: 0.825965
Train epoch 80, loss: 1.542058, train acc: 0.917447, train avg acc: 0.873393
Test epoch 80, loss: 1.535281, test acc: 0.906807, test avg acc: 0.863337
Train epoch 81, loss: 1.536483, train acc: 0.917854, train avg acc: 0.874812
Test epoch 81, loss: 1.596062, test acc: 0.876418, test avg acc: 0.832890
Train epoch 82, loss: 1.544106, train acc: 0.914088, train avg acc: 0.871044
Test epoch 82, loss: 1.526311, test acc: 0.905592, test avg acc: 0.868215
Train epoch 83, loss: 1.533442, train acc: 0.918261, train avg acc: 0.873254
Test epoch 83, loss: 1.588754, test acc: 0.887358, test avg acc: 0.831198
Train epoch 84, loss: 1.535490, train acc: 0.915818, train avg acc: 0.869262
Test epoch 84, loss: 1.538355, test acc: 0.889789, test avg acc: 0.853488
Train epoch 85, loss: 1.535637, train acc: 0.920806, train avg acc: 0.879629
Test epoch 85, loss: 1.611908, test acc: 0.860211, test avg acc: 0.816651
Train epoch 86, loss: 1.542948, train acc: 0.915106, train avg acc: 0.870138
Test epoch 86, loss: 1.526784, test acc: 0.898703, test avg acc: 0.844424
Train epoch 87, loss: 1.528164, train acc: 0.922435, train avg acc: 0.879361
Test epoch 87, loss: 1.533112, test acc: 0.891410, test avg acc: 0.828331
Train epoch 88, loss: 1.533707, train acc: 0.919279, train avg acc: 0.873271
Test epoch 88, loss: 1.517017, test acc: 0.904376, test avg acc: 0.846756
Train epoch 89, loss: 1.531016, train acc: 0.919076, train avg acc: 0.873317
Test epoch 89, loss: 1.530521, test acc: 0.891410, test avg acc: 0.854384
Train epoch 90, loss: 1.525648, train acc: 0.924471, train avg acc: 0.886186
Test epoch 90, loss: 1.530673, test acc: 0.897893, test avg acc: 0.849715
Train epoch 91, loss: 1.524393, train acc: 0.922333, train avg acc: 0.880372
Test epoch 91, loss: 1.496388, test acc: 0.907618, test avg acc: 0.855878
Train epoch 92, loss: 1.528629, train acc: 0.921417, train avg acc: 0.879172
Test epoch 92, loss: 1.534775, test acc: 0.892626, test avg acc: 0.852384
Train epoch 93, loss: 1.531624, train acc: 0.918669, train avg acc: 0.878970
Test epoch 93, loss: 1.513741, test acc: 0.903566, test avg acc: 0.866680
Train epoch 94, loss: 1.532801, train acc: 0.920704, train avg acc: 0.878218
Test epoch 94, loss: 1.549603, test acc: 0.892626, test avg acc: 0.843459
Train epoch 95, loss: 1.526426, train acc: 0.919076, train avg acc: 0.876346
Test epoch 95, loss: 1.526021, test acc: 0.902350, test avg acc: 0.853773
Train epoch 96, loss: 1.530386, train acc: 0.922638, train avg acc: 0.885019
Test epoch 96, loss: 1.529215, test acc: 0.904781, test avg acc: 0.867407
Train epoch 97, loss: 1.520201, train acc: 0.924267, train avg acc: 0.882267
Test epoch 97, loss: 1.556458, test acc: 0.882091, test avg acc: 0.850041
Train epoch 98, loss: 1.515545, train acc: 0.928237, train avg acc: 0.887284
Test epoch 98, loss: 1.535574, test acc: 0.888574, test avg acc: 0.838052
Train epoch 99, loss: 1.513960, train acc: 0.926507, train avg acc: 0.889332
Test epoch 99, loss: 1.534447, test acc: 0.915316, test avg acc: 0.865378
Train epoch 100, loss: 1.520283, train acc: 0.923555, train avg acc: 0.883147
Test epoch 100, loss: 1.497547, test acc: 0.909643, test avg acc: 0.875756
Train epoch 101, loss: 1.517198, train acc: 0.923962, train avg acc: 0.880161
Test epoch 101, loss: 1.518363, test acc: 0.912885, test avg acc: 0.873959
Train epoch 102, loss: 1.516400, train acc: 0.925896, train avg acc: 0.886254
Test epoch 102, loss: 1.541300, test acc: 0.884927, test avg acc: 0.836227
Train epoch 103, loss: 1.514896, train acc: 0.926710, train avg acc: 0.886633
Test epoch 103, loss: 1.571353, test acc: 0.883306, test avg acc: 0.847477
Train epoch 104, loss: 1.519515, train acc: 0.923656, train avg acc: 0.884905
Test epoch 104, loss: 1.533064, test acc: 0.894246, test avg acc: 0.850395
Train epoch 105, loss: 1.534263, train acc: 0.917243, train avg acc: 0.874619
Test epoch 105, loss: 1.534973, test acc: 0.892220, test avg acc: 0.856744
Train epoch 106, loss: 1.518557, train acc: 0.926710, train avg acc: 0.886470
Test epoch 106, loss: 1.511934, test acc: 0.904376, test avg acc: 0.876552
Train epoch 107, loss: 1.518610, train acc: 0.925183, train avg acc: 0.884997
Test epoch 107, loss: 1.526703, test acc: 0.891410, test avg acc: 0.852145
Train epoch 108, loss: 1.523585, train acc: 0.919279, train avg acc: 0.876352
Test epoch 108, loss: 1.583045, test acc: 0.885737, test avg acc: 0.841762
Train epoch 109, loss: 1.509980, train acc: 0.927830, train avg acc: 0.889386
Test epoch 109, loss: 1.529169, test acc: 0.886953, test avg acc: 0.849453
Train epoch 110, loss: 1.523078, train acc: 0.924776, train avg acc: 0.886544
Test epoch 110, loss: 1.538720, test acc: 0.897488, test avg acc: 0.853366
Train epoch 111, loss: 1.518390, train acc: 0.924165, train avg acc: 0.886483
Test epoch 111, loss: 1.500097, test acc: 0.901540, test avg acc: 0.854471
Train epoch 112, loss: 1.515852, train acc: 0.922638, train avg acc: 0.881900
Test epoch 112, loss: 1.503902, test acc: 0.906402, test avg acc: 0.861297
Train epoch 113, loss: 1.515342, train acc: 0.924980, train avg acc: 0.888817
Test epoch 113, loss: 1.517812, test acc: 0.899109, test avg acc: 0.866552
Train epoch 114, loss: 1.515116, train acc: 0.926812, train avg acc: 0.887053
Test epoch 114, loss: 1.517734, test acc: 0.902755, test avg acc: 0.858012
Train epoch 115, loss: 1.499461, train acc: 0.934141, train avg acc: 0.899359
Test epoch 115, loss: 1.519159, test acc: 0.899919, test avg acc: 0.865558
Train epoch 116, loss: 1.516006, train acc: 0.924776, train avg acc: 0.884635
Test epoch 116, loss: 1.578211, test acc: 0.875203, test avg acc: 0.823541
Train epoch 117, loss: 1.520789, train acc: 0.923758, train avg acc: 0.881948
Test epoch 117, loss: 1.512535, test acc: 0.906402, test avg acc: 0.855000
Train epoch 118, loss: 1.512103, train acc: 0.927728, train avg acc: 0.887637
Test epoch 118, loss: 1.518322, test acc: 0.898703, test avg acc: 0.856256
Train epoch 119, loss: 1.506204, train acc: 0.929764, train avg acc: 0.892608
Test epoch 119, loss: 1.538704, test acc: 0.893841, test avg acc: 0.848640
Train epoch 120, loss: 1.510440, train acc: 0.930273, train avg acc: 0.892354
Test epoch 120, loss: 1.518361, test acc: 0.908833, test avg acc: 0.855884
Train epoch 121, loss: 1.510859, train acc: 0.927626, train avg acc: 0.887497
Test epoch 121, loss: 1.518353, test acc: 0.898298, test avg acc: 0.861006
Train epoch 122, loss: 1.507511, train acc: 0.931596, train avg acc: 0.894165
Test epoch 122, loss: 1.525410, test acc: 0.908833, test avg acc: 0.853337
Train epoch 123, loss: 1.506420, train acc: 0.932003, train avg acc: 0.897358
Test epoch 123, loss: 1.534602, test acc: 0.898703, test avg acc: 0.849570
Train epoch 124, loss: 1.503023, train acc: 0.931087, train avg acc: 0.895178
Test epoch 124, loss: 1.520221, test acc: 0.905186, test avg acc: 0.852378
Train epoch 125, loss: 1.508200, train acc: 0.928339, train avg acc: 0.889872
Test epoch 125, loss: 1.532630, test acc: 0.893436, test avg acc: 0.858326
Train epoch 126, loss: 1.501514, train acc: 0.931698, train avg acc: 0.894012
Test epoch 126, loss: 1.520885, test acc: 0.899514, test avg acc: 0.862180
Train epoch 127, loss: 1.501728, train acc: 0.933734, train avg acc: 0.896236
Test epoch 127, loss: 1.512072, test acc: 0.908833, test avg acc: 0.872378
Train epoch 128, loss: 1.498611, train acc: 0.935261, train avg acc: 0.901631
Test epoch 128, loss: 1.511238, test acc: 0.911669, test avg acc: 0.868459
Train epoch 129, loss: 1.502511, train acc: 0.931189, train avg acc: 0.891178
Test epoch 129, loss: 1.514019, test acc: 0.900324, test avg acc: 0.873512
Train epoch 130, loss: 1.503648, train acc: 0.929560, train avg acc: 0.893668
Test epoch 130, loss: 1.494061, test acc: 0.912075, test avg acc: 0.864953
Train epoch 131, loss: 1.514106, train acc: 0.927219, train avg acc: 0.889596
Test epoch 131, loss: 1.535939, test acc: 0.908023, test avg acc: 0.869983
Train epoch 132, loss: 1.505136, train acc: 0.929458, train avg acc: 0.892934
Test epoch 132, loss: 1.548834, test acc: 0.888169, test avg acc: 0.861808
Train epoch 133, loss: 1.498307, train acc: 0.935362, train avg acc: 0.901401
Test epoch 133, loss: 1.517999, test acc: 0.893841, test avg acc: 0.854093
Train epoch 134, loss: 1.494662, train acc: 0.937296, train avg acc: 0.904284
Test epoch 134, loss: 1.524695, test acc: 0.895057, test avg acc: 0.854023
Train epoch 135, loss: 1.494253, train acc: 0.933428, train avg acc: 0.894654
Test epoch 135, loss: 1.526196, test acc: 0.888574, test avg acc: 0.863174
Train epoch 136, loss: 1.493073, train acc: 0.933327, train avg acc: 0.895980
Test epoch 136, loss: 1.499713, test acc: 0.909238, test avg acc: 0.861890
Train epoch 137, loss: 1.507779, train acc: 0.930171, train avg acc: 0.893159
Test epoch 137, loss: 1.538182, test acc: 0.903160, test avg acc: 0.867116
Train epoch 138, loss: 1.507304, train acc: 0.929255, train avg acc: 0.892640
Test epoch 138, loss: 1.530643, test acc: 0.895462, test avg acc: 0.863163
Train epoch 139, loss: 1.495507, train acc: 0.933734, train avg acc: 0.899687
Test epoch 139, loss: 1.508262, test acc: 0.904781, test avg acc: 0.857843
Train epoch 140, loss: 1.496285, train acc: 0.935159, train avg acc: 0.900161
Test epoch 140, loss: 1.505163, test acc: 0.899919, test avg acc: 0.867936
Train epoch 141, loss: 1.498813, train acc: 0.934141, train avg acc: 0.897293
Test epoch 141, loss: 1.508656, test acc: 0.905186, test avg acc: 0.868459
Train epoch 142, loss: 1.489591, train acc: 0.936889, train avg acc: 0.901657
Test epoch 142, loss: 1.556416, test acc: 0.883306, test avg acc: 0.856430
Train epoch 143, loss: 1.486945, train acc: 0.941266, train avg acc: 0.907091
Test epoch 143, loss: 1.490392, test acc: 0.899109, test avg acc: 0.867221
Train epoch 144, loss: 1.497706, train acc: 0.935261, train avg acc: 0.899782
Test epoch 144, loss: 1.497014, test acc: 0.905592, test avg acc: 0.869628
Train epoch 145, loss: 1.497041, train acc: 0.933530, train avg acc: 0.897871
Test epoch 145, loss: 1.488898, test acc: 0.910454, test avg acc: 0.856297
Train epoch 146, loss: 1.496879, train acc: 0.935464, train avg acc: 0.901002
Test epoch 146, loss: 1.497505, test acc: 0.906807, test avg acc: 0.864500
Train epoch 147, loss: 1.494989, train acc: 0.934752, train avg acc: 0.897273
Test epoch 147, loss: 1.508422, test acc: 0.901540, test avg acc: 0.883837
Train epoch 148, loss: 1.503863, train acc: 0.931393, train avg acc: 0.897392
Test epoch 148, loss: 1.549894, test acc: 0.891410, test avg acc: 0.866477
Train epoch 149, loss: 1.499495, train acc: 0.933327, train avg acc: 0.898256
Test epoch 149, loss: 1.514383, test acc: 0.912480, test avg acc: 0.867913
Train epoch 150, loss: 1.487289, train acc: 0.937195, train avg acc: 0.901261
Test epoch 150, loss: 1.499131, test acc: 0.912075, test avg acc: 0.862878
Train epoch 151, loss: 1.497863, train acc: 0.932410, train avg acc: 0.898322
Test epoch 151, loss: 1.503916, test acc: 0.916126, test avg acc: 0.881517
Train epoch 152, loss: 1.494155, train acc: 0.933734, train avg acc: 0.898367
Test epoch 152, loss: 1.527265, test acc: 0.891410, test avg acc: 0.866581
Train epoch 153, loss: 1.487208, train acc: 0.936787, train avg acc: 0.902589
Test epoch 153, loss: 1.515210, test acc: 0.897083, test avg acc: 0.863227
Train epoch 154, loss: 1.486378, train acc: 0.938009, train avg acc: 0.904938
Test epoch 154, loss: 1.518080, test acc: 0.901540, test avg acc: 0.861221
Train epoch 155, loss: 1.493732, train acc: 0.935159, train avg acc: 0.902621
Test epoch 155, loss: 1.554929, test acc: 0.885737, test avg acc: 0.853116
Train epoch 156, loss: 1.489727, train acc: 0.937704, train avg acc: 0.902262
Test epoch 156, loss: 1.521249, test acc: 0.896272, test avg acc: 0.863674
Train epoch 157, loss: 1.488126, train acc: 0.936889, train avg acc: 0.902273
Test epoch 157, loss: 1.493159, test acc: 0.904376, test avg acc: 0.869634
Train epoch 158, loss: 1.488818, train acc: 0.935566, train avg acc: 0.900418
Test epoch 158, loss: 1.513177, test acc: 0.897893, test avg acc: 0.874669
Train epoch 159, loss: 1.479585, train acc: 0.942997, train avg acc: 0.913607
Test epoch 159, loss: 1.493794, test acc: 0.907618, test avg acc: 0.863297
Train epoch 160, loss: 1.476558, train acc: 0.943506, train avg acc: 0.912055
Test epoch 160, loss: 1.561127, test acc: 0.880875, test avg acc: 0.853140
Train epoch 161, loss: 1.485662, train acc: 0.937704, train avg acc: 0.903181
Test epoch 161, loss: 1.483471, test acc: 0.918963, test avg acc: 0.883587
Train epoch 162, loss: 1.487466, train acc: 0.936075, train avg acc: 0.903682
Test epoch 162, loss: 1.533313, test acc: 0.896272, test avg acc: 0.853267
Train epoch 163, loss: 1.478712, train acc: 0.940757, train avg acc: 0.906778
Test epoch 163, loss: 1.504306, test acc: 0.902350, test avg acc: 0.864390
Train epoch 164, loss: 1.482471, train acc: 0.939638, train avg acc: 0.906656
Test epoch 164, loss: 1.527935, test acc: 0.905186, test avg acc: 0.853087
Train epoch 165, loss: 1.486862, train acc: 0.936380, train avg acc: 0.901837
Test epoch 165, loss: 1.503281, test acc: 0.914506, test avg acc: 0.883616
Train epoch 166, loss: 1.486190, train acc: 0.937704, train avg acc: 0.903794
Test epoch 166, loss: 1.540871, test acc: 0.891410, test avg acc: 0.855227
Train epoch 167, loss: 1.476973, train acc: 0.944015, train avg acc: 0.911199
Test epoch 167, loss: 1.511546, test acc: 0.905997, test avg acc: 0.883669
Train epoch 168, loss: 1.485204, train acc: 0.936991, train avg acc: 0.904766
Test epoch 168, loss: 1.480654, test acc: 0.912885, test avg acc: 0.868378
Train epoch 169, loss: 1.477910, train acc: 0.939943, train avg acc: 0.909121
Test epoch 169, loss: 1.482144, test acc: 0.915721, test avg acc: 0.876506
Train epoch 170, loss: 1.482907, train acc: 0.937195, train avg acc: 0.907237
Test epoch 170, loss: 1.484913, test acc: 0.909238, test avg acc: 0.867285
Train epoch 171, loss: 1.489766, train acc: 0.936787, train avg acc: 0.903328
Test epoch 171, loss: 1.529382, test acc: 0.899919, test avg acc: 0.841355
Train epoch 172, loss: 1.485149, train acc: 0.937500, train avg acc: 0.903529
Test epoch 172, loss: 1.516662, test acc: 0.908023, test avg acc: 0.869122
Train epoch 173, loss: 1.498638, train acc: 0.933327, train avg acc: 0.894621
Test epoch 173, loss: 1.531688, test acc: 0.903971, test avg acc: 0.861337
Train epoch 174, loss: 1.479564, train acc: 0.941368, train avg acc: 0.911290
Test epoch 174, loss: 1.527659, test acc: 0.902350, test avg acc: 0.870552
Train epoch 175, loss: 1.474829, train acc: 0.941979, train avg acc: 0.909792
Test epoch 175, loss: 1.502901, test acc: 0.913290, test avg acc: 0.872366
Train epoch 176, loss: 1.480504, train acc: 0.939332, train avg acc: 0.906360
Test epoch 176, loss: 1.529157, test acc: 0.897488, test avg acc: 0.851465
Train epoch 177, loss: 1.474166, train acc: 0.943709, train avg acc: 0.913520
Test epoch 177, loss: 1.522122, test acc: 0.891410, test avg acc: 0.861448
Train epoch 178, loss: 1.478496, train acc: 0.939841, train avg acc: 0.907494
Test epoch 178, loss: 1.511930, test acc: 0.903566, test avg acc: 0.862174
Train epoch 179, loss: 1.476256, train acc: 0.940656, train avg acc: 0.906578
Test epoch 179, loss: 1.495784, test acc: 0.905592, test avg acc: 0.870017
Train epoch 180, loss: 1.478832, train acc: 0.938314, train avg acc: 0.906524
Test epoch 180, loss: 1.521521, test acc: 0.907212, test avg acc: 0.873227
Train epoch 181, loss: 1.480271, train acc: 0.940147, train avg acc: 0.907569
Test epoch 181, loss: 1.489293, test acc: 0.910859, test avg acc: 0.873919
Train epoch 182, loss: 1.469504, train acc: 0.943200, train avg acc: 0.915152
Test epoch 182, loss: 1.486034, test acc: 0.909238, test avg acc: 0.869767
Train epoch 183, loss: 1.470665, train acc: 0.943099, train avg acc: 0.912283
Test epoch 183, loss: 1.498400, test acc: 0.911264, test avg acc: 0.886547
Train epoch 184, loss: 1.473896, train acc: 0.941775, train avg acc: 0.909636
Test epoch 184, loss: 1.500497, test acc: 0.906402, test avg acc: 0.873674
Train epoch 185, loss: 1.466963, train acc: 0.944116, train avg acc: 0.915730
Test epoch 185, loss: 1.503375, test acc: 0.903160, test avg acc: 0.878064
Train epoch 186, loss: 1.468575, train acc: 0.943607, train avg acc: 0.915014
Test epoch 186, loss: 1.522521, test acc: 0.897488, test avg acc: 0.850477
Train epoch 187, loss: 1.469866, train acc: 0.944116, train avg acc: 0.912593
Test epoch 187, loss: 1.487308, test acc: 0.902350, test avg acc: 0.867547
Train epoch 188, loss: 1.465221, train acc: 0.944116, train avg acc: 0.916309
Test epoch 188, loss: 1.513771, test acc: 0.901135, test avg acc: 0.861930
Train epoch 189, loss: 1.479336, train acc: 0.939638, train avg acc: 0.907447
Test epoch 189, loss: 1.520459, test acc: 0.901540, test avg acc: 0.867297
Train epoch 190, loss: 1.462269, train acc: 0.946254, train avg acc: 0.915623
Test epoch 190, loss: 1.506691, test acc: 0.901945, test avg acc: 0.878395
Train epoch 191, loss: 1.469808, train acc: 0.941775, train avg acc: 0.910283
Test epoch 191, loss: 1.530572, test acc: 0.891005, test avg acc: 0.863971
Train epoch 192, loss: 1.477735, train acc: 0.942284, train avg acc: 0.907913
Test epoch 192, loss: 1.499623, test acc: 0.908023, test avg acc: 0.867297
Train epoch 193, loss: 1.465041, train acc: 0.945134, train avg acc: 0.915674
Test epoch 193, loss: 1.543391, test acc: 0.891005, test avg acc: 0.862767
Train epoch 194, loss: 1.462605, train acc: 0.949104, train avg acc: 0.920150
Test epoch 194, loss: 1.479107, test acc: 0.916532, test avg acc: 0.864791
Train epoch 195, loss: 1.465371, train acc: 0.946763, train avg acc: 0.919755
Test epoch 195, loss: 1.494110, test acc: 0.908023, test avg acc: 0.869308
Train epoch 196, loss: 1.462739, train acc: 0.945643, train avg acc: 0.915967
Test epoch 196, loss: 1.498569, test acc: 0.902350, test avg acc: 0.866413
Train epoch 197, loss: 1.474327, train acc: 0.938823, train avg acc: 0.907021
Test epoch 197, loss: 1.490449, test acc: 0.911669, test avg acc: 0.867326
Train epoch 198, loss: 1.456626, train acc: 0.949919, train avg acc: 0.921815
Test epoch 198, loss: 1.498165, test acc: 0.908833, test avg acc: 0.867884
Train epoch 199, loss: 1.466325, train acc: 0.942997, train avg acc: 0.912967
Test epoch 199, loss: 1.485612, test acc: 0.906402, test avg acc: 0.866081
Train epoch 200, loss: 1.466770, train acc: 0.944218, train avg acc: 0.912589
Test epoch 200, loss: 1.496790, test acc: 0.903971, test avg acc: 0.867547
Train epoch 201, loss: 1.470552, train acc: 0.942081, train avg acc: 0.910758
Test epoch 201, loss: 1.474533, test acc: 0.913290, test avg acc: 0.879041
Train epoch 202, loss: 1.463650, train acc: 0.946458, train avg acc: 0.916121
Test epoch 202, loss: 1.495239, test acc: 0.914100, test avg acc: 0.873203
Train epoch 203, loss: 1.458987, train acc: 0.949919, train avg acc: 0.920075
Test epoch 203, loss: 1.496508, test acc: 0.912885, test avg acc: 0.875843
Train epoch 204, loss: 1.450686, train acc: 0.952056, train avg acc: 0.926009
Test epoch 204, loss: 1.500597, test acc: 0.895867, test avg acc: 0.863128
Train epoch 205, loss: 1.452748, train acc: 0.950224, train avg acc: 0.924423
Test epoch 205, loss: 1.481822, test acc: 0.907618, test avg acc: 0.877209
Train epoch 206, loss: 1.459237, train acc: 0.949613, train avg acc: 0.921345
Test epoch 206, loss: 1.481563, test acc: 0.909643, test avg acc: 0.863872
Train epoch 207, loss: 1.449394, train acc: 0.951140, train avg acc: 0.925661
Test epoch 207, loss: 1.482325, test acc: 0.912075, test avg acc: 0.876703
Train epoch 208, loss: 1.456692, train acc: 0.948392, train avg acc: 0.921470
Test epoch 208, loss: 1.497282, test acc: 0.901945, test avg acc: 0.883372
Train epoch 209, loss: 1.462956, train acc: 0.945847, train avg acc: 0.916400
Test epoch 209, loss: 1.486788, test acc: 0.912480, test avg acc: 0.885035
Train epoch 210, loss: 1.455507, train acc: 0.951751, train avg acc: 0.925053
Test epoch 210, loss: 1.494149, test acc: 0.904781, test avg acc: 0.872308
Train epoch 211, loss: 1.461630, train acc: 0.946254, train avg acc: 0.919161
Test epoch 211, loss: 1.530418, test acc: 0.910049, test avg acc: 0.865541
Train epoch 212, loss: 1.453510, train acc: 0.950326, train avg acc: 0.920965
Test epoch 212, loss: 1.523806, test acc: 0.891410, test avg acc: 0.850180
Train epoch 213, loss: 1.453575, train acc: 0.951954, train avg acc: 0.925781
Test epoch 213, loss: 1.488515, test acc: 0.914911, test avg acc: 0.879419
Train epoch 214, loss: 1.454406, train acc: 0.947068, train avg acc: 0.920176
Test epoch 214, loss: 1.480237, test acc: 0.906402, test avg acc: 0.866047
Train epoch 215, loss: 1.453493, train acc: 0.951038, train avg acc: 0.921306
Test epoch 215, loss: 1.497340, test acc: 0.901945, test avg acc: 0.861913
Train epoch 216, loss: 1.455018, train acc: 0.951344, train avg acc: 0.924505
Test epoch 216, loss: 1.497911, test acc: 0.902755, test avg acc: 0.860547
Train epoch 217, loss: 1.446508, train acc: 0.955110, train avg acc: 0.929011
Test epoch 217, loss: 1.496604, test acc: 0.904781, test avg acc: 0.876273
Train epoch 218, loss: 1.454776, train acc: 0.949715, train avg acc: 0.924648
Test epoch 218, loss: 1.493362, test acc: 0.902350, test avg acc: 0.869052
Train epoch 219, loss: 1.458414, train acc: 0.945440, train avg acc: 0.917537
Test epoch 219, loss: 1.527045, test acc: 0.899514, test avg acc: 0.866273
Train epoch 220, loss: 1.449985, train acc: 0.952260, train avg acc: 0.925845
Test epoch 220, loss: 1.488148, test acc: 0.911264, test avg acc: 0.887302
Train epoch 221, loss: 1.456656, train acc: 0.949206, train avg acc: 0.920485
Test epoch 221, loss: 1.494037, test acc: 0.906807, test avg acc: 0.870791
Train epoch 222, loss: 1.455075, train acc: 0.948901, train avg acc: 0.920156
Test epoch 222, loss: 1.479401, test acc: 0.909643, test avg acc: 0.876831
Train epoch 223, loss: 1.455660, train acc: 0.948697, train avg acc: 0.919960
Test epoch 223, loss: 1.490241, test acc: 0.910049, test avg acc: 0.866128
Train epoch 224, loss: 1.445555, train acc: 0.951445, train avg acc: 0.925632
Test epoch 224, loss: 1.545632, test acc: 0.890194, test avg acc: 0.854267
Train epoch 225, loss: 1.446170, train acc: 0.953685, train avg acc: 0.929444
Test epoch 225, loss: 1.493231, test acc: 0.914911, test avg acc: 0.887622
Train epoch 226, loss: 1.447440, train acc: 0.952158, train avg acc: 0.927675
Test epoch 226, loss: 1.496863, test acc: 0.900729, test avg acc: 0.868959
Train epoch 227, loss: 1.449623, train acc: 0.953379, train avg acc: 0.928828
Test epoch 227, loss: 1.515342, test acc: 0.911669, test avg acc: 0.869663
Train epoch 228, loss: 1.450853, train acc: 0.950936, train avg acc: 0.926036
Test epoch 228, loss: 1.504739, test acc: 0.901540, test avg acc: 0.873256
Train epoch 229, loss: 1.449428, train acc: 0.948392, train avg acc: 0.920268
Test epoch 229, loss: 1.475630, test acc: 0.919368, test avg acc: 0.876547
Train epoch 230, loss: 1.441904, train acc: 0.952362, train avg acc: 0.927112
Test epoch 230, loss: 1.478967, test acc: 0.909643, test avg acc: 0.883163
Train epoch 231, loss: 1.446114, train acc: 0.951853, train avg acc: 0.925224
Test epoch 231, loss: 1.466804, test acc: 0.918963, test avg acc: 0.876576
Train epoch 232, loss: 1.443127, train acc: 0.954397, train avg acc: 0.928838
Test epoch 232, loss: 1.476842, test acc: 0.919773, test avg acc: 0.877116
Train epoch 233, loss: 1.440452, train acc: 0.956026, train avg acc: 0.931981
Test epoch 233, loss: 1.486803, test acc: 0.904376, test avg acc: 0.869012
Train epoch 234, loss: 1.442525, train acc: 0.952056, train avg acc: 0.927742
Test epoch 234, loss: 1.488194, test acc: 0.914100, test avg acc: 0.863500
Train epoch 235, loss: 1.438138, train acc: 0.955314, train avg acc: 0.929903
Test epoch 235, loss: 1.469947, test acc: 0.914100, test avg acc: 0.875837
Train epoch 236, loss: 1.443420, train acc: 0.953583, train avg acc: 0.930247
Test epoch 236, loss: 1.527968, test acc: 0.883712, test avg acc: 0.860994
Train epoch 237, loss: 1.449122, train acc: 0.952769, train avg acc: 0.928564
Test epoch 237, loss: 1.508311, test acc: 0.902755, test avg acc: 0.863116
Train epoch 238, loss: 1.447450, train acc: 0.953278, train avg acc: 0.928627
Test epoch 238, loss: 1.491795, test acc: 0.904376, test avg acc: 0.876698
Train epoch 239, loss: 1.443790, train acc: 0.954194, train avg acc: 0.928829
Test epoch 239, loss: 1.501190, test acc: 0.914506, test avg acc: 0.874453
Train epoch 240, loss: 1.432174, train acc: 0.961014, train avg acc: 0.939864
Test epoch 240, loss: 1.466465, test acc: 0.920989, test avg acc: 0.887413
Train epoch 241, loss: 1.439781, train acc: 0.954906, train avg acc: 0.930969
Test epoch 241, loss: 1.480848, test acc: 0.916126, test avg acc: 0.870547
Train epoch 242, loss: 1.434230, train acc: 0.958164, train avg acc: 0.938309
Test epoch 242, loss: 1.491613, test acc: 0.902755, test avg acc: 0.858663
Train epoch 243, loss: 1.443041, train acc: 0.954296, train avg acc: 0.930577
Test epoch 243, loss: 1.523649, test acc: 0.901540, test avg acc: 0.875076
Train epoch 244, loss: 1.441312, train acc: 0.953787, train avg acc: 0.929273
Test epoch 244, loss: 1.481346, test acc: 0.905592, test avg acc: 0.866465
Train epoch 245, loss: 1.440266, train acc: 0.954397, train avg acc: 0.929014
Test epoch 245, loss: 1.492718, test acc: 0.908023, test avg acc: 0.871453
Train epoch 246, loss: 1.449510, train acc: 0.950631, train avg acc: 0.925168
Test epoch 246, loss: 1.488099, test acc: 0.910049, test avg acc: 0.871971
Train epoch 247, loss: 1.441003, train acc: 0.954092, train avg acc: 0.929292
Test epoch 247, loss: 1.499773, test acc: 0.908023, test avg acc: 0.878698
Train epoch 248, loss: 1.437659, train acc: 0.956230, train avg acc: 0.933272
Test epoch 248, loss: 1.487403, test acc: 0.911264, test avg acc: 0.883052
Train epoch 249, loss: 1.425060, train acc: 0.959894, train avg acc: 0.938561
Test epoch 249, loss: 1.477055, test acc: 0.910859, test avg acc: 0.878959
Train epoch 250, loss: 1.432789, train acc: 0.957960, train avg acc: 0.935797
Test epoch 250, loss: 1.477076, test acc: 0.908023, test avg acc: 0.876756
Train epoch 251, loss: 1.429636, train acc: 0.958469, train avg acc: 0.938717
Test epoch 251, loss: 1.468399, test acc: 0.920583, test avg acc: 0.874616
Train epoch 252, loss: 1.427269, train acc: 0.960810, train avg acc: 0.939708
Test epoch 252, loss: 1.464382, test acc: 0.918558, test avg acc: 0.883884
Train epoch 253, loss: 1.435706, train acc: 0.956026, train avg acc: 0.931625
Test epoch 253, loss: 1.457698, test acc: 0.919773, test avg acc: 0.888407
Train epoch 254, loss: 1.419824, train acc: 0.962032, train avg acc: 0.939646
Test epoch 254, loss: 1.460392, test acc: 0.923420, test avg acc: 0.884866
Train epoch 255, loss: 1.424398, train acc: 0.958876, train avg acc: 0.935744
Test epoch 255, loss: 1.477429, test acc: 0.915721, test avg acc: 0.901581
Train epoch 256, loss: 1.427350, train acc: 0.960098, train avg acc: 0.939180
Test epoch 256, loss: 1.472161, test acc: 0.911669, test avg acc: 0.874337
Train epoch 257, loss: 1.428070, train acc: 0.960607, train avg acc: 0.941434
Test epoch 257, loss: 1.472051, test acc: 0.908833, test avg acc: 0.868831
Train epoch 258, loss: 1.419445, train acc: 0.961217, train avg acc: 0.937338
Test epoch 258, loss: 1.480206, test acc: 0.918152, test avg acc: 0.881291
Train epoch 259, loss: 1.424725, train acc: 0.959792, train avg acc: 0.938668
Test epoch 259, loss: 1.452502, test acc: 0.920583, test avg acc: 0.883907
Train epoch 260, loss: 1.424876, train acc: 0.959589, train avg acc: 0.938049
Test epoch 260, loss: 1.482415, test acc: 0.905186, test avg acc: 0.865157
Train epoch 261, loss: 1.422613, train acc: 0.961625, train avg acc: 0.941744
Test epoch 261, loss: 1.485717, test acc: 0.905592, test avg acc: 0.877209
Train epoch 262, loss: 1.426132, train acc: 0.958876, train avg acc: 0.934467
Test epoch 262, loss: 1.459880, test acc: 0.920178, test avg acc: 0.882657
Train epoch 263, loss: 1.424609, train acc: 0.960403, train avg acc: 0.939336
Test epoch 263, loss: 1.480571, test acc: 0.908023, test avg acc: 0.881076
Train epoch 264, loss: 1.426718, train acc: 0.960708, train avg acc: 0.938403
Test epoch 264, loss: 1.466623, test acc: 0.920178, test avg acc: 0.891041
Train epoch 265, loss: 1.421191, train acc: 0.963966, train avg acc: 0.943730
Test epoch 265, loss: 1.480439, test acc: 0.911264, test avg acc: 0.882576
Train epoch 266, loss: 1.432111, train acc: 0.957858, train avg acc: 0.935961
Test epoch 266, loss: 1.508451, test acc: 0.896272, test avg acc: 0.860547
Train epoch 267, loss: 1.422360, train acc: 0.959792, train avg acc: 0.938767
Test epoch 267, loss: 1.478445, test acc: 0.911669, test avg acc: 0.872413
Train epoch 268, loss: 1.423169, train acc: 0.960708, train avg acc: 0.941595
Test epoch 268, loss: 1.496526, test acc: 0.899514, test avg acc: 0.875459
Train epoch 269, loss: 1.424162, train acc: 0.962134, train avg acc: 0.940198
Test epoch 269, loss: 1.495507, test acc: 0.913290, test avg acc: 0.884250
Train epoch 270, loss: 1.418861, train acc: 0.964169, train avg acc: 0.947865
Test epoch 270, loss: 1.482675, test acc: 0.905592, test avg acc: 0.871959
Train epoch 271, loss: 1.424877, train acc: 0.961421, train avg acc: 0.941592
Test epoch 271, loss: 1.492203, test acc: 0.907618, test avg acc: 0.871994
Train epoch 272, loss: 1.421087, train acc: 0.960810, train avg acc: 0.940338
Test epoch 272, loss: 1.472048, test acc: 0.913290, test avg acc: 0.884209
Train epoch 273, loss: 1.424206, train acc: 0.958367, train avg acc: 0.934883
Test epoch 273, loss: 1.501055, test acc: 0.897488, test avg acc: 0.881715
Train epoch 274, loss: 1.423919, train acc: 0.958571, train avg acc: 0.935318
Test epoch 274, loss: 1.504784, test acc: 0.906402, test avg acc: 0.885860
Train epoch 275, loss: 1.413503, train acc: 0.963966, train avg acc: 0.945712
Test epoch 275, loss: 1.492972, test acc: 0.902350, test avg acc: 0.871674
Train epoch 276, loss: 1.415269, train acc: 0.964271, train avg acc: 0.946000
Test epoch 276, loss: 1.493952, test acc: 0.902350, test avg acc: 0.872331
Train epoch 277, loss: 1.418935, train acc: 0.961116, train avg acc: 0.939987
Test epoch 277, loss: 1.481973, test acc: 0.909238, test avg acc: 0.877326
Train epoch 278, loss: 1.408486, train acc: 0.967325, train avg acc: 0.949856
Test epoch 278, loss: 1.502564, test acc: 0.910859, test avg acc: 0.882453
Train epoch 279, loss: 1.412647, train acc: 0.964373, train avg acc: 0.944615
Test epoch 279, loss: 1.477456, test acc: 0.918558, test avg acc: 0.875122
Train epoch 280, loss: 1.420794, train acc: 0.961217, train avg acc: 0.939837
Test epoch 280, loss: 1.471784, test acc: 0.908833, test avg acc: 0.869419
Train epoch 281, loss: 1.411994, train acc: 0.963966, train avg acc: 0.945293
Test epoch 281, loss: 1.499174, test acc: 0.914506, test avg acc: 0.897576
Train epoch 282, loss: 1.408336, train acc: 0.967427, train avg acc: 0.951378
Test epoch 282, loss: 1.495767, test acc: 0.909238, test avg acc: 0.879669
Train epoch 283, loss: 1.407181, train acc: 0.965900, train avg acc: 0.947370
Test epoch 283, loss: 1.464278, test acc: 0.922204, test avg acc: 0.887198
Train epoch 284, loss: 1.405792, train acc: 0.967834, train avg acc: 0.947800
Test epoch 284, loss: 1.495578, test acc: 0.899919, test avg acc: 0.863477
Train epoch 285, loss: 1.411171, train acc: 0.963660, train avg acc: 0.942838
Test epoch 285, loss: 1.488338, test acc: 0.903566, test avg acc: 0.882134
Train epoch 286, loss: 1.398810, train acc: 0.971397, train avg acc: 0.954598
Test epoch 286, loss: 1.479038, test acc: 0.905186, test avg acc: 0.878959
Train epoch 287, loss: 1.410554, train acc: 0.966612, train avg acc: 0.950075
Test epoch 287, loss: 1.474763, test acc: 0.912075, test avg acc: 0.887128
Train epoch 288, loss: 1.408477, train acc: 0.965594, train avg acc: 0.947860
Test epoch 288, loss: 1.467957, test acc: 0.910859, test avg acc: 0.876872
Train epoch 289, loss: 1.414539, train acc: 0.962541, train avg acc: 0.942940
Test epoch 289, loss: 1.483476, test acc: 0.909238, test avg acc: 0.884000
Train epoch 290, loss: 1.407014, train acc: 0.965798, train avg acc: 0.947555
Test epoch 290, loss: 1.472790, test acc: 0.915721, test avg acc: 0.888913
Train epoch 291, loss: 1.406905, train acc: 0.967223, train avg acc: 0.949641
Test epoch 291, loss: 1.471989, test acc: 0.908023, test avg acc: 0.879674
Train epoch 292, loss: 1.408264, train acc: 0.967020, train avg acc: 0.949006
Test epoch 292, loss: 1.490090, test acc: 0.914911, test avg acc: 0.892291
Train epoch 293, loss: 1.406037, train acc: 0.967325, train avg acc: 0.950700
Test epoch 293, loss: 1.470316, test acc: 0.915721, test avg acc: 0.883587
Train epoch 294, loss: 1.404234, train acc: 0.967630, train avg acc: 0.950932
Test epoch 294, loss: 1.469892, test acc: 0.913695, test avg acc: 0.871134
Train epoch 295, loss: 1.414816, train acc: 0.963151, train avg acc: 0.943337
Test epoch 295, loss: 1.483256, test acc: 0.908428, test avg acc: 0.876535
Train epoch 296, loss: 1.409904, train acc: 0.965696, train avg acc: 0.947046
Test epoch 296, loss: 1.480948, test acc: 0.905186, test avg acc: 0.882326
Train epoch 297, loss: 1.401950, train acc: 0.969157, train avg acc: 0.954122
Test epoch 297, loss: 1.465897, test acc: 0.915721, test avg acc: 0.885791
Train epoch 298, loss: 1.407393, train acc: 0.968139, train avg acc: 0.951202
Test epoch 298, loss: 1.478727, test acc: 0.914506, test avg acc: 0.885494
Train epoch 299, loss: 1.396912, train acc: 0.970684, train avg acc: 0.956084
Test epoch 299, loss: 1.469336, test acc: 0.909643, test avg acc: 0.877494
Train epoch 300, loss: 1.396443, train acc: 0.971295, train avg acc: 0.955959
Test epoch 300, loss: 1.469364, test acc: 0.914100, test avg acc: 0.882715
Train epoch 301, loss: 1.396489, train acc: 0.971702, train avg acc: 0.956391
Test epoch 301, loss: 1.503176, test acc: 0.901135, test avg acc: 0.887634
Train epoch 302, loss: 1.399226, train acc: 0.969463, train avg acc: 0.952362
Test epoch 302, loss: 1.487466, test acc: 0.909238, test avg acc: 0.892035
Train epoch 303, loss: 1.396764, train acc: 0.970786, train avg acc: 0.955892
Test epoch 303, loss: 1.465988, test acc: 0.910049, test avg acc: 0.878890
Train epoch 304, loss: 1.394804, train acc: 0.970175, train avg acc: 0.952909
Test epoch 304, loss: 1.476414, test acc: 0.914100, test avg acc: 0.882872
Train epoch 305, loss: 1.399680, train acc: 0.969361, train avg acc: 0.952638
Test epoch 305, loss: 1.470889, test acc: 0.920583, test avg acc: 0.880331
Train epoch 306, loss: 1.395859, train acc: 0.970480, train avg acc: 0.955240
Test epoch 306, loss: 1.463752, test acc: 0.911264, test avg acc: 0.884669
Train epoch 307, loss: 1.399040, train acc: 0.969870, train avg acc: 0.953644
Test epoch 307, loss: 1.458705, test acc: 0.920989, test avg acc: 0.885378
Train epoch 308, loss: 1.399333, train acc: 0.966511, train avg acc: 0.949097
Test epoch 308, loss: 1.457369, test acc: 0.913695, test avg acc: 0.875081
Train epoch 309, loss: 1.395210, train acc: 0.971600, train avg acc: 0.955823
Test epoch 309, loss: 1.468928, test acc: 0.911669, test avg acc: 0.881959
Train epoch 310, loss: 1.395633, train acc: 0.971702, train avg acc: 0.956027
Test epoch 310, loss: 1.468201, test acc: 0.917342, test avg acc: 0.890669
Train epoch 311, loss: 1.385626, train acc: 0.976893, train avg acc: 0.964090
Test epoch 311, loss: 1.472272, test acc: 0.914100, test avg acc: 0.888419
Train epoch 312, loss: 1.395684, train acc: 0.968648, train avg acc: 0.951434
Test epoch 312, loss: 1.460658, test acc: 0.910454, test avg acc: 0.875285
Train epoch 313, loss: 1.389592, train acc: 0.972109, train avg acc: 0.958676
Test epoch 313, loss: 1.452344, test acc: 0.915316, test avg acc: 0.875541
Train epoch 314, loss: 1.385864, train acc: 0.975163, train avg acc: 0.962585
Test epoch 314, loss: 1.462854, test acc: 0.914506, test avg acc: 0.880953
Train epoch 315, loss: 1.393974, train acc: 0.970684, train avg acc: 0.955682
Test epoch 315, loss: 1.457476, test acc: 0.914100, test avg acc: 0.881715
Train epoch 316, loss: 1.396278, train acc: 0.969361, train avg acc: 0.952565
Test epoch 316, loss: 1.468088, test acc: 0.914100, test avg acc: 0.875547
Train epoch 317, loss: 1.391039, train acc: 0.971091, train avg acc: 0.956222
Test epoch 317, loss: 1.471080, test acc: 0.912075, test avg acc: 0.891326
Train epoch 318, loss: 1.383588, train acc: 0.974552, train avg acc: 0.960886
Test epoch 318, loss: 1.450556, test acc: 0.923420, test avg acc: 0.893791
Train epoch 319, loss: 1.388951, train acc: 0.974450, train avg acc: 0.960012
Test epoch 319, loss: 1.459159, test acc: 0.916937, test avg acc: 0.890500
Train epoch 320, loss: 1.393075, train acc: 0.971906, train avg acc: 0.956841
Test epoch 320, loss: 1.470014, test acc: 0.916937, test avg acc: 0.881919
Train epoch 321, loss: 1.385079, train acc: 0.973432, train avg acc: 0.959094
Test epoch 321, loss: 1.475115, test acc: 0.914506, test avg acc: 0.867000
Train epoch 322, loss: 1.387019, train acc: 0.973738, train avg acc: 0.959888
Test epoch 322, loss: 1.459088, test acc: 0.918963, test avg acc: 0.887209
Train epoch 323, loss: 1.387035, train acc: 0.974654, train avg acc: 0.962798
Test epoch 323, loss: 1.484187, test acc: 0.905592, test avg acc: 0.879541
Train epoch 324, loss: 1.385119, train acc: 0.974552, train avg acc: 0.958996
Test epoch 324, loss: 1.458080, test acc: 0.910859, test avg acc: 0.877174
Train epoch 325, loss: 1.385275, train acc: 0.973127, train avg acc: 0.958250
Test epoch 325, loss: 1.459377, test acc: 0.914506, test avg acc: 0.882541
Train epoch 326, loss: 1.376129, train acc: 0.978522, train avg acc: 0.967618
Test epoch 326, loss: 1.460123, test acc: 0.916937, test avg acc: 0.876663
Train epoch 327, loss: 1.378513, train acc: 0.975265, train avg acc: 0.963383
Test epoch 327, loss: 1.455568, test acc: 0.916937, test avg acc: 0.879541
Train epoch 328, loss: 1.381516, train acc: 0.975163, train avg acc: 0.960649
Test epoch 328, loss: 1.460717, test acc: 0.917342, test avg acc: 0.890913
Train epoch 329, loss: 1.381338, train acc: 0.976079, train avg acc: 0.963315
Test epoch 329, loss: 1.458610, test acc: 0.920178, test avg acc: 0.897872
Train epoch 330, loss: 1.377453, train acc: 0.978522, train avg acc: 0.967007
Test epoch 330, loss: 1.476344, test acc: 0.913290, test avg acc: 0.879994
Train epoch 331, loss: 1.374696, train acc: 0.978624, train avg acc: 0.968778
Test epoch 331, loss: 1.460376, test acc: 0.922204, test avg acc: 0.893372
Train epoch 332, loss: 1.379985, train acc: 0.975774, train avg acc: 0.963401
Test epoch 332, loss: 1.474192, test acc: 0.911669, test avg acc: 0.888378
Train epoch 333, loss: 1.385811, train acc: 0.974552, train avg acc: 0.960076
Test epoch 333, loss: 1.466328, test acc: 0.916937, test avg acc: 0.880663
Train epoch 334, loss: 1.383708, train acc: 0.972109, train avg acc: 0.956069
Test epoch 334, loss: 1.469934, test acc: 0.916126, test avg acc: 0.891622
Train epoch 335, loss: 1.385153, train acc: 0.975672, train avg acc: 0.963192
Test epoch 335, loss: 1.468185, test acc: 0.917747, test avg acc: 0.893959
Train epoch 336, loss: 1.380947, train acc: 0.974552, train avg acc: 0.962380
Test epoch 336, loss: 1.470721, test acc: 0.913290, test avg acc: 0.880297
Train epoch 337, loss: 1.381437, train acc: 0.974552, train avg acc: 0.960667
Test epoch 337, loss: 1.470859, test acc: 0.907212, test avg acc: 0.878884
Train epoch 338, loss: 1.372707, train acc: 0.979133, train avg acc: 0.969318
Test epoch 338, loss: 1.474628, test acc: 0.910049, test avg acc: 0.881041
Train epoch 339, loss: 1.383002, train acc: 0.974145, train avg acc: 0.961390
Test epoch 339, loss: 1.467831, test acc: 0.913695, test avg acc: 0.883831
Train epoch 340, loss: 1.370201, train acc: 0.981169, train avg acc: 0.970844
Test epoch 340, loss: 1.461552, test acc: 0.919368, test avg acc: 0.886163
Train epoch 341, loss: 1.373732, train acc: 0.979947, train avg acc: 0.969561
Test epoch 341, loss: 1.456967, test acc: 0.916126, test avg acc: 0.882459
Train epoch 342, loss: 1.373465, train acc: 0.978013, train avg acc: 0.966131
Test epoch 342, loss: 1.452195, test acc: 0.917342, test avg acc: 0.882744
Train epoch 343, loss: 1.379020, train acc: 0.976283, train avg acc: 0.963896
Test epoch 343, loss: 1.455783, test acc: 0.912480, test avg acc: 0.880459
Train epoch 344, loss: 1.375670, train acc: 0.978522, train avg acc: 0.967277
Test epoch 344, loss: 1.448910, test acc: 0.918963, test avg acc: 0.887709
Train epoch 345, loss: 1.374831, train acc: 0.977199, train avg acc: 0.963787
Test epoch 345, loss: 1.463547, test acc: 0.916126, test avg acc: 0.880581
Train epoch 346, loss: 1.371325, train acc: 0.978827, train avg acc: 0.966626
Test epoch 346, loss: 1.463171, test acc: 0.917747, test avg acc: 0.880994
Train epoch 347, loss: 1.373034, train acc: 0.976893, train avg acc: 0.963999
Test epoch 347, loss: 1.456245, test acc: 0.926661, test avg acc: 0.899331
Train epoch 348, loss: 1.372295, train acc: 0.977911, train avg acc: 0.964819
Test epoch 348, loss: 1.459404, test acc: 0.916126, test avg acc: 0.881744
Train epoch 349, loss: 1.372978, train acc: 0.976690, train avg acc: 0.965543
Test epoch 349, loss: 1.456186, test acc: 0.916126, test avg acc: 0.891000
Train epoch 350, loss: 1.368049, train acc: 0.979438, train avg acc: 0.969741
Test epoch 350, loss: 1.441318, test acc: 0.927472, test avg acc: 0.903994
Train epoch 351, loss: 1.372850, train acc: 0.976588, train avg acc: 0.965417
Test epoch 351, loss: 1.468028, test acc: 0.909238, test avg acc: 0.885576
Train epoch 352, loss: 1.368341, train acc: 0.979540, train avg acc: 0.969176
Test epoch 352, loss: 1.445204, test acc: 0.923420, test avg acc: 0.885076
Train epoch 353, loss: 1.364129, train acc: 0.981169, train avg acc: 0.972381
Test epoch 353, loss: 1.477703, test acc: 0.904376, test avg acc: 0.875953
Train epoch 354, loss: 1.368045, train acc: 0.980863, train avg acc: 0.971224
Test epoch 354, loss: 1.458957, test acc: 0.911264, test avg acc: 0.885285
Train epoch 355, loss: 1.357782, train acc: 0.983103, train avg acc: 0.973127
Test epoch 355, loss: 1.437323, test acc: 0.924230, test avg acc: 0.885913
Train epoch 356, loss: 1.361873, train acc: 0.981779, train avg acc: 0.972919
Test epoch 356, loss: 1.458026, test acc: 0.913290, test avg acc: 0.883866
Train epoch 357, loss: 1.361142, train acc: 0.980965, train avg acc: 0.971864
Test epoch 357, loss: 1.451546, test acc: 0.914506, test avg acc: 0.887913
Train epoch 358, loss: 1.358762, train acc: 0.982288, train avg acc: 0.971841
Test epoch 358, loss: 1.460856, test acc: 0.919368, test avg acc: 0.888872
Train epoch 359, loss: 1.356931, train acc: 0.984324, train avg acc: 0.975799
Test epoch 359, loss: 1.451032, test acc: 0.915316, test avg acc: 0.888953
Train epoch 360, loss: 1.363125, train acc: 0.981169, train avg acc: 0.972436
Test epoch 360, loss: 1.449128, test acc: 0.918152, test avg acc: 0.888035
Train epoch 361, loss: 1.358540, train acc: 0.983713, train avg acc: 0.974834
Test epoch 361, loss: 1.465440, test acc: 0.912480, test avg acc: 0.880541
Train epoch 362, loss: 1.358917, train acc: 0.981779, train avg acc: 0.970503
Test epoch 362, loss: 1.463317, test acc: 0.916937, test avg acc: 0.894744
Train epoch 363, loss: 1.362904, train acc: 0.981067, train avg acc: 0.969772
Test epoch 363, loss: 1.478343, test acc: 0.912075, test avg acc: 0.876203
Train epoch 364, loss: 1.356254, train acc: 0.981779, train avg acc: 0.971412
Test epoch 364, loss: 1.450786, test acc: 0.914506, test avg acc: 0.892872
Train epoch 365, loss: 1.355950, train acc: 0.982797, train avg acc: 0.974567
Test epoch 365, loss: 1.465506, test acc: 0.909238, test avg acc: 0.876500
Train epoch 366, loss: 1.358754, train acc: 0.984528, train avg acc: 0.976158
Test epoch 366, loss: 1.455628, test acc: 0.914100, test avg acc: 0.881500
Train epoch 367, loss: 1.355171, train acc: 0.984222, train avg acc: 0.975086
Test epoch 367, loss: 1.457638, test acc: 0.921799, test avg acc: 0.899169
Train epoch 368, loss: 1.356469, train acc: 0.983917, train avg acc: 0.977191
Test epoch 368, loss: 1.447404, test acc: 0.920178, test avg acc: 0.889326
Train epoch 369, loss: 1.359288, train acc: 0.982797, train avg acc: 0.972989
Test epoch 369, loss: 1.443476, test acc: 0.924635, test avg acc: 0.892831
Train epoch 370, loss: 1.359478, train acc: 0.982797, train avg acc: 0.974184
Test epoch 370, loss: 1.463107, test acc: 0.920583, test avg acc: 0.891326
Train epoch 371, loss: 1.359340, train acc: 0.981983, train avg acc: 0.972469
Test epoch 371, loss: 1.446373, test acc: 0.924635, test avg acc: 0.896203
Train epoch 372, loss: 1.355301, train acc: 0.981881, train avg acc: 0.971077
Test epoch 372, loss: 1.444570, test acc: 0.921799, test avg acc: 0.891413
Train epoch 373, loss: 1.358788, train acc: 0.983103, train avg acc: 0.974781
Test epoch 373, loss: 1.450811, test acc: 0.918152, test avg acc: 0.888913
Train epoch 374, loss: 1.351178, train acc: 0.984935, train avg acc: 0.976264
Test epoch 374, loss: 1.452456, test acc: 0.920178, test avg acc: 0.887948
Train epoch 375, loss: 1.356667, train acc: 0.983103, train avg acc: 0.973826
Test epoch 375, loss: 1.442002, test acc: 0.918152, test avg acc: 0.886122
Train epoch 376, loss: 1.351000, train acc: 0.985851, train avg acc: 0.978006
Test epoch 376, loss: 1.450463, test acc: 0.916532, test avg acc: 0.886326
Train epoch 377, loss: 1.353942, train acc: 0.984019, train avg acc: 0.976428
Test epoch 377, loss: 1.461485, test acc: 0.912075, test avg acc: 0.878791
Train epoch 378, loss: 1.350781, train acc: 0.985444, train avg acc: 0.978627
Test epoch 378, loss: 1.445402, test acc: 0.921394, test avg acc: 0.892831
Train epoch 379, loss: 1.350048, train acc: 0.984935, train avg acc: 0.977968
Test epoch 379, loss: 1.445531, test acc: 0.922609, test avg acc: 0.884535
Train epoch 380, loss: 1.347777, train acc: 0.986665, train avg acc: 0.979928
Test epoch 380, loss: 1.455877, test acc: 0.918152, test avg acc: 0.884459
Train epoch 381, loss: 1.351532, train acc: 0.984426, train avg acc: 0.976353
Test epoch 381, loss: 1.466101, test acc: 0.914911, test avg acc: 0.892703
Train epoch 382, loss: 1.355244, train acc: 0.982797, train avg acc: 0.974697
Test epoch 382, loss: 1.452297, test acc: 0.920989, test avg acc: 0.882500
Train epoch 383, loss: 1.349665, train acc: 0.985749, train avg acc: 0.979872
Test epoch 383, loss: 1.450001, test acc: 0.920178, test avg acc: 0.891872
Train epoch 384, loss: 1.346930, train acc: 0.986767, train avg acc: 0.980485
Test epoch 384, loss: 1.449547, test acc: 0.918558, test avg acc: 0.889622
Train epoch 385, loss: 1.343061, train acc: 0.987683, train avg acc: 0.981138
Test epoch 385, loss: 1.449848, test acc: 0.918152, test avg acc: 0.892587
Train epoch 386, loss: 1.341541, train acc: 0.988498, train avg acc: 0.981603
Test epoch 386, loss: 1.445383, test acc: 0.920583, test avg acc: 0.890872
Train epoch 387, loss: 1.348165, train acc: 0.985240, train avg acc: 0.977090
Test epoch 387, loss: 1.442226, test acc: 0.924230, test avg acc: 0.894244
Train epoch 388, loss: 1.342670, train acc: 0.987276, train avg acc: 0.981089
Test epoch 388, loss: 1.447084, test acc: 0.922609, test avg acc: 0.889076
Train epoch 389, loss: 1.344709, train acc: 0.987072, train avg acc: 0.979780
Test epoch 389, loss: 1.449145, test acc: 0.918963, test avg acc: 0.885657
Train epoch 390, loss: 1.346824, train acc: 0.985647, train avg acc: 0.978431
Test epoch 390, loss: 1.440302, test acc: 0.920583, test avg acc: 0.893576
Train epoch 391, loss: 1.342074, train acc: 0.988294, train avg acc: 0.981938
Test epoch 391, loss: 1.460038, test acc: 0.915316, test avg acc: 0.890000
Train epoch 392, loss: 1.343169, train acc: 0.986767, train avg acc: 0.981351
Test epoch 392, loss: 1.448070, test acc: 0.918152, test avg acc: 0.891163
Train epoch 393, loss: 1.346333, train acc: 0.986360, train avg acc: 0.978203
Test epoch 393, loss: 1.442037, test acc: 0.924230, test avg acc: 0.893831
Train epoch 394, loss: 1.340588, train acc: 0.988294, train avg acc: 0.982095
Test epoch 394, loss: 1.451225, test acc: 0.916937, test avg acc: 0.889738
Train epoch 395, loss: 1.344446, train acc: 0.985240, train avg acc: 0.978299
Test epoch 395, loss: 1.443180, test acc: 0.923825, test avg acc: 0.887622
Train epoch 396, loss: 1.341165, train acc: 0.988396, train avg acc: 0.983177
Test epoch 396, loss: 1.441565, test acc: 0.928282, test avg acc: 0.899663
Train epoch 397, loss: 1.336191, train acc: 0.989923, train avg acc: 0.984090
Test epoch 397, loss: 1.438202, test acc: 0.925851, test avg acc: 0.895081
Train epoch 398, loss: 1.339254, train acc: 0.988192, train avg acc: 0.981528
Test epoch 398, loss: 1.446356, test acc: 0.923015, test avg acc: 0.895372
Train epoch 399, loss: 1.342002, train acc: 0.985647, train avg acc: 0.978084
Test epoch 399, loss: 1.442831, test acc: 0.920989, test avg acc: 0.892035
Train epoch 400, loss: 1.338708, train acc: 0.987480, train avg acc: 0.981067
Test epoch 400, loss: 1.438850, test acc: 0.917342, test avg acc: 0.885663
Train epoch 401, loss: 1.334452, train acc: 0.989617, train avg acc: 0.983692
Test epoch 401, loss: 1.441879, test acc: 0.925041, test avg acc: 0.888744
Train epoch 402, loss: 1.339683, train acc: 0.986971, train avg acc: 0.981782
Test epoch 402, loss: 1.438847, test acc: 0.925041, test avg acc: 0.896366
Train epoch 403, loss: 1.336770, train acc: 0.988803, train avg acc: 0.983087
Test epoch 403, loss: 1.438307, test acc: 0.925851, test avg acc: 0.892535
Train epoch 404, loss: 1.335077, train acc: 0.988396, train avg acc: 0.982424
Test epoch 404, loss: 1.447220, test acc: 0.922609, test avg acc: 0.890663
Train epoch 405, loss: 1.335961, train acc: 0.988905, train avg acc: 0.983233
Test epoch 405, loss: 1.450078, test acc: 0.918152, test avg acc: 0.884116
Train epoch 406, loss: 1.338437, train acc: 0.987683, train avg acc: 0.980852
Test epoch 406, loss: 1.460564, test acc: 0.917747, test avg acc: 0.896081
Train epoch 407, loss: 1.331957, train acc: 0.990941, train avg acc: 0.987779
Test epoch 407, loss: 1.445777, test acc: 0.918152, test avg acc: 0.887413
Train epoch 408, loss: 1.331413, train acc: 0.991857, train avg acc: 0.987901
Test epoch 408, loss: 1.448601, test acc: 0.920583, test avg acc: 0.893628
Train epoch 409, loss: 1.332913, train acc: 0.989719, train avg acc: 0.985209
Test epoch 409, loss: 1.446083, test acc: 0.921799, test avg acc: 0.893076
Train epoch 410, loss: 1.335450, train acc: 0.988090, train avg acc: 0.981802
Test epoch 410, loss: 1.443222, test acc: 0.925446, test avg acc: 0.891744
Train epoch 411, loss: 1.339404, train acc: 0.987072, train avg acc: 0.980663
Test epoch 411, loss: 1.445745, test acc: 0.918963, test avg acc: 0.888378
Train epoch 412, loss: 1.332805, train acc: 0.989515, train avg acc: 0.983092
Test epoch 412, loss: 1.447330, test acc: 0.919368, test avg acc: 0.890378
Train epoch 413, loss: 1.335130, train acc: 0.988294, train avg acc: 0.982693
Test epoch 413, loss: 1.441675, test acc: 0.919773, test avg acc: 0.889541
Train epoch 414, loss: 1.334319, train acc: 0.989312, train avg acc: 0.983963
Test epoch 414, loss: 1.444856, test acc: 0.923420, test avg acc: 0.893622
Train epoch 415, loss: 1.334106, train acc: 0.989719, train avg acc: 0.985164
Test epoch 415, loss: 1.444119, test acc: 0.921394, test avg acc: 0.885535
Train epoch 416, loss: 1.328094, train acc: 0.991551, train avg acc: 0.987949
Test epoch 416, loss: 1.441051, test acc: 0.919773, test avg acc: 0.886494
Train epoch 417, loss: 1.330076, train acc: 0.989719, train avg acc: 0.984226
Test epoch 417, loss: 1.438006, test acc: 0.923015, test avg acc: 0.886163
Train epoch 418, loss: 1.326174, train acc: 0.991144, train avg acc: 0.985722
Test epoch 418, loss: 1.443383, test acc: 0.920583, test avg acc: 0.884122
Train epoch 419, loss: 1.324164, train acc: 0.991144, train avg acc: 0.986874
Test epoch 419, loss: 1.447252, test acc: 0.918963, test avg acc: 0.887157
Train epoch 420, loss: 1.327313, train acc: 0.991144, train avg acc: 0.986905
Test epoch 420, loss: 1.431875, test acc: 0.924635, test avg acc: 0.889494
Train epoch 421, loss: 1.328358, train acc: 0.991042, train avg acc: 0.987022
Test epoch 421, loss: 1.432940, test acc: 0.924230, test avg acc: 0.895913
Train epoch 422, loss: 1.324080, train acc: 0.992162, train avg acc: 0.988485
Test epoch 422, loss: 1.432482, test acc: 0.927472, test avg acc: 0.900953
Train epoch 423, loss: 1.328060, train acc: 0.991246, train avg acc: 0.986731
Test epoch 423, loss: 1.442711, test acc: 0.920989, test avg acc: 0.890244
Train epoch 424, loss: 1.330859, train acc: 0.989719, train avg acc: 0.984938
Test epoch 424, loss: 1.442395, test acc: 0.923825, test avg acc: 0.892953
Train epoch 425, loss: 1.327637, train acc: 0.990330, train avg acc: 0.985166
Test epoch 425, loss: 1.441767, test acc: 0.918963, test avg acc: 0.884372
Train epoch 426, loss: 1.325483, train acc: 0.991450, train avg acc: 0.986074
Test epoch 426, loss: 1.438152, test acc: 0.920989, test avg acc: 0.885872
Train epoch 427, loss: 1.325917, train acc: 0.991857, train avg acc: 0.987640
Test epoch 427, loss: 1.439593, test acc: 0.923420, test avg acc: 0.893622
Train epoch 428, loss: 1.329678, train acc: 0.990839, train avg acc: 0.986011
Test epoch 428, loss: 1.445871, test acc: 0.922609, test avg acc: 0.888407
Train epoch 429, loss: 1.324682, train acc: 0.991958, train avg acc: 0.989174
Test epoch 429, loss: 1.438051, test acc: 0.923825, test avg acc: 0.895203
Train epoch 430, loss: 1.321792, train acc: 0.992671, train avg acc: 0.989296
Test epoch 430, loss: 1.440697, test acc: 0.926256, test avg acc: 0.898953
Train epoch 431, loss: 1.326717, train acc: 0.990024, train avg acc: 0.985041
Test epoch 431, loss: 1.441450, test acc: 0.923015, test avg acc: 0.891035
Train epoch 432, loss: 1.324143, train acc: 0.991857, train avg acc: 0.988029
Test epoch 432, loss: 1.438559, test acc: 0.925041, test avg acc: 0.899785
Train epoch 433, loss: 1.322669, train acc: 0.991246, train avg acc: 0.986963
Test epoch 433, loss: 1.434016, test acc: 0.926661, test avg acc: 0.895157
Train epoch 434, loss: 1.323233, train acc: 0.991551, train avg acc: 0.987087
Test epoch 434, loss: 1.436822, test acc: 0.926256, test avg acc: 0.894570
Train epoch 435, loss: 1.321663, train acc: 0.994096, train avg acc: 0.992506
Test epoch 435, loss: 1.434952, test acc: 0.925446, test avg acc: 0.894279
Train epoch 436, loss: 1.321646, train acc: 0.992569, train avg acc: 0.988624
Test epoch 436, loss: 1.440568, test acc: 0.921799, test avg acc: 0.889831
Train epoch 437, loss: 1.326866, train acc: 0.991246, train avg acc: 0.986752
Test epoch 437, loss: 1.438355, test acc: 0.923825, test avg acc: 0.896285
Train epoch 438, loss: 1.326492, train acc: 0.991857, train avg acc: 0.987788
Test epoch 438, loss: 1.440004, test acc: 0.925446, test avg acc: 0.892116
Train epoch 439, loss: 1.319667, train acc: 0.993282, train avg acc: 0.989903
Test epoch 439, loss: 1.442624, test acc: 0.923825, test avg acc: 0.893238
Train epoch 440, loss: 1.324391, train acc: 0.991144, train avg acc: 0.985924
Test epoch 440, loss: 1.440179, test acc: 0.923420, test avg acc: 0.898663
Train epoch 441, loss: 1.323473, train acc: 0.991857, train avg acc: 0.987714
Test epoch 441, loss: 1.435539, test acc: 0.928282, test avg acc: 0.898576
Train epoch 442, loss: 1.320033, train acc: 0.993994, train avg acc: 0.990332
Test epoch 442, loss: 1.439867, test acc: 0.921799, test avg acc: 0.890448
Train epoch 443, loss: 1.324238, train acc: 0.992162, train avg acc: 0.987858
Test epoch 443, loss: 1.437818, test acc: 0.926661, test avg acc: 0.892826
Train epoch 444, loss: 1.319102, train acc: 0.992773, train avg acc: 0.988971
Test epoch 444, loss: 1.434552, test acc: 0.925851, test avg acc: 0.893116
Train epoch 445, loss: 1.316901, train acc: 0.994198, train avg acc: 0.991132
Test epoch 445, loss: 1.438428, test acc: 0.927066, test avg acc: 0.892907
Train epoch 446, loss: 1.318112, train acc: 0.993893, train avg acc: 0.990375
Test epoch 446, loss: 1.440281, test acc: 0.924230, test avg acc: 0.891953
Train epoch 447, loss: 1.319569, train acc: 0.992264, train avg acc: 0.987034
Test epoch 447, loss: 1.436381, test acc: 0.927066, test avg acc: 0.899872
Train epoch 448, loss: 1.319276, train acc: 0.993078, train avg acc: 0.987605
Test epoch 448, loss: 1.446110, test acc: 0.921394, test avg acc: 0.892203
Train epoch 449, loss: 1.318959, train acc: 0.993282, train avg acc: 0.989349
Test epoch 449, loss: 1.439220, test acc: 0.926256, test avg acc: 0.900535
Train epoch 450, loss: 1.319244, train acc: 0.993180, train avg acc: 0.989924
Test epoch 450, loss: 1.437266, test acc: 0.925041, test avg acc: 0.898866
Train epoch 451, loss: 1.321252, train acc: 0.992162, train avg acc: 0.987655
Test epoch 451, loss: 1.437776, test acc: 0.923825, test avg acc: 0.894703
Train epoch 452, loss: 1.322540, train acc: 0.991958, train avg acc: 0.987444
Test epoch 452, loss: 1.439604, test acc: 0.925041, test avg acc: 0.891576
Train epoch 453, loss: 1.317529, train acc: 0.992773, train avg acc: 0.989449
Test epoch 453, loss: 1.438602, test acc: 0.923825, test avg acc: 0.892703
Train epoch 454, loss: 1.315918, train acc: 0.994503, train avg acc: 0.991184
Test epoch 454, loss: 1.442559, test acc: 0.922609, test avg acc: 0.895913
Train epoch 455, loss: 1.318160, train acc: 0.993282, train avg acc: 0.989548
Test epoch 455, loss: 1.436167, test acc: 0.925851, test avg acc: 0.896285
Train epoch 456, loss: 1.317568, train acc: 0.992976, train avg acc: 0.989174
Test epoch 456, loss: 1.441037, test acc: 0.925851, test avg acc: 0.895116
Train epoch 457, loss: 1.317039, train acc: 0.993282, train avg acc: 0.990020
Test epoch 457, loss: 1.435796, test acc: 0.926661, test avg acc: 0.898744
Train epoch 458, loss: 1.315684, train acc: 0.993893, train avg acc: 0.991303
Test epoch 458, loss: 1.440278, test acc: 0.921799, test avg acc: 0.891203
Train epoch 459, loss: 1.318388, train acc: 0.992875, train avg acc: 0.988669
Test epoch 459, loss: 1.440773, test acc: 0.922609, test avg acc: 0.892913
Train epoch 460, loss: 1.317827, train acc: 0.992569, train avg acc: 0.988447
Test epoch 460, loss: 1.433623, test acc: 0.926256, test avg acc: 0.895535
Train epoch 461, loss: 1.318443, train acc: 0.993282, train avg acc: 0.989937
Test epoch 461, loss: 1.436293, test acc: 0.925446, test avg acc: 0.896413
Train epoch 462, loss: 1.311991, train acc: 0.995725, train avg acc: 0.993401
Test epoch 462, loss: 1.440250, test acc: 0.925446, test avg acc: 0.901703
Train epoch 463, loss: 1.313351, train acc: 0.994503, train avg acc: 0.992710
Test epoch 463, loss: 1.436851, test acc: 0.925041, test avg acc: 0.895657
Train epoch 464, loss: 1.317003, train acc: 0.993282, train avg acc: 0.989845
Test epoch 464, loss: 1.439718, test acc: 0.922609, test avg acc: 0.892116
Train epoch 465, loss: 1.315358, train acc: 0.994300, train avg acc: 0.991749
Test epoch 465, loss: 1.442553, test acc: 0.923825, test avg acc: 0.893035
Train epoch 466, loss: 1.316111, train acc: 0.993384, train avg acc: 0.990245
Test epoch 466, loss: 1.438190, test acc: 0.927066, test avg acc: 0.899948
Train epoch 467, loss: 1.317724, train acc: 0.993791, train avg acc: 0.991069
Test epoch 467, loss: 1.441768, test acc: 0.921799, test avg acc: 0.896291
Train epoch 468, loss: 1.312407, train acc: 0.994809, train avg acc: 0.993015
Test epoch 468, loss: 1.436422, test acc: 0.923420, test avg acc: 0.891250
Train epoch 469, loss: 1.316988, train acc: 0.992162, train avg acc: 0.987519
Test epoch 469, loss: 1.442386, test acc: 0.922204, test avg acc: 0.894872
Train epoch 470, loss: 1.317697, train acc: 0.992366, train avg acc: 0.988829
Test epoch 470, loss: 1.435296, test acc: 0.926256, test avg acc: 0.899000
Train epoch 471, loss: 1.314193, train acc: 0.994605, train avg acc: 0.991972
Test epoch 471, loss: 1.437437, test acc: 0.928282, test avg acc: 0.904453
Train epoch 472, loss: 1.317319, train acc: 0.993078, train avg acc: 0.989046
Test epoch 472, loss: 1.442525, test acc: 0.919773, test avg acc: 0.892041
Train epoch 473, loss: 1.315888, train acc: 0.993994, train avg acc: 0.991757
Test epoch 473, loss: 1.439051, test acc: 0.923825, test avg acc: 0.893866
Train epoch 474, loss: 1.309133, train acc: 0.995928, train avg acc: 0.993372
Test epoch 474, loss: 1.439890, test acc: 0.923015, test avg acc: 0.893203
Train epoch 475, loss: 1.315167, train acc: 0.993384, train avg acc: 0.989944
Test epoch 475, loss: 1.434964, test acc: 0.923825, test avg acc: 0.895744
Train epoch 476, loss: 1.313931, train acc: 0.994401, train avg acc: 0.991357
Test epoch 476, loss: 1.436435, test acc: 0.925446, test avg acc: 0.894622
Train epoch 477, loss: 1.314939, train acc: 0.994401, train avg acc: 0.991127
Test epoch 477, loss: 1.440192, test acc: 0.924230, test avg acc: 0.892285
Train epoch 478, loss: 1.312775, train acc: 0.994503, train avg acc: 0.991784
Test epoch 478, loss: 1.439194, test acc: 0.928282, test avg acc: 0.899779
Train epoch 479, loss: 1.314084, train acc: 0.993791, train avg acc: 0.990517
Test epoch 479, loss: 1.441789, test acc: 0.925041, test avg acc: 0.896622
Train epoch 480, loss: 1.315088, train acc: 0.994096, train avg acc: 0.991326
Test epoch 480, loss: 1.441097, test acc: 0.924635, test avg acc: 0.893657
Train epoch 481, loss: 1.312461, train acc: 0.994910, train avg acc: 0.992522
Test epoch 481, loss: 1.443301, test acc: 0.922204, test avg acc: 0.893994
Train epoch 482, loss: 1.312727, train acc: 0.994198, train avg acc: 0.991926
Test epoch 482, loss: 1.436761, test acc: 0.925851, test avg acc: 0.898285
Train epoch 483, loss: 1.313683, train acc: 0.993791, train avg acc: 0.991030
Test epoch 483, loss: 1.441186, test acc: 0.927877, test avg acc: 0.899576
Train epoch 484, loss: 1.314069, train acc: 0.993282, train avg acc: 0.990400
Test epoch 484, loss: 1.440890, test acc: 0.924230, test avg acc: 0.895163
Train epoch 485, loss: 1.310393, train acc: 0.995725, train avg acc: 0.992998
Test epoch 485, loss: 1.437486, test acc: 0.925851, test avg acc: 0.897285
Train epoch 486, loss: 1.312890, train acc: 0.994503, train avg acc: 0.992148
Test epoch 486, loss: 1.438923, test acc: 0.922204, test avg acc: 0.894791
Train epoch 487, loss: 1.310539, train acc: 0.994707, train avg acc: 0.992749
Test epoch 487, loss: 1.438208, test acc: 0.925041, test avg acc: 0.896453
Train epoch 488, loss: 1.316864, train acc: 0.992671, train avg acc: 0.988849
Test epoch 488, loss: 1.436638, test acc: 0.923825, test avg acc: 0.897750
Train epoch 489, loss: 1.314867, train acc: 0.995216, train avg acc: 0.992965
Test epoch 489, loss: 1.441332, test acc: 0.921799, test avg acc: 0.894663
Train epoch 490, loss: 1.312946, train acc: 0.994300, train avg acc: 0.991850
Test epoch 490, loss: 1.444006, test acc: 0.921394, test avg acc: 0.894453
Train epoch 491, loss: 1.313993, train acc: 0.995012, train avg acc: 0.992481
Test epoch 491, loss: 1.440571, test acc: 0.922204, test avg acc: 0.894541
Train epoch 492, loss: 1.312167, train acc: 0.994809, train avg acc: 0.991880
Test epoch 492, loss: 1.436952, test acc: 0.924230, test avg acc: 0.895203
Train epoch 493, loss: 1.311201, train acc: 0.994910, train avg acc: 0.993010
Test epoch 493, loss: 1.438976, test acc: 0.925041, test avg acc: 0.896622
Train epoch 494, loss: 1.315161, train acc: 0.993180, train avg acc: 0.989049
Test epoch 494, loss: 1.442061, test acc: 0.922204, test avg acc: 0.894872
Train epoch 495, loss: 1.311571, train acc: 0.994300, train avg acc: 0.990495
Test epoch 495, loss: 1.437332, test acc: 0.927877, test avg acc: 0.899494
Train epoch 496, loss: 1.313274, train acc: 0.994605, train avg acc: 0.992120
Test epoch 496, loss: 1.436487, test acc: 0.925446, test avg acc: 0.894953
Train epoch 497, loss: 1.314116, train acc: 0.994300, train avg acc: 0.991503
Test epoch 497, loss: 1.438068, test acc: 0.925041, test avg acc: 0.894535
Train epoch 498, loss: 1.310274, train acc: 0.995623, train avg acc: 0.993209
Test epoch 498, loss: 1.438003, test acc: 0.924230, test avg acc: 0.892285
Train epoch 499, loss: 1.313774, train acc: 0.993384, train avg acc: 0.990675
Test epoch 499, loss: 1.441157, test acc: 0.924230, test avg acc: 0.893163
