Namespace(augmix_cutmix_prob=0.5, augmix_prob=0.0, batch_size=32, beta=1.0, data_path='./data/modelnet40_normal_resampled', dataset='modelnet40', dropout=0.5, emb_dims=1024, epochs=500, eval=False, exp_name='augmix_cutmix_lams5_dgcnn_1024', jitter=False, k=20, knn=False, lr=0.001, model='dgcnn', model_path='', modelnet10=False, momentum=0.9, no_cuda=False, normal=False, nsample=512, num_points=1024, rddrop=False, rdscale=False, rot=False, rsmix_prob=0.0, seed=1, shift=False, shuffle=False, test_batch_size=16, use_sgd=True)
Using GPU : 0 from 1 devices
Train epoch 0, loss: 2.756750, train acc: 0.448086, train avg acc: 0.277319
Test epoch 0, loss: 2.242076, test acc: 0.613047, test avg acc: 0.468017
Train epoch 1, loss: 2.197922, train acc: 0.638945, train avg acc: 0.466887
Test epoch 1, loss: 1.952797, test acc: 0.743517, test avg acc: 0.608430
Train epoch 2, loss: 2.052445, train acc: 0.700936, train avg acc: 0.544975
Test epoch 2, loss: 1.879827, test acc: 0.758914, test avg acc: 0.649029
Train epoch 3, loss: 1.961339, train acc: 0.742162, train avg acc: 0.604860
Test epoch 3, loss: 1.799446, test acc: 0.803890, test avg acc: 0.687390
Train epoch 4, loss: 1.885862, train acc: 0.773107, train avg acc: 0.650543
Test epoch 4, loss: 1.752234, test acc: 0.822123, test avg acc: 0.716314
Train epoch 5, loss: 1.858505, train acc: 0.787357, train avg acc: 0.670276
Test epoch 5, loss: 1.699099, test acc: 0.846840, test avg acc: 0.737262
Train epoch 6, loss: 1.818555, train acc: 0.809752, train avg acc: 0.701673
Test epoch 6, loss: 1.705845, test acc: 0.848865, test avg acc: 0.775302
Train epoch 7, loss: 1.796224, train acc: 0.815045, train avg acc: 0.719962
Test epoch 7, loss: 1.776860, test acc: 0.814425, test avg acc: 0.761610
Train epoch 8, loss: 1.779517, train acc: 0.821559, train avg acc: 0.725946
Test epoch 8, loss: 1.705107, test acc: 0.846029, test avg acc: 0.772570
Train epoch 9, loss: 1.752771, train acc: 0.831535, train avg acc: 0.740270
Test epoch 9, loss: 1.661115, test acc: 0.863452, test avg acc: 0.810605
Train epoch 10, loss: 1.730928, train acc: 0.838457, train avg acc: 0.748094
Test epoch 10, loss: 1.615905, test acc: 0.876418, test avg acc: 0.814436
Train epoch 11, loss: 1.720302, train acc: 0.844259, train avg acc: 0.760966
Test epoch 11, loss: 1.675640, test acc: 0.847245, test avg acc: 0.769087
Train epoch 12, loss: 1.709274, train acc: 0.849959, train avg acc: 0.768311
Test epoch 12, loss: 1.632146, test acc: 0.876013, test avg acc: 0.797564
Train epoch 13, loss: 1.700611, train acc: 0.854642, train avg acc: 0.773069
Test epoch 13, loss: 1.584127, test acc: 0.901135, test avg acc: 0.835047
Train epoch 14, loss: 1.693945, train acc: 0.856678, train avg acc: 0.777829
Test epoch 14, loss: 1.623467, test acc: 0.861021, test avg acc: 0.799151
Train epoch 15, loss: 1.690659, train acc: 0.856474, train avg acc: 0.774383
Test epoch 15, loss: 1.576452, test acc: 0.888574, test avg acc: 0.835430
Train epoch 16, loss: 1.683975, train acc: 0.860444, train avg acc: 0.783810
Test epoch 16, loss: 1.600331, test acc: 0.886548, test avg acc: 0.813006
Train epoch 17, loss: 1.670617, train acc: 0.866857, train avg acc: 0.792583
Test epoch 17, loss: 1.576834, test acc: 0.880065, test avg acc: 0.801523
Train epoch 18, loss: 1.657781, train acc: 0.871234, train avg acc: 0.796965
Test epoch 18, loss: 1.587050, test acc: 0.889384, test avg acc: 0.836424
Train epoch 19, loss: 1.653055, train acc: 0.872761, train avg acc: 0.802223
Test epoch 19, loss: 1.575492, test acc: 0.888169, test avg acc: 0.835151
Train epoch 20, loss: 1.648559, train acc: 0.875713, train avg acc: 0.808234
Test epoch 20, loss: 1.567700, test acc: 0.891410, test avg acc: 0.818174
Train epoch 21, loss: 1.646807, train acc: 0.874084, train avg acc: 0.805025
Test epoch 21, loss: 1.581588, test acc: 0.880470, test avg acc: 0.821965
Train epoch 22, loss: 1.636900, train acc: 0.877647, train avg acc: 0.812443
Test epoch 22, loss: 1.584720, test acc: 0.882496, test avg acc: 0.840872
Train epoch 23, loss: 1.644553, train acc: 0.874796, train avg acc: 0.809568
Test epoch 23, loss: 1.578709, test acc: 0.887358, test avg acc: 0.823541
Train epoch 24, loss: 1.624905, train acc: 0.884365, train avg acc: 0.821313
Test epoch 24, loss: 1.596701, test acc: 0.872366, test avg acc: 0.828413
Train epoch 25, loss: 1.618505, train acc: 0.888029, train avg acc: 0.825994
Test epoch 25, loss: 1.561011, test acc: 0.889789, test avg acc: 0.832384
Train epoch 26, loss: 1.619603, train acc: 0.882125, train avg acc: 0.822759
Test epoch 26, loss: 1.611340, test acc: 0.872771, test avg acc: 0.821814
Train epoch 27, loss: 1.624330, train acc: 0.882329, train avg acc: 0.818456
Test epoch 27, loss: 1.581299, test acc: 0.880065, test avg acc: 0.813744
Train epoch 28, loss: 1.611285, train acc: 0.886401, train avg acc: 0.820606
Test epoch 28, loss: 1.577822, test acc: 0.884117, test avg acc: 0.819616
Train epoch 29, loss: 1.619113, train acc: 0.885586, train avg acc: 0.823801
Test epoch 29, loss: 1.582579, test acc: 0.892626, test avg acc: 0.848564
Train epoch 30, loss: 1.608920, train acc: 0.891490, train avg acc: 0.831076
Test epoch 30, loss: 1.542161, test acc: 0.900324, test avg acc: 0.846709
Train epoch 31, loss: 1.602646, train acc: 0.893221, train avg acc: 0.832451
Test epoch 31, loss: 1.552239, test acc: 0.893031, test avg acc: 0.855215
Train epoch 32, loss: 1.604553, train acc: 0.894849, train avg acc: 0.840006
Test epoch 32, loss: 1.541854, test acc: 0.895057, test avg acc: 0.847419
Train epoch 33, loss: 1.601884, train acc: 0.893730, train avg acc: 0.836347
Test epoch 33, loss: 1.560939, test acc: 0.889384, test avg acc: 0.826599
Train epoch 34, loss: 1.591523, train acc: 0.896580, train avg acc: 0.841811
Test epoch 34, loss: 1.573315, test acc: 0.882901, test avg acc: 0.828436
Train epoch 35, loss: 1.607392, train acc: 0.889047, train avg acc: 0.828419
Test epoch 35, loss: 1.607231, test acc: 0.876418, test avg acc: 0.822965
Train epoch 36, loss: 1.603035, train acc: 0.890778, train avg acc: 0.830582
Test epoch 36, loss: 1.549205, test acc: 0.886953, test avg acc: 0.820227
Train epoch 37, loss: 1.599076, train acc: 0.890472, train avg acc: 0.831995
Test epoch 37, loss: 1.552897, test acc: 0.890194, test avg acc: 0.828953
Train epoch 38, loss: 1.591327, train acc: 0.897089, train avg acc: 0.841974
Test epoch 38, loss: 1.578565, test acc: 0.886953, test avg acc: 0.841663
Train epoch 39, loss: 1.583646, train acc: 0.899023, train avg acc: 0.842922
Test epoch 39, loss: 1.556229, test acc: 0.896272, test avg acc: 0.857343
Train epoch 40, loss: 1.582495, train acc: 0.904825, train avg acc: 0.853125
Test epoch 40, loss: 1.614090, test acc: 0.873582, test avg acc: 0.823244
Train epoch 41, loss: 1.587694, train acc: 0.902077, train avg acc: 0.850388
Test epoch 41, loss: 1.545227, test acc: 0.893031, test avg acc: 0.859419
Train epoch 42, loss: 1.583768, train acc: 0.899837, train avg acc: 0.845419
Test epoch 42, loss: 1.581078, test acc: 0.889384, test avg acc: 0.836349
Train epoch 43, loss: 1.582513, train acc: 0.899226, train avg acc: 0.846326
Test epoch 43, loss: 1.606092, test acc: 0.884927, test avg acc: 0.846983
Train epoch 44, loss: 1.581839, train acc: 0.903909, train avg acc: 0.850659
Test epoch 44, loss: 1.534091, test acc: 0.898703, test avg acc: 0.868087
Train epoch 45, loss: 1.575784, train acc: 0.905843, train avg acc: 0.855330
Test epoch 45, loss: 1.532071, test acc: 0.895462, test avg acc: 0.838517
Train epoch 46, loss: 1.579146, train acc: 0.900041, train avg acc: 0.845188
Test epoch 46, loss: 1.556876, test acc: 0.889789, test avg acc: 0.840436
Train epoch 47, loss: 1.562073, train acc: 0.907573, train avg acc: 0.860039
Test epoch 47, loss: 1.542541, test acc: 0.895057, test avg acc: 0.850151
Train epoch 48, loss: 1.570130, train acc: 0.906250, train avg acc: 0.855179
Test epoch 48, loss: 1.553244, test acc: 0.886953, test avg acc: 0.829767
Train epoch 49, loss: 1.573497, train acc: 0.904011, train avg acc: 0.852482
Test epoch 49, loss: 1.552731, test acc: 0.886143, test avg acc: 0.836419
Train epoch 50, loss: 1.562925, train acc: 0.907268, train avg acc: 0.859622
Test epoch 50, loss: 1.548573, test acc: 0.895462, test avg acc: 0.853727
Train epoch 51, loss: 1.564673, train acc: 0.907675, train avg acc: 0.855688
Test epoch 51, loss: 1.540857, test acc: 0.895462, test avg acc: 0.844314
Train epoch 52, loss: 1.571330, train acc: 0.905029, train avg acc: 0.852699
Test epoch 52, loss: 1.547979, test acc: 0.885332, test avg acc: 0.860238
Train epoch 53, loss: 1.565339, train acc: 0.902993, train avg acc: 0.849875
Test epoch 53, loss: 1.557586, test acc: 0.885737, test avg acc: 0.846645
Train epoch 54, loss: 1.569174, train acc: 0.905436, train avg acc: 0.853236
Test epoch 54, loss: 1.511679, test acc: 0.907618, test avg acc: 0.858378
Train epoch 55, loss: 1.560340, train acc: 0.907879, train avg acc: 0.856482
Test epoch 55, loss: 1.551031, test acc: 0.903566, test avg acc: 0.852878
Train epoch 56, loss: 1.554993, train acc: 0.911747, train avg acc: 0.864082
Test epoch 56, loss: 1.541485, test acc: 0.894246, test avg acc: 0.845674
Train epoch 57, loss: 1.561519, train acc: 0.906250, train avg acc: 0.855866
Test epoch 57, loss: 1.546144, test acc: 0.895867, test avg acc: 0.861326
Train epoch 58, loss: 1.554589, train acc: 0.910322, train avg acc: 0.861873
Test epoch 58, loss: 1.516716, test acc: 0.915721, test avg acc: 0.868785
Train epoch 59, loss: 1.548121, train acc: 0.913986, train avg acc: 0.865544
Test epoch 59, loss: 1.519921, test acc: 0.907212, test avg acc: 0.867017
Train epoch 60, loss: 1.553068, train acc: 0.913070, train avg acc: 0.867666
Test epoch 60, loss: 1.533521, test acc: 0.901540, test avg acc: 0.850203
Train epoch 61, loss: 1.550795, train acc: 0.914393, train avg acc: 0.866800
Test epoch 61, loss: 1.548927, test acc: 0.894652, test avg acc: 0.853552
Train epoch 62, loss: 1.553725, train acc: 0.913375, train avg acc: 0.866965
Test epoch 62, loss: 1.638013, test acc: 0.887763, test avg acc: 0.835424
Train epoch 63, loss: 1.558231, train acc: 0.911645, train avg acc: 0.863130
Test epoch 63, loss: 1.564939, test acc: 0.892220, test avg acc: 0.843587
Train epoch 64, loss: 1.548973, train acc: 0.911136, train avg acc: 0.863276
Test epoch 64, loss: 1.582493, test acc: 0.874797, test avg acc: 0.844157
Train epoch 65, loss: 1.552377, train acc: 0.913783, train avg acc: 0.866275
Test epoch 65, loss: 1.533613, test acc: 0.899919, test avg acc: 0.858343
Train epoch 66, loss: 1.550148, train acc: 0.912968, train avg acc: 0.865803
Test epoch 66, loss: 1.534093, test acc: 0.897893, test avg acc: 0.850331
Train epoch 67, loss: 1.552985, train acc: 0.911238, train avg acc: 0.863082
Test epoch 67, loss: 1.533194, test acc: 0.901540, test avg acc: 0.857721
Train epoch 68, loss: 1.545344, train acc: 0.915411, train avg acc: 0.871291
Test epoch 68, loss: 1.511235, test acc: 0.909238, test avg acc: 0.860203
Train epoch 69, loss: 1.549847, train acc: 0.912459, train avg acc: 0.862445
Test epoch 69, loss: 1.540324, test acc: 0.887358, test avg acc: 0.851994
Train epoch 70, loss: 1.552076, train acc: 0.911238, train avg acc: 0.862704
Test epoch 70, loss: 1.549966, test acc: 0.896272, test avg acc: 0.854762
Train epoch 71, loss: 1.544804, train acc: 0.914902, train avg acc: 0.871610
Test epoch 71, loss: 1.527385, test acc: 0.893841, test avg acc: 0.843750
Train epoch 72, loss: 1.547185, train acc: 0.914088, train avg acc: 0.868197
Test epoch 72, loss: 1.553840, test acc: 0.888574, test avg acc: 0.852709
Train epoch 73, loss: 1.547373, train acc: 0.912866, train avg acc: 0.865839
Test epoch 73, loss: 1.626405, test acc: 0.882901, test avg acc: 0.840134
Train epoch 74, loss: 1.527603, train acc: 0.924878, train avg acc: 0.884662
Test epoch 74, loss: 1.566687, test acc: 0.887763, test avg acc: 0.856093
Train epoch 75, loss: 1.537985, train acc: 0.919483, train avg acc: 0.875529
Test epoch 75, loss: 1.537677, test acc: 0.893031, test avg acc: 0.854384
Train epoch 76, loss: 1.545754, train acc: 0.914597, train avg acc: 0.868906
Test epoch 76, loss: 1.561214, test acc: 0.888169, test avg acc: 0.840738
Train epoch 77, loss: 1.536941, train acc: 0.917142, train avg acc: 0.870427
Test epoch 77, loss: 1.530522, test acc: 0.890600, test avg acc: 0.849628
Train epoch 78, loss: 1.537427, train acc: 0.917956, train avg acc: 0.875230
Test epoch 78, loss: 1.526412, test acc: 0.903971, test avg acc: 0.840593
Train epoch 79, loss: 1.545286, train acc: 0.912765, train avg acc: 0.866355
Test epoch 79, loss: 1.516521, test acc: 0.903566, test avg acc: 0.857331
Train epoch 80, loss: 1.532547, train acc: 0.921417, train avg acc: 0.879147
Test epoch 80, loss: 1.530162, test acc: 0.895462, test avg acc: 0.846628
Train epoch 81, loss: 1.535223, train acc: 0.919992, train avg acc: 0.879582
Test epoch 81, loss: 1.591275, test acc: 0.887763, test avg acc: 0.834174
Train epoch 82, loss: 1.531680, train acc: 0.922740, train avg acc: 0.878574
Test epoch 82, loss: 1.528595, test acc: 0.888979, test avg acc: 0.852012
Train epoch 83, loss: 1.533323, train acc: 0.919279, train avg acc: 0.874860
Test epoch 83, loss: 1.561011, test acc: 0.880470, test avg acc: 0.829779
Train epoch 84, loss: 1.523096, train acc: 0.923758, train avg acc: 0.881909
Test epoch 84, loss: 1.511815, test acc: 0.889789, test avg acc: 0.843512
Train epoch 85, loss: 1.523893, train acc: 0.921112, train avg acc: 0.878751
Test epoch 85, loss: 1.545198, test acc: 0.883306, test avg acc: 0.856547
Train epoch 86, loss: 1.531720, train acc: 0.916735, train avg acc: 0.875767
Test epoch 86, loss: 1.511278, test acc: 0.906402, test avg acc: 0.867291
Train epoch 87, loss: 1.527904, train acc: 0.922944, train avg acc: 0.880953
Test epoch 87, loss: 1.531903, test acc: 0.899919, test avg acc: 0.846006
Train epoch 88, loss: 1.529679, train acc: 0.921824, train avg acc: 0.878007
Test epoch 88, loss: 1.522126, test acc: 0.895462, test avg acc: 0.850808
Train epoch 89, loss: 1.524971, train acc: 0.921112, train avg acc: 0.881625
Test epoch 89, loss: 1.516750, test acc: 0.906402, test avg acc: 0.859424
Train epoch 90, loss: 1.528525, train acc: 0.920603, train avg acc: 0.879409
Test epoch 90, loss: 1.522232, test acc: 0.911669, test avg acc: 0.863837
Train epoch 91, loss: 1.523648, train acc: 0.923656, train avg acc: 0.882557
Test epoch 91, loss: 1.518533, test acc: 0.906402, test avg acc: 0.854860
Train epoch 92, loss: 1.533548, train acc: 0.916531, train avg acc: 0.870420
Test epoch 92, loss: 1.578331, test acc: 0.873987, test avg acc: 0.819610
Train epoch 93, loss: 1.530569, train acc: 0.920501, train avg acc: 0.875895
Test epoch 93, loss: 1.528896, test acc: 0.899919, test avg acc: 0.860762
Train epoch 94, loss: 1.523556, train acc: 0.925794, train avg acc: 0.886486
Test epoch 94, loss: 1.530190, test acc: 0.893436, test avg acc: 0.851291
Train epoch 95, loss: 1.526145, train acc: 0.922842, train avg acc: 0.880132
Test epoch 95, loss: 1.519958, test acc: 0.901945, test avg acc: 0.850174
Train epoch 96, loss: 1.523739, train acc: 0.923860, train avg acc: 0.883742
Test epoch 96, loss: 1.536304, test acc: 0.890194, test avg acc: 0.857965
Train epoch 97, loss: 1.529567, train acc: 0.924369, train avg acc: 0.883947
Test epoch 97, loss: 1.534302, test acc: 0.886548, test avg acc: 0.852215
Train epoch 98, loss: 1.526571, train acc: 0.921722, train avg acc: 0.876854
Test epoch 98, loss: 1.543193, test acc: 0.890194, test avg acc: 0.837250
Train epoch 99, loss: 1.522186, train acc: 0.925387, train avg acc: 0.884127
Test epoch 99, loss: 1.549191, test acc: 0.885332, test avg acc: 0.846262
Train epoch 100, loss: 1.520725, train acc: 0.922435, train avg acc: 0.879266
Test epoch 100, loss: 1.526884, test acc: 0.896677, test avg acc: 0.848372
Train epoch 101, loss: 1.521461, train acc: 0.923860, train avg acc: 0.883306
Test epoch 101, loss: 1.540611, test acc: 0.898298, test avg acc: 0.857331
Train epoch 102, loss: 1.529911, train acc: 0.919890, train avg acc: 0.874309
Test epoch 102, loss: 1.556715, test acc: 0.903566, test avg acc: 0.847297
Train epoch 103, loss: 1.516872, train acc: 0.926201, train avg acc: 0.886410
Test epoch 103, loss: 1.564754, test acc: 0.886953, test avg acc: 0.849628
Train epoch 104, loss: 1.515353, train acc: 0.925692, train avg acc: 0.884496
Test epoch 104, loss: 1.505133, test acc: 0.897893, test avg acc: 0.848378
Train epoch 105, loss: 1.523160, train acc: 0.921417, train avg acc: 0.878928
Test epoch 105, loss: 1.511594, test acc: 0.905997, test avg acc: 0.877634
Train epoch 106, loss: 1.523615, train acc: 0.924471, train avg acc: 0.881314
Test epoch 106, loss: 1.539174, test acc: 0.891005, test avg acc: 0.851459
Train epoch 107, loss: 1.514874, train acc: 0.927728, train avg acc: 0.889695
Test epoch 107, loss: 1.534471, test acc: 0.899109, test avg acc: 0.870459
Train epoch 108, loss: 1.516404, train acc: 0.924267, train avg acc: 0.884353
Test epoch 108, loss: 1.550035, test acc: 0.899109, test avg acc: 0.858140
Train epoch 109, loss: 1.520664, train acc: 0.922740, train avg acc: 0.880353
Test epoch 109, loss: 1.538259, test acc: 0.903566, test avg acc: 0.851587
Train epoch 110, loss: 1.508019, train acc: 0.928644, train avg acc: 0.887699
Test epoch 110, loss: 1.504287, test acc: 0.907212, test avg acc: 0.870035
Train epoch 111, loss: 1.515117, train acc: 0.925489, train avg acc: 0.883466
Test epoch 111, loss: 1.555563, test acc: 0.891005, test avg acc: 0.830099
Train epoch 112, loss: 1.517127, train acc: 0.926099, train avg acc: 0.885546
Test epoch 112, loss: 1.495807, test acc: 0.915721, test avg acc: 0.879459
Train epoch 113, loss: 1.510096, train acc: 0.928746, train avg acc: 0.894033
Test epoch 113, loss: 1.526183, test acc: 0.900729, test avg acc: 0.873087
Train epoch 114, loss: 1.515130, train acc: 0.926914, train avg acc: 0.888687
Test epoch 114, loss: 1.532247, test acc: 0.898703, test avg acc: 0.858110
Train epoch 115, loss: 1.505532, train acc: 0.929357, train avg acc: 0.889225
Test epoch 115, loss: 1.558117, test acc: 0.895867, test avg acc: 0.856692
Train epoch 116, loss: 1.508298, train acc: 0.929662, train avg acc: 0.891508
Test epoch 116, loss: 1.554087, test acc: 0.899514, test avg acc: 0.849878
Train epoch 117, loss: 1.515581, train acc: 0.927932, train avg acc: 0.888675
Test epoch 117, loss: 1.518623, test acc: 0.895867, test avg acc: 0.843012
Train epoch 118, loss: 1.514903, train acc: 0.926710, train avg acc: 0.887777
Test epoch 118, loss: 1.496427, test acc: 0.914506, test avg acc: 0.872209
Train epoch 119, loss: 1.500746, train acc: 0.932410, train avg acc: 0.895477
Test epoch 119, loss: 1.545115, test acc: 0.900324, test avg acc: 0.847047
Train epoch 120, loss: 1.509869, train acc: 0.928441, train avg acc: 0.891110
Test epoch 120, loss: 1.510211, test acc: 0.903566, test avg acc: 0.857302
Train epoch 121, loss: 1.489834, train acc: 0.938925, train avg acc: 0.904987
Test epoch 121, loss: 1.499598, test acc: 0.904376, test avg acc: 0.861081
Train epoch 122, loss: 1.506140, train acc: 0.930171, train avg acc: 0.892212
Test epoch 122, loss: 1.498881, test acc: 0.910454, test avg acc: 0.871767
Train epoch 123, loss: 1.507101, train acc: 0.930069, train avg acc: 0.891164
Test epoch 123, loss: 1.511333, test acc: 0.909238, test avg acc: 0.862535
Train epoch 124, loss: 1.503817, train acc: 0.931393, train avg acc: 0.892762
Test epoch 124, loss: 1.546497, test acc: 0.883306, test avg acc: 0.830558
Train epoch 125, loss: 1.495119, train acc: 0.935871, train avg acc: 0.902446
Test epoch 125, loss: 1.531015, test acc: 0.892626, test avg acc: 0.860331
Train epoch 126, loss: 1.507520, train acc: 0.928237, train avg acc: 0.890705
Test epoch 126, loss: 1.488755, test acc: 0.912480, test avg acc: 0.871541
Train epoch 127, loss: 1.512740, train acc: 0.927423, train avg acc: 0.888098
Test epoch 127, loss: 1.513626, test acc: 0.897893, test avg acc: 0.860715
Train epoch 128, loss: 1.508083, train acc: 0.929458, train avg acc: 0.890551
Test epoch 128, loss: 1.540246, test acc: 0.892220, test avg acc: 0.854087
Train epoch 129, loss: 1.506478, train acc: 0.930171, train avg acc: 0.892529
Test epoch 129, loss: 1.554109, test acc: 0.886548, test avg acc: 0.852773
Train epoch 130, loss: 1.498018, train acc: 0.934650, train avg acc: 0.897068
Test epoch 130, loss: 1.522098, test acc: 0.903160, test avg acc: 0.859041
Train epoch 131, loss: 1.513814, train acc: 0.923758, train avg acc: 0.885279
Test epoch 131, loss: 1.545192, test acc: 0.892626, test avg acc: 0.852453
Train epoch 132, loss: 1.506414, train acc: 0.930476, train avg acc: 0.892079
Test epoch 132, loss: 1.562199, test acc: 0.894652, test avg acc: 0.863297
Train epoch 133, loss: 1.494962, train acc: 0.934650, train avg acc: 0.901052
Test epoch 133, loss: 1.509314, test acc: 0.903160, test avg acc: 0.854099
Train epoch 134, loss: 1.499041, train acc: 0.934039, train avg acc: 0.897259
Test epoch 134, loss: 1.525275, test acc: 0.896272, test avg acc: 0.860047
Train epoch 135, loss: 1.491980, train acc: 0.936584, train avg acc: 0.902756
Test epoch 135, loss: 1.495013, test acc: 0.906402, test avg acc: 0.877331
Train epoch 136, loss: 1.497046, train acc: 0.932818, train avg acc: 0.896319
Test epoch 136, loss: 1.548017, test acc: 0.893436, test avg acc: 0.857634
Train epoch 137, loss: 1.491467, train acc: 0.936177, train avg acc: 0.901172
Test epoch 137, loss: 1.523263, test acc: 0.899919, test avg acc: 0.853785
Train epoch 138, loss: 1.504280, train acc: 0.930273, train avg acc: 0.893636
Test epoch 138, loss: 1.527478, test acc: 0.893841, test avg acc: 0.865343
Train epoch 139, loss: 1.486537, train acc: 0.937500, train avg acc: 0.904992
Test epoch 139, loss: 1.519275, test acc: 0.901945, test avg acc: 0.848052
Train epoch 140, loss: 1.497139, train acc: 0.933225, train avg acc: 0.896822
Test epoch 140, loss: 1.520883, test acc: 0.895867, test avg acc: 0.865174
Train epoch 141, loss: 1.505799, train acc: 0.929255, train avg acc: 0.891690
Test epoch 141, loss: 1.534410, test acc: 0.889789, test avg acc: 0.862587
Train epoch 142, loss: 1.488139, train acc: 0.939841, train avg acc: 0.906250
Test epoch 142, loss: 1.577314, test acc: 0.874392, test avg acc: 0.858547
Train epoch 143, loss: 1.498266, train acc: 0.931291, train avg acc: 0.896123
Test epoch 143, loss: 1.498945, test acc: 0.905997, test avg acc: 0.878331
Train epoch 144, loss: 1.496043, train acc: 0.933225, train avg acc: 0.895626
Test epoch 144, loss: 1.504057, test acc: 0.910049, test avg acc: 0.872785
Train epoch 145, loss: 1.497785, train acc: 0.934039, train avg acc: 0.898982
Test epoch 145, loss: 1.503740, test acc: 0.903566, test avg acc: 0.852424
Train epoch 146, loss: 1.495211, train acc: 0.935871, train avg acc: 0.904223
Test epoch 146, loss: 1.516706, test acc: 0.893841, test avg acc: 0.851576
Train epoch 147, loss: 1.491055, train acc: 0.935057, train avg acc: 0.897928
Test epoch 147, loss: 1.499302, test acc: 0.905592, test avg acc: 0.872936
Train epoch 148, loss: 1.497422, train acc: 0.930273, train avg acc: 0.894712
Test epoch 148, loss: 1.527584, test acc: 0.894246, test avg acc: 0.860459
Train epoch 149, loss: 1.493923, train acc: 0.936279, train avg acc: 0.902039
Test epoch 149, loss: 1.526436, test acc: 0.897083, test avg acc: 0.841680
Train epoch 150, loss: 1.495879, train acc: 0.930985, train avg acc: 0.894816
Test epoch 150, loss: 1.526789, test acc: 0.899109, test avg acc: 0.857221
Train epoch 151, loss: 1.492510, train acc: 0.933734, train avg acc: 0.896810
Test epoch 151, loss: 1.514119, test acc: 0.908833, test avg acc: 0.864343
Train epoch 152, loss: 1.484589, train acc: 0.939332, train avg acc: 0.911049
Test epoch 152, loss: 1.546549, test acc: 0.901945, test avg acc: 0.873134
Train epoch 153, loss: 1.484768, train acc: 0.938925, train avg acc: 0.908281
Test epoch 153, loss: 1.488040, test acc: 0.915721, test avg acc: 0.881041
Train epoch 154, loss: 1.487419, train acc: 0.938620, train avg acc: 0.906057
Test epoch 154, loss: 1.529505, test acc: 0.895057, test avg acc: 0.858250
Train epoch 155, loss: 1.481531, train acc: 0.941063, train avg acc: 0.909125
Test epoch 155, loss: 1.539794, test acc: 0.891410, test avg acc: 0.860174
Train epoch 156, loss: 1.474248, train acc: 0.941368, train avg acc: 0.908800
Test epoch 156, loss: 1.537734, test acc: 0.908833, test avg acc: 0.866076
Train epoch 157, loss: 1.489471, train acc: 0.937296, train avg acc: 0.904015
Test epoch 157, loss: 1.536119, test acc: 0.887763, test avg acc: 0.850965
Train epoch 158, loss: 1.481142, train acc: 0.940656, train avg acc: 0.908416
Test epoch 158, loss: 1.501731, test acc: 0.904376, test avg acc: 0.869541
Train epoch 159, loss: 1.478946, train acc: 0.940045, train avg acc: 0.906630
Test epoch 159, loss: 1.504060, test acc: 0.904376, test avg acc: 0.860762
Train epoch 160, loss: 1.479314, train acc: 0.940859, train avg acc: 0.909122
Test epoch 160, loss: 1.548138, test acc: 0.889384, test avg acc: 0.881192
Train epoch 161, loss: 1.488632, train acc: 0.938009, train avg acc: 0.903848
Test epoch 161, loss: 1.487432, test acc: 0.908023, test avg acc: 0.864471
Train epoch 162, loss: 1.480732, train acc: 0.942081, train avg acc: 0.910896
Test epoch 162, loss: 1.529965, test acc: 0.898298, test avg acc: 0.845913
Train epoch 163, loss: 1.479685, train acc: 0.943404, train avg acc: 0.913072
Test epoch 163, loss: 1.508330, test acc: 0.908833, test avg acc: 0.868140
Train epoch 164, loss: 1.485062, train acc: 0.940248, train avg acc: 0.910824
Test epoch 164, loss: 1.529104, test acc: 0.887358, test avg acc: 0.847035
Train epoch 165, loss: 1.482240, train acc: 0.939943, train avg acc: 0.910530
Test epoch 165, loss: 1.516414, test acc: 0.903971, test avg acc: 0.874541
Train epoch 166, loss: 1.479928, train acc: 0.940859, train avg acc: 0.907931
Test epoch 166, loss: 1.502430, test acc: 0.914506, test avg acc: 0.868593
Train epoch 167, loss: 1.491435, train acc: 0.936991, train avg acc: 0.903595
Test epoch 167, loss: 1.570751, test acc: 0.901945, test avg acc: 0.880773
Train epoch 168, loss: 1.482293, train acc: 0.935566, train avg acc: 0.902995
Test epoch 168, loss: 1.524375, test acc: 0.904376, test avg acc: 0.864256
Train epoch 169, loss: 1.479733, train acc: 0.938620, train avg acc: 0.906232
Test epoch 169, loss: 1.527438, test acc: 0.904781, test avg acc: 0.856384
Train epoch 170, loss: 1.481925, train acc: 0.938111, train avg acc: 0.907575
Test epoch 170, loss: 1.491507, test acc: 0.902350, test avg acc: 0.858372
Train epoch 171, loss: 1.482095, train acc: 0.936279, train avg acc: 0.901688
Test epoch 171, loss: 1.488225, test acc: 0.905186, test avg acc: 0.868087
Train epoch 172, loss: 1.481892, train acc: 0.938213, train avg acc: 0.905795
Test epoch 172, loss: 1.500913, test acc: 0.906807, test avg acc: 0.869419
Train epoch 173, loss: 1.479722, train acc: 0.937602, train avg acc: 0.904616
Test epoch 173, loss: 1.525909, test acc: 0.888169, test avg acc: 0.866052
Train epoch 174, loss: 1.485051, train acc: 0.936686, train avg acc: 0.903136
Test epoch 174, loss: 1.501727, test acc: 0.904376, test avg acc: 0.871791
Train epoch 175, loss: 1.471214, train acc: 0.945338, train avg acc: 0.915951
Test epoch 175, loss: 1.510015, test acc: 0.898298, test avg acc: 0.859802
Train epoch 176, loss: 1.464801, train acc: 0.946661, train avg acc: 0.917114
Test epoch 176, loss: 1.492752, test acc: 0.904781, test avg acc: 0.863000
Train epoch 177, loss: 1.474928, train acc: 0.939638, train avg acc: 0.905595
Test epoch 177, loss: 1.533366, test acc: 0.898298, test avg acc: 0.873762
Train epoch 178, loss: 1.473917, train acc: 0.942590, train avg acc: 0.914412
Test epoch 178, loss: 1.537706, test acc: 0.898703, test avg acc: 0.870390
Train epoch 179, loss: 1.476569, train acc: 0.940350, train avg acc: 0.907104
Test epoch 179, loss: 1.491803, test acc: 0.909238, test avg acc: 0.868709
Train epoch 180, loss: 1.473634, train acc: 0.943302, train avg acc: 0.912551
Test epoch 180, loss: 1.499232, test acc: 0.908428, test avg acc: 0.871506
Train epoch 181, loss: 1.481923, train acc: 0.938314, train avg acc: 0.904473
Test epoch 181, loss: 1.495619, test acc: 0.912885, test avg acc: 0.879297
Train epoch 182, loss: 1.464753, train acc: 0.946865, train avg acc: 0.918127
Test epoch 182, loss: 1.476707, test acc: 0.908833, test avg acc: 0.873669
Train epoch 183, loss: 1.471769, train acc: 0.941266, train avg acc: 0.909184
Test epoch 183, loss: 1.525643, test acc: 0.900729, test avg acc: 0.867890
Train epoch 184, loss: 1.467089, train acc: 0.946458, train avg acc: 0.917070
Test epoch 184, loss: 1.519610, test acc: 0.899919, test avg acc: 0.864413
Train epoch 185, loss: 1.474326, train acc: 0.940859, train avg acc: 0.909558
Test epoch 185, loss: 1.515857, test acc: 0.901540, test avg acc: 0.874453
Train epoch 186, loss: 1.458831, train acc: 0.947476, train avg acc: 0.919386
Test epoch 186, loss: 1.494712, test acc: 0.907212, test avg acc: 0.856930
Train epoch 187, loss: 1.471245, train acc: 0.943302, train avg acc: 0.915251
Test epoch 187, loss: 1.530632, test acc: 0.892220, test avg acc: 0.865791
Train epoch 188, loss: 1.475689, train acc: 0.942691, train avg acc: 0.912060
Test epoch 188, loss: 1.530382, test acc: 0.899514, test avg acc: 0.857802
Train epoch 189, loss: 1.475603, train acc: 0.942488, train avg acc: 0.910128
Test epoch 189, loss: 1.514343, test acc: 0.901945, test avg acc: 0.855849
Train epoch 190, loss: 1.468168, train acc: 0.944524, train avg acc: 0.916871
Test epoch 190, loss: 1.526165, test acc: 0.898298, test avg acc: 0.865808
Train epoch 191, loss: 1.471673, train acc: 0.942590, train avg acc: 0.911877
Test epoch 191, loss: 1.601055, test acc: 0.873177, test avg acc: 0.831913
Train epoch 192, loss: 1.474280, train acc: 0.940147, train avg acc: 0.911427
Test epoch 192, loss: 1.483115, test acc: 0.914506, test avg acc: 0.878372
Train epoch 193, loss: 1.466158, train acc: 0.947272, train avg acc: 0.920637
Test epoch 193, loss: 1.510424, test acc: 0.904781, test avg acc: 0.875605
Train epoch 194, loss: 1.460284, train acc: 0.947679, train avg acc: 0.919791
Test epoch 194, loss: 1.476460, test acc: 0.920178, test avg acc: 0.876826
Train epoch 195, loss: 1.475769, train acc: 0.940554, train avg acc: 0.906478
Test epoch 195, loss: 1.504950, test acc: 0.899109, test avg acc: 0.866686
Train epoch 196, loss: 1.472216, train acc: 0.942997, train avg acc: 0.910954
Test epoch 196, loss: 1.489789, test acc: 0.908428, test avg acc: 0.873535
Train epoch 197, loss: 1.468391, train acc: 0.945542, train avg acc: 0.915582
Test epoch 197, loss: 1.536322, test acc: 0.889384, test avg acc: 0.856541
Train epoch 198, loss: 1.469013, train acc: 0.943506, train avg acc: 0.913145
Test epoch 198, loss: 1.498113, test acc: 0.907618, test avg acc: 0.864959
Train epoch 199, loss: 1.469851, train acc: 0.943506, train avg acc: 0.914279
Test epoch 199, loss: 1.497960, test acc: 0.910049, test avg acc: 0.870878
Train epoch 200, loss: 1.449728, train acc: 0.952158, train avg acc: 0.924602
Test epoch 200, loss: 1.483753, test acc: 0.916126, test avg acc: 0.884000
Train epoch 201, loss: 1.458911, train acc: 0.947577, train avg acc: 0.919875
Test epoch 201, loss: 1.501358, test acc: 0.912075, test avg acc: 0.870930
Train epoch 202, loss: 1.461475, train acc: 0.945745, train avg acc: 0.915886
Test epoch 202, loss: 1.510324, test acc: 0.903160, test avg acc: 0.856576
Train epoch 203, loss: 1.470362, train acc: 0.941673, train avg acc: 0.910549
Test epoch 203, loss: 1.497579, test acc: 0.911669, test avg acc: 0.861209
Train epoch 204, loss: 1.458160, train acc: 0.950631, train avg acc: 0.925024
Test epoch 204, loss: 1.546367, test acc: 0.870746, test avg acc: 0.856756
Train epoch 205, loss: 1.454729, train acc: 0.950936, train avg acc: 0.924535
Test epoch 205, loss: 1.486565, test acc: 0.914506, test avg acc: 0.874209
Train epoch 206, loss: 1.453908, train acc: 0.953787, train avg acc: 0.930163
Test epoch 206, loss: 1.476863, test acc: 0.912075, test avg acc: 0.875750
Train epoch 207, loss: 1.450832, train acc: 0.952769, train avg acc: 0.926836
Test epoch 207, loss: 1.499989, test acc: 0.917747, test avg acc: 0.894203
Train epoch 208, loss: 1.458513, train acc: 0.949308, train avg acc: 0.921054
Test epoch 208, loss: 1.533743, test acc: 0.904781, test avg acc: 0.874872
Train epoch 209, loss: 1.465103, train acc: 0.945643, train avg acc: 0.915697
Test epoch 209, loss: 1.515430, test acc: 0.910049, test avg acc: 0.876924
Train epoch 210, loss: 1.449590, train acc: 0.953990, train avg acc: 0.929952
Test epoch 210, loss: 1.501236, test acc: 0.901135, test avg acc: 0.872093
Train epoch 211, loss: 1.455193, train acc: 0.947068, train avg acc: 0.919951
Test epoch 211, loss: 1.485698, test acc: 0.910859, test avg acc: 0.872215
Train epoch 212, loss: 1.452860, train acc: 0.952158, train avg acc: 0.927255
Test epoch 212, loss: 1.531731, test acc: 0.890600, test avg acc: 0.859808
Train epoch 213, loss: 1.459873, train acc: 0.946865, train avg acc: 0.920436
Test epoch 213, loss: 1.493161, test acc: 0.907212, test avg acc: 0.870436
Train epoch 214, loss: 1.459628, train acc: 0.945847, train avg acc: 0.916452
Test epoch 214, loss: 1.476328, test acc: 0.908023, test avg acc: 0.867884
Train epoch 215, loss: 1.457395, train acc: 0.949104, train avg acc: 0.922341
Test epoch 215, loss: 1.488122, test acc: 0.910859, test avg acc: 0.870663
Train epoch 216, loss: 1.449839, train acc: 0.951038, train avg acc: 0.926527
Test epoch 216, loss: 1.522077, test acc: 0.906807, test avg acc: 0.872849
Train epoch 217, loss: 1.452401, train acc: 0.951649, train avg acc: 0.926657
Test epoch 217, loss: 1.498259, test acc: 0.912075, test avg acc: 0.875506
Train epoch 218, loss: 1.457285, train acc: 0.949002, train avg acc: 0.921894
Test epoch 218, loss: 1.540244, test acc: 0.884927, test avg acc: 0.854727
Train epoch 219, loss: 1.450976, train acc: 0.950835, train avg acc: 0.926277
Test epoch 219, loss: 1.482479, test acc: 0.912075, test avg acc: 0.874221
Train epoch 220, loss: 1.445232, train acc: 0.954805, train avg acc: 0.929803
Test epoch 220, loss: 1.510612, test acc: 0.908833, test avg acc: 0.875250
Train epoch 221, loss: 1.452057, train acc: 0.950224, train avg acc: 0.922441
Test epoch 221, loss: 1.488856, test acc: 0.908428, test avg acc: 0.873971
Train epoch 222, loss: 1.452135, train acc: 0.951344, train avg acc: 0.924197
Test epoch 222, loss: 1.474206, test acc: 0.910859, test avg acc: 0.875535
Train epoch 223, loss: 1.454778, train acc: 0.951242, train avg acc: 0.923359
Test epoch 223, loss: 1.473362, test acc: 0.917747, test avg acc: 0.875459
Train epoch 224, loss: 1.443470, train acc: 0.954397, train avg acc: 0.932001
Test epoch 224, loss: 1.474706, test acc: 0.911264, test avg acc: 0.873663
Train epoch 225, loss: 1.454669, train acc: 0.950631, train avg acc: 0.925561
Test epoch 225, loss: 1.481972, test acc: 0.913290, test avg acc: 0.865541
Train epoch 226, loss: 1.450966, train acc: 0.951344, train avg acc: 0.927404
Test epoch 226, loss: 1.498305, test acc: 0.905592, test avg acc: 0.865453
Train epoch 227, loss: 1.448400, train acc: 0.951344, train avg acc: 0.926000
Test epoch 227, loss: 1.501001, test acc: 0.903160, test avg acc: 0.863977
Train epoch 228, loss: 1.439013, train acc: 0.955415, train avg acc: 0.931961
Test epoch 228, loss: 1.496041, test acc: 0.908023, test avg acc: 0.865721
Train epoch 229, loss: 1.448169, train acc: 0.951038, train avg acc: 0.923361
Test epoch 229, loss: 1.487427, test acc: 0.908023, test avg acc: 0.870750
Train epoch 230, loss: 1.434897, train acc: 0.956942, train avg acc: 0.936214
Test epoch 230, loss: 1.495129, test acc: 0.901945, test avg acc: 0.879744
Train epoch 231, loss: 1.444790, train acc: 0.955924, train avg acc: 0.931975
Test epoch 231, loss: 1.509272, test acc: 0.893436, test avg acc: 0.856762
Train epoch 232, loss: 1.441962, train acc: 0.954906, train avg acc: 0.931591
Test epoch 232, loss: 1.498765, test acc: 0.904376, test avg acc: 0.869297
Train epoch 233, loss: 1.436896, train acc: 0.955619, train avg acc: 0.930710
Test epoch 233, loss: 1.472847, test acc: 0.918152, test avg acc: 0.877744
Train epoch 234, loss: 1.442900, train acc: 0.955008, train avg acc: 0.930678
Test epoch 234, loss: 1.499246, test acc: 0.899919, test avg acc: 0.859041
Train epoch 235, loss: 1.444714, train acc: 0.952871, train avg acc: 0.928940
Test epoch 235, loss: 1.469071, test acc: 0.921394, test avg acc: 0.874791
Train epoch 236, loss: 1.444425, train acc: 0.953583, train avg acc: 0.929889
Test epoch 236, loss: 1.521662, test acc: 0.891005, test avg acc: 0.872924
Train epoch 237, loss: 1.453048, train acc: 0.950326, train avg acc: 0.925700
Test epoch 237, loss: 1.502589, test acc: 0.900729, test avg acc: 0.863791
Train epoch 238, loss: 1.442433, train acc: 0.953888, train avg acc: 0.929522
Test epoch 238, loss: 1.482697, test acc: 0.902350, test avg acc: 0.867587
Train epoch 239, loss: 1.443843, train acc: 0.954397, train avg acc: 0.927798
Test epoch 239, loss: 1.495375, test acc: 0.909643, test avg acc: 0.873576
Train epoch 240, loss: 1.444113, train acc: 0.951751, train avg acc: 0.928018
Test epoch 240, loss: 1.509038, test acc: 0.895867, test avg acc: 0.870366
Train epoch 241, loss: 1.441968, train acc: 0.955822, train avg acc: 0.932735
Test epoch 241, loss: 1.479233, test acc: 0.913695, test avg acc: 0.872628
Train epoch 242, loss: 1.429420, train acc: 0.958774, train avg acc: 0.936087
Test epoch 242, loss: 1.463422, test acc: 0.923825, test avg acc: 0.892698
Train epoch 243, loss: 1.434878, train acc: 0.956942, train avg acc: 0.932984
Test epoch 243, loss: 1.490993, test acc: 0.903160, test avg acc: 0.869169
Train epoch 244, loss: 1.432858, train acc: 0.957248, train avg acc: 0.937013
Test epoch 244, loss: 1.501218, test acc: 0.906807, test avg acc: 0.860663
Train epoch 245, loss: 1.430419, train acc: 0.956230, train avg acc: 0.935873
Test epoch 245, loss: 1.523043, test acc: 0.908428, test avg acc: 0.865663
Train epoch 246, loss: 1.440834, train acc: 0.954092, train avg acc: 0.928377
Test epoch 246, loss: 1.490743, test acc: 0.908833, test avg acc: 0.876663
Train epoch 247, loss: 1.439948, train acc: 0.958469, train avg acc: 0.934849
Test epoch 247, loss: 1.475518, test acc: 0.905592, test avg acc: 0.870209
Train epoch 248, loss: 1.435316, train acc: 0.958062, train avg acc: 0.937199
Test epoch 248, loss: 1.513220, test acc: 0.916532, test avg acc: 0.878878
Train epoch 249, loss: 1.431068, train acc: 0.957451, train avg acc: 0.935061
Test epoch 249, loss: 1.482814, test acc: 0.910454, test avg acc: 0.870669
Train epoch 250, loss: 1.433215, train acc: 0.958469, train avg acc: 0.935939
Test epoch 250, loss: 1.466608, test acc: 0.910859, test avg acc: 0.867866
Train epoch 251, loss: 1.428988, train acc: 0.959589, train avg acc: 0.941159
Test epoch 251, loss: 1.506280, test acc: 0.898703, test avg acc: 0.869715
Train epoch 252, loss: 1.434104, train acc: 0.957044, train avg acc: 0.934138
Test epoch 252, loss: 1.485131, test acc: 0.905186, test avg acc: 0.861767
Train epoch 253, loss: 1.424071, train acc: 0.960098, train avg acc: 0.938841
Test epoch 253, loss: 1.491373, test acc: 0.909238, test avg acc: 0.881703
Train epoch 254, loss: 1.426069, train acc: 0.959182, train avg acc: 0.935325
Test epoch 254, loss: 1.475889, test acc: 0.916126, test avg acc: 0.877366
Train epoch 255, loss: 1.424260, train acc: 0.960912, train avg acc: 0.940564
Test epoch 255, loss: 1.471139, test acc: 0.908428, test avg acc: 0.885291
Train epoch 256, loss: 1.425205, train acc: 0.959996, train avg acc: 0.937364
Test epoch 256, loss: 1.489381, test acc: 0.915316, test avg acc: 0.873663
Train epoch 257, loss: 1.429301, train acc: 0.961217, train avg acc: 0.941142
Test epoch 257, loss: 1.483840, test acc: 0.910859, test avg acc: 0.871831
Train epoch 258, loss: 1.421720, train acc: 0.963355, train avg acc: 0.944216
Test epoch 258, loss: 1.476714, test acc: 0.919368, test avg acc: 0.886163
Train epoch 259, loss: 1.419999, train acc: 0.960912, train avg acc: 0.939422
Test epoch 259, loss: 1.470888, test acc: 0.919773, test avg acc: 0.885459
Train epoch 260, loss: 1.425187, train acc: 0.962032, train avg acc: 0.941528
Test epoch 260, loss: 1.475530, test acc: 0.909643, test avg acc: 0.868994
Train epoch 261, loss: 1.425978, train acc: 0.960607, train avg acc: 0.940514
Test epoch 261, loss: 1.533439, test acc: 0.882091, test avg acc: 0.852715
Train epoch 262, loss: 1.424865, train acc: 0.960810, train avg acc: 0.938737
Test epoch 262, loss: 1.496885, test acc: 0.913695, test avg acc: 0.873116
Train epoch 263, loss: 1.431166, train acc: 0.957757, train avg acc: 0.933101
Test epoch 263, loss: 1.478524, test acc: 0.908833, test avg acc: 0.877703
Train epoch 264, loss: 1.428104, train acc: 0.958978, train avg acc: 0.935549
Test epoch 264, loss: 1.510289, test acc: 0.900324, test avg acc: 0.882337
Train epoch 265, loss: 1.412222, train acc: 0.963762, train avg acc: 0.945417
Test epoch 265, loss: 1.471913, test acc: 0.916937, test avg acc: 0.877238
Train epoch 266, loss: 1.426617, train acc: 0.958469, train avg acc: 0.936135
Test epoch 266, loss: 1.542103, test acc: 0.883306, test avg acc: 0.860099
Train epoch 267, loss: 1.418438, train acc: 0.961625, train avg acc: 0.943919
Test epoch 267, loss: 1.479182, test acc: 0.912480, test avg acc: 0.877750
Train epoch 268, loss: 1.422660, train acc: 0.960403, train avg acc: 0.939462
Test epoch 268, loss: 1.519753, test acc: 0.889384, test avg acc: 0.872994
Train epoch 269, loss: 1.425265, train acc: 0.961726, train avg acc: 0.940724
Test epoch 269, loss: 1.472610, test acc: 0.910859, test avg acc: 0.877256
Train epoch 270, loss: 1.421750, train acc: 0.962134, train avg acc: 0.939852
Test epoch 270, loss: 1.496688, test acc: 0.899109, test avg acc: 0.873831
Train epoch 271, loss: 1.421856, train acc: 0.962643, train avg acc: 0.941671
Test epoch 271, loss: 1.483016, test acc: 0.908023, test avg acc: 0.878994
Train epoch 272, loss: 1.418285, train acc: 0.962439, train avg acc: 0.941560
Test epoch 272, loss: 1.475416, test acc: 0.917342, test avg acc: 0.877337
Train epoch 273, loss: 1.415506, train acc: 0.963457, train avg acc: 0.941746
Test epoch 273, loss: 1.477304, test acc: 0.917747, test avg acc: 0.885965
Train epoch 274, loss: 1.413123, train acc: 0.963966, train avg acc: 0.944845
Test epoch 274, loss: 1.519401, test acc: 0.894246, test avg acc: 0.870297
Train epoch 275, loss: 1.414819, train acc: 0.962744, train avg acc: 0.942474
Test epoch 275, loss: 1.517012, test acc: 0.901945, test avg acc: 0.881953
Train epoch 276, loss: 1.415978, train acc: 0.961625, train avg acc: 0.941085
Test epoch 276, loss: 1.502345, test acc: 0.911264, test avg acc: 0.883953
Train epoch 277, loss: 1.421524, train acc: 0.962134, train avg acc: 0.942346
Test epoch 277, loss: 1.483569, test acc: 0.903566, test avg acc: 0.865831
Train epoch 278, loss: 1.413105, train acc: 0.966816, train avg acc: 0.948205
Test epoch 278, loss: 1.509007, test acc: 0.899514, test avg acc: 0.883878
Train epoch 279, loss: 1.414402, train acc: 0.966612, train avg acc: 0.949203
Test epoch 279, loss: 1.456201, test acc: 0.922609, test avg acc: 0.884244
Train epoch 280, loss: 1.412040, train acc: 0.964373, train avg acc: 0.946753
Test epoch 280, loss: 1.484504, test acc: 0.906402, test avg acc: 0.870797
Train epoch 281, loss: 1.411526, train acc: 0.965289, train avg acc: 0.946218
Test epoch 281, loss: 1.489018, test acc: 0.912075, test avg acc: 0.883419
Train epoch 282, loss: 1.418574, train acc: 0.963050, train avg acc: 0.942305
Test epoch 282, loss: 1.476278, test acc: 0.914506, test avg acc: 0.882860
Train epoch 283, loss: 1.421547, train acc: 0.962541, train avg acc: 0.942783
Test epoch 283, loss: 1.485688, test acc: 0.908833, test avg acc: 0.874744
Train epoch 284, loss: 1.409347, train acc: 0.965289, train avg acc: 0.945984
Test epoch 284, loss: 1.465981, test acc: 0.907212, test avg acc: 0.863087
Train epoch 285, loss: 1.411964, train acc: 0.964373, train avg acc: 0.946205
Test epoch 285, loss: 1.460931, test acc: 0.915721, test avg acc: 0.884500
Train epoch 286, loss: 1.408072, train acc: 0.966103, train avg acc: 0.947964
Test epoch 286, loss: 1.492576, test acc: 0.907212, test avg acc: 0.865785
Train epoch 287, loss: 1.409227, train acc: 0.967020, train avg acc: 0.950361
Test epoch 287, loss: 1.500935, test acc: 0.899919, test avg acc: 0.873959
Train epoch 288, loss: 1.412262, train acc: 0.964577, train avg acc: 0.946249
Test epoch 288, loss: 1.501766, test acc: 0.908428, test avg acc: 0.869413
Train epoch 289, loss: 1.409155, train acc: 0.965289, train avg acc: 0.944868
Test epoch 289, loss: 1.464908, test acc: 0.913695, test avg acc: 0.876866
Train epoch 290, loss: 1.398758, train acc: 0.971295, train avg acc: 0.956710
Test epoch 290, loss: 1.492370, test acc: 0.905186, test avg acc: 0.875459
Train epoch 291, loss: 1.409213, train acc: 0.967121, train avg acc: 0.951279
Test epoch 291, loss: 1.473114, test acc: 0.909238, test avg acc: 0.875244
Train epoch 292, loss: 1.409104, train acc: 0.967427, train avg acc: 0.949364
Test epoch 292, loss: 1.485669, test acc: 0.904376, test avg acc: 0.874669
Train epoch 293, loss: 1.416469, train acc: 0.963762, train avg acc: 0.945177
Test epoch 293, loss: 1.480112, test acc: 0.908428, test avg acc: 0.884297
Train epoch 294, loss: 1.400550, train acc: 0.970684, train avg acc: 0.955937
Test epoch 294, loss: 1.461384, test acc: 0.919368, test avg acc: 0.877169
Train epoch 295, loss: 1.406732, train acc: 0.967529, train avg acc: 0.949998
Test epoch 295, loss: 1.487817, test acc: 0.912885, test avg acc: 0.870959
Train epoch 296, loss: 1.401543, train acc: 0.969870, train avg acc: 0.952075
Test epoch 296, loss: 1.454706, test acc: 0.917747, test avg acc: 0.879250
Train epoch 297, loss: 1.400132, train acc: 0.969259, train avg acc: 0.954324
Test epoch 297, loss: 1.499597, test acc: 0.896677, test avg acc: 0.873331
Train epoch 298, loss: 1.399762, train acc: 0.969463, train avg acc: 0.953227
Test epoch 298, loss: 1.468462, test acc: 0.914911, test avg acc: 0.880331
Train epoch 299, loss: 1.397018, train acc: 0.970073, train avg acc: 0.955412
Test epoch 299, loss: 1.486561, test acc: 0.901540, test avg acc: 0.874576
Train epoch 300, loss: 1.400452, train acc: 0.971091, train avg acc: 0.954658
Test epoch 300, loss: 1.452778, test acc: 0.921394, test avg acc: 0.886581
Train epoch 301, loss: 1.404157, train acc: 0.968445, train avg acc: 0.949953
Test epoch 301, loss: 1.520435, test acc: 0.886143, test avg acc: 0.868837
Train epoch 302, loss: 1.394121, train acc: 0.971498, train avg acc: 0.956735
Test epoch 302, loss: 1.470533, test acc: 0.911669, test avg acc: 0.880093
Train epoch 303, loss: 1.399884, train acc: 0.970073, train avg acc: 0.953043
Test epoch 303, loss: 1.448351, test acc: 0.923420, test avg acc: 0.885744
Train epoch 304, loss: 1.397440, train acc: 0.970480, train avg acc: 0.955269
Test epoch 304, loss: 1.459511, test acc: 0.913695, test avg acc: 0.873744
Train epoch 305, loss: 1.392972, train acc: 0.969463, train avg acc: 0.950078
Test epoch 305, loss: 1.472353, test acc: 0.917342, test avg acc: 0.886372
Train epoch 306, loss: 1.387681, train acc: 0.973738, train avg acc: 0.959715
Test epoch 306, loss: 1.480586, test acc: 0.911264, test avg acc: 0.876738
Train epoch 307, loss: 1.401039, train acc: 0.968546, train avg acc: 0.953131
Test epoch 307, loss: 1.461143, test acc: 0.918558, test avg acc: 0.881087
Train epoch 308, loss: 1.404600, train acc: 0.965900, train avg acc: 0.945937
Test epoch 308, loss: 1.511471, test acc: 0.904376, test avg acc: 0.859994
Train epoch 309, loss: 1.398419, train acc: 0.969768, train avg acc: 0.952154
Test epoch 309, loss: 1.452229, test acc: 0.927472, test avg acc: 0.897494
Train epoch 310, loss: 1.396291, train acc: 0.970684, train avg acc: 0.956799
Test epoch 310, loss: 1.463536, test acc: 0.922609, test avg acc: 0.891366
Train epoch 311, loss: 1.398509, train acc: 0.965594, train avg acc: 0.946291
Test epoch 311, loss: 1.452939, test acc: 0.923420, test avg acc: 0.890785
Train epoch 312, loss: 1.390546, train acc: 0.973331, train avg acc: 0.959432
Test epoch 312, loss: 1.477818, test acc: 0.916937, test avg acc: 0.884581
Train epoch 313, loss: 1.386486, train acc: 0.975468, train avg acc: 0.962657
Test epoch 313, loss: 1.448342, test acc: 0.919773, test avg acc: 0.885076
Train epoch 314, loss: 1.388159, train acc: 0.973941, train avg acc: 0.960897
Test epoch 314, loss: 1.464720, test acc: 0.919773, test avg acc: 0.880076
Train epoch 315, loss: 1.395659, train acc: 0.970175, train avg acc: 0.955582
Test epoch 315, loss: 1.483027, test acc: 0.916126, test avg acc: 0.879924
Train epoch 316, loss: 1.390483, train acc: 0.972007, train avg acc: 0.958504
Test epoch 316, loss: 1.472766, test acc: 0.910454, test avg acc: 0.875180
Train epoch 317, loss: 1.396496, train acc: 0.969768, train avg acc: 0.954755
Test epoch 317, loss: 1.471781, test acc: 0.915316, test avg acc: 0.889785
Train epoch 318, loss: 1.382372, train acc: 0.974756, train avg acc: 0.961059
Test epoch 318, loss: 1.465781, test acc: 0.919368, test avg acc: 0.895163
Train epoch 319, loss: 1.383091, train acc: 0.974756, train avg acc: 0.961808
Test epoch 319, loss: 1.474095, test acc: 0.908428, test avg acc: 0.871041
Train epoch 320, loss: 1.382590, train acc: 0.976792, train avg acc: 0.965423
Test epoch 320, loss: 1.460083, test acc: 0.914506, test avg acc: 0.878413
Train epoch 321, loss: 1.391617, train acc: 0.971397, train avg acc: 0.956645
Test epoch 321, loss: 1.511811, test acc: 0.900324, test avg acc: 0.860680
Train epoch 322, loss: 1.391482, train acc: 0.970888, train avg acc: 0.956452
Test epoch 322, loss: 1.458843, test acc: 0.919773, test avg acc: 0.885337
Train epoch 323, loss: 1.383819, train acc: 0.974450, train avg acc: 0.960739
Test epoch 323, loss: 1.508753, test acc: 0.899109, test avg acc: 0.875994
Train epoch 324, loss: 1.391824, train acc: 0.971397, train avg acc: 0.954327
Test epoch 324, loss: 1.461329, test acc: 0.915316, test avg acc: 0.884651
Train epoch 325, loss: 1.382958, train acc: 0.975570, train avg acc: 0.961890
Test epoch 325, loss: 1.464695, test acc: 0.915721, test avg acc: 0.883913
Train epoch 326, loss: 1.388765, train acc: 0.971600, train avg acc: 0.953749
Test epoch 326, loss: 1.463448, test acc: 0.921799, test avg acc: 0.896209
Train epoch 327, loss: 1.374892, train acc: 0.979540, train avg acc: 0.968868
Test epoch 327, loss: 1.463259, test acc: 0.913695, test avg acc: 0.880988
Train epoch 328, loss: 1.391830, train acc: 0.971091, train avg acc: 0.955134
Test epoch 328, loss: 1.453021, test acc: 0.920178, test avg acc: 0.885703
Train epoch 329, loss: 1.380684, train acc: 0.976283, train avg acc: 0.963494
Test epoch 329, loss: 1.457190, test acc: 0.918152, test avg acc: 0.885703
Train epoch 330, loss: 1.385232, train acc: 0.974247, train avg acc: 0.961646
Test epoch 330, loss: 1.460804, test acc: 0.918963, test avg acc: 0.878791
Train epoch 331, loss: 1.377908, train acc: 0.976079, train avg acc: 0.962939
Test epoch 331, loss: 1.450073, test acc: 0.917342, test avg acc: 0.886076
Train epoch 332, loss: 1.381515, train acc: 0.974857, train avg acc: 0.961538
Test epoch 332, loss: 1.489253, test acc: 0.903160, test avg acc: 0.871924
Train epoch 333, loss: 1.380383, train acc: 0.974247, train avg acc: 0.961633
Test epoch 333, loss: 1.460536, test acc: 0.918152, test avg acc: 0.888453
Train epoch 334, loss: 1.374397, train acc: 0.977097, train avg acc: 0.963851
Test epoch 334, loss: 1.469542, test acc: 0.920583, test avg acc: 0.885535
Train epoch 335, loss: 1.382943, train acc: 0.973534, train avg acc: 0.959170
Test epoch 335, loss: 1.454797, test acc: 0.919368, test avg acc: 0.885994
Train epoch 336, loss: 1.376234, train acc: 0.977606, train avg acc: 0.966310
Test epoch 336, loss: 1.449407, test acc: 0.921394, test avg acc: 0.879576
Train epoch 337, loss: 1.373507, train acc: 0.977097, train avg acc: 0.964275
Test epoch 337, loss: 1.466954, test acc: 0.914506, test avg acc: 0.887413
Train epoch 338, loss: 1.379154, train acc: 0.976283, train avg acc: 0.963441
Test epoch 338, loss: 1.463445, test acc: 0.918152, test avg acc: 0.885872
Train epoch 339, loss: 1.376340, train acc: 0.976384, train avg acc: 0.963825
Test epoch 339, loss: 1.455727, test acc: 0.917747, test avg acc: 0.889006
Train epoch 340, loss: 1.368486, train acc: 0.981270, train avg acc: 0.972139
Test epoch 340, loss: 1.456022, test acc: 0.917747, test avg acc: 0.880622
Train epoch 341, loss: 1.372809, train acc: 0.977911, train avg acc: 0.968022
Test epoch 341, loss: 1.461099, test acc: 0.914506, test avg acc: 0.883285
Train epoch 342, loss: 1.373495, train acc: 0.978624, train avg acc: 0.967184
Test epoch 342, loss: 1.441349, test acc: 0.921799, test avg acc: 0.886994
Train epoch 343, loss: 1.373456, train acc: 0.976995, train avg acc: 0.966178
Test epoch 343, loss: 1.470325, test acc: 0.907212, test avg acc: 0.867384
Train epoch 344, loss: 1.371468, train acc: 0.978624, train avg acc: 0.968127
Test epoch 344, loss: 1.450646, test acc: 0.920989, test avg acc: 0.894878
Train epoch 345, loss: 1.373062, train acc: 0.978929, train avg acc: 0.968865
Test epoch 345, loss: 1.451170, test acc: 0.914911, test avg acc: 0.882209
Train epoch 346, loss: 1.369428, train acc: 0.978522, train avg acc: 0.966932
Test epoch 346, loss: 1.450718, test acc: 0.917342, test avg acc: 0.882116
Train epoch 347, loss: 1.373244, train acc: 0.976792, train avg acc: 0.965111
Test epoch 347, loss: 1.444591, test acc: 0.927066, test avg acc: 0.891035
Train epoch 348, loss: 1.370167, train acc: 0.980151, train avg acc: 0.970719
Test epoch 348, loss: 1.446439, test acc: 0.924230, test avg acc: 0.888913
Train epoch 349, loss: 1.363750, train acc: 0.980863, train avg acc: 0.971682
Test epoch 349, loss: 1.471365, test acc: 0.910859, test avg acc: 0.887163
Train epoch 350, loss: 1.371057, train acc: 0.977708, train avg acc: 0.965771
Test epoch 350, loss: 1.449940, test acc: 0.920583, test avg acc: 0.891163
Train epoch 351, loss: 1.368184, train acc: 0.980456, train avg acc: 0.972021
Test epoch 351, loss: 1.453368, test acc: 0.915316, test avg acc: 0.886157
Train epoch 352, loss: 1.373475, train acc: 0.977402, train avg acc: 0.965885
Test epoch 352, loss: 1.447386, test acc: 0.925851, test avg acc: 0.891872
Train epoch 353, loss: 1.369888, train acc: 0.978217, train avg acc: 0.967967
Test epoch 353, loss: 1.456457, test acc: 0.914911, test avg acc: 0.883756
Train epoch 354, loss: 1.373909, train acc: 0.977809, train avg acc: 0.966928
Test epoch 354, loss: 1.444354, test acc: 0.918963, test avg acc: 0.881163
Train epoch 355, loss: 1.362687, train acc: 0.982085, train avg acc: 0.971112
Test epoch 355, loss: 1.451390, test acc: 0.920178, test avg acc: 0.893703
Train epoch 356, loss: 1.362522, train acc: 0.981270, train avg acc: 0.971893
Test epoch 356, loss: 1.459084, test acc: 0.915721, test avg acc: 0.894035
Train epoch 357, loss: 1.368706, train acc: 0.980558, train avg acc: 0.969523
Test epoch 357, loss: 1.450469, test acc: 0.918558, test avg acc: 0.882442
Train epoch 358, loss: 1.363160, train acc: 0.981372, train avg acc: 0.971734
Test epoch 358, loss: 1.448754, test acc: 0.920989, test avg acc: 0.895576
Train epoch 359, loss: 1.361989, train acc: 0.981169, train avg acc: 0.973728
Test epoch 359, loss: 1.458682, test acc: 0.915316, test avg acc: 0.890372
Train epoch 360, loss: 1.364104, train acc: 0.980863, train avg acc: 0.971216
Test epoch 360, loss: 1.449589, test acc: 0.920583, test avg acc: 0.887366
Train epoch 361, loss: 1.362960, train acc: 0.980965, train avg acc: 0.972344
Test epoch 361, loss: 1.448728, test acc: 0.923015, test avg acc: 0.889785
Train epoch 362, loss: 1.363841, train acc: 0.980456, train avg acc: 0.971097
Test epoch 362, loss: 1.443660, test acc: 0.922609, test avg acc: 0.887244
Train epoch 363, loss: 1.358307, train acc: 0.982797, train avg acc: 0.972319
Test epoch 363, loss: 1.452661, test acc: 0.922609, test avg acc: 0.896285
Train epoch 364, loss: 1.355855, train acc: 0.983815, train avg acc: 0.974362
Test epoch 364, loss: 1.448742, test acc: 0.922204, test avg acc: 0.891913
Train epoch 365, loss: 1.362675, train acc: 0.982390, train avg acc: 0.972517
Test epoch 365, loss: 1.448606, test acc: 0.924230, test avg acc: 0.895570
Train epoch 366, loss: 1.351310, train acc: 0.985037, train avg acc: 0.976262
Test epoch 366, loss: 1.441757, test acc: 0.927066, test avg acc: 0.892203
Train epoch 367, loss: 1.353956, train acc: 0.983917, train avg acc: 0.976059
Test epoch 367, loss: 1.443978, test acc: 0.921394, test avg acc: 0.885616
Train epoch 368, loss: 1.351512, train acc: 0.985647, train avg acc: 0.978820
Test epoch 368, loss: 1.448365, test acc: 0.923825, test avg acc: 0.887488
Train epoch 369, loss: 1.353368, train acc: 0.985749, train avg acc: 0.980116
Test epoch 369, loss: 1.447378, test acc: 0.923015, test avg acc: 0.889826
Train epoch 370, loss: 1.353166, train acc: 0.984528, train avg acc: 0.975697
Test epoch 370, loss: 1.441687, test acc: 0.926256, test avg acc: 0.889535
Train epoch 371, loss: 1.355631, train acc: 0.983612, train avg acc: 0.974516
Test epoch 371, loss: 1.441129, test acc: 0.925446, test avg acc: 0.893163
Train epoch 372, loss: 1.357424, train acc: 0.982390, train avg acc: 0.972504
Test epoch 372, loss: 1.457399, test acc: 0.913290, test avg acc: 0.883622
Train epoch 373, loss: 1.358758, train acc: 0.981678, train avg acc: 0.972478
Test epoch 373, loss: 1.450317, test acc: 0.920178, test avg acc: 0.890663
Train epoch 374, loss: 1.354223, train acc: 0.981779, train avg acc: 0.970586
Test epoch 374, loss: 1.445612, test acc: 0.922609, test avg acc: 0.895448
Train epoch 375, loss: 1.350972, train acc: 0.985037, train avg acc: 0.977751
Test epoch 375, loss: 1.442684, test acc: 0.925851, test avg acc: 0.893494
Train epoch 376, loss: 1.348653, train acc: 0.984833, train avg acc: 0.977322
Test epoch 376, loss: 1.440420, test acc: 0.923420, test avg acc: 0.889541
Train epoch 377, loss: 1.351921, train acc: 0.985138, train avg acc: 0.977132
Test epoch 377, loss: 1.446869, test acc: 0.917747, test avg acc: 0.885535
Train epoch 378, loss: 1.352852, train acc: 0.982899, train avg acc: 0.973925
Test epoch 378, loss: 1.432419, test acc: 0.930713, test avg acc: 0.901616
Train epoch 379, loss: 1.346575, train acc: 0.985953, train avg acc: 0.978637
Test epoch 379, loss: 1.444473, test acc: 0.923015, test avg acc: 0.884029
Train epoch 380, loss: 1.348459, train acc: 0.984833, train avg acc: 0.977136
Test epoch 380, loss: 1.455779, test acc: 0.919368, test avg acc: 0.895331
Train epoch 381, loss: 1.352891, train acc: 0.982899, train avg acc: 0.974313
Test epoch 381, loss: 1.454380, test acc: 0.916126, test avg acc: 0.886616
Train epoch 382, loss: 1.348402, train acc: 0.985342, train avg acc: 0.978110
Test epoch 382, loss: 1.446637, test acc: 0.924230, test avg acc: 0.891331
Train epoch 383, loss: 1.352516, train acc: 0.983713, train avg acc: 0.975748
Test epoch 383, loss: 1.442500, test acc: 0.921799, test avg acc: 0.885035
Train epoch 384, loss: 1.343870, train acc: 0.988090, train avg acc: 0.980569
Test epoch 384, loss: 1.442971, test acc: 0.927472, test avg acc: 0.900576
Train epoch 385, loss: 1.343341, train acc: 0.986665, train avg acc: 0.979740
Test epoch 385, loss: 1.437690, test acc: 0.925851, test avg acc: 0.888453
Train epoch 386, loss: 1.339507, train acc: 0.988498, train avg acc: 0.982698
Test epoch 386, loss: 1.442778, test acc: 0.920583, test avg acc: 0.882488
Train epoch 387, loss: 1.347351, train acc: 0.984731, train avg acc: 0.976814
Test epoch 387, loss: 1.438779, test acc: 0.925851, test avg acc: 0.891244
Train epoch 388, loss: 1.342774, train acc: 0.986869, train avg acc: 0.980777
Test epoch 388, loss: 1.439814, test acc: 0.923825, test avg acc: 0.890203
Train epoch 389, loss: 1.344544, train acc: 0.986767, train avg acc: 0.979986
Test epoch 389, loss: 1.451256, test acc: 0.918558, test avg acc: 0.887506
Train epoch 390, loss: 1.343184, train acc: 0.986869, train avg acc: 0.980054
Test epoch 390, loss: 1.440144, test acc: 0.926661, test avg acc: 0.891913
Train epoch 391, loss: 1.342276, train acc: 0.986564, train avg acc: 0.978805
Test epoch 391, loss: 1.453530, test acc: 0.917747, test avg acc: 0.895453
Train epoch 392, loss: 1.339048, train acc: 0.988905, train avg acc: 0.983717
Test epoch 392, loss: 1.449580, test acc: 0.921799, test avg acc: 0.899157
Train epoch 393, loss: 1.345295, train acc: 0.984833, train avg acc: 0.977934
Test epoch 393, loss: 1.462654, test acc: 0.913290, test avg acc: 0.888163
Train epoch 394, loss: 1.344005, train acc: 0.987174, train avg acc: 0.979946
Test epoch 394, loss: 1.443376, test acc: 0.924230, test avg acc: 0.890576
Train epoch 395, loss: 1.343606, train acc: 0.987581, train avg acc: 0.979474
Test epoch 395, loss: 1.440163, test acc: 0.923825, test avg acc: 0.888872
Train epoch 396, loss: 1.341452, train acc: 0.986971, train avg acc: 0.980585
Test epoch 396, loss: 1.447249, test acc: 0.919368, test avg acc: 0.887163
Train epoch 397, loss: 1.337344, train acc: 0.988396, train avg acc: 0.982887
Test epoch 397, loss: 1.440456, test acc: 0.922204, test avg acc: 0.893366
Train epoch 398, loss: 1.339491, train acc: 0.988701, train avg acc: 0.983871
Test epoch 398, loss: 1.441561, test acc: 0.926256, test avg acc: 0.901907
Train epoch 399, loss: 1.338970, train acc: 0.988599, train avg acc: 0.982576
Test epoch 399, loss: 1.439911, test acc: 0.920178, test avg acc: 0.886750
Train epoch 400, loss: 1.338178, train acc: 0.988905, train avg acc: 0.982789
Test epoch 400, loss: 1.443689, test acc: 0.921799, test avg acc: 0.891913
Train epoch 401, loss: 1.341376, train acc: 0.985444, train avg acc: 0.979114
Test epoch 401, loss: 1.443735, test acc: 0.923825, test avg acc: 0.896448
Train epoch 402, loss: 1.335252, train acc: 0.990024, train avg acc: 0.985098
Test epoch 402, loss: 1.435022, test acc: 0.927472, test avg acc: 0.897535
Train epoch 403, loss: 1.335344, train acc: 0.989312, train avg acc: 0.982981
Test epoch 403, loss: 1.436010, test acc: 0.926256, test avg acc: 0.893866
Train epoch 404, loss: 1.336713, train acc: 0.989210, train avg acc: 0.983586
Test epoch 404, loss: 1.438926, test acc: 0.925041, test avg acc: 0.895238
Train epoch 405, loss: 1.334276, train acc: 0.989210, train avg acc: 0.981962
Test epoch 405, loss: 1.438896, test acc: 0.926256, test avg acc: 0.899988
Train epoch 406, loss: 1.333419, train acc: 0.989617, train avg acc: 0.984315
Test epoch 406, loss: 1.441698, test acc: 0.923420, test avg acc: 0.894860
Train epoch 407, loss: 1.334578, train acc: 0.989312, train avg acc: 0.983486
Test epoch 407, loss: 1.436185, test acc: 0.925041, test avg acc: 0.896953
Train epoch 408, loss: 1.334573, train acc: 0.988701, train avg acc: 0.982591
Test epoch 408, loss: 1.443714, test acc: 0.926661, test avg acc: 0.899198
Train epoch 409, loss: 1.334649, train acc: 0.990228, train avg acc: 0.983859
Test epoch 409, loss: 1.448410, test acc: 0.922609, test avg acc: 0.894779
Train epoch 410, loss: 1.332927, train acc: 0.989617, train avg acc: 0.984294
Test epoch 410, loss: 1.436108, test acc: 0.920583, test avg acc: 0.888610
Train epoch 411, loss: 1.337498, train acc: 0.987989, train avg acc: 0.981627
Test epoch 411, loss: 1.444259, test acc: 0.924230, test avg acc: 0.898326
Train epoch 412, loss: 1.336222, train acc: 0.989108, train avg acc: 0.983215
Test epoch 412, loss: 1.437525, test acc: 0.926256, test avg acc: 0.902785
Train epoch 413, loss: 1.330031, train acc: 0.989617, train avg acc: 0.985808
Test epoch 413, loss: 1.430213, test acc: 0.923420, test avg acc: 0.890953
Train epoch 414, loss: 1.330375, train acc: 0.990737, train avg acc: 0.985982
Test epoch 414, loss: 1.440283, test acc: 0.930308, test avg acc: 0.905529
Train epoch 415, loss: 1.330173, train acc: 0.991042, train avg acc: 0.986229
Test epoch 415, loss: 1.443061, test acc: 0.921799, test avg acc: 0.888076
Train epoch 416, loss: 1.332158, train acc: 0.990330, train avg acc: 0.986832
Test epoch 416, loss: 1.435655, test acc: 0.925851, test avg acc: 0.896453
Train epoch 417, loss: 1.329345, train acc: 0.990635, train avg acc: 0.985371
Test epoch 417, loss: 1.430364, test acc: 0.927877, test avg acc: 0.894988
Train epoch 418, loss: 1.329543, train acc: 0.989923, train avg acc: 0.983566
Test epoch 418, loss: 1.437868, test acc: 0.925041, test avg acc: 0.899035
Train epoch 419, loss: 1.329747, train acc: 0.990941, train avg acc: 0.986648
Test epoch 419, loss: 1.432562, test acc: 0.924635, test avg acc: 0.890826
Train epoch 420, loss: 1.327204, train acc: 0.990941, train avg acc: 0.986986
Test epoch 420, loss: 1.435253, test acc: 0.928687, test avg acc: 0.902407
Train epoch 421, loss: 1.330388, train acc: 0.989210, train avg acc: 0.984446
Test epoch 421, loss: 1.440873, test acc: 0.921799, test avg acc: 0.896116
Train epoch 422, loss: 1.324976, train acc: 0.991958, train avg acc: 0.988097
Test epoch 422, loss: 1.437036, test acc: 0.926661, test avg acc: 0.897238
Train epoch 423, loss: 1.331264, train acc: 0.988294, train avg acc: 0.981787
Test epoch 423, loss: 1.447691, test acc: 0.918558, test avg acc: 0.891709
Train epoch 424, loss: 1.327641, train acc: 0.990635, train avg acc: 0.986222
Test epoch 424, loss: 1.432079, test acc: 0.928282, test avg acc: 0.895116
Train epoch 425, loss: 1.330212, train acc: 0.989719, train avg acc: 0.983949
Test epoch 425, loss: 1.436077, test acc: 0.925851, test avg acc: 0.898453
Train epoch 426, loss: 1.327879, train acc: 0.990024, train avg acc: 0.984072
Test epoch 426, loss: 1.437810, test acc: 0.919773, test avg acc: 0.888703
Train epoch 427, loss: 1.327139, train acc: 0.990941, train avg acc: 0.986871
Test epoch 427, loss: 1.429173, test acc: 0.924230, test avg acc: 0.890657
Train epoch 428, loss: 1.325672, train acc: 0.991857, train avg acc: 0.987801
Test epoch 428, loss: 1.433847, test acc: 0.928282, test avg acc: 0.902279
Train epoch 429, loss: 1.325466, train acc: 0.990941, train avg acc: 0.986818
Test epoch 429, loss: 1.435888, test acc: 0.922609, test avg acc: 0.891657
Train epoch 430, loss: 1.323582, train acc: 0.990126, train avg acc: 0.985522
Test epoch 430, loss: 1.441288, test acc: 0.922609, test avg acc: 0.893535
Train epoch 431, loss: 1.322163, train acc: 0.990635, train avg acc: 0.984910
Test epoch 431, loss: 1.441464, test acc: 0.923825, test avg acc: 0.899035
Train epoch 432, loss: 1.322781, train acc: 0.992264, train avg acc: 0.988371
Test epoch 432, loss: 1.436814, test acc: 0.923420, test avg acc: 0.898785
Train epoch 433, loss: 1.325843, train acc: 0.991551, train avg acc: 0.987444
Test epoch 433, loss: 1.440500, test acc: 0.920178, test avg acc: 0.887076
Train epoch 434, loss: 1.326455, train acc: 0.990635, train avg acc: 0.986049
Test epoch 434, loss: 1.439262, test acc: 0.921799, test avg acc: 0.891953
Train epoch 435, loss: 1.320872, train acc: 0.994401, train avg acc: 0.991781
Test epoch 435, loss: 1.443452, test acc: 0.918963, test avg acc: 0.888448
Train epoch 436, loss: 1.320742, train acc: 0.993078, train avg acc: 0.989210
Test epoch 436, loss: 1.435380, test acc: 0.921799, test avg acc: 0.891035
Train epoch 437, loss: 1.325300, train acc: 0.991042, train avg acc: 0.986334
Test epoch 437, loss: 1.434915, test acc: 0.925851, test avg acc: 0.893616
Train epoch 438, loss: 1.322063, train acc: 0.992162, train avg acc: 0.987880
Test epoch 438, loss: 1.436680, test acc: 0.925041, test avg acc: 0.895076
Train epoch 439, loss: 1.320967, train acc: 0.992060, train avg acc: 0.987653
Test epoch 439, loss: 1.436552, test acc: 0.929092, test avg acc: 0.898576
Train epoch 440, loss: 1.320237, train acc: 0.992875, train avg acc: 0.988482
Test epoch 440, loss: 1.435793, test acc: 0.927877, test avg acc: 0.895785
Train epoch 441, loss: 1.323195, train acc: 0.991755, train avg acc: 0.987347
Test epoch 441, loss: 1.436942, test acc: 0.925041, test avg acc: 0.896029
Train epoch 442, loss: 1.320362, train acc: 0.991755, train avg acc: 0.987416
Test epoch 442, loss: 1.439785, test acc: 0.925851, test avg acc: 0.899616
Train epoch 443, loss: 1.320434, train acc: 0.992671, train avg acc: 0.989322
Test epoch 443, loss: 1.440698, test acc: 0.927066, test avg acc: 0.900407
Train epoch 444, loss: 1.322882, train acc: 0.990228, train avg acc: 0.985004
Test epoch 444, loss: 1.438617, test acc: 0.927877, test avg acc: 0.897907
Train epoch 445, loss: 1.318934, train acc: 0.992060, train avg acc: 0.987764
Test epoch 445, loss: 1.433624, test acc: 0.925851, test avg acc: 0.892657
Train epoch 446, loss: 1.321356, train acc: 0.991246, train avg acc: 0.986842
Test epoch 446, loss: 1.433677, test acc: 0.929092, test avg acc: 0.897779
Train epoch 447, loss: 1.321065, train acc: 0.991551, train avg acc: 0.987493
Test epoch 447, loss: 1.432388, test acc: 0.931524, test avg acc: 0.902157
Train epoch 448, loss: 1.322750, train acc: 0.991042, train avg acc: 0.986173
Test epoch 448, loss: 1.436009, test acc: 0.927066, test avg acc: 0.897285
Train epoch 449, loss: 1.320206, train acc: 0.992976, train avg acc: 0.989075
Test epoch 449, loss: 1.436746, test acc: 0.928282, test avg acc: 0.903076
Train epoch 450, loss: 1.318267, train acc: 0.993791, train avg acc: 0.991430
Test epoch 450, loss: 1.440360, test acc: 0.925446, test avg acc: 0.898366
Train epoch 451, loss: 1.320474, train acc: 0.992569, train avg acc: 0.989245
Test epoch 451, loss: 1.435145, test acc: 0.925446, test avg acc: 0.894448
Train epoch 452, loss: 1.317983, train acc: 0.993384, train avg acc: 0.988703
Test epoch 452, loss: 1.435397, test acc: 0.925446, test avg acc: 0.901326
Train epoch 453, loss: 1.319736, train acc: 0.992366, train avg acc: 0.987975
Test epoch 453, loss: 1.437857, test acc: 0.924635, test avg acc: 0.895826
Train epoch 454, loss: 1.318621, train acc: 0.993180, train avg acc: 0.989691
Test epoch 454, loss: 1.435625, test acc: 0.928687, test avg acc: 0.898407
Train epoch 455, loss: 1.316332, train acc: 0.993994, train avg acc: 0.991634
Test epoch 455, loss: 1.435832, test acc: 0.930713, test avg acc: 0.905779
Train epoch 456, loss: 1.318687, train acc: 0.992264, train avg acc: 0.988509
Test epoch 456, loss: 1.439618, test acc: 0.926661, test avg acc: 0.903238
Train epoch 457, loss: 1.317514, train acc: 0.993180, train avg acc: 0.988436
Test epoch 457, loss: 1.431906, test acc: 0.927472, test avg acc: 0.898779
Train epoch 458, loss: 1.315899, train acc: 0.994401, train avg acc: 0.992088
Test epoch 458, loss: 1.435738, test acc: 0.923015, test avg acc: 0.897907
Train epoch 459, loss: 1.315217, train acc: 0.994707, train avg acc: 0.991882
Test epoch 459, loss: 1.434782, test acc: 0.925446, test avg acc: 0.900529
Train epoch 460, loss: 1.317054, train acc: 0.993587, train avg acc: 0.989773
Test epoch 460, loss: 1.435129, test acc: 0.925041, test avg acc: 0.901198
Train epoch 461, loss: 1.316081, train acc: 0.993180, train avg acc: 0.990621
Test epoch 461, loss: 1.437484, test acc: 0.927472, test avg acc: 0.902698
Train epoch 462, loss: 1.314952, train acc: 0.993994, train avg acc: 0.990589
Test epoch 462, loss: 1.433465, test acc: 0.923015, test avg acc: 0.896826
Train epoch 463, loss: 1.317785, train acc: 0.993485, train avg acc: 0.990723
Test epoch 463, loss: 1.434011, test acc: 0.927066, test avg acc: 0.899529
Train epoch 464, loss: 1.312129, train acc: 0.994809, train avg acc: 0.991830
Test epoch 464, loss: 1.433173, test acc: 0.927472, test avg acc: 0.900616
Train epoch 465, loss: 1.316259, train acc: 0.993485, train avg acc: 0.990070
Test epoch 465, loss: 1.435745, test acc: 0.927472, test avg acc: 0.899657
Train epoch 466, loss: 1.316634, train acc: 0.994300, train avg acc: 0.991205
Test epoch 466, loss: 1.433433, test acc: 0.925041, test avg acc: 0.898035
Train epoch 467, loss: 1.313845, train acc: 0.993689, train avg acc: 0.989645
Test epoch 467, loss: 1.434420, test acc: 0.925446, test avg acc: 0.901448
Train epoch 468, loss: 1.314727, train acc: 0.993791, train avg acc: 0.992317
Test epoch 468, loss: 1.429191, test acc: 0.927066, test avg acc: 0.898407
Train epoch 469, loss: 1.316433, train acc: 0.993282, train avg acc: 0.989183
Test epoch 469, loss: 1.435160, test acc: 0.927066, test avg acc: 0.902366
Train epoch 470, loss: 1.313821, train acc: 0.994096, train avg acc: 0.991363
Test epoch 470, loss: 1.433048, test acc: 0.928282, test avg acc: 0.902198
Train epoch 471, loss: 1.316180, train acc: 0.993180, train avg acc: 0.989540
Test epoch 471, loss: 1.431427, test acc: 0.929092, test avg acc: 0.902616
Train epoch 472, loss: 1.313800, train acc: 0.993994, train avg acc: 0.991165
Test epoch 472, loss: 1.437270, test acc: 0.925851, test avg acc: 0.898738
Train epoch 473, loss: 1.315246, train acc: 0.994605, train avg acc: 0.992503
Test epoch 473, loss: 1.437923, test acc: 0.924635, test avg acc: 0.900866
Train epoch 474, loss: 1.312595, train acc: 0.993689, train avg acc: 0.990654
Test epoch 474, loss: 1.433606, test acc: 0.926256, test avg acc: 0.899948
Train epoch 475, loss: 1.311958, train acc: 0.994605, train avg acc: 0.992228
Test epoch 475, loss: 1.433768, test acc: 0.925851, test avg acc: 0.898448
Train epoch 476, loss: 1.312976, train acc: 0.994503, train avg acc: 0.991403
Test epoch 476, loss: 1.439637, test acc: 0.921799, test avg acc: 0.895035
Train epoch 477, loss: 1.314324, train acc: 0.993994, train avg acc: 0.991802
Test epoch 477, loss: 1.435346, test acc: 0.923015, test avg acc: 0.895826
Train epoch 478, loss: 1.314537, train acc: 0.994503, train avg acc: 0.992378
Test epoch 478, loss: 1.434716, test acc: 0.924635, test avg acc: 0.896948
Train epoch 479, loss: 1.311762, train acc: 0.995012, train avg acc: 0.992793
Test epoch 479, loss: 1.430910, test acc: 0.924230, test avg acc: 0.894576
Train epoch 480, loss: 1.314900, train acc: 0.993485, train avg acc: 0.989758
Test epoch 480, loss: 1.436048, test acc: 0.925041, test avg acc: 0.897035
Train epoch 481, loss: 1.314087, train acc: 0.994198, train avg acc: 0.990960
Test epoch 481, loss: 1.434075, test acc: 0.923015, test avg acc: 0.897866
Train epoch 482, loss: 1.314652, train acc: 0.994096, train avg acc: 0.990844
Test epoch 482, loss: 1.439608, test acc: 0.923825, test avg acc: 0.900285
Train epoch 483, loss: 1.312885, train acc: 0.994096, train avg acc: 0.991809
Test epoch 483, loss: 1.435708, test acc: 0.923015, test avg acc: 0.894785
Train epoch 484, loss: 1.311842, train acc: 0.994605, train avg acc: 0.992265
Test epoch 484, loss: 1.436649, test acc: 0.920989, test avg acc: 0.893698
Train epoch 485, loss: 1.312769, train acc: 0.994605, train avg acc: 0.991422
Test epoch 485, loss: 1.438016, test acc: 0.923420, test avg acc: 0.895076
Train epoch 486, loss: 1.313009, train acc: 0.994809, train avg acc: 0.992600
Test epoch 486, loss: 1.435917, test acc: 0.925041, test avg acc: 0.896157
Train epoch 487, loss: 1.311495, train acc: 0.995928, train avg acc: 0.994308
Test epoch 487, loss: 1.432294, test acc: 0.925041, test avg acc: 0.896035
Train epoch 488, loss: 1.313662, train acc: 0.994707, train avg acc: 0.991068
Test epoch 488, loss: 1.433653, test acc: 0.928687, test avg acc: 0.897570
Train epoch 489, loss: 1.314377, train acc: 0.994198, train avg acc: 0.990986
Test epoch 489, loss: 1.437618, test acc: 0.922609, test avg acc: 0.891616
Train epoch 490, loss: 1.312774, train acc: 0.994401, train avg acc: 0.990098
Test epoch 490, loss: 1.437163, test acc: 0.926256, test avg acc: 0.894907
Train epoch 491, loss: 1.311936, train acc: 0.994605, train avg acc: 0.990894
Test epoch 491, loss: 1.436506, test acc: 0.925851, test avg acc: 0.895657
Train epoch 492, loss: 1.310592, train acc: 0.994198, train avg acc: 0.989862
Test epoch 492, loss: 1.430161, test acc: 0.926256, test avg acc: 0.894738
Train epoch 493, loss: 1.311549, train acc: 0.995012, train avg acc: 0.991558
Test epoch 493, loss: 1.436298, test acc: 0.923420, test avg acc: 0.896157
Train epoch 494, loss: 1.310807, train acc: 0.995012, train avg acc: 0.992531
Test epoch 494, loss: 1.432792, test acc: 0.924230, test avg acc: 0.891657
Train epoch 495, loss: 1.313482, train acc: 0.993282, train avg acc: 0.990295
Test epoch 495, loss: 1.431482, test acc: 0.925851, test avg acc: 0.898657
Train epoch 496, loss: 1.314265, train acc: 0.993587, train avg acc: 0.990861
Test epoch 496, loss: 1.434140, test acc: 0.930308, test avg acc: 0.903529
Train epoch 497, loss: 1.311531, train acc: 0.994401, train avg acc: 0.991751
Test epoch 497, loss: 1.435479, test acc: 0.925851, test avg acc: 0.896860
Train epoch 498, loss: 1.311451, train acc: 0.995114, train avg acc: 0.992608
Test epoch 498, loss: 1.430016, test acc: 0.927066, test avg acc: 0.895366
Train epoch 499, loss: 1.311403, train acc: 0.993994, train avg acc: 0.991210
Test epoch 499, loss: 1.430371, test acc: 0.925851, test avg acc: 0.891448
