Namespace(augmix_cutmix_prob=0.5, augmix_prob=0.0, batch_size=32, beta=1.0, data_path='./data/modelnet40_normal_resampled', dataset='modelnet40', dropout=0.5, emb_dims=1024, epochs=500, eval=False, exp_name='augmix_cutmix_lams3_dgcnn_1024_3', jitter=False, k=20, knn=False, lr=0.001, model='dgcnn', model_path='', modelnet10=False, momentum=0.9, no_cuda=False, normal=False, nsample=512, num_points=1024, rddrop=False, rdscale=False, rot=False, rsmix_prob=0.0, seed=1, shift=False, shuffle=False, test_batch_size=16, use_sgd=True)
Using GPU : 0 from 1 devices
Train epoch 0, loss: 2.747805, train acc: 0.447577, train avg acc: 0.272184
Test epoch 0, loss: 2.265291, test acc: 0.617909, test avg acc: 0.485581
Train epoch 1, loss: 2.194256, train acc: 0.641897, train avg acc: 0.471297
Test epoch 1, loss: 2.039563, test acc: 0.722853, test avg acc: 0.600105
Train epoch 2, loss: 2.056309, train acc: 0.701547, train avg acc: 0.542467
Test epoch 2, loss: 1.887314, test acc: 0.758509, test avg acc: 0.634512
Train epoch 3, loss: 1.946232, train acc: 0.750713, train avg acc: 0.615905
Test epoch 3, loss: 1.832587, test acc: 0.800648, test avg acc: 0.688901
Train epoch 4, loss: 1.900288, train acc: 0.769646, train avg acc: 0.641308
Test epoch 4, loss: 1.797550, test acc: 0.806321, test avg acc: 0.719674
Train epoch 5, loss: 1.848935, train acc: 0.787357, train avg acc: 0.673013
Test epoch 5, loss: 1.711343, test acc: 0.845624, test avg acc: 0.755012
Train epoch 6, loss: 1.816912, train acc: 0.806087, train avg acc: 0.701594
Test epoch 6, loss: 1.690318, test acc: 0.836710, test avg acc: 0.752721
Train epoch 7, loss: 1.794838, train acc: 0.809141, train avg acc: 0.703651
Test epoch 7, loss: 1.651906, test acc: 0.866694, test avg acc: 0.808186
Train epoch 8, loss: 1.772493, train acc: 0.823392, train avg acc: 0.727528
Test epoch 8, loss: 1.680181, test acc: 0.839951, test avg acc: 0.744988
Train epoch 9, loss: 1.740705, train acc: 0.836726, train avg acc: 0.743581
Test epoch 9, loss: 1.664132, test acc: 0.853323, test avg acc: 0.782715
Train epoch 10, loss: 1.743244, train acc: 0.835403, train avg acc: 0.745807
Test epoch 10, loss: 1.668736, test acc: 0.858995, test avg acc: 0.787930
Train epoch 11, loss: 1.718687, train acc: 0.843445, train avg acc: 0.754791
Test epoch 11, loss: 1.629785, test acc: 0.868314, test avg acc: 0.809680
Train epoch 12, loss: 1.721320, train acc: 0.845480, train avg acc: 0.759661
Test epoch 12, loss: 1.634047, test acc: 0.869125, test avg acc: 0.799983
Train epoch 13, loss: 1.701843, train acc: 0.850366, train avg acc: 0.767309
Test epoch 13, loss: 1.605438, test acc: 0.882901, test avg acc: 0.824099
Train epoch 14, loss: 1.692302, train acc: 0.856779, train avg acc: 0.779320
Test epoch 14, loss: 1.616948, test acc: 0.870340, test avg acc: 0.810134
Train epoch 15, loss: 1.681103, train acc: 0.864210, train avg acc: 0.792781
Test epoch 15, loss: 1.656594, test acc: 0.854133, test avg acc: 0.782564
Train epoch 16, loss: 1.668018, train acc: 0.867467, train avg acc: 0.790309
Test epoch 16, loss: 1.659618, test acc: 0.865883, test avg acc: 0.789064
Train epoch 17, loss: 1.668616, train acc: 0.864414, train avg acc: 0.788858
Test epoch 17, loss: 1.612758, test acc: 0.864668, test avg acc: 0.791948
Train epoch 18, loss: 1.650185, train acc: 0.873575, train avg acc: 0.804563
Test epoch 18, loss: 1.580900, test acc: 0.878849, test avg acc: 0.817767
Train epoch 19, loss: 1.652354, train acc: 0.875305, train avg acc: 0.807313
Test epoch 19, loss: 1.610981, test acc: 0.868314, test avg acc: 0.807465
Train epoch 20, loss: 1.647895, train acc: 0.873066, train avg acc: 0.803408
Test epoch 20, loss: 1.576825, test acc: 0.886953, test avg acc: 0.826936
Train epoch 21, loss: 1.645768, train acc: 0.870521, train avg acc: 0.795636
Test epoch 21, loss: 1.585934, test acc: 0.881686, test avg acc: 0.819843
Train epoch 22, loss: 1.646555, train acc: 0.875204, train avg acc: 0.807016
Test epoch 22, loss: 1.587261, test acc: 0.880065, test avg acc: 0.825994
Train epoch 23, loss: 1.635458, train acc: 0.878970, train avg acc: 0.810434
Test epoch 23, loss: 1.659051, test acc: 0.850081, test avg acc: 0.781512
Train epoch 24, loss: 1.629971, train acc: 0.880904, train avg acc: 0.813022
Test epoch 24, loss: 1.565914, test acc: 0.896272, test avg acc: 0.843919
Train epoch 25, loss: 1.632919, train acc: 0.882634, train avg acc: 0.817798
Test epoch 25, loss: 1.586525, test acc: 0.884927, test avg acc: 0.823267
Train epoch 26, loss: 1.625282, train acc: 0.885892, train avg acc: 0.821739
Test epoch 26, loss: 1.602285, test acc: 0.876013, test avg acc: 0.802890
Train epoch 27, loss: 1.613531, train acc: 0.887520, train avg acc: 0.828909
Test epoch 27, loss: 1.606363, test acc: 0.888169, test avg acc: 0.834831
Train epoch 28, loss: 1.622718, train acc: 0.882227, train avg acc: 0.819274
Test epoch 28, loss: 1.579538, test acc: 0.890194, test avg acc: 0.843558
Train epoch 29, loss: 1.613710, train acc: 0.885281, train avg acc: 0.822434
Test epoch 29, loss: 1.568470, test acc: 0.891815, test avg acc: 0.841959
Train epoch 30, loss: 1.615239, train acc: 0.890574, train avg acc: 0.832327
Test epoch 30, loss: 1.563368, test acc: 0.891005, test avg acc: 0.844076
Train epoch 31, loss: 1.606807, train acc: 0.889251, train avg acc: 0.828509
Test epoch 31, loss: 1.564096, test acc: 0.895462, test avg acc: 0.858087
Train epoch 32, loss: 1.591765, train acc: 0.898412, train avg acc: 0.842174
Test epoch 32, loss: 1.569989, test acc: 0.891815, test avg acc: 0.842558
Train epoch 33, loss: 1.597468, train acc: 0.893933, train avg acc: 0.835521
Test epoch 33, loss: 1.554886, test acc: 0.889384, test avg acc: 0.832715
Train epoch 34, loss: 1.593964, train acc: 0.895664, train avg acc: 0.835706
Test epoch 34, loss: 1.559135, test acc: 0.884117, test avg acc: 0.844750
Train epoch 35, loss: 1.602863, train acc: 0.895664, train avg acc: 0.834792
Test epoch 35, loss: 1.573585, test acc: 0.889789, test avg acc: 0.842506
Train epoch 36, loss: 1.599840, train acc: 0.893017, train avg acc: 0.834293
Test epoch 36, loss: 1.534491, test acc: 0.896272, test avg acc: 0.845378
Train epoch 37, loss: 1.593643, train acc: 0.893831, train avg acc: 0.834289
Test epoch 37, loss: 1.560449, test acc: 0.893436, test avg acc: 0.824669
Train epoch 38, loss: 1.585496, train acc: 0.900448, train avg acc: 0.844476
Test epoch 38, loss: 1.570061, test acc: 0.893841, test avg acc: 0.842808
Train epoch 39, loss: 1.584633, train acc: 0.898819, train avg acc: 0.839905
Test epoch 39, loss: 1.602052, test acc: 0.870340, test avg acc: 0.833895
Train epoch 40, loss: 1.589770, train acc: 0.900244, train avg acc: 0.844057
Test epoch 40, loss: 1.566916, test acc: 0.895057, test avg acc: 0.845087
Train epoch 41, loss: 1.600519, train acc: 0.894239, train avg acc: 0.833865
Test epoch 41, loss: 1.566340, test acc: 0.876013, test avg acc: 0.832041
Train epoch 42, loss: 1.586007, train acc: 0.897598, train avg acc: 0.846272
Test epoch 42, loss: 1.531729, test acc: 0.898298, test avg acc: 0.848791
Train epoch 43, loss: 1.588449, train acc: 0.899023, train avg acc: 0.844047
Test epoch 43, loss: 1.578599, test acc: 0.880065, test avg acc: 0.832657
Train epoch 44, loss: 1.582322, train acc: 0.900346, train avg acc: 0.848644
Test epoch 44, loss: 1.544740, test acc: 0.897488, test avg acc: 0.857669
Train epoch 45, loss: 1.584336, train acc: 0.897598, train avg acc: 0.838688
Test epoch 45, loss: 1.570507, test acc: 0.881686, test avg acc: 0.837535
Train epoch 46, loss: 1.571097, train acc: 0.906759, train avg acc: 0.857275
Test epoch 46, loss: 1.559611, test acc: 0.882091, test avg acc: 0.833948
Train epoch 47, loss: 1.580772, train acc: 0.900041, train avg acc: 0.844769
Test epoch 47, loss: 1.562122, test acc: 0.889384, test avg acc: 0.848517
Train epoch 48, loss: 1.574102, train acc: 0.904112, train avg acc: 0.852447
Test epoch 48, loss: 1.572965, test acc: 0.882901, test avg acc: 0.842721
Train epoch 49, loss: 1.574075, train acc: 0.903909, train avg acc: 0.851462
Test epoch 49, loss: 1.525623, test acc: 0.897893, test avg acc: 0.852047
Train epoch 50, loss: 1.562447, train acc: 0.908897, train avg acc: 0.858178
Test epoch 50, loss: 1.558657, test acc: 0.888574, test avg acc: 0.859936
Train epoch 51, loss: 1.569927, train acc: 0.906148, train avg acc: 0.853991
Test epoch 51, loss: 1.552986, test acc: 0.895462, test avg acc: 0.858390
Train epoch 52, loss: 1.569284, train acc: 0.903705, train avg acc: 0.848515
Test epoch 52, loss: 1.526337, test acc: 0.899514, test avg acc: 0.869512
Train epoch 53, loss: 1.564540, train acc: 0.908184, train avg acc: 0.858946
Test epoch 53, loss: 1.546318, test acc: 0.896677, test avg acc: 0.853558
Train epoch 54, loss: 1.565232, train acc: 0.906046, train avg acc: 0.853825
Test epoch 54, loss: 1.526161, test acc: 0.903160, test avg acc: 0.856471
Train epoch 55, loss: 1.571717, train acc: 0.902993, train avg acc: 0.853026
Test epoch 55, loss: 1.527038, test acc: 0.903160, test avg acc: 0.849436
Train epoch 56, loss: 1.559113, train acc: 0.910118, train avg acc: 0.861196
Test epoch 56, loss: 1.550822, test acc: 0.898703, test avg acc: 0.842913
Train epoch 57, loss: 1.565119, train acc: 0.906454, train avg acc: 0.852937
Test epoch 57, loss: 1.571653, test acc: 0.886143, test avg acc: 0.853244
Train epoch 58, loss: 1.562246, train acc: 0.904316, train avg acc: 0.855912
Test epoch 58, loss: 1.543547, test acc: 0.893841, test avg acc: 0.858558
Train epoch 59, loss: 1.561690, train acc: 0.906963, train avg acc: 0.855839
Test epoch 59, loss: 1.522957, test acc: 0.905592, test avg acc: 0.869837
Train epoch 60, loss: 1.561560, train acc: 0.908998, train avg acc: 0.861206
Test epoch 60, loss: 1.530896, test acc: 0.898703, test avg acc: 0.837924
Train epoch 61, loss: 1.551951, train acc: 0.912052, train avg acc: 0.865280
Test epoch 61, loss: 1.524265, test acc: 0.895057, test avg acc: 0.851297
Train epoch 62, loss: 1.540765, train acc: 0.916022, train avg acc: 0.869849
Test epoch 62, loss: 1.508222, test acc: 0.905997, test avg acc: 0.858884
Train epoch 63, loss: 1.560388, train acc: 0.907166, train avg acc: 0.856752
Test epoch 63, loss: 1.572548, test acc: 0.871961, test avg acc: 0.838674
Train epoch 64, loss: 1.547680, train acc: 0.915513, train avg acc: 0.870385
Test epoch 64, loss: 1.550816, test acc: 0.897083, test avg acc: 0.860808
Train epoch 65, loss: 1.554347, train acc: 0.915106, train avg acc: 0.868678
Test epoch 65, loss: 1.529069, test acc: 0.895867, test avg acc: 0.857395
Train epoch 66, loss: 1.542330, train acc: 0.916429, train avg acc: 0.870655
Test epoch 66, loss: 1.511955, test acc: 0.901135, test avg acc: 0.851919
Train epoch 67, loss: 1.556635, train acc: 0.908489, train avg acc: 0.863469
Test epoch 67, loss: 1.551479, test acc: 0.899109, test avg acc: 0.855517
Train epoch 68, loss: 1.545036, train acc: 0.916226, train avg acc: 0.872387
Test epoch 68, loss: 1.542576, test acc: 0.896677, test avg acc: 0.855849
Train epoch 69, loss: 1.551525, train acc: 0.911747, train avg acc: 0.863170
Test epoch 69, loss: 1.638527, test acc: 0.869530, test avg acc: 0.843663
Train epoch 70, loss: 1.556025, train acc: 0.906555, train avg acc: 0.856801
Test epoch 70, loss: 1.542839, test acc: 0.894246, test avg acc: 0.848180
Train epoch 71, loss: 1.552636, train acc: 0.915309, train avg acc: 0.869740
Test epoch 71, loss: 1.538490, test acc: 0.892626, test avg acc: 0.853657
Train epoch 72, loss: 1.551431, train acc: 0.913477, train avg acc: 0.864558
Test epoch 72, loss: 1.512491, test acc: 0.899514, test avg acc: 0.857547
Train epoch 73, loss: 1.537491, train acc: 0.917752, train avg acc: 0.873937
Test epoch 73, loss: 1.535206, test acc: 0.899109, test avg acc: 0.866500
Train epoch 74, loss: 1.537627, train acc: 0.916327, train avg acc: 0.872781
Test epoch 74, loss: 1.629725, test acc: 0.865478, test avg acc: 0.821581
Train epoch 75, loss: 1.541707, train acc: 0.915513, train avg acc: 0.868620
Test epoch 75, loss: 1.553372, test acc: 0.889384, test avg acc: 0.858372
Train epoch 76, loss: 1.547202, train acc: 0.914902, train avg acc: 0.868906
Test epoch 76, loss: 1.544318, test acc: 0.893841, test avg acc: 0.853215
Train epoch 77, loss: 1.544087, train acc: 0.913172, train avg acc: 0.866587
Test epoch 77, loss: 1.543554, test acc: 0.892626, test avg acc: 0.852331
Train epoch 78, loss: 1.537542, train acc: 0.921010, train avg acc: 0.877983
Test epoch 78, loss: 1.517778, test acc: 0.901540, test avg acc: 0.842262
Train epoch 79, loss: 1.539675, train acc: 0.916938, train avg acc: 0.870541
Test epoch 79, loss: 1.563052, test acc: 0.888169, test avg acc: 0.857692
Train epoch 80, loss: 1.538115, train acc: 0.918770, train avg acc: 0.874106
Test epoch 80, loss: 1.529409, test acc: 0.901540, test avg acc: 0.860081
Train epoch 81, loss: 1.543406, train acc: 0.913274, train avg acc: 0.866938
Test epoch 81, loss: 1.557781, test acc: 0.886953, test avg acc: 0.835267
Train epoch 82, loss: 1.542333, train acc: 0.915106, train avg acc: 0.871806
Test epoch 82, loss: 1.521807, test acc: 0.898298, test avg acc: 0.843965
Train epoch 83, loss: 1.537687, train acc: 0.919076, train avg acc: 0.874021
Test epoch 83, loss: 1.541480, test acc: 0.886548, test avg acc: 0.847355
Train epoch 84, loss: 1.530255, train acc: 0.920806, train avg acc: 0.878515
Test epoch 84, loss: 1.528532, test acc: 0.891410, test avg acc: 0.856384
Train epoch 85, loss: 1.526938, train acc: 0.921417, train avg acc: 0.879403
Test epoch 85, loss: 1.565268, test acc: 0.882901, test avg acc: 0.856256
Train epoch 86, loss: 1.529454, train acc: 0.921417, train avg acc: 0.880752
Test epoch 86, loss: 1.521103, test acc: 0.903160, test avg acc: 0.851547
Train epoch 87, loss: 1.534926, train acc: 0.921112, train avg acc: 0.878451
Test epoch 87, loss: 1.577035, test acc: 0.879660, test avg acc: 0.811965
Train epoch 88, loss: 1.525913, train acc: 0.922944, train avg acc: 0.879206
Test epoch 88, loss: 1.519846, test acc: 0.899919, test avg acc: 0.846919
Train epoch 89, loss: 1.536250, train acc: 0.917956, train avg acc: 0.873025
Test epoch 89, loss: 1.583326, test acc: 0.896272, test avg acc: 0.859192
Train epoch 90, loss: 1.534502, train acc: 0.918160, train avg acc: 0.873411
Test epoch 90, loss: 1.528872, test acc: 0.894652, test avg acc: 0.843227
Train epoch 91, loss: 1.527012, train acc: 0.921519, train avg acc: 0.878383
Test epoch 91, loss: 1.535241, test acc: 0.898703, test avg acc: 0.847023
Train epoch 92, loss: 1.520372, train acc: 0.925081, train avg acc: 0.883919
Test epoch 92, loss: 1.537979, test acc: 0.895462, test avg acc: 0.850994
Train epoch 93, loss: 1.524903, train acc: 0.920704, train avg acc: 0.877302
Test epoch 93, loss: 1.497929, test acc: 0.907212, test avg acc: 0.864744
Train epoch 94, loss: 1.530991, train acc: 0.920399, train avg acc: 0.880091
Test epoch 94, loss: 1.526832, test acc: 0.905186, test avg acc: 0.861419
Train epoch 95, loss: 1.524705, train acc: 0.921824, train avg acc: 0.878546
Test epoch 95, loss: 1.518983, test acc: 0.906402, test avg acc: 0.859878
Train epoch 96, loss: 1.534687, train acc: 0.916633, train avg acc: 0.872681
Test epoch 96, loss: 1.552393, test acc: 0.892626, test avg acc: 0.856169
Train epoch 97, loss: 1.524172, train acc: 0.921722, train avg acc: 0.879693
Test epoch 97, loss: 1.523278, test acc: 0.897488, test avg acc: 0.860541
Train epoch 98, loss: 1.532838, train acc: 0.917142, train avg acc: 0.871837
Test epoch 98, loss: 1.522736, test acc: 0.899514, test avg acc: 0.853419
Train epoch 99, loss: 1.525884, train acc: 0.923758, train avg acc: 0.882975
Test epoch 99, loss: 1.500818, test acc: 0.917747, test avg acc: 0.878128
Train epoch 100, loss: 1.520372, train acc: 0.923860, train avg acc: 0.883087
Test epoch 100, loss: 1.509594, test acc: 0.900729, test avg acc: 0.859244
Train epoch 101, loss: 1.515255, train acc: 0.926303, train avg acc: 0.886556
Test epoch 101, loss: 1.558916, test acc: 0.888574, test avg acc: 0.853709
Train epoch 102, loss: 1.529103, train acc: 0.918770, train avg acc: 0.875431
Test epoch 102, loss: 1.504490, test acc: 0.909643, test avg acc: 0.865628
Train epoch 103, loss: 1.518980, train acc: 0.927932, train avg acc: 0.889906
Test epoch 103, loss: 1.541672, test acc: 0.895867, test avg acc: 0.840930
Train epoch 104, loss: 1.524039, train acc: 0.925590, train avg acc: 0.885006
Test epoch 104, loss: 1.521392, test acc: 0.895867, test avg acc: 0.855535
Train epoch 105, loss: 1.513923, train acc: 0.927321, train avg acc: 0.891110
Test epoch 105, loss: 1.516154, test acc: 0.902350, test avg acc: 0.862709
Train epoch 106, loss: 1.521519, train acc: 0.922435, train avg acc: 0.878492
Test epoch 106, loss: 1.521316, test acc: 0.897488, test avg acc: 0.872587
Train epoch 107, loss: 1.524528, train acc: 0.922740, train avg acc: 0.881520
Test epoch 107, loss: 1.515704, test acc: 0.901135, test avg acc: 0.866291
Train epoch 108, loss: 1.520698, train acc: 0.924369, train avg acc: 0.882355
Test epoch 108, loss: 1.544862, test acc: 0.898703, test avg acc: 0.846750
Train epoch 109, loss: 1.517713, train acc: 0.926507, train avg acc: 0.885506
Test epoch 109, loss: 1.557266, test acc: 0.884522, test avg acc: 0.833297
Train epoch 110, loss: 1.513334, train acc: 0.927626, train avg acc: 0.890153
Test epoch 110, loss: 1.567298, test acc: 0.893436, test avg acc: 0.846808
Train epoch 111, loss: 1.513604, train acc: 0.928135, train avg acc: 0.889802
Test epoch 111, loss: 1.518317, test acc: 0.905997, test avg acc: 0.834581
Train epoch 112, loss: 1.509146, train acc: 0.929051, train avg acc: 0.888370
Test epoch 112, loss: 1.497089, test acc: 0.909238, test avg acc: 0.868994
Train epoch 113, loss: 1.514283, train acc: 0.927524, train avg acc: 0.888252
Test epoch 113, loss: 1.526975, test acc: 0.900729, test avg acc: 0.878733
Train epoch 114, loss: 1.516349, train acc: 0.926914, train avg acc: 0.887527
Test epoch 114, loss: 1.513716, test acc: 0.898298, test avg acc: 0.858762
Train epoch 115, loss: 1.510010, train acc: 0.929764, train avg acc: 0.891562
Test epoch 115, loss: 1.500304, test acc: 0.908428, test avg acc: 0.876256
Train epoch 116, loss: 1.510557, train acc: 0.928848, train avg acc: 0.889593
Test epoch 116, loss: 1.562013, test acc: 0.907212, test avg acc: 0.854622
Train epoch 117, loss: 1.521857, train acc: 0.923453, train avg acc: 0.880864
Test epoch 117, loss: 1.544809, test acc: 0.897083, test avg acc: 0.861866
Train epoch 118, loss: 1.516358, train acc: 0.928542, train avg acc: 0.889930
Test epoch 118, loss: 1.506463, test acc: 0.902350, test avg acc: 0.870052
Train epoch 119, loss: 1.511834, train acc: 0.928644, train avg acc: 0.891272
Test epoch 119, loss: 1.543869, test acc: 0.900729, test avg acc: 0.851500
Train epoch 120, loss: 1.512805, train acc: 0.928135, train avg acc: 0.890314
Test epoch 120, loss: 1.520777, test acc: 0.901135, test avg acc: 0.845756
Train epoch 121, loss: 1.505920, train acc: 0.928339, train avg acc: 0.893853
Test epoch 121, loss: 1.500948, test acc: 0.905186, test avg acc: 0.863256
Train epoch 122, loss: 1.498103, train acc: 0.933225, train avg acc: 0.896224
Test epoch 122, loss: 1.545419, test acc: 0.890194, test avg acc: 0.844814
Train epoch 123, loss: 1.507408, train acc: 0.930069, train avg acc: 0.894358
Test epoch 123, loss: 1.502340, test acc: 0.916532, test avg acc: 0.857244
Train epoch 124, loss: 1.504844, train acc: 0.931494, train avg acc: 0.894234
Test epoch 124, loss: 1.541096, test acc: 0.887763, test avg acc: 0.837750
Train epoch 125, loss: 1.505427, train acc: 0.929662, train avg acc: 0.892267
Test epoch 125, loss: 1.536647, test acc: 0.890194, test avg acc: 0.850797
Train epoch 126, loss: 1.509988, train acc: 0.927626, train avg acc: 0.889005
Test epoch 126, loss: 1.509335, test acc: 0.905592, test avg acc: 0.854058
Train epoch 127, loss: 1.497387, train acc: 0.935159, train avg acc: 0.900166
Test epoch 127, loss: 1.523830, test acc: 0.900324, test avg acc: 0.846064
Train epoch 128, loss: 1.493178, train acc: 0.937500, train avg acc: 0.904929
Test epoch 128, loss: 1.539186, test acc: 0.886548, test avg acc: 0.839430
Train epoch 129, loss: 1.500018, train acc: 0.933123, train avg acc: 0.895960
Test epoch 129, loss: 1.533160, test acc: 0.890600, test avg acc: 0.873058
Train epoch 130, loss: 1.513169, train acc: 0.925183, train avg acc: 0.885900
Test epoch 130, loss: 1.552376, test acc: 0.911669, test avg acc: 0.872837
Train epoch 131, loss: 1.502876, train acc: 0.932716, train avg acc: 0.895554
Test epoch 131, loss: 1.513120, test acc: 0.903971, test avg acc: 0.875390
Train epoch 132, loss: 1.506792, train acc: 0.929866, train avg acc: 0.892747
Test epoch 132, loss: 1.521792, test acc: 0.899109, test avg acc: 0.839128
Train epoch 133, loss: 1.507224, train acc: 0.930273, train avg acc: 0.890897
Test epoch 133, loss: 1.513356, test acc: 0.910049, test avg acc: 0.871500
Train epoch 134, loss: 1.507430, train acc: 0.931494, train avg acc: 0.895060
Test epoch 134, loss: 1.556466, test acc: 0.885332, test avg acc: 0.857913
Train epoch 135, loss: 1.484529, train acc: 0.940656, train avg acc: 0.905127
Test epoch 135, loss: 1.528208, test acc: 0.886548, test avg acc: 0.844227
Train epoch 136, loss: 1.499389, train acc: 0.931800, train avg acc: 0.893895
Test epoch 136, loss: 1.495844, test acc: 0.910859, test avg acc: 0.866965
Train epoch 137, loss: 1.504273, train acc: 0.931291, train avg acc: 0.894656
Test epoch 137, loss: 1.514355, test acc: 0.904781, test avg acc: 0.871756
Train epoch 138, loss: 1.497421, train acc: 0.931800, train avg acc: 0.896145
Test epoch 138, loss: 1.545626, test acc: 0.891410, test avg acc: 0.877669
Train epoch 139, loss: 1.490237, train acc: 0.935973, train avg acc: 0.901818
Test epoch 139, loss: 1.518915, test acc: 0.903160, test avg acc: 0.866750
Train epoch 140, loss: 1.502905, train acc: 0.931494, train avg acc: 0.897524
Test epoch 140, loss: 1.519614, test acc: 0.895867, test avg acc: 0.874709
Train epoch 141, loss: 1.507626, train acc: 0.927524, train avg acc: 0.890734
Test epoch 141, loss: 1.508641, test acc: 0.904781, test avg acc: 0.859762
Train epoch 142, loss: 1.498026, train acc: 0.933327, train avg acc: 0.897225
Test epoch 142, loss: 1.592768, test acc: 0.869935, test avg acc: 0.864593
Train epoch 143, loss: 1.487612, train acc: 0.939332, train avg acc: 0.905330
Test epoch 143, loss: 1.513880, test acc: 0.907212, test avg acc: 0.886674
Train epoch 144, loss: 1.487210, train acc: 0.938009, train avg acc: 0.906247
Test epoch 144, loss: 1.509035, test acc: 0.903160, test avg acc: 0.864407
Train epoch 145, loss: 1.486508, train acc: 0.937704, train avg acc: 0.905171
Test epoch 145, loss: 1.524545, test acc: 0.910049, test avg acc: 0.875831
Train epoch 146, loss: 1.497779, train acc: 0.931189, train avg acc: 0.893675
Test epoch 146, loss: 1.500702, test acc: 0.909238, test avg acc: 0.861500
Train epoch 147, loss: 1.488848, train acc: 0.937602, train avg acc: 0.902452
Test epoch 147, loss: 1.514612, test acc: 0.898703, test avg acc: 0.883453
Train epoch 148, loss: 1.493617, train acc: 0.936075, train avg acc: 0.901547
Test epoch 148, loss: 1.534183, test acc: 0.893031, test avg acc: 0.861174
Train epoch 149, loss: 1.491844, train acc: 0.935871, train avg acc: 0.902207
Test epoch 149, loss: 1.513474, test acc: 0.899109, test avg acc: 0.855802
Train epoch 150, loss: 1.491870, train acc: 0.936177, train avg acc: 0.901360
Test epoch 150, loss: 1.485425, test acc: 0.916532, test avg acc: 0.869047
Train epoch 151, loss: 1.485076, train acc: 0.938111, train avg acc: 0.905405
Test epoch 151, loss: 1.510621, test acc: 0.910454, test avg acc: 0.870256
Train epoch 152, loss: 1.496476, train acc: 0.932919, train avg acc: 0.897324
Test epoch 152, loss: 1.501290, test acc: 0.905592, test avg acc: 0.875250
Train epoch 153, loss: 1.490523, train acc: 0.935566, train avg acc: 0.899463
Test epoch 153, loss: 1.506495, test acc: 0.898703, test avg acc: 0.872459
Train epoch 154, loss: 1.492679, train acc: 0.934955, train avg acc: 0.901146
Test epoch 154, loss: 1.526736, test acc: 0.896677, test avg acc: 0.861756
Train epoch 155, loss: 1.500199, train acc: 0.931800, train avg acc: 0.896273
Test epoch 155, loss: 1.550636, test acc: 0.885332, test avg acc: 0.861988
Train epoch 156, loss: 1.490448, train acc: 0.933836, train avg acc: 0.896626
Test epoch 156, loss: 1.514917, test acc: 0.901945, test avg acc: 0.862494
Train epoch 157, loss: 1.485472, train acc: 0.939739, train avg acc: 0.909813
Test epoch 157, loss: 1.513002, test acc: 0.902350, test avg acc: 0.867465
Train epoch 158, loss: 1.481441, train acc: 0.940452, train avg acc: 0.908948
Test epoch 158, loss: 1.529130, test acc: 0.895867, test avg acc: 0.857831
Train epoch 159, loss: 1.484877, train acc: 0.935566, train avg acc: 0.902163
Test epoch 159, loss: 1.502877, test acc: 0.911264, test avg acc: 0.872622
Train epoch 160, loss: 1.482665, train acc: 0.940045, train avg acc: 0.906352
Test epoch 160, loss: 1.537243, test acc: 0.891815, test avg acc: 0.861000
Train epoch 161, loss: 1.487665, train acc: 0.937805, train avg acc: 0.901638
Test epoch 161, loss: 1.491061, test acc: 0.912075, test avg acc: 0.874256
Train epoch 162, loss: 1.486165, train acc: 0.936075, train avg acc: 0.901975
Test epoch 162, loss: 1.528027, test acc: 0.898703, test avg acc: 0.849901
Train epoch 163, loss: 1.486684, train acc: 0.938518, train avg acc: 0.904798
Test epoch 163, loss: 1.548189, test acc: 0.895867, test avg acc: 0.854483
Train epoch 164, loss: 1.480147, train acc: 0.939739, train avg acc: 0.906389
Test epoch 164, loss: 1.492945, test acc: 0.910859, test avg acc: 0.881297
Train epoch 165, loss: 1.484083, train acc: 0.935973, train avg acc: 0.902942
Test epoch 165, loss: 1.513710, test acc: 0.908023, test avg acc: 0.883535
Train epoch 166, loss: 1.488703, train acc: 0.937805, train avg acc: 0.903771
Test epoch 166, loss: 1.502203, test acc: 0.903971, test avg acc: 0.856593
Train epoch 167, loss: 1.487592, train acc: 0.936991, train avg acc: 0.903890
Test epoch 167, loss: 1.510914, test acc: 0.908023, test avg acc: 0.878541
Train epoch 168, loss: 1.479656, train acc: 0.940757, train avg acc: 0.907925
Test epoch 168, loss: 1.483493, test acc: 0.902755, test avg acc: 0.866006
Train epoch 169, loss: 1.477975, train acc: 0.941368, train avg acc: 0.911554
Test epoch 169, loss: 1.521069, test acc: 0.897488, test avg acc: 0.863983
Train epoch 170, loss: 1.481121, train acc: 0.937704, train avg acc: 0.905800
Test epoch 170, loss: 1.489649, test acc: 0.913290, test avg acc: 0.871448
Train epoch 171, loss: 1.484395, train acc: 0.937093, train avg acc: 0.903570
Test epoch 171, loss: 1.498279, test acc: 0.910049, test avg acc: 0.870047
Train epoch 172, loss: 1.482114, train acc: 0.940248, train avg acc: 0.908867
Test epoch 172, loss: 1.516076, test acc: 0.899919, test avg acc: 0.876924
Train epoch 173, loss: 1.474161, train acc: 0.941470, train avg acc: 0.909084
Test epoch 173, loss: 1.558623, test acc: 0.887358, test avg acc: 0.859837
Train epoch 174, loss: 1.473290, train acc: 0.943099, train avg acc: 0.915156
Test epoch 174, loss: 1.518310, test acc: 0.890600, test avg acc: 0.864645
Train epoch 175, loss: 1.480974, train acc: 0.940859, train avg acc: 0.908904
Test epoch 175, loss: 1.529751, test acc: 0.889384, test avg acc: 0.865756
Train epoch 176, loss: 1.489740, train acc: 0.934141, train avg acc: 0.899984
Test epoch 176, loss: 1.523142, test acc: 0.895462, test avg acc: 0.855390
Train epoch 177, loss: 1.478519, train acc: 0.938213, train avg acc: 0.907862
Test epoch 177, loss: 1.507934, test acc: 0.907212, test avg acc: 0.877372
Train epoch 178, loss: 1.476525, train acc: 0.942895, train avg acc: 0.911965
Test epoch 178, loss: 1.490097, test acc: 0.907618, test avg acc: 0.875930
Train epoch 179, loss: 1.462309, train acc: 0.949715, train avg acc: 0.924382
Test epoch 179, loss: 1.483196, test acc: 0.906807, test avg acc: 0.868965
Train epoch 180, loss: 1.477045, train acc: 0.940554, train avg acc: 0.910053
Test epoch 180, loss: 1.513378, test acc: 0.911264, test avg acc: 0.876640
Train epoch 181, loss: 1.473906, train acc: 0.943811, train avg acc: 0.908493
Test epoch 181, loss: 1.505744, test acc: 0.908023, test avg acc: 0.867959
Train epoch 182, loss: 1.486145, train acc: 0.937195, train avg acc: 0.904548
Test epoch 182, loss: 1.493261, test acc: 0.910454, test avg acc: 0.873808
Train epoch 183, loss: 1.471382, train acc: 0.943200, train avg acc: 0.914107
Test epoch 183, loss: 1.492975, test acc: 0.903566, test avg acc: 0.857855
Train epoch 184, loss: 1.475608, train acc: 0.942488, train avg acc: 0.911362
Test epoch 184, loss: 1.498814, test acc: 0.906402, test avg acc: 0.878622
Train epoch 185, loss: 1.477298, train acc: 0.941164, train avg acc: 0.909629
Test epoch 185, loss: 1.488669, test acc: 0.912885, test avg acc: 0.881279
Train epoch 186, loss: 1.474299, train acc: 0.939536, train avg acc: 0.902419
Test epoch 186, loss: 1.539879, test acc: 0.897893, test avg acc: 0.856337
Train epoch 187, loss: 1.473821, train acc: 0.944829, train avg acc: 0.916364
Test epoch 187, loss: 1.541563, test acc: 0.896272, test avg acc: 0.870762
Train epoch 188, loss: 1.467048, train acc: 0.947272, train avg acc: 0.919723
Test epoch 188, loss: 1.507748, test acc: 0.896272, test avg acc: 0.858308
Train epoch 189, loss: 1.464364, train acc: 0.944320, train avg acc: 0.914477
Test epoch 189, loss: 1.507981, test acc: 0.903971, test avg acc: 0.860087
Train epoch 190, loss: 1.469918, train acc: 0.944015, train avg acc: 0.915113
Test epoch 190, loss: 1.502405, test acc: 0.893031, test avg acc: 0.873134
Train epoch 191, loss: 1.476944, train acc: 0.942488, train avg acc: 0.912930
Test epoch 191, loss: 1.537064, test acc: 0.883306, test avg acc: 0.862174
Train epoch 192, loss: 1.471997, train acc: 0.942488, train avg acc: 0.913141
Test epoch 192, loss: 1.507525, test acc: 0.897083, test avg acc: 0.868337
Train epoch 193, loss: 1.474245, train acc: 0.940248, train avg acc: 0.908945
Test epoch 193, loss: 1.510405, test acc: 0.903971, test avg acc: 0.861826
Train epoch 194, loss: 1.470701, train acc: 0.946661, train avg acc: 0.916328
Test epoch 194, loss: 1.485854, test acc: 0.912480, test avg acc: 0.867093
Train epoch 195, loss: 1.465657, train acc: 0.945949, train avg acc: 0.915140
Test epoch 195, loss: 1.477699, test acc: 0.912480, test avg acc: 0.876291
Train epoch 196, loss: 1.468759, train acc: 0.944829, train avg acc: 0.914833
Test epoch 196, loss: 1.496589, test acc: 0.902350, test avg acc: 0.869459
Train epoch 197, loss: 1.468468, train acc: 0.944422, train avg acc: 0.915992
Test epoch 197, loss: 1.502222, test acc: 0.903160, test avg acc: 0.873407
Train epoch 198, loss: 1.469123, train acc: 0.944116, train avg acc: 0.914888
Test epoch 198, loss: 1.503728, test acc: 0.905997, test avg acc: 0.870215
Train epoch 199, loss: 1.480034, train acc: 0.937704, train avg acc: 0.905671
Test epoch 199, loss: 1.488395, test acc: 0.905997, test avg acc: 0.864378
Train epoch 200, loss: 1.464148, train acc: 0.946356, train avg acc: 0.914982
Test epoch 200, loss: 1.480364, test acc: 0.911669, test avg acc: 0.879663
Train epoch 201, loss: 1.471833, train acc: 0.944116, train avg acc: 0.915226
Test epoch 201, loss: 1.488050, test acc: 0.908833, test avg acc: 0.874000
Train epoch 202, loss: 1.468943, train acc: 0.941877, train avg acc: 0.912540
Test epoch 202, loss: 1.482772, test acc: 0.912885, test avg acc: 0.880122
Train epoch 203, loss: 1.463774, train acc: 0.945949, train avg acc: 0.915737
Test epoch 203, loss: 1.478117, test acc: 0.912075, test avg acc: 0.881587
Train epoch 204, loss: 1.458336, train acc: 0.948799, train avg acc: 0.919205
Test epoch 204, loss: 1.578466, test acc: 0.871556, test avg acc: 0.846826
Train epoch 205, loss: 1.462232, train acc: 0.946763, train avg acc: 0.916830
Test epoch 205, loss: 1.473902, test acc: 0.912480, test avg acc: 0.871709
Train epoch 206, loss: 1.459472, train acc: 0.946458, train avg acc: 0.917597
Test epoch 206, loss: 1.493314, test acc: 0.909643, test avg acc: 0.888878
Train epoch 207, loss: 1.456007, train acc: 0.949410, train avg acc: 0.923049
Test epoch 207, loss: 1.483897, test acc: 0.910859, test avg acc: 0.889122
Train epoch 208, loss: 1.448814, train acc: 0.952565, train avg acc: 0.926870
Test epoch 208, loss: 1.520551, test acc: 0.898703, test avg acc: 0.863110
Train epoch 209, loss: 1.459614, train acc: 0.946559, train avg acc: 0.918637
Test epoch 209, loss: 1.475472, test acc: 0.917747, test avg acc: 0.886128
Train epoch 210, loss: 1.452071, train acc: 0.950020, train avg acc: 0.926876
Test epoch 210, loss: 1.473057, test acc: 0.910859, test avg acc: 0.884959
Train epoch 211, loss: 1.452876, train acc: 0.948086, train avg acc: 0.922476
Test epoch 211, loss: 1.495038, test acc: 0.905997, test avg acc: 0.862622
Train epoch 212, loss: 1.461977, train acc: 0.943709, train avg acc: 0.915053
Test epoch 212, loss: 1.517698, test acc: 0.892220, test avg acc: 0.859285
Train epoch 213, loss: 1.457178, train acc: 0.946967, train avg acc: 0.918355
Test epoch 213, loss: 1.501503, test acc: 0.907618, test avg acc: 0.878163
Train epoch 214, loss: 1.452757, train acc: 0.952056, train avg acc: 0.928867
Test epoch 214, loss: 1.471996, test acc: 0.911264, test avg acc: 0.878750
Train epoch 215, loss: 1.450344, train acc: 0.950835, train avg acc: 0.922352
Test epoch 215, loss: 1.480786, test acc: 0.918152, test avg acc: 0.877209
Train epoch 216, loss: 1.449068, train acc: 0.950529, train avg acc: 0.923330
Test epoch 216, loss: 1.478453, test acc: 0.909643, test avg acc: 0.878186
Train epoch 217, loss: 1.447605, train acc: 0.953990, train avg acc: 0.930282
Test epoch 217, loss: 1.502546, test acc: 0.897893, test avg acc: 0.874593
Train epoch 218, loss: 1.439781, train acc: 0.953685, train avg acc: 0.927836
Test epoch 218, loss: 1.473265, test acc: 0.910049, test avg acc: 0.873924
Train epoch 219, loss: 1.447778, train acc: 0.950936, train avg acc: 0.926634
Test epoch 219, loss: 1.521393, test acc: 0.893841, test avg acc: 0.862471
Train epoch 220, loss: 1.450262, train acc: 0.950936, train avg acc: 0.923578
Test epoch 220, loss: 1.493892, test acc: 0.909238, test avg acc: 0.883953
Train epoch 221, loss: 1.450445, train acc: 0.951140, train avg acc: 0.925213
Test epoch 221, loss: 1.500298, test acc: 0.902755, test avg acc: 0.876250
Train epoch 222, loss: 1.450867, train acc: 0.952260, train avg acc: 0.928715
Test epoch 222, loss: 1.492038, test acc: 0.906402, test avg acc: 0.877535
Train epoch 223, loss: 1.450713, train acc: 0.949410, train avg acc: 0.922255
Test epoch 223, loss: 1.490994, test acc: 0.903160, test avg acc: 0.871163
Train epoch 224, loss: 1.452252, train acc: 0.949104, train avg acc: 0.921920
Test epoch 224, loss: 1.488028, test acc: 0.912480, test avg acc: 0.863076
Train epoch 225, loss: 1.451425, train acc: 0.949613, train avg acc: 0.924744
Test epoch 225, loss: 1.486673, test acc: 0.903971, test avg acc: 0.864041
Train epoch 226, loss: 1.453614, train acc: 0.950529, train avg acc: 0.923742
Test epoch 226, loss: 1.462625, test acc: 0.916126, test avg acc: 0.882994
Train epoch 227, loss: 1.450589, train acc: 0.947577, train avg acc: 0.920249
Test epoch 227, loss: 1.485813, test acc: 0.912075, test avg acc: 0.881919
Train epoch 228, loss: 1.446335, train acc: 0.951649, train avg acc: 0.923701
Test epoch 228, loss: 1.499130, test acc: 0.904376, test avg acc: 0.878919
Train epoch 229, loss: 1.452520, train acc: 0.947679, train avg acc: 0.921490
Test epoch 229, loss: 1.493106, test acc: 0.905592, test avg acc: 0.870000
Train epoch 230, loss: 1.443643, train acc: 0.955314, train avg acc: 0.930995
Test epoch 230, loss: 1.484703, test acc: 0.905997, test avg acc: 0.883198
Train epoch 231, loss: 1.434969, train acc: 0.956433, train avg acc: 0.934097
Test epoch 231, loss: 1.496003, test acc: 0.903566, test avg acc: 0.864134
Train epoch 232, loss: 1.452157, train acc: 0.950326, train avg acc: 0.924880
Test epoch 232, loss: 1.486099, test acc: 0.911264, test avg acc: 0.869122
Train epoch 233, loss: 1.434404, train acc: 0.957757, train avg acc: 0.935026
Test epoch 233, loss: 1.471233, test acc: 0.916126, test avg acc: 0.881640
Train epoch 234, loss: 1.436177, train acc: 0.955822, train avg acc: 0.931602
Test epoch 234, loss: 1.478344, test acc: 0.913695, test avg acc: 0.867076
Train epoch 235, loss: 1.436379, train acc: 0.954296, train avg acc: 0.930446
Test epoch 235, loss: 1.477904, test acc: 0.914506, test avg acc: 0.876076
Train epoch 236, loss: 1.448331, train acc: 0.952565, train avg acc: 0.927002
Test epoch 236, loss: 1.538147, test acc: 0.897893, test avg acc: 0.867884
Train epoch 237, loss: 1.444381, train acc: 0.953278, train avg acc: 0.928056
Test epoch 237, loss: 1.526530, test acc: 0.899109, test avg acc: 0.869500
Train epoch 238, loss: 1.441501, train acc: 0.956433, train avg acc: 0.931613
Test epoch 238, loss: 1.492490, test acc: 0.901540, test avg acc: 0.871169
Train epoch 239, loss: 1.438044, train acc: 0.956739, train avg acc: 0.936221
Test epoch 239, loss: 1.465535, test acc: 0.922204, test avg acc: 0.884663
Train epoch 240, loss: 1.440999, train acc: 0.952362, train avg acc: 0.926806
Test epoch 240, loss: 1.479349, test acc: 0.911669, test avg acc: 0.883174
Train epoch 241, loss: 1.449160, train acc: 0.951751, train avg acc: 0.925957
Test epoch 241, loss: 1.464555, test acc: 0.926256, test avg acc: 0.879663
Train epoch 242, loss: 1.438112, train acc: 0.954703, train avg acc: 0.931378
Test epoch 242, loss: 1.497866, test acc: 0.904376, test avg acc: 0.863581
Train epoch 243, loss: 1.436594, train acc: 0.957044, train avg acc: 0.933882
Test epoch 243, loss: 1.501753, test acc: 0.903971, test avg acc: 0.878872
Train epoch 244, loss: 1.429232, train acc: 0.958265, train avg acc: 0.933789
Test epoch 244, loss: 1.526088, test acc: 0.891005, test avg acc: 0.852209
Train epoch 245, loss: 1.440410, train acc: 0.953278, train avg acc: 0.930027
Test epoch 245, loss: 1.522057, test acc: 0.897488, test avg acc: 0.866122
Train epoch 246, loss: 1.433250, train acc: 0.958062, train avg acc: 0.936292
Test epoch 246, loss: 1.463378, test acc: 0.915721, test avg acc: 0.884081
Train epoch 247, loss: 1.433809, train acc: 0.957146, train avg acc: 0.933865
Test epoch 247, loss: 1.497005, test acc: 0.905186, test avg acc: 0.882320
Train epoch 248, loss: 1.431753, train acc: 0.958774, train avg acc: 0.937199
Test epoch 248, loss: 1.466720, test acc: 0.921799, test avg acc: 0.892419
Train epoch 249, loss: 1.430291, train acc: 0.959080, train avg acc: 0.934762
Test epoch 249, loss: 1.490791, test acc: 0.908833, test avg acc: 0.873587
Train epoch 250, loss: 1.439201, train acc: 0.956026, train avg acc: 0.933268
Test epoch 250, loss: 1.471410, test acc: 0.913290, test avg acc: 0.884959
Train epoch 251, loss: 1.431847, train acc: 0.954397, train avg acc: 0.931069
Test epoch 251, loss: 1.494440, test acc: 0.911264, test avg acc: 0.877430
Train epoch 252, loss: 1.433386, train acc: 0.958469, train avg acc: 0.936630
Test epoch 252, loss: 1.471182, test acc: 0.910859, test avg acc: 0.871512
Train epoch 253, loss: 1.433477, train acc: 0.958367, train avg acc: 0.936415
Test epoch 253, loss: 1.521544, test acc: 0.895867, test avg acc: 0.862023
Train epoch 254, loss: 1.426479, train acc: 0.958673, train avg acc: 0.936821
Test epoch 254, loss: 1.473841, test acc: 0.912480, test avg acc: 0.887122
Train epoch 255, loss: 1.420698, train acc: 0.962541, train avg acc: 0.943461
Test epoch 255, loss: 1.505151, test acc: 0.900324, test avg acc: 0.872366
Train epoch 256, loss: 1.425499, train acc: 0.960708, train avg acc: 0.939913
Test epoch 256, loss: 1.497805, test acc: 0.905592, test avg acc: 0.878622
Train epoch 257, loss: 1.432748, train acc: 0.956331, train avg acc: 0.936507
Test epoch 257, loss: 1.475182, test acc: 0.912480, test avg acc: 0.878669
Train epoch 258, loss: 1.425472, train acc: 0.960912, train avg acc: 0.940419
Test epoch 258, loss: 1.484863, test acc: 0.913290, test avg acc: 0.884297
Train epoch 259, loss: 1.422971, train acc: 0.961116, train avg acc: 0.940073
Test epoch 259, loss: 1.481630, test acc: 0.914506, test avg acc: 0.887669
Train epoch 260, loss: 1.429800, train acc: 0.958673, train avg acc: 0.937173
Test epoch 260, loss: 1.511640, test acc: 0.895867, test avg acc: 0.864576
Train epoch 261, loss: 1.415666, train acc: 0.963660, train avg acc: 0.942062
Test epoch 261, loss: 1.502001, test acc: 0.898298, test avg acc: 0.864076
Train epoch 262, loss: 1.428178, train acc: 0.957553, train avg acc: 0.934467
Test epoch 262, loss: 1.491871, test acc: 0.907618, test avg acc: 0.877878
Train epoch 263, loss: 1.427728, train acc: 0.958469, train avg acc: 0.936642
Test epoch 263, loss: 1.500573, test acc: 0.908023, test avg acc: 0.876453
Train epoch 264, loss: 1.423658, train acc: 0.961930, train avg acc: 0.942376
Test epoch 264, loss: 1.480782, test acc: 0.910049, test avg acc: 0.881965
Train epoch 265, loss: 1.430161, train acc: 0.955415, train avg acc: 0.931724
Test epoch 265, loss: 1.474758, test acc: 0.916937, test avg acc: 0.892093
Train epoch 266, loss: 1.420938, train acc: 0.961319, train avg acc: 0.941045
Test epoch 266, loss: 1.504132, test acc: 0.897488, test avg acc: 0.878215
Train epoch 267, loss: 1.418744, train acc: 0.963864, train avg acc: 0.942291
Test epoch 267, loss: 1.471035, test acc: 0.917747, test avg acc: 0.881663
Train epoch 268, loss: 1.421520, train acc: 0.962439, train avg acc: 0.941272
Test epoch 268, loss: 1.486412, test acc: 0.906402, test avg acc: 0.882081
Train epoch 269, loss: 1.412770, train acc: 0.965391, train avg acc: 0.948083
Test epoch 269, loss: 1.494324, test acc: 0.907618, test avg acc: 0.881791
Train epoch 270, loss: 1.408192, train acc: 0.966816, train avg acc: 0.949644
Test epoch 270, loss: 1.476618, test acc: 0.905186, test avg acc: 0.871291
Train epoch 271, loss: 1.420491, train acc: 0.961930, train avg acc: 0.942514
Test epoch 271, loss: 1.493757, test acc: 0.911669, test avg acc: 0.891494
Train epoch 272, loss: 1.425285, train acc: 0.959691, train avg acc: 0.939250
Test epoch 272, loss: 1.481023, test acc: 0.909238, test avg acc: 0.881372
Train epoch 273, loss: 1.414244, train acc: 0.964373, train avg acc: 0.943720
Test epoch 273, loss: 1.469893, test acc: 0.912480, test avg acc: 0.894750
Train epoch 274, loss: 1.408261, train acc: 0.964984, train avg acc: 0.946185
Test epoch 274, loss: 1.493274, test acc: 0.918152, test avg acc: 0.891750
Train epoch 275, loss: 1.407924, train acc: 0.969463, train avg acc: 0.953148
Test epoch 275, loss: 1.471548, test acc: 0.904376, test avg acc: 0.871424
Train epoch 276, loss: 1.417159, train acc: 0.962643, train avg acc: 0.943217
Test epoch 276, loss: 1.462595, test acc: 0.915316, test avg acc: 0.882372
Train epoch 277, loss: 1.419642, train acc: 0.960708, train avg acc: 0.940771
Test epoch 277, loss: 1.490667, test acc: 0.910454, test avg acc: 0.877256
Train epoch 278, loss: 1.416368, train acc: 0.962439, train avg acc: 0.941310
Test epoch 278, loss: 1.483886, test acc: 0.910454, test avg acc: 0.883878
Train epoch 279, loss: 1.421628, train acc: 0.961828, train avg acc: 0.940938
Test epoch 279, loss: 1.472897, test acc: 0.911264, test avg acc: 0.869070
Train epoch 280, loss: 1.415613, train acc: 0.963966, train avg acc: 0.943379
Test epoch 280, loss: 1.467906, test acc: 0.912885, test avg acc: 0.876698
Train epoch 281, loss: 1.406189, train acc: 0.969157, train avg acc: 0.951747
Test epoch 281, loss: 1.469570, test acc: 0.915316, test avg acc: 0.879076
Train epoch 282, loss: 1.413425, train acc: 0.965086, train avg acc: 0.945814
Test epoch 282, loss: 1.503095, test acc: 0.902755, test avg acc: 0.873791
Train epoch 283, loss: 1.418529, train acc: 0.963457, train avg acc: 0.945044
Test epoch 283, loss: 1.492227, test acc: 0.899514, test avg acc: 0.869076
Train epoch 284, loss: 1.405387, train acc: 0.966714, train avg acc: 0.950476
Test epoch 284, loss: 1.463467, test acc: 0.918152, test avg acc: 0.876791
Train epoch 285, loss: 1.416765, train acc: 0.960912, train avg acc: 0.940580
Test epoch 285, loss: 1.472305, test acc: 0.913290, test avg acc: 0.879041
Train epoch 286, loss: 1.415346, train acc: 0.965493, train avg acc: 0.947158
Test epoch 286, loss: 1.487793, test acc: 0.899919, test avg acc: 0.877203
Train epoch 287, loss: 1.409038, train acc: 0.965493, train avg acc: 0.947800
Test epoch 287, loss: 1.485491, test acc: 0.902350, test avg acc: 0.878785
Train epoch 288, loss: 1.417679, train acc: 0.962846, train avg acc: 0.945351
Test epoch 288, loss: 1.501600, test acc: 0.902755, test avg acc: 0.861802
Train epoch 289, loss: 1.412034, train acc: 0.965493, train avg acc: 0.946292
Test epoch 289, loss: 1.455641, test acc: 0.915316, test avg acc: 0.883116
Train epoch 290, loss: 1.400596, train acc: 0.967630, train avg acc: 0.950133
Test epoch 290, loss: 1.454457, test acc: 0.919773, test avg acc: 0.884331
Train epoch 291, loss: 1.401305, train acc: 0.968445, train avg acc: 0.950713
Test epoch 291, loss: 1.467889, test acc: 0.915316, test avg acc: 0.878343
Train epoch 292, loss: 1.397838, train acc: 0.970582, train avg acc: 0.956723
Test epoch 292, loss: 1.496019, test acc: 0.902350, test avg acc: 0.887506
Train epoch 293, loss: 1.403063, train acc: 0.968445, train avg acc: 0.952503
Test epoch 293, loss: 1.484886, test acc: 0.907212, test avg acc: 0.879169
Train epoch 294, loss: 1.405105, train acc: 0.966205, train avg acc: 0.950676
Test epoch 294, loss: 1.458590, test acc: 0.918152, test avg acc: 0.888547
Train epoch 295, loss: 1.401993, train acc: 0.970684, train avg acc: 0.953828
Test epoch 295, loss: 1.451994, test acc: 0.922204, test avg acc: 0.885994
Train epoch 296, loss: 1.406513, train acc: 0.965798, train avg acc: 0.947432
Test epoch 296, loss: 1.451766, test acc: 0.918152, test avg acc: 0.876535
Train epoch 297, loss: 1.393928, train acc: 0.973025, train avg acc: 0.957192
Test epoch 297, loss: 1.466180, test acc: 0.914911, test avg acc: 0.886616
Train epoch 298, loss: 1.403526, train acc: 0.965900, train avg acc: 0.947775
Test epoch 298, loss: 1.473794, test acc: 0.904781, test avg acc: 0.869041
Train epoch 299, loss: 1.400150, train acc: 0.968852, train avg acc: 0.951736
Test epoch 299, loss: 1.482921, test acc: 0.905592, test avg acc: 0.874866
Train epoch 300, loss: 1.401505, train acc: 0.967529, train avg acc: 0.950634
Test epoch 300, loss: 1.464165, test acc: 0.919773, test avg acc: 0.887541
Train epoch 301, loss: 1.402134, train acc: 0.968139, train avg acc: 0.949339
Test epoch 301, loss: 1.498417, test acc: 0.899919, test avg acc: 0.877593
Train epoch 302, loss: 1.400996, train acc: 0.968241, train avg acc: 0.951843
Test epoch 302, loss: 1.467466, test acc: 0.912480, test avg acc: 0.887541
Train epoch 303, loss: 1.393936, train acc: 0.970989, train avg acc: 0.956221
Test epoch 303, loss: 1.471677, test acc: 0.909238, test avg acc: 0.871727
Train epoch 304, loss: 1.398525, train acc: 0.970073, train avg acc: 0.953066
Test epoch 304, loss: 1.459078, test acc: 0.920989, test avg acc: 0.890087
Train epoch 305, loss: 1.400766, train acc: 0.967529, train avg acc: 0.951715
Test epoch 305, loss: 1.482838, test acc: 0.921799, test avg acc: 0.893791
Train epoch 306, loss: 1.399586, train acc: 0.968037, train avg acc: 0.951314
Test epoch 306, loss: 1.473989, test acc: 0.913290, test avg acc: 0.881209
Train epoch 307, loss: 1.393601, train acc: 0.971906, train avg acc: 0.956892
Test epoch 307, loss: 1.463507, test acc: 0.918152, test avg acc: 0.881128
Train epoch 308, loss: 1.394332, train acc: 0.970582, train avg acc: 0.953393
Test epoch 308, loss: 1.455886, test acc: 0.924230, test avg acc: 0.891494
Train epoch 309, loss: 1.385788, train acc: 0.973738, train avg acc: 0.958072
Test epoch 309, loss: 1.450912, test acc: 0.915721, test avg acc: 0.878953
Train epoch 310, loss: 1.395396, train acc: 0.970480, train avg acc: 0.954840
Test epoch 310, loss: 1.467006, test acc: 0.915316, test avg acc: 0.884750
Train epoch 311, loss: 1.388500, train acc: 0.973636, train avg acc: 0.960064
Test epoch 311, loss: 1.478849, test acc: 0.911264, test avg acc: 0.888919
Train epoch 312, loss: 1.391219, train acc: 0.972109, train avg acc: 0.956732
Test epoch 312, loss: 1.461233, test acc: 0.919368, test avg acc: 0.888244
Train epoch 313, loss: 1.387879, train acc: 0.973738, train avg acc: 0.959610
Test epoch 313, loss: 1.450769, test acc: 0.920989, test avg acc: 0.883366
Train epoch 314, loss: 1.393460, train acc: 0.971600, train avg acc: 0.954514
Test epoch 314, loss: 1.474422, test acc: 0.908428, test avg acc: 0.872477
Train epoch 315, loss: 1.392719, train acc: 0.971498, train avg acc: 0.957781
Test epoch 315, loss: 1.465292, test acc: 0.915721, test avg acc: 0.877541
Train epoch 316, loss: 1.392571, train acc: 0.970989, train avg acc: 0.955850
Test epoch 316, loss: 1.458089, test acc: 0.916126, test avg acc: 0.878372
Train epoch 317, loss: 1.385905, train acc: 0.974654, train avg acc: 0.960149
Test epoch 317, loss: 1.451403, test acc: 0.916937, test avg acc: 0.888291
Train epoch 318, loss: 1.393160, train acc: 0.971804, train avg acc: 0.955134
Test epoch 318, loss: 1.452329, test acc: 0.923825, test avg acc: 0.893326
Train epoch 319, loss: 1.385771, train acc: 0.974043, train avg acc: 0.960830
Test epoch 319, loss: 1.481949, test acc: 0.918963, test avg acc: 0.891913
Train epoch 320, loss: 1.390930, train acc: 0.972007, train avg acc: 0.957009
Test epoch 320, loss: 1.473102, test acc: 0.911264, test avg acc: 0.884122
Train epoch 321, loss: 1.387829, train acc: 0.973534, train avg acc: 0.959208
Test epoch 321, loss: 1.460909, test acc: 0.918963, test avg acc: 0.871663
Train epoch 322, loss: 1.390185, train acc: 0.972516, train avg acc: 0.958117
Test epoch 322, loss: 1.480108, test acc: 0.906807, test avg acc: 0.883169
Train epoch 323, loss: 1.386447, train acc: 0.971600, train avg acc: 0.955449
Test epoch 323, loss: 1.478366, test acc: 0.908428, test avg acc: 0.880366
Train epoch 324, loss: 1.391324, train acc: 0.968648, train avg acc: 0.951802
Test epoch 324, loss: 1.451954, test acc: 0.920583, test avg acc: 0.894244
Train epoch 325, loss: 1.389160, train acc: 0.971397, train avg acc: 0.953350
Test epoch 325, loss: 1.475475, test acc: 0.906807, test avg acc: 0.875494
Train epoch 326, loss: 1.382856, train acc: 0.974552, train avg acc: 0.960028
Test epoch 326, loss: 1.453261, test acc: 0.919773, test avg acc: 0.885953
Train epoch 327, loss: 1.379206, train acc: 0.976384, train avg acc: 0.965280
Test epoch 327, loss: 1.445715, test acc: 0.927472, test avg acc: 0.892453
Train epoch 328, loss: 1.384141, train acc: 0.973738, train avg acc: 0.960783
Test epoch 328, loss: 1.455221, test acc: 0.922609, test avg acc: 0.891407
Train epoch 329, loss: 1.376362, train acc: 0.979031, train avg acc: 0.969107
Test epoch 329, loss: 1.448311, test acc: 0.920989, test avg acc: 0.893169
Train epoch 330, loss: 1.382144, train acc: 0.976690, train avg acc: 0.965334
Test epoch 330, loss: 1.454961, test acc: 0.917342, test avg acc: 0.891959
Train epoch 331, loss: 1.382392, train acc: 0.973534, train avg acc: 0.959605
Test epoch 331, loss: 1.475334, test acc: 0.905592, test avg acc: 0.880453
Train epoch 332, loss: 1.381983, train acc: 0.976079, train avg acc: 0.963054
Test epoch 332, loss: 1.459469, test acc: 0.918558, test avg acc: 0.890872
Train epoch 333, loss: 1.375723, train acc: 0.977911, train avg acc: 0.966283
Test epoch 333, loss: 1.458407, test acc: 0.917747, test avg acc: 0.884919
Train epoch 334, loss: 1.377972, train acc: 0.976690, train avg acc: 0.965333
Test epoch 334, loss: 1.460851, test acc: 0.924635, test avg acc: 0.893413
Train epoch 335, loss: 1.383339, train acc: 0.974145, train avg acc: 0.960869
Test epoch 335, loss: 1.466192, test acc: 0.911669, test avg acc: 0.877541
Train epoch 336, loss: 1.378980, train acc: 0.976690, train avg acc: 0.963477
Test epoch 336, loss: 1.471691, test acc: 0.915721, test avg acc: 0.875797
Train epoch 337, loss: 1.386148, train acc: 0.972211, train avg acc: 0.956935
Test epoch 337, loss: 1.469791, test acc: 0.906807, test avg acc: 0.871500
Train epoch 338, loss: 1.375551, train acc: 0.977504, train avg acc: 0.965178
Test epoch 338, loss: 1.450741, test acc: 0.921394, test avg acc: 0.885797
Train epoch 339, loss: 1.373310, train acc: 0.978624, train avg acc: 0.967247
Test epoch 339, loss: 1.453800, test acc: 0.915721, test avg acc: 0.884669
Train epoch 340, loss: 1.376912, train acc: 0.976588, train avg acc: 0.963160
Test epoch 340, loss: 1.451807, test acc: 0.916937, test avg acc: 0.884076
Train epoch 341, loss: 1.371982, train acc: 0.977708, train avg acc: 0.964821
Test epoch 341, loss: 1.445375, test acc: 0.923825, test avg acc: 0.889913
Train epoch 342, loss: 1.372981, train acc: 0.977708, train avg acc: 0.966420
Test epoch 342, loss: 1.459515, test acc: 0.911669, test avg acc: 0.881378
Train epoch 343, loss: 1.372514, train acc: 0.977708, train avg acc: 0.967519
Test epoch 343, loss: 1.455078, test acc: 0.919368, test avg acc: 0.886076
Train epoch 344, loss: 1.371106, train acc: 0.977809, train avg acc: 0.965106
Test epoch 344, loss: 1.466253, test acc: 0.920583, test avg acc: 0.893953
Train epoch 345, loss: 1.369405, train acc: 0.979642, train avg acc: 0.968375
Test epoch 345, loss: 1.457837, test acc: 0.915316, test avg acc: 0.884547
Train epoch 346, loss: 1.369815, train acc: 0.979438, train avg acc: 0.967769
Test epoch 346, loss: 1.457950, test acc: 0.908023, test avg acc: 0.863122
Train epoch 347, loss: 1.368149, train acc: 0.981372, train avg acc: 0.971480
Test epoch 347, loss: 1.442722, test acc: 0.922204, test avg acc: 0.884122
Train epoch 348, loss: 1.369598, train acc: 0.978624, train avg acc: 0.967899
Test epoch 348, loss: 1.476001, test acc: 0.905997, test avg acc: 0.874122
Train epoch 349, loss: 1.368672, train acc: 0.979438, train avg acc: 0.969306
Test epoch 349, loss: 1.460968, test acc: 0.916532, test avg acc: 0.890703
Train epoch 350, loss: 1.368128, train acc: 0.978115, train avg acc: 0.966591
Test epoch 350, loss: 1.460402, test acc: 0.913695, test avg acc: 0.885052
Train epoch 351, loss: 1.370716, train acc: 0.978726, train avg acc: 0.968535
Test epoch 351, loss: 1.459561, test acc: 0.918558, test avg acc: 0.891919
Train epoch 352, loss: 1.369091, train acc: 0.977300, train avg acc: 0.966677
Test epoch 352, loss: 1.459277, test acc: 0.919368, test avg acc: 0.891372
Train epoch 353, loss: 1.367255, train acc: 0.980049, train avg acc: 0.968862
Test epoch 353, loss: 1.456122, test acc: 0.917342, test avg acc: 0.882122
Train epoch 354, loss: 1.368332, train acc: 0.978624, train avg acc: 0.966683
Test epoch 354, loss: 1.452248, test acc: 0.922609, test avg acc: 0.895372
Train epoch 355, loss: 1.358372, train acc: 0.983612, train avg acc: 0.974634
Test epoch 355, loss: 1.453771, test acc: 0.920583, test avg acc: 0.886953
Train epoch 356, loss: 1.366638, train acc: 0.981372, train avg acc: 0.972318
Test epoch 356, loss: 1.449600, test acc: 0.922609, test avg acc: 0.894372
Train epoch 357, loss: 1.356418, train acc: 0.982594, train avg acc: 0.972634
Test epoch 357, loss: 1.452454, test acc: 0.916126, test avg acc: 0.884494
Train epoch 358, loss: 1.360499, train acc: 0.982797, train avg acc: 0.973817
Test epoch 358, loss: 1.458055, test acc: 0.917342, test avg acc: 0.892459
Train epoch 359, loss: 1.361369, train acc: 0.982085, train avg acc: 0.972926
Test epoch 359, loss: 1.440741, test acc: 0.922609, test avg acc: 0.897831
Train epoch 360, loss: 1.357203, train acc: 0.983713, train avg acc: 0.975290
Test epoch 360, loss: 1.466778, test acc: 0.916937, test avg acc: 0.888459
Train epoch 361, loss: 1.362529, train acc: 0.980456, train avg acc: 0.970679
Test epoch 361, loss: 1.457044, test acc: 0.918963, test avg acc: 0.881291
Train epoch 362, loss: 1.361341, train acc: 0.981678, train avg acc: 0.971068
Test epoch 362, loss: 1.448152, test acc: 0.921394, test avg acc: 0.894413
Train epoch 363, loss: 1.361540, train acc: 0.981576, train avg acc: 0.972489
Test epoch 363, loss: 1.451850, test acc: 0.915721, test avg acc: 0.889081
Train epoch 364, loss: 1.362204, train acc: 0.980761, train avg acc: 0.971032
Test epoch 364, loss: 1.464106, test acc: 0.910454, test avg acc: 0.884035
Train epoch 365, loss: 1.359648, train acc: 0.981474, train avg acc: 0.971333
Test epoch 365, loss: 1.450934, test acc: 0.920583, test avg acc: 0.894913
Train epoch 366, loss: 1.357255, train acc: 0.983204, train avg acc: 0.974963
Test epoch 366, loss: 1.444374, test acc: 0.921799, test avg acc: 0.895703
Train epoch 367, loss: 1.355034, train acc: 0.982797, train avg acc: 0.975109
Test epoch 367, loss: 1.450156, test acc: 0.920583, test avg acc: 0.889669
Train epoch 368, loss: 1.356480, train acc: 0.983612, train avg acc: 0.975063
Test epoch 368, loss: 1.461551, test acc: 0.918558, test avg acc: 0.883872
Train epoch 369, loss: 1.357081, train acc: 0.982492, train avg acc: 0.972657
Test epoch 369, loss: 1.455990, test acc: 0.915721, test avg acc: 0.889163
Train epoch 370, loss: 1.352118, train acc: 0.985240, train avg acc: 0.977773
Test epoch 370, loss: 1.459492, test acc: 0.915721, test avg acc: 0.890163
Train epoch 371, loss: 1.359711, train acc: 0.983001, train avg acc: 0.973686
Test epoch 371, loss: 1.442967, test acc: 0.918558, test avg acc: 0.886372
Train epoch 372, loss: 1.355130, train acc: 0.983815, train avg acc: 0.976134
Test epoch 372, loss: 1.449310, test acc: 0.918963, test avg acc: 0.888913
Train epoch 373, loss: 1.352714, train acc: 0.984833, train avg acc: 0.975744
Test epoch 373, loss: 1.441261, test acc: 0.925446, test avg acc: 0.897163
Train epoch 374, loss: 1.355153, train acc: 0.983306, train avg acc: 0.974396
Test epoch 374, loss: 1.457899, test acc: 0.918152, test avg acc: 0.893785
Train epoch 375, loss: 1.353229, train acc: 0.983612, train avg acc: 0.974032
Test epoch 375, loss: 1.446842, test acc: 0.918558, test avg acc: 0.882541
Train epoch 376, loss: 1.349124, train acc: 0.986564, train avg acc: 0.979165
Test epoch 376, loss: 1.447747, test acc: 0.917342, test avg acc: 0.893035
Train epoch 377, loss: 1.348660, train acc: 0.983103, train avg acc: 0.974384
Test epoch 377, loss: 1.444978, test acc: 0.923420, test avg acc: 0.902663
Train epoch 378, loss: 1.350412, train acc: 0.985037, train avg acc: 0.978070
Test epoch 378, loss: 1.440951, test acc: 0.922609, test avg acc: 0.890994
Train epoch 379, loss: 1.350986, train acc: 0.983815, train avg acc: 0.975436
Test epoch 379, loss: 1.439809, test acc: 0.924230, test avg acc: 0.898203
Train epoch 380, loss: 1.348336, train acc: 0.986156, train avg acc: 0.978994
Test epoch 380, loss: 1.446151, test acc: 0.921799, test avg acc: 0.894791
Train epoch 381, loss: 1.348996, train acc: 0.984019, train avg acc: 0.977425
Test epoch 381, loss: 1.446430, test acc: 0.923420, test avg acc: 0.898500
Train epoch 382, loss: 1.351741, train acc: 0.985342, train avg acc: 0.978212
Test epoch 382, loss: 1.444103, test acc: 0.924635, test avg acc: 0.891459
Train epoch 383, loss: 1.347574, train acc: 0.985749, train avg acc: 0.979420
Test epoch 383, loss: 1.444548, test acc: 0.921799, test avg acc: 0.892663
Train epoch 384, loss: 1.345915, train acc: 0.987072, train avg acc: 0.980015
Test epoch 384, loss: 1.456945, test acc: 0.919773, test avg acc: 0.902663
Train epoch 385, loss: 1.347821, train acc: 0.984731, train avg acc: 0.977229
Test epoch 385, loss: 1.451902, test acc: 0.918963, test avg acc: 0.895872
Train epoch 386, loss: 1.344250, train acc: 0.986665, train avg acc: 0.980352
Test epoch 386, loss: 1.442508, test acc: 0.925041, test avg acc: 0.893872
Train epoch 387, loss: 1.347403, train acc: 0.985240, train avg acc: 0.978009
Test epoch 387, loss: 1.443314, test acc: 0.923825, test avg acc: 0.887035
Train epoch 388, loss: 1.348967, train acc: 0.984528, train avg acc: 0.975940
Test epoch 388, loss: 1.435785, test acc: 0.927066, test avg acc: 0.898831
Train epoch 389, loss: 1.344507, train acc: 0.986665, train avg acc: 0.980095
Test epoch 389, loss: 1.447119, test acc: 0.921394, test avg acc: 0.892535
Train epoch 390, loss: 1.345954, train acc: 0.986258, train avg acc: 0.978688
Test epoch 390, loss: 1.443089, test acc: 0.921799, test avg acc: 0.892459
Train epoch 391, loss: 1.344209, train acc: 0.986665, train avg acc: 0.978861
Test epoch 391, loss: 1.439605, test acc: 0.926661, test avg acc: 0.901413
Train epoch 392, loss: 1.344255, train acc: 0.986971, train avg acc: 0.979163
Test epoch 392, loss: 1.451978, test acc: 0.919368, test avg acc: 0.896203
Train epoch 393, loss: 1.345464, train acc: 0.986258, train avg acc: 0.979398
Test epoch 393, loss: 1.445779, test acc: 0.923015, test avg acc: 0.892535
Train epoch 394, loss: 1.344157, train acc: 0.987480, train avg acc: 0.980888
Test epoch 394, loss: 1.444762, test acc: 0.925041, test avg acc: 0.899622
Train epoch 395, loss: 1.340821, train acc: 0.987683, train avg acc: 0.980521
Test epoch 395, loss: 1.443197, test acc: 0.918558, test avg acc: 0.886541
Train epoch 396, loss: 1.338613, train acc: 0.986767, train avg acc: 0.980100
Test epoch 396, loss: 1.449566, test acc: 0.922609, test avg acc: 0.893244
Train epoch 397, loss: 1.338932, train acc: 0.987989, train avg acc: 0.983203
Test epoch 397, loss: 1.445976, test acc: 0.921394, test avg acc: 0.890535
Train epoch 398, loss: 1.338009, train acc: 0.988905, train avg acc: 0.984037
Test epoch 398, loss: 1.449824, test acc: 0.919368, test avg acc: 0.894000
Train epoch 399, loss: 1.333571, train acc: 0.989515, train avg acc: 0.983864
Test epoch 399, loss: 1.434766, test acc: 0.926661, test avg acc: 0.896663
Train epoch 400, loss: 1.338714, train acc: 0.987581, train avg acc: 0.980728
Test epoch 400, loss: 1.443737, test acc: 0.923825, test avg acc: 0.902157
Train epoch 401, loss: 1.337438, train acc: 0.989108, train avg acc: 0.983957
Test epoch 401, loss: 1.438616, test acc: 0.924635, test avg acc: 0.895494
Train epoch 402, loss: 1.340991, train acc: 0.986971, train avg acc: 0.979587
Test epoch 402, loss: 1.437498, test acc: 0.926256, test avg acc: 0.894285
Train epoch 403, loss: 1.339223, train acc: 0.987683, train avg acc: 0.981400
Test epoch 403, loss: 1.442272, test acc: 0.924635, test avg acc: 0.901203
Train epoch 404, loss: 1.339448, train acc: 0.988192, train avg acc: 0.981687
Test epoch 404, loss: 1.445574, test acc: 0.923825, test avg acc: 0.897913
Train epoch 405, loss: 1.340264, train acc: 0.986767, train avg acc: 0.979315
Test epoch 405, loss: 1.446982, test acc: 0.919368, test avg acc: 0.897616
Train epoch 406, loss: 1.335895, train acc: 0.988599, train avg acc: 0.982901
Test epoch 406, loss: 1.440928, test acc: 0.924635, test avg acc: 0.898453
Train epoch 407, loss: 1.335162, train acc: 0.987276, train avg acc: 0.980050
Test epoch 407, loss: 1.441002, test acc: 0.920989, test avg acc: 0.896791
Train epoch 408, loss: 1.335500, train acc: 0.989007, train avg acc: 0.983668
Test epoch 408, loss: 1.446812, test acc: 0.918152, test avg acc: 0.895331
Train epoch 409, loss: 1.336397, train acc: 0.988701, train avg acc: 0.982727
Test epoch 409, loss: 1.447281, test acc: 0.919368, test avg acc: 0.895448
Train epoch 410, loss: 1.333707, train acc: 0.989923, train avg acc: 0.984828
Test epoch 410, loss: 1.436472, test acc: 0.923825, test avg acc: 0.899035
Train epoch 411, loss: 1.333831, train acc: 0.989923, train avg acc: 0.983298
Test epoch 411, loss: 1.452419, test acc: 0.916532, test avg acc: 0.893291
Train epoch 412, loss: 1.334831, train acc: 0.989007, train avg acc: 0.983655
Test epoch 412, loss: 1.443844, test acc: 0.923015, test avg acc: 0.902372
Train epoch 413, loss: 1.333650, train acc: 0.989210, train avg acc: 0.982713
Test epoch 413, loss: 1.440856, test acc: 0.918152, test avg acc: 0.888622
Train epoch 414, loss: 1.333212, train acc: 0.990126, train avg acc: 0.985809
Test epoch 414, loss: 1.439363, test acc: 0.926661, test avg acc: 0.898994
Train epoch 415, loss: 1.335700, train acc: 0.989210, train avg acc: 0.983927
Test epoch 415, loss: 1.441610, test acc: 0.926256, test avg acc: 0.896576
Train epoch 416, loss: 1.332699, train acc: 0.989108, train avg acc: 0.983827
Test epoch 416, loss: 1.444620, test acc: 0.920583, test avg acc: 0.891163
Train epoch 417, loss: 1.330451, train acc: 0.990737, train avg acc: 0.986589
Test epoch 417, loss: 1.445674, test acc: 0.926256, test avg acc: 0.900500
Train epoch 418, loss: 1.329351, train acc: 0.990024, train avg acc: 0.985248
Test epoch 418, loss: 1.442782, test acc: 0.923825, test avg acc: 0.895238
Train epoch 419, loss: 1.330045, train acc: 0.990635, train avg acc: 0.985463
Test epoch 419, loss: 1.436345, test acc: 0.928687, test avg acc: 0.897866
Train epoch 420, loss: 1.326246, train acc: 0.991450, train avg acc: 0.986687
Test epoch 420, loss: 1.439779, test acc: 0.924635, test avg acc: 0.894866
Train epoch 421, loss: 1.326803, train acc: 0.991653, train avg acc: 0.987486
Test epoch 421, loss: 1.440960, test acc: 0.921799, test avg acc: 0.893785
Train epoch 422, loss: 1.327589, train acc: 0.991551, train avg acc: 0.986962
Test epoch 422, loss: 1.441263, test acc: 0.927472, test avg acc: 0.898285
Train epoch 423, loss: 1.329279, train acc: 0.989821, train avg acc: 0.985683
Test epoch 423, loss: 1.442105, test acc: 0.923825, test avg acc: 0.895122
Train epoch 424, loss: 1.323920, train acc: 0.992773, train avg acc: 0.988501
Test epoch 424, loss: 1.446058, test acc: 0.923015, test avg acc: 0.895581
Train epoch 425, loss: 1.328741, train acc: 0.990533, train avg acc: 0.986276
Test epoch 425, loss: 1.430179, test acc: 0.928687, test avg acc: 0.896791
Train epoch 426, loss: 1.325427, train acc: 0.992060, train avg acc: 0.988011
Test epoch 426, loss: 1.435771, test acc: 0.926256, test avg acc: 0.892494
Train epoch 427, loss: 1.325436, train acc: 0.990024, train avg acc: 0.985857
Test epoch 427, loss: 1.438842, test acc: 0.925851, test avg acc: 0.896494
Train epoch 428, loss: 1.328582, train acc: 0.990432, train avg acc: 0.986289
Test epoch 428, loss: 1.439007, test acc: 0.929498, test avg acc: 0.901988
Train epoch 429, loss: 1.327230, train acc: 0.990941, train avg acc: 0.985893
Test epoch 429, loss: 1.435750, test acc: 0.925446, test avg acc: 0.896035
Train epoch 430, loss: 1.326522, train acc: 0.990330, train avg acc: 0.986512
Test epoch 430, loss: 1.437339, test acc: 0.926661, test avg acc: 0.900035
Train epoch 431, loss: 1.326536, train acc: 0.990533, train avg acc: 0.985208
Test epoch 431, loss: 1.442400, test acc: 0.925851, test avg acc: 0.901913
Train epoch 432, loss: 1.322972, train acc: 0.991450, train avg acc: 0.987540
Test epoch 432, loss: 1.440139, test acc: 0.923825, test avg acc: 0.895913
Train epoch 433, loss: 1.321196, train acc: 0.992976, train avg acc: 0.989579
Test epoch 433, loss: 1.437317, test acc: 0.925446, test avg acc: 0.897035
Train epoch 434, loss: 1.321850, train acc: 0.992366, train avg acc: 0.989448
Test epoch 434, loss: 1.438720, test acc: 0.925446, test avg acc: 0.895203
Train epoch 435, loss: 1.327621, train acc: 0.989923, train avg acc: 0.984113
Test epoch 435, loss: 1.435753, test acc: 0.925851, test avg acc: 0.898041
Train epoch 436, loss: 1.324002, train acc: 0.991857, train avg acc: 0.986895
Test epoch 436, loss: 1.436363, test acc: 0.927472, test avg acc: 0.898291
Train epoch 437, loss: 1.329426, train acc: 0.990432, train avg acc: 0.985692
Test epoch 437, loss: 1.441182, test acc: 0.920583, test avg acc: 0.890581
Train epoch 438, loss: 1.325234, train acc: 0.991857, train avg acc: 0.988700
Test epoch 438, loss: 1.438626, test acc: 0.925041, test avg acc: 0.898035
Train epoch 439, loss: 1.320345, train acc: 0.993078, train avg acc: 0.989280
Test epoch 439, loss: 1.438319, test acc: 0.923420, test avg acc: 0.893581
Train epoch 440, loss: 1.322609, train acc: 0.991653, train avg acc: 0.987490
Test epoch 440, loss: 1.436988, test acc: 0.924230, test avg acc: 0.895494
Train epoch 441, loss: 1.322315, train acc: 0.992467, train avg acc: 0.989323
Test epoch 441, loss: 1.430266, test acc: 0.930308, test avg acc: 0.899000
Train epoch 442, loss: 1.320735, train acc: 0.992264, train avg acc: 0.988083
Test epoch 442, loss: 1.430890, test acc: 0.928687, test avg acc: 0.900035
Train epoch 443, loss: 1.320734, train acc: 0.991958, train avg acc: 0.987964
Test epoch 443, loss: 1.437590, test acc: 0.921394, test avg acc: 0.891453
Train epoch 444, loss: 1.321501, train acc: 0.991450, train avg acc: 0.986719
Test epoch 444, loss: 1.435284, test acc: 0.927472, test avg acc: 0.895413
Train epoch 445, loss: 1.318112, train acc: 0.993689, train avg acc: 0.990852
Test epoch 445, loss: 1.436059, test acc: 0.926256, test avg acc: 0.894453
Train epoch 446, loss: 1.318737, train acc: 0.993384, train avg acc: 0.990689
Test epoch 446, loss: 1.434596, test acc: 0.923420, test avg acc: 0.890744
Train epoch 447, loss: 1.321521, train acc: 0.991144, train avg acc: 0.986656
Test epoch 447, loss: 1.431556, test acc: 0.925041, test avg acc: 0.897791
Train epoch 448, loss: 1.321356, train acc: 0.993180, train avg acc: 0.990199
Test epoch 448, loss: 1.435824, test acc: 0.923420, test avg acc: 0.893169
Train epoch 449, loss: 1.318017, train acc: 0.993791, train avg acc: 0.990808
Test epoch 449, loss: 1.431322, test acc: 0.925851, test avg acc: 0.895122
Train epoch 450, loss: 1.315610, train acc: 0.994707, train avg acc: 0.992366
Test epoch 450, loss: 1.433758, test acc: 0.927877, test avg acc: 0.898663
Train epoch 451, loss: 1.316112, train acc: 0.993384, train avg acc: 0.990818
Test epoch 451, loss: 1.432346, test acc: 0.926661, test avg acc: 0.898872
Train epoch 452, loss: 1.318213, train acc: 0.993994, train avg acc: 0.990035
Test epoch 452, loss: 1.431105, test acc: 0.929903, test avg acc: 0.903831
Train epoch 453, loss: 1.315849, train acc: 0.993384, train avg acc: 0.989549
Test epoch 453, loss: 1.433550, test acc: 0.926661, test avg acc: 0.900994
Train epoch 454, loss: 1.314052, train acc: 0.994605, train avg acc: 0.991665
Test epoch 454, loss: 1.433479, test acc: 0.925041, test avg acc: 0.897453
Train epoch 455, loss: 1.321222, train acc: 0.992671, train avg acc: 0.989387
Test epoch 455, loss: 1.435266, test acc: 0.927877, test avg acc: 0.899535
Train epoch 456, loss: 1.318126, train acc: 0.992976, train avg acc: 0.989653
Test epoch 456, loss: 1.433089, test acc: 0.926661, test avg acc: 0.896831
Train epoch 457, loss: 1.318583, train acc: 0.992671, train avg acc: 0.989010
Test epoch 457, loss: 1.438848, test acc: 0.925041, test avg acc: 0.897994
Train epoch 458, loss: 1.319502, train acc: 0.991857, train avg acc: 0.987015
Test epoch 458, loss: 1.434926, test acc: 0.928282, test avg acc: 0.903116
Train epoch 459, loss: 1.315765, train acc: 0.993282, train avg acc: 0.990222
Test epoch 459, loss: 1.431874, test acc: 0.930308, test avg acc: 0.900203
Train epoch 460, loss: 1.317013, train acc: 0.994503, train avg acc: 0.991444
Test epoch 460, loss: 1.433130, test acc: 0.928282, test avg acc: 0.899663
Train epoch 461, loss: 1.316159, train acc: 0.994096, train avg acc: 0.991473
Test epoch 461, loss: 1.431541, test acc: 0.929092, test avg acc: 0.902163
Train epoch 462, loss: 1.316990, train acc: 0.993485, train avg acc: 0.991087
Test epoch 462, loss: 1.432475, test acc: 0.927066, test avg acc: 0.903953
Train epoch 463, loss: 1.315543, train acc: 0.993485, train avg acc: 0.990215
Test epoch 463, loss: 1.429499, test acc: 0.932334, test avg acc: 0.906872
Train epoch 464, loss: 1.315053, train acc: 0.993689, train avg acc: 0.989484
Test epoch 464, loss: 1.432101, test acc: 0.926661, test avg acc: 0.901663
Train epoch 465, loss: 1.316431, train acc: 0.992976, train avg acc: 0.988588
Test epoch 465, loss: 1.432031, test acc: 0.927066, test avg acc: 0.901035
Train epoch 466, loss: 1.316576, train acc: 0.993893, train avg acc: 0.991070
Test epoch 466, loss: 1.434900, test acc: 0.925446, test avg acc: 0.900994
Train epoch 467, loss: 1.315744, train acc: 0.993893, train avg acc: 0.991329
Test epoch 467, loss: 1.429868, test acc: 0.931929, test avg acc: 0.908407
Train epoch 468, loss: 1.314268, train acc: 0.993587, train avg acc: 0.990559
Test epoch 468, loss: 1.428860, test acc: 0.928282, test avg acc: 0.899703
Train epoch 469, loss: 1.317726, train acc: 0.992162, train avg acc: 0.987980
Test epoch 469, loss: 1.433271, test acc: 0.927066, test avg acc: 0.900203
Train epoch 470, loss: 1.315581, train acc: 0.993587, train avg acc: 0.989982
Test epoch 470, loss: 1.434465, test acc: 0.927877, test avg acc: 0.899703
Train epoch 471, loss: 1.317596, train acc: 0.992976, train avg acc: 0.989292
Test epoch 471, loss: 1.436566, test acc: 0.926256, test avg acc: 0.899622
Train epoch 472, loss: 1.313910, train acc: 0.994503, train avg acc: 0.990794
Test epoch 472, loss: 1.435307, test acc: 0.928282, test avg acc: 0.902872
Train epoch 473, loss: 1.313420, train acc: 0.994503, train avg acc: 0.990806
Test epoch 473, loss: 1.433502, test acc: 0.928282, test avg acc: 0.899953
Train epoch 474, loss: 1.318230, train acc: 0.993282, train avg acc: 0.988894
Test epoch 474, loss: 1.433293, test acc: 0.927472, test avg acc: 0.899413
Train epoch 475, loss: 1.313289, train acc: 0.994300, train avg acc: 0.991333
Test epoch 475, loss: 1.429550, test acc: 0.930308, test avg acc: 0.904326
Train epoch 476, loss: 1.314782, train acc: 0.992773, train avg acc: 0.989488
Test epoch 476, loss: 1.434801, test acc: 0.924635, test avg acc: 0.896663
Train epoch 477, loss: 1.313688, train acc: 0.993689, train avg acc: 0.990760
Test epoch 477, loss: 1.431542, test acc: 0.927877, test avg acc: 0.897663
Train epoch 478, loss: 1.313241, train acc: 0.995216, train avg acc: 0.993692
Test epoch 478, loss: 1.432478, test acc: 0.926256, test avg acc: 0.900331
Train epoch 479, loss: 1.311137, train acc: 0.994300, train avg acc: 0.991829
Test epoch 479, loss: 1.435518, test acc: 0.924635, test avg acc: 0.898663
Train epoch 480, loss: 1.315932, train acc: 0.992773, train avg acc: 0.988292
Test epoch 480, loss: 1.433662, test acc: 0.928282, test avg acc: 0.904750
Train epoch 481, loss: 1.310419, train acc: 0.995725, train avg acc: 0.993810
Test epoch 481, loss: 1.438274, test acc: 0.924635, test avg acc: 0.897663
Train epoch 482, loss: 1.315246, train acc: 0.994198, train avg acc: 0.991083
Test epoch 482, loss: 1.436688, test acc: 0.925851, test avg acc: 0.897331
Train epoch 483, loss: 1.312143, train acc: 0.994910, train avg acc: 0.991490
Test epoch 483, loss: 1.435549, test acc: 0.928687, test avg acc: 0.904203
Train epoch 484, loss: 1.311980, train acc: 0.995928, train avg acc: 0.993664
Test epoch 484, loss: 1.435314, test acc: 0.925446, test avg acc: 0.898000
Train epoch 485, loss: 1.315026, train acc: 0.993282, train avg acc: 0.989481
Test epoch 485, loss: 1.434685, test acc: 0.926661, test avg acc: 0.901913
Train epoch 486, loss: 1.315385, train acc: 0.993994, train avg acc: 0.991511
Test epoch 486, loss: 1.436312, test acc: 0.925041, test avg acc: 0.897913
Train epoch 487, loss: 1.314946, train acc: 0.993893, train avg acc: 0.989808
Test epoch 487, loss: 1.434986, test acc: 0.930308, test avg acc: 0.901244
Train epoch 488, loss: 1.311666, train acc: 0.994401, train avg acc: 0.991457
Test epoch 488, loss: 1.439260, test acc: 0.926256, test avg acc: 0.900453
Train epoch 489, loss: 1.315634, train acc: 0.993994, train avg acc: 0.990567
Test epoch 489, loss: 1.439104, test acc: 0.927472, test avg acc: 0.905372
Train epoch 490, loss: 1.314742, train acc: 0.994198, train avg acc: 0.991610
Test epoch 490, loss: 1.434016, test acc: 0.929092, test avg acc: 0.903494
Train epoch 491, loss: 1.313238, train acc: 0.994503, train avg acc: 0.992608
Test epoch 491, loss: 1.435339, test acc: 0.929903, test avg acc: 0.902994
Train epoch 492, loss: 1.312393, train acc: 0.994198, train avg acc: 0.991234
Test epoch 492, loss: 1.434749, test acc: 0.925851, test avg acc: 0.897163
Train epoch 493, loss: 1.310743, train acc: 0.995318, train avg acc: 0.992978
Test epoch 493, loss: 1.436539, test acc: 0.925851, test avg acc: 0.899453
Train epoch 494, loss: 1.312874, train acc: 0.993893, train avg acc: 0.990119
Test epoch 494, loss: 1.431512, test acc: 0.927066, test avg acc: 0.900122
Train epoch 495, loss: 1.311480, train acc: 0.994707, train avg acc: 0.991417
Test epoch 495, loss: 1.434087, test acc: 0.928282, test avg acc: 0.899994
Train epoch 496, loss: 1.315105, train acc: 0.993791, train avg acc: 0.990523
Test epoch 496, loss: 1.433979, test acc: 0.927877, test avg acc: 0.900785
Train epoch 497, loss: 1.315178, train acc: 0.993994, train avg acc: 0.990140
Test epoch 497, loss: 1.433455, test acc: 0.923420, test avg acc: 0.895035
Train epoch 498, loss: 1.312142, train acc: 0.994707, train avg acc: 0.991264
Test epoch 498, loss: 1.430414, test acc: 0.928687, test avg acc: 0.903244
Train epoch 499, loss: 1.313300, train acc: 0.992875, train avg acc: 0.989187
Test epoch 499, loss: 1.433450, test acc: 0.927877, test avg acc: 0.898907
