Namespace(augmix_cutmix_prob=0.7, augmix_prob=0.0, batch_size=32, beta=1.0, data_path='./data/modelnet40_normal_resampled', dataset='modelnet40', dropout=0.5, emb_dims=1024, epochs=500, eval=False, exp_name='augmix_cutmix_ver_lam3_eps3e-1_prob7e-1_dgcnn_1024', jitter=False, k=20, knn=False, lr=0.001, model='dgcnn', model_path='', modelnet10=False, momentum=0.9, no_cuda=False, normal=False, nsample=512, num_points=1024, rddrop=False, rdscale=False, rot=False, rsmix_prob=0.0, seed=1, shift=False, shuffle=False, test_batch_size=16, use_sgd=True)
Using GPU : 0 from 1 devices
Train epoch 0, loss: 2.972394, train acc: 0.454906, train avg acc: 0.276281
Test epoch 0, loss: 2.576294, test acc: 0.617909, test avg acc: 0.471767
Train epoch 1, loss: 2.536020, train acc: 0.629682, train avg acc: 0.437820
Test epoch 1, loss: 2.348017, test acc: 0.711912, test avg acc: 0.576029
Train epoch 2, loss: 2.414368, train acc: 0.695949, train avg acc: 0.527417
Test epoch 2, loss: 2.241790, test acc: 0.787682, test avg acc: 0.679105
Train epoch 3, loss: 2.330899, train acc: 0.744401, train avg acc: 0.595756
Test epoch 3, loss: 2.203634, test acc: 0.792139, test avg acc: 0.679250
Train epoch 4, loss: 2.271534, train acc: 0.774328, train avg acc: 0.641814
Test epoch 4, loss: 2.139469, test acc: 0.835900, test avg acc: 0.739169
Train epoch 5, loss: 2.242649, train acc: 0.791124, train avg acc: 0.670597
Test epoch 5, loss: 2.128105, test acc: 0.832658, test avg acc: 0.722773
Train epoch 6, loss: 2.207436, train acc: 0.814332, train avg acc: 0.706196
Test epoch 6, loss: 2.082838, test acc: 0.864263, test avg acc: 0.794727
Train epoch 7, loss: 2.184036, train acc: 0.827972, train avg acc: 0.726141
Test epoch 7, loss: 2.070657, test acc: 0.879660, test avg acc: 0.824459
Train epoch 8, loss: 2.172644, train acc: 0.830212, train avg acc: 0.732124
Test epoch 8, loss: 2.107094, test acc: 0.845219, test avg acc: 0.763605
Train epoch 9, loss: 2.145245, train acc: 0.840187, train avg acc: 0.741634
Test epoch 9, loss: 2.053904, test acc: 0.877229, test avg acc: 0.806645
Train epoch 10, loss: 2.136440, train acc: 0.846702, train avg acc: 0.752167
Test epoch 10, loss: 2.066287, test acc: 0.861426, test avg acc: 0.791663
Train epoch 11, loss: 2.122186, train acc: 0.853115, train avg acc: 0.764064
Test epoch 11, loss: 2.027325, test acc: 0.879660, test avg acc: 0.800628
Train epoch 12, loss: 2.112776, train acc: 0.854438, train avg acc: 0.770262
Test epoch 12, loss: 2.055718, test acc: 0.861426, test avg acc: 0.781791
Train epoch 13, loss: 2.092766, train acc: 0.865228, train avg acc: 0.784690
Test epoch 13, loss: 2.016087, test acc: 0.887763, test avg acc: 0.832855
Train epoch 14, loss: 2.095323, train acc: 0.868485, train avg acc: 0.794578
Test epoch 14, loss: 2.044153, test acc: 0.867504, test avg acc: 0.804750
Train epoch 15, loss: 2.087661, train acc: 0.867060, train avg acc: 0.790108
Test epoch 15, loss: 2.007135, test acc: 0.885332, test avg acc: 0.819680
Train epoch 16, loss: 2.077350, train acc: 0.873066, train avg acc: 0.798034
Test epoch 16, loss: 2.006355, test acc: 0.891410, test avg acc: 0.822936
Train epoch 17, loss: 2.066866, train acc: 0.880395, train avg acc: 0.809920
Test epoch 17, loss: 2.015302, test acc: 0.877229, test avg acc: 0.816866
Train epoch 18, loss: 2.062137, train acc: 0.883245, train avg acc: 0.816116
Test epoch 18, loss: 2.006043, test acc: 0.877634, test avg acc: 0.821186
Train epoch 19, loss: 2.058793, train acc: 0.885485, train avg acc: 0.819680
Test epoch 19, loss: 2.007320, test acc: 0.891815, test avg acc: 0.857471
Train epoch 20, loss: 2.051459, train acc: 0.886401, train avg acc: 0.823253
Test epoch 20, loss: 1.988218, test acc: 0.898298, test avg acc: 0.833169
Train epoch 21, loss: 2.047673, train acc: 0.889454, train avg acc: 0.822052
Test epoch 21, loss: 2.008884, test acc: 0.883712, test avg acc: 0.815884
Train epoch 22, loss: 2.049556, train acc: 0.887419, train avg acc: 0.822155
Test epoch 22, loss: 2.001877, test acc: 0.893841, test avg acc: 0.833017
Train epoch 23, loss: 2.038635, train acc: 0.894646, train avg acc: 0.832635
Test epoch 23, loss: 1.998400, test acc: 0.890600, test avg acc: 0.841471
Train epoch 24, loss: 2.033333, train acc: 0.896478, train avg acc: 0.835880
Test epoch 24, loss: 1.981348, test acc: 0.892626, test avg acc: 0.836343
Train epoch 25, loss: 2.027748, train acc: 0.900550, train avg acc: 0.845595
Test epoch 25, loss: 1.981301, test acc: 0.890600, test avg acc: 0.834262
Train epoch 26, loss: 2.031515, train acc: 0.899226, train avg acc: 0.841884
Test epoch 26, loss: 2.018180, test acc: 0.890600, test avg acc: 0.833808
Train epoch 27, loss: 2.033748, train acc: 0.895358, train avg acc: 0.835906
Test epoch 27, loss: 1.998703, test acc: 0.894652, test avg acc: 0.825064
Train epoch 28, loss: 2.021453, train acc: 0.901262, train avg acc: 0.843752
Test epoch 28, loss: 1.976409, test acc: 0.908023, test avg acc: 0.861169
Train epoch 29, loss: 2.018461, train acc: 0.903807, train avg acc: 0.847284
Test epoch 29, loss: 2.071903, test acc: 0.869125, test avg acc: 0.833651
Train epoch 30, loss: 2.019831, train acc: 0.901364, train avg acc: 0.844049
Test epoch 30, loss: 2.082922, test acc: 0.868720, test avg acc: 0.827198
Train epoch 31, loss: 2.011133, train acc: 0.908998, train avg acc: 0.858429
Test epoch 31, loss: 2.000835, test acc: 0.888169, test avg acc: 0.853477
Train epoch 32, loss: 2.012675, train acc: 0.905741, train avg acc: 0.851172
Test epoch 32, loss: 1.976719, test acc: 0.903971, test avg acc: 0.859762
Train epoch 33, loss: 2.008761, train acc: 0.907471, train avg acc: 0.853105
Test epoch 33, loss: 1.965380, test acc: 0.904376, test avg acc: 0.855802
Train epoch 34, loss: 2.008187, train acc: 0.906454, train avg acc: 0.853722
Test epoch 34, loss: 1.969589, test acc: 0.900729, test avg acc: 0.856541
Train epoch 35, loss: 2.006366, train acc: 0.908897, train avg acc: 0.858579
Test epoch 35, loss: 1.957504, test acc: 0.907212, test avg acc: 0.855366
Train epoch 36, loss: 2.012412, train acc: 0.903094, train avg acc: 0.848715
Test epoch 36, loss: 1.984013, test acc: 0.890600, test avg acc: 0.856552
Train epoch 37, loss: 2.000768, train acc: 0.909406, train avg acc: 0.855674
Test epoch 37, loss: 1.976002, test acc: 0.898703, test avg acc: 0.834384
Train epoch 38, loss: 2.002035, train acc: 0.911645, train avg acc: 0.860397
Test epoch 38, loss: 1.959045, test acc: 0.905592, test avg acc: 0.860041
Train epoch 39, loss: 1.994544, train acc: 0.914495, train avg acc: 0.865222
Test epoch 39, loss: 1.991165, test acc: 0.892220, test avg acc: 0.838052
Train epoch 40, loss: 1.988216, train acc: 0.915411, train avg acc: 0.867713
Test epoch 40, loss: 1.976047, test acc: 0.901945, test avg acc: 0.852698
Train epoch 41, loss: 1.998608, train acc: 0.912663, train avg acc: 0.862680
Test epoch 41, loss: 1.977332, test acc: 0.887358, test avg acc: 0.851006
Train epoch 42, loss: 1.990932, train acc: 0.915208, train avg acc: 0.867773
Test epoch 42, loss: 1.955616, test acc: 0.902350, test avg acc: 0.851797
Train epoch 43, loss: 1.987416, train acc: 0.918669, train avg acc: 0.871362
Test epoch 43, loss: 1.959979, test acc: 0.900729, test avg acc: 0.856424
Train epoch 44, loss: 1.986043, train acc: 0.918770, train avg acc: 0.874124
Test epoch 44, loss: 1.962201, test acc: 0.898703, test avg acc: 0.845750
Train epoch 45, loss: 1.988274, train acc: 0.914699, train avg acc: 0.865940
Test epoch 45, loss: 1.988021, test acc: 0.895057, test avg acc: 0.839849
Train epoch 46, loss: 1.983209, train acc: 0.918465, train avg acc: 0.872619
Test epoch 46, loss: 1.960737, test acc: 0.902350, test avg acc: 0.837331
Train epoch 47, loss: 1.987645, train acc: 0.913681, train avg acc: 0.862704
Test epoch 47, loss: 1.986916, test acc: 0.889789, test avg acc: 0.838349
Train epoch 48, loss: 1.979494, train acc: 0.918872, train avg acc: 0.873793
Test epoch 48, loss: 2.036126, test acc: 0.886548, test avg acc: 0.821785
Train epoch 49, loss: 1.980719, train acc: 0.921926, train avg acc: 0.876779
Test epoch 49, loss: 1.981608, test acc: 0.896677, test avg acc: 0.869744
Train epoch 50, loss: 1.977141, train acc: 0.923758, train avg acc: 0.880636
Test epoch 50, loss: 1.975140, test acc: 0.897083, test avg acc: 0.859262
Train epoch 51, loss: 1.979881, train acc: 0.920908, train avg acc: 0.875654
Test epoch 51, loss: 1.982418, test acc: 0.896272, test avg acc: 0.840017
Train epoch 52, loss: 1.978814, train acc: 0.924267, train avg acc: 0.881529
Test epoch 52, loss: 1.982470, test acc: 0.891815, test avg acc: 0.861773
Train epoch 53, loss: 1.976918, train acc: 0.921722, train avg acc: 0.874129
Test epoch 53, loss: 1.958248, test acc: 0.904781, test avg acc: 0.864797
Train epoch 54, loss: 1.979628, train acc: 0.919076, train avg acc: 0.873218
Test epoch 54, loss: 1.970160, test acc: 0.906402, test avg acc: 0.858669
Train epoch 55, loss: 1.976064, train acc: 0.922129, train avg acc: 0.877605
Test epoch 55, loss: 1.951773, test acc: 0.902350, test avg acc: 0.852762
Train epoch 56, loss: 1.973607, train acc: 0.922028, train avg acc: 0.877658
Test epoch 56, loss: 1.976803, test acc: 0.906402, test avg acc: 0.854826
Train epoch 57, loss: 1.969451, train acc: 0.926405, train avg acc: 0.884758
Test epoch 57, loss: 1.980598, test acc: 0.891005, test avg acc: 0.857837
Train epoch 58, loss: 1.973507, train acc: 0.923453, train avg acc: 0.878175
Test epoch 58, loss: 1.983082, test acc: 0.893031, test avg acc: 0.843419
Train epoch 59, loss: 1.968600, train acc: 0.929357, train avg acc: 0.888993
Test epoch 59, loss: 1.976522, test acc: 0.906807, test avg acc: 0.861587
Train epoch 60, loss: 1.965053, train acc: 0.927830, train avg acc: 0.887297
Test epoch 60, loss: 1.973909, test acc: 0.898298, test avg acc: 0.838535
Train epoch 61, loss: 1.966838, train acc: 0.928441, train avg acc: 0.888940
Test epoch 61, loss: 1.976596, test acc: 0.888169, test avg acc: 0.828250
Train epoch 62, loss: 1.962693, train acc: 0.930069, train avg acc: 0.889628
Test epoch 62, loss: 1.957822, test acc: 0.893436, test avg acc: 0.850953
Train epoch 63, loss: 1.967499, train acc: 0.923860, train avg acc: 0.879680
Test epoch 63, loss: 1.967987, test acc: 0.893031, test avg acc: 0.862128
Train epoch 64, loss: 1.959699, train acc: 0.928542, train avg acc: 0.888397
Test epoch 64, loss: 1.976266, test acc: 0.902350, test avg acc: 0.861041
Train epoch 65, loss: 1.967341, train acc: 0.923249, train avg acc: 0.878876
Test epoch 65, loss: 1.951569, test acc: 0.916937, test avg acc: 0.869541
Train epoch 66, loss: 1.962055, train acc: 0.926405, train avg acc: 0.883648
Test epoch 66, loss: 1.977699, test acc: 0.902350, test avg acc: 0.848587
Train epoch 67, loss: 1.969890, train acc: 0.927321, train avg acc: 0.884754
Test epoch 67, loss: 2.005203, test acc: 0.897893, test avg acc: 0.853808
Train epoch 68, loss: 1.964393, train acc: 0.927321, train avg acc: 0.888694
Test epoch 68, loss: 1.945559, test acc: 0.911669, test avg acc: 0.869453
Train epoch 69, loss: 1.962570, train acc: 0.925896, train avg acc: 0.882918
Test epoch 69, loss: 1.972947, test acc: 0.890600, test avg acc: 0.848244
Train epoch 70, loss: 1.957136, train acc: 0.928033, train avg acc: 0.883871
Test epoch 70, loss: 1.989547, test acc: 0.903160, test avg acc: 0.847494
Train epoch 71, loss: 1.960783, train acc: 0.929560, train avg acc: 0.889062
Test epoch 71, loss: 1.969827, test acc: 0.901540, test avg acc: 0.865494
Train epoch 72, loss: 1.958732, train acc: 0.928339, train avg acc: 0.889406
Test epoch 72, loss: 1.975768, test acc: 0.896677, test avg acc: 0.863058
Train epoch 73, loss: 1.957653, train acc: 0.931291, train avg acc: 0.893316
Test epoch 73, loss: 1.984862, test acc: 0.885332, test avg acc: 0.846674
Train epoch 74, loss: 1.949603, train acc: 0.935362, train avg acc: 0.895920
Test epoch 74, loss: 1.960023, test acc: 0.896677, test avg acc: 0.868052
Train epoch 75, loss: 1.954950, train acc: 0.930680, train avg acc: 0.892267
Test epoch 75, loss: 1.954228, test acc: 0.900324, test avg acc: 0.858378
Train epoch 76, loss: 1.960631, train acc: 0.925998, train avg acc: 0.884037
Test epoch 76, loss: 1.953535, test acc: 0.901945, test avg acc: 0.856634
Train epoch 77, loss: 1.953910, train acc: 0.935464, train avg acc: 0.898056
Test epoch 77, loss: 1.938028, test acc: 0.902350, test avg acc: 0.854907
Train epoch 78, loss: 1.951659, train acc: 0.931800, train avg acc: 0.895372
Test epoch 78, loss: 1.946515, test acc: 0.907212, test avg acc: 0.855581
Train epoch 79, loss: 1.954806, train acc: 0.934650, train avg acc: 0.899113
Test epoch 79, loss: 1.977489, test acc: 0.892220, test avg acc: 0.844512
Train epoch 80, loss: 1.955242, train acc: 0.930985, train avg acc: 0.892228
Test epoch 80, loss: 1.933613, test acc: 0.917747, test avg acc: 0.880616
Train epoch 81, loss: 1.953509, train acc: 0.933937, train avg acc: 0.894538
Test epoch 81, loss: 1.966107, test acc: 0.899514, test avg acc: 0.846337
Train epoch 82, loss: 1.946567, train acc: 0.935871, train avg acc: 0.897488
Test epoch 82, loss: 2.020706, test acc: 0.881686, test avg acc: 0.830453
Train epoch 83, loss: 1.956495, train acc: 0.929458, train avg acc: 0.892296
Test epoch 83, loss: 1.979662, test acc: 0.878039, test avg acc: 0.841913
Train epoch 84, loss: 1.945357, train acc: 0.938213, train avg acc: 0.902722
Test epoch 84, loss: 1.968286, test acc: 0.892220, test avg acc: 0.844506
Train epoch 85, loss: 1.948998, train acc: 0.934853, train avg acc: 0.898464
Test epoch 85, loss: 2.002506, test acc: 0.887763, test avg acc: 0.852552
Train epoch 86, loss: 1.943696, train acc: 0.935566, train avg acc: 0.900401
Test epoch 86, loss: 1.955034, test acc: 0.902350, test avg acc: 0.846453
Train epoch 87, loss: 1.948378, train acc: 0.934853, train avg acc: 0.897690
Test epoch 87, loss: 1.958819, test acc: 0.901540, test avg acc: 0.844826
Train epoch 88, loss: 1.939250, train acc: 0.940961, train avg acc: 0.905681
Test epoch 88, loss: 1.951238, test acc: 0.902350, test avg acc: 0.859343
Train epoch 89, loss: 1.940195, train acc: 0.938009, train avg acc: 0.901398
Test epoch 89, loss: 1.947424, test acc: 0.895057, test avg acc: 0.854680
Train epoch 90, loss: 1.949421, train acc: 0.933021, train avg acc: 0.894558
Test epoch 90, loss: 1.976168, test acc: 0.900729, test avg acc: 0.846797
Train epoch 91, loss: 1.941766, train acc: 0.939129, train avg acc: 0.903608
Test epoch 91, loss: 1.971737, test acc: 0.897488, test avg acc: 0.862070
Train epoch 92, loss: 1.939716, train acc: 0.941368, train avg acc: 0.905700
Test epoch 92, loss: 1.965995, test acc: 0.886143, test avg acc: 0.844291
Train epoch 93, loss: 1.946330, train acc: 0.934955, train avg acc: 0.896782
Test epoch 93, loss: 1.934132, test acc: 0.914506, test avg acc: 0.867837
Train epoch 94, loss: 1.941268, train acc: 0.936380, train avg acc: 0.902498
Test epoch 94, loss: 1.939723, test acc: 0.908428, test avg acc: 0.864593
Train epoch 95, loss: 1.943791, train acc: 0.936584, train avg acc: 0.899034
Test epoch 95, loss: 2.003497, test acc: 0.901540, test avg acc: 0.850849
Train epoch 96, loss: 1.943546, train acc: 0.934650, train avg acc: 0.898079
Test epoch 96, loss: 1.942946, test acc: 0.904781, test avg acc: 0.865709
Train epoch 97, loss: 1.934977, train acc: 0.941470, train avg acc: 0.906362
Test epoch 97, loss: 1.947558, test acc: 0.903971, test avg acc: 0.868750
Train epoch 98, loss: 1.935773, train acc: 0.942997, train avg acc: 0.905247
Test epoch 98, loss: 1.976166, test acc: 0.887763, test avg acc: 0.848849
Train epoch 99, loss: 1.939258, train acc: 0.936177, train avg acc: 0.901252
Test epoch 99, loss: 2.014444, test acc: 0.903160, test avg acc: 0.859715
Train epoch 100, loss: 1.939366, train acc: 0.939230, train avg acc: 0.904511
Test epoch 100, loss: 1.953429, test acc: 0.905997, test avg acc: 0.847076
Train epoch 101, loss: 1.930697, train acc: 0.939638, train avg acc: 0.907642
Test epoch 101, loss: 1.967274, test acc: 0.904781, test avg acc: 0.865244
Train epoch 102, loss: 1.938716, train acc: 0.939638, train avg acc: 0.903286
Test epoch 102, loss: 1.946511, test acc: 0.903566, test avg acc: 0.863616
Train epoch 103, loss: 1.937814, train acc: 0.942182, train avg acc: 0.909174
Test epoch 103, loss: 2.022426, test acc: 0.881686, test avg acc: 0.844233
Train epoch 104, loss: 1.936227, train acc: 0.938416, train avg acc: 0.903061
Test epoch 104, loss: 1.957431, test acc: 0.909643, test avg acc: 0.861453
Train epoch 105, loss: 1.937854, train acc: 0.940554, train avg acc: 0.908970
Test epoch 105, loss: 1.956539, test acc: 0.892626, test avg acc: 0.852965
Train epoch 106, loss: 1.933519, train acc: 0.942691, train avg acc: 0.909412
Test epoch 106, loss: 1.946293, test acc: 0.903971, test avg acc: 0.875244
Train epoch 107, loss: 1.932496, train acc: 0.943200, train avg acc: 0.910821
Test epoch 107, loss: 1.983063, test acc: 0.888979, test avg acc: 0.870459
Train epoch 108, loss: 1.940063, train acc: 0.936991, train avg acc: 0.900981
Test epoch 108, loss: 1.983976, test acc: 0.906807, test avg acc: 0.858762
Train epoch 109, loss: 1.935859, train acc: 0.941368, train avg acc: 0.908447
Test epoch 109, loss: 1.949374, test acc: 0.905592, test avg acc: 0.852209
Train epoch 110, loss: 1.934263, train acc: 0.942081, train avg acc: 0.911151
Test epoch 110, loss: 2.001134, test acc: 0.899109, test avg acc: 0.854680
Train epoch 111, loss: 1.931346, train acc: 0.942997, train avg acc: 0.911805
Test epoch 111, loss: 1.938154, test acc: 0.905997, test avg acc: 0.859331
Train epoch 112, loss: 1.936994, train acc: 0.941673, train avg acc: 0.907895
Test epoch 112, loss: 1.930808, test acc: 0.909238, test avg acc: 0.881750
Train epoch 113, loss: 1.928484, train acc: 0.944931, train avg acc: 0.912310
Test epoch 113, loss: 1.982247, test acc: 0.891815, test avg acc: 0.859424
Train epoch 114, loss: 1.933321, train acc: 0.941673, train avg acc: 0.909398
Test epoch 114, loss: 1.963621, test acc: 0.907618, test avg acc: 0.855384
Train epoch 115, loss: 1.929747, train acc: 0.944625, train avg acc: 0.912318
Test epoch 115, loss: 1.954031, test acc: 0.898703, test avg acc: 0.864279
Train epoch 116, loss: 1.926051, train acc: 0.946050, train avg acc: 0.916316
Test epoch 116, loss: 1.945762, test acc: 0.912885, test avg acc: 0.856837
Train epoch 117, loss: 1.931619, train acc: 0.942590, train avg acc: 0.909509
Test epoch 117, loss: 1.975299, test acc: 0.902350, test avg acc: 0.856378
Train epoch 118, loss: 1.930253, train acc: 0.941470, train avg acc: 0.909025
Test epoch 118, loss: 1.926833, test acc: 0.918152, test avg acc: 0.878488
Train epoch 119, loss: 1.926027, train acc: 0.945134, train avg acc: 0.913282
Test epoch 119, loss: 1.938488, test acc: 0.901540, test avg acc: 0.861593
Train epoch 120, loss: 1.931824, train acc: 0.944524, train avg acc: 0.911552
Test epoch 120, loss: 1.931696, test acc: 0.915721, test avg acc: 0.868087
Train epoch 121, loss: 1.923552, train acc: 0.945949, train avg acc: 0.914002
Test epoch 121, loss: 1.966705, test acc: 0.898703, test avg acc: 0.867256
Train epoch 122, loss: 1.926792, train acc: 0.944116, train avg acc: 0.912131
Test epoch 122, loss: 1.953109, test acc: 0.910454, test avg acc: 0.870953
Train epoch 123, loss: 1.924454, train acc: 0.946661, train avg acc: 0.913785
Test epoch 123, loss: 1.943452, test acc: 0.910049, test avg acc: 0.860099
Train epoch 124, loss: 1.922545, train acc: 0.946050, train avg acc: 0.913900
Test epoch 124, loss: 1.978313, test acc: 0.901945, test avg acc: 0.862326
Train epoch 125, loss: 1.927427, train acc: 0.945134, train avg acc: 0.913777
Test epoch 125, loss: 1.982288, test acc: 0.891410, test avg acc: 0.863500
Train epoch 126, loss: 1.921331, train acc: 0.946050, train avg acc: 0.915521
Test epoch 126, loss: 1.949490, test acc: 0.898703, test avg acc: 0.858680
Train epoch 127, loss: 1.921371, train acc: 0.947476, train avg acc: 0.918300
Test epoch 127, loss: 1.961348, test acc: 0.896272, test avg acc: 0.852465
Train epoch 128, loss: 1.922572, train acc: 0.947883, train avg acc: 0.919485
Test epoch 128, loss: 1.983138, test acc: 0.893031, test avg acc: 0.850773
Train epoch 129, loss: 1.922156, train acc: 0.945643, train avg acc: 0.916924
Test epoch 129, loss: 1.972514, test acc: 0.893436, test avg acc: 0.866628
Train epoch 130, loss: 1.923153, train acc: 0.943913, train avg acc: 0.911543
Test epoch 130, loss: 1.988111, test acc: 0.901540, test avg acc: 0.850006
Train epoch 131, loss: 1.926955, train acc: 0.944116, train avg acc: 0.912721
Test epoch 131, loss: 1.985133, test acc: 0.890600, test avg acc: 0.852233
Train epoch 132, loss: 1.920664, train acc: 0.947272, train avg acc: 0.916763
Test epoch 132, loss: 1.935401, test acc: 0.906807, test avg acc: 0.882128
Train epoch 133, loss: 1.913975, train acc: 0.949715, train avg acc: 0.921258
Test epoch 133, loss: 1.956006, test acc: 0.913695, test avg acc: 0.879297
Train epoch 134, loss: 1.920414, train acc: 0.948086, train avg acc: 0.916746
Test epoch 134, loss: 1.950439, test acc: 0.894652, test avg acc: 0.873302
Train epoch 135, loss: 1.910642, train acc: 0.954194, train avg acc: 0.928016
Test epoch 135, loss: 1.945855, test acc: 0.903160, test avg acc: 0.872535
Train epoch 136, loss: 1.916264, train acc: 0.949104, train avg acc: 0.919214
Test epoch 136, loss: 1.940262, test acc: 0.909238, test avg acc: 0.855547
Train epoch 137, loss: 1.920697, train acc: 0.948493, train avg acc: 0.919578
Test epoch 137, loss: 1.948692, test acc: 0.905592, test avg acc: 0.870378
Train epoch 138, loss: 1.919826, train acc: 0.946661, train avg acc: 0.916474
Test epoch 138, loss: 2.017229, test acc: 0.896272, test avg acc: 0.854622
Train epoch 139, loss: 1.916497, train acc: 0.948901, train avg acc: 0.921325
Test epoch 139, loss: 1.934450, test acc: 0.905592, test avg acc: 0.867366
Train epoch 140, loss: 1.917955, train acc: 0.948697, train avg acc: 0.920270
Test epoch 140, loss: 1.968051, test acc: 0.905997, test avg acc: 0.866599
Train epoch 141, loss: 1.917411, train acc: 0.948493, train avg acc: 0.919796
Test epoch 141, loss: 1.925831, test acc: 0.911669, test avg acc: 0.865256
Train epoch 142, loss: 1.917617, train acc: 0.949410, train avg acc: 0.919437
Test epoch 142, loss: 1.961318, test acc: 0.895057, test avg acc: 0.871924
Train epoch 143, loss: 1.917725, train acc: 0.948290, train avg acc: 0.918937
Test epoch 143, loss: 1.935883, test acc: 0.906807, test avg acc: 0.878285
Train epoch 144, loss: 1.912810, train acc: 0.949104, train avg acc: 0.921812
Test epoch 144, loss: 1.935647, test acc: 0.904376, test avg acc: 0.862372
Train epoch 145, loss: 1.919683, train acc: 0.944218, train avg acc: 0.912655
Test epoch 145, loss: 1.932316, test acc: 0.914911, test avg acc: 0.872994
Train epoch 146, loss: 1.914272, train acc: 0.949613, train avg acc: 0.922207
Test epoch 146, loss: 1.927788, test acc: 0.910454, test avg acc: 0.878116
Train epoch 147, loss: 1.912329, train acc: 0.951445, train avg acc: 0.922750
Test epoch 147, loss: 1.945313, test acc: 0.899919, test avg acc: 0.882203
Train epoch 148, loss: 1.917091, train acc: 0.949410, train avg acc: 0.920997
Test epoch 148, loss: 1.984073, test acc: 0.888979, test avg acc: 0.860000
Train epoch 149, loss: 1.911680, train acc: 0.953481, train avg acc: 0.926823
Test epoch 149, loss: 1.998257, test acc: 0.914100, test avg acc: 0.871547
Train epoch 150, loss: 1.908622, train acc: 0.953481, train avg acc: 0.929358
Test epoch 150, loss: 1.931943, test acc: 0.908833, test avg acc: 0.868384
Train epoch 151, loss: 1.910807, train acc: 0.952362, train avg acc: 0.925786
Test epoch 151, loss: 2.045661, test acc: 0.895867, test avg acc: 0.853198
Train epoch 152, loss: 1.916337, train acc: 0.948493, train avg acc: 0.920848
Test epoch 152, loss: 1.947533, test acc: 0.894246, test avg acc: 0.868541
Train epoch 153, loss: 1.912114, train acc: 0.949613, train avg acc: 0.923966
Test epoch 153, loss: 1.958305, test acc: 0.904376, test avg acc: 0.879500
Train epoch 154, loss: 1.904608, train acc: 0.954703, train avg acc: 0.929602
Test epoch 154, loss: 2.004692, test acc: 0.896677, test avg acc: 0.848424
Train epoch 155, loss: 1.907025, train acc: 0.953074, train avg acc: 0.927286
Test epoch 155, loss: 1.944963, test acc: 0.903160, test avg acc: 0.873349
Train epoch 156, loss: 1.911999, train acc: 0.952158, train avg acc: 0.925207
Test epoch 156, loss: 1.942131, test acc: 0.906402, test avg acc: 0.866453
Train epoch 157, loss: 1.911594, train acc: 0.951344, train avg acc: 0.922134
Test epoch 157, loss: 1.943843, test acc: 0.903566, test avg acc: 0.878099
Train epoch 158, loss: 1.907261, train acc: 0.954805, train avg acc: 0.931607
Test epoch 158, loss: 1.942180, test acc: 0.909238, test avg acc: 0.879744
Train epoch 159, loss: 1.904991, train acc: 0.954601, train avg acc: 0.927153
Test epoch 159, loss: 1.928866, test acc: 0.914100, test avg acc: 0.868076
Train epoch 160, loss: 1.904164, train acc: 0.954296, train avg acc: 0.926384
Test epoch 160, loss: 1.939503, test acc: 0.899919, test avg acc: 0.864535
Train epoch 161, loss: 1.903213, train acc: 0.955415, train avg acc: 0.928351
Test epoch 161, loss: 1.922368, test acc: 0.919773, test avg acc: 0.876837
Train epoch 162, loss: 1.910115, train acc: 0.952871, train avg acc: 0.926114
Test epoch 162, loss: 1.929721, test acc: 0.908833, test avg acc: 0.870035
Train epoch 163, loss: 1.909657, train acc: 0.950733, train avg acc: 0.922297
Test epoch 163, loss: 1.954979, test acc: 0.899514, test avg acc: 0.860558
Train epoch 164, loss: 1.906564, train acc: 0.953685, train avg acc: 0.927526
Test epoch 164, loss: 1.940462, test acc: 0.910859, test avg acc: 0.874965
Train epoch 165, loss: 1.904906, train acc: 0.953787, train avg acc: 0.928661
Test epoch 165, loss: 1.924470, test acc: 0.909238, test avg acc: 0.881250
Train epoch 166, loss: 1.907905, train acc: 0.950122, train avg acc: 0.920936
Test epoch 166, loss: 1.954305, test acc: 0.900324, test avg acc: 0.862076
Train epoch 167, loss: 1.905182, train acc: 0.955314, train avg acc: 0.930646
Test epoch 167, loss: 1.942906, test acc: 0.908833, test avg acc: 0.886837
Train epoch 168, loss: 1.904592, train acc: 0.954296, train avg acc: 0.928214
Test epoch 168, loss: 1.933548, test acc: 0.908023, test avg acc: 0.863134
Train epoch 169, loss: 1.903907, train acc: 0.953176, train avg acc: 0.927352
Test epoch 169, loss: 1.929461, test acc: 0.906402, test avg acc: 0.864657
Train epoch 170, loss: 1.898062, train acc: 0.958062, train avg acc: 0.934285
Test epoch 170, loss: 1.925841, test acc: 0.910859, test avg acc: 0.885029
Train epoch 171, loss: 1.905664, train acc: 0.953278, train avg acc: 0.926082
Test epoch 171, loss: 1.954659, test acc: 0.905997, test avg acc: 0.867227
Train epoch 172, loss: 1.905265, train acc: 0.952565, train avg acc: 0.925678
Test epoch 172, loss: 1.925727, test acc: 0.912480, test avg acc: 0.875669
Train epoch 173, loss: 1.902961, train acc: 0.956840, train avg acc: 0.930690
Test epoch 173, loss: 1.940746, test acc: 0.903566, test avg acc: 0.869581
Train epoch 174, loss: 1.899300, train acc: 0.956739, train avg acc: 0.929941
Test epoch 174, loss: 1.955068, test acc: 0.907212, test avg acc: 0.880709
Train epoch 175, loss: 1.896003, train acc: 0.956840, train avg acc: 0.932605
Test epoch 175, loss: 1.925931, test acc: 0.905997, test avg acc: 0.878035
Train epoch 176, loss: 1.901753, train acc: 0.956739, train avg acc: 0.932221
Test epoch 176, loss: 1.932084, test acc: 0.904376, test avg acc: 0.860994
Train epoch 177, loss: 1.900921, train acc: 0.956840, train avg acc: 0.933209
Test epoch 177, loss: 1.941309, test acc: 0.901540, test avg acc: 0.874209
Train epoch 178, loss: 1.901898, train acc: 0.955008, train avg acc: 0.930023
Test epoch 178, loss: 1.916463, test acc: 0.916937, test avg acc: 0.875203
Train epoch 179, loss: 1.897259, train acc: 0.957349, train avg acc: 0.933339
Test epoch 179, loss: 1.933811, test acc: 0.900729, test avg acc: 0.860291
Train epoch 180, loss: 1.897192, train acc: 0.959283, train avg acc: 0.935712
Test epoch 180, loss: 1.932205, test acc: 0.913290, test avg acc: 0.873000
Train epoch 181, loss: 1.898001, train acc: 0.956637, train avg acc: 0.931157
Test epoch 181, loss: 1.935412, test acc: 0.912885, test avg acc: 0.888756
Train epoch 182, loss: 1.900449, train acc: 0.954703, train avg acc: 0.928835
Test epoch 182, loss: 1.918215, test acc: 0.914100, test avg acc: 0.877709
Train epoch 183, loss: 1.901725, train acc: 0.955415, train avg acc: 0.930991
Test epoch 183, loss: 1.942098, test acc: 0.907618, test avg acc: 0.875221
Train epoch 184, loss: 1.894186, train acc: 0.960505, train avg acc: 0.939783
Test epoch 184, loss: 1.946632, test acc: 0.914506, test avg acc: 0.870994
Train epoch 185, loss: 1.897679, train acc: 0.957044, train avg acc: 0.931098
Test epoch 185, loss: 1.933795, test acc: 0.905186, test avg acc: 0.879756
Train epoch 186, loss: 1.893583, train acc: 0.959792, train avg acc: 0.935714
Test epoch 186, loss: 1.940544, test acc: 0.910859, test avg acc: 0.866558
Train epoch 187, loss: 1.893037, train acc: 0.957858, train avg acc: 0.933551
Test epoch 187, loss: 1.941945, test acc: 0.908833, test avg acc: 0.890413
Train epoch 188, loss: 1.893505, train acc: 0.959283, train avg acc: 0.937905
Test epoch 188, loss: 1.930932, test acc: 0.914911, test avg acc: 0.880297
Train epoch 189, loss: 1.894278, train acc: 0.959792, train avg acc: 0.936695
Test epoch 189, loss: 1.955270, test acc: 0.899919, test avg acc: 0.865913
Train epoch 190, loss: 1.894151, train acc: 0.959182, train avg acc: 0.937087
Test epoch 190, loss: 1.935256, test acc: 0.906402, test avg acc: 0.877285
Train epoch 191, loss: 1.897451, train acc: 0.955822, train avg acc: 0.929718
Test epoch 191, loss: 1.945821, test acc: 0.895057, test avg acc: 0.865994
Train epoch 192, loss: 1.896390, train acc: 0.958062, train avg acc: 0.934422
Test epoch 192, loss: 1.903751, test acc: 0.917342, test avg acc: 0.882401
Train epoch 193, loss: 1.889589, train acc: 0.961523, train avg acc: 0.938275
Test epoch 193, loss: 1.939009, test acc: 0.907618, test avg acc: 0.871715
Train epoch 194, loss: 1.891164, train acc: 0.960301, train avg acc: 0.936130
Test epoch 194, loss: 1.930959, test acc: 0.916532, test avg acc: 0.868948
Train epoch 195, loss: 1.892848, train acc: 0.958978, train avg acc: 0.934859
Test epoch 195, loss: 1.947415, test acc: 0.908428, test avg acc: 0.874477
Train epoch 196, loss: 1.892734, train acc: 0.958876, train avg acc: 0.935601
Test epoch 196, loss: 1.959975, test acc: 0.899514, test avg acc: 0.877372
Train epoch 197, loss: 1.888689, train acc: 0.960810, train avg acc: 0.938714
Test epoch 197, loss: 1.945923, test acc: 0.896272, test avg acc: 0.866424
Train epoch 198, loss: 1.889996, train acc: 0.959487, train avg acc: 0.937457
Test epoch 198, loss: 1.933469, test acc: 0.906807, test avg acc: 0.865709
Train epoch 199, loss: 1.898062, train acc: 0.956331, train avg acc: 0.931542
Test epoch 199, loss: 1.927927, test acc: 0.910049, test avg acc: 0.875622
Train epoch 200, loss: 1.887138, train acc: 0.961319, train avg acc: 0.939446
Test epoch 200, loss: 1.926915, test acc: 0.914506, test avg acc: 0.894157
Train epoch 201, loss: 1.888830, train acc: 0.961523, train avg acc: 0.939334
Test epoch 201, loss: 1.910806, test acc: 0.918152, test avg acc: 0.883919
Train epoch 202, loss: 1.888018, train acc: 0.961116, train avg acc: 0.939541
Test epoch 202, loss: 1.940927, test acc: 0.906807, test avg acc: 0.874785
Train epoch 203, loss: 1.890406, train acc: 0.959996, train avg acc: 0.937886
Test epoch 203, loss: 1.951627, test acc: 0.904781, test avg acc: 0.870395
Train epoch 204, loss: 1.891516, train acc: 0.958571, train avg acc: 0.935785
Test epoch 204, loss: 1.941947, test acc: 0.900324, test avg acc: 0.873157
Train epoch 205, loss: 1.885083, train acc: 0.962439, train avg acc: 0.939749
Test epoch 205, loss: 1.946862, test acc: 0.902755, test avg acc: 0.868419
Train epoch 206, loss: 1.884033, train acc: 0.964577, train avg acc: 0.943083
Test epoch 206, loss: 1.951317, test acc: 0.906807, test avg acc: 0.875169
Train epoch 207, loss: 1.884683, train acc: 0.963151, train avg acc: 0.941582
Test epoch 207, loss: 1.918870, test acc: 0.910454, test avg acc: 0.884035
Train epoch 208, loss: 1.881853, train acc: 0.963966, train avg acc: 0.942702
Test epoch 208, loss: 1.932266, test acc: 0.908428, test avg acc: 0.881244
Train epoch 209, loss: 1.885499, train acc: 0.963864, train avg acc: 0.944919
Test epoch 209, loss: 1.924763, test acc: 0.911264, test avg acc: 0.879674
Train epoch 210, loss: 1.884973, train acc: 0.963457, train avg acc: 0.941318
Test epoch 210, loss: 1.942285, test acc: 0.907212, test avg acc: 0.880262
Train epoch 211, loss: 1.886863, train acc: 0.961014, train avg acc: 0.938183
Test epoch 211, loss: 1.963624, test acc: 0.910859, test avg acc: 0.877326
Train epoch 212, loss: 1.885685, train acc: 0.960810, train avg acc: 0.937106
Test epoch 212, loss: 1.940931, test acc: 0.914911, test avg acc: 0.881366
Train epoch 213, loss: 1.884497, train acc: 0.962948, train avg acc: 0.942388
Test epoch 213, loss: 1.918041, test acc: 0.917747, test avg acc: 0.893576
Train epoch 214, loss: 1.882568, train acc: 0.964577, train avg acc: 0.945079
Test epoch 214, loss: 1.918026, test acc: 0.919773, test avg acc: 0.891087
Train epoch 215, loss: 1.885358, train acc: 0.962744, train avg acc: 0.941956
Test epoch 215, loss: 1.924856, test acc: 0.915316, test avg acc: 0.875872
Train epoch 216, loss: 1.875572, train acc: 0.967834, train avg acc: 0.950555
Test epoch 216, loss: 1.975965, test acc: 0.909643, test avg acc: 0.867465
Train epoch 217, loss: 1.875776, train acc: 0.967834, train avg acc: 0.948423
Test epoch 217, loss: 1.917122, test acc: 0.914506, test avg acc: 0.877919
Train epoch 218, loss: 1.880171, train acc: 0.964780, train avg acc: 0.946729
Test epoch 218, loss: 1.957118, test acc: 0.901945, test avg acc: 0.878401
Train epoch 219, loss: 1.877850, train acc: 0.966002, train avg acc: 0.943930
Test epoch 219, loss: 1.936897, test acc: 0.908833, test avg acc: 0.875477
Train epoch 220, loss: 1.878389, train acc: 0.966409, train avg acc: 0.947130
Test epoch 220, loss: 1.966500, test acc: 0.907618, test avg acc: 0.875663
Train epoch 221, loss: 1.878014, train acc: 0.966002, train avg acc: 0.947130
Test epoch 221, loss: 1.959759, test acc: 0.904781, test avg acc: 0.869087
Train epoch 222, loss: 1.877132, train acc: 0.964882, train avg acc: 0.946643
Test epoch 222, loss: 1.920964, test acc: 0.909238, test avg acc: 0.876913
Train epoch 223, loss: 1.876851, train acc: 0.964271, train avg acc: 0.944865
Test epoch 223, loss: 1.910314, test acc: 0.915721, test avg acc: 0.882331
Train epoch 224, loss: 1.879483, train acc: 0.964475, train avg acc: 0.944089
Test epoch 224, loss: 1.936596, test acc: 0.899109, test avg acc: 0.876238
Train epoch 225, loss: 1.879871, train acc: 0.962643, train avg acc: 0.942426
Test epoch 225, loss: 1.935397, test acc: 0.896677, test avg acc: 0.866169
Train epoch 226, loss: 1.871361, train acc: 0.970277, train avg acc: 0.953803
Test epoch 226, loss: 1.930814, test acc: 0.903566, test avg acc: 0.874448
Train epoch 227, loss: 1.875798, train acc: 0.967936, train avg acc: 0.949723
Test epoch 227, loss: 1.921510, test acc: 0.918152, test avg acc: 0.884459
Train epoch 228, loss: 1.869259, train acc: 0.969361, train avg acc: 0.950117
Test epoch 228, loss: 1.961505, test acc: 0.897488, test avg acc: 0.861163
Train epoch 229, loss: 1.881913, train acc: 0.962948, train avg acc: 0.943882
Test epoch 229, loss: 1.923736, test acc: 0.912885, test avg acc: 0.871756
Train epoch 230, loss: 1.872082, train acc: 0.967630, train avg acc: 0.949058
Test epoch 230, loss: 1.912431, test acc: 0.912885, test avg acc: 0.890291
Train epoch 231, loss: 1.874704, train acc: 0.964475, train avg acc: 0.944571
Test epoch 231, loss: 1.923533, test acc: 0.907618, test avg acc: 0.866000
Train epoch 232, loss: 1.873519, train acc: 0.967325, train avg acc: 0.949028
Test epoch 232, loss: 1.925743, test acc: 0.905997, test avg acc: 0.878837
Train epoch 233, loss: 1.875504, train acc: 0.967020, train avg acc: 0.947583
Test epoch 233, loss: 1.914904, test acc: 0.914911, test avg acc: 0.892494
Train epoch 234, loss: 1.871763, train acc: 0.967325, train avg acc: 0.948800
Test epoch 234, loss: 1.924907, test acc: 0.912480, test avg acc: 0.872291
Train epoch 235, loss: 1.867844, train acc: 0.971193, train avg acc: 0.955923
Test epoch 235, loss: 1.910443, test acc: 0.910454, test avg acc: 0.865337
Train epoch 236, loss: 1.867609, train acc: 0.969157, train avg acc: 0.953341
Test epoch 236, loss: 1.924686, test acc: 0.911669, test avg acc: 0.880831
Train epoch 237, loss: 1.869775, train acc: 0.967834, train avg acc: 0.948375
Test epoch 237, loss: 1.943179, test acc: 0.906807, test avg acc: 0.870360
Train epoch 238, loss: 1.868388, train acc: 0.969157, train avg acc: 0.951667
Test epoch 238, loss: 1.933731, test acc: 0.897083, test avg acc: 0.861831
Train epoch 239, loss: 1.867868, train acc: 0.969666, train avg acc: 0.953783
Test epoch 239, loss: 1.922153, test acc: 0.919773, test avg acc: 0.884785
Train epoch 240, loss: 1.867270, train acc: 0.971498, train avg acc: 0.954853
Test epoch 240, loss: 1.942579, test acc: 0.900729, test avg acc: 0.871994
Train epoch 241, loss: 1.867274, train acc: 0.970175, train avg acc: 0.952474
Test epoch 241, loss: 1.931217, test acc: 0.920989, test avg acc: 0.874669
Train epoch 242, loss: 1.868118, train acc: 0.968139, train avg acc: 0.949403
Test epoch 242, loss: 1.920994, test acc: 0.910859, test avg acc: 0.877651
Train epoch 243, loss: 1.876036, train acc: 0.967936, train avg acc: 0.950289
Test epoch 243, loss: 1.934469, test acc: 0.905997, test avg acc: 0.879122
Train epoch 244, loss: 1.869684, train acc: 0.969259, train avg acc: 0.950447
Test epoch 244, loss: 1.907745, test acc: 0.920583, test avg acc: 0.877448
Train epoch 245, loss: 1.865635, train acc: 0.971295, train avg acc: 0.955070
Test epoch 245, loss: 1.912565, test acc: 0.915316, test avg acc: 0.887785
Train epoch 246, loss: 1.871925, train acc: 0.967325, train avg acc: 0.948280
Test epoch 246, loss: 1.932348, test acc: 0.903160, test avg acc: 0.873581
Train epoch 247, loss: 1.863564, train acc: 0.971295, train avg acc: 0.955998
Test epoch 247, loss: 1.914186, test acc: 0.910859, test avg acc: 0.873622
Train epoch 248, loss: 1.867674, train acc: 0.968750, train avg acc: 0.950473
Test epoch 248, loss: 1.933772, test acc: 0.912480, test avg acc: 0.887715
Train epoch 249, loss: 1.861770, train acc: 0.970684, train avg acc: 0.952958
Test epoch 249, loss: 1.912855, test acc: 0.912885, test avg acc: 0.878913
Train epoch 250, loss: 1.864608, train acc: 0.970582, train avg acc: 0.954129
Test epoch 250, loss: 1.925070, test acc: 0.908023, test avg acc: 0.868576
Train epoch 251, loss: 1.859411, train acc: 0.973432, train avg acc: 0.959105
Test epoch 251, loss: 1.919954, test acc: 0.910859, test avg acc: 0.872378
Train epoch 252, loss: 1.859394, train acc: 0.973331, train avg acc: 0.957293
Test epoch 252, loss: 1.929102, test acc: 0.914911, test avg acc: 0.885250
Train epoch 253, loss: 1.864176, train acc: 0.972618, train avg acc: 0.958340
Test epoch 253, loss: 1.917984, test acc: 0.917342, test avg acc: 0.884494
Train epoch 254, loss: 1.859618, train acc: 0.973534, train avg acc: 0.958044
Test epoch 254, loss: 1.921226, test acc: 0.908428, test avg acc: 0.878826
Train epoch 255, loss: 1.857450, train acc: 0.973331, train avg acc: 0.960249
Test epoch 255, loss: 1.920646, test acc: 0.912480, test avg acc: 0.887419
Train epoch 256, loss: 1.862790, train acc: 0.970582, train avg acc: 0.953725
Test epoch 256, loss: 1.926624, test acc: 0.908428, test avg acc: 0.876006
Train epoch 257, loss: 1.864159, train acc: 0.971498, train avg acc: 0.955084
Test epoch 257, loss: 1.918752, test acc: 0.914506, test avg acc: 0.879465
Train epoch 258, loss: 1.863233, train acc: 0.970786, train avg acc: 0.954445
Test epoch 258, loss: 1.918771, test acc: 0.916532, test avg acc: 0.887948
Train epoch 259, loss: 1.855270, train acc: 0.973534, train avg acc: 0.958233
Test epoch 259, loss: 1.919745, test acc: 0.914506, test avg acc: 0.881913
Train epoch 260, loss: 1.857178, train acc: 0.974145, train avg acc: 0.957569
Test epoch 260, loss: 1.921130, test acc: 0.905186, test avg acc: 0.870285
Train epoch 261, loss: 1.856561, train acc: 0.975570, train avg acc: 0.960340
Test epoch 261, loss: 1.963500, test acc: 0.888979, test avg acc: 0.864372
Train epoch 262, loss: 1.854563, train acc: 0.974349, train avg acc: 0.959297
Test epoch 262, loss: 1.920883, test acc: 0.911264, test avg acc: 0.879488
Train epoch 263, loss: 1.859030, train acc: 0.974043, train avg acc: 0.960723
Test epoch 263, loss: 1.917281, test acc: 0.912075, test avg acc: 0.878541
Train epoch 264, loss: 1.858099, train acc: 0.973941, train avg acc: 0.958527
Test epoch 264, loss: 1.904854, test acc: 0.911669, test avg acc: 0.875041
Train epoch 265, loss: 1.853824, train acc: 0.976079, train avg acc: 0.961679
Test epoch 265, loss: 1.938235, test acc: 0.906807, test avg acc: 0.870227
Train epoch 266, loss: 1.855146, train acc: 0.974145, train avg acc: 0.958120
Test epoch 266, loss: 1.922504, test acc: 0.907618, test avg acc: 0.875500
Train epoch 267, loss: 1.853599, train acc: 0.975265, train avg acc: 0.962611
Test epoch 267, loss: 1.920816, test acc: 0.907618, test avg acc: 0.873622
Train epoch 268, loss: 1.854581, train acc: 0.972007, train avg acc: 0.956753
Test epoch 268, loss: 1.958100, test acc: 0.905592, test avg acc: 0.880000
Train epoch 269, loss: 1.849916, train acc: 0.976792, train avg acc: 0.962978
Test epoch 269, loss: 1.904733, test acc: 0.918152, test avg acc: 0.881285
Train epoch 270, loss: 1.854672, train acc: 0.974349, train avg acc: 0.958983
Test epoch 270, loss: 1.911626, test acc: 0.912075, test avg acc: 0.878878
Train epoch 271, loss: 1.851319, train acc: 0.976283, train avg acc: 0.962427
Test epoch 271, loss: 1.923947, test acc: 0.918558, test avg acc: 0.890070
Train epoch 272, loss: 1.853421, train acc: 0.974145, train avg acc: 0.960282
Test epoch 272, loss: 1.915843, test acc: 0.910859, test avg acc: 0.884581
Train epoch 273, loss: 1.851980, train acc: 0.976283, train avg acc: 0.962458
Test epoch 273, loss: 1.919700, test acc: 0.911669, test avg acc: 0.883872
Train epoch 274, loss: 1.851856, train acc: 0.974450, train avg acc: 0.959275
Test epoch 274, loss: 1.931794, test acc: 0.905997, test avg acc: 0.876541
Train epoch 275, loss: 1.849649, train acc: 0.975468, train avg acc: 0.961599
Test epoch 275, loss: 1.911568, test acc: 0.915721, test avg acc: 0.886703
Train epoch 276, loss: 1.848757, train acc: 0.976486, train avg acc: 0.962428
Test epoch 276, loss: 1.931626, test acc: 0.911264, test avg acc: 0.882238
Train epoch 277, loss: 1.851243, train acc: 0.977199, train avg acc: 0.966063
Test epoch 277, loss: 1.932190, test acc: 0.901945, test avg acc: 0.873878
Train epoch 278, loss: 1.846305, train acc: 0.978726, train avg acc: 0.965747
Test epoch 278, loss: 1.929073, test acc: 0.912075, test avg acc: 0.887779
Train epoch 279, loss: 1.851932, train acc: 0.975570, train avg acc: 0.962195
Test epoch 279, loss: 1.913287, test acc: 0.910454, test avg acc: 0.881238
Train epoch 280, loss: 1.846312, train acc: 0.978013, train avg acc: 0.964201
Test epoch 280, loss: 1.916998, test acc: 0.919368, test avg acc: 0.886256
Train epoch 281, loss: 1.845952, train acc: 0.978115, train avg acc: 0.966804
Test epoch 281, loss: 1.922144, test acc: 0.914100, test avg acc: 0.885698
Train epoch 282, loss: 1.844365, train acc: 0.977097, train avg acc: 0.965012
Test epoch 282, loss: 1.912968, test acc: 0.917342, test avg acc: 0.881238
Train epoch 283, loss: 1.845950, train acc: 0.978929, train avg acc: 0.965942
Test epoch 283, loss: 1.921994, test acc: 0.904376, test avg acc: 0.867384
Train epoch 284, loss: 1.843135, train acc: 0.978013, train avg acc: 0.964963
Test epoch 284, loss: 1.904186, test acc: 0.913695, test avg acc: 0.874913
Train epoch 285, loss: 1.846608, train acc: 0.977402, train avg acc: 0.965375
Test epoch 285, loss: 1.972091, test acc: 0.914506, test avg acc: 0.867174
Train epoch 286, loss: 1.847989, train acc: 0.978624, train avg acc: 0.966320
Test epoch 286, loss: 1.925658, test acc: 0.903566, test avg acc: 0.874093
Train epoch 287, loss: 1.844371, train acc: 0.978318, train avg acc: 0.965988
Test epoch 287, loss: 1.909843, test acc: 0.915316, test avg acc: 0.887326
Train epoch 288, loss: 1.842721, train acc: 0.979743, train avg acc: 0.969732
Test epoch 288, loss: 1.917962, test acc: 0.914506, test avg acc: 0.869448
Train epoch 289, loss: 1.847008, train acc: 0.977097, train avg acc: 0.962259
Test epoch 289, loss: 1.906212, test acc: 0.916937, test avg acc: 0.890326
Train epoch 290, loss: 1.841947, train acc: 0.980252, train avg acc: 0.968494
Test epoch 290, loss: 1.917800, test acc: 0.908833, test avg acc: 0.876913
Train epoch 291, loss: 1.842477, train acc: 0.980660, train avg acc: 0.969624
Test epoch 291, loss: 1.947524, test acc: 0.906402, test avg acc: 0.866971
Train epoch 292, loss: 1.840853, train acc: 0.980151, train avg acc: 0.969796
Test epoch 292, loss: 1.914170, test acc: 0.905997, test avg acc: 0.877541
Train epoch 293, loss: 1.840332, train acc: 0.980558, train avg acc: 0.968790
Test epoch 293, loss: 1.905855, test acc: 0.914506, test avg acc: 0.887326
Train epoch 294, loss: 1.836684, train acc: 0.982492, train avg acc: 0.972222
Test epoch 294, loss: 1.898694, test acc: 0.923420, test avg acc: 0.887122
Train epoch 295, loss: 1.838995, train acc: 0.982390, train avg acc: 0.971410
Test epoch 295, loss: 1.928755, test acc: 0.906402, test avg acc: 0.879581
Train epoch 296, loss: 1.838226, train acc: 0.981678, train avg acc: 0.970695
Test epoch 296, loss: 1.906344, test acc: 0.917747, test avg acc: 0.884570
Train epoch 297, loss: 1.841096, train acc: 0.977911, train avg acc: 0.966762
Test epoch 297, loss: 1.905414, test acc: 0.921799, test avg acc: 0.895116
Train epoch 298, loss: 1.837155, train acc: 0.981881, train avg acc: 0.971242
Test epoch 298, loss: 1.922948, test acc: 0.905592, test avg acc: 0.878797
Train epoch 299, loss: 1.840478, train acc: 0.979438, train avg acc: 0.968913
Test epoch 299, loss: 1.926247, test acc: 0.899919, test avg acc: 0.872116
Train epoch 300, loss: 1.842083, train acc: 0.978217, train avg acc: 0.966658
Test epoch 300, loss: 1.907222, test acc: 0.918558, test avg acc: 0.886343
Train epoch 301, loss: 1.836951, train acc: 0.981270, train avg acc: 0.969325
Test epoch 301, loss: 1.941458, test acc: 0.901945, test avg acc: 0.878750
Train epoch 302, loss: 1.834390, train acc: 0.982186, train avg acc: 0.970217
Test epoch 302, loss: 1.912316, test acc: 0.915721, test avg acc: 0.890576
Train epoch 303, loss: 1.838176, train acc: 0.979743, train avg acc: 0.967868
Test epoch 303, loss: 1.922467, test acc: 0.920178, test avg acc: 0.884541
Train epoch 304, loss: 1.834851, train acc: 0.980354, train avg acc: 0.968904
Test epoch 304, loss: 1.921489, test acc: 0.907212, test avg acc: 0.885797
Train epoch 305, loss: 1.836005, train acc: 0.981067, train avg acc: 0.970514
Test epoch 305, loss: 1.905164, test acc: 0.918558, test avg acc: 0.889110
Train epoch 306, loss: 1.832240, train acc: 0.983713, train avg acc: 0.975527
Test epoch 306, loss: 1.897226, test acc: 0.922609, test avg acc: 0.888953
Train epoch 307, loss: 1.832104, train acc: 0.982899, train avg acc: 0.973286
Test epoch 307, loss: 1.902110, test acc: 0.919773, test avg acc: 0.877907
Train epoch 308, loss: 1.833845, train acc: 0.982899, train avg acc: 0.972281
Test epoch 308, loss: 1.905712, test acc: 0.916937, test avg acc: 0.888198
Train epoch 309, loss: 1.831911, train acc: 0.983917, train avg acc: 0.974659
Test epoch 309, loss: 1.901093, test acc: 0.921394, test avg acc: 0.886576
Train epoch 310, loss: 1.834102, train acc: 0.982492, train avg acc: 0.973992
Test epoch 310, loss: 1.916167, test acc: 0.909238, test avg acc: 0.879366
Train epoch 311, loss: 1.831389, train acc: 0.983815, train avg acc: 0.973085
Test epoch 311, loss: 1.915581, test acc: 0.919773, test avg acc: 0.895494
Train epoch 312, loss: 1.830777, train acc: 0.982390, train avg acc: 0.972739
Test epoch 312, loss: 1.934566, test acc: 0.913695, test avg acc: 0.888785
Train epoch 313, loss: 1.832002, train acc: 0.983510, train avg acc: 0.973208
Test epoch 313, loss: 1.895242, test acc: 0.920989, test avg acc: 0.885203
Train epoch 314, loss: 1.833459, train acc: 0.981779, train avg acc: 0.970713
Test epoch 314, loss: 1.902945, test acc: 0.920178, test avg acc: 0.883110
Train epoch 315, loss: 1.830741, train acc: 0.985138, train avg acc: 0.977462
Test epoch 315, loss: 1.901288, test acc: 0.924230, test avg acc: 0.899744
Train epoch 316, loss: 1.831800, train acc: 0.984019, train avg acc: 0.973830
Test epoch 316, loss: 1.902269, test acc: 0.919773, test avg acc: 0.897779
Train epoch 317, loss: 1.830659, train acc: 0.984121, train avg acc: 0.975361
Test epoch 317, loss: 1.912671, test acc: 0.909238, test avg acc: 0.884494
Train epoch 318, loss: 1.824781, train acc: 0.986156, train avg acc: 0.976755
Test epoch 318, loss: 1.936189, test acc: 0.910049, test avg acc: 0.887866
Train epoch 319, loss: 1.822195, train acc: 0.986462, train avg acc: 0.979249
Test epoch 319, loss: 1.898926, test acc: 0.914506, test avg acc: 0.885419
Train epoch 320, loss: 1.824826, train acc: 0.985037, train avg acc: 0.977455
Test epoch 320, loss: 1.908343, test acc: 0.917747, test avg acc: 0.895872
Train epoch 321, loss: 1.824002, train acc: 0.986156, train avg acc: 0.977972
Test epoch 321, loss: 1.938832, test acc: 0.902755, test avg acc: 0.863913
Train epoch 322, loss: 1.824999, train acc: 0.985444, train avg acc: 0.978511
Test epoch 322, loss: 1.899257, test acc: 0.916126, test avg acc: 0.896331
Train epoch 323, loss: 1.823338, train acc: 0.984833, train avg acc: 0.976829
Test epoch 323, loss: 1.914294, test acc: 0.912075, test avg acc: 0.885750
Train epoch 324, loss: 1.827176, train acc: 0.984019, train avg acc: 0.974519
Test epoch 324, loss: 1.902979, test acc: 0.924230, test avg acc: 0.894651
Train epoch 325, loss: 1.821122, train acc: 0.986156, train avg acc: 0.977900
Test epoch 325, loss: 1.891042, test acc: 0.925041, test avg acc: 0.893826
Train epoch 326, loss: 1.821571, train acc: 0.986665, train avg acc: 0.978727
Test epoch 326, loss: 1.918207, test acc: 0.911264, test avg acc: 0.881157
Train epoch 327, loss: 1.822552, train acc: 0.986156, train avg acc: 0.978864
Test epoch 327, loss: 1.912441, test acc: 0.921394, test avg acc: 0.884076
Train epoch 328, loss: 1.823141, train acc: 0.986360, train avg acc: 0.978707
Test epoch 328, loss: 1.894785, test acc: 0.916937, test avg acc: 0.874657
Train epoch 329, loss: 1.819903, train acc: 0.987887, train avg acc: 0.980347
Test epoch 329, loss: 1.898014, test acc: 0.917342, test avg acc: 0.882244
Train epoch 330, loss: 1.821043, train acc: 0.987989, train avg acc: 0.980774
Test epoch 330, loss: 1.903254, test acc: 0.914506, test avg acc: 0.884616
Train epoch 331, loss: 1.823465, train acc: 0.987581, train avg acc: 0.981526
Test epoch 331, loss: 1.889689, test acc: 0.924230, test avg acc: 0.889203
Train epoch 332, loss: 1.818399, train acc: 0.987683, train avg acc: 0.979870
Test epoch 332, loss: 1.902983, test acc: 0.915721, test avg acc: 0.886866
Train epoch 333, loss: 1.820348, train acc: 0.985546, train avg acc: 0.977340
Test epoch 333, loss: 1.901478, test acc: 0.920583, test avg acc: 0.884000
Train epoch 334, loss: 1.816742, train acc: 0.988701, train avg acc: 0.983506
Test epoch 334, loss: 1.896365, test acc: 0.922204, test avg acc: 0.891366
Train epoch 335, loss: 1.817906, train acc: 0.988701, train avg acc: 0.982877
Test epoch 335, loss: 1.902545, test acc: 0.918152, test avg acc: 0.888616
Train epoch 336, loss: 1.818421, train acc: 0.986665, train avg acc: 0.978668
Test epoch 336, loss: 1.908892, test acc: 0.916532, test avg acc: 0.882000
Train epoch 337, loss: 1.819278, train acc: 0.987072, train avg acc: 0.978774
Test epoch 337, loss: 1.918979, test acc: 0.911264, test avg acc: 0.886576
Train epoch 338, loss: 1.814187, train acc: 0.989210, train avg acc: 0.982917
Test epoch 338, loss: 1.900702, test acc: 0.920178, test avg acc: 0.889622
Train epoch 339, loss: 1.815701, train acc: 0.989617, train avg acc: 0.983539
Test epoch 339, loss: 1.902196, test acc: 0.923015, test avg acc: 0.897291
Train epoch 340, loss: 1.816935, train acc: 0.988701, train avg acc: 0.980777
Test epoch 340, loss: 1.911765, test acc: 0.914506, test avg acc: 0.882744
Train epoch 341, loss: 1.813125, train acc: 0.989515, train avg acc: 0.982586
Test epoch 341, loss: 1.890206, test acc: 0.926661, test avg acc: 0.892622
Train epoch 342, loss: 1.816811, train acc: 0.987581, train avg acc: 0.981781
Test epoch 342, loss: 1.905353, test acc: 0.918152, test avg acc: 0.892041
Train epoch 343, loss: 1.815570, train acc: 0.987887, train avg acc: 0.981080
Test epoch 343, loss: 1.888137, test acc: 0.928687, test avg acc: 0.901035
Train epoch 344, loss: 1.813428, train acc: 0.987989, train avg acc: 0.980853
Test epoch 344, loss: 1.901460, test acc: 0.918152, test avg acc: 0.890878
Train epoch 345, loss: 1.813631, train acc: 0.988090, train avg acc: 0.982081
Test epoch 345, loss: 1.898953, test acc: 0.923420, test avg acc: 0.889029
Train epoch 346, loss: 1.811523, train acc: 0.990126, train avg acc: 0.984561
Test epoch 346, loss: 1.889830, test acc: 0.922204, test avg acc: 0.880203
Train epoch 347, loss: 1.811636, train acc: 0.990126, train avg acc: 0.983769
Test epoch 347, loss: 1.893754, test acc: 0.922204, test avg acc: 0.890198
Train epoch 348, loss: 1.813798, train acc: 0.988905, train avg acc: 0.983078
Test epoch 348, loss: 1.906613, test acc: 0.917342, test avg acc: 0.885570
Train epoch 349, loss: 1.810738, train acc: 0.991144, train avg acc: 0.986225
Test epoch 349, loss: 1.906656, test acc: 0.917342, test avg acc: 0.896279
Train epoch 350, loss: 1.809475, train acc: 0.991042, train avg acc: 0.987091
Test epoch 350, loss: 1.891524, test acc: 0.921799, test avg acc: 0.896070
Train epoch 351, loss: 1.811673, train acc: 0.990941, train avg acc: 0.985536
Test epoch 351, loss: 1.899413, test acc: 0.920583, test avg acc: 0.892279
Train epoch 352, loss: 1.810703, train acc: 0.990533, train avg acc: 0.984895
Test epoch 352, loss: 1.894557, test acc: 0.919368, test avg acc: 0.882372
Train epoch 353, loss: 1.809858, train acc: 0.990024, train avg acc: 0.985363
Test epoch 353, loss: 1.909302, test acc: 0.912885, test avg acc: 0.888988
Train epoch 354, loss: 1.809704, train acc: 0.989515, train avg acc: 0.984322
Test epoch 354, loss: 1.904081, test acc: 0.912075, test avg acc: 0.885785
Train epoch 355, loss: 1.806456, train acc: 0.991653, train avg acc: 0.986221
Test epoch 355, loss: 1.910357, test acc: 0.910859, test avg acc: 0.879750
Train epoch 356, loss: 1.805166, train acc: 0.992366, train avg acc: 0.987136
Test epoch 356, loss: 1.907899, test acc: 0.911264, test avg acc: 0.887244
Train epoch 357, loss: 1.806276, train acc: 0.991450, train avg acc: 0.985751
Test epoch 357, loss: 1.888488, test acc: 0.921394, test avg acc: 0.882244
Train epoch 358, loss: 1.805180, train acc: 0.992366, train avg acc: 0.986674
Test epoch 358, loss: 1.896523, test acc: 0.918558, test avg acc: 0.886785
Train epoch 359, loss: 1.803452, train acc: 0.992060, train avg acc: 0.987184
Test epoch 359, loss: 1.900935, test acc: 0.914911, test avg acc: 0.885081
Train epoch 360, loss: 1.806406, train acc: 0.990635, train avg acc: 0.984163
Test epoch 360, loss: 1.900025, test acc: 0.918558, test avg acc: 0.885285
Train epoch 361, loss: 1.804562, train acc: 0.992569, train avg acc: 0.988974
Test epoch 361, loss: 1.912610, test acc: 0.913290, test avg acc: 0.887326
Train epoch 362, loss: 1.802601, train acc: 0.993078, train avg acc: 0.989539
Test epoch 362, loss: 1.888472, test acc: 0.924230, test avg acc: 0.886907
Train epoch 363, loss: 1.804092, train acc: 0.992162, train avg acc: 0.987339
Test epoch 363, loss: 1.885150, test acc: 0.923825, test avg acc: 0.894035
Train epoch 364, loss: 1.803833, train acc: 0.992162, train avg acc: 0.987861
Test epoch 364, loss: 1.898974, test acc: 0.920178, test avg acc: 0.893448
Train epoch 365, loss: 1.803695, train acc: 0.991348, train avg acc: 0.985556
Test epoch 365, loss: 1.897395, test acc: 0.918558, test avg acc: 0.895366
Train epoch 366, loss: 1.802019, train acc: 0.992060, train avg acc: 0.987823
Test epoch 366, loss: 1.893905, test acc: 0.921394, test avg acc: 0.890337
Train epoch 367, loss: 1.802056, train acc: 0.992976, train avg acc: 0.988532
Test epoch 367, loss: 1.905232, test acc: 0.914100, test avg acc: 0.883750
Train epoch 368, loss: 1.802151, train acc: 0.992366, train avg acc: 0.987579
Test epoch 368, loss: 1.894116, test acc: 0.925041, test avg acc: 0.895663
Train epoch 369, loss: 1.801272, train acc: 0.991857, train avg acc: 0.988096
Test epoch 369, loss: 1.896984, test acc: 0.916937, test avg acc: 0.887622
Train epoch 370, loss: 1.801860, train acc: 0.994096, train avg acc: 0.990325
Test epoch 370, loss: 1.902572, test acc: 0.914911, test avg acc: 0.888372
Train epoch 371, loss: 1.800994, train acc: 0.992569, train avg acc: 0.988049
Test epoch 371, loss: 1.890674, test acc: 0.927066, test avg acc: 0.900285
Train epoch 372, loss: 1.798781, train acc: 0.993893, train avg acc: 0.989940
Test epoch 372, loss: 1.902415, test acc: 0.918963, test avg acc: 0.888087
Train epoch 373, loss: 1.799112, train acc: 0.993689, train avg acc: 0.990137
Test epoch 373, loss: 1.906008, test acc: 0.918152, test avg acc: 0.884785
Train epoch 374, loss: 1.798652, train acc: 0.994503, train avg acc: 0.991098
Test epoch 374, loss: 1.901571, test acc: 0.917342, test avg acc: 0.887785
Train epoch 375, loss: 1.797053, train acc: 0.993893, train avg acc: 0.990380
Test epoch 375, loss: 1.894857, test acc: 0.921394, test avg acc: 0.893953
Train epoch 376, loss: 1.797023, train acc: 0.993180, train avg acc: 0.988634
Test epoch 376, loss: 1.905518, test acc: 0.914911, test avg acc: 0.887326
Train epoch 377, loss: 1.799544, train acc: 0.991653, train avg acc: 0.987775
Test epoch 377, loss: 1.893233, test acc: 0.924230, test avg acc: 0.889622
Train epoch 378, loss: 1.796286, train acc: 0.994809, train avg acc: 0.991972
Test epoch 378, loss: 1.897488, test acc: 0.923015, test avg acc: 0.893122
Train epoch 379, loss: 1.795717, train acc: 0.994809, train avg acc: 0.991458
Test epoch 379, loss: 1.892085, test acc: 0.920178, test avg acc: 0.893826
Train epoch 380, loss: 1.796984, train acc: 0.994910, train avg acc: 0.991920
Test epoch 380, loss: 1.889210, test acc: 0.922609, test avg acc: 0.892407
Train epoch 381, loss: 1.796545, train acc: 0.994300, train avg acc: 0.989741
Test epoch 381, loss: 1.892624, test acc: 0.922204, test avg acc: 0.889035
Train epoch 382, loss: 1.794969, train acc: 0.994910, train avg acc: 0.991499
Test epoch 382, loss: 1.898553, test acc: 0.920989, test avg acc: 0.889698
Train epoch 383, loss: 1.796065, train acc: 0.994198, train avg acc: 0.990584
Test epoch 383, loss: 1.892418, test acc: 0.923825, test avg acc: 0.896953
Train epoch 384, loss: 1.794043, train acc: 0.993587, train avg acc: 0.989229
Test epoch 384, loss: 1.895266, test acc: 0.917342, test avg acc: 0.885872
Train epoch 385, loss: 1.794610, train acc: 0.994707, train avg acc: 0.992073
Test epoch 385, loss: 1.892402, test acc: 0.924230, test avg acc: 0.888407
Train epoch 386, loss: 1.794525, train acc: 0.993893, train avg acc: 0.990057
Test epoch 386, loss: 1.888830, test acc: 0.922204, test avg acc: 0.891285
Train epoch 387, loss: 1.793178, train acc: 0.994809, train avg acc: 0.992399
Test epoch 387, loss: 1.888707, test acc: 0.923825, test avg acc: 0.889366
Train epoch 388, loss: 1.792808, train acc: 0.994198, train avg acc: 0.990535
Test epoch 388, loss: 1.896884, test acc: 0.914911, test avg acc: 0.886291
Train epoch 389, loss: 1.794385, train acc: 0.994707, train avg acc: 0.991463
Test epoch 389, loss: 1.890343, test acc: 0.921394, test avg acc: 0.887663
Train epoch 390, loss: 1.793739, train acc: 0.993994, train avg acc: 0.990777
Test epoch 390, loss: 1.901262, test acc: 0.920583, test avg acc: 0.895157
Train epoch 391, loss: 1.794064, train acc: 0.995318, train avg acc: 0.992468
Test epoch 391, loss: 1.903523, test acc: 0.915721, test avg acc: 0.891831
Train epoch 392, loss: 1.794904, train acc: 0.994096, train avg acc: 0.991875
Test epoch 392, loss: 1.889342, test acc: 0.923825, test avg acc: 0.894785
Train epoch 393, loss: 1.789161, train acc: 0.996844, train avg acc: 0.995014
Test epoch 393, loss: 1.893761, test acc: 0.923825, test avg acc: 0.902657
Train epoch 394, loss: 1.792437, train acc: 0.995012, train avg acc: 0.992532
Test epoch 394, loss: 1.904331, test acc: 0.912480, test avg acc: 0.884953
Train epoch 395, loss: 1.790114, train acc: 0.995318, train avg acc: 0.992580
Test epoch 395, loss: 1.887819, test acc: 0.925446, test avg acc: 0.897279
Train epoch 396, loss: 1.789818, train acc: 0.995725, train avg acc: 0.993631
Test epoch 396, loss: 1.893853, test acc: 0.918152, test avg acc: 0.892122
Train epoch 397, loss: 1.790893, train acc: 0.995827, train avg acc: 0.993496
Test epoch 397, loss: 1.889228, test acc: 0.927472, test avg acc: 0.897366
Train epoch 398, loss: 1.788852, train acc: 0.994809, train avg acc: 0.991519
Test epoch 398, loss: 1.890581, test acc: 0.923420, test avg acc: 0.892157
Train epoch 399, loss: 1.788635, train acc: 0.996030, train avg acc: 0.993739
Test epoch 399, loss: 1.892813, test acc: 0.920583, test avg acc: 0.895994
Train epoch 400, loss: 1.789011, train acc: 0.995012, train avg acc: 0.992364
Test epoch 400, loss: 1.893978, test acc: 0.925041, test avg acc: 0.892070
Train epoch 401, loss: 1.786830, train acc: 0.996132, train avg acc: 0.993837
Test epoch 401, loss: 1.891000, test acc: 0.922609, test avg acc: 0.895907
Train epoch 402, loss: 1.789175, train acc: 0.995521, train avg acc: 0.992779
Test epoch 402, loss: 1.893308, test acc: 0.920178, test avg acc: 0.894320
Train epoch 403, loss: 1.788407, train acc: 0.996234, train avg acc: 0.994076
Test epoch 403, loss: 1.890339, test acc: 0.923420, test avg acc: 0.894657
Train epoch 404, loss: 1.787263, train acc: 0.996336, train avg acc: 0.994440
Test epoch 404, loss: 1.893240, test acc: 0.922609, test avg acc: 0.898076
Train epoch 405, loss: 1.787252, train acc: 0.996132, train avg acc: 0.994402
Test epoch 405, loss: 1.887162, test acc: 0.923015, test avg acc: 0.896866
Train epoch 406, loss: 1.787794, train acc: 0.995827, train avg acc: 0.993503
Test epoch 406, loss: 1.894790, test acc: 0.923825, test avg acc: 0.897407
Train epoch 407, loss: 1.787141, train acc: 0.995521, train avg acc: 0.992925
Test epoch 407, loss: 1.887572, test acc: 0.924635, test avg acc: 0.899698
Train epoch 408, loss: 1.784059, train acc: 0.997353, train avg acc: 0.995538
Test epoch 408, loss: 1.885910, test acc: 0.925041, test avg acc: 0.892826
Train epoch 409, loss: 1.786316, train acc: 0.997150, train avg acc: 0.995618
Test epoch 409, loss: 1.894728, test acc: 0.922204, test avg acc: 0.898488
Train epoch 410, loss: 1.784628, train acc: 0.996844, train avg acc: 0.995250
Test epoch 410, loss: 1.892532, test acc: 0.918558, test avg acc: 0.889826
Train epoch 411, loss: 1.785512, train acc: 0.996234, train avg acc: 0.994803
Test epoch 411, loss: 1.887492, test acc: 0.925851, test avg acc: 0.899448
Train epoch 412, loss: 1.786217, train acc: 0.995827, train avg acc: 0.993286
Test epoch 412, loss: 1.891259, test acc: 0.924230, test avg acc: 0.899076
Train epoch 413, loss: 1.785425, train acc: 0.997048, train avg acc: 0.995608
Test epoch 413, loss: 1.890221, test acc: 0.923420, test avg acc: 0.898866
Train epoch 414, loss: 1.783583, train acc: 0.996743, train avg acc: 0.994366
Test epoch 414, loss: 1.887171, test acc: 0.929092, test avg acc: 0.898279
Train epoch 415, loss: 1.785090, train acc: 0.996641, train avg acc: 0.994538
Test epoch 415, loss: 1.892729, test acc: 0.918963, test avg acc: 0.893907
Train epoch 416, loss: 1.784754, train acc: 0.996743, train avg acc: 0.995081
Test epoch 416, loss: 1.894006, test acc: 0.921394, test avg acc: 0.901413
Train epoch 417, loss: 1.782398, train acc: 0.996844, train avg acc: 0.994590
Test epoch 417, loss: 1.897299, test acc: 0.923825, test avg acc: 0.902198
Train epoch 418, loss: 1.782997, train acc: 0.997252, train avg acc: 0.995390
Test epoch 418, loss: 1.898732, test acc: 0.920989, test avg acc: 0.898872
Train epoch 419, loss: 1.781055, train acc: 0.997353, train avg acc: 0.995984
Test epoch 419, loss: 1.889945, test acc: 0.923015, test avg acc: 0.895657
Train epoch 420, loss: 1.781716, train acc: 0.997455, train avg acc: 0.995987
Test epoch 420, loss: 1.887118, test acc: 0.925851, test avg acc: 0.897820
Train epoch 421, loss: 1.783245, train acc: 0.996030, train avg acc: 0.993344
Test epoch 421, loss: 1.885758, test acc: 0.926256, test avg acc: 0.897698
Train epoch 422, loss: 1.780774, train acc: 0.997964, train avg acc: 0.996297
Test epoch 422, loss: 1.886130, test acc: 0.924635, test avg acc: 0.896953
Train epoch 423, loss: 1.781536, train acc: 0.997048, train avg acc: 0.995441
Test epoch 423, loss: 1.888079, test acc: 0.923825, test avg acc: 0.896244
Train epoch 424, loss: 1.780834, train acc: 0.997557, train avg acc: 0.995900
Test epoch 424, loss: 1.888062, test acc: 0.922609, test avg acc: 0.891244
Train epoch 425, loss: 1.780173, train acc: 0.998168, train avg acc: 0.996729
Test epoch 425, loss: 1.885501, test acc: 0.926256, test avg acc: 0.900576
Train epoch 426, loss: 1.781551, train acc: 0.997455, train avg acc: 0.996222
Test epoch 426, loss: 1.888308, test acc: 0.924635, test avg acc: 0.895779
Train epoch 427, loss: 1.779320, train acc: 0.998168, train avg acc: 0.996973
Test epoch 427, loss: 1.886767, test acc: 0.923825, test avg acc: 0.894238
Train epoch 428, loss: 1.780715, train acc: 0.997048, train avg acc: 0.995622
Test epoch 428, loss: 1.888852, test acc: 0.922204, test avg acc: 0.895238
Train epoch 429, loss: 1.780791, train acc: 0.997862, train avg acc: 0.996613
Test epoch 429, loss: 1.888002, test acc: 0.925041, test avg acc: 0.895948
Train epoch 430, loss: 1.778043, train acc: 0.998168, train avg acc: 0.996570
Test epoch 430, loss: 1.889538, test acc: 0.922204, test avg acc: 0.894994
Train epoch 431, loss: 1.779296, train acc: 0.997862, train avg acc: 0.996272
Test epoch 431, loss: 1.888885, test acc: 0.926256, test avg acc: 0.902407
Train epoch 432, loss: 1.778744, train acc: 0.998270, train avg acc: 0.997401
Test epoch 432, loss: 1.889180, test acc: 0.925041, test avg acc: 0.897826
Train epoch 433, loss: 1.779420, train acc: 0.998168, train avg acc: 0.996792
Test epoch 433, loss: 1.888668, test acc: 0.925851, test avg acc: 0.895366
Train epoch 434, loss: 1.778580, train acc: 0.998168, train avg acc: 0.997028
Test epoch 434, loss: 1.890531, test acc: 0.923420, test avg acc: 0.898866
Train epoch 435, loss: 1.777798, train acc: 0.998575, train avg acc: 0.997840
Test epoch 435, loss: 1.887995, test acc: 0.926256, test avg acc: 0.898657
Train epoch 436, loss: 1.778125, train acc: 0.997659, train avg acc: 0.996118
Test epoch 436, loss: 1.886831, test acc: 0.924635, test avg acc: 0.898657
Train epoch 437, loss: 1.778297, train acc: 0.997252, train avg acc: 0.995727
Test epoch 437, loss: 1.890172, test acc: 0.923015, test avg acc: 0.894698
Train epoch 438, loss: 1.778616, train acc: 0.998270, train avg acc: 0.996951
Test epoch 438, loss: 1.889198, test acc: 0.923825, test avg acc: 0.894157
Train epoch 439, loss: 1.777184, train acc: 0.998677, train avg acc: 0.998035
Test epoch 439, loss: 1.887630, test acc: 0.927066, test avg acc: 0.895238
Train epoch 440, loss: 1.777760, train acc: 0.998575, train avg acc: 0.997876
Test epoch 440, loss: 1.888328, test acc: 0.922609, test avg acc: 0.897366
Train epoch 441, loss: 1.776847, train acc: 0.997862, train avg acc: 0.996461
Test epoch 441, loss: 1.887782, test acc: 0.924230, test avg acc: 0.895326
Train epoch 442, loss: 1.778030, train acc: 0.998066, train avg acc: 0.996967
Test epoch 442, loss: 1.889383, test acc: 0.927066, test avg acc: 0.899826
Train epoch 443, loss: 1.776059, train acc: 0.998270, train avg acc: 0.997487
Test epoch 443, loss: 1.887754, test acc: 0.925851, test avg acc: 0.897116
Train epoch 444, loss: 1.775568, train acc: 0.998575, train avg acc: 0.997627
Test epoch 444, loss: 1.885916, test acc: 0.923420, test avg acc: 0.895866
Train epoch 445, loss: 1.775675, train acc: 0.998270, train avg acc: 0.996984
Test epoch 445, loss: 1.888943, test acc: 0.926661, test avg acc: 0.901029
Train epoch 446, loss: 1.777056, train acc: 0.998066, train avg acc: 0.996469
Test epoch 446, loss: 1.886740, test acc: 0.923015, test avg acc: 0.895494
Train epoch 447, loss: 1.777002, train acc: 0.998168, train avg acc: 0.996981
Test epoch 447, loss: 1.886132, test acc: 0.923825, test avg acc: 0.897076
Train epoch 448, loss: 1.776368, train acc: 0.997964, train avg acc: 0.996788
Test epoch 448, loss: 1.881727, test acc: 0.927877, test avg acc: 0.898698
Train epoch 449, loss: 1.775168, train acc: 0.998473, train avg acc: 0.997759
Test epoch 449, loss: 1.886503, test acc: 0.928687, test avg acc: 0.904320
Train epoch 450, loss: 1.777147, train acc: 0.998473, train avg acc: 0.997676
Test epoch 450, loss: 1.888335, test acc: 0.925041, test avg acc: 0.898826
Train epoch 451, loss: 1.776461, train acc: 0.997761, train avg acc: 0.996051
Test epoch 451, loss: 1.886578, test acc: 0.927472, test avg acc: 0.900116
Train epoch 452, loss: 1.777188, train acc: 0.998270, train avg acc: 0.997424
Test epoch 452, loss: 1.887631, test acc: 0.924635, test avg acc: 0.899576
Train epoch 453, loss: 1.775081, train acc: 0.998677, train avg acc: 0.997958
Test epoch 453, loss: 1.887469, test acc: 0.924635, test avg acc: 0.896366
Train epoch 454, loss: 1.774053, train acc: 0.998779, train avg acc: 0.997915
Test epoch 454, loss: 1.886805, test acc: 0.923420, test avg acc: 0.896907
Train epoch 455, loss: 1.774696, train acc: 0.998168, train avg acc: 0.996720
Test epoch 455, loss: 1.886867, test acc: 0.927877, test avg acc: 0.898616
Train epoch 456, loss: 1.774760, train acc: 0.998880, train avg acc: 0.998190
Test epoch 456, loss: 1.889852, test acc: 0.924635, test avg acc: 0.900576
Train epoch 457, loss: 1.775259, train acc: 0.998473, train avg acc: 0.997748
Test epoch 457, loss: 1.885369, test acc: 0.925446, test avg acc: 0.897198
Train epoch 458, loss: 1.773945, train acc: 0.998168, train avg acc: 0.996873
Test epoch 458, loss: 1.884575, test acc: 0.925851, test avg acc: 0.897448
Train epoch 459, loss: 1.774430, train acc: 0.998575, train avg acc: 0.997652
Test epoch 459, loss: 1.889303, test acc: 0.925446, test avg acc: 0.899157
Train epoch 460, loss: 1.773855, train acc: 0.998880, train avg acc: 0.997776
Test epoch 460, loss: 1.882405, test acc: 0.927472, test avg acc: 0.900116
Train epoch 461, loss: 1.774389, train acc: 0.998473, train avg acc: 0.997390
Test epoch 461, loss: 1.884380, test acc: 0.927066, test avg acc: 0.900866
Train epoch 462, loss: 1.773217, train acc: 0.998371, train avg acc: 0.997244
Test epoch 462, loss: 1.888210, test acc: 0.923420, test avg acc: 0.897576
Train epoch 463, loss: 1.773038, train acc: 0.998677, train avg acc: 0.997482
Test epoch 463, loss: 1.882894, test acc: 0.926256, test avg acc: 0.896616
Train epoch 464, loss: 1.773956, train acc: 0.998677, train avg acc: 0.997623
Test epoch 464, loss: 1.885526, test acc: 0.924635, test avg acc: 0.898657
Train epoch 465, loss: 1.772543, train acc: 0.998779, train avg acc: 0.997880
Test epoch 465, loss: 1.887678, test acc: 0.924230, test avg acc: 0.897116
Train epoch 466, loss: 1.772472, train acc: 0.999287, train avg acc: 0.998897
Test epoch 466, loss: 1.886594, test acc: 0.924635, test avg acc: 0.896448
Train epoch 467, loss: 1.773454, train acc: 0.998677, train avg acc: 0.997828
Test epoch 467, loss: 1.889053, test acc: 0.922609, test avg acc: 0.893407
Train epoch 468, loss: 1.773083, train acc: 0.998982, train avg acc: 0.998474
Test epoch 468, loss: 1.882899, test acc: 0.925446, test avg acc: 0.897198
Train epoch 469, loss: 1.773904, train acc: 0.999084, train avg acc: 0.998452
Test epoch 469, loss: 1.884407, test acc: 0.926256, test avg acc: 0.896698
Train epoch 470, loss: 1.773586, train acc: 0.999389, train avg acc: 0.999224
Test epoch 470, loss: 1.885557, test acc: 0.925851, test avg acc: 0.898407
Train epoch 471, loss: 1.773509, train acc: 0.998677, train avg acc: 0.997515
Test epoch 471, loss: 1.883078, test acc: 0.927877, test avg acc: 0.900570
Train epoch 472, loss: 1.772270, train acc: 0.999186, train avg acc: 0.998407
Test epoch 472, loss: 1.885730, test acc: 0.926661, test avg acc: 0.898738
Train epoch 473, loss: 1.773550, train acc: 0.998677, train avg acc: 0.997987
Test epoch 473, loss: 1.884951, test acc: 0.926661, test avg acc: 0.897988
Train epoch 474, loss: 1.773714, train acc: 0.998473, train avg acc: 0.997332
Test epoch 474, loss: 1.888800, test acc: 0.926256, test avg acc: 0.899907
Train epoch 475, loss: 1.771637, train acc: 0.999084, train avg acc: 0.998607
Test epoch 475, loss: 1.883181, test acc: 0.927877, test avg acc: 0.900657
Train epoch 476, loss: 1.772209, train acc: 0.998779, train avg acc: 0.997901
Test epoch 476, loss: 1.887474, test acc: 0.925041, test avg acc: 0.894948
Train epoch 477, loss: 1.771354, train acc: 0.998575, train avg acc: 0.997799
Test epoch 477, loss: 1.886082, test acc: 0.926661, test avg acc: 0.900029
Train epoch 478, loss: 1.772866, train acc: 0.998779, train avg acc: 0.997844
Test epoch 478, loss: 1.885439, test acc: 0.927066, test avg acc: 0.899907
Train epoch 479, loss: 1.771585, train acc: 0.998982, train avg acc: 0.998754
Test epoch 479, loss: 1.884857, test acc: 0.925851, test avg acc: 0.899407
Train epoch 480, loss: 1.773384, train acc: 0.999186, train avg acc: 0.998607
Test epoch 480, loss: 1.887494, test acc: 0.926661, test avg acc: 0.897907
Train epoch 481, loss: 1.773587, train acc: 0.998677, train avg acc: 0.998106
Test epoch 481, loss: 1.884198, test acc: 0.925851, test avg acc: 0.898157
Train epoch 482, loss: 1.771849, train acc: 0.998575, train avg acc: 0.997452
Test epoch 482, loss: 1.888028, test acc: 0.923825, test avg acc: 0.895907
Train epoch 483, loss: 1.773041, train acc: 0.998880, train avg acc: 0.998007
Test epoch 483, loss: 1.884095, test acc: 0.925851, test avg acc: 0.896407
Train epoch 484, loss: 1.771787, train acc: 0.999389, train avg acc: 0.999147
Test epoch 484, loss: 1.884305, test acc: 0.927066, test avg acc: 0.898029
Train epoch 485, loss: 1.771968, train acc: 0.998779, train avg acc: 0.998344
Test epoch 485, loss: 1.887039, test acc: 0.924230, test avg acc: 0.898657
Train epoch 486, loss: 1.772351, train acc: 0.998677, train avg acc: 0.998356
Test epoch 486, loss: 1.886378, test acc: 0.923825, test avg acc: 0.896866
Train epoch 487, loss: 1.772029, train acc: 0.998880, train avg acc: 0.998150
Test epoch 487, loss: 1.885429, test acc: 0.925041, test avg acc: 0.896698
Train epoch 488, loss: 1.772791, train acc: 0.998677, train avg acc: 0.997799
Test epoch 488, loss: 1.885224, test acc: 0.927066, test avg acc: 0.899988
Train epoch 489, loss: 1.771355, train acc: 0.998677, train avg acc: 0.998083
Test epoch 489, loss: 1.887795, test acc: 0.923420, test avg acc: 0.897326
Train epoch 490, loss: 1.772500, train acc: 0.998473, train avg acc: 0.997266
Test epoch 490, loss: 1.886128, test acc: 0.925041, test avg acc: 0.898657
Train epoch 491, loss: 1.772199, train acc: 0.999084, train avg acc: 0.998899
Test epoch 491, loss: 1.888295, test acc: 0.925041, test avg acc: 0.898907
Train epoch 492, loss: 1.772014, train acc: 0.999084, train avg acc: 0.998210
Test epoch 492, loss: 1.882756, test acc: 0.925446, test avg acc: 0.897785
Train epoch 493, loss: 1.771315, train acc: 0.998982, train avg acc: 0.998667
Test epoch 493, loss: 1.881904, test acc: 0.926661, test avg acc: 0.900948
Train epoch 494, loss: 1.771933, train acc: 0.998880, train avg acc: 0.998324
Test epoch 494, loss: 1.884502, test acc: 0.925851, test avg acc: 0.899326
Train epoch 495, loss: 1.771259, train acc: 0.998779, train avg acc: 0.998328
Test epoch 495, loss: 1.885979, test acc: 0.925446, test avg acc: 0.900116
Train epoch 496, loss: 1.772908, train acc: 0.998575, train avg acc: 0.996905
Test epoch 496, loss: 1.885570, test acc: 0.926256, test avg acc: 0.898366
Train epoch 497, loss: 1.771788, train acc: 0.998982, train avg acc: 0.998057
Test epoch 497, loss: 1.887030, test acc: 0.926256, test avg acc: 0.898698
Train epoch 498, loss: 1.771841, train acc: 0.999186, train avg acc: 0.998536
Test epoch 498, loss: 1.887801, test acc: 0.924230, test avg acc: 0.897198
Train epoch 499, loss: 1.771351, train acc: 0.998779, train avg acc: 0.998248
Test epoch 499, loss: 1.885549, test acc: 0.924635, test avg acc: 0.898366
