Namespace(augmix_cutmix_prob=0.5, augmix_prob=0.0, batch_size=32, beta=1.0, data_path='./data/modelnet40_normal_resampled', dataset='modelnet40', dropout=0.5, emb_dims=1024, epochs=500, eval=False, exp_name='augmix_cutmix_lams2_eps4e-1_dgcnn_1024', jitter=False, k=20, knn=False, lr=0.001, model='dgcnn', model_path='', modelnet10=False, momentum=0.9, no_cuda=False, normal=False, nsample=512, num_points=1024, rddrop=False, rdscale=False, rot=False, rsmix_prob=0.0, seed=1, shift=False, shuffle=False, test_batch_size=16, use_sgd=True)
Using GPU : 0 from 1 devices
Train epoch 0, loss: 3.187441, train acc: 0.433428, train avg acc: 0.254186
Test epoch 0, loss: 2.877375, test acc: 0.556726, test avg acc: 0.419791
Train epoch 1, loss: 2.802612, train acc: 0.639760, train avg acc: 0.452460
Test epoch 1, loss: 2.634654, test acc: 0.756888, test avg acc: 0.599506
Train epoch 2, loss: 2.707650, train acc: 0.702972, train avg acc: 0.538369
Test epoch 2, loss: 2.574689, test acc: 0.764587, test avg acc: 0.637448
Train epoch 3, loss: 2.643253, train acc: 0.747964, train avg acc: 0.604740
Test epoch 3, loss: 2.520602, test acc: 0.816045, test avg acc: 0.677058
Train epoch 4, loss: 2.601842, train acc: 0.769748, train avg acc: 0.638470
Test epoch 4, loss: 2.489564, test acc: 0.835900, test avg acc: 0.737326
Train epoch 5, loss: 2.573908, train acc: 0.792447, train avg acc: 0.674837
Test epoch 5, loss: 2.476345, test acc: 0.836305, test avg acc: 0.732936
Train epoch 6, loss: 2.555551, train acc: 0.809446, train avg acc: 0.696918
Test epoch 6, loss: 2.452391, test acc: 0.849271, test avg acc: 0.771924
Train epoch 7, loss: 2.538701, train acc: 0.818811, train avg acc: 0.709188
Test epoch 7, loss: 2.444928, test acc: 0.864668, test avg acc: 0.802826
Train epoch 8, loss: 2.524643, train acc: 0.827362, train avg acc: 0.725364
Test epoch 8, loss: 2.448904, test acc: 0.847650, test avg acc: 0.769174
Train epoch 9, loss: 2.511055, train acc: 0.831739, train avg acc: 0.725149
Test epoch 9, loss: 2.416675, test acc: 0.872366, test avg acc: 0.795837
Train epoch 10, loss: 2.496925, train acc: 0.839373, train avg acc: 0.744475
Test epoch 10, loss: 2.448024, test acc: 0.861021, test avg acc: 0.795424
Train epoch 11, loss: 2.494170, train acc: 0.844870, train avg acc: 0.748721
Test epoch 11, loss: 2.418886, test acc: 0.865883, test avg acc: 0.780733
Train epoch 12, loss: 2.484638, train acc: 0.853624, train avg acc: 0.765013
Test epoch 12, loss: 2.403731, test acc: 0.879254, test avg acc: 0.805936
Train epoch 13, loss: 2.479419, train acc: 0.853217, train avg acc: 0.760523
Test epoch 13, loss: 2.399957, test acc: 0.886548, test avg acc: 0.820855
Train epoch 14, loss: 2.470016, train acc: 0.860546, train avg acc: 0.779030
Test epoch 14, loss: 2.395940, test acc: 0.880065, test avg acc: 0.815599
Train epoch 15, loss: 2.464967, train acc: 0.865228, train avg acc: 0.786615
Test epoch 15, loss: 2.404146, test acc: 0.869530, test avg acc: 0.795622
Train epoch 16, loss: 2.459052, train acc: 0.868893, train avg acc: 0.790223
Test epoch 16, loss: 2.391214, test acc: 0.884522, test avg acc: 0.814977
Train epoch 17, loss: 2.458642, train acc: 0.866653, train avg acc: 0.790211
Test epoch 17, loss: 2.407817, test acc: 0.859806, test avg acc: 0.803262
Train epoch 18, loss: 2.452293, train acc: 0.873371, train avg acc: 0.798631
Test epoch 18, loss: 2.383033, test acc: 0.882496, test avg acc: 0.820645
Train epoch 19, loss: 2.440476, train acc: 0.880497, train avg acc: 0.809446
Test epoch 19, loss: 2.384665, test acc: 0.878444, test avg acc: 0.829762
Train epoch 20, loss: 2.439471, train acc: 0.877341, train avg acc: 0.804726
Test epoch 20, loss: 2.395456, test acc: 0.876823, test avg acc: 0.807855
Train epoch 21, loss: 2.435491, train acc: 0.881820, train avg acc: 0.807958
Test epoch 21, loss: 2.384426, test acc: 0.882496, test avg acc: 0.821163
Train epoch 22, loss: 2.432360, train acc: 0.882125, train avg acc: 0.812332
Test epoch 22, loss: 2.398804, test acc: 0.875203, test avg acc: 0.820058
Train epoch 23, loss: 2.429149, train acc: 0.885790, train avg acc: 0.818986
Test epoch 23, loss: 2.398791, test acc: 0.878444, test avg acc: 0.804378
Train epoch 24, loss: 2.421703, train acc: 0.888844, train avg acc: 0.824008
Test epoch 24, loss: 2.372537, test acc: 0.897893, test avg acc: 0.841087
Train epoch 25, loss: 2.421671, train acc: 0.890472, train avg acc: 0.824651
Test epoch 25, loss: 2.357606, test acc: 0.897083, test avg acc: 0.839064
Train epoch 26, loss: 2.422798, train acc: 0.891490, train avg acc: 0.830640
Test epoch 26, loss: 2.381411, test acc: 0.894652, test avg acc: 0.846081
Train epoch 27, loss: 2.425468, train acc: 0.887113, train avg acc: 0.820806
Test epoch 27, loss: 2.416743, test acc: 0.874797, test avg acc: 0.813581
Train epoch 28, loss: 2.417287, train acc: 0.893322, train avg acc: 0.831375
Test epoch 28, loss: 2.354429, test acc: 0.903160, test avg acc: 0.841047
Train epoch 29, loss: 2.413465, train acc: 0.892814, train avg acc: 0.832844
Test epoch 29, loss: 2.363908, test acc: 0.898703, test avg acc: 0.846262
Train epoch 30, loss: 2.412158, train acc: 0.893933, train avg acc: 0.831062
Test epoch 30, loss: 2.394461, test acc: 0.869530, test avg acc: 0.831337
Train epoch 31, loss: 2.409666, train acc: 0.896783, train avg acc: 0.837676
Test epoch 31, loss: 2.381889, test acc: 0.889789, test avg acc: 0.846430
Train epoch 32, loss: 2.408354, train acc: 0.898208, train avg acc: 0.838034
Test epoch 32, loss: 2.363284, test acc: 0.903566, test avg acc: 0.861471
Train epoch 33, loss: 2.412677, train acc: 0.894849, train avg acc: 0.832845
Test epoch 33, loss: 2.341694, test acc: 0.904781, test avg acc: 0.854872
Train epoch 34, loss: 2.402103, train acc: 0.899226, train avg acc: 0.840051
Test epoch 34, loss: 2.351155, test acc: 0.898298, test avg acc: 0.839616
Train epoch 35, loss: 2.403736, train acc: 0.899226, train avg acc: 0.839922
Test epoch 35, loss: 2.362900, test acc: 0.905592, test avg acc: 0.857215
Train epoch 36, loss: 2.398752, train acc: 0.903400, train avg acc: 0.845636
Test epoch 36, loss: 2.352872, test acc: 0.891005, test avg acc: 0.841134
Train epoch 37, loss: 2.397357, train acc: 0.901262, train avg acc: 0.843565
Test epoch 37, loss: 2.362411, test acc: 0.892220, test avg acc: 0.838099
Train epoch 38, loss: 2.401230, train acc: 0.901364, train avg acc: 0.841243
Test epoch 38, loss: 2.355190, test acc: 0.906402, test avg acc: 0.851209
Train epoch 39, loss: 2.395570, train acc: 0.902993, train avg acc: 0.844983
Test epoch 39, loss: 2.373067, test acc: 0.900324, test avg acc: 0.850640
Train epoch 40, loss: 2.392336, train acc: 0.907980, train avg acc: 0.855469
Test epoch 40, loss: 2.355223, test acc: 0.894246, test avg acc: 0.850297
Train epoch 41, loss: 2.394580, train acc: 0.907777, train avg acc: 0.853273
Test epoch 41, loss: 2.372633, test acc: 0.876823, test avg acc: 0.839349
Train epoch 42, loss: 2.390668, train acc: 0.910220, train avg acc: 0.858174
Test epoch 42, loss: 2.360489, test acc: 0.912075, test avg acc: 0.848081
Train epoch 43, loss: 2.392872, train acc: 0.906657, train avg acc: 0.850956
Test epoch 43, loss: 2.413686, test acc: 0.876823, test avg acc: 0.829203
Train epoch 44, loss: 2.392494, train acc: 0.905843, train avg acc: 0.850070
Test epoch 44, loss: 2.347233, test acc: 0.905186, test avg acc: 0.869622
Train epoch 45, loss: 2.389652, train acc: 0.908184, train avg acc: 0.855530
Test epoch 45, loss: 2.354669, test acc: 0.895057, test avg acc: 0.841448
Train epoch 46, loss: 2.392329, train acc: 0.906861, train avg acc: 0.854044
Test epoch 46, loss: 2.359707, test acc: 0.891815, test avg acc: 0.840564
Train epoch 47, loss: 2.389211, train acc: 0.906148, train avg acc: 0.852272
Test epoch 47, loss: 2.369883, test acc: 0.889384, test avg acc: 0.847860
Train epoch 48, loss: 2.381542, train acc: 0.910831, train avg acc: 0.860726
Test epoch 48, loss: 2.383233, test acc: 0.881686, test avg acc: 0.835221
Train epoch 49, loss: 2.388965, train acc: 0.907675, train avg acc: 0.853731
Test epoch 49, loss: 2.355890, test acc: 0.899109, test avg acc: 0.859087
Train epoch 50, loss: 2.380866, train acc: 0.911849, train avg acc: 0.862764
Test epoch 50, loss: 2.362932, test acc: 0.884117, test avg acc: 0.855355
Train epoch 51, loss: 2.384860, train acc: 0.909406, train avg acc: 0.856407
Test epoch 51, loss: 2.363224, test acc: 0.895867, test avg acc: 0.849151
Train epoch 52, loss: 2.379700, train acc: 0.913477, train avg acc: 0.860847
Test epoch 52, loss: 2.383228, test acc: 0.886143, test avg acc: 0.841616
Train epoch 53, loss: 2.380603, train acc: 0.911543, train avg acc: 0.863297
Test epoch 53, loss: 2.344052, test acc: 0.911669, test avg acc: 0.866035
Train epoch 54, loss: 2.377655, train acc: 0.913070, train avg acc: 0.865587
Test epoch 54, loss: 2.365722, test acc: 0.899109, test avg acc: 0.846308
Train epoch 55, loss: 2.382197, train acc: 0.909813, train avg acc: 0.858896
Test epoch 55, loss: 2.345203, test acc: 0.901945, test avg acc: 0.859058
Train epoch 56, loss: 2.381907, train acc: 0.909304, train avg acc: 0.854871
Test epoch 56, loss: 2.358513, test acc: 0.900729, test avg acc: 0.840913
Train epoch 57, loss: 2.379254, train acc: 0.914800, train avg acc: 0.865520
Test epoch 57, loss: 2.352647, test acc: 0.897893, test avg acc: 0.849721
Train epoch 58, loss: 2.380568, train acc: 0.909813, train avg acc: 0.856376
Test epoch 58, loss: 2.359748, test acc: 0.898703, test avg acc: 0.853500
Train epoch 59, loss: 2.376407, train acc: 0.915106, train avg acc: 0.866714
Test epoch 59, loss: 2.374901, test acc: 0.885737, test avg acc: 0.853395
Train epoch 60, loss: 2.376009, train acc: 0.918363, train avg acc: 0.872712
Test epoch 60, loss: 2.341159, test acc: 0.896272, test avg acc: 0.840262
Train epoch 61, loss: 2.375746, train acc: 0.915106, train avg acc: 0.866934
Test epoch 61, loss: 2.373321, test acc: 0.892220, test avg acc: 0.847715
Train epoch 62, loss: 2.373941, train acc: 0.916531, train avg acc: 0.868213
Test epoch 62, loss: 2.347308, test acc: 0.899514, test avg acc: 0.858953
Train epoch 63, loss: 2.379418, train acc: 0.915106, train avg acc: 0.867042
Test epoch 63, loss: 2.348475, test acc: 0.905592, test avg acc: 0.862884
Train epoch 64, loss: 2.369874, train acc: 0.920603, train avg acc: 0.875187
Test epoch 64, loss: 2.367276, test acc: 0.901135, test avg acc: 0.869006
Train epoch 65, loss: 2.375738, train acc: 0.913681, train avg acc: 0.862977
Test epoch 65, loss: 2.349580, test acc: 0.891005, test avg acc: 0.836808
Train epoch 66, loss: 2.372947, train acc: 0.915920, train avg acc: 0.868938
Test epoch 66, loss: 2.348846, test acc: 0.900324, test avg acc: 0.862134
Train epoch 67, loss: 2.374455, train acc: 0.915717, train avg acc: 0.868396
Test epoch 67, loss: 2.353016, test acc: 0.890600, test avg acc: 0.850279
Train epoch 68, loss: 2.370119, train acc: 0.919279, train avg acc: 0.874124
Test epoch 68, loss: 2.327536, test acc: 0.910049, test avg acc: 0.867000
Train epoch 69, loss: 2.369035, train acc: 0.919890, train avg acc: 0.874386
Test epoch 69, loss: 2.367824, test acc: 0.902350, test avg acc: 0.858785
Train epoch 70, loss: 2.371043, train acc: 0.920399, train avg acc: 0.877927
Test epoch 70, loss: 2.331433, test acc: 0.909643, test avg acc: 0.861122
Train epoch 71, loss: 2.371042, train acc: 0.919890, train avg acc: 0.874236
Test epoch 71, loss: 2.331779, test acc: 0.906402, test avg acc: 0.863349
Train epoch 72, loss: 2.367714, train acc: 0.922537, train avg acc: 0.878930
Test epoch 72, loss: 2.408726, test acc: 0.875203, test avg acc: 0.854140
Train epoch 73, loss: 2.365012, train acc: 0.920501, train avg acc: 0.875872
Test epoch 73, loss: 2.363773, test acc: 0.908833, test avg acc: 0.864703
Train epoch 74, loss: 2.366972, train acc: 0.921519, train avg acc: 0.876174
Test epoch 74, loss: 2.338418, test acc: 0.910049, test avg acc: 0.879878
Train epoch 75, loss: 2.364908, train acc: 0.921315, train avg acc: 0.877482
Test epoch 75, loss: 2.351953, test acc: 0.900324, test avg acc: 0.860233
Train epoch 76, loss: 2.360704, train acc: 0.926405, train avg acc: 0.885255
Test epoch 76, loss: 2.352766, test acc: 0.910049, test avg acc: 0.874965
Train epoch 77, loss: 2.362386, train acc: 0.923453, train avg acc: 0.881709
Test epoch 77, loss: 2.351274, test acc: 0.896272, test avg acc: 0.855843
Train epoch 78, loss: 2.365631, train acc: 0.922028, train avg acc: 0.879983
Test epoch 78, loss: 2.334861, test acc: 0.903160, test avg acc: 0.856971
Train epoch 79, loss: 2.368560, train acc: 0.922842, train avg acc: 0.879921
Test epoch 79, loss: 2.374862, test acc: 0.887763, test avg acc: 0.848180
Train epoch 80, loss: 2.358500, train acc: 0.923758, train avg acc: 0.878903
Test epoch 80, loss: 2.342495, test acc: 0.900729, test avg acc: 0.855727
Train epoch 81, loss: 2.359833, train acc: 0.927524, train avg acc: 0.885052
Test epoch 81, loss: 2.358075, test acc: 0.908023, test avg acc: 0.850512
Train epoch 82, loss: 2.361946, train acc: 0.923046, train avg acc: 0.879251
Test epoch 82, loss: 2.336984, test acc: 0.898298, test avg acc: 0.850924
Train epoch 83, loss: 2.364503, train acc: 0.922944, train avg acc: 0.878487
Test epoch 83, loss: 2.343081, test acc: 0.896272, test avg acc: 0.839535
Train epoch 84, loss: 2.362546, train acc: 0.923249, train avg acc: 0.879719
Test epoch 84, loss: 2.337268, test acc: 0.896677, test avg acc: 0.861715
Train epoch 85, loss: 2.361511, train acc: 0.928950, train avg acc: 0.886572
Test epoch 85, loss: 2.359313, test acc: 0.904781, test avg acc: 0.859669
Train epoch 86, loss: 2.358522, train acc: 0.924674, train avg acc: 0.880888
Test epoch 86, loss: 2.328195, test acc: 0.914100, test avg acc: 0.859471
Train epoch 87, loss: 2.368182, train acc: 0.922944, train avg acc: 0.880329
Test epoch 87, loss: 2.347045, test acc: 0.898298, test avg acc: 0.822721
Train epoch 88, loss: 2.353497, train acc: 0.929662, train avg acc: 0.888671
Test epoch 88, loss: 2.326776, test acc: 0.916532, test avg acc: 0.880297
Train epoch 89, loss: 2.354972, train acc: 0.929255, train avg acc: 0.888801
Test epoch 89, loss: 2.389889, test acc: 0.893436, test avg acc: 0.849384
Train epoch 90, loss: 2.354319, train acc: 0.928033, train avg acc: 0.886670
Test epoch 90, loss: 2.333346, test acc: 0.910859, test avg acc: 0.853715
Train epoch 91, loss: 2.356638, train acc: 0.928644, train avg acc: 0.887251
Test epoch 91, loss: 2.330419, test acc: 0.907212, test avg acc: 0.861052
Train epoch 92, loss: 2.361073, train acc: 0.926201, train avg acc: 0.883655
Test epoch 92, loss: 2.334178, test acc: 0.905592, test avg acc: 0.864965
Train epoch 93, loss: 2.363429, train acc: 0.922740, train avg acc: 0.881215
Test epoch 93, loss: 2.328043, test acc: 0.910454, test avg acc: 0.859244
Train epoch 94, loss: 2.357658, train acc: 0.929255, train avg acc: 0.889606
Test epoch 94, loss: 2.340363, test acc: 0.903971, test avg acc: 0.848552
Train epoch 95, loss: 2.359208, train acc: 0.922944, train avg acc: 0.877976
Test epoch 95, loss: 2.322038, test acc: 0.921394, test avg acc: 0.879453
Train epoch 96, loss: 2.353990, train acc: 0.928441, train avg acc: 0.888439
Test epoch 96, loss: 2.332520, test acc: 0.917342, test avg acc: 0.880343
Train epoch 97, loss: 2.357579, train acc: 0.927219, train avg acc: 0.885081
Test epoch 97, loss: 2.328977, test acc: 0.909643, test avg acc: 0.869203
Train epoch 98, loss: 2.361866, train acc: 0.921621, train avg acc: 0.875457
Test epoch 98, loss: 2.349710, test acc: 0.895057, test avg acc: 0.840262
Train epoch 99, loss: 2.352431, train acc: 0.931393, train avg acc: 0.893595
Test epoch 99, loss: 2.367744, test acc: 0.905592, test avg acc: 0.867843
Train epoch 100, loss: 2.354761, train acc: 0.925896, train avg acc: 0.883896
Test epoch 100, loss: 2.332366, test acc: 0.898298, test avg acc: 0.860663
Train epoch 101, loss: 2.351521, train acc: 0.929662, train avg acc: 0.887949
Test epoch 101, loss: 2.374089, test acc: 0.895462, test avg acc: 0.861831
Train epoch 102, loss: 2.357110, train acc: 0.925183, train avg acc: 0.883384
Test epoch 102, loss: 2.339868, test acc: 0.903566, test avg acc: 0.864331
Train epoch 103, loss: 2.354327, train acc: 0.927219, train avg acc: 0.886529
Test epoch 103, loss: 2.365605, test acc: 0.890194, test avg acc: 0.857436
Train epoch 104, loss: 2.355477, train acc: 0.926507, train avg acc: 0.883680
Test epoch 104, loss: 2.335626, test acc: 0.907212, test avg acc: 0.867337
Train epoch 105, loss: 2.355064, train acc: 0.928237, train avg acc: 0.887792
Test epoch 105, loss: 2.360815, test acc: 0.900729, test avg acc: 0.862663
Train epoch 106, loss: 2.346811, train acc: 0.933021, train avg acc: 0.895801
Test epoch 106, loss: 2.334372, test acc: 0.907212, test avg acc: 0.869703
Train epoch 107, loss: 2.352517, train acc: 0.931393, train avg acc: 0.893073
Test epoch 107, loss: 2.350509, test acc: 0.899514, test avg acc: 0.872000
Train epoch 108, loss: 2.347518, train acc: 0.933428, train avg acc: 0.894228
Test epoch 108, loss: 2.409962, test acc: 0.900324, test avg acc: 0.862512
Train epoch 109, loss: 2.352934, train acc: 0.929458, train avg acc: 0.888707
Test epoch 109, loss: 2.372213, test acc: 0.895867, test avg acc: 0.845430
Train epoch 110, loss: 2.350028, train acc: 0.932410, train avg acc: 0.893779
Test epoch 110, loss: 2.349313, test acc: 0.901540, test avg acc: 0.863878
Train epoch 111, loss: 2.352012, train acc: 0.929967, train avg acc: 0.891757
Test epoch 111, loss: 2.355575, test acc: 0.899109, test avg acc: 0.838971
Train epoch 112, loss: 2.347462, train acc: 0.934141, train avg acc: 0.896089
Test epoch 112, loss: 2.335571, test acc: 0.906402, test avg acc: 0.875506
Train epoch 113, loss: 2.349946, train acc: 0.932512, train avg acc: 0.895518
Test epoch 113, loss: 2.345836, test acc: 0.906807, test avg acc: 0.874343
Train epoch 114, loss: 2.350212, train acc: 0.929051, train avg acc: 0.888968
Test epoch 114, loss: 2.375391, test acc: 0.898298, test avg acc: 0.862110
Train epoch 115, loss: 2.351136, train acc: 0.928950, train avg acc: 0.888096
Test epoch 115, loss: 2.366589, test acc: 0.894652, test avg acc: 0.866709
Train epoch 116, loss: 2.350942, train acc: 0.933225, train avg acc: 0.895003
Test epoch 116, loss: 2.336526, test acc: 0.917342, test avg acc: 0.882802
Train epoch 117, loss: 2.348797, train acc: 0.931596, train avg acc: 0.893452
Test epoch 117, loss: 2.340470, test acc: 0.893841, test avg acc: 0.850878
Train epoch 118, loss: 2.350920, train acc: 0.929967, train avg acc: 0.890543
Test epoch 118, loss: 2.323851, test acc: 0.911669, test avg acc: 0.866581
Train epoch 119, loss: 2.341086, train acc: 0.938213, train avg acc: 0.902279
Test epoch 119, loss: 2.326020, test acc: 0.906402, test avg acc: 0.861512
Train epoch 120, loss: 2.346703, train acc: 0.933428, train avg acc: 0.894558
Test epoch 120, loss: 2.363716, test acc: 0.909643, test avg acc: 0.842262
Train epoch 121, loss: 2.341913, train acc: 0.934039, train avg acc: 0.897745
Test epoch 121, loss: 2.335451, test acc: 0.912480, test avg acc: 0.874837
Train epoch 122, loss: 2.347057, train acc: 0.933327, train avg acc: 0.892380
Test epoch 122, loss: 2.341822, test acc: 0.909238, test avg acc: 0.858343
Train epoch 123, loss: 2.345087, train acc: 0.935871, train avg acc: 0.899020
Test epoch 123, loss: 2.338887, test acc: 0.912480, test avg acc: 0.866709
Train epoch 124, loss: 2.344100, train acc: 0.934446, train avg acc: 0.897560
Test epoch 124, loss: 2.353789, test acc: 0.900324, test avg acc: 0.861297
Train epoch 125, loss: 2.344013, train acc: 0.930985, train avg acc: 0.893026
Test epoch 125, loss: 2.344833, test acc: 0.904781, test avg acc: 0.869291
Train epoch 126, loss: 2.345567, train acc: 0.934344, train avg acc: 0.895831
Test epoch 126, loss: 2.353052, test acc: 0.887763, test avg acc: 0.852180
Train epoch 127, loss: 2.344143, train acc: 0.936380, train avg acc: 0.904227
Test epoch 127, loss: 2.335294, test acc: 0.907618, test avg acc: 0.861099
Train epoch 128, loss: 2.345854, train acc: 0.931393, train avg acc: 0.895419
Test epoch 128, loss: 2.345238, test acc: 0.903160, test avg acc: 0.871395
Train epoch 129, loss: 2.341016, train acc: 0.935159, train avg acc: 0.897319
Test epoch 129, loss: 2.341036, test acc: 0.896677, test avg acc: 0.877314
Train epoch 130, loss: 2.341110, train acc: 0.936177, train avg acc: 0.899391
Test epoch 130, loss: 2.335511, test acc: 0.911264, test avg acc: 0.871134
Train epoch 131, loss: 2.343742, train acc: 0.932512, train avg acc: 0.893437
Test epoch 131, loss: 2.355043, test acc: 0.902350, test avg acc: 0.855936
Train epoch 132, loss: 2.341076, train acc: 0.935261, train avg acc: 0.899248
Test epoch 132, loss: 2.337174, test acc: 0.904781, test avg acc: 0.872128
Train epoch 133, loss: 2.336050, train acc: 0.939129, train avg acc: 0.905928
Test epoch 133, loss: 2.323613, test acc: 0.912480, test avg acc: 0.876041
Train epoch 134, loss: 2.346181, train acc: 0.933225, train avg acc: 0.895284
Test epoch 134, loss: 2.349840, test acc: 0.894652, test avg acc: 0.873064
Train epoch 135, loss: 2.337684, train acc: 0.934752, train avg acc: 0.895084
Test epoch 135, loss: 2.324031, test acc: 0.903160, test avg acc: 0.865337
Train epoch 136, loss: 2.336255, train acc: 0.941368, train avg acc: 0.906940
Test epoch 136, loss: 2.356610, test acc: 0.901135, test avg acc: 0.859360
Train epoch 137, loss: 2.338510, train acc: 0.938416, train avg acc: 0.903101
Test epoch 137, loss: 2.356733, test acc: 0.891005, test avg acc: 0.860343
Train epoch 138, loss: 2.335875, train acc: 0.937398, train avg acc: 0.901387
Test epoch 138, loss: 2.349933, test acc: 0.900324, test avg acc: 0.876419
Train epoch 139, loss: 2.336619, train acc: 0.939129, train avg acc: 0.905677
Test epoch 139, loss: 2.335987, test acc: 0.905592, test avg acc: 0.858750
Train epoch 140, loss: 2.341040, train acc: 0.936991, train avg acc: 0.901912
Test epoch 140, loss: 2.329461, test acc: 0.908428, test avg acc: 0.877913
Train epoch 141, loss: 2.338592, train acc: 0.938518, train avg acc: 0.904668
Test epoch 141, loss: 2.318428, test acc: 0.914100, test avg acc: 0.884087
Train epoch 142, loss: 2.336746, train acc: 0.938823, train avg acc: 0.904576
Test epoch 142, loss: 2.360372, test acc: 0.893031, test avg acc: 0.872174
Train epoch 143, loss: 2.332357, train acc: 0.938925, train avg acc: 0.902645
Test epoch 143, loss: 2.317841, test acc: 0.909238, test avg acc: 0.877465
Train epoch 144, loss: 2.337802, train acc: 0.934853, train avg acc: 0.896449
Test epoch 144, loss: 2.307656, test acc: 0.919773, test avg acc: 0.886244
Train epoch 145, loss: 2.337809, train acc: 0.937805, train avg acc: 0.906293
Test epoch 145, loss: 2.335640, test acc: 0.905997, test avg acc: 0.867372
Train epoch 146, loss: 2.334414, train acc: 0.939739, train avg acc: 0.906870
Test epoch 146, loss: 2.349051, test acc: 0.902755, test avg acc: 0.850919
Train epoch 147, loss: 2.334130, train acc: 0.941775, train avg acc: 0.906671
Test epoch 147, loss: 2.372911, test acc: 0.888169, test avg acc: 0.862994
Train epoch 148, loss: 2.329096, train acc: 0.940859, train avg acc: 0.907437
Test epoch 148, loss: 2.379279, test acc: 0.892220, test avg acc: 0.866099
Train epoch 149, loss: 2.335700, train acc: 0.939129, train avg acc: 0.904772
Test epoch 149, loss: 2.360109, test acc: 0.899109, test avg acc: 0.846134
Train epoch 150, loss: 2.334501, train acc: 0.941368, train avg acc: 0.906399
Test epoch 150, loss: 2.339194, test acc: 0.893841, test avg acc: 0.846948
Train epoch 151, loss: 2.338598, train acc: 0.935973, train avg acc: 0.899684
Test epoch 151, loss: 2.339998, test acc: 0.913695, test avg acc: 0.873936
Train epoch 152, loss: 2.335943, train acc: 0.938518, train avg acc: 0.908588
Test epoch 152, loss: 2.322017, test acc: 0.914911, test avg acc: 0.878215
Train epoch 153, loss: 2.330089, train acc: 0.941164, train avg acc: 0.909761
Test epoch 153, loss: 2.337579, test acc: 0.905997, test avg acc: 0.873140
Train epoch 154, loss: 2.327673, train acc: 0.942081, train avg acc: 0.908399
Test epoch 154, loss: 2.351349, test acc: 0.899919, test avg acc: 0.853105
Train epoch 155, loss: 2.339201, train acc: 0.935871, train avg acc: 0.901938
Test epoch 155, loss: 2.363844, test acc: 0.890600, test avg acc: 0.868349
Train epoch 156, loss: 2.333188, train acc: 0.941164, train avg acc: 0.908490
Test epoch 156, loss: 2.416122, test acc: 0.901135, test avg acc: 0.847163
Train epoch 157, loss: 2.336372, train acc: 0.938416, train avg acc: 0.904298
Test epoch 157, loss: 2.330583, test acc: 0.907618, test avg acc: 0.884581
Train epoch 158, loss: 2.330352, train acc: 0.941368, train avg acc: 0.908710
Test epoch 158, loss: 2.346214, test acc: 0.910859, test avg acc: 0.860169
Train epoch 159, loss: 2.328214, train acc: 0.940859, train avg acc: 0.906746
Test epoch 159, loss: 2.337654, test acc: 0.905997, test avg acc: 0.865750
Train epoch 160, loss: 2.335277, train acc: 0.939027, train avg acc: 0.905378
Test epoch 160, loss: 2.342196, test acc: 0.900729, test avg acc: 0.863767
Train epoch 161, loss: 2.339708, train acc: 0.938111, train avg acc: 0.904496
Test epoch 161, loss: 2.324966, test acc: 0.916937, test avg acc: 0.877128
Train epoch 162, loss: 2.330803, train acc: 0.943506, train avg acc: 0.912744
Test epoch 162, loss: 2.338208, test acc: 0.911669, test avg acc: 0.872000
Train epoch 163, loss: 2.329023, train acc: 0.943913, train avg acc: 0.911556
Test epoch 163, loss: 2.321528, test acc: 0.911264, test avg acc: 0.879343
Train epoch 164, loss: 2.327257, train acc: 0.943200, train avg acc: 0.909175
Test epoch 164, loss: 2.358480, test acc: 0.916126, test avg acc: 0.876884
Train epoch 165, loss: 2.332561, train acc: 0.940859, train avg acc: 0.906488
Test epoch 165, loss: 2.321437, test acc: 0.913290, test avg acc: 0.868366
Train epoch 166, loss: 2.326704, train acc: 0.942284, train avg acc: 0.910674
Test epoch 166, loss: 2.354477, test acc: 0.903160, test avg acc: 0.853767
Train epoch 167, loss: 2.331372, train acc: 0.939841, train avg acc: 0.906646
Test epoch 167, loss: 2.341328, test acc: 0.908833, test avg acc: 0.878017
Train epoch 168, loss: 2.328391, train acc: 0.940656, train avg acc: 0.907072
Test epoch 168, loss: 2.320698, test acc: 0.910859, test avg acc: 0.873843
Train epoch 169, loss: 2.315988, train acc: 0.950428, train avg acc: 0.922751
Test epoch 169, loss: 2.335543, test acc: 0.915721, test avg acc: 0.867326
Train epoch 170, loss: 2.327504, train acc: 0.942386, train avg acc: 0.912648
Test epoch 170, loss: 2.317920, test acc: 0.908428, test avg acc: 0.860703
Train epoch 171, loss: 2.327125, train acc: 0.943302, train avg acc: 0.911151
Test epoch 171, loss: 2.325426, test acc: 0.907212, test avg acc: 0.862477
Train epoch 172, loss: 2.322844, train acc: 0.947374, train avg acc: 0.916492
Test epoch 172, loss: 2.337670, test acc: 0.903971, test avg acc: 0.844384
Train epoch 173, loss: 2.327926, train acc: 0.945542, train avg acc: 0.915914
Test epoch 173, loss: 2.321963, test acc: 0.909238, test avg acc: 0.867878
Train epoch 174, loss: 2.328990, train acc: 0.941673, train avg acc: 0.910563
Test epoch 174, loss: 2.328201, test acc: 0.901945, test avg acc: 0.864436
Train epoch 175, loss: 2.329575, train acc: 0.943302, train avg acc: 0.910530
Test epoch 175, loss: 2.322422, test acc: 0.912075, test avg acc: 0.886872
Train epoch 176, loss: 2.326406, train acc: 0.943099, train avg acc: 0.911374
Test epoch 176, loss: 2.372040, test acc: 0.886548, test avg acc: 0.833680
Train epoch 177, loss: 2.324052, train acc: 0.945338, train avg acc: 0.912701
Test epoch 177, loss: 2.333353, test acc: 0.911669, test avg acc: 0.873047
Train epoch 178, loss: 2.321275, train acc: 0.946152, train avg acc: 0.915504
Test epoch 178, loss: 2.316676, test acc: 0.914911, test avg acc: 0.872791
Train epoch 179, loss: 2.324862, train acc: 0.944625, train avg acc: 0.913367
Test epoch 179, loss: 2.320698, test acc: 0.921394, test avg acc: 0.888663
Train epoch 180, loss: 2.326114, train acc: 0.943200, train avg acc: 0.911557
Test epoch 180, loss: 2.308346, test acc: 0.914911, test avg acc: 0.870547
Train epoch 181, loss: 2.321553, train acc: 0.945134, train avg acc: 0.914438
Test epoch 181, loss: 2.325293, test acc: 0.916937, test avg acc: 0.891971
Train epoch 182, loss: 2.318706, train acc: 0.946865, train avg acc: 0.919269
Test epoch 182, loss: 2.318157, test acc: 0.909643, test avg acc: 0.869977
Train epoch 183, loss: 2.328602, train acc: 0.942182, train avg acc: 0.912063
Test epoch 183, loss: 2.314256, test acc: 0.916937, test avg acc: 0.879744
Train epoch 184, loss: 2.319877, train acc: 0.946559, train avg acc: 0.916843
Test epoch 184, loss: 2.361760, test acc: 0.912885, test avg acc: 0.873680
Train epoch 185, loss: 2.321225, train acc: 0.947068, train avg acc: 0.916331
Test epoch 185, loss: 2.323428, test acc: 0.911669, test avg acc: 0.883413
Train epoch 186, loss: 2.318159, train acc: 0.948392, train avg acc: 0.920303
Test epoch 186, loss: 2.342998, test acc: 0.899919, test avg acc: 0.865727
Train epoch 187, loss: 2.316805, train acc: 0.950326, train avg acc: 0.921021
Test epoch 187, loss: 2.328493, test acc: 0.916126, test avg acc: 0.886541
Train epoch 188, loss: 2.321243, train acc: 0.946967, train avg acc: 0.919582
Test epoch 188, loss: 2.321126, test acc: 0.915316, test avg acc: 0.877674
Train epoch 189, loss: 2.314907, train acc: 0.950936, train avg acc: 0.919944
Test epoch 189, loss: 2.339937, test acc: 0.903971, test avg acc: 0.864686
Train epoch 190, loss: 2.320637, train acc: 0.948392, train avg acc: 0.917875
Test epoch 190, loss: 2.329590, test acc: 0.909643, test avg acc: 0.889384
Train epoch 191, loss: 2.322409, train acc: 0.944625, train avg acc: 0.914646
Test epoch 191, loss: 2.361977, test acc: 0.897488, test avg acc: 0.860331
Train epoch 192, loss: 2.321339, train acc: 0.946967, train avg acc: 0.917625
Test epoch 192, loss: 2.335230, test acc: 0.906402, test avg acc: 0.870122
Train epoch 193, loss: 2.318040, train acc: 0.949410, train avg acc: 0.920716
Test epoch 193, loss: 2.317603, test acc: 0.917342, test avg acc: 0.881000
Train epoch 194, loss: 2.317540, train acc: 0.948188, train avg acc: 0.916948
Test epoch 194, loss: 2.318351, test acc: 0.921394, test avg acc: 0.875041
Train epoch 195, loss: 2.321108, train acc: 0.945134, train avg acc: 0.913880
Test epoch 195, loss: 2.308297, test acc: 0.914506, test avg acc: 0.883547
Train epoch 196, loss: 2.320926, train acc: 0.945745, train avg acc: 0.914609
Test epoch 196, loss: 2.340622, test acc: 0.907212, test avg acc: 0.875169
Train epoch 197, loss: 2.319948, train acc: 0.946967, train avg acc: 0.916007
Test epoch 197, loss: 2.323794, test acc: 0.903566, test avg acc: 0.874128
Train epoch 198, loss: 2.314002, train acc: 0.951954, train avg acc: 0.922858
Test epoch 198, loss: 2.315184, test acc: 0.919773, test avg acc: 0.882244
Train epoch 199, loss: 2.318605, train acc: 0.945847, train avg acc: 0.917748
Test epoch 199, loss: 2.315547, test acc: 0.913695, test avg acc: 0.873587
Train epoch 200, loss: 2.312013, train acc: 0.952769, train avg acc: 0.924914
Test epoch 200, loss: 2.308244, test acc: 0.909238, test avg acc: 0.882122
Train epoch 201, loss: 2.309713, train acc: 0.952667, train avg acc: 0.928353
Test epoch 201, loss: 2.317957, test acc: 0.911264, test avg acc: 0.877797
Train epoch 202, loss: 2.317576, train acc: 0.948392, train avg acc: 0.919767
Test epoch 202, loss: 2.328091, test acc: 0.908023, test avg acc: 0.866279
Train epoch 203, loss: 2.314808, train acc: 0.949613, train avg acc: 0.920761
Test epoch 203, loss: 2.345350, test acc: 0.905186, test avg acc: 0.866535
Train epoch 204, loss: 2.316306, train acc: 0.949410, train avg acc: 0.920057
Test epoch 204, loss: 2.349212, test acc: 0.898703, test avg acc: 0.874163
Train epoch 205, loss: 2.314002, train acc: 0.949919, train avg acc: 0.923368
Test epoch 205, loss: 2.307218, test acc: 0.915721, test avg acc: 0.882494
Train epoch 206, loss: 2.311262, train acc: 0.953379, train avg acc: 0.926877
Test epoch 206, loss: 2.322894, test acc: 0.907618, test avg acc: 0.873878
Train epoch 207, loss: 2.311023, train acc: 0.950224, train avg acc: 0.925046
Test epoch 207, loss: 2.336145, test acc: 0.903160, test avg acc: 0.874744
Train epoch 208, loss: 2.314710, train acc: 0.948799, train avg acc: 0.920058
Test epoch 208, loss: 2.334105, test acc: 0.905186, test avg acc: 0.876238
Train epoch 209, loss: 2.315145, train acc: 0.947985, train avg acc: 0.918925
Test epoch 209, loss: 2.316965, test acc: 0.916532, test avg acc: 0.890372
Train epoch 210, loss: 2.313041, train acc: 0.950326, train avg acc: 0.921543
Test epoch 210, loss: 2.309206, test acc: 0.911669, test avg acc: 0.879762
Train epoch 211, loss: 2.308373, train acc: 0.954499, train avg acc: 0.928210
Test epoch 211, loss: 2.306737, test acc: 0.919368, test avg acc: 0.875047
Train epoch 212, loss: 2.312891, train acc: 0.950122, train avg acc: 0.923979
Test epoch 212, loss: 2.319239, test acc: 0.907618, test avg acc: 0.875047
Train epoch 213, loss: 2.309162, train acc: 0.950428, train avg acc: 0.925137
Test epoch 213, loss: 2.345724, test acc: 0.911669, test avg acc: 0.880174
Train epoch 214, loss: 2.310625, train acc: 0.952463, train avg acc: 0.925512
Test epoch 214, loss: 2.314791, test acc: 0.908428, test avg acc: 0.873337
Train epoch 215, loss: 2.314918, train acc: 0.946865, train avg acc: 0.917322
Test epoch 215, loss: 2.305544, test acc: 0.920583, test avg acc: 0.878541
Train epoch 216, loss: 2.305931, train acc: 0.954601, train avg acc: 0.928772
Test epoch 216, loss: 2.324943, test acc: 0.907618, test avg acc: 0.875878
Train epoch 217, loss: 2.311383, train acc: 0.953278, train avg acc: 0.924548
Test epoch 217, loss: 2.341191, test acc: 0.914100, test avg acc: 0.882837
Train epoch 218, loss: 2.303249, train acc: 0.955721, train avg acc: 0.933771
Test epoch 218, loss: 2.317117, test acc: 0.912075, test avg acc: 0.868837
Train epoch 219, loss: 2.307953, train acc: 0.953685, train avg acc: 0.927344
Test epoch 219, loss: 2.336567, test acc: 0.907618, test avg acc: 0.883610
Train epoch 220, loss: 2.307975, train acc: 0.955619, train avg acc: 0.931974
Test epoch 220, loss: 2.318745, test acc: 0.914506, test avg acc: 0.883884
Train epoch 221, loss: 2.307834, train acc: 0.953278, train avg acc: 0.927122
Test epoch 221, loss: 2.354485, test acc: 0.903971, test avg acc: 0.865593
Train epoch 222, loss: 2.307519, train acc: 0.955110, train avg acc: 0.930700
Test epoch 222, loss: 2.343030, test acc: 0.912480, test avg acc: 0.880203
Train epoch 223, loss: 2.308135, train acc: 0.951853, train avg acc: 0.924631
Test epoch 223, loss: 2.299888, test acc: 0.923420, test avg acc: 0.884372
Train epoch 224, loss: 2.309669, train acc: 0.953176, train avg acc: 0.928419
Test epoch 224, loss: 2.352135, test acc: 0.907618, test avg acc: 0.864227
Train epoch 225, loss: 2.301858, train acc: 0.957451, train avg acc: 0.934999
Test epoch 225, loss: 2.329279, test acc: 0.905997, test avg acc: 0.875581
Train epoch 226, loss: 2.302867, train acc: 0.953888, train avg acc: 0.927456
Test epoch 226, loss: 2.324156, test acc: 0.915316, test avg acc: 0.882738
Train epoch 227, loss: 2.300855, train acc: 0.959589, train avg acc: 0.935794
Test epoch 227, loss: 2.328185, test acc: 0.914100, test avg acc: 0.880541
Train epoch 228, loss: 2.305163, train acc: 0.955008, train avg acc: 0.928338
Test epoch 228, loss: 2.311920, test acc: 0.910049, test avg acc: 0.882372
Train epoch 229, loss: 2.305596, train acc: 0.955008, train avg acc: 0.928310
Test epoch 229, loss: 2.305202, test acc: 0.918558, test avg acc: 0.880924
Train epoch 230, loss: 2.296511, train acc: 0.957349, train avg acc: 0.934621
Test epoch 230, loss: 2.312353, test acc: 0.917342, test avg acc: 0.892698
Train epoch 231, loss: 2.298343, train acc: 0.960912, train avg acc: 0.937995
Test epoch 231, loss: 2.320303, test acc: 0.906807, test avg acc: 0.874674
Train epoch 232, loss: 2.298919, train acc: 0.959589, train avg acc: 0.936240
Test epoch 232, loss: 2.310663, test acc: 0.919773, test avg acc: 0.880331
Train epoch 233, loss: 2.297816, train acc: 0.958062, train avg acc: 0.932511
Test epoch 233, loss: 2.318324, test acc: 0.912480, test avg acc: 0.869343
Train epoch 234, loss: 2.300733, train acc: 0.956840, train avg acc: 0.932859
Test epoch 234, loss: 2.307764, test acc: 0.910454, test avg acc: 0.860244
Train epoch 235, loss: 2.297221, train acc: 0.960301, train avg acc: 0.937542
Test epoch 235, loss: 2.302531, test acc: 0.922204, test avg acc: 0.878663
Train epoch 236, loss: 2.303025, train acc: 0.956230, train avg acc: 0.930742
Test epoch 236, loss: 2.325094, test acc: 0.903566, test avg acc: 0.877808
Train epoch 237, loss: 2.301084, train acc: 0.957248, train avg acc: 0.935478
Test epoch 237, loss: 2.314042, test acc: 0.920178, test avg acc: 0.880994
Train epoch 238, loss: 2.303238, train acc: 0.954906, train avg acc: 0.930756
Test epoch 238, loss: 2.438852, test acc: 0.871961, test avg acc: 0.835186
Train epoch 239, loss: 2.298241, train acc: 0.959182, train avg acc: 0.937436
Test epoch 239, loss: 2.304366, test acc: 0.923420, test avg acc: 0.879907
Train epoch 240, loss: 2.296673, train acc: 0.959589, train avg acc: 0.936817
Test epoch 240, loss: 2.313337, test acc: 0.918558, test avg acc: 0.888622
Train epoch 241, loss: 2.299036, train acc: 0.959385, train avg acc: 0.937721
Test epoch 241, loss: 2.306526, test acc: 0.920583, test avg acc: 0.883506
Train epoch 242, loss: 2.297888, train acc: 0.957960, train avg acc: 0.932477
Test epoch 242, loss: 2.298744, test acc: 0.921799, test avg acc: 0.878622
Train epoch 243, loss: 2.297789, train acc: 0.960505, train avg acc: 0.937084
Test epoch 243, loss: 2.301875, test acc: 0.922609, test avg acc: 0.883866
Train epoch 244, loss: 2.294177, train acc: 0.964271, train avg acc: 0.945384
Test epoch 244, loss: 2.301508, test acc: 0.920989, test avg acc: 0.881994
Train epoch 245, loss: 2.299854, train acc: 0.956230, train avg acc: 0.931585
Test epoch 245, loss: 2.311840, test acc: 0.911264, test avg acc: 0.877488
Train epoch 246, loss: 2.296134, train acc: 0.960505, train avg acc: 0.935839
Test epoch 246, loss: 2.316471, test acc: 0.916532, test avg acc: 0.887378
Train epoch 247, loss: 2.289968, train acc: 0.962439, train avg acc: 0.942856
Test epoch 247, loss: 2.310775, test acc: 0.914506, test avg acc: 0.878703
Train epoch 248, loss: 2.294163, train acc: 0.962948, train avg acc: 0.942921
Test epoch 248, loss: 2.298624, test acc: 0.919773, test avg acc: 0.883250
Train epoch 249, loss: 2.300604, train acc: 0.957248, train avg acc: 0.934105
Test epoch 249, loss: 2.303930, test acc: 0.914911, test avg acc: 0.876122
Train epoch 250, loss: 2.292825, train acc: 0.961930, train avg acc: 0.941528
Test epoch 250, loss: 2.314408, test acc: 0.909643, test avg acc: 0.887035
Train epoch 251, loss: 2.296193, train acc: 0.959283, train avg acc: 0.935020
Test epoch 251, loss: 2.297783, test acc: 0.919773, test avg acc: 0.874663
Train epoch 252, loss: 2.292667, train acc: 0.960098, train avg acc: 0.936839
Test epoch 252, loss: 2.312298, test acc: 0.917342, test avg acc: 0.876762
Train epoch 253, loss: 2.291327, train acc: 0.959182, train avg acc: 0.935827
Test epoch 253, loss: 2.300627, test acc: 0.920989, test avg acc: 0.888413
Train epoch 254, loss: 2.289781, train acc: 0.963559, train avg acc: 0.943532
Test epoch 254, loss: 2.315422, test acc: 0.919368, test avg acc: 0.889326
Train epoch 255, loss: 2.289785, train acc: 0.962134, train avg acc: 0.942816
Test epoch 255, loss: 2.307948, test acc: 0.912480, test avg acc: 0.879541
Train epoch 256, loss: 2.298810, train acc: 0.957960, train avg acc: 0.933747
Test epoch 256, loss: 2.317331, test acc: 0.916532, test avg acc: 0.881663
Train epoch 257, loss: 2.294733, train acc: 0.958774, train avg acc: 0.935324
Test epoch 257, loss: 2.301754, test acc: 0.915316, test avg acc: 0.878919
Train epoch 258, loss: 2.296916, train acc: 0.958062, train avg acc: 0.934039
Test epoch 258, loss: 2.337603, test acc: 0.921799, test avg acc: 0.884413
Train epoch 259, loss: 2.290457, train acc: 0.964780, train avg acc: 0.946502
Test epoch 259, loss: 2.310684, test acc: 0.909643, test avg acc: 0.879791
Train epoch 260, loss: 2.291312, train acc: 0.959996, train avg acc: 0.939502
Test epoch 260, loss: 2.309401, test acc: 0.910049, test avg acc: 0.878244
Train epoch 261, loss: 2.290176, train acc: 0.962643, train avg acc: 0.940854
Test epoch 261, loss: 2.339766, test acc: 0.897083, test avg acc: 0.872244
Train epoch 262, loss: 2.283771, train acc: 0.967223, train avg acc: 0.947863
Test epoch 262, loss: 2.314517, test acc: 0.918558, test avg acc: 0.892076
Train epoch 263, loss: 2.288007, train acc: 0.963151, train avg acc: 0.942519
Test epoch 263, loss: 2.313395, test acc: 0.912075, test avg acc: 0.872000
Train epoch 264, loss: 2.286893, train acc: 0.965391, train avg acc: 0.946925
Test epoch 264, loss: 2.302087, test acc: 0.911264, test avg acc: 0.879715
Train epoch 265, loss: 2.288350, train acc: 0.962744, train avg acc: 0.942512
Test epoch 265, loss: 2.315205, test acc: 0.910049, test avg acc: 0.865628
Train epoch 266, loss: 2.290857, train acc: 0.962744, train avg acc: 0.943659
Test epoch 266, loss: 2.360867, test acc: 0.882496, test avg acc: 0.847965
Train epoch 267, loss: 2.286150, train acc: 0.964475, train avg acc: 0.943643
Test epoch 267, loss: 2.320642, test acc: 0.920178, test avg acc: 0.875622
Train epoch 268, loss: 2.284427, train acc: 0.964678, train avg acc: 0.946622
Test epoch 268, loss: 2.310296, test acc: 0.914506, test avg acc: 0.887413
Train epoch 269, loss: 2.289729, train acc: 0.963355, train avg acc: 0.943780
Test epoch 269, loss: 2.305925, test acc: 0.913290, test avg acc: 0.873413
Train epoch 270, loss: 2.286597, train acc: 0.965289, train avg acc: 0.943774
Test epoch 270, loss: 2.306896, test acc: 0.906807, test avg acc: 0.873163
Train epoch 271, loss: 2.286178, train acc: 0.965187, train avg acc: 0.944884
Test epoch 271, loss: 2.310240, test acc: 0.916532, test avg acc: 0.889622
Train epoch 272, loss: 2.292042, train acc: 0.962744, train avg acc: 0.942733
Test epoch 272, loss: 2.305908, test acc: 0.920583, test avg acc: 0.886209
Train epoch 273, loss: 2.287394, train acc: 0.963762, train avg acc: 0.944526
Test epoch 273, loss: 2.314718, test acc: 0.916937, test avg acc: 0.887163
Train epoch 274, loss: 2.288478, train acc: 0.961421, train avg acc: 0.940011
Test epoch 274, loss: 2.323503, test acc: 0.902350, test avg acc: 0.878878
Train epoch 275, loss: 2.284829, train acc: 0.966511, train avg acc: 0.947053
Test epoch 275, loss: 2.308039, test acc: 0.908428, test avg acc: 0.871047
Train epoch 276, loss: 2.287976, train acc: 0.962439, train avg acc: 0.942107
Test epoch 276, loss: 2.312820, test acc: 0.912075, test avg acc: 0.881448
Train epoch 277, loss: 2.283625, train acc: 0.963966, train avg acc: 0.944912
Test epoch 277, loss: 2.316092, test acc: 0.905592, test avg acc: 0.872424
Train epoch 278, loss: 2.282341, train acc: 0.966918, train avg acc: 0.947740
Test epoch 278, loss: 2.304604, test acc: 0.908428, test avg acc: 0.883285
Train epoch 279, loss: 2.282607, train acc: 0.966918, train avg acc: 0.947430
Test epoch 279, loss: 2.304163, test acc: 0.913695, test avg acc: 0.866116
Train epoch 280, loss: 2.287693, train acc: 0.962337, train avg acc: 0.940682
Test epoch 280, loss: 2.309218, test acc: 0.914506, test avg acc: 0.872413
Train epoch 281, loss: 2.282057, train acc: 0.964373, train avg acc: 0.943817
Test epoch 281, loss: 2.298975, test acc: 0.917342, test avg acc: 0.888116
Train epoch 282, loss: 2.282837, train acc: 0.964780, train avg acc: 0.946979
Test epoch 282, loss: 2.341005, test acc: 0.915721, test avg acc: 0.882703
Train epoch 283, loss: 2.283362, train acc: 0.966816, train avg acc: 0.948604
Test epoch 283, loss: 2.305507, test acc: 0.916937, test avg acc: 0.888663
Train epoch 284, loss: 2.281107, train acc: 0.966918, train avg acc: 0.947372
Test epoch 284, loss: 2.300628, test acc: 0.919773, test avg acc: 0.884703
Train epoch 285, loss: 2.277233, train acc: 0.971091, train avg acc: 0.955192
Test epoch 285, loss: 2.332847, test acc: 0.914100, test avg acc: 0.876959
Train epoch 286, loss: 2.284415, train acc: 0.964373, train avg acc: 0.946000
Test epoch 286, loss: 2.300702, test acc: 0.919368, test avg acc: 0.890326
Train epoch 287, loss: 2.277978, train acc: 0.968852, train avg acc: 0.952397
Test epoch 287, loss: 2.309302, test acc: 0.903971, test avg acc: 0.883558
Train epoch 288, loss: 2.279012, train acc: 0.969055, train avg acc: 0.953764
Test epoch 288, loss: 2.298797, test acc: 0.923015, test avg acc: 0.892407
Train epoch 289, loss: 2.283397, train acc: 0.965493, train avg acc: 0.945788
Test epoch 289, loss: 2.301685, test acc: 0.920583, test avg acc: 0.879326
Train epoch 290, loss: 2.275863, train acc: 0.970379, train avg acc: 0.953470
Test epoch 290, loss: 2.299388, test acc: 0.915721, test avg acc: 0.871634
Train epoch 291, loss: 2.281136, train acc: 0.966511, train avg acc: 0.949198
Test epoch 291, loss: 2.315166, test acc: 0.910859, test avg acc: 0.877628
Train epoch 292, loss: 2.278559, train acc: 0.967121, train avg acc: 0.949717
Test epoch 292, loss: 2.299536, test acc: 0.917747, test avg acc: 0.890163
Train epoch 293, loss: 2.272325, train acc: 0.971397, train avg acc: 0.955565
Test epoch 293, loss: 2.306668, test acc: 0.911264, test avg acc: 0.877547
Train epoch 294, loss: 2.274268, train acc: 0.968139, train avg acc: 0.950039
Test epoch 294, loss: 2.295348, test acc: 0.923825, test avg acc: 0.885244
Train epoch 295, loss: 2.274489, train acc: 0.972007, train avg acc: 0.957742
Test epoch 295, loss: 2.308712, test acc: 0.926256, test avg acc: 0.891988
Train epoch 296, loss: 2.275640, train acc: 0.969564, train avg acc: 0.951085
Test epoch 296, loss: 2.300030, test acc: 0.919773, test avg acc: 0.881081
Train epoch 297, loss: 2.272815, train acc: 0.972313, train avg acc: 0.958501
Test epoch 297, loss: 2.295589, test acc: 0.919773, test avg acc: 0.888453
Train epoch 298, loss: 2.273113, train acc: 0.970786, train avg acc: 0.954325
Test epoch 298, loss: 2.317643, test acc: 0.912885, test avg acc: 0.873459
Train epoch 299, loss: 2.274372, train acc: 0.969666, train avg acc: 0.954435
Test epoch 299, loss: 2.296526, test acc: 0.922609, test avg acc: 0.886866
Train epoch 300, loss: 2.273430, train acc: 0.969564, train avg acc: 0.953402
Test epoch 300, loss: 2.313737, test acc: 0.914100, test avg acc: 0.879890
Train epoch 301, loss: 2.273628, train acc: 0.970684, train avg acc: 0.953118
Test epoch 301, loss: 2.328133, test acc: 0.900324, test avg acc: 0.872948
Train epoch 302, loss: 2.273143, train acc: 0.970989, train avg acc: 0.955338
Test epoch 302, loss: 2.335416, test acc: 0.919773, test avg acc: 0.884000
Train epoch 303, loss: 2.275193, train acc: 0.969768, train avg acc: 0.953537
Test epoch 303, loss: 2.306283, test acc: 0.916126, test avg acc: 0.880349
Train epoch 304, loss: 2.275192, train acc: 0.967936, train avg acc: 0.948976
Test epoch 304, loss: 2.296150, test acc: 0.918558, test avg acc: 0.889000
Train epoch 305, loss: 2.271958, train acc: 0.969564, train avg acc: 0.953733
Test epoch 305, loss: 2.297654, test acc: 0.923015, test avg acc: 0.893703
Train epoch 306, loss: 2.268296, train acc: 0.973229, train avg acc: 0.957123
Test epoch 306, loss: 2.320071, test acc: 0.920178, test avg acc: 0.884372
Train epoch 307, loss: 2.267587, train acc: 0.973534, train avg acc: 0.958231
Test epoch 307, loss: 2.290203, test acc: 0.924635, test avg acc: 0.893494
Train epoch 308, loss: 2.269156, train acc: 0.973432, train avg acc: 0.958547
Test epoch 308, loss: 2.292082, test acc: 0.920583, test avg acc: 0.882448
Train epoch 309, loss: 2.266329, train acc: 0.974552, train avg acc: 0.960066
Test epoch 309, loss: 2.341775, test acc: 0.914100, test avg acc: 0.878209
Train epoch 310, loss: 2.261266, train acc: 0.976995, train avg acc: 0.964564
Test epoch 310, loss: 2.311545, test acc: 0.913695, test avg acc: 0.883628
Train epoch 311, loss: 2.264841, train acc: 0.975774, train avg acc: 0.963075
Test epoch 311, loss: 2.290682, test acc: 0.925041, test avg acc: 0.896831
Train epoch 312, loss: 2.267872, train acc: 0.973229, train avg acc: 0.959030
Test epoch 312, loss: 2.299509, test acc: 0.917747, test avg acc: 0.880169
Train epoch 313, loss: 2.272769, train acc: 0.969564, train avg acc: 0.952382
Test epoch 313, loss: 2.291472, test acc: 0.920989, test avg acc: 0.891285
Train epoch 314, loss: 2.264912, train acc: 0.974552, train avg acc: 0.962062
Test epoch 314, loss: 2.297231, test acc: 0.918558, test avg acc: 0.887663
Train epoch 315, loss: 2.269726, train acc: 0.972618, train avg acc: 0.958975
Test epoch 315, loss: 2.295810, test acc: 0.917747, test avg acc: 0.882041
Train epoch 316, loss: 2.268182, train acc: 0.972516, train avg acc: 0.958262
Test epoch 316, loss: 2.302732, test acc: 0.913290, test avg acc: 0.884500
Train epoch 317, loss: 2.263811, train acc: 0.974349, train avg acc: 0.961957
Test epoch 317, loss: 2.316647, test acc: 0.899919, test avg acc: 0.865535
Train epoch 318, loss: 2.262736, train acc: 0.973025, train avg acc: 0.958059
Test epoch 318, loss: 2.291843, test acc: 0.924230, test avg acc: 0.887535
Train epoch 319, loss: 2.264361, train acc: 0.975366, train avg acc: 0.962271
Test epoch 319, loss: 2.298098, test acc: 0.914506, test avg acc: 0.881453
Train epoch 320, loss: 2.264364, train acc: 0.974043, train avg acc: 0.958125
Test epoch 320, loss: 2.291505, test acc: 0.921799, test avg acc: 0.883744
Train epoch 321, loss: 2.261092, train acc: 0.974756, train avg acc: 0.961597
Test epoch 321, loss: 2.295175, test acc: 0.917747, test avg acc: 0.874047
Train epoch 322, loss: 2.260770, train acc: 0.974857, train avg acc: 0.959717
Test epoch 322, loss: 2.298297, test acc: 0.917747, test avg acc: 0.885372
Train epoch 323, loss: 2.262418, train acc: 0.976486, train avg acc: 0.961672
Test epoch 323, loss: 2.307358, test acc: 0.910049, test avg acc: 0.888291
Train epoch 324, loss: 2.266199, train acc: 0.975977, train avg acc: 0.961925
Test epoch 324, loss: 2.301475, test acc: 0.920178, test avg acc: 0.895291
Train epoch 325, loss: 2.262637, train acc: 0.974450, train avg acc: 0.959623
Test epoch 325, loss: 2.289683, test acc: 0.926256, test avg acc: 0.896826
Train epoch 326, loss: 2.261182, train acc: 0.975163, train avg acc: 0.961511
Test epoch 326, loss: 2.305573, test acc: 0.915721, test avg acc: 0.882459
Train epoch 327, loss: 2.256635, train acc: 0.978115, train avg acc: 0.966881
Test epoch 327, loss: 2.290157, test acc: 0.923015, test avg acc: 0.884500
Train epoch 328, loss: 2.262340, train acc: 0.976079, train avg acc: 0.961079
Test epoch 328, loss: 2.292489, test acc: 0.922609, test avg acc: 0.878494
Train epoch 329, loss: 2.260738, train acc: 0.977199, train avg acc: 0.964536
Test epoch 329, loss: 2.290979, test acc: 0.919368, test avg acc: 0.887291
Train epoch 330, loss: 2.261884, train acc: 0.976283, train avg acc: 0.963281
Test epoch 330, loss: 2.300663, test acc: 0.915316, test avg acc: 0.877541
Train epoch 331, loss: 2.259902, train acc: 0.978217, train avg acc: 0.968322
Test epoch 331, loss: 2.297771, test acc: 0.918152, test avg acc: 0.892663
Train epoch 332, loss: 2.260824, train acc: 0.974349, train avg acc: 0.959449
Test epoch 332, loss: 2.295530, test acc: 0.915316, test avg acc: 0.881913
Train epoch 333, loss: 2.261711, train acc: 0.975774, train avg acc: 0.960452
Test epoch 333, loss: 2.289107, test acc: 0.921394, test avg acc: 0.883581
Train epoch 334, loss: 2.261323, train acc: 0.977606, train avg acc: 0.966283
Test epoch 334, loss: 2.280367, test acc: 0.926661, test avg acc: 0.890791
Train epoch 335, loss: 2.256604, train acc: 0.978217, train avg acc: 0.967179
Test epoch 335, loss: 2.296508, test acc: 0.916126, test avg acc: 0.881744
Train epoch 336, loss: 2.255532, train acc: 0.980354, train avg acc: 0.967418
Test epoch 336, loss: 2.286697, test acc: 0.922609, test avg acc: 0.886372
Train epoch 337, loss: 2.263238, train acc: 0.974959, train avg acc: 0.960391
Test epoch 337, loss: 2.305536, test acc: 0.914100, test avg acc: 0.889122
Train epoch 338, loss: 2.252978, train acc: 0.981067, train avg acc: 0.971062
Test epoch 338, loss: 2.299281, test acc: 0.916126, test avg acc: 0.884372
Train epoch 339, loss: 2.261945, train acc: 0.975977, train avg acc: 0.963917
Test epoch 339, loss: 2.301749, test acc: 0.916126, test avg acc: 0.884459
Train epoch 340, loss: 2.258391, train acc: 0.977402, train avg acc: 0.964768
Test epoch 340, loss: 2.285523, test acc: 0.924635, test avg acc: 0.895703
Train epoch 341, loss: 2.255219, train acc: 0.977606, train avg acc: 0.965901
Test epoch 341, loss: 2.293978, test acc: 0.917747, test avg acc: 0.881547
Train epoch 342, loss: 2.255000, train acc: 0.978827, train avg acc: 0.967066
Test epoch 342, loss: 2.286796, test acc: 0.920178, test avg acc: 0.890785
Train epoch 343, loss: 2.253929, train acc: 0.981169, train avg acc: 0.970266
Test epoch 343, loss: 2.297930, test acc: 0.919368, test avg acc: 0.881163
Train epoch 344, loss: 2.251936, train acc: 0.981576, train avg acc: 0.973000
Test epoch 344, loss: 2.294493, test acc: 0.924230, test avg acc: 0.894535
Train epoch 345, loss: 2.254835, train acc: 0.977606, train avg acc: 0.966923
Test epoch 345, loss: 2.290356, test acc: 0.915316, test avg acc: 0.881337
Train epoch 346, loss: 2.253324, train acc: 0.978522, train avg acc: 0.968772
Test epoch 346, loss: 2.304251, test acc: 0.926256, test avg acc: 0.883494
Train epoch 347, loss: 2.252321, train acc: 0.980456, train avg acc: 0.969766
Test epoch 347, loss: 2.285419, test acc: 0.928687, test avg acc: 0.900750
Train epoch 348, loss: 2.251150, train acc: 0.979743, train avg acc: 0.968967
Test epoch 348, loss: 2.291996, test acc: 0.923015, test avg acc: 0.884826
Train epoch 349, loss: 2.254495, train acc: 0.978726, train avg acc: 0.966910
Test epoch 349, loss: 2.290293, test acc: 0.918152, test avg acc: 0.888703
Train epoch 350, loss: 2.249120, train acc: 0.980354, train avg acc: 0.969904
Test epoch 350, loss: 2.292757, test acc: 0.917342, test avg acc: 0.881756
Train epoch 351, loss: 2.249178, train acc: 0.982186, train avg acc: 0.972050
Test epoch 351, loss: 2.291075, test acc: 0.927877, test avg acc: 0.903576
Train epoch 352, loss: 2.248337, train acc: 0.980354, train avg acc: 0.969317
Test epoch 352, loss: 2.297736, test acc: 0.916532, test avg acc: 0.891081
Train epoch 353, loss: 2.252918, train acc: 0.978420, train avg acc: 0.967092
Test epoch 353, loss: 2.286713, test acc: 0.920583, test avg acc: 0.887953
Train epoch 354, loss: 2.246371, train acc: 0.982085, train avg acc: 0.973273
Test epoch 354, loss: 2.293539, test acc: 0.915721, test avg acc: 0.888169
Train epoch 355, loss: 2.246768, train acc: 0.983001, train avg acc: 0.973370
Test epoch 355, loss: 2.285093, test acc: 0.923420, test avg acc: 0.892622
Train epoch 356, loss: 2.246563, train acc: 0.983612, train avg acc: 0.974639
Test epoch 356, loss: 2.302881, test acc: 0.912480, test avg acc: 0.883285
Train epoch 357, loss: 2.246160, train acc: 0.983510, train avg acc: 0.974267
Test epoch 357, loss: 2.290619, test acc: 0.920178, test avg acc: 0.890157
Train epoch 358, loss: 2.245495, train acc: 0.983612, train avg acc: 0.974170
Test epoch 358, loss: 2.296147, test acc: 0.923420, test avg acc: 0.892122
Train epoch 359, loss: 2.249030, train acc: 0.980965, train avg acc: 0.970344
Test epoch 359, loss: 2.295194, test acc: 0.920583, test avg acc: 0.898622
Train epoch 360, loss: 2.248880, train acc: 0.980456, train avg acc: 0.969490
Test epoch 360, loss: 2.279700, test acc: 0.926661, test avg acc: 0.891826
Train epoch 361, loss: 2.244190, train acc: 0.983815, train avg acc: 0.974943
Test epoch 361, loss: 2.287735, test acc: 0.922204, test avg acc: 0.883866
Train epoch 362, loss: 2.246360, train acc: 0.982899, train avg acc: 0.973812
Test epoch 362, loss: 2.291047, test acc: 0.920178, test avg acc: 0.886878
Train epoch 363, loss: 2.248188, train acc: 0.979947, train avg acc: 0.970268
Test epoch 363, loss: 2.299968, test acc: 0.916126, test avg acc: 0.881326
Train epoch 364, loss: 2.245540, train acc: 0.983103, train avg acc: 0.973442
Test epoch 364, loss: 2.304303, test acc: 0.919773, test avg acc: 0.897494
Train epoch 365, loss: 2.241154, train acc: 0.984935, train avg acc: 0.977558
Test epoch 365, loss: 2.286831, test acc: 0.924230, test avg acc: 0.890750
Train epoch 366, loss: 2.240266, train acc: 0.985851, train avg acc: 0.979234
Test epoch 366, loss: 2.295939, test acc: 0.912885, test avg acc: 0.884099
Train epoch 367, loss: 2.244096, train acc: 0.984426, train avg acc: 0.976931
Test epoch 367, loss: 2.289034, test acc: 0.913695, test avg acc: 0.881372
Train epoch 368, loss: 2.244453, train acc: 0.984528, train avg acc: 0.975804
Test epoch 368, loss: 2.290022, test acc: 0.921394, test avg acc: 0.888459
Train epoch 369, loss: 2.240880, train acc: 0.984324, train avg acc: 0.975028
Test epoch 369, loss: 2.298483, test acc: 0.909643, test avg acc: 0.883087
Train epoch 370, loss: 2.239679, train acc: 0.985342, train avg acc: 0.977268
Test epoch 370, loss: 2.291537, test acc: 0.915721, test avg acc: 0.885953
Train epoch 371, loss: 2.238203, train acc: 0.985953, train avg acc: 0.977391
Test epoch 371, loss: 2.284258, test acc: 0.923420, test avg acc: 0.885791
Train epoch 372, loss: 2.236952, train acc: 0.986869, train avg acc: 0.980341
Test epoch 372, loss: 2.280352, test acc: 0.928687, test avg acc: 0.895994
Train epoch 373, loss: 2.242442, train acc: 0.983815, train avg acc: 0.973939
Test epoch 373, loss: 2.296315, test acc: 0.918963, test avg acc: 0.888041
Train epoch 374, loss: 2.240766, train acc: 0.984833, train avg acc: 0.977712
Test epoch 374, loss: 2.293708, test acc: 0.923015, test avg acc: 0.897372
Train epoch 375, loss: 2.237519, train acc: 0.986462, train avg acc: 0.980098
Test epoch 375, loss: 2.286758, test acc: 0.921394, test avg acc: 0.884494
Train epoch 376, loss: 2.239818, train acc: 0.984629, train avg acc: 0.976427
Test epoch 376, loss: 2.292431, test acc: 0.910859, test avg acc: 0.879831
Train epoch 377, loss: 2.238317, train acc: 0.986055, train avg acc: 0.978871
Test epoch 377, loss: 2.285228, test acc: 0.924635, test avg acc: 0.892250
Train epoch 378, loss: 2.241499, train acc: 0.984222, train avg acc: 0.975774
Test epoch 378, loss: 2.284292, test acc: 0.923420, test avg acc: 0.892250
Train epoch 379, loss: 2.238467, train acc: 0.986258, train avg acc: 0.978779
Test epoch 379, loss: 2.292187, test acc: 0.920178, test avg acc: 0.887872
Train epoch 380, loss: 2.239078, train acc: 0.983306, train avg acc: 0.973902
Test epoch 380, loss: 2.280570, test acc: 0.923825, test avg acc: 0.893163
Train epoch 381, loss: 2.238755, train acc: 0.984528, train avg acc: 0.976590
Test epoch 381, loss: 2.286824, test acc: 0.920178, test avg acc: 0.883994
Train epoch 382, loss: 2.240315, train acc: 0.985138, train avg acc: 0.977203
Test epoch 382, loss: 2.285537, test acc: 0.918558, test avg acc: 0.880953
Train epoch 383, loss: 2.237316, train acc: 0.987785, train avg acc: 0.981222
Test epoch 383, loss: 2.279918, test acc: 0.929092, test avg acc: 0.899407
Train epoch 384, loss: 2.234641, train acc: 0.987480, train avg acc: 0.980922
Test epoch 384, loss: 2.279887, test acc: 0.927877, test avg acc: 0.900291
Train epoch 385, loss: 2.238773, train acc: 0.985037, train avg acc: 0.976458
Test epoch 385, loss: 2.278310, test acc: 0.923825, test avg acc: 0.887285
Train epoch 386, loss: 2.236939, train acc: 0.987174, train avg acc: 0.979328
Test epoch 386, loss: 2.275648, test acc: 0.929498, test avg acc: 0.898163
Train epoch 387, loss: 2.235754, train acc: 0.986360, train avg acc: 0.978398
Test epoch 387, loss: 2.283637, test acc: 0.927066, test avg acc: 0.902203
Train epoch 388, loss: 2.235433, train acc: 0.986564, train avg acc: 0.979490
Test epoch 388, loss: 2.277158, test acc: 0.925041, test avg acc: 0.898076
Train epoch 389, loss: 2.237067, train acc: 0.986564, train avg acc: 0.979497
Test epoch 389, loss: 2.286497, test acc: 0.928282, test avg acc: 0.891703
Train epoch 390, loss: 2.236628, train acc: 0.987072, train avg acc: 0.980788
Test epoch 390, loss: 2.279586, test acc: 0.925446, test avg acc: 0.895081
Train epoch 391, loss: 2.234527, train acc: 0.987072, train avg acc: 0.979155
Test epoch 391, loss: 2.284902, test acc: 0.924635, test avg acc: 0.892541
Train epoch 392, loss: 2.230444, train acc: 0.989108, train avg acc: 0.982594
Test epoch 392, loss: 2.282718, test acc: 0.920583, test avg acc: 0.896203
Train epoch 393, loss: 2.236190, train acc: 0.987276, train avg acc: 0.981452
Test epoch 393, loss: 2.286503, test acc: 0.919368, test avg acc: 0.889872
Train epoch 394, loss: 2.228819, train acc: 0.989515, train avg acc: 0.984506
Test epoch 394, loss: 2.285713, test acc: 0.919368, test avg acc: 0.888453
Train epoch 395, loss: 2.232356, train acc: 0.987378, train avg acc: 0.979599
Test epoch 395, loss: 2.282786, test acc: 0.927877, test avg acc: 0.895907
Train epoch 396, loss: 2.232574, train acc: 0.989210, train avg acc: 0.983447
Test epoch 396, loss: 2.284455, test acc: 0.927877, test avg acc: 0.897948
Train epoch 397, loss: 2.232571, train acc: 0.988090, train avg acc: 0.981029
Test epoch 397, loss: 2.284142, test acc: 0.925446, test avg acc: 0.897041
Train epoch 398, loss: 2.230735, train acc: 0.989312, train avg acc: 0.982755
Test epoch 398, loss: 2.283621, test acc: 0.921799, test avg acc: 0.890372
Train epoch 399, loss: 2.229944, train acc: 0.990126, train avg acc: 0.985153
Test epoch 399, loss: 2.288408, test acc: 0.925041, test avg acc: 0.891994
Train epoch 400, loss: 2.236539, train acc: 0.985037, train avg acc: 0.974596
Test epoch 400, loss: 2.281186, test acc: 0.923825, test avg acc: 0.897203
Train epoch 401, loss: 2.228161, train acc: 0.989414, train avg acc: 0.982646
Test epoch 401, loss: 2.295932, test acc: 0.917342, test avg acc: 0.885831
Train epoch 402, loss: 2.232740, train acc: 0.987989, train avg acc: 0.981530
Test epoch 402, loss: 2.289472, test acc: 0.925041, test avg acc: 0.885628
Train epoch 403, loss: 2.228441, train acc: 0.990228, train avg acc: 0.984231
Test epoch 403, loss: 2.282979, test acc: 0.920583, test avg acc: 0.886826
Train epoch 404, loss: 2.226422, train acc: 0.990126, train avg acc: 0.986069
Test epoch 404, loss: 2.280121, test acc: 0.923015, test avg acc: 0.888744
Train epoch 405, loss: 2.224740, train acc: 0.991144, train avg acc: 0.986801
Test epoch 405, loss: 2.278969, test acc: 0.927066, test avg acc: 0.896448
Train epoch 406, loss: 2.230306, train acc: 0.987887, train avg acc: 0.980986
Test epoch 406, loss: 2.286262, test acc: 0.920583, test avg acc: 0.886791
Train epoch 407, loss: 2.227428, train acc: 0.989312, train avg acc: 0.983467
Test epoch 407, loss: 2.278938, test acc: 0.928282, test avg acc: 0.895953
Train epoch 408, loss: 2.229149, train acc: 0.987887, train avg acc: 0.981163
Test epoch 408, loss: 2.281389, test acc: 0.923015, test avg acc: 0.900203
Train epoch 409, loss: 2.229904, train acc: 0.987887, train avg acc: 0.982230
Test epoch 409, loss: 2.278642, test acc: 0.923015, test avg acc: 0.895413
Train epoch 410, loss: 2.227207, train acc: 0.989515, train avg acc: 0.983990
Test epoch 410, loss: 2.280729, test acc: 0.922204, test avg acc: 0.893826
Train epoch 411, loss: 2.224177, train acc: 0.990126, train avg acc: 0.984710
Test epoch 411, loss: 2.284387, test acc: 0.920989, test avg acc: 0.895081
Train epoch 412, loss: 2.228289, train acc: 0.989617, train avg acc: 0.984884
Test epoch 412, loss: 2.282851, test acc: 0.921799, test avg acc: 0.894413
Train epoch 413, loss: 2.224114, train acc: 0.990941, train avg acc: 0.986093
Test epoch 413, loss: 2.276781, test acc: 0.927472, test avg acc: 0.896494
Train epoch 414, loss: 2.226260, train acc: 0.990024, train avg acc: 0.985447
Test epoch 414, loss: 2.283724, test acc: 0.922204, test avg acc: 0.895581
Train epoch 415, loss: 2.225212, train acc: 0.992467, train avg acc: 0.988008
Test epoch 415, loss: 2.276309, test acc: 0.927472, test avg acc: 0.894331
Train epoch 416, loss: 2.221145, train acc: 0.992366, train avg acc: 0.988716
Test epoch 416, loss: 2.283287, test acc: 0.920583, test avg acc: 0.890122
Train epoch 417, loss: 2.225024, train acc: 0.989821, train avg acc: 0.985494
Test epoch 417, loss: 2.279573, test acc: 0.928282, test avg acc: 0.901500
Train epoch 418, loss: 2.226240, train acc: 0.990228, train avg acc: 0.985017
Test epoch 418, loss: 2.279758, test acc: 0.926661, test avg acc: 0.900035
Train epoch 419, loss: 2.224699, train acc: 0.989923, train avg acc: 0.984655
Test epoch 419, loss: 2.278567, test acc: 0.927066, test avg acc: 0.897203
Train epoch 420, loss: 2.223291, train acc: 0.991144, train avg acc: 0.986156
Test epoch 420, loss: 2.272994, test acc: 0.929498, test avg acc: 0.895331
Train epoch 421, loss: 2.223252, train acc: 0.990839, train avg acc: 0.986033
Test epoch 421, loss: 2.275124, test acc: 0.927472, test avg acc: 0.893616
Train epoch 422, loss: 2.222214, train acc: 0.991348, train avg acc: 0.987487
Test epoch 422, loss: 2.278109, test acc: 0.923015, test avg acc: 0.887331
Train epoch 423, loss: 2.223197, train acc: 0.990635, train avg acc: 0.984933
Test epoch 423, loss: 2.280916, test acc: 0.926256, test avg acc: 0.888622
Train epoch 424, loss: 2.221468, train acc: 0.990635, train avg acc: 0.984891
Test epoch 424, loss: 2.278298, test acc: 0.922609, test avg acc: 0.889413
Train epoch 425, loss: 2.223981, train acc: 0.990228, train avg acc: 0.985147
Test epoch 425, loss: 2.277904, test acc: 0.920583, test avg acc: 0.888163
Train epoch 426, loss: 2.221498, train acc: 0.990024, train avg acc: 0.985031
Test epoch 426, loss: 2.276675, test acc: 0.923420, test avg acc: 0.887826
Train epoch 427, loss: 2.220863, train acc: 0.989923, train avg acc: 0.984249
Test epoch 427, loss: 2.276775, test acc: 0.925446, test avg acc: 0.889081
Train epoch 428, loss: 2.218759, train acc: 0.992671, train avg acc: 0.988146
Test epoch 428, loss: 2.283552, test acc: 0.921799, test avg acc: 0.894872
Train epoch 429, loss: 2.220092, train acc: 0.992060, train avg acc: 0.988407
Test epoch 429, loss: 2.282256, test acc: 0.919773, test avg acc: 0.888744
Train epoch 430, loss: 2.220328, train acc: 0.991857, train avg acc: 0.987795
Test epoch 430, loss: 2.278037, test acc: 0.926661, test avg acc: 0.898116
Train epoch 431, loss: 2.220344, train acc: 0.991958, train avg acc: 0.988594
Test epoch 431, loss: 2.282855, test acc: 0.922609, test avg acc: 0.888163
Train epoch 432, loss: 2.222426, train acc: 0.990737, train avg acc: 0.985714
Test epoch 432, loss: 2.277940, test acc: 0.926661, test avg acc: 0.895872
Train epoch 433, loss: 2.221620, train acc: 0.991958, train avg acc: 0.988480
Test epoch 433, loss: 2.277655, test acc: 0.923825, test avg acc: 0.885081
Train epoch 434, loss: 2.217560, train acc: 0.991958, train avg acc: 0.987469
Test epoch 434, loss: 2.277515, test acc: 0.926661, test avg acc: 0.894116
Train epoch 435, loss: 2.218710, train acc: 0.992366, train avg acc: 0.988385
Test epoch 435, loss: 2.274581, test acc: 0.928282, test avg acc: 0.897116
Train epoch 436, loss: 2.215592, train acc: 0.993485, train avg acc: 0.990019
Test epoch 436, loss: 2.273471, test acc: 0.929092, test avg acc: 0.897453
Train epoch 437, loss: 2.221265, train acc: 0.991348, train avg acc: 0.987287
Test epoch 437, loss: 2.275127, test acc: 0.928282, test avg acc: 0.894076
Train epoch 438, loss: 2.217851, train acc: 0.993384, train avg acc: 0.990333
Test epoch 438, loss: 2.277575, test acc: 0.925041, test avg acc: 0.893953
Train epoch 439, loss: 2.218650, train acc: 0.991857, train avg acc: 0.987874
Test epoch 439, loss: 2.278596, test acc: 0.923825, test avg acc: 0.893326
Train epoch 440, loss: 2.223791, train acc: 0.991042, train avg acc: 0.987191
Test epoch 440, loss: 2.272628, test acc: 0.928282, test avg acc: 0.894913
Train epoch 441, loss: 2.219657, train acc: 0.992773, train avg acc: 0.989689
Test epoch 441, loss: 2.275437, test acc: 0.927472, test avg acc: 0.893576
Train epoch 442, loss: 2.216296, train acc: 0.993180, train avg acc: 0.989015
Test epoch 442, loss: 2.275163, test acc: 0.927472, test avg acc: 0.895698
Train epoch 443, loss: 2.215420, train acc: 0.993689, train avg acc: 0.989855
Test epoch 443, loss: 2.275231, test acc: 0.927066, test avg acc: 0.892244
Train epoch 444, loss: 2.218705, train acc: 0.991348, train avg acc: 0.987190
Test epoch 444, loss: 2.275017, test acc: 0.926661, test avg acc: 0.894994
Train epoch 445, loss: 2.216015, train acc: 0.992264, train avg acc: 0.988821
Test epoch 445, loss: 2.274302, test acc: 0.931118, test avg acc: 0.900744
Train epoch 446, loss: 2.216482, train acc: 0.992671, train avg acc: 0.989528
Test epoch 446, loss: 2.273030, test acc: 0.929092, test avg acc: 0.894494
Train epoch 447, loss: 2.218063, train acc: 0.992773, train avg acc: 0.989377
Test epoch 447, loss: 2.273236, test acc: 0.930308, test avg acc: 0.897244
Train epoch 448, loss: 2.218296, train acc: 0.991551, train avg acc: 0.987534
Test epoch 448, loss: 2.270687, test acc: 0.931118, test avg acc: 0.897744
Train epoch 449, loss: 2.217861, train acc: 0.992467, train avg acc: 0.988068
Test epoch 449, loss: 2.276720, test acc: 0.926661, test avg acc: 0.899622
Train epoch 450, loss: 2.215437, train acc: 0.993180, train avg acc: 0.990054
Test epoch 450, loss: 2.280340, test acc: 0.927472, test avg acc: 0.897413
Train epoch 451, loss: 2.216277, train acc: 0.993078, train avg acc: 0.988611
Test epoch 451, loss: 2.276314, test acc: 0.928282, test avg acc: 0.898994
Train epoch 452, loss: 2.217876, train acc: 0.992569, train avg acc: 0.989015
Test epoch 452, loss: 2.274694, test acc: 0.929498, test avg acc: 0.899785
Train epoch 453, loss: 2.216698, train acc: 0.992976, train avg acc: 0.989793
Test epoch 453, loss: 2.275567, test acc: 0.926661, test avg acc: 0.893994
Train epoch 454, loss: 2.213048, train acc: 0.994503, train avg acc: 0.991143
Test epoch 454, loss: 2.273867, test acc: 0.930308, test avg acc: 0.898285
Train epoch 455, loss: 2.213736, train acc: 0.993587, train avg acc: 0.990452
Test epoch 455, loss: 2.274329, test acc: 0.928687, test avg acc: 0.899285
Train epoch 456, loss: 2.216347, train acc: 0.991857, train avg acc: 0.987689
Test epoch 456, loss: 2.277490, test acc: 0.927877, test avg acc: 0.899663
Train epoch 457, loss: 2.216571, train acc: 0.993893, train avg acc: 0.990670
Test epoch 457, loss: 2.276998, test acc: 0.926661, test avg acc: 0.897994
Train epoch 458, loss: 2.214643, train acc: 0.993689, train avg acc: 0.989954
Test epoch 458, loss: 2.277085, test acc: 0.927877, test avg acc: 0.901744
Train epoch 459, loss: 2.214946, train acc: 0.993587, train avg acc: 0.989524
Test epoch 459, loss: 2.274797, test acc: 0.928282, test avg acc: 0.898076
Train epoch 460, loss: 2.214353, train acc: 0.994198, train avg acc: 0.991177
Test epoch 460, loss: 2.275742, test acc: 0.927472, test avg acc: 0.902494
Train epoch 461, loss: 2.217036, train acc: 0.992671, train avg acc: 0.988706
Test epoch 461, loss: 2.274502, test acc: 0.930713, test avg acc: 0.902698
Train epoch 462, loss: 2.213328, train acc: 0.993791, train avg acc: 0.990384
Test epoch 462, loss: 2.273874, test acc: 0.928687, test avg acc: 0.899366
Train epoch 463, loss: 2.214877, train acc: 0.994503, train avg acc: 0.991690
Test epoch 463, loss: 2.273988, test acc: 0.929092, test avg acc: 0.900576
Train epoch 464, loss: 2.215501, train acc: 0.992467, train avg acc: 0.988052
Test epoch 464, loss: 2.276313, test acc: 0.925851, test avg acc: 0.897453
Train epoch 465, loss: 2.215005, train acc: 0.992976, train avg acc: 0.989232
Test epoch 465, loss: 2.274023, test acc: 0.924635, test avg acc: 0.891866
Train epoch 466, loss: 2.212046, train acc: 0.995216, train avg acc: 0.992957
Test epoch 466, loss: 2.275050, test acc: 0.929092, test avg acc: 0.896616
Train epoch 467, loss: 2.216913, train acc: 0.992366, train avg acc: 0.987826
Test epoch 467, loss: 2.276465, test acc: 0.930308, test avg acc: 0.902326
Train epoch 468, loss: 2.214149, train acc: 0.994300, train avg acc: 0.992056
Test epoch 468, loss: 2.274858, test acc: 0.925041, test avg acc: 0.896994
Train epoch 469, loss: 2.215536, train acc: 0.993485, train avg acc: 0.990160
Test epoch 469, loss: 2.273812, test acc: 0.927877, test avg acc: 0.897703
Train epoch 470, loss: 2.214290, train acc: 0.993587, train avg acc: 0.990065
Test epoch 470, loss: 2.277353, test acc: 0.925446, test avg acc: 0.894203
Train epoch 471, loss: 2.212996, train acc: 0.993485, train avg acc: 0.989768
Test epoch 471, loss: 2.273243, test acc: 0.926661, test avg acc: 0.897076
Train epoch 472, loss: 2.214837, train acc: 0.993384, train avg acc: 0.988803
Test epoch 472, loss: 2.275780, test acc: 0.927472, test avg acc: 0.901453
Train epoch 473, loss: 2.213753, train acc: 0.994300, train avg acc: 0.991145
Test epoch 473, loss: 2.275351, test acc: 0.925851, test avg acc: 0.893453
Train epoch 474, loss: 2.214455, train acc: 0.993078, train avg acc: 0.989722
Test epoch 474, loss: 2.275606, test acc: 0.927877, test avg acc: 0.900494
Train epoch 475, loss: 2.213162, train acc: 0.993689, train avg acc: 0.990831
Test epoch 475, loss: 2.274617, test acc: 0.927472, test avg acc: 0.896535
Train epoch 476, loss: 2.211951, train acc: 0.993994, train avg acc: 0.991228
Test epoch 476, loss: 2.276231, test acc: 0.926661, test avg acc: 0.897994
Train epoch 477, loss: 2.213661, train acc: 0.993180, train avg acc: 0.990197
Test epoch 477, loss: 2.275686, test acc: 0.927877, test avg acc: 0.895703
Train epoch 478, loss: 2.214216, train acc: 0.992875, train avg acc: 0.988452
Test epoch 478, loss: 2.274660, test acc: 0.926256, test avg acc: 0.895581
Train epoch 479, loss: 2.212480, train acc: 0.994503, train avg acc: 0.991843
Test epoch 479, loss: 2.275259, test acc: 0.931118, test avg acc: 0.903826
Train epoch 480, loss: 2.212062, train acc: 0.994503, train avg acc: 0.991685
Test epoch 480, loss: 2.273228, test acc: 0.927877, test avg acc: 0.895785
Train epoch 481, loss: 2.212010, train acc: 0.993689, train avg acc: 0.989850
Test epoch 481, loss: 2.275795, test acc: 0.925446, test avg acc: 0.895203
Train epoch 482, loss: 2.211749, train acc: 0.993791, train avg acc: 0.990410
Test epoch 482, loss: 2.274686, test acc: 0.927472, test avg acc: 0.898535
Train epoch 483, loss: 2.210816, train acc: 0.994605, train avg acc: 0.991451
Test epoch 483, loss: 2.276352, test acc: 0.925041, test avg acc: 0.894953
Train epoch 484, loss: 2.212953, train acc: 0.993689, train avg acc: 0.990960
Test epoch 484, loss: 2.275498, test acc: 0.927877, test avg acc: 0.898703
Train epoch 485, loss: 2.212059, train acc: 0.994198, train avg acc: 0.991085
Test epoch 485, loss: 2.275780, test acc: 0.928687, test avg acc: 0.901326
Train epoch 486, loss: 2.211212, train acc: 0.994707, train avg acc: 0.991806
Test epoch 486, loss: 2.273288, test acc: 0.930308, test avg acc: 0.902163
Train epoch 487, loss: 2.209885, train acc: 0.994300, train avg acc: 0.990793
Test epoch 487, loss: 2.273650, test acc: 0.930308, test avg acc: 0.903081
Train epoch 488, loss: 2.209995, train acc: 0.995114, train avg acc: 0.991601
Test epoch 488, loss: 2.273310, test acc: 0.929092, test avg acc: 0.903163
Train epoch 489, loss: 2.212623, train acc: 0.993893, train avg acc: 0.990493
Test epoch 489, loss: 2.274117, test acc: 0.929092, test avg acc: 0.900576
Train epoch 490, loss: 2.210926, train acc: 0.992467, train avg acc: 0.987785
Test epoch 490, loss: 2.275291, test acc: 0.927472, test avg acc: 0.896413
Train epoch 491, loss: 2.211303, train acc: 0.994198, train avg acc: 0.989966
Test epoch 491, loss: 2.274120, test acc: 0.928282, test avg acc: 0.901035
Train epoch 492, loss: 2.210887, train acc: 0.994503, train avg acc: 0.991670
Test epoch 492, loss: 2.272497, test acc: 0.926256, test avg acc: 0.893744
Train epoch 493, loss: 2.210622, train acc: 0.994809, train avg acc: 0.991913
Test epoch 493, loss: 2.272897, test acc: 0.927066, test avg acc: 0.895244
Train epoch 494, loss: 2.210158, train acc: 0.993893, train avg acc: 0.990855
Test epoch 494, loss: 2.275392, test acc: 0.928282, test avg acc: 0.898994
Train epoch 495, loss: 2.210126, train acc: 0.995114, train avg acc: 0.992600
Test epoch 495, loss: 2.273392, test acc: 0.929498, test avg acc: 0.899744
Train epoch 496, loss: 2.211221, train acc: 0.993791, train avg acc: 0.990880
Test epoch 496, loss: 2.275054, test acc: 0.926256, test avg acc: 0.893744
Train epoch 497, loss: 2.209316, train acc: 0.995216, train avg acc: 0.993054
Test epoch 497, loss: 2.274432, test acc: 0.925851, test avg acc: 0.893535
Train epoch 498, loss: 2.211506, train acc: 0.994401, train avg acc: 0.991392
Test epoch 498, loss: 2.272994, test acc: 0.931118, test avg acc: 0.903785
Train epoch 499, loss: 2.210405, train acc: 0.993689, train avg acc: 0.989979
Test epoch 499, loss: 2.274048, test acc: 0.928282, test avg acc: 0.896913
