Namespace(augmix_cutmix_prob=0.5, augmix_prob=0.0, batch_size=32, beta=1.0, data_path='./data/modelnet40_normal_resampled', dataset='modelnet40', dropout=0.5, emb_dims=1024, epochs=500, eval=False, exp_name='augmix_cutmix_lams3_dgcnn_1024_2', jitter=False, k=20, knn=False, lr=0.001, model='dgcnn', model_path='', modelnet10=False, momentum=0.9, no_cuda=False, normal=False, nsample=512, num_points=1024, rddrop=False, rdscale=False, rot=False, rsmix_prob=0.0, seed=1, shift=False, shuffle=False, test_batch_size=16, use_sgd=True)
Using GPU : 0 from 1 devices
Train epoch 0, loss: 2.758317, train acc: 0.445134, train avg acc: 0.270692
Test epoch 0, loss: 2.337251, test acc: 0.580227, test avg acc: 0.431645
Train epoch 1, loss: 2.193643, train acc: 0.637215, train avg acc: 0.461984
Test epoch 1, loss: 2.146735, test acc: 0.647488, test avg acc: 0.530721
Train epoch 2, loss: 2.055777, train acc: 0.699104, train avg acc: 0.541484
Test epoch 2, loss: 1.882695, test acc: 0.773096, test avg acc: 0.662576
Train epoch 3, loss: 1.949962, train acc: 0.743587, train avg acc: 0.609093
Test epoch 3, loss: 1.920436, test acc: 0.766207, test avg acc: 0.663169
Train epoch 4, loss: 1.894556, train acc: 0.766897, train avg acc: 0.639896
Test epoch 4, loss: 1.767237, test acc: 0.825770, test avg acc: 0.732698
Train epoch 5, loss: 1.848935, train acc: 0.789800, train avg acc: 0.673320
Test epoch 5, loss: 1.742522, test acc: 0.833063, test avg acc: 0.751669
Train epoch 6, loss: 1.815352, train acc: 0.807512, train avg acc: 0.704875
Test epoch 6, loss: 1.668752, test acc: 0.868314, test avg acc: 0.792610
Train epoch 7, loss: 1.799066, train acc: 0.813213, train avg acc: 0.713194
Test epoch 7, loss: 1.661407, test acc: 0.861426, test avg acc: 0.805331
Train epoch 8, loss: 1.774125, train acc: 0.821661, train avg acc: 0.726264
Test epoch 8, loss: 1.631653, test acc: 0.871151, test avg acc: 0.788355
Train epoch 9, loss: 1.758350, train acc: 0.826445, train avg acc: 0.729303
Test epoch 9, loss: 1.658981, test acc: 0.861831, test avg acc: 0.789035
Train epoch 10, loss: 1.743910, train acc: 0.836319, train avg acc: 0.746749
Test epoch 10, loss: 1.644025, test acc: 0.860616, test avg acc: 0.787826
Train epoch 11, loss: 1.720222, train acc: 0.842936, train avg acc: 0.758519
Test epoch 11, loss: 1.629868, test acc: 0.872771, test avg acc: 0.796890
Train epoch 12, loss: 1.714735, train acc: 0.847211, train avg acc: 0.762452
Test epoch 12, loss: 1.660224, test acc: 0.850891, test avg acc: 0.799047
Train epoch 13, loss: 1.709824, train acc: 0.849247, train avg acc: 0.770206
Test epoch 13, loss: 1.586416, test acc: 0.882496, test avg acc: 0.814860
Train epoch 14, loss: 1.694806, train acc: 0.853929, train avg acc: 0.773061
Test epoch 14, loss: 1.623358, test acc: 0.867504, test avg acc: 0.799599
Train epoch 15, loss: 1.689700, train acc: 0.853115, train avg acc: 0.771565
Test epoch 15, loss: 1.622601, test acc: 0.865073, test avg acc: 0.805099
Train epoch 16, loss: 1.668426, train acc: 0.867569, train avg acc: 0.793215
Test epoch 16, loss: 1.553079, test acc: 0.901540, test avg acc: 0.837331
Train epoch 17, loss: 1.669294, train acc: 0.866755, train avg acc: 0.791040
Test epoch 17, loss: 1.664392, test acc: 0.860211, test avg acc: 0.802093
Train epoch 18, loss: 1.659874, train acc: 0.870216, train avg acc: 0.799526
Test epoch 18, loss: 1.566161, test acc: 0.882496, test avg acc: 0.825186
Train epoch 19, loss: 1.665900, train acc: 0.866857, train avg acc: 0.794563
Test epoch 19, loss: 1.592097, test acc: 0.883306, test avg acc: 0.837529
Train epoch 20, loss: 1.656289, train acc: 0.870725, train avg acc: 0.797644
Test epoch 20, loss: 1.590281, test acc: 0.884522, test avg acc: 0.809983
Train epoch 21, loss: 1.644527, train acc: 0.873575, train avg acc: 0.803925
Test epoch 21, loss: 1.560186, test acc: 0.893436, test avg acc: 0.831890
Train epoch 22, loss: 1.633502, train acc: 0.881311, train avg acc: 0.816126
Test epoch 22, loss: 1.588630, test acc: 0.887358, test avg acc: 0.845093
Train epoch 23, loss: 1.627910, train acc: 0.881515, train avg acc: 0.818277
Test epoch 23, loss: 1.601562, test acc: 0.877229, test avg acc: 0.830616
Train epoch 24, loss: 1.627420, train acc: 0.880599, train avg acc: 0.815525
Test epoch 24, loss: 1.538277, test acc: 0.896272, test avg acc: 0.832634
Train epoch 25, loss: 1.633398, train acc: 0.880904, train avg acc: 0.817956
Test epoch 25, loss: 1.575239, test acc: 0.886548, test avg acc: 0.823145
Train epoch 26, loss: 1.624126, train acc: 0.885993, train avg acc: 0.822735
Test epoch 26, loss: 1.579854, test acc: 0.883712, test avg acc: 0.819895
Train epoch 27, loss: 1.625585, train acc: 0.884263, train avg acc: 0.821276
Test epoch 27, loss: 1.577900, test acc: 0.883712, test avg acc: 0.812157
Train epoch 28, loss: 1.612688, train acc: 0.886706, train avg acc: 0.822746
Test epoch 28, loss: 1.568970, test acc: 0.894652, test avg acc: 0.846390
Train epoch 29, loss: 1.611053, train acc: 0.893933, train avg acc: 0.836250
Test epoch 29, loss: 1.560983, test acc: 0.899514, test avg acc: 0.855558
Train epoch 30, loss: 1.611270, train acc: 0.889556, train avg acc: 0.829868
Test epoch 30, loss: 1.578545, test acc: 0.883712, test avg acc: 0.835395
Train epoch 31, loss: 1.609791, train acc: 0.889047, train avg acc: 0.825999
Test epoch 31, loss: 1.543433, test acc: 0.897488, test avg acc: 0.859541
Train epoch 32, loss: 1.607622, train acc: 0.890269, train avg acc: 0.829589
Test epoch 32, loss: 1.537403, test acc: 0.905592, test avg acc: 0.858140
Train epoch 33, loss: 1.613308, train acc: 0.886808, train avg acc: 0.823621
Test epoch 33, loss: 1.561011, test acc: 0.888979, test avg acc: 0.836802
Train epoch 34, loss: 1.598681, train acc: 0.893933, train avg acc: 0.834811
Test epoch 34, loss: 1.609476, test acc: 0.875608, test avg acc: 0.839076
Train epoch 35, loss: 1.597025, train acc: 0.892814, train avg acc: 0.835031
Test epoch 35, loss: 1.557479, test acc: 0.891410, test avg acc: 0.850186
Train epoch 36, loss: 1.599626, train acc: 0.890778, train avg acc: 0.830440
Test epoch 36, loss: 1.576242, test acc: 0.887763, test avg acc: 0.838890
Train epoch 37, loss: 1.594955, train acc: 0.892915, train avg acc: 0.833872
Test epoch 37, loss: 1.561317, test acc: 0.890600, test avg acc: 0.834174
Train epoch 38, loss: 1.590719, train acc: 0.897496, train avg acc: 0.840415
Test epoch 38, loss: 1.534843, test acc: 0.899919, test avg acc: 0.855267
Train epoch 39, loss: 1.594197, train acc: 0.893730, train avg acc: 0.838833
Test epoch 39, loss: 1.586788, test acc: 0.885332, test avg acc: 0.842936
Train epoch 40, loss: 1.587506, train acc: 0.900143, train avg acc: 0.846078
Test epoch 40, loss: 1.602923, test acc: 0.868720, test avg acc: 0.807047
Train epoch 41, loss: 1.589003, train acc: 0.902382, train avg acc: 0.849394
Test epoch 41, loss: 1.553699, test acc: 0.879254, test avg acc: 0.831378
Train epoch 42, loss: 1.585506, train acc: 0.895969, train avg acc: 0.841210
Test epoch 42, loss: 1.607058, test acc: 0.881686, test avg acc: 0.826134
Train epoch 43, loss: 1.582505, train acc: 0.898819, train avg acc: 0.844918
Test epoch 43, loss: 1.580599, test acc: 0.884522, test avg acc: 0.827808
Train epoch 44, loss: 1.579475, train acc: 0.901873, train avg acc: 0.850405
Test epoch 44, loss: 1.551409, test acc: 0.885737, test avg acc: 0.856855
Train epoch 45, loss: 1.590382, train acc: 0.896885, train avg acc: 0.841655
Test epoch 45, loss: 1.554691, test acc: 0.890600, test avg acc: 0.844192
Train epoch 46, loss: 1.578394, train acc: 0.900041, train avg acc: 0.846962
Test epoch 46, loss: 1.555374, test acc: 0.892220, test avg acc: 0.844023
Train epoch 47, loss: 1.585303, train acc: 0.895969, train avg acc: 0.837358
Test epoch 47, loss: 1.528941, test acc: 0.902755, test avg acc: 0.856628
Train epoch 48, loss: 1.564632, train acc: 0.907675, train avg acc: 0.861568
Test epoch 48, loss: 1.563833, test acc: 0.876013, test avg acc: 0.828087
Train epoch 49, loss: 1.579987, train acc: 0.901364, train avg acc: 0.847454
Test epoch 49, loss: 1.527862, test acc: 0.899109, test avg acc: 0.853791
Train epoch 50, loss: 1.563939, train acc: 0.907573, train avg acc: 0.857261
Test epoch 50, loss: 1.572145, test acc: 0.891815, test avg acc: 0.844052
Train epoch 51, loss: 1.573049, train acc: 0.906963, train avg acc: 0.856120
Test epoch 51, loss: 1.547832, test acc: 0.895462, test avg acc: 0.836727
Train epoch 52, loss: 1.576321, train acc: 0.903196, train avg acc: 0.851448
Test epoch 52, loss: 1.528444, test acc: 0.907618, test avg acc: 0.868692
Train epoch 53, loss: 1.568348, train acc: 0.906352, train avg acc: 0.852662
Test epoch 53, loss: 1.545087, test acc: 0.892626, test avg acc: 0.853349
Train epoch 54, loss: 1.561797, train acc: 0.906250, train avg acc: 0.856849
Test epoch 54, loss: 1.556004, test acc: 0.901540, test avg acc: 0.846169
Train epoch 55, loss: 1.568598, train acc: 0.902687, train avg acc: 0.849345
Test epoch 55, loss: 1.580617, test acc: 0.886548, test avg acc: 0.835820
Train epoch 56, loss: 1.563443, train acc: 0.910118, train avg acc: 0.861839
Test epoch 56, loss: 1.587092, test acc: 0.867909, test avg acc: 0.809174
Train epoch 57, loss: 1.555899, train acc: 0.908489, train avg acc: 0.858077
Test epoch 57, loss: 1.542740, test acc: 0.886548, test avg acc: 0.851622
Train epoch 58, loss: 1.565667, train acc: 0.907573, train avg acc: 0.857289
Test epoch 58, loss: 1.580961, test acc: 0.884117, test avg acc: 0.830099
Train epoch 59, loss: 1.567447, train acc: 0.909100, train avg acc: 0.862123
Test epoch 59, loss: 1.551811, test acc: 0.899109, test avg acc: 0.860983
Train epoch 60, loss: 1.554960, train acc: 0.914292, train avg acc: 0.866237
Test epoch 60, loss: 1.522388, test acc: 0.910454, test avg acc: 0.864378
Train epoch 61, loss: 1.564674, train acc: 0.902586, train avg acc: 0.848500
Test epoch 61, loss: 1.564395, test acc: 0.887763, test avg acc: 0.828349
Train epoch 62, loss: 1.567892, train acc: 0.906759, train avg acc: 0.860367
Test epoch 62, loss: 1.568541, test acc: 0.875203, test avg acc: 0.831128
Train epoch 63, loss: 1.549623, train acc: 0.911238, train avg acc: 0.864598
Test epoch 63, loss: 1.512571, test acc: 0.905997, test avg acc: 0.858244
Train epoch 64, loss: 1.552014, train acc: 0.913070, train avg acc: 0.866929
Test epoch 64, loss: 1.524892, test acc: 0.898298, test avg acc: 0.855308
Train epoch 65, loss: 1.549866, train acc: 0.911645, train avg acc: 0.864571
Test epoch 65, loss: 1.533672, test acc: 0.899109, test avg acc: 0.853709
Train epoch 66, loss: 1.550818, train acc: 0.911441, train avg acc: 0.861917
Test epoch 66, loss: 1.556775, test acc: 0.892220, test avg acc: 0.846872
Train epoch 67, loss: 1.554173, train acc: 0.909711, train avg acc: 0.861109
Test epoch 67, loss: 1.569930, test acc: 0.885332, test avg acc: 0.843733
Train epoch 68, loss: 1.543129, train acc: 0.916633, train avg acc: 0.869147
Test epoch 68, loss: 1.562793, test acc: 0.881280, test avg acc: 0.839384
Train epoch 69, loss: 1.545495, train acc: 0.915920, train avg acc: 0.871506
Test epoch 69, loss: 1.567812, test acc: 0.890194, test avg acc: 0.848384
Train epoch 70, loss: 1.546590, train acc: 0.914597, train avg acc: 0.868448
Test epoch 70, loss: 1.542813, test acc: 0.903160, test avg acc: 0.858006
Train epoch 71, loss: 1.549452, train acc: 0.915106, train avg acc: 0.868811
Test epoch 71, loss: 1.552524, test acc: 0.894652, test avg acc: 0.846814
Train epoch 72, loss: 1.555832, train acc: 0.910016, train avg acc: 0.862332
Test epoch 72, loss: 1.553204, test acc: 0.888169, test avg acc: 0.864198
Train epoch 73, loss: 1.553838, train acc: 0.909406, train avg acc: 0.861803
Test epoch 73, loss: 1.538864, test acc: 0.893436, test avg acc: 0.850802
Train epoch 74, loss: 1.539566, train acc: 0.916735, train avg acc: 0.871761
Test epoch 74, loss: 1.511989, test acc: 0.901945, test avg acc: 0.861878
Train epoch 75, loss: 1.545784, train acc: 0.912459, train avg acc: 0.865954
Test epoch 75, loss: 1.505003, test acc: 0.905997, test avg acc: 0.860517
Train epoch 76, loss: 1.544147, train acc: 0.911441, train avg acc: 0.863167
Test epoch 76, loss: 1.515345, test acc: 0.901945, test avg acc: 0.861174
Train epoch 77, loss: 1.539542, train acc: 0.914699, train avg acc: 0.869855
Test epoch 77, loss: 1.511320, test acc: 0.905186, test avg acc: 0.860384
Train epoch 78, loss: 1.540264, train acc: 0.917040, train avg acc: 0.873329
Test epoch 78, loss: 1.509097, test acc: 0.908428, test avg acc: 0.860924
Train epoch 79, loss: 1.548255, train acc: 0.915513, train avg acc: 0.868059
Test epoch 79, loss: 1.530575, test acc: 0.893841, test avg acc: 0.842721
Train epoch 80, loss: 1.532737, train acc: 0.920094, train avg acc: 0.875981
Test epoch 80, loss: 1.566767, test acc: 0.896272, test avg acc: 0.861913
Train epoch 81, loss: 1.548367, train acc: 0.913172, train avg acc: 0.866396
Test epoch 81, loss: 1.536084, test acc: 0.898298, test avg acc: 0.848401
Train epoch 82, loss: 1.530111, train acc: 0.921722, train avg acc: 0.878068
Test epoch 82, loss: 1.533105, test acc: 0.900729, test avg acc: 0.847808
Train epoch 83, loss: 1.534614, train acc: 0.917243, train avg acc: 0.874352
Test epoch 83, loss: 1.582065, test acc: 0.872771, test avg acc: 0.824459
Train epoch 84, loss: 1.536840, train acc: 0.917549, train avg acc: 0.872860
Test epoch 84, loss: 1.530796, test acc: 0.894246, test avg acc: 0.863669
Train epoch 85, loss: 1.543234, train acc: 0.916124, train avg acc: 0.870508
Test epoch 85, loss: 1.543332, test acc: 0.895057, test avg acc: 0.851634
Train epoch 86, loss: 1.525487, train acc: 0.921112, train avg acc: 0.877477
Test epoch 86, loss: 1.495467, test acc: 0.910859, test avg acc: 0.846965
Train epoch 87, loss: 1.543049, train acc: 0.916327, train avg acc: 0.872228
Test epoch 87, loss: 1.556490, test acc: 0.884927, test avg acc: 0.818140
Train epoch 88, loss: 1.531830, train acc: 0.919483, train avg acc: 0.874855
Test epoch 88, loss: 1.501230, test acc: 0.905186, test avg acc: 0.850378
Train epoch 89, loss: 1.538418, train acc: 0.915818, train avg acc: 0.871430
Test epoch 89, loss: 1.522205, test acc: 0.901540, test avg acc: 0.855041
Train epoch 90, loss: 1.536227, train acc: 0.919585, train avg acc: 0.877391
Test epoch 90, loss: 1.500880, test acc: 0.918152, test avg acc: 0.870453
Train epoch 91, loss: 1.530239, train acc: 0.922333, train avg acc: 0.878378
Test epoch 91, loss: 1.527487, test acc: 0.903160, test avg acc: 0.853355
Train epoch 92, loss: 1.526397, train acc: 0.922333, train avg acc: 0.880024
Test epoch 92, loss: 1.550812, test acc: 0.891005, test avg acc: 0.844000
Train epoch 93, loss: 1.528055, train acc: 0.920094, train avg acc: 0.873910
Test epoch 93, loss: 1.499840, test acc: 0.908833, test avg acc: 0.858122
Train epoch 94, loss: 1.542097, train acc: 0.914292, train avg acc: 0.868583
Test epoch 94, loss: 1.536283, test acc: 0.899919, test avg acc: 0.867587
Train epoch 95, loss: 1.521943, train acc: 0.924878, train avg acc: 0.887877
Test epoch 95, loss: 1.499228, test acc: 0.907212, test avg acc: 0.853500
Train epoch 96, loss: 1.530062, train acc: 0.920704, train avg acc: 0.877408
Test epoch 96, loss: 1.515630, test acc: 0.904781, test avg acc: 0.849221
Train epoch 97, loss: 1.524507, train acc: 0.920094, train avg acc: 0.875638
Test epoch 97, loss: 1.511758, test acc: 0.900324, test avg acc: 0.855663
Train epoch 98, loss: 1.528580, train acc: 0.919585, train avg acc: 0.876239
Test epoch 98, loss: 1.550052, test acc: 0.908833, test avg acc: 0.863802
Train epoch 99, loss: 1.521186, train acc: 0.927117, train avg acc: 0.886825
Test epoch 99, loss: 1.513328, test acc: 0.910454, test avg acc: 0.869680
Train epoch 100, loss: 1.516315, train acc: 0.926099, train avg acc: 0.884102
Test epoch 100, loss: 1.533457, test acc: 0.898703, test avg acc: 0.841000
Train epoch 101, loss: 1.523177, train acc: 0.922537, train avg acc: 0.880968
Test epoch 101, loss: 1.536210, test acc: 0.904376, test avg acc: 0.861674
Train epoch 102, loss: 1.527266, train acc: 0.923147, train avg acc: 0.881282
Test epoch 102, loss: 1.477389, test acc: 0.913290, test avg acc: 0.861500
Train epoch 103, loss: 1.518057, train acc: 0.924165, train avg acc: 0.881587
Test epoch 103, loss: 1.549229, test acc: 0.894246, test avg acc: 0.845890
Train epoch 104, loss: 1.525452, train acc: 0.921621, train avg acc: 0.880012
Test epoch 104, loss: 1.505476, test acc: 0.911264, test avg acc: 0.851616
Train epoch 105, loss: 1.516934, train acc: 0.922944, train avg acc: 0.884152
Test epoch 105, loss: 1.526054, test acc: 0.904376, test avg acc: 0.861035
Train epoch 106, loss: 1.517559, train acc: 0.927524, train avg acc: 0.887282
Test epoch 106, loss: 1.535334, test acc: 0.897893, test avg acc: 0.859616
Train epoch 107, loss: 1.519848, train acc: 0.922435, train avg acc: 0.885061
Test epoch 107, loss: 1.537284, test acc: 0.892220, test avg acc: 0.853721
Train epoch 108, loss: 1.516804, train acc: 0.925183, train avg acc: 0.885386
Test epoch 108, loss: 1.543725, test acc: 0.901135, test avg acc: 0.858686
Train epoch 109, loss: 1.521534, train acc: 0.924471, train avg acc: 0.884051
Test epoch 109, loss: 1.509498, test acc: 0.904376, test avg acc: 0.852622
Train epoch 110, loss: 1.517973, train acc: 0.925489, train avg acc: 0.882469
Test epoch 110, loss: 1.504503, test acc: 0.913695, test avg acc: 0.872703
Train epoch 111, loss: 1.509249, train acc: 0.929458, train avg acc: 0.892531
Test epoch 111, loss: 1.531857, test acc: 0.907618, test avg acc: 0.843087
Train epoch 112, loss: 1.520620, train acc: 0.924064, train avg acc: 0.882410
Test epoch 112, loss: 1.523550, test acc: 0.901945, test avg acc: 0.867372
Train epoch 113, loss: 1.516786, train acc: 0.926201, train avg acc: 0.889272
Test epoch 113, loss: 1.554609, test acc: 0.899109, test avg acc: 0.863837
Train epoch 114, loss: 1.510872, train acc: 0.929764, train avg acc: 0.889230
Test epoch 114, loss: 1.505860, test acc: 0.899514, test avg acc: 0.849971
Train epoch 115, loss: 1.509855, train acc: 0.925692, train avg acc: 0.887090
Test epoch 115, loss: 1.515861, test acc: 0.905997, test avg acc: 0.871535
Train epoch 116, loss: 1.508267, train acc: 0.930680, train avg acc: 0.895005
Test epoch 116, loss: 1.514212, test acc: 0.909238, test avg acc: 0.862477
Train epoch 117, loss: 1.517466, train acc: 0.927932, train avg acc: 0.890778
Test epoch 117, loss: 1.537151, test acc: 0.888574, test avg acc: 0.835047
Train epoch 118, loss: 1.515997, train acc: 0.923860, train avg acc: 0.880293
Test epoch 118, loss: 1.506126, test acc: 0.908833, test avg acc: 0.862297
Train epoch 119, loss: 1.514076, train acc: 0.925387, train avg acc: 0.887991
Test epoch 119, loss: 1.621002, test acc: 0.853728, test avg acc: 0.811733
Train epoch 120, loss: 1.517542, train acc: 0.927219, train avg acc: 0.887229
Test epoch 120, loss: 1.484547, test acc: 0.915316, test avg acc: 0.869262
Train epoch 121, loss: 1.512276, train acc: 0.928746, train avg acc: 0.891361
Test epoch 121, loss: 1.515797, test acc: 0.904781, test avg acc: 0.868698
Train epoch 122, loss: 1.507308, train acc: 0.928033, train avg acc: 0.893442
Test epoch 122, loss: 1.497580, test acc: 0.911669, test avg acc: 0.850134
Train epoch 123, loss: 1.515559, train acc: 0.926710, train avg acc: 0.888642
Test epoch 123, loss: 1.508532, test acc: 0.914506, test avg acc: 0.863047
Train epoch 124, loss: 1.509803, train acc: 0.930476, train avg acc: 0.895106
Test epoch 124, loss: 1.530645, test acc: 0.896272, test avg acc: 0.842384
Train epoch 125, loss: 1.510856, train acc: 0.929255, train avg acc: 0.891541
Test epoch 125, loss: 1.529901, test acc: 0.894246, test avg acc: 0.861302
Train epoch 126, loss: 1.509568, train acc: 0.927932, train avg acc: 0.891050
Test epoch 126, loss: 1.527774, test acc: 0.901135, test avg acc: 0.858547
Train epoch 127, loss: 1.505990, train acc: 0.930171, train avg acc: 0.894731
Test epoch 127, loss: 1.501295, test acc: 0.903971, test avg acc: 0.862471
Train epoch 128, loss: 1.494581, train acc: 0.934752, train avg acc: 0.902624
Test epoch 128, loss: 1.533551, test acc: 0.891815, test avg acc: 0.867942
Train epoch 129, loss: 1.501095, train acc: 0.931291, train avg acc: 0.894672
Test epoch 129, loss: 1.530061, test acc: 0.899109, test avg acc: 0.864262
Train epoch 130, loss: 1.497274, train acc: 0.932818, train avg acc: 0.897367
Test epoch 130, loss: 1.553871, test acc: 0.891410, test avg acc: 0.840378
Train epoch 131, loss: 1.502831, train acc: 0.933021, train avg acc: 0.897562
Test epoch 131, loss: 1.543838, test acc: 0.899109, test avg acc: 0.863488
Train epoch 132, loss: 1.493785, train acc: 0.935464, train avg acc: 0.898479
Test epoch 132, loss: 1.519953, test acc: 0.898703, test avg acc: 0.863884
Train epoch 133, loss: 1.502586, train acc: 0.932309, train avg acc: 0.898216
Test epoch 133, loss: 1.490848, test acc: 0.911669, test avg acc: 0.871203
Train epoch 134, loss: 1.506902, train acc: 0.931087, train avg acc: 0.895222
Test epoch 134, loss: 1.559939, test acc: 0.879254, test avg acc: 0.846703
Train epoch 135, loss: 1.499199, train acc: 0.929866, train avg acc: 0.891667
Test epoch 135, loss: 1.503254, test acc: 0.901540, test avg acc: 0.862622
Train epoch 136, loss: 1.501836, train acc: 0.932818, train avg acc: 0.896506
Test epoch 136, loss: 1.522704, test acc: 0.910454, test avg acc: 0.858465
Train epoch 137, loss: 1.497351, train acc: 0.932410, train avg acc: 0.896565
Test epoch 137, loss: 1.500277, test acc: 0.905592, test avg acc: 0.873762
Train epoch 138, loss: 1.494515, train acc: 0.933632, train avg acc: 0.900266
Test epoch 138, loss: 1.535967, test acc: 0.894652, test avg acc: 0.874390
Train epoch 139, loss: 1.490532, train acc: 0.939332, train avg acc: 0.907939
Test epoch 139, loss: 1.497154, test acc: 0.910859, test avg acc: 0.868203
Train epoch 140, loss: 1.499646, train acc: 0.932716, train avg acc: 0.899384
Test epoch 140, loss: 1.516518, test acc: 0.900324, test avg acc: 0.880215
Train epoch 141, loss: 1.507969, train acc: 0.929662, train avg acc: 0.891982
Test epoch 141, loss: 1.538865, test acc: 0.891815, test avg acc: 0.854895
Train epoch 142, loss: 1.503316, train acc: 0.931087, train avg acc: 0.897211
Test epoch 142, loss: 1.553250, test acc: 0.885332, test avg acc: 0.859634
Train epoch 143, loss: 1.499122, train acc: 0.932919, train avg acc: 0.896133
Test epoch 143, loss: 1.543996, test acc: 0.912480, test avg acc: 0.883000
Train epoch 144, loss: 1.494395, train acc: 0.934243, train avg acc: 0.899860
Test epoch 144, loss: 1.481907, test acc: 0.916532, test avg acc: 0.876035
Train epoch 145, loss: 1.501779, train acc: 0.932818, train avg acc: 0.897414
Test epoch 145, loss: 1.505137, test acc: 0.905997, test avg acc: 0.851215
Train epoch 146, loss: 1.494613, train acc: 0.932716, train avg acc: 0.896362
Test epoch 146, loss: 1.527182, test acc: 0.894652, test avg acc: 0.852453
Train epoch 147, loss: 1.490880, train acc: 0.935668, train avg acc: 0.898825
Test epoch 147, loss: 1.526683, test acc: 0.897893, test avg acc: 0.863959
Train epoch 148, loss: 1.496414, train acc: 0.932309, train avg acc: 0.895044
Test epoch 148, loss: 1.531632, test acc: 0.905186, test avg acc: 0.870541
Train epoch 149, loss: 1.497263, train acc: 0.934243, train avg acc: 0.903571
Test epoch 149, loss: 1.560168, test acc: 0.899919, test avg acc: 0.851134
Train epoch 150, loss: 1.492538, train acc: 0.938213, train avg acc: 0.905943
Test epoch 150, loss: 1.525700, test acc: 0.900729, test avg acc: 0.843552
Train epoch 151, loss: 1.495904, train acc: 0.932818, train avg acc: 0.894294
Test epoch 151, loss: 1.501529, test acc: 0.911264, test avg acc: 0.875587
Train epoch 152, loss: 1.492391, train acc: 0.935261, train avg acc: 0.905493
Test epoch 152, loss: 1.491208, test acc: 0.905997, test avg acc: 0.873750
Train epoch 153, loss: 1.483320, train acc: 0.938111, train avg acc: 0.902702
Test epoch 153, loss: 1.517775, test acc: 0.900324, test avg acc: 0.874843
Train epoch 154, loss: 1.484705, train acc: 0.938721, train avg acc: 0.908001
Test epoch 154, loss: 1.523138, test acc: 0.899109, test avg acc: 0.857634
Train epoch 155, loss: 1.490726, train acc: 0.935668, train avg acc: 0.901422
Test epoch 155, loss: 1.552903, test acc: 0.887358, test avg acc: 0.863198
Train epoch 156, loss: 1.484047, train acc: 0.937602, train avg acc: 0.904052
Test epoch 156, loss: 1.536310, test acc: 0.901945, test avg acc: 0.866378
Train epoch 157, loss: 1.490352, train acc: 0.938721, train avg acc: 0.908971
Test epoch 157, loss: 1.514487, test acc: 0.900729, test avg acc: 0.875843
Train epoch 158, loss: 1.489561, train acc: 0.934752, train avg acc: 0.899938
Test epoch 158, loss: 1.511002, test acc: 0.899514, test avg acc: 0.874209
Train epoch 159, loss: 1.479798, train acc: 0.942488, train avg acc: 0.911490
Test epoch 159, loss: 1.522223, test acc: 0.909238, test avg acc: 0.865087
Train epoch 160, loss: 1.485283, train acc: 0.936075, train avg acc: 0.900448
Test epoch 160, loss: 1.536376, test acc: 0.882091, test avg acc: 0.851215
Train epoch 161, loss: 1.499639, train acc: 0.930884, train avg acc: 0.894153
Test epoch 161, loss: 1.492289, test acc: 0.911669, test avg acc: 0.855337
Train epoch 162, loss: 1.492725, train acc: 0.932207, train avg acc: 0.897109
Test epoch 162, loss: 1.499840, test acc: 0.905997, test avg acc: 0.862994
Train epoch 163, loss: 1.487920, train acc: 0.939027, train avg acc: 0.904468
Test epoch 163, loss: 1.518713, test acc: 0.903971, test avg acc: 0.862552
Train epoch 164, loss: 1.477873, train acc: 0.938314, train avg acc: 0.908486
Test epoch 164, loss: 1.516334, test acc: 0.896677, test avg acc: 0.864285
Train epoch 165, loss: 1.484359, train acc: 0.938213, train avg acc: 0.904998
Test epoch 165, loss: 1.508967, test acc: 0.912480, test avg acc: 0.869756
Train epoch 166, loss: 1.481245, train acc: 0.938823, train avg acc: 0.906205
Test epoch 166, loss: 1.504847, test acc: 0.902755, test avg acc: 0.857337
Train epoch 167, loss: 1.483871, train acc: 0.939129, train avg acc: 0.905403
Test epoch 167, loss: 1.527819, test acc: 0.896677, test avg acc: 0.870715
Train epoch 168, loss: 1.490678, train acc: 0.931291, train avg acc: 0.898003
Test epoch 168, loss: 1.507929, test acc: 0.896272, test avg acc: 0.861483
Train epoch 169, loss: 1.471864, train acc: 0.942386, train avg acc: 0.912597
Test epoch 169, loss: 1.501549, test acc: 0.907618, test avg acc: 0.859878
Train epoch 170, loss: 1.479743, train acc: 0.940248, train avg acc: 0.909934
Test epoch 170, loss: 1.490679, test acc: 0.911264, test avg acc: 0.863831
Train epoch 171, loss: 1.498212, train acc: 0.933123, train avg acc: 0.896995
Test epoch 171, loss: 1.495291, test acc: 0.905186, test avg acc: 0.866465
Train epoch 172, loss: 1.485314, train acc: 0.937704, train avg acc: 0.903507
Test epoch 172, loss: 1.497314, test acc: 0.906402, test avg acc: 0.864256
Train epoch 173, loss: 1.468830, train acc: 0.946865, train avg acc: 0.917054
Test epoch 173, loss: 1.488663, test acc: 0.914911, test avg acc: 0.882581
Train epoch 174, loss: 1.480921, train acc: 0.939739, train avg acc: 0.908796
Test epoch 174, loss: 1.502082, test acc: 0.901540, test avg acc: 0.869349
Train epoch 175, loss: 1.480303, train acc: 0.938518, train avg acc: 0.906666
Test epoch 175, loss: 1.528595, test acc: 0.901540, test avg acc: 0.874250
Train epoch 176, loss: 1.477872, train acc: 0.940147, train avg acc: 0.909861
Test epoch 176, loss: 1.530084, test acc: 0.901540, test avg acc: 0.848924
Train epoch 177, loss: 1.475410, train acc: 0.942997, train avg acc: 0.911934
Test epoch 177, loss: 1.549683, test acc: 0.885737, test avg acc: 0.867337
Train epoch 178, loss: 1.477639, train acc: 0.941470, train avg acc: 0.911749
Test epoch 178, loss: 1.485013, test acc: 0.913695, test avg acc: 0.879256
Train epoch 179, loss: 1.472860, train acc: 0.941877, train avg acc: 0.911242
Test epoch 179, loss: 1.523285, test acc: 0.895867, test avg acc: 0.860390
Train epoch 180, loss: 1.486347, train acc: 0.937500, train avg acc: 0.904719
Test epoch 180, loss: 1.486080, test acc: 0.906402, test avg acc: 0.868634
Train epoch 181, loss: 1.473465, train acc: 0.942081, train avg acc: 0.912514
Test epoch 181, loss: 1.487706, test acc: 0.917342, test avg acc: 0.877128
Train epoch 182, loss: 1.474185, train acc: 0.941877, train avg acc: 0.914648
Test epoch 182, loss: 1.513053, test acc: 0.905592, test avg acc: 0.855058
Train epoch 183, loss: 1.463088, train acc: 0.946356, train avg acc: 0.916607
Test epoch 183, loss: 1.493082, test acc: 0.903971, test avg acc: 0.873291
Train epoch 184, loss: 1.475828, train acc: 0.941063, train avg acc: 0.911010
Test epoch 184, loss: 1.503748, test acc: 0.908023, test avg acc: 0.872756
Train epoch 185, loss: 1.472734, train acc: 0.940452, train avg acc: 0.906053
Test epoch 185, loss: 1.501767, test acc: 0.903566, test avg acc: 0.878913
Train epoch 186, loss: 1.474927, train acc: 0.941164, train avg acc: 0.909808
Test epoch 186, loss: 1.498172, test acc: 0.908833, test avg acc: 0.867006
Train epoch 187, loss: 1.472406, train acc: 0.944320, train avg acc: 0.914189
Test epoch 187, loss: 1.520215, test acc: 0.886953, test avg acc: 0.856459
Train epoch 188, loss: 1.471112, train acc: 0.946865, train avg acc: 0.920882
Test epoch 188, loss: 1.505674, test acc: 0.901945, test avg acc: 0.859593
Train epoch 189, loss: 1.469464, train acc: 0.945338, train avg acc: 0.915942
Test epoch 189, loss: 1.523607, test acc: 0.895462, test avg acc: 0.852965
Train epoch 190, loss: 1.463546, train acc: 0.945745, train avg acc: 0.917898
Test epoch 190, loss: 1.499414, test acc: 0.898703, test avg acc: 0.871023
Train epoch 191, loss: 1.468624, train acc: 0.944116, train avg acc: 0.913988
Test epoch 191, loss: 1.541553, test acc: 0.886548, test avg acc: 0.853948
Train epoch 192, loss: 1.471586, train acc: 0.943200, train avg acc: 0.911365
Test epoch 192, loss: 1.504934, test acc: 0.912885, test avg acc: 0.892465
Train epoch 193, loss: 1.464929, train acc: 0.945033, train avg acc: 0.913957
Test epoch 193, loss: 1.507417, test acc: 0.903566, test avg acc: 0.866047
Train epoch 194, loss: 1.463460, train acc: 0.945542, train avg acc: 0.917113
Test epoch 194, loss: 1.506119, test acc: 0.910859, test avg acc: 0.862209
Train epoch 195, loss: 1.472825, train acc: 0.941775, train avg acc: 0.909505
Test epoch 195, loss: 1.499982, test acc: 0.903566, test avg acc: 0.878314
Train epoch 196, loss: 1.463724, train acc: 0.946559, train avg acc: 0.915470
Test epoch 196, loss: 1.504716, test acc: 0.903971, test avg acc: 0.870797
Train epoch 197, loss: 1.468337, train acc: 0.942895, train avg acc: 0.911698
Test epoch 197, loss: 1.504800, test acc: 0.892626, test avg acc: 0.860500
Train epoch 198, loss: 1.466680, train acc: 0.943709, train avg acc: 0.915954
Test epoch 198, loss: 1.489123, test acc: 0.914100, test avg acc: 0.871459
Train epoch 199, loss: 1.467758, train acc: 0.941572, train avg acc: 0.909034
Test epoch 199, loss: 1.482056, test acc: 0.910454, test avg acc: 0.870517
Train epoch 200, loss: 1.460224, train acc: 0.947679, train avg acc: 0.921796
Test epoch 200, loss: 1.508468, test acc: 0.905592, test avg acc: 0.881378
Train epoch 201, loss: 1.468020, train acc: 0.943099, train avg acc: 0.912612
Test epoch 201, loss: 1.501347, test acc: 0.906402, test avg acc: 0.860599
Train epoch 202, loss: 1.467743, train acc: 0.944727, train avg acc: 0.918574
Test epoch 202, loss: 1.500998, test acc: 0.909238, test avg acc: 0.874948
Train epoch 203, loss: 1.460874, train acc: 0.949002, train avg acc: 0.922890
Test epoch 203, loss: 1.495565, test acc: 0.908023, test avg acc: 0.869465
Train epoch 204, loss: 1.467840, train acc: 0.941877, train avg acc: 0.910004
Test epoch 204, loss: 1.538300, test acc: 0.885737, test avg acc: 0.859006
Train epoch 205, loss: 1.461929, train acc: 0.946865, train avg acc: 0.920228
Test epoch 205, loss: 1.523920, test acc: 0.893436, test avg acc: 0.851791
Train epoch 206, loss: 1.450183, train acc: 0.951954, train avg acc: 0.924271
Test epoch 206, loss: 1.499614, test acc: 0.910859, test avg acc: 0.879547
Train epoch 207, loss: 1.464140, train acc: 0.947068, train avg acc: 0.920780
Test epoch 207, loss: 1.490033, test acc: 0.907212, test avg acc: 0.880453
Train epoch 208, loss: 1.451422, train acc: 0.951649, train avg acc: 0.925773
Test epoch 208, loss: 1.475005, test acc: 0.909643, test avg acc: 0.870547
Train epoch 209, loss: 1.462497, train acc: 0.945847, train avg acc: 0.916773
Test epoch 209, loss: 1.489540, test acc: 0.912075, test avg acc: 0.886076
Train epoch 210, loss: 1.449671, train acc: 0.953685, train avg acc: 0.928391
Test epoch 210, loss: 1.507371, test acc: 0.914100, test avg acc: 0.876215
Train epoch 211, loss: 1.467569, train acc: 0.943099, train avg acc: 0.913344
Test epoch 211, loss: 1.507822, test acc: 0.898703, test avg acc: 0.846831
Train epoch 212, loss: 1.456172, train acc: 0.947476, train avg acc: 0.918515
Test epoch 212, loss: 1.491426, test acc: 0.903160, test avg acc: 0.869547
Train epoch 213, loss: 1.451510, train acc: 0.948595, train avg acc: 0.920036
Test epoch 213, loss: 1.479006, test acc: 0.911264, test avg acc: 0.877959
Train epoch 214, loss: 1.451260, train acc: 0.948901, train avg acc: 0.923394
Test epoch 214, loss: 1.494828, test acc: 0.905186, test avg acc: 0.871087
Train epoch 215, loss: 1.458961, train acc: 0.948188, train avg acc: 0.918484
Test epoch 215, loss: 1.483028, test acc: 0.916937, test avg acc: 0.872587
Train epoch 216, loss: 1.452949, train acc: 0.946661, train avg acc: 0.915285
Test epoch 216, loss: 1.518020, test acc: 0.901540, test avg acc: 0.871709
Train epoch 217, loss: 1.456294, train acc: 0.948901, train avg acc: 0.920858
Test epoch 217, loss: 1.477290, test acc: 0.914911, test avg acc: 0.875041
Train epoch 218, loss: 1.448897, train acc: 0.950020, train avg acc: 0.924413
Test epoch 218, loss: 1.500309, test acc: 0.906807, test avg acc: 0.873128
Train epoch 219, loss: 1.456403, train acc: 0.947068, train avg acc: 0.918382
Test epoch 219, loss: 1.509416, test acc: 0.901135, test avg acc: 0.868727
Train epoch 220, loss: 1.449879, train acc: 0.950631, train avg acc: 0.925673
Test epoch 220, loss: 1.507243, test acc: 0.899919, test avg acc: 0.869424
Train epoch 221, loss: 1.456482, train acc: 0.948188, train avg acc: 0.918992
Test epoch 221, loss: 1.491134, test acc: 0.910859, test avg acc: 0.879052
Train epoch 222, loss: 1.457198, train acc: 0.948290, train avg acc: 0.920087
Test epoch 222, loss: 1.486770, test acc: 0.903160, test avg acc: 0.868203
Train epoch 223, loss: 1.455091, train acc: 0.947679, train avg acc: 0.919433
Test epoch 223, loss: 1.477459, test acc: 0.916126, test avg acc: 0.884459
Train epoch 224, loss: 1.442303, train acc: 0.954296, train avg acc: 0.927866
Test epoch 224, loss: 1.516692, test acc: 0.904781, test avg acc: 0.859331
Train epoch 225, loss: 1.448967, train acc: 0.951954, train avg acc: 0.926654
Test epoch 225, loss: 1.480157, test acc: 0.908023, test avg acc: 0.877000
Train epoch 226, loss: 1.449528, train acc: 0.952565, train avg acc: 0.926797
Test epoch 226, loss: 1.491296, test acc: 0.905186, test avg acc: 0.867878
Train epoch 227, loss: 1.449254, train acc: 0.950835, train avg acc: 0.925761
Test epoch 227, loss: 1.484201, test acc: 0.923015, test avg acc: 0.895291
Train epoch 228, loss: 1.446797, train acc: 0.954092, train avg acc: 0.930625
Test epoch 228, loss: 1.467409, test acc: 0.911669, test avg acc: 0.874297
Train epoch 229, loss: 1.458563, train acc: 0.949002, train avg acc: 0.922235
Test epoch 229, loss: 1.504185, test acc: 0.905592, test avg acc: 0.876512
Train epoch 230, loss: 1.443144, train acc: 0.951954, train avg acc: 0.927747
Test epoch 230, loss: 1.495237, test acc: 0.908833, test avg acc: 0.876994
Train epoch 231, loss: 1.451374, train acc: 0.950529, train avg acc: 0.924218
Test epoch 231, loss: 1.540986, test acc: 0.876823, test avg acc: 0.844343
Train epoch 232, loss: 1.449793, train acc: 0.950631, train avg acc: 0.923488
Test epoch 232, loss: 1.489313, test acc: 0.907212, test avg acc: 0.868174
Train epoch 233, loss: 1.432467, train acc: 0.958978, train avg acc: 0.936259
Test epoch 233, loss: 1.492170, test acc: 0.909238, test avg acc: 0.875744
Train epoch 234, loss: 1.433742, train acc: 0.957757, train avg acc: 0.934418
Test epoch 234, loss: 1.486731, test acc: 0.902350, test avg acc: 0.857837
Train epoch 235, loss: 1.442364, train acc: 0.954397, train avg acc: 0.929965
Test epoch 235, loss: 1.477135, test acc: 0.918963, test avg acc: 0.879116
Train epoch 236, loss: 1.448902, train acc: 0.950326, train avg acc: 0.926036
Test epoch 236, loss: 1.508253, test acc: 0.902755, test avg acc: 0.872802
Train epoch 237, loss: 1.439809, train acc: 0.956942, train avg acc: 0.932950
Test epoch 237, loss: 1.521201, test acc: 0.896272, test avg acc: 0.864238
Train epoch 238, loss: 1.436219, train acc: 0.960403, train avg acc: 0.940086
Test epoch 238, loss: 1.474415, test acc: 0.910859, test avg acc: 0.877291
Train epoch 239, loss: 1.441112, train acc: 0.955008, train avg acc: 0.931870
Test epoch 239, loss: 1.466628, test acc: 0.923015, test avg acc: 0.893791
Train epoch 240, loss: 1.443719, train acc: 0.951344, train avg acc: 0.925023
Test epoch 240, loss: 1.479699, test acc: 0.910859, test avg acc: 0.878581
Train epoch 241, loss: 1.446408, train acc: 0.951547, train avg acc: 0.926461
Test epoch 241, loss: 1.485302, test acc: 0.909643, test avg acc: 0.852227
Train epoch 242, loss: 1.444866, train acc: 0.956739, train avg acc: 0.934393
Test epoch 242, loss: 1.481937, test acc: 0.916126, test avg acc: 0.876122
Train epoch 243, loss: 1.442569, train acc: 0.953990, train avg acc: 0.930094
Test epoch 243, loss: 1.517256, test acc: 0.905997, test avg acc: 0.874663
Train epoch 244, loss: 1.434355, train acc: 0.955924, train avg acc: 0.931224
Test epoch 244, loss: 1.499936, test acc: 0.904376, test avg acc: 0.862465
Train epoch 245, loss: 1.439863, train acc: 0.956942, train avg acc: 0.932714
Test epoch 245, loss: 1.492744, test acc: 0.907212, test avg acc: 0.876907
Train epoch 246, loss: 1.435409, train acc: 0.957451, train avg acc: 0.935925
Test epoch 246, loss: 1.507329, test acc: 0.901540, test avg acc: 0.865128
Train epoch 247, loss: 1.439169, train acc: 0.954194, train avg acc: 0.927251
Test epoch 247, loss: 1.491947, test acc: 0.905997, test avg acc: 0.886000
Train epoch 248, loss: 1.437592, train acc: 0.955415, train avg acc: 0.929266
Test epoch 248, loss: 1.482300, test acc: 0.910454, test avg acc: 0.876890
Train epoch 249, loss: 1.434559, train acc: 0.956637, train avg acc: 0.932052
Test epoch 249, loss: 1.485020, test acc: 0.910454, test avg acc: 0.876791
Train epoch 250, loss: 1.434502, train acc: 0.956230, train avg acc: 0.931964
Test epoch 250, loss: 1.473593, test acc: 0.909643, test avg acc: 0.875471
Train epoch 251, loss: 1.423839, train acc: 0.961014, train avg acc: 0.940373
Test epoch 251, loss: 1.477012, test acc: 0.908428, test avg acc: 0.868256
Train epoch 252, loss: 1.428912, train acc: 0.959792, train avg acc: 0.939334
Test epoch 252, loss: 1.493630, test acc: 0.901945, test avg acc: 0.861430
Train epoch 253, loss: 1.435260, train acc: 0.956026, train avg acc: 0.932116
Test epoch 253, loss: 1.496015, test acc: 0.907618, test avg acc: 0.870017
Train epoch 254, loss: 1.435224, train acc: 0.954499, train avg acc: 0.928928
Test epoch 254, loss: 1.494124, test acc: 0.911669, test avg acc: 0.875703
Train epoch 255, loss: 1.426793, train acc: 0.957553, train avg acc: 0.934921
Test epoch 255, loss: 1.469859, test acc: 0.912885, test avg acc: 0.883041
Train epoch 256, loss: 1.435858, train acc: 0.956942, train avg acc: 0.933270
Test epoch 256, loss: 1.517008, test acc: 0.904376, test avg acc: 0.871471
Train epoch 257, loss: 1.421459, train acc: 0.962235, train avg acc: 0.942850
Test epoch 257, loss: 1.510439, test acc: 0.893436, test avg acc: 0.858762
Train epoch 258, loss: 1.425383, train acc: 0.959283, train avg acc: 0.937346
Test epoch 258, loss: 1.465158, test acc: 0.920583, test avg acc: 0.882209
Train epoch 259, loss: 1.428349, train acc: 0.958265, train avg acc: 0.933864
Test epoch 259, loss: 1.478903, test acc: 0.910049, test avg acc: 0.874581
Train epoch 260, loss: 1.434641, train acc: 0.957248, train avg acc: 0.933373
Test epoch 260, loss: 1.477120, test acc: 0.911669, test avg acc: 0.872291
Train epoch 261, loss: 1.430326, train acc: 0.960403, train avg acc: 0.939966
Test epoch 261, loss: 1.495011, test acc: 0.902755, test avg acc: 0.875837
Train epoch 262, loss: 1.429885, train acc: 0.958978, train avg acc: 0.937728
Test epoch 262, loss: 1.482909, test acc: 0.909238, test avg acc: 0.878035
Train epoch 263, loss: 1.422657, train acc: 0.960810, train avg acc: 0.941100
Test epoch 263, loss: 1.501922, test acc: 0.905997, test avg acc: 0.866041
Train epoch 264, loss: 1.424677, train acc: 0.960607, train avg acc: 0.940853
Test epoch 264, loss: 1.502955, test acc: 0.903566, test avg acc: 0.865930
Train epoch 265, loss: 1.426859, train acc: 0.959385, train avg acc: 0.937522
Test epoch 265, loss: 1.489229, test acc: 0.905186, test avg acc: 0.866837
Train epoch 266, loss: 1.420163, train acc: 0.962744, train avg acc: 0.941085
Test epoch 266, loss: 1.518653, test acc: 0.901945, test avg acc: 0.880419
Train epoch 267, loss: 1.423497, train acc: 0.961421, train avg acc: 0.941557
Test epoch 267, loss: 1.467901, test acc: 0.919773, test avg acc: 0.882006
Train epoch 268, loss: 1.424932, train acc: 0.959182, train avg acc: 0.936530
Test epoch 268, loss: 1.481056, test acc: 0.904781, test avg acc: 0.878419
Train epoch 269, loss: 1.423461, train acc: 0.960505, train avg acc: 0.941159
Test epoch 269, loss: 1.495219, test acc: 0.913290, test avg acc: 0.886250
Train epoch 270, loss: 1.414200, train acc: 0.963253, train avg acc: 0.943820
Test epoch 270, loss: 1.463667, test acc: 0.914911, test avg acc: 0.876081
Train epoch 271, loss: 1.415503, train acc: 0.962643, train avg acc: 0.943310
Test epoch 271, loss: 1.493249, test acc: 0.903971, test avg acc: 0.872203
Train epoch 272, loss: 1.417815, train acc: 0.962846, train avg acc: 0.944440
Test epoch 272, loss: 1.476002, test acc: 0.913290, test avg acc: 0.877744
Train epoch 273, loss: 1.420044, train acc: 0.962337, train avg acc: 0.943575
Test epoch 273, loss: 1.483099, test acc: 0.908833, test avg acc: 0.879750
Train epoch 274, loss: 1.419958, train acc: 0.964475, train avg acc: 0.944878
Test epoch 274, loss: 1.472210, test acc: 0.912480, test avg acc: 0.885041
Train epoch 275, loss: 1.411635, train acc: 0.963253, train avg acc: 0.942295
Test epoch 275, loss: 1.464565, test acc: 0.914506, test avg acc: 0.872169
Train epoch 276, loss: 1.419164, train acc: 0.962643, train avg acc: 0.944686
Test epoch 276, loss: 1.504377, test acc: 0.900324, test avg acc: 0.871076
Train epoch 277, loss: 1.419921, train acc: 0.963559, train avg acc: 0.947464
Test epoch 277, loss: 1.486000, test acc: 0.917747, test avg acc: 0.889326
Train epoch 278, loss: 1.411175, train acc: 0.964169, train avg acc: 0.941973
Test epoch 278, loss: 1.484824, test acc: 0.915316, test avg acc: 0.868622
Train epoch 279, loss: 1.411574, train acc: 0.966918, train avg acc: 0.948951
Test epoch 279, loss: 1.470377, test acc: 0.927472, test avg acc: 0.881616
Train epoch 280, loss: 1.415973, train acc: 0.963966, train avg acc: 0.942362
Test epoch 280, loss: 1.466813, test acc: 0.916126, test avg acc: 0.885750
Train epoch 281, loss: 1.412325, train acc: 0.964475, train avg acc: 0.946591
Test epoch 281, loss: 1.491392, test acc: 0.903160, test avg acc: 0.868081
Train epoch 282, loss: 1.412328, train acc: 0.963966, train avg acc: 0.945226
Test epoch 282, loss: 1.471731, test acc: 0.916532, test avg acc: 0.876134
Train epoch 283, loss: 1.413671, train acc: 0.965086, train avg acc: 0.948414
Test epoch 283, loss: 1.477563, test acc: 0.914911, test avg acc: 0.882459
Train epoch 284, loss: 1.408462, train acc: 0.965594, train avg acc: 0.948079
Test epoch 284, loss: 1.476156, test acc: 0.912480, test avg acc: 0.871622
Train epoch 285, loss: 1.414972, train acc: 0.962948, train avg acc: 0.944753
Test epoch 285, loss: 1.465071, test acc: 0.920583, test avg acc: 0.881709
Train epoch 286, loss: 1.423420, train acc: 0.961523, train avg acc: 0.941350
Test epoch 286, loss: 1.485804, test acc: 0.915721, test avg acc: 0.881122
Train epoch 287, loss: 1.413047, train acc: 0.964475, train avg acc: 0.946491
Test epoch 287, loss: 1.492821, test acc: 0.910454, test avg acc: 0.887424
Train epoch 288, loss: 1.407744, train acc: 0.966103, train avg acc: 0.947811
Test epoch 288, loss: 1.467529, test acc: 0.914100, test avg acc: 0.875041
Train epoch 289, loss: 1.413385, train acc: 0.963457, train avg acc: 0.943095
Test epoch 289, loss: 1.467204, test acc: 0.912075, test avg acc: 0.877663
Train epoch 290, loss: 1.404904, train acc: 0.967427, train avg acc: 0.949356
Test epoch 290, loss: 1.466301, test acc: 0.918152, test avg acc: 0.887372
Train epoch 291, loss: 1.411729, train acc: 0.965696, train avg acc: 0.948790
Test epoch 291, loss: 1.475021, test acc: 0.910454, test avg acc: 0.874837
Train epoch 292, loss: 1.410768, train acc: 0.966511, train avg acc: 0.947407
Test epoch 292, loss: 1.474218, test acc: 0.912480, test avg acc: 0.881756
Train epoch 293, loss: 1.403712, train acc: 0.968343, train avg acc: 0.949418
Test epoch 293, loss: 1.471055, test acc: 0.910859, test avg acc: 0.882669
Train epoch 294, loss: 1.401763, train acc: 0.968750, train avg acc: 0.953039
Test epoch 294, loss: 1.465116, test acc: 0.918963, test avg acc: 0.880709
Train epoch 295, loss: 1.404254, train acc: 0.967732, train avg acc: 0.951729
Test epoch 295, loss: 1.498822, test acc: 0.908833, test avg acc: 0.874971
Train epoch 296, loss: 1.401820, train acc: 0.968445, train avg acc: 0.953176
Test epoch 296, loss: 1.471564, test acc: 0.913695, test avg acc: 0.880419
Train epoch 297, loss: 1.408682, train acc: 0.965493, train avg acc: 0.947916
Test epoch 297, loss: 1.466267, test acc: 0.920989, test avg acc: 0.889407
Train epoch 298, loss: 1.404837, train acc: 0.966612, train avg acc: 0.949669
Test epoch 298, loss: 1.473913, test acc: 0.908833, test avg acc: 0.869372
Train epoch 299, loss: 1.404724, train acc: 0.965696, train avg acc: 0.948330
Test epoch 299, loss: 1.508680, test acc: 0.890194, test avg acc: 0.859942
Train epoch 300, loss: 1.402119, train acc: 0.968750, train avg acc: 0.952962
Test epoch 300, loss: 1.475947, test acc: 0.913290, test avg acc: 0.885017
Train epoch 301, loss: 1.415281, train acc: 0.964271, train avg acc: 0.941565
Test epoch 301, loss: 1.531247, test acc: 0.888979, test avg acc: 0.867767
Train epoch 302, loss: 1.406174, train acc: 0.966103, train avg acc: 0.948404
Test epoch 302, loss: 1.465992, test acc: 0.915721, test avg acc: 0.885669
Train epoch 303, loss: 1.402878, train acc: 0.968343, train avg acc: 0.951273
Test epoch 303, loss: 1.459046, test acc: 0.920583, test avg acc: 0.882128
Train epoch 304, loss: 1.398189, train acc: 0.969157, train avg acc: 0.953346
Test epoch 304, loss: 1.469713, test acc: 0.916532, test avg acc: 0.876541
Train epoch 305, loss: 1.400094, train acc: 0.971091, train avg acc: 0.956557
Test epoch 305, loss: 1.472776, test acc: 0.916937, test avg acc: 0.883169
Train epoch 306, loss: 1.398978, train acc: 0.971397, train avg acc: 0.958651
Test epoch 306, loss: 1.480900, test acc: 0.908428, test avg acc: 0.881703
Train epoch 307, loss: 1.395345, train acc: 0.971295, train avg acc: 0.956060
Test epoch 307, loss: 1.458699, test acc: 0.923420, test avg acc: 0.887076
Train epoch 308, loss: 1.398099, train acc: 0.968546, train avg acc: 0.952111
Test epoch 308, loss: 1.458704, test acc: 0.916532, test avg acc: 0.875616
Train epoch 309, loss: 1.395689, train acc: 0.969870, train avg acc: 0.954290
Test epoch 309, loss: 1.483633, test acc: 0.904781, test avg acc: 0.857169
Train epoch 310, loss: 1.392235, train acc: 0.970379, train avg acc: 0.955441
Test epoch 310, loss: 1.483131, test acc: 0.908833, test avg acc: 0.871872
Train epoch 311, loss: 1.396883, train acc: 0.969564, train avg acc: 0.952866
Test epoch 311, loss: 1.472164, test acc: 0.914506, test avg acc: 0.877994
Train epoch 312, loss: 1.385963, train acc: 0.975061, train avg acc: 0.963755
Test epoch 312, loss: 1.460537, test acc: 0.912885, test avg acc: 0.881663
Train epoch 313, loss: 1.386215, train acc: 0.974043, train avg acc: 0.959631
Test epoch 313, loss: 1.468679, test acc: 0.916937, test avg acc: 0.892837
Train epoch 314, loss: 1.394581, train acc: 0.972109, train avg acc: 0.958460
Test epoch 314, loss: 1.474967, test acc: 0.917342, test avg acc: 0.884506
Train epoch 315, loss: 1.396286, train acc: 0.970582, train avg acc: 0.956153
Test epoch 315, loss: 1.483026, test acc: 0.910049, test avg acc: 0.871680
Train epoch 316, loss: 1.396996, train acc: 0.967834, train avg acc: 0.950714
Test epoch 316, loss: 1.460274, test acc: 0.915316, test avg acc: 0.880331
Train epoch 317, loss: 1.384804, train acc: 0.975468, train avg acc: 0.963242
Test epoch 317, loss: 1.481121, test acc: 0.908023, test avg acc: 0.874285
Train epoch 318, loss: 1.389900, train acc: 0.971498, train avg acc: 0.956916
Test epoch 318, loss: 1.461147, test acc: 0.907212, test avg acc: 0.870581
Train epoch 319, loss: 1.389205, train acc: 0.972313, train avg acc: 0.955978
Test epoch 319, loss: 1.470953, test acc: 0.912480, test avg acc: 0.883541
Train epoch 320, loss: 1.390705, train acc: 0.971193, train avg acc: 0.957570
Test epoch 320, loss: 1.451906, test acc: 0.915316, test avg acc: 0.886750
Train epoch 321, loss: 1.389582, train acc: 0.972007, train avg acc: 0.957897
Test epoch 321, loss: 1.469292, test acc: 0.905997, test avg acc: 0.856453
Train epoch 322, loss: 1.381505, train acc: 0.974756, train avg acc: 0.962466
Test epoch 322, loss: 1.451121, test acc: 0.921799, test avg acc: 0.891831
Train epoch 323, loss: 1.389699, train acc: 0.972618, train avg acc: 0.959630
Test epoch 323, loss: 1.484798, test acc: 0.912075, test avg acc: 0.886628
Train epoch 324, loss: 1.387219, train acc: 0.973636, train avg acc: 0.958637
Test epoch 324, loss: 1.455602, test acc: 0.918152, test avg acc: 0.888122
Train epoch 325, loss: 1.381627, train acc: 0.975265, train avg acc: 0.962353
Test epoch 325, loss: 1.478942, test acc: 0.920583, test avg acc: 0.886581
Train epoch 326, loss: 1.382983, train acc: 0.974654, train avg acc: 0.961515
Test epoch 326, loss: 1.453798, test acc: 0.915721, test avg acc: 0.875663
Train epoch 327, loss: 1.378357, train acc: 0.978420, train avg acc: 0.967158
Test epoch 327, loss: 1.458173, test acc: 0.914506, test avg acc: 0.872965
Train epoch 328, loss: 1.379608, train acc: 0.976181, train avg acc: 0.963013
Test epoch 328, loss: 1.456438, test acc: 0.918558, test avg acc: 0.883453
Train epoch 329, loss: 1.380387, train acc: 0.975875, train avg acc: 0.962602
Test epoch 329, loss: 1.455804, test acc: 0.920583, test avg acc: 0.888203
Train epoch 330, loss: 1.382639, train acc: 0.976181, train avg acc: 0.966078
Test epoch 330, loss: 1.468607, test acc: 0.910049, test avg acc: 0.876413
Train epoch 331, loss: 1.373185, train acc: 0.978726, train avg acc: 0.970482
Test epoch 331, loss: 1.452162, test acc: 0.918963, test avg acc: 0.889703
Train epoch 332, loss: 1.381047, train acc: 0.975163, train avg acc: 0.963292
Test epoch 332, loss: 1.460443, test acc: 0.914100, test avg acc: 0.883384
Train epoch 333, loss: 1.384443, train acc: 0.975468, train avg acc: 0.962218
Test epoch 333, loss: 1.447793, test acc: 0.925041, test avg acc: 0.884785
Train epoch 334, loss: 1.376554, train acc: 0.978827, train avg acc: 0.967629
Test epoch 334, loss: 1.456360, test acc: 0.927877, test avg acc: 0.890198
Train epoch 335, loss: 1.375847, train acc: 0.976181, train avg acc: 0.964481
Test epoch 335, loss: 1.454431, test acc: 0.914506, test avg acc: 0.880081
Train epoch 336, loss: 1.376280, train acc: 0.975570, train avg acc: 0.962156
Test epoch 336, loss: 1.452068, test acc: 0.921799, test avg acc: 0.881750
Train epoch 337, loss: 1.367713, train acc: 0.979947, train avg acc: 0.968593
Test epoch 337, loss: 1.447888, test acc: 0.921799, test avg acc: 0.897994
Train epoch 338, loss: 1.372128, train acc: 0.978929, train avg acc: 0.967689
Test epoch 338, loss: 1.449249, test acc: 0.926661, test avg acc: 0.890320
Train epoch 339, loss: 1.373086, train acc: 0.977402, train avg acc: 0.964257
Test epoch 339, loss: 1.450683, test acc: 0.925041, test avg acc: 0.895157
Train epoch 340, loss: 1.380227, train acc: 0.973840, train avg acc: 0.961088
Test epoch 340, loss: 1.449475, test acc: 0.920583, test avg acc: 0.887500
Train epoch 341, loss: 1.374434, train acc: 0.978217, train avg acc: 0.965320
Test epoch 341, loss: 1.457401, test acc: 0.914506, test avg acc: 0.881047
Train epoch 342, loss: 1.377763, train acc: 0.976690, train avg acc: 0.966280
Test epoch 342, loss: 1.454499, test acc: 0.916937, test avg acc: 0.887744
Train epoch 343, loss: 1.372122, train acc: 0.978115, train avg acc: 0.967129
Test epoch 343, loss: 1.463782, test acc: 0.916126, test avg acc: 0.873000
Train epoch 344, loss: 1.372118, train acc: 0.977606, train avg acc: 0.965917
Test epoch 344, loss: 1.471076, test acc: 0.910859, test avg acc: 0.886000
Train epoch 345, loss: 1.371227, train acc: 0.980456, train avg acc: 0.969781
Test epoch 345, loss: 1.456406, test acc: 0.916532, test avg acc: 0.877291
Train epoch 346, loss: 1.365362, train acc: 0.981169, train avg acc: 0.971841
Test epoch 346, loss: 1.452475, test acc: 0.920178, test avg acc: 0.891570
Train epoch 347, loss: 1.372088, train acc: 0.978318, train avg acc: 0.967163
Test epoch 347, loss: 1.451723, test acc: 0.922609, test avg acc: 0.889919
Train epoch 348, loss: 1.371026, train acc: 0.977504, train avg acc: 0.963548
Test epoch 348, loss: 1.446799, test acc: 0.920989, test avg acc: 0.882785
Train epoch 349, loss: 1.363078, train acc: 0.982899, train avg acc: 0.973530
Test epoch 349, loss: 1.475442, test acc: 0.903971, test avg acc: 0.877581
Train epoch 350, loss: 1.362498, train acc: 0.982085, train avg acc: 0.973160
Test epoch 350, loss: 1.473232, test acc: 0.910049, test avg acc: 0.879174
Train epoch 351, loss: 1.369284, train acc: 0.979845, train avg acc: 0.968441
Test epoch 351, loss: 1.436435, test acc: 0.927066, test avg acc: 0.895244
Train epoch 352, loss: 1.366945, train acc: 0.978726, train avg acc: 0.967265
Test epoch 352, loss: 1.459396, test acc: 0.918152, test avg acc: 0.886581
Train epoch 353, loss: 1.361025, train acc: 0.982288, train avg acc: 0.971936
Test epoch 353, loss: 1.465139, test acc: 0.908428, test avg acc: 0.883337
Train epoch 354, loss: 1.365625, train acc: 0.980456, train avg acc: 0.969795
Test epoch 354, loss: 1.451316, test acc: 0.916532, test avg acc: 0.881169
Train epoch 355, loss: 1.357710, train acc: 0.984222, train avg acc: 0.977279
Test epoch 355, loss: 1.461419, test acc: 0.911264, test avg acc: 0.880331
Train epoch 356, loss: 1.359665, train acc: 0.982288, train avg acc: 0.972298
Test epoch 356, loss: 1.456918, test acc: 0.910859, test avg acc: 0.876169
Train epoch 357, loss: 1.360695, train acc: 0.982797, train avg acc: 0.973718
Test epoch 357, loss: 1.468542, test acc: 0.909643, test avg acc: 0.890488
Train epoch 358, loss: 1.360991, train acc: 0.982085, train avg acc: 0.973941
Test epoch 358, loss: 1.449287, test acc: 0.920178, test avg acc: 0.888576
Train epoch 359, loss: 1.360962, train acc: 0.983204, train avg acc: 0.974480
Test epoch 359, loss: 1.461859, test acc: 0.920989, test avg acc: 0.894872
Train epoch 360, loss: 1.362112, train acc: 0.980354, train avg acc: 0.969610
Test epoch 360, loss: 1.459403, test acc: 0.915721, test avg acc: 0.881250
Train epoch 361, loss: 1.358803, train acc: 0.982492, train avg acc: 0.974205
Test epoch 361, loss: 1.448624, test acc: 0.921799, test avg acc: 0.887744
Train epoch 362, loss: 1.358644, train acc: 0.982288, train avg acc: 0.971534
Test epoch 362, loss: 1.455051, test acc: 0.914911, test avg acc: 0.885669
Train epoch 363, loss: 1.360858, train acc: 0.980863, train avg acc: 0.970374
Test epoch 363, loss: 1.459879, test acc: 0.911669, test avg acc: 0.886831
Train epoch 364, loss: 1.361667, train acc: 0.981372, train avg acc: 0.971100
Test epoch 364, loss: 1.453495, test acc: 0.923015, test avg acc: 0.889209
Train epoch 365, loss: 1.357851, train acc: 0.981779, train avg acc: 0.971535
Test epoch 365, loss: 1.453067, test acc: 0.918152, test avg acc: 0.885500
Train epoch 366, loss: 1.357435, train acc: 0.983204, train avg acc: 0.974975
Test epoch 366, loss: 1.463571, test acc: 0.912075, test avg acc: 0.879581
Train epoch 367, loss: 1.358604, train acc: 0.980965, train avg acc: 0.971555
Test epoch 367, loss: 1.455342, test acc: 0.919773, test avg acc: 0.886169
Train epoch 368, loss: 1.358831, train acc: 0.982492, train avg acc: 0.973861
Test epoch 368, loss: 1.449153, test acc: 0.921799, test avg acc: 0.887744
Train epoch 369, loss: 1.351930, train acc: 0.984528, train avg acc: 0.976557
Test epoch 369, loss: 1.455777, test acc: 0.916532, test avg acc: 0.883703
Train epoch 370, loss: 1.357875, train acc: 0.982594, train avg acc: 0.974044
Test epoch 370, loss: 1.445518, test acc: 0.920178, test avg acc: 0.877541
Train epoch 371, loss: 1.356342, train acc: 0.982390, train avg acc: 0.973545
Test epoch 371, loss: 1.442601, test acc: 0.922204, test avg acc: 0.886419
Train epoch 372, loss: 1.357780, train acc: 0.981169, train avg acc: 0.970482
Test epoch 372, loss: 1.449693, test acc: 0.918152, test avg acc: 0.884250
Train epoch 373, loss: 1.353583, train acc: 0.983815, train avg acc: 0.973212
Test epoch 373, loss: 1.476714, test acc: 0.908833, test avg acc: 0.883506
Train epoch 374, loss: 1.355960, train acc: 0.983001, train avg acc: 0.973827
Test epoch 374, loss: 1.446969, test acc: 0.921799, test avg acc: 0.886907
Train epoch 375, loss: 1.349218, train acc: 0.984935, train avg acc: 0.975626
Test epoch 375, loss: 1.438989, test acc: 0.922204, test avg acc: 0.887331
Train epoch 376, loss: 1.356032, train acc: 0.982186, train avg acc: 0.972911
Test epoch 376, loss: 1.443959, test acc: 0.916532, test avg acc: 0.883616
Train epoch 377, loss: 1.349356, train acc: 0.986258, train avg acc: 0.980053
Test epoch 377, loss: 1.442656, test acc: 0.918558, test avg acc: 0.883163
Train epoch 378, loss: 1.349199, train acc: 0.984629, train avg acc: 0.976320
Test epoch 378, loss: 1.439161, test acc: 0.921799, test avg acc: 0.888128
Train epoch 379, loss: 1.355992, train acc: 0.981576, train avg acc: 0.973089
Test epoch 379, loss: 1.451261, test acc: 0.918963, test avg acc: 0.886913
Train epoch 380, loss: 1.353558, train acc: 0.984324, train avg acc: 0.976657
Test epoch 380, loss: 1.446649, test acc: 0.921394, test avg acc: 0.889698
Train epoch 381, loss: 1.345722, train acc: 0.986156, train avg acc: 0.978428
Test epoch 381, loss: 1.446583, test acc: 0.914911, test avg acc: 0.874250
Train epoch 382, loss: 1.348637, train acc: 0.984629, train avg acc: 0.975588
Test epoch 382, loss: 1.454359, test acc: 0.915316, test avg acc: 0.886424
Train epoch 383, loss: 1.344665, train acc: 0.988905, train avg acc: 0.983234
Test epoch 383, loss: 1.443546, test acc: 0.921799, test avg acc: 0.894541
Train epoch 384, loss: 1.346536, train acc: 0.986971, train avg acc: 0.979735
Test epoch 384, loss: 1.447190, test acc: 0.925446, test avg acc: 0.895913
Train epoch 385, loss: 1.347646, train acc: 0.985546, train avg acc: 0.977490
Test epoch 385, loss: 1.454477, test acc: 0.920989, test avg acc: 0.891203
Train epoch 386, loss: 1.350448, train acc: 0.985749, train avg acc: 0.979207
Test epoch 386, loss: 1.445483, test acc: 0.918963, test avg acc: 0.892872
Train epoch 387, loss: 1.347574, train acc: 0.986462, train avg acc: 0.978888
Test epoch 387, loss: 1.451572, test acc: 0.912885, test avg acc: 0.889709
Train epoch 388, loss: 1.345135, train acc: 0.987378, train avg acc: 0.982126
Test epoch 388, loss: 1.442975, test acc: 0.920583, test avg acc: 0.886831
Train epoch 389, loss: 1.343530, train acc: 0.987683, train avg acc: 0.980878
Test epoch 389, loss: 1.450419, test acc: 0.915721, test avg acc: 0.882424
Train epoch 390, loss: 1.349456, train acc: 0.983815, train avg acc: 0.975012
Test epoch 390, loss: 1.446285, test acc: 0.918963, test avg acc: 0.889587
Train epoch 391, loss: 1.345038, train acc: 0.986258, train avg acc: 0.979217
Test epoch 391, loss: 1.451145, test acc: 0.919368, test avg acc: 0.890163
Train epoch 392, loss: 1.341943, train acc: 0.987683, train avg acc: 0.981967
Test epoch 392, loss: 1.453670, test acc: 0.915316, test avg acc: 0.888703
Train epoch 393, loss: 1.344392, train acc: 0.987276, train avg acc: 0.980799
Test epoch 393, loss: 1.436583, test acc: 0.925851, test avg acc: 0.887000
Train epoch 394, loss: 1.340446, train acc: 0.987785, train avg acc: 0.981820
Test epoch 394, loss: 1.458100, test acc: 0.913290, test avg acc: 0.884413
Train epoch 395, loss: 1.343337, train acc: 0.987683, train avg acc: 0.980726
Test epoch 395, loss: 1.448534, test acc: 0.917342, test avg acc: 0.890709
Train epoch 396, loss: 1.339093, train acc: 0.988599, train avg acc: 0.982074
Test epoch 396, loss: 1.448537, test acc: 0.920989, test avg acc: 0.892331
Train epoch 397, loss: 1.337670, train acc: 0.988294, train avg acc: 0.983106
Test epoch 397, loss: 1.444124, test acc: 0.920989, test avg acc: 0.892203
Train epoch 398, loss: 1.336913, train acc: 0.989414, train avg acc: 0.984183
Test epoch 398, loss: 1.443889, test acc: 0.918558, test avg acc: 0.892622
Train epoch 399, loss: 1.336737, train acc: 0.987989, train avg acc: 0.983674
Test epoch 399, loss: 1.440661, test acc: 0.922609, test avg acc: 0.893878
Train epoch 400, loss: 1.340698, train acc: 0.988192, train avg acc: 0.979832
Test epoch 400, loss: 1.455981, test acc: 0.909643, test avg acc: 0.881750
Train epoch 401, loss: 1.338127, train acc: 0.989108, train avg acc: 0.985440
Test epoch 401, loss: 1.442893, test acc: 0.922609, test avg acc: 0.890203
Train epoch 402, loss: 1.342014, train acc: 0.986055, train avg acc: 0.978402
Test epoch 402, loss: 1.437271, test acc: 0.924230, test avg acc: 0.885331
Train epoch 403, loss: 1.334043, train acc: 0.989923, train avg acc: 0.984119
Test epoch 403, loss: 1.441795, test acc: 0.924635, test avg acc: 0.893122
Train epoch 404, loss: 1.339363, train acc: 0.986869, train avg acc: 0.980607
Test epoch 404, loss: 1.445280, test acc: 0.920989, test avg acc: 0.890872
Train epoch 405, loss: 1.338668, train acc: 0.987989, train avg acc: 0.982232
Test epoch 405, loss: 1.436819, test acc: 0.926256, test avg acc: 0.892907
Train epoch 406, loss: 1.338741, train acc: 0.987378, train avg acc: 0.981334
Test epoch 406, loss: 1.444942, test acc: 0.918558, test avg acc: 0.891500
Train epoch 407, loss: 1.335406, train acc: 0.989719, train avg acc: 0.985844
Test epoch 407, loss: 1.436613, test acc: 0.922609, test avg acc: 0.889122
Train epoch 408, loss: 1.332549, train acc: 0.990941, train avg acc: 0.986321
Test epoch 408, loss: 1.441636, test acc: 0.918963, test avg acc: 0.886750
Train epoch 409, loss: 1.334944, train acc: 0.988498, train avg acc: 0.982113
Test epoch 409, loss: 1.446927, test acc: 0.920178, test avg acc: 0.888116
Train epoch 410, loss: 1.335064, train acc: 0.989515, train avg acc: 0.984435
Test epoch 410, loss: 1.441481, test acc: 0.920178, test avg acc: 0.889872
Train epoch 411, loss: 1.335063, train acc: 0.988192, train avg acc: 0.982178
Test epoch 411, loss: 1.443565, test acc: 0.920989, test avg acc: 0.889372
Train epoch 412, loss: 1.337863, train acc: 0.987887, train avg acc: 0.980977
Test epoch 412, loss: 1.446953, test acc: 0.918152, test avg acc: 0.893622
Train epoch 413, loss: 1.330568, train acc: 0.990533, train avg acc: 0.985147
Test epoch 413, loss: 1.447615, test acc: 0.919773, test avg acc: 0.892413
Train epoch 414, loss: 1.333328, train acc: 0.989108, train avg acc: 0.982655
Test epoch 414, loss: 1.442094, test acc: 0.926256, test avg acc: 0.894500
Train epoch 415, loss: 1.333663, train acc: 0.989821, train avg acc: 0.984634
Test epoch 415, loss: 1.440874, test acc: 0.925446, test avg acc: 0.895000
Train epoch 416, loss: 1.333541, train acc: 0.989719, train avg acc: 0.984234
Test epoch 416, loss: 1.437396, test acc: 0.921394, test avg acc: 0.884413
Train epoch 417, loss: 1.330388, train acc: 0.991958, train avg acc: 0.988459
Test epoch 417, loss: 1.442826, test acc: 0.922609, test avg acc: 0.889285
Train epoch 418, loss: 1.331793, train acc: 0.989821, train avg acc: 0.985191
Test epoch 418, loss: 1.440084, test acc: 0.921394, test avg acc: 0.890703
Train epoch 419, loss: 1.327800, train acc: 0.990432, train avg acc: 0.986121
Test epoch 419, loss: 1.435321, test acc: 0.924635, test avg acc: 0.896663
Train epoch 420, loss: 1.332999, train acc: 0.989007, train avg acc: 0.983553
Test epoch 420, loss: 1.438376, test acc: 0.923015, test avg acc: 0.892256
Train epoch 421, loss: 1.327011, train acc: 0.991246, train avg acc: 0.986658
Test epoch 421, loss: 1.440304, test acc: 0.922609, test avg acc: 0.892453
Train epoch 422, loss: 1.326541, train acc: 0.990941, train avg acc: 0.986235
Test epoch 422, loss: 1.437809, test acc: 0.921394, test avg acc: 0.889744
Train epoch 423, loss: 1.328656, train acc: 0.991246, train avg acc: 0.986283
Test epoch 423, loss: 1.439336, test acc: 0.920583, test avg acc: 0.888163
Train epoch 424, loss: 1.328362, train acc: 0.990737, train avg acc: 0.986264
Test epoch 424, loss: 1.442423, test acc: 0.923420, test avg acc: 0.891709
Train epoch 425, loss: 1.327526, train acc: 0.991144, train avg acc: 0.986960
Test epoch 425, loss: 1.432616, test acc: 0.928282, test avg acc: 0.894622
Train epoch 426, loss: 1.326702, train acc: 0.991755, train avg acc: 0.988252
Test epoch 426, loss: 1.438338, test acc: 0.927066, test avg acc: 0.894076
Train epoch 427, loss: 1.326376, train acc: 0.991551, train avg acc: 0.987024
Test epoch 427, loss: 1.436530, test acc: 0.923420, test avg acc: 0.895913
Train epoch 428, loss: 1.328525, train acc: 0.989719, train avg acc: 0.984669
Test epoch 428, loss: 1.436440, test acc: 0.922609, test avg acc: 0.893576
Train epoch 429, loss: 1.328310, train acc: 0.990941, train avg acc: 0.986893
Test epoch 429, loss: 1.438009, test acc: 0.920178, test avg acc: 0.892622
Train epoch 430, loss: 1.328572, train acc: 0.988803, train avg acc: 0.982449
Test epoch 430, loss: 1.443384, test acc: 0.922204, test avg acc: 0.890831
Train epoch 431, loss: 1.324337, train acc: 0.991653, train avg acc: 0.987449
Test epoch 431, loss: 1.445582, test acc: 0.920989, test avg acc: 0.890366
Train epoch 432, loss: 1.324568, train acc: 0.992162, train avg acc: 0.987741
Test epoch 432, loss: 1.436081, test acc: 0.924230, test avg acc: 0.896494
Train epoch 433, loss: 1.326839, train acc: 0.991450, train avg acc: 0.986043
Test epoch 433, loss: 1.439670, test acc: 0.926661, test avg acc: 0.896994
Train epoch 434, loss: 1.324704, train acc: 0.991958, train avg acc: 0.987557
Test epoch 434, loss: 1.438636, test acc: 0.924230, test avg acc: 0.892494
Train epoch 435, loss: 1.322148, train acc: 0.992875, train avg acc: 0.988831
Test epoch 435, loss: 1.441203, test acc: 0.922609, test avg acc: 0.893372
Train epoch 436, loss: 1.318807, train acc: 0.993282, train avg acc: 0.989486
Test epoch 436, loss: 1.434345, test acc: 0.927472, test avg acc: 0.893453
Train epoch 437, loss: 1.323119, train acc: 0.993180, train avg acc: 0.989706
Test epoch 437, loss: 1.436202, test acc: 0.924635, test avg acc: 0.890622
Train epoch 438, loss: 1.325814, train acc: 0.990228, train avg acc: 0.985550
Test epoch 438, loss: 1.439680, test acc: 0.924230, test avg acc: 0.894616
Train epoch 439, loss: 1.324575, train acc: 0.991348, train avg acc: 0.987330
Test epoch 439, loss: 1.438135, test acc: 0.923420, test avg acc: 0.890872
Train epoch 440, loss: 1.319653, train acc: 0.992976, train avg acc: 0.989322
Test epoch 440, loss: 1.439937, test acc: 0.925041, test avg acc: 0.893913
Train epoch 441, loss: 1.324890, train acc: 0.990635, train avg acc: 0.985419
Test epoch 441, loss: 1.441339, test acc: 0.926256, test avg acc: 0.900663
Train epoch 442, loss: 1.318656, train acc: 0.993384, train avg acc: 0.989787
Test epoch 442, loss: 1.439754, test acc: 0.921799, test avg acc: 0.890035
Train epoch 443, loss: 1.320697, train acc: 0.993791, train avg acc: 0.991051
Test epoch 443, loss: 1.437749, test acc: 0.925041, test avg acc: 0.893953
Train epoch 444, loss: 1.320448, train acc: 0.993384, train avg acc: 0.989610
Test epoch 444, loss: 1.434743, test acc: 0.925851, test avg acc: 0.892494
Train epoch 445, loss: 1.319984, train acc: 0.992366, train avg acc: 0.988041
Test epoch 445, loss: 1.436435, test acc: 0.922609, test avg acc: 0.890372
Train epoch 446, loss: 1.320681, train acc: 0.991551, train avg acc: 0.987896
Test epoch 446, loss: 1.438993, test acc: 0.919773, test avg acc: 0.887703
Train epoch 447, loss: 1.321114, train acc: 0.992569, train avg acc: 0.989252
Test epoch 447, loss: 1.438198, test acc: 0.921394, test avg acc: 0.888744
Train epoch 448, loss: 1.320669, train acc: 0.993384, train avg acc: 0.991003
Test epoch 448, loss: 1.431802, test acc: 0.924635, test avg acc: 0.892703
Train epoch 449, loss: 1.322035, train acc: 0.991755, train avg acc: 0.988202
Test epoch 449, loss: 1.434788, test acc: 0.924635, test avg acc: 0.891785
Train epoch 450, loss: 1.317720, train acc: 0.993587, train avg acc: 0.990204
Test epoch 450, loss: 1.442901, test acc: 0.918558, test avg acc: 0.893622
Train epoch 451, loss: 1.319737, train acc: 0.993994, train avg acc: 0.989667
Test epoch 451, loss: 1.436271, test acc: 0.922609, test avg acc: 0.892250
Train epoch 452, loss: 1.318694, train acc: 0.992773, train avg acc: 0.990066
Test epoch 452, loss: 1.437516, test acc: 0.920989, test avg acc: 0.892413
Train epoch 453, loss: 1.317472, train acc: 0.993180, train avg acc: 0.989696
Test epoch 453, loss: 1.441049, test acc: 0.919773, test avg acc: 0.892541
Train epoch 454, loss: 1.316343, train acc: 0.994198, train avg acc: 0.990697
Test epoch 454, loss: 1.438136, test acc: 0.920989, test avg acc: 0.892372
Train epoch 455, loss: 1.316577, train acc: 0.993587, train avg acc: 0.990435
Test epoch 455, loss: 1.439818, test acc: 0.920583, test avg acc: 0.890122
Train epoch 456, loss: 1.317620, train acc: 0.992773, train avg acc: 0.988045
Test epoch 456, loss: 1.439886, test acc: 0.919773, test avg acc: 0.892622
Train epoch 457, loss: 1.316247, train acc: 0.993893, train avg acc: 0.990120
Test epoch 457, loss: 1.433395, test acc: 0.922204, test avg acc: 0.892203
Train epoch 458, loss: 1.316123, train acc: 0.993994, train avg acc: 0.990397
Test epoch 458, loss: 1.436113, test acc: 0.923015, test avg acc: 0.892663
Train epoch 459, loss: 1.316720, train acc: 0.994503, train avg acc: 0.992490
Test epoch 459, loss: 1.438025, test acc: 0.921799, test avg acc: 0.891831
Train epoch 460, loss: 1.319284, train acc: 0.993384, train avg acc: 0.990576
Test epoch 460, loss: 1.440320, test acc: 0.920583, test avg acc: 0.893081
Train epoch 461, loss: 1.317432, train acc: 0.993689, train avg acc: 0.989689
Test epoch 461, loss: 1.441155, test acc: 0.922609, test avg acc: 0.890331
Train epoch 462, loss: 1.314952, train acc: 0.993791, train avg acc: 0.989325
Test epoch 462, loss: 1.437737, test acc: 0.920989, test avg acc: 0.890413
Train epoch 463, loss: 1.316184, train acc: 0.994503, train avg acc: 0.991873
Test epoch 463, loss: 1.438917, test acc: 0.923015, test avg acc: 0.894703
Train epoch 464, loss: 1.313200, train acc: 0.994707, train avg acc: 0.992919
Test epoch 464, loss: 1.441909, test acc: 0.919773, test avg acc: 0.890703
Train epoch 465, loss: 1.316218, train acc: 0.993180, train avg acc: 0.989523
Test epoch 465, loss: 1.437585, test acc: 0.926256, test avg acc: 0.893907
Train epoch 466, loss: 1.316855, train acc: 0.993587, train avg acc: 0.990271
Test epoch 466, loss: 1.440819, test acc: 0.920989, test avg acc: 0.893453
Train epoch 467, loss: 1.315423, train acc: 0.993994, train avg acc: 0.990827
Test epoch 467, loss: 1.436516, test acc: 0.925041, test avg acc: 0.896913
Train epoch 468, loss: 1.312547, train acc: 0.994401, train avg acc: 0.991607
Test epoch 468, loss: 1.438999, test acc: 0.921394, test avg acc: 0.893703
Train epoch 469, loss: 1.314233, train acc: 0.993994, train avg acc: 0.991212
Test epoch 469, loss: 1.438820, test acc: 0.922204, test avg acc: 0.893163
Train epoch 470, loss: 1.316483, train acc: 0.992875, train avg acc: 0.989120
Test epoch 470, loss: 1.441658, test acc: 0.918152, test avg acc: 0.886372
Train epoch 471, loss: 1.315280, train acc: 0.993282, train avg acc: 0.989625
Test epoch 471, loss: 1.434829, test acc: 0.928282, test avg acc: 0.896994
Train epoch 472, loss: 1.312452, train acc: 0.994707, train avg acc: 0.992172
Test epoch 472, loss: 1.439401, test acc: 0.925851, test avg acc: 0.900122
Train epoch 473, loss: 1.316118, train acc: 0.993689, train avg acc: 0.990423
Test epoch 473, loss: 1.440872, test acc: 0.920178, test avg acc: 0.894035
Train epoch 474, loss: 1.314503, train acc: 0.993791, train avg acc: 0.991771
Test epoch 474, loss: 1.442395, test acc: 0.920583, test avg acc: 0.888244
Train epoch 475, loss: 1.314309, train acc: 0.994503, train avg acc: 0.992108
Test epoch 475, loss: 1.435286, test acc: 0.923420, test avg acc: 0.890994
Train epoch 476, loss: 1.316010, train acc: 0.993994, train avg acc: 0.990419
Test epoch 476, loss: 1.437386, test acc: 0.922204, test avg acc: 0.889244
Train epoch 477, loss: 1.312428, train acc: 0.995419, train avg acc: 0.992438
Test epoch 477, loss: 1.438087, test acc: 0.923015, test avg acc: 0.890622
Train epoch 478, loss: 1.316803, train acc: 0.991857, train avg acc: 0.987300
Test epoch 478, loss: 1.438049, test acc: 0.922609, test avg acc: 0.889576
Train epoch 479, loss: 1.315166, train acc: 0.993893, train avg acc: 0.991504
Test epoch 479, loss: 1.437306, test acc: 0.923015, test avg acc: 0.889663
Train epoch 480, loss: 1.312511, train acc: 0.995419, train avg acc: 0.993446
Test epoch 480, loss: 1.437724, test acc: 0.922204, test avg acc: 0.891953
Train epoch 481, loss: 1.315756, train acc: 0.993689, train avg acc: 0.990736
Test epoch 481, loss: 1.439778, test acc: 0.919773, test avg acc: 0.885826
Train epoch 482, loss: 1.316063, train acc: 0.993078, train avg acc: 0.989233
Test epoch 482, loss: 1.440005, test acc: 0.924230, test avg acc: 0.893494
Train epoch 483, loss: 1.313731, train acc: 0.994503, train avg acc: 0.991701
Test epoch 483, loss: 1.438323, test acc: 0.927472, test avg acc: 0.894494
Train epoch 484, loss: 1.314464, train acc: 0.993791, train avg acc: 0.990095
Test epoch 484, loss: 1.439229, test acc: 0.924230, test avg acc: 0.891535
Train epoch 485, loss: 1.313317, train acc: 0.995725, train avg acc: 0.993758
Test epoch 485, loss: 1.438932, test acc: 0.920583, test avg acc: 0.886163
Train epoch 486, loss: 1.315749, train acc: 0.993994, train avg acc: 0.991091
Test epoch 486, loss: 1.441974, test acc: 0.924230, test avg acc: 0.897535
Train epoch 487, loss: 1.315462, train acc: 0.994300, train avg acc: 0.991952
Test epoch 487, loss: 1.438949, test acc: 0.922609, test avg acc: 0.890494
Train epoch 488, loss: 1.313519, train acc: 0.994910, train avg acc: 0.993034
Test epoch 488, loss: 1.440103, test acc: 0.922609, test avg acc: 0.893413
Train epoch 489, loss: 1.310526, train acc: 0.994401, train avg acc: 0.991634
Test epoch 489, loss: 1.441759, test acc: 0.921799, test avg acc: 0.891035
Train epoch 490, loss: 1.312263, train acc: 0.994910, train avg acc: 0.992292
Test epoch 490, loss: 1.441076, test acc: 0.923015, test avg acc: 0.891785
Train epoch 491, loss: 1.316181, train acc: 0.993994, train avg acc: 0.991070
Test epoch 491, loss: 1.442913, test acc: 0.919773, test avg acc: 0.889866
Train epoch 492, loss: 1.313518, train acc: 0.995521, train avg acc: 0.993154
Test epoch 492, loss: 1.438325, test acc: 0.921799, test avg acc: 0.889872
Train epoch 493, loss: 1.314342, train acc: 0.994605, train avg acc: 0.991943
Test epoch 493, loss: 1.441133, test acc: 0.921394, test avg acc: 0.890703
Train epoch 494, loss: 1.313714, train acc: 0.994707, train avg acc: 0.992141
Test epoch 494, loss: 1.436731, test acc: 0.923420, test avg acc: 0.891994
Train epoch 495, loss: 1.309601, train acc: 0.995114, train avg acc: 0.992209
Test epoch 495, loss: 1.442276, test acc: 0.920989, test avg acc: 0.889494
Train epoch 496, loss: 1.312209, train acc: 0.995012, train avg acc: 0.993322
Test epoch 496, loss: 1.440908, test acc: 0.923015, test avg acc: 0.887703
Train epoch 497, loss: 1.313189, train acc: 0.993689, train avg acc: 0.990101
Test epoch 497, loss: 1.440787, test acc: 0.918558, test avg acc: 0.883913
Train epoch 498, loss: 1.312588, train acc: 0.993689, train avg acc: 0.990302
Test epoch 498, loss: 1.437870, test acc: 0.921799, test avg acc: 0.888994
Train epoch 499, loss: 1.312218, train acc: 0.994605, train avg acc: 0.992195
Test epoch 499, loss: 1.441940, test acc: 0.922204, test avg acc: 0.891203
