Namespace(augmix_cutmix_prob=0.5, augmix_prob=0.0, batch_size=32, beta=1.0, data_path='./data/modelnet40_normal_resampled', dataset='modelnet40', dropout=0.5, emb_dims=1024, epochs=500, eval=False, exp_name='augmix_cutmix_dgcnn_1024', jitter=False, k=20, knn=False, lr=0.001, model='dgcnn', model_path='', modelnet10=False, momentum=0.9, no_cuda=False, normal=False, nsample=512, num_points=1024, rddrop=False, rdscale=False, rot=False, rsmix_prob=0.0, seed=1, shift=False, shuffle=False, test_batch_size=16, use_sgd=True)
Using GPU : 0 from 1 devices
Namespace(augmix_cutmix_prob=0.5, augmix_prob=0.0, batch_size=32, beta=1.0, data_path='./data/modelnet40_normal_resampled', dataset='modelnet40', dropout=0.5, emb_dims=1024, epochs=500, eval=False, exp_name='augmix_cutmix_dgcnn_1024', jitter=False, k=20, knn=False, lr=0.001, model='dgcnn', model_path='', modelnet10=False, momentum=0.9, no_cuda=False, normal=False, nsample=512, num_points=1024, rddrop=False, rdscale=False, rot=False, rsmix_prob=0.0, seed=1, shift=False, shuffle=False, test_batch_size=16, use_sgd=True)
Using GPU : 0 from 1 devices
Train epoch 0, loss: 2.776633, train acc: 0.434853, train avg acc: 0.263127
Test epoch 0, loss: 2.258872, test acc: 0.585494, test avg acc: 0.442831
Train epoch 1, loss: 2.232826, train acc: 0.624186, train avg acc: 0.445675
Test epoch 1, loss: 2.007851, test acc: 0.722853, test avg acc: 0.582297
Train epoch 2, loss: 2.073186, train acc: 0.691368, train avg acc: 0.534240
Test epoch 2, loss: 1.923477, test acc: 0.760940, test avg acc: 0.649866
Train epoch 3, loss: 1.971589, train acc: 0.737276, train avg acc: 0.600311
Test epoch 3, loss: 1.784756, test acc: 0.803079, test avg acc: 0.676279
Train epoch 4, loss: 1.922932, train acc: 0.758958, train avg acc: 0.628018
Test epoch 4, loss: 1.767348, test acc: 0.815640, test avg acc: 0.728297
Train epoch 5, loss: 1.860400, train acc: 0.787154, train avg acc: 0.671224
Test epoch 5, loss: 1.711697, test acc: 0.836710, test avg acc: 0.734076
Train epoch 6, loss: 1.825907, train acc: 0.802219, train avg acc: 0.692788
Test epoch 6, loss: 1.693109, test acc: 0.863047, test avg acc: 0.780942
Train epoch 7, loss: 1.805023, train acc: 0.807309, train avg acc: 0.702627
Test epoch 7, loss: 1.655569, test acc: 0.856969, test avg acc: 0.803924
Train epoch 8, loss: 1.785681, train acc: 0.819320, train avg acc: 0.724733
Test epoch 8, loss: 1.652247, test acc: 0.859806, test avg acc: 0.763988
Train epoch 9, loss: 1.759104, train acc: 0.828481, train avg acc: 0.732544
Test epoch 9, loss: 1.631955, test acc: 0.869935, test avg acc: 0.799105
Train epoch 10, loss: 1.753194, train acc: 0.833367, train avg acc: 0.741320
Test epoch 10, loss: 1.668724, test acc: 0.854943, test avg acc: 0.780291
Train epoch 11, loss: 1.738371, train acc: 0.837337, train avg acc: 0.748473
Test epoch 11, loss: 1.651287, test acc: 0.866694, test avg acc: 0.806988
Train epoch 12, loss: 1.720440, train acc: 0.846295, train avg acc: 0.758121
Test epoch 12, loss: 1.657407, test acc: 0.854133, test avg acc: 0.786756
Train epoch 13, loss: 1.702524, train acc: 0.848127, train avg acc: 0.760988
Test epoch 13, loss: 1.588427, test acc: 0.895462, test avg acc: 0.825297
Train epoch 14, loss: 1.696825, train acc: 0.854336, train avg acc: 0.773898
Test epoch 14, loss: 1.621566, test acc: 0.865073, test avg acc: 0.787360
Train epoch 15, loss: 1.689613, train acc: 0.854235, train avg acc: 0.777152
Test epoch 15, loss: 1.609021, test acc: 0.871556, test avg acc: 0.805459
Train epoch 16, loss: 1.683578, train acc: 0.860138, train avg acc: 0.782632
Test epoch 16, loss: 1.636461, test acc: 0.869530, test avg acc: 0.801134
Train epoch 17, loss: 1.678477, train acc: 0.860138, train avg acc: 0.786213
Test epoch 17, loss: 1.629630, test acc: 0.863857, test avg acc: 0.790209
Train epoch 18, loss: 1.667289, train acc: 0.868791, train avg acc: 0.798471
Test epoch 18, loss: 1.637950, test acc: 0.855348, test avg acc: 0.782506
Train epoch 19, loss: 1.657838, train acc: 0.869096, train avg acc: 0.796032
Test epoch 19, loss: 1.595602, test acc: 0.878444, test avg acc: 0.844878
Train epoch 20, loss: 1.658077, train acc: 0.870827, train avg acc: 0.798914
Test epoch 20, loss: 1.580173, test acc: 0.882091, test avg acc: 0.818105
Train epoch 21, loss: 1.645123, train acc: 0.877443, train avg acc: 0.804844
Test epoch 21, loss: 1.564292, test acc: 0.896272, test avg acc: 0.831843
Train epoch 22, loss: 1.651208, train acc: 0.874695, train avg acc: 0.804640
Test epoch 22, loss: 1.568679, test acc: 0.889384, test avg acc: 0.836802
Train epoch 23, loss: 1.638528, train acc: 0.876934, train avg acc: 0.808480
Test epoch 23, loss: 1.592639, test acc: 0.874797, test avg acc: 0.817198
Train epoch 24, loss: 1.637659, train acc: 0.876934, train avg acc: 0.809800
Test epoch 24, loss: 1.588942, test acc: 0.886143, test avg acc: 0.833645
Train epoch 25, loss: 1.622694, train acc: 0.885077, train avg acc: 0.824449
Test epoch 25, loss: 1.522266, test acc: 0.903160, test avg acc: 0.833547
Train epoch 26, loss: 1.624254, train acc: 0.885790, train avg acc: 0.824732
Test epoch 26, loss: 1.585798, test acc: 0.887763, test avg acc: 0.819919
Train epoch 27, loss: 1.628349, train acc: 0.880599, train avg acc: 0.818042
Test epoch 27, loss: 1.608940, test acc: 0.880065, test avg acc: 0.812797
Train epoch 28, loss: 1.616692, train acc: 0.886502, train avg acc: 0.825128
Test epoch 28, loss: 1.554026, test acc: 0.891005, test avg acc: 0.839419
Train epoch 29, loss: 1.619930, train acc: 0.883449, train avg acc: 0.823412
Test epoch 29, loss: 1.570817, test acc: 0.879660, test avg acc: 0.836622
Train epoch 30, loss: 1.618901, train acc: 0.887113, train avg acc: 0.827752
Test epoch 30, loss: 1.597162, test acc: 0.877634, test avg acc: 0.822320
Train epoch 31, loss: 1.606149, train acc: 0.890167, train avg acc: 0.829162
Test epoch 31, loss: 1.576083, test acc: 0.886953, test avg acc: 0.835872
Train epoch 32, loss: 1.608258, train acc: 0.890574, train avg acc: 0.830649
Test epoch 32, loss: 1.583535, test acc: 0.882091, test avg acc: 0.826849
Train epoch 33, loss: 1.600169, train acc: 0.896071, train avg acc: 0.837102
Test epoch 33, loss: 1.572738, test acc: 0.889789, test avg acc: 0.829994
Train epoch 34, loss: 1.599041, train acc: 0.895664, train avg acc: 0.836243
Test epoch 34, loss: 1.559696, test acc: 0.889384, test avg acc: 0.836029
Train epoch 35, loss: 1.607074, train acc: 0.890676, train avg acc: 0.829821
Test epoch 35, loss: 1.557331, test acc: 0.902350, test avg acc: 0.856924
Train epoch 36, loss: 1.599882, train acc: 0.893119, train avg acc: 0.833832
Test epoch 36, loss: 1.545102, test acc: 0.890194, test avg acc: 0.841105
Train epoch 37, loss: 1.599115, train acc: 0.894646, train avg acc: 0.833045
Test epoch 37, loss: 1.558171, test acc: 0.887358, test avg acc: 0.824907
Train epoch 38, loss: 1.592060, train acc: 0.896885, train avg acc: 0.838612
Test epoch 38, loss: 1.550084, test acc: 0.893436, test avg acc: 0.841878
Train epoch 39, loss: 1.585342, train acc: 0.898514, train avg acc: 0.842819
Test epoch 39, loss: 1.585222, test acc: 0.884927, test avg acc: 0.827384
Train epoch 40, loss: 1.588696, train acc: 0.899735, train avg acc: 0.844776
Test epoch 40, loss: 1.581193, test acc: 0.876013, test avg acc: 0.825936
Train epoch 41, loss: 1.583694, train acc: 0.897903, train avg acc: 0.843597
Test epoch 41, loss: 1.561096, test acc: 0.881686, test avg acc: 0.845831
Train epoch 42, loss: 1.576642, train acc: 0.902586, train avg acc: 0.848931
Test epoch 42, loss: 1.547123, test acc: 0.899919, test avg acc: 0.844878
Train epoch 43, loss: 1.574929, train acc: 0.902178, train avg acc: 0.849788
Test epoch 43, loss: 1.542413, test acc: 0.897893, test avg acc: 0.861006
Train epoch 44, loss: 1.579629, train acc: 0.899837, train avg acc: 0.845295
Test epoch 44, loss: 1.551302, test acc: 0.890600, test avg acc: 0.856959
Train epoch 45, loss: 1.586608, train acc: 0.902382, train avg acc: 0.852316
Test epoch 45, loss: 1.600625, test acc: 0.891410, test avg acc: 0.820390
Train epoch 46, loss: 1.576628, train acc: 0.902993, train avg acc: 0.849309
Test epoch 46, loss: 1.530863, test acc: 0.894652, test avg acc: 0.842988
Train epoch 47, loss: 1.576116, train acc: 0.904418, train avg acc: 0.850136
Test epoch 47, loss: 1.580922, test acc: 0.873177, test avg acc: 0.821494
Train epoch 48, loss: 1.572133, train acc: 0.903807, train avg acc: 0.850117
Test epoch 48, loss: 1.546311, test acc: 0.891815, test avg acc: 0.842314
Train epoch 49, loss: 1.577011, train acc: 0.900855, train avg acc: 0.847618
Test epoch 49, loss: 1.559503, test acc: 0.884522, test avg acc: 0.834453
Train epoch 50, loss: 1.574896, train acc: 0.905029, train avg acc: 0.851585
Test epoch 50, loss: 1.573530, test acc: 0.888574, test avg acc: 0.853477
Train epoch 51, loss: 1.572305, train acc: 0.903807, train avg acc: 0.849580
Test epoch 51, loss: 1.544364, test acc: 0.897083, test avg acc: 0.836977
Train epoch 52, loss: 1.575671, train acc: 0.905029, train avg acc: 0.854267
Test epoch 52, loss: 1.575645, test acc: 0.877634, test avg acc: 0.835198
Train epoch 53, loss: 1.559511, train acc: 0.910322, train avg acc: 0.861358
Test epoch 53, loss: 1.531864, test acc: 0.899919, test avg acc: 0.855529
Train epoch 54, loss: 1.558632, train acc: 0.908693, train avg acc: 0.856523
Test epoch 54, loss: 1.524513, test acc: 0.899109, test avg acc: 0.843215
Train epoch 55, loss: 1.566680, train acc: 0.904520, train avg acc: 0.853459
Test epoch 55, loss: 1.528265, test acc: 0.908833, test avg acc: 0.857750
Train epoch 56, loss: 1.558599, train acc: 0.907370, train avg acc: 0.857086
Test epoch 56, loss: 1.569580, test acc: 0.904376, test avg acc: 0.848581
Train epoch 57, loss: 1.566835, train acc: 0.905741, train avg acc: 0.855694
Test epoch 57, loss: 1.572941, test acc: 0.889789, test avg acc: 0.836715
Train epoch 58, loss: 1.554545, train acc: 0.911441, train avg acc: 0.862627
Test epoch 58, loss: 1.535559, test acc: 0.893841, test avg acc: 0.847826
Train epoch 59, loss: 1.563765, train acc: 0.907370, train avg acc: 0.853545
Test epoch 59, loss: 1.551118, test acc: 0.888979, test avg acc: 0.842145
Train epoch 60, loss: 1.560256, train acc: 0.909507, train avg acc: 0.860387
Test epoch 60, loss: 1.517877, test acc: 0.899919, test avg acc: 0.841709
Train epoch 61, loss: 1.565430, train acc: 0.906352, train avg acc: 0.857159
Test epoch 61, loss: 1.579863, test acc: 0.881280, test avg acc: 0.821552
Train epoch 62, loss: 1.555986, train acc: 0.912968, train avg acc: 0.868474
Test epoch 62, loss: 1.597885, test acc: 0.867099, test avg acc: 0.824634
Train epoch 63, loss: 1.562593, train acc: 0.908693, train avg acc: 0.858679
Test epoch 63, loss: 1.557891, test acc: 0.886548, test avg acc: 0.841174
Train epoch 64, loss: 1.543408, train acc: 0.914699, train avg acc: 0.868579
Test epoch 64, loss: 1.542040, test acc: 0.901540, test avg acc: 0.846965
Train epoch 65, loss: 1.549948, train acc: 0.913884, train avg acc: 0.868424
Test epoch 65, loss: 1.505516, test acc: 0.903566, test avg acc: 0.861494
Train epoch 66, loss: 1.545644, train acc: 0.913477, train avg acc: 0.866589
Test epoch 66, loss: 1.566201, test acc: 0.880875, test avg acc: 0.831686
Train epoch 67, loss: 1.547967, train acc: 0.913681, train avg acc: 0.867002
Test epoch 67, loss: 1.585552, test acc: 0.879254, test avg acc: 0.833250
Train epoch 68, loss: 1.554545, train acc: 0.913375, train avg acc: 0.870659
Test epoch 68, loss: 1.504237, test acc: 0.920989, test avg acc: 0.885512
Train epoch 69, loss: 1.551442, train acc: 0.909507, train avg acc: 0.864656
Test epoch 69, loss: 1.575064, test acc: 0.884522, test avg acc: 0.850640
Train epoch 70, loss: 1.552650, train acc: 0.914292, train avg acc: 0.870121
Test epoch 70, loss: 1.559826, test acc: 0.885332, test avg acc: 0.848360
Train epoch 71, loss: 1.547765, train acc: 0.915004, train avg acc: 0.869581
Test epoch 71, loss: 1.533915, test acc: 0.894246, test avg acc: 0.866477
Train epoch 72, loss: 1.544544, train acc: 0.915513, train avg acc: 0.873157
Test epoch 72, loss: 1.554478, test acc: 0.901540, test avg acc: 0.862320
Train epoch 73, loss: 1.541430, train acc: 0.918058, train avg acc: 0.874713
Test epoch 73, loss: 1.560440, test acc: 0.887358, test avg acc: 0.842448
Train epoch 74, loss: 1.542065, train acc: 0.915920, train avg acc: 0.870142
Test epoch 74, loss: 1.520441, test acc: 0.901135, test avg acc: 0.866047
Train epoch 75, loss: 1.549536, train acc: 0.912154, train avg acc: 0.864241
Test epoch 75, loss: 1.542545, test acc: 0.899109, test avg acc: 0.865599
Train epoch 76, loss: 1.545485, train acc: 0.915309, train avg acc: 0.870419
Test epoch 76, loss: 1.549508, test acc: 0.890194, test avg acc: 0.843343
Train epoch 77, loss: 1.541907, train acc: 0.910729, train avg acc: 0.864094
Test epoch 77, loss: 1.514731, test acc: 0.901135, test avg acc: 0.868209
Train epoch 78, loss: 1.541698, train acc: 0.915106, train avg acc: 0.871108
Test epoch 78, loss: 1.518455, test acc: 0.906807, test avg acc: 0.849140
Train epoch 79, loss: 1.540544, train acc: 0.916836, train avg acc: 0.871756
Test epoch 79, loss: 1.518002, test acc: 0.896677, test avg acc: 0.843087
Train epoch 80, loss: 1.540910, train acc: 0.916327, train avg acc: 0.869828
Test epoch 80, loss: 1.537176, test acc: 0.894652, test avg acc: 0.843890
Train epoch 81, loss: 1.545271, train acc: 0.913274, train avg acc: 0.868242
Test epoch 81, loss: 1.548815, test acc: 0.885332, test avg acc: 0.841948
Train epoch 82, loss: 1.536763, train acc: 0.920297, train avg acc: 0.876981
Test epoch 82, loss: 1.557401, test acc: 0.880065, test avg acc: 0.829599
Train epoch 83, loss: 1.536714, train acc: 0.918567, train avg acc: 0.878015
Test epoch 83, loss: 1.542851, test acc: 0.890600, test avg acc: 0.823262
Train epoch 84, loss: 1.535301, train acc: 0.916633, train avg acc: 0.870800
Test epoch 84, loss: 1.534658, test acc: 0.888169, test avg acc: 0.847285
Train epoch 85, loss: 1.540662, train acc: 0.918363, train avg acc: 0.876174
Test epoch 85, loss: 1.540721, test acc: 0.901540, test avg acc: 0.858209
Train epoch 86, loss: 1.533853, train acc: 0.918974, train avg acc: 0.875661
Test epoch 86, loss: 1.529460, test acc: 0.894652, test avg acc: 0.833017
Train epoch 87, loss: 1.529822, train acc: 0.922231, train avg acc: 0.878747
Test epoch 87, loss: 1.542566, test acc: 0.901135, test avg acc: 0.838669
Train epoch 88, loss: 1.523281, train acc: 0.923860, train avg acc: 0.882091
Test epoch 88, loss: 1.502207, test acc: 0.906402, test avg acc: 0.865390
Train epoch 89, loss: 1.523166, train acc: 0.924572, train avg acc: 0.884027
Test epoch 89, loss: 1.576535, test acc: 0.888574, test avg acc: 0.833924
Train epoch 90, loss: 1.526321, train acc: 0.923249, train avg acc: 0.885245
Test epoch 90, loss: 1.562168, test acc: 0.893031, test avg acc: 0.840762
Train epoch 91, loss: 1.531645, train acc: 0.920501, train avg acc: 0.879533
Test epoch 91, loss: 1.485577, test acc: 0.914911, test avg acc: 0.870663
Train epoch 92, loss: 1.527408, train acc: 0.919686, train avg acc: 0.877009
Test epoch 92, loss: 1.520556, test acc: 0.889384, test avg acc: 0.853343
Train epoch 93, loss: 1.531027, train acc: 0.923249, train avg acc: 0.882303
Test epoch 93, loss: 1.502932, test acc: 0.912075, test avg acc: 0.871680
Train epoch 94, loss: 1.529985, train acc: 0.922740, train avg acc: 0.880807
Test epoch 94, loss: 1.522188, test acc: 0.894246, test avg acc: 0.853901
Train epoch 95, loss: 1.530418, train acc: 0.917651, train avg acc: 0.872032
Test epoch 95, loss: 1.512218, test acc: 0.906807, test avg acc: 0.860465
Train epoch 96, loss: 1.531213, train acc: 0.921010, train avg acc: 0.879262
Test epoch 96, loss: 1.515141, test acc: 0.905592, test avg acc: 0.861773
Train epoch 97, loss: 1.523653, train acc: 0.924369, train avg acc: 0.882226
Test epoch 97, loss: 1.525977, test acc: 0.899109, test avg acc: 0.867628
Train epoch 98, loss: 1.523627, train acc: 0.921722, train avg acc: 0.878133
Test epoch 98, loss: 1.521111, test acc: 0.899514, test avg acc: 0.847471
Train epoch 99, loss: 1.536144, train acc: 0.919788, train avg acc: 0.874579
Test epoch 99, loss: 1.535944, test acc: 0.901540, test avg acc: 0.861424
Train epoch 100, loss: 1.515011, train acc: 0.928135, train avg acc: 0.888351
Test epoch 100, loss: 1.542967, test acc: 0.880875, test avg acc: 0.846052
Train epoch 101, loss: 1.518075, train acc: 0.927015, train avg acc: 0.889230
Test epoch 101, loss: 1.511910, test acc: 0.916937, test avg acc: 0.868285
Train epoch 102, loss: 1.527800, train acc: 0.923046, train avg acc: 0.882897
Test epoch 102, loss: 1.506054, test acc: 0.911264, test avg acc: 0.863506
Train epoch 103, loss: 1.524119, train acc: 0.923962, train avg acc: 0.880940
Test epoch 103, loss: 1.582083, test acc: 0.865883, test avg acc: 0.835721
Train epoch 104, loss: 1.526688, train acc: 0.922333, train avg acc: 0.878510
Test epoch 104, loss: 1.489609, test acc: 0.912885, test avg acc: 0.876413
Train epoch 105, loss: 1.528591, train acc: 0.920501, train avg acc: 0.877577
Test epoch 105, loss: 1.500752, test acc: 0.904781, test avg acc: 0.860634
Train epoch 106, loss: 1.512324, train acc: 0.928542, train avg acc: 0.888716
Test epoch 106, loss: 1.487668, test acc: 0.912480, test avg acc: 0.872953
Train epoch 107, loss: 1.516212, train acc: 0.926099, train avg acc: 0.887963
Test epoch 107, loss: 1.523581, test acc: 0.897893, test avg acc: 0.878424
Train epoch 108, loss: 1.521086, train acc: 0.920501, train avg acc: 0.878021
Test epoch 108, loss: 1.524330, test acc: 0.903566, test avg acc: 0.862180
Train epoch 109, loss: 1.524164, train acc: 0.922537, train avg acc: 0.882805
Test epoch 109, loss: 1.539966, test acc: 0.892626, test avg acc: 0.847436
Train epoch 110, loss: 1.524887, train acc: 0.922435, train avg acc: 0.880808
Test epoch 110, loss: 1.550556, test acc: 0.890194, test avg acc: 0.853593
Train epoch 111, loss: 1.518692, train acc: 0.923962, train avg acc: 0.883730
Test epoch 111, loss: 1.497592, test acc: 0.917342, test avg acc: 0.871587
Train epoch 112, loss: 1.514648, train acc: 0.929458, train avg acc: 0.890788
Test epoch 112, loss: 1.523822, test acc: 0.900729, test avg acc: 0.862616
Train epoch 113, loss: 1.510778, train acc: 0.929051, train avg acc: 0.891399
Test epoch 113, loss: 1.531790, test acc: 0.895462, test avg acc: 0.857477
Train epoch 114, loss: 1.516187, train acc: 0.922638, train avg acc: 0.881750
Test epoch 114, loss: 1.552403, test acc: 0.899919, test avg acc: 0.848209
Train epoch 115, loss: 1.515158, train acc: 0.925794, train avg acc: 0.887948
Test epoch 115, loss: 1.519494, test acc: 0.898298, test avg acc: 0.860233
Train epoch 116, loss: 1.518584, train acc: 0.924471, train avg acc: 0.879402
Test epoch 116, loss: 1.508329, test acc: 0.905592, test avg acc: 0.852297
Train epoch 117, loss: 1.526808, train acc: 0.922944, train avg acc: 0.880257
Test epoch 117, loss: 1.523579, test acc: 0.898703, test avg acc: 0.857087
Train epoch 118, loss: 1.515263, train acc: 0.927423, train avg acc: 0.888632
Test epoch 118, loss: 1.521793, test acc: 0.898703, test avg acc: 0.854419
Train epoch 119, loss: 1.510865, train acc: 0.929357, train avg acc: 0.888873
Test epoch 119, loss: 1.551854, test acc: 0.891005, test avg acc: 0.846052
Train epoch 120, loss: 1.514662, train acc: 0.925896, train avg acc: 0.885005
Test epoch 120, loss: 1.536432, test acc: 0.905997, test avg acc: 0.859006
Train epoch 121, loss: 1.503800, train acc: 0.932919, train avg acc: 0.895852
Test epoch 121, loss: 1.544681, test acc: 0.899109, test avg acc: 0.870773
Train epoch 122, loss: 1.510779, train acc: 0.928135, train avg acc: 0.892808
Test epoch 122, loss: 1.512394, test acc: 0.901540, test avg acc: 0.849907
Train epoch 123, loss: 1.516310, train acc: 0.927524, train avg acc: 0.890115
Test epoch 123, loss: 1.490519, test acc: 0.917747, test avg acc: 0.871959
Train epoch 124, loss: 1.515907, train acc: 0.926608, train avg acc: 0.887715
Test epoch 124, loss: 1.527323, test acc: 0.890194, test avg acc: 0.847680
Train epoch 125, loss: 1.505363, train acc: 0.931596, train avg acc: 0.895766
Test epoch 125, loss: 1.572333, test acc: 0.883306, test avg acc: 0.850576
Train epoch 126, loss: 1.507729, train acc: 0.927728, train avg acc: 0.890520
Test epoch 126, loss: 1.510260, test acc: 0.901945, test avg acc: 0.857541
Train epoch 127, loss: 1.511013, train acc: 0.928441, train avg acc: 0.888908
Test epoch 127, loss: 1.490762, test acc: 0.914911, test avg acc: 0.877180
Train epoch 128, loss: 1.500531, train acc: 0.933225, train avg acc: 0.897927
Test epoch 128, loss: 1.530796, test acc: 0.893841, test avg acc: 0.859314
Train epoch 129, loss: 1.516388, train acc: 0.924267, train avg acc: 0.884916
Test epoch 129, loss: 1.517639, test acc: 0.895057, test avg acc: 0.873180
Train epoch 130, loss: 1.508476, train acc: 0.928237, train avg acc: 0.891142
Test epoch 130, loss: 1.507632, test acc: 0.908833, test avg acc: 0.870291
Train epoch 131, loss: 1.508701, train acc: 0.930578, train avg acc: 0.896319
Test epoch 131, loss: 1.525928, test acc: 0.904376, test avg acc: 0.871017
Train epoch 132, loss: 1.507798, train acc: 0.929357, train avg acc: 0.890593
Test epoch 132, loss: 1.505129, test acc: 0.904376, test avg acc: 0.867541
Train epoch 133, loss: 1.498324, train acc: 0.931393, train avg acc: 0.894431
Test epoch 133, loss: 1.500126, test acc: 0.913290, test avg acc: 0.871331
Train epoch 134, loss: 1.508067, train acc: 0.931494, train avg acc: 0.896644
Test epoch 134, loss: 1.551568, test acc: 0.880065, test avg acc: 0.846593
Train epoch 135, loss: 1.501248, train acc: 0.932818, train avg acc: 0.896580
Test epoch 135, loss: 1.518143, test acc: 0.901945, test avg acc: 0.865843
Train epoch 136, loss: 1.493590, train acc: 0.935464, train avg acc: 0.899811
Test epoch 136, loss: 1.521416, test acc: 0.895057, test avg acc: 0.842279
Train epoch 137, loss: 1.500056, train acc: 0.933734, train avg acc: 0.898305
Test epoch 137, loss: 1.505347, test acc: 0.897488, test avg acc: 0.858890
Train epoch 138, loss: 1.501518, train acc: 0.932512, train avg acc: 0.897302
Test epoch 138, loss: 1.541624, test acc: 0.897893, test avg acc: 0.877599
Train epoch 139, loss: 1.495262, train acc: 0.930680, train avg acc: 0.893214
Test epoch 139, loss: 1.524281, test acc: 0.908428, test avg acc: 0.871791
Train epoch 140, loss: 1.507334, train acc: 0.930069, train avg acc: 0.892455
Test epoch 140, loss: 1.507737, test acc: 0.903971, test avg acc: 0.868669
Train epoch 141, loss: 1.503969, train acc: 0.932003, train avg acc: 0.897025
Test epoch 141, loss: 1.532683, test acc: 0.896272, test avg acc: 0.848343
Train epoch 142, loss: 1.502302, train acc: 0.928339, train avg acc: 0.891370
Test epoch 142, loss: 1.589369, test acc: 0.874392, test avg acc: 0.864709
Train epoch 143, loss: 1.498513, train acc: 0.933734, train avg acc: 0.899780
Test epoch 143, loss: 1.522922, test acc: 0.901540, test avg acc: 0.872326
Train epoch 144, loss: 1.494497, train acc: 0.933428, train avg acc: 0.894207
Test epoch 144, loss: 1.497020, test acc: 0.914911, test avg acc: 0.884785
Train epoch 145, loss: 1.486862, train acc: 0.938518, train avg acc: 0.904168
Test epoch 145, loss: 1.496052, test acc: 0.912075, test avg acc: 0.866169
Train epoch 146, loss: 1.493074, train acc: 0.936279, train avg acc: 0.903220
Test epoch 146, loss: 1.521521, test acc: 0.895462, test avg acc: 0.864866
Train epoch 147, loss: 1.492121, train acc: 0.935362, train avg acc: 0.900881
Test epoch 147, loss: 1.511160, test acc: 0.899919, test avg acc: 0.866331
Train epoch 148, loss: 1.503652, train acc: 0.930375, train avg acc: 0.893660
Test epoch 148, loss: 1.546968, test acc: 0.886953, test avg acc: 0.851302
Train epoch 149, loss: 1.500895, train acc: 0.928848, train avg acc: 0.891266
Test epoch 149, loss: 1.497737, test acc: 0.915721, test avg acc: 0.868128
Train epoch 150, loss: 1.492824, train acc: 0.934752, train avg acc: 0.895317
Test epoch 150, loss: 1.553226, test acc: 0.888574, test avg acc: 0.838983
Train epoch 151, loss: 1.492908, train acc: 0.933632, train avg acc: 0.899887
Test epoch 151, loss: 1.525823, test acc: 0.896677, test avg acc: 0.855727
Train epoch 152, loss: 1.491037, train acc: 0.936279, train avg acc: 0.903888
Test epoch 152, loss: 1.543739, test acc: 0.891410, test avg acc: 0.864093
Train epoch 153, loss: 1.491089, train acc: 0.935261, train avg acc: 0.902892
Test epoch 153, loss: 1.525934, test acc: 0.893031, test avg acc: 0.871942
Train epoch 154, loss: 1.491871, train acc: 0.935668, train avg acc: 0.900644
Test epoch 154, loss: 1.499519, test acc: 0.903566, test avg acc: 0.857424
Train epoch 155, loss: 1.491945, train acc: 0.933734, train avg acc: 0.901008
Test epoch 155, loss: 1.517367, test acc: 0.895462, test avg acc: 0.866814
Train epoch 156, loss: 1.485355, train acc: 0.939638, train avg acc: 0.907668
Test epoch 156, loss: 1.563289, test acc: 0.901540, test avg acc: 0.846872
Train epoch 157, loss: 1.491926, train acc: 0.935261, train avg acc: 0.903493
Test epoch 157, loss: 1.543115, test acc: 0.878444, test avg acc: 0.854145
Train epoch 158, loss: 1.487015, train acc: 0.937093, train avg acc: 0.904369
Test epoch 158, loss: 1.503155, test acc: 0.901540, test avg acc: 0.880081
Train epoch 159, loss: 1.488880, train acc: 0.932614, train avg acc: 0.894402
Test epoch 159, loss: 1.486235, test acc: 0.913290, test avg acc: 0.877052
Train epoch 160, loss: 1.479980, train acc: 0.938721, train avg acc: 0.905854
Test epoch 160, loss: 1.534876, test acc: 0.882496, test avg acc: 0.856837
Train epoch 161, loss: 1.480079, train acc: 0.940045, train avg acc: 0.907117
Test epoch 161, loss: 1.491150, test acc: 0.911669, test avg acc: 0.867459
Train epoch 162, loss: 1.485149, train acc: 0.939434, train avg acc: 0.906145
Test epoch 162, loss: 1.526560, test acc: 0.905592, test avg acc: 0.850622
Train epoch 163, loss: 1.483210, train acc: 0.938518, train avg acc: 0.905955
Test epoch 163, loss: 1.513184, test acc: 0.910454, test avg acc: 0.872174
Train epoch 164, loss: 1.483858, train acc: 0.938721, train avg acc: 0.905986
Test epoch 164, loss: 1.529356, test acc: 0.892220, test avg acc: 0.858733
Train epoch 165, loss: 1.481165, train acc: 0.939434, train avg acc: 0.908374
Test epoch 165, loss: 1.489570, test acc: 0.913290, test avg acc: 0.879622
Train epoch 166, loss: 1.494764, train acc: 0.933123, train avg acc: 0.897918
Test epoch 166, loss: 1.543209, test acc: 0.907212, test avg acc: 0.857256
Train epoch 167, loss: 1.486147, train acc: 0.937398, train avg acc: 0.903466
Test epoch 167, loss: 1.503678, test acc: 0.901540, test avg acc: 0.871971
Train epoch 168, loss: 1.482870, train acc: 0.938416, train avg acc: 0.904992
Test epoch 168, loss: 1.521185, test acc: 0.894652, test avg acc: 0.854872
Train epoch 169, loss: 1.471610, train acc: 0.944116, train avg acc: 0.912944
Test epoch 169, loss: 1.532975, test acc: 0.896677, test avg acc: 0.853762
Train epoch 170, loss: 1.481867, train acc: 0.939332, train avg acc: 0.906386
Test epoch 170, loss: 1.500178, test acc: 0.911264, test avg acc: 0.862209
Train epoch 171, loss: 1.482086, train acc: 0.942793, train avg acc: 0.914343
Test epoch 171, loss: 1.519026, test acc: 0.897893, test avg acc: 0.863558
Train epoch 172, loss: 1.485426, train acc: 0.935362, train avg acc: 0.901678
Test epoch 172, loss: 1.537729, test acc: 0.900729, test avg acc: 0.867709
Train epoch 173, loss: 1.480661, train acc: 0.941775, train avg acc: 0.909585
Test epoch 173, loss: 1.524163, test acc: 0.896677, test avg acc: 0.844169
Train epoch 174, loss: 1.481683, train acc: 0.940656, train avg acc: 0.905741
Test epoch 174, loss: 1.529085, test acc: 0.894652, test avg acc: 0.868105
Train epoch 175, loss: 1.478268, train acc: 0.941470, train avg acc: 0.907742
Test epoch 175, loss: 1.481706, test acc: 0.912885, test avg acc: 0.878070
Train epoch 176, loss: 1.476474, train acc: 0.942488, train avg acc: 0.913429
Test epoch 176, loss: 1.509571, test acc: 0.903971, test avg acc: 0.861994
Train epoch 177, loss: 1.474570, train acc: 0.943404, train avg acc: 0.915169
Test epoch 177, loss: 1.534610, test acc: 0.901540, test avg acc: 0.870047
Train epoch 178, loss: 1.488644, train acc: 0.939434, train avg acc: 0.908537
Test epoch 178, loss: 1.491999, test acc: 0.914100, test avg acc: 0.877297
Train epoch 179, loss: 1.477018, train acc: 0.943811, train avg acc: 0.912258
Test epoch 179, loss: 1.502989, test acc: 0.906402, test avg acc: 0.875047
Train epoch 180, loss: 1.475971, train acc: 0.940045, train avg acc: 0.908039
Test epoch 180, loss: 1.501400, test acc: 0.903160, test avg acc: 0.867064
Train epoch 181, loss: 1.474397, train acc: 0.940554, train avg acc: 0.909239
Test epoch 181, loss: 1.506950, test acc: 0.902755, test avg acc: 0.872628
Train epoch 182, loss: 1.471456, train acc: 0.942590, train avg acc: 0.914459
Test epoch 182, loss: 1.502190, test acc: 0.900324, test avg acc: 0.860360
Train epoch 183, loss: 1.475871, train acc: 0.940656, train avg acc: 0.909167
Test epoch 183, loss: 1.507736, test acc: 0.905997, test avg acc: 0.881140
Train epoch 184, loss: 1.474067, train acc: 0.942182, train avg acc: 0.913053
Test epoch 184, loss: 1.510033, test acc: 0.900324, test avg acc: 0.872203
Train epoch 185, loss: 1.473353, train acc: 0.944931, train avg acc: 0.916478
Test epoch 185, loss: 1.485261, test acc: 0.908023, test avg acc: 0.880413
Train epoch 186, loss: 1.473100, train acc: 0.943913, train avg acc: 0.913354
Test epoch 186, loss: 1.498481, test acc: 0.903971, test avg acc: 0.861221
Train epoch 187, loss: 1.480906, train acc: 0.939943, train avg acc: 0.909348
Test epoch 187, loss: 1.544721, test acc: 0.885332, test avg acc: 0.873477
Train epoch 188, loss: 1.479611, train acc: 0.940350, train avg acc: 0.909148
Test epoch 188, loss: 1.496730, test acc: 0.915721, test avg acc: 0.865837
Train epoch 189, loss: 1.474774, train acc: 0.943607, train avg acc: 0.912616
Test epoch 189, loss: 1.479609, test acc: 0.908428, test avg acc: 0.873634
Train epoch 190, loss: 1.480422, train acc: 0.939332, train avg acc: 0.907112
Test epoch 190, loss: 1.515939, test acc: 0.905997, test avg acc: 0.872564
Train epoch 191, loss: 1.470867, train acc: 0.941979, train avg acc: 0.912259
Test epoch 191, loss: 1.542874, test acc: 0.890194, test avg acc: 0.855953
Train epoch 192, loss: 1.472193, train acc: 0.941979, train avg acc: 0.911829
Test epoch 192, loss: 1.470724, test acc: 0.914911, test avg acc: 0.878581
Train epoch 193, loss: 1.463435, train acc: 0.945847, train avg acc: 0.916975
Test epoch 193, loss: 1.527870, test acc: 0.891005, test avg acc: 0.867698
Train epoch 194, loss: 1.470035, train acc: 0.943200, train avg acc: 0.910786
Test epoch 194, loss: 1.466248, test acc: 0.926661, test avg acc: 0.883116
Train epoch 195, loss: 1.472925, train acc: 0.942895, train avg acc: 0.911985
Test epoch 195, loss: 1.497429, test acc: 0.905186, test avg acc: 0.873378
Train epoch 196, loss: 1.467567, train acc: 0.945643, train avg acc: 0.915601
Test epoch 196, loss: 1.500589, test acc: 0.906807, test avg acc: 0.875959
Train epoch 197, loss: 1.466740, train acc: 0.943607, train avg acc: 0.914673
Test epoch 197, loss: 1.500293, test acc: 0.908833, test avg acc: 0.870831
Train epoch 198, loss: 1.465220, train acc: 0.947170, train avg acc: 0.921087
Test epoch 198, loss: 1.544261, test acc: 0.888979, test avg acc: 0.857843
Train epoch 199, loss: 1.471501, train acc: 0.942182, train avg acc: 0.912125
Test epoch 199, loss: 1.505011, test acc: 0.904376, test avg acc: 0.868209
Train epoch 200, loss: 1.469452, train acc: 0.942895, train avg acc: 0.909446
Test epoch 200, loss: 1.503448, test acc: 0.904376, test avg acc: 0.863093
Train epoch 201, loss: 1.460037, train acc: 0.945338, train avg acc: 0.915476
Test epoch 201, loss: 1.492197, test acc: 0.912480, test avg acc: 0.871587
Train epoch 202, loss: 1.458763, train acc: 0.946967, train avg acc: 0.917920
Test epoch 202, loss: 1.484373, test acc: 0.909238, test avg acc: 0.870448
Train epoch 203, loss: 1.461758, train acc: 0.945236, train avg acc: 0.913534
Test epoch 203, loss: 1.508147, test acc: 0.903971, test avg acc: 0.861674
Train epoch 204, loss: 1.462802, train acc: 0.946152, train avg acc: 0.918134
Test epoch 204, loss: 1.518120, test acc: 0.892626, test avg acc: 0.867698
Train epoch 205, loss: 1.460086, train acc: 0.947781, train avg acc: 0.919568
Test epoch 205, loss: 1.488416, test acc: 0.905997, test avg acc: 0.871459
Train epoch 206, loss: 1.462141, train acc: 0.946865, train avg acc: 0.916261
Test epoch 206, loss: 1.493979, test acc: 0.909238, test avg acc: 0.876709
Train epoch 207, loss: 1.460448, train acc: 0.947476, train avg acc: 0.919185
Test epoch 207, loss: 1.488237, test acc: 0.908428, test avg acc: 0.877366
Train epoch 208, loss: 1.462764, train acc: 0.944524, train avg acc: 0.917023
Test epoch 208, loss: 1.490090, test acc: 0.904781, test avg acc: 0.866291
Train epoch 209, loss: 1.464174, train acc: 0.946356, train avg acc: 0.915852
Test epoch 209, loss: 1.507358, test acc: 0.904376, test avg acc: 0.877965
Train epoch 210, loss: 1.446876, train acc: 0.952769, train avg acc: 0.925865
Test epoch 210, loss: 1.491624, test acc: 0.911669, test avg acc: 0.871657
Train epoch 211, loss: 1.456441, train acc: 0.949817, train avg acc: 0.923678
Test epoch 211, loss: 1.485217, test acc: 0.908428, test avg acc: 0.869500
Train epoch 212, loss: 1.453320, train acc: 0.950835, train avg acc: 0.923421
Test epoch 212, loss: 1.497258, test acc: 0.900729, test avg acc: 0.863297
Train epoch 213, loss: 1.453616, train acc: 0.947883, train avg acc: 0.920392
Test epoch 213, loss: 1.502229, test acc: 0.901540, test avg acc: 0.865797
Train epoch 214, loss: 1.451594, train acc: 0.951344, train avg acc: 0.929083
Test epoch 214, loss: 1.478862, test acc: 0.912480, test avg acc: 0.886407
Train epoch 215, loss: 1.462528, train acc: 0.944829, train avg acc: 0.914303
Test epoch 215, loss: 1.539144, test acc: 0.903971, test avg acc: 0.862552
Train epoch 216, loss: 1.457831, train acc: 0.948188, train avg acc: 0.920321
Test epoch 216, loss: 1.493235, test acc: 0.906807, test avg acc: 0.877430
Train epoch 217, loss: 1.459175, train acc: 0.949410, train avg acc: 0.924096
Test epoch 217, loss: 1.523652, test acc: 0.905186, test avg acc: 0.870779
Train epoch 218, loss: 1.455285, train acc: 0.950936, train avg acc: 0.925000
Test epoch 218, loss: 1.477705, test acc: 0.915721, test avg acc: 0.861953
Train epoch 219, loss: 1.456843, train acc: 0.950122, train avg acc: 0.922373
Test epoch 219, loss: 1.516921, test acc: 0.905186, test avg acc: 0.874721
Train epoch 220, loss: 1.455032, train acc: 0.951242, train avg acc: 0.923829
Test epoch 220, loss: 1.493528, test acc: 0.903566, test avg acc: 0.880372
Train epoch 221, loss: 1.447006, train acc: 0.950835, train avg acc: 0.924607
Test epoch 221, loss: 1.481067, test acc: 0.903160, test avg acc: 0.883331
Train epoch 222, loss: 1.447216, train acc: 0.952362, train avg acc: 0.927339
Test epoch 222, loss: 1.485857, test acc: 0.905186, test avg acc: 0.868372
Train epoch 223, loss: 1.455079, train acc: 0.950529, train avg acc: 0.923018
Test epoch 223, loss: 1.461556, test acc: 0.923420, test avg acc: 0.887244
Train epoch 224, loss: 1.442315, train acc: 0.953481, train avg acc: 0.929461
Test epoch 224, loss: 1.476648, test acc: 0.912075, test avg acc: 0.866919
Train epoch 225, loss: 1.451002, train acc: 0.951344, train avg acc: 0.926265
Test epoch 225, loss: 1.486638, test acc: 0.909238, test avg acc: 0.863128
Train epoch 226, loss: 1.450165, train acc: 0.951547, train avg acc: 0.925117
Test epoch 226, loss: 1.488623, test acc: 0.914911, test avg acc: 0.873750
Train epoch 227, loss: 1.448749, train acc: 0.949206, train avg acc: 0.921688
Test epoch 227, loss: 1.490572, test acc: 0.917342, test avg acc: 0.884953
Train epoch 228, loss: 1.457061, train acc: 0.947170, train avg acc: 0.918478
Test epoch 228, loss: 1.475948, test acc: 0.910859, test avg acc: 0.879378
Train epoch 229, loss: 1.450831, train acc: 0.952056, train avg acc: 0.926587
Test epoch 229, loss: 1.481301, test acc: 0.916532, test avg acc: 0.884291
Train epoch 230, loss: 1.448267, train acc: 0.951547, train avg acc: 0.923195
Test epoch 230, loss: 1.499796, test acc: 0.901945, test avg acc: 0.880372
Train epoch 231, loss: 1.450594, train acc: 0.949206, train avg acc: 0.920869
Test epoch 231, loss: 1.495833, test acc: 0.907212, test avg acc: 0.876669
Train epoch 232, loss: 1.449884, train acc: 0.949715, train avg acc: 0.922495
Test epoch 232, loss: 1.485211, test acc: 0.913290, test avg acc: 0.870663
Train epoch 233, loss: 1.450405, train acc: 0.948799, train avg acc: 0.921218
Test epoch 233, loss: 1.481257, test acc: 0.903971, test avg acc: 0.877297
Train epoch 234, loss: 1.442122, train acc: 0.952565, train avg acc: 0.928129
Test epoch 234, loss: 1.478456, test acc: 0.915316, test avg acc: 0.873384
Train epoch 235, loss: 1.440907, train acc: 0.954703, train avg acc: 0.932684
Test epoch 235, loss: 1.481126, test acc: 0.919368, test avg acc: 0.874302
Train epoch 236, loss: 1.445552, train acc: 0.950936, train avg acc: 0.927473
Test epoch 236, loss: 1.503846, test acc: 0.908023, test avg acc: 0.874436
Train epoch 237, loss: 1.439614, train acc: 0.953685, train avg acc: 0.928128
Test epoch 237, loss: 1.466393, test acc: 0.917342, test avg acc: 0.892692
Train epoch 238, loss: 1.439582, train acc: 0.955415, train avg acc: 0.934978
Test epoch 238, loss: 1.522516, test acc: 0.898298, test avg acc: 0.868262
Train epoch 239, loss: 1.439891, train acc: 0.954092, train avg acc: 0.931730
Test epoch 239, loss: 1.483733, test acc: 0.917342, test avg acc: 0.876541
Train epoch 240, loss: 1.447839, train acc: 0.949613, train avg acc: 0.923275
Test epoch 240, loss: 1.503508, test acc: 0.896272, test avg acc: 0.871715
Train epoch 241, loss: 1.444650, train acc: 0.952362, train avg acc: 0.926742
Test epoch 241, loss: 1.483924, test acc: 0.912075, test avg acc: 0.869378
Train epoch 242, loss: 1.431636, train acc: 0.957451, train avg acc: 0.933823
Test epoch 242, loss: 1.485309, test acc: 0.910049, test avg acc: 0.873006
Train epoch 243, loss: 1.438654, train acc: 0.956840, train avg acc: 0.935280
Test epoch 243, loss: 1.480554, test acc: 0.916937, test avg acc: 0.880791
Train epoch 244, loss: 1.436014, train acc: 0.958062, train avg acc: 0.935139
Test epoch 244, loss: 1.494949, test acc: 0.910454, test avg acc: 0.868506
Train epoch 245, loss: 1.433847, train acc: 0.957655, train avg acc: 0.935094
Test epoch 245, loss: 1.496900, test acc: 0.900324, test avg acc: 0.874988
Train epoch 246, loss: 1.437395, train acc: 0.956942, train avg acc: 0.934305
Test epoch 246, loss: 1.486786, test acc: 0.905592, test avg acc: 0.877343
Train epoch 247, loss: 1.432333, train acc: 0.957248, train avg acc: 0.932719
Test epoch 247, loss: 1.460231, test acc: 0.918963, test avg acc: 0.894756
Train epoch 248, loss: 1.431211, train acc: 0.959792, train avg acc: 0.940615
Test epoch 248, loss: 1.490311, test acc: 0.902755, test avg acc: 0.880878
Train epoch 249, loss: 1.430364, train acc: 0.958164, train avg acc: 0.936052
Test epoch 249, loss: 1.514368, test acc: 0.905592, test avg acc: 0.875384
Train epoch 250, loss: 1.433502, train acc: 0.956026, train avg acc: 0.933453
Test epoch 250, loss: 1.503145, test acc: 0.902755, test avg acc: 0.874971
Train epoch 251, loss: 1.432701, train acc: 0.956230, train avg acc: 0.932466
Test epoch 251, loss: 1.472557, test acc: 0.912075, test avg acc: 0.877878
Train epoch 252, loss: 1.430432, train acc: 0.960200, train avg acc: 0.937309
Test epoch 252, loss: 1.465229, test acc: 0.920989, test avg acc: 0.890169
Train epoch 253, loss: 1.427449, train acc: 0.959894, train avg acc: 0.938262
Test epoch 253, loss: 1.489623, test acc: 0.917342, test avg acc: 0.879750
Train epoch 254, loss: 1.426711, train acc: 0.959996, train avg acc: 0.939074
Test epoch 254, loss: 1.475192, test acc: 0.916937, test avg acc: 0.886750
Train epoch 255, loss: 1.419821, train acc: 0.963457, train avg acc: 0.943801
Test epoch 255, loss: 1.507548, test acc: 0.903160, test avg acc: 0.879634
Train epoch 256, loss: 1.431559, train acc: 0.957349, train avg acc: 0.932947
Test epoch 256, loss: 1.496468, test acc: 0.909238, test avg acc: 0.879500
Train epoch 257, loss: 1.426581, train acc: 0.960301, train avg acc: 0.938775
Test epoch 257, loss: 1.474030, test acc: 0.911669, test avg acc: 0.872500
Train epoch 258, loss: 1.426827, train acc: 0.959385, train avg acc: 0.937293
Test epoch 258, loss: 1.488953, test acc: 0.916532, test avg acc: 0.887459
Train epoch 259, loss: 1.429212, train acc: 0.958774, train avg acc: 0.935889
Test epoch 259, loss: 1.480147, test acc: 0.911669, test avg acc: 0.869000
Train epoch 260, loss: 1.427351, train acc: 0.959996, train avg acc: 0.936402
Test epoch 260, loss: 1.508780, test acc: 0.895462, test avg acc: 0.858953
Train epoch 261, loss: 1.426487, train acc: 0.962134, train avg acc: 0.941674
Test epoch 261, loss: 1.533985, test acc: 0.900324, test avg acc: 0.884372
Train epoch 262, loss: 1.427211, train acc: 0.958978, train avg acc: 0.937623
Test epoch 262, loss: 1.469574, test acc: 0.910859, test avg acc: 0.876878
Train epoch 263, loss: 1.422434, train acc: 0.963151, train avg acc: 0.943584
Test epoch 263, loss: 1.506872, test acc: 0.902350, test avg acc: 0.863419
Train epoch 264, loss: 1.423620, train acc: 0.960708, train avg acc: 0.941917
Test epoch 264, loss: 1.505182, test acc: 0.896677, test avg acc: 0.868593
Train epoch 265, loss: 1.422595, train acc: 0.960708, train avg acc: 0.938778
Test epoch 265, loss: 1.481488, test acc: 0.907618, test avg acc: 0.874256
Train epoch 266, loss: 1.424314, train acc: 0.962643, train avg acc: 0.941586
Test epoch 266, loss: 1.515916, test acc: 0.889789, test avg acc: 0.864465
Train epoch 267, loss: 1.426780, train acc: 0.958978, train avg acc: 0.935506
Test epoch 267, loss: 1.481380, test acc: 0.908428, test avg acc: 0.883291
Train epoch 268, loss: 1.419757, train acc: 0.962846, train avg acc: 0.943116
Test epoch 268, loss: 1.488998, test acc: 0.903160, test avg acc: 0.879262
Train epoch 269, loss: 1.419845, train acc: 0.964068, train avg acc: 0.946162
Test epoch 269, loss: 1.463929, test acc: 0.914911, test avg acc: 0.881413
Train epoch 270, loss: 1.423365, train acc: 0.959691, train avg acc: 0.937557
Test epoch 270, loss: 1.475108, test acc: 0.914100, test avg acc: 0.875634
Train epoch 271, loss: 1.417992, train acc: 0.962948, train avg acc: 0.943745
Test epoch 271, loss: 1.482943, test acc: 0.904781, test avg acc: 0.872785
Train epoch 272, loss: 1.416856, train acc: 0.963559, train avg acc: 0.945236
Test epoch 272, loss: 1.481486, test acc: 0.905186, test avg acc: 0.855465
Train epoch 273, loss: 1.415419, train acc: 0.963355, train avg acc: 0.944947
Test epoch 273, loss: 1.470660, test acc: 0.914911, test avg acc: 0.888331
Train epoch 274, loss: 1.418240, train acc: 0.963864, train avg acc: 0.945089
Test epoch 274, loss: 1.480275, test acc: 0.904376, test avg acc: 0.870256
Train epoch 275, loss: 1.415674, train acc: 0.964882, train avg acc: 0.945681
Test epoch 275, loss: 1.464949, test acc: 0.915721, test avg acc: 0.889581
Train epoch 276, loss: 1.416012, train acc: 0.963253, train avg acc: 0.944639
Test epoch 276, loss: 1.522292, test acc: 0.897893, test avg acc: 0.876163
Train epoch 277, loss: 1.416046, train acc: 0.967630, train avg acc: 0.952011
Test epoch 277, loss: 1.502417, test acc: 0.904781, test avg acc: 0.875709
Train epoch 278, loss: 1.415532, train acc: 0.962134, train avg acc: 0.940723
Test epoch 278, loss: 1.469393, test acc: 0.915721, test avg acc: 0.881244
Train epoch 279, loss: 1.411421, train acc: 0.963966, train avg acc: 0.944986
Test epoch 279, loss: 1.466632, test acc: 0.909238, test avg acc: 0.873913
Train epoch 280, loss: 1.412676, train acc: 0.965798, train avg acc: 0.946479
Test epoch 280, loss: 1.470514, test acc: 0.918152, test avg acc: 0.883169
Train epoch 281, loss: 1.417407, train acc: 0.963151, train avg acc: 0.944073
Test epoch 281, loss: 1.481513, test acc: 0.912885, test avg acc: 0.874756
Train epoch 282, loss: 1.414419, train acc: 0.962643, train avg acc: 0.942228
Test epoch 282, loss: 1.497465, test acc: 0.905592, test avg acc: 0.876285
Train epoch 283, loss: 1.419172, train acc: 0.960403, train avg acc: 0.939027
Test epoch 283, loss: 1.481262, test acc: 0.907618, test avg acc: 0.873465
Train epoch 284, loss: 1.410540, train acc: 0.965289, train avg acc: 0.945007
Test epoch 284, loss: 1.494897, test acc: 0.903566, test avg acc: 0.863483
Train epoch 285, loss: 1.414897, train acc: 0.963966, train avg acc: 0.945862
Test epoch 285, loss: 1.475374, test acc: 0.911264, test avg acc: 0.876419
Train epoch 286, loss: 1.417827, train acc: 0.963457, train avg acc: 0.943637
Test epoch 286, loss: 1.483074, test acc: 0.910049, test avg acc: 0.884291
Train epoch 287, loss: 1.413557, train acc: 0.963864, train avg acc: 0.946984
Test epoch 287, loss: 1.492963, test acc: 0.903971, test avg acc: 0.870634
Train epoch 288, loss: 1.411738, train acc: 0.963151, train avg acc: 0.944720
Test epoch 288, loss: 1.510952, test acc: 0.897083, test avg acc: 0.854360
Train epoch 289, loss: 1.413806, train acc: 0.964271, train avg acc: 0.945538
Test epoch 289, loss: 1.478672, test acc: 0.903566, test avg acc: 0.868988
Train epoch 290, loss: 1.402013, train acc: 0.967936, train avg acc: 0.951382
Test epoch 290, loss: 1.460708, test acc: 0.920989, test avg acc: 0.887041
Train epoch 291, loss: 1.413772, train acc: 0.964678, train avg acc: 0.945650
Test epoch 291, loss: 1.475169, test acc: 0.906807, test avg acc: 0.868500
Train epoch 292, loss: 1.400362, train acc: 0.969768, train avg acc: 0.952793
Test epoch 292, loss: 1.485401, test acc: 0.911669, test avg acc: 0.891163
Train epoch 293, loss: 1.401123, train acc: 0.969564, train avg acc: 0.955454
Test epoch 293, loss: 1.480664, test acc: 0.905592, test avg acc: 0.879924
Train epoch 294, loss: 1.405335, train acc: 0.967630, train avg acc: 0.948726
Test epoch 294, loss: 1.484394, test acc: 0.908833, test avg acc: 0.876174
Train epoch 295, loss: 1.401454, train acc: 0.968750, train avg acc: 0.952614
Test epoch 295, loss: 1.504975, test acc: 0.903160, test avg acc: 0.867878
Train epoch 296, loss: 1.398195, train acc: 0.970379, train avg acc: 0.954056
Test epoch 296, loss: 1.478493, test acc: 0.912075, test avg acc: 0.887541
Train epoch 297, loss: 1.403407, train acc: 0.968546, train avg acc: 0.951428
Test epoch 297, loss: 1.479513, test acc: 0.913290, test avg acc: 0.884163
Train epoch 298, loss: 1.396960, train acc: 0.969768, train avg acc: 0.955020
Test epoch 298, loss: 1.476455, test acc: 0.910859, test avg acc: 0.882157
Train epoch 299, loss: 1.392551, train acc: 0.972007, train avg acc: 0.957604
Test epoch 299, loss: 1.470895, test acc: 0.910049, test avg acc: 0.877070
Train epoch 300, loss: 1.397957, train acc: 0.970480, train avg acc: 0.956296
Test epoch 300, loss: 1.472511, test acc: 0.918558, test avg acc: 0.881517
Train epoch 301, loss: 1.397696, train acc: 0.970175, train avg acc: 0.953872
Test epoch 301, loss: 1.498835, test acc: 0.905186, test avg acc: 0.878122
Train epoch 302, loss: 1.399865, train acc: 0.969666, train avg acc: 0.954043
Test epoch 302, loss: 1.485082, test acc: 0.903160, test avg acc: 0.877169
Train epoch 303, loss: 1.402577, train acc: 0.967020, train avg acc: 0.950488
Test epoch 303, loss: 1.453145, test acc: 0.918963, test avg acc: 0.885000
Train epoch 304, loss: 1.392300, train acc: 0.972822, train avg acc: 0.959498
Test epoch 304, loss: 1.466227, test acc: 0.915316, test avg acc: 0.886250
Train epoch 305, loss: 1.397332, train acc: 0.966816, train avg acc: 0.950154
Test epoch 305, loss: 1.482849, test acc: 0.914506, test avg acc: 0.884169
Train epoch 306, loss: 1.395100, train acc: 0.971193, train avg acc: 0.956726
Test epoch 306, loss: 1.470606, test acc: 0.911264, test avg acc: 0.879703
Train epoch 307, loss: 1.393571, train acc: 0.973432, train avg acc: 0.960262
Test epoch 307, loss: 1.464857, test acc: 0.911669, test avg acc: 0.875349
Train epoch 308, loss: 1.404375, train acc: 0.966918, train avg acc: 0.949490
Test epoch 308, loss: 1.468169, test acc: 0.912885, test avg acc: 0.875616
Train epoch 309, loss: 1.395938, train acc: 0.969971, train avg acc: 0.953585
Test epoch 309, loss: 1.465621, test acc: 0.921394, test avg acc: 0.874703
Train epoch 310, loss: 1.400767, train acc: 0.968445, train avg acc: 0.952240
Test epoch 310, loss: 1.485714, test acc: 0.907212, test avg acc: 0.879506
Train epoch 311, loss: 1.398289, train acc: 0.969666, train avg acc: 0.953823
Test epoch 311, loss: 1.477194, test acc: 0.910859, test avg acc: 0.889163
Train epoch 312, loss: 1.398594, train acc: 0.969463, train avg acc: 0.952912
Test epoch 312, loss: 1.459000, test acc: 0.920989, test avg acc: 0.893087
Train epoch 313, loss: 1.393046, train acc: 0.969971, train avg acc: 0.955289
Test epoch 313, loss: 1.465504, test acc: 0.916937, test avg acc: 0.882459
Train epoch 314, loss: 1.397555, train acc: 0.968241, train avg acc: 0.951835
Test epoch 314, loss: 1.446100, test acc: 0.921394, test avg acc: 0.880372
Train epoch 315, loss: 1.394530, train acc: 0.970175, train avg acc: 0.953626
Test epoch 315, loss: 1.463648, test acc: 0.919368, test avg acc: 0.886250
Train epoch 316, loss: 1.399841, train acc: 0.968241, train avg acc: 0.951945
Test epoch 316, loss: 1.474145, test acc: 0.911669, test avg acc: 0.885878
Train epoch 317, loss: 1.396217, train acc: 0.972211, train avg acc: 0.956918
Test epoch 317, loss: 1.481790, test acc: 0.908833, test avg acc: 0.886506
Train epoch 318, loss: 1.392639, train acc: 0.971193, train avg acc: 0.956199
Test epoch 318, loss: 1.480917, test acc: 0.908833, test avg acc: 0.880750
Train epoch 319, loss: 1.386848, train acc: 0.973636, train avg acc: 0.961397
Test epoch 319, loss: 1.460232, test acc: 0.918152, test avg acc: 0.884785
Train epoch 320, loss: 1.391062, train acc: 0.971498, train avg acc: 0.954046
Test epoch 320, loss: 1.457579, test acc: 0.910454, test avg acc: 0.876663
Train epoch 321, loss: 1.382699, train acc: 0.973941, train avg acc: 0.958507
Test epoch 321, loss: 1.470508, test acc: 0.917747, test avg acc: 0.882209
Train epoch 322, loss: 1.380294, train acc: 0.977606, train avg acc: 0.965209
Test epoch 322, loss: 1.455591, test acc: 0.920178, test avg acc: 0.888872
Train epoch 323, loss: 1.382891, train acc: 0.973941, train avg acc: 0.959969
Test epoch 323, loss: 1.466441, test acc: 0.913695, test avg acc: 0.889872
Train epoch 324, loss: 1.388295, train acc: 0.973432, train avg acc: 0.960744
Test epoch 324, loss: 1.454445, test acc: 0.920178, test avg acc: 0.885076
Train epoch 325, loss: 1.380865, train acc: 0.976384, train avg acc: 0.962437
Test epoch 325, loss: 1.454218, test acc: 0.921799, test avg acc: 0.889785
Train epoch 326, loss: 1.387989, train acc: 0.974450, train avg acc: 0.959526
Test epoch 326, loss: 1.460381, test acc: 0.918558, test avg acc: 0.882157
Train epoch 327, loss: 1.381282, train acc: 0.974959, train avg acc: 0.961976
Test epoch 327, loss: 1.457080, test acc: 0.918963, test avg acc: 0.892203
Train epoch 328, loss: 1.384159, train acc: 0.975774, train avg acc: 0.963103
Test epoch 328, loss: 1.448712, test acc: 0.927066, test avg acc: 0.888407
Train epoch 329, loss: 1.379882, train acc: 0.975977, train avg acc: 0.963414
Test epoch 329, loss: 1.439795, test acc: 0.927066, test avg acc: 0.894326
Train epoch 330, loss: 1.382220, train acc: 0.975875, train avg acc: 0.963648
Test epoch 330, loss: 1.459040, test acc: 0.918152, test avg acc: 0.887622
Train epoch 331, loss: 1.380934, train acc: 0.977606, train avg acc: 0.965650
Test epoch 331, loss: 1.450462, test acc: 0.920583, test avg acc: 0.891285
Train epoch 332, loss: 1.381880, train acc: 0.974145, train avg acc: 0.961234
Test epoch 332, loss: 1.490446, test acc: 0.897488, test avg acc: 0.878703
Train epoch 333, loss: 1.380638, train acc: 0.976283, train avg acc: 0.962046
Test epoch 333, loss: 1.469195, test acc: 0.910859, test avg acc: 0.873506
Train epoch 334, loss: 1.378911, train acc: 0.975570, train avg acc: 0.964895
Test epoch 334, loss: 1.469527, test acc: 0.918963, test avg acc: 0.884826
Train epoch 335, loss: 1.382109, train acc: 0.974450, train avg acc: 0.959707
Test epoch 335, loss: 1.460209, test acc: 0.913695, test avg acc: 0.885413
Train epoch 336, loss: 1.382579, train acc: 0.975672, train avg acc: 0.963848
Test epoch 336, loss: 1.474600, test acc: 0.907618, test avg acc: 0.877459
Train epoch 337, loss: 1.374030, train acc: 0.979540, train avg acc: 0.969178
Test epoch 337, loss: 1.468417, test acc: 0.908833, test avg acc: 0.887913
Train epoch 338, loss: 1.376871, train acc: 0.977708, train avg acc: 0.965545
Test epoch 338, loss: 1.457664, test acc: 0.916937, test avg acc: 0.887831
Train epoch 339, loss: 1.378454, train acc: 0.976792, train avg acc: 0.966116
Test epoch 339, loss: 1.450376, test acc: 0.919368, test avg acc: 0.884674
Train epoch 340, loss: 1.375101, train acc: 0.976384, train avg acc: 0.963243
Test epoch 340, loss: 1.450083, test acc: 0.918963, test avg acc: 0.888041
Train epoch 341, loss: 1.372671, train acc: 0.978013, train avg acc: 0.966623
Test epoch 341, loss: 1.456585, test acc: 0.916532, test avg acc: 0.887169
Train epoch 342, loss: 1.369532, train acc: 0.979743, train avg acc: 0.969932
Test epoch 342, loss: 1.447712, test acc: 0.921799, test avg acc: 0.886500
Train epoch 343, loss: 1.380578, train acc: 0.975774, train avg acc: 0.963270
Test epoch 343, loss: 1.452124, test acc: 0.919368, test avg acc: 0.888453
Train epoch 344, loss: 1.370747, train acc: 0.980252, train avg acc: 0.969077
Test epoch 344, loss: 1.449894, test acc: 0.923825, test avg acc: 0.891326
Train epoch 345, loss: 1.369490, train acc: 0.978929, train avg acc: 0.968551
Test epoch 345, loss: 1.459082, test acc: 0.916532, test avg acc: 0.880372
Train epoch 346, loss: 1.365470, train acc: 0.980354, train avg acc: 0.968704
Test epoch 346, loss: 1.451771, test acc: 0.918558, test avg acc: 0.881663
Train epoch 347, loss: 1.368554, train acc: 0.979438, train avg acc: 0.968010
Test epoch 347, loss: 1.451681, test acc: 0.921394, test avg acc: 0.889453
Train epoch 348, loss: 1.371337, train acc: 0.978929, train avg acc: 0.968993
Test epoch 348, loss: 1.448767, test acc: 0.914506, test avg acc: 0.879076
Train epoch 349, loss: 1.369614, train acc: 0.978115, train avg acc: 0.964951
Test epoch 349, loss: 1.473245, test acc: 0.906807, test avg acc: 0.881581
Train epoch 350, loss: 1.369048, train acc: 0.978726, train avg acc: 0.966786
Test epoch 350, loss: 1.437778, test acc: 0.925041, test avg acc: 0.891459
Train epoch 351, loss: 1.367032, train acc: 0.980660, train avg acc: 0.970075
Test epoch 351, loss: 1.466657, test acc: 0.915316, test avg acc: 0.887291
Train epoch 352, loss: 1.364622, train acc: 0.981576, train avg acc: 0.970817
Test epoch 352, loss: 1.447204, test acc: 0.918558, test avg acc: 0.882541
Train epoch 353, loss: 1.364634, train acc: 0.981270, train avg acc: 0.971147
Test epoch 353, loss: 1.467244, test acc: 0.913695, test avg acc: 0.886994
Train epoch 354, loss: 1.366478, train acc: 0.979438, train avg acc: 0.968753
Test epoch 354, loss: 1.449594, test acc: 0.919368, test avg acc: 0.883488
Train epoch 355, loss: 1.372268, train acc: 0.977606, train avg acc: 0.964790
Test epoch 355, loss: 1.449124, test acc: 0.918558, test avg acc: 0.883791
Train epoch 356, loss: 1.365946, train acc: 0.980965, train avg acc: 0.970074
Test epoch 356, loss: 1.460908, test acc: 0.913695, test avg acc: 0.886994
Train epoch 357, loss: 1.368108, train acc: 0.979540, train avg acc: 0.970291
Test epoch 357, loss: 1.445153, test acc: 0.912480, test avg acc: 0.886837
Train epoch 358, loss: 1.360042, train acc: 0.982085, train avg acc: 0.970818
Test epoch 358, loss: 1.460301, test acc: 0.913695, test avg acc: 0.883785
Train epoch 359, loss: 1.365558, train acc: 0.981270, train avg acc: 0.970333
Test epoch 359, loss: 1.459359, test acc: 0.919368, test avg acc: 0.896081
Train epoch 360, loss: 1.361268, train acc: 0.980558, train avg acc: 0.970457
Test epoch 360, loss: 1.452647, test acc: 0.916126, test avg acc: 0.887506
Train epoch 361, loss: 1.359252, train acc: 0.982899, train avg acc: 0.974076
Test epoch 361, loss: 1.440539, test acc: 0.924635, test avg acc: 0.892535
Train epoch 362, loss: 1.364242, train acc: 0.980965, train avg acc: 0.968853
Test epoch 362, loss: 1.443464, test acc: 0.922204, test avg acc: 0.895657
Train epoch 363, loss: 1.357173, train acc: 0.984019, train avg acc: 0.974946
Test epoch 363, loss: 1.474865, test acc: 0.908428, test avg acc: 0.886256
Train epoch 364, loss: 1.359275, train acc: 0.982390, train avg acc: 0.973069
Test epoch 364, loss: 1.445658, test acc: 0.920583, test avg acc: 0.895407
Train epoch 365, loss: 1.353231, train acc: 0.985546, train avg acc: 0.978986
Test epoch 365, loss: 1.438140, test acc: 0.923825, test avg acc: 0.895041
Train epoch 366, loss: 1.358032, train acc: 0.983103, train avg acc: 0.974574
Test epoch 366, loss: 1.446858, test acc: 0.920989, test avg acc: 0.887413
Train epoch 367, loss: 1.348755, train acc: 0.985647, train avg acc: 0.976937
Test epoch 367, loss: 1.438481, test acc: 0.926256, test avg acc: 0.895703
Train epoch 368, loss: 1.356403, train acc: 0.982899, train avg acc: 0.975728
Test epoch 368, loss: 1.444421, test acc: 0.922609, test avg acc: 0.886616
Train epoch 369, loss: 1.356982, train acc: 0.981678, train avg acc: 0.972572
Test epoch 369, loss: 1.442411, test acc: 0.920989, test avg acc: 0.888535
Train epoch 370, loss: 1.354209, train acc: 0.984121, train avg acc: 0.976026
Test epoch 370, loss: 1.465859, test acc: 0.920178, test avg acc: 0.890953
Train epoch 371, loss: 1.356154, train acc: 0.983612, train avg acc: 0.975620
Test epoch 371, loss: 1.441963, test acc: 0.920989, test avg acc: 0.880041
Train epoch 372, loss: 1.359393, train acc: 0.982492, train avg acc: 0.972399
Test epoch 372, loss: 1.444891, test acc: 0.918152, test avg acc: 0.891419
Train epoch 373, loss: 1.356969, train acc: 0.983306, train avg acc: 0.973031
Test epoch 373, loss: 1.448963, test acc: 0.923825, test avg acc: 0.891163
Train epoch 374, loss: 1.351037, train acc: 0.985647, train avg acc: 0.978427
Test epoch 374, loss: 1.443924, test acc: 0.924230, test avg acc: 0.889291
Train epoch 375, loss: 1.350577, train acc: 0.986055, train avg acc: 0.979314
Test epoch 375, loss: 1.434182, test acc: 0.928282, test avg acc: 0.894953
Train epoch 376, loss: 1.354906, train acc: 0.984222, train avg acc: 0.974711
Test epoch 376, loss: 1.446484, test acc: 0.918558, test avg acc: 0.891035
Train epoch 377, loss: 1.351952, train acc: 0.984426, train avg acc: 0.976584
Test epoch 377, loss: 1.445686, test acc: 0.921394, test avg acc: 0.885785
Train epoch 378, loss: 1.347585, train acc: 0.987072, train avg acc: 0.979981
Test epoch 378, loss: 1.445961, test acc: 0.925446, test avg acc: 0.892453
Train epoch 379, loss: 1.349807, train acc: 0.986869, train avg acc: 0.979832
Test epoch 379, loss: 1.446363, test acc: 0.916532, test avg acc: 0.887372
Train epoch 380, loss: 1.350394, train acc: 0.984629, train avg acc: 0.976635
Test epoch 380, loss: 1.444653, test acc: 0.918963, test avg acc: 0.889994
Train epoch 381, loss: 1.345434, train acc: 0.986360, train avg acc: 0.980000
Test epoch 381, loss: 1.444383, test acc: 0.922609, test avg acc: 0.889285
Train epoch 382, loss: 1.354528, train acc: 0.982085, train avg acc: 0.973664
Test epoch 382, loss: 1.454388, test acc: 0.918558, test avg acc: 0.890994
Train epoch 383, loss: 1.346426, train acc: 0.986462, train avg acc: 0.978535
Test epoch 383, loss: 1.443845, test acc: 0.923420, test avg acc: 0.888413
Train epoch 384, loss: 1.343757, train acc: 0.988192, train avg acc: 0.983185
Test epoch 384, loss: 1.447258, test acc: 0.919773, test avg acc: 0.890576
Train epoch 385, loss: 1.353173, train acc: 0.984121, train avg acc: 0.975279
Test epoch 385, loss: 1.443144, test acc: 0.923015, test avg acc: 0.895581
Train epoch 386, loss: 1.349038, train acc: 0.984731, train avg acc: 0.977582
Test epoch 386, loss: 1.449404, test acc: 0.917747, test avg acc: 0.888657
Train epoch 387, loss: 1.341826, train acc: 0.988090, train avg acc: 0.981169
Test epoch 387, loss: 1.445575, test acc: 0.920989, test avg acc: 0.890994
Train epoch 388, loss: 1.345219, train acc: 0.985037, train avg acc: 0.976063
Test epoch 388, loss: 1.446181, test acc: 0.918558, test avg acc: 0.889750
Train epoch 389, loss: 1.345427, train acc: 0.985647, train avg acc: 0.978517
Test epoch 389, loss: 1.456296, test acc: 0.918558, test avg acc: 0.888157
Train epoch 390, loss: 1.342239, train acc: 0.987683, train avg acc: 0.981437
Test epoch 390, loss: 1.444860, test acc: 0.918152, test avg acc: 0.887907
Train epoch 391, loss: 1.346011, train acc: 0.985546, train avg acc: 0.979350
Test epoch 391, loss: 1.456092, test acc: 0.918152, test avg acc: 0.891413
Train epoch 392, loss: 1.349307, train acc: 0.983612, train avg acc: 0.974378
Test epoch 392, loss: 1.460991, test acc: 0.915316, test avg acc: 0.889953
Train epoch 393, loss: 1.342285, train acc: 0.987581, train avg acc: 0.981165
Test epoch 393, loss: 1.450060, test acc: 0.917747, test avg acc: 0.887331
Train epoch 394, loss: 1.345538, train acc: 0.986156, train avg acc: 0.980775
Test epoch 394, loss: 1.461403, test acc: 0.920989, test avg acc: 0.896494
Train epoch 395, loss: 1.343347, train acc: 0.986767, train avg acc: 0.979640
Test epoch 395, loss: 1.443337, test acc: 0.922609, test avg acc: 0.884413
Train epoch 396, loss: 1.342803, train acc: 0.988396, train avg acc: 0.984129
Test epoch 396, loss: 1.437399, test acc: 0.922609, test avg acc: 0.886366
Train epoch 397, loss: 1.341020, train acc: 0.988396, train avg acc: 0.981212
Test epoch 397, loss: 1.440914, test acc: 0.920989, test avg acc: 0.887041
Train epoch 398, loss: 1.339012, train acc: 0.988701, train avg acc: 0.983688
Test epoch 398, loss: 1.446797, test acc: 0.919368, test avg acc: 0.886453
Train epoch 399, loss: 1.333978, train acc: 0.990737, train avg acc: 0.985063
Test epoch 399, loss: 1.441346, test acc: 0.918963, test avg acc: 0.886122
Train epoch 400, loss: 1.341347, train acc: 0.985138, train avg acc: 0.977663
Test epoch 400, loss: 1.444894, test acc: 0.922609, test avg acc: 0.897663
Train epoch 401, loss: 1.338001, train acc: 0.988803, train avg acc: 0.982229
Test epoch 401, loss: 1.448458, test acc: 0.919773, test avg acc: 0.893785
Train epoch 402, loss: 1.344741, train acc: 0.986564, train avg acc: 0.979268
Test epoch 402, loss: 1.445265, test acc: 0.917342, test avg acc: 0.891122
Train epoch 403, loss: 1.340816, train acc: 0.986767, train avg acc: 0.979304
Test epoch 403, loss: 1.440601, test acc: 0.922609, test avg acc: 0.893244
Train epoch 404, loss: 1.336683, train acc: 0.987785, train avg acc: 0.982691
Test epoch 404, loss: 1.450704, test acc: 0.921394, test avg acc: 0.892866
Train epoch 405, loss: 1.342019, train acc: 0.985749, train avg acc: 0.978522
Test epoch 405, loss: 1.436065, test acc: 0.924230, test avg acc: 0.891494
Train epoch 406, loss: 1.336016, train acc: 0.989923, train avg acc: 0.986130
Test epoch 406, loss: 1.443656, test acc: 0.924230, test avg acc: 0.890331
Train epoch 407, loss: 1.336703, train acc: 0.987785, train avg acc: 0.981729
Test epoch 407, loss: 1.445045, test acc: 0.917342, test avg acc: 0.882285
Train epoch 408, loss: 1.334116, train acc: 0.988294, train avg acc: 0.982724
Test epoch 408, loss: 1.447124, test acc: 0.921394, test avg acc: 0.895081
Train epoch 409, loss: 1.335392, train acc: 0.988803, train avg acc: 0.983170
Test epoch 409, loss: 1.453442, test acc: 0.916126, test avg acc: 0.884285
Train epoch 410, loss: 1.333749, train acc: 0.991348, train avg acc: 0.986828
Test epoch 410, loss: 1.449640, test acc: 0.916532, test avg acc: 0.886622
Train epoch 411, loss: 1.335262, train acc: 0.988701, train avg acc: 0.983906
Test epoch 411, loss: 1.443471, test acc: 0.920178, test avg acc: 0.892157
Train epoch 412, loss: 1.333117, train acc: 0.989414, train avg acc: 0.984572
Test epoch 412, loss: 1.437422, test acc: 0.922204, test avg acc: 0.894407
Train epoch 413, loss: 1.330488, train acc: 0.991246, train avg acc: 0.987301
Test epoch 413, loss: 1.442205, test acc: 0.922204, test avg acc: 0.898163
Train epoch 414, loss: 1.335026, train acc: 0.988803, train avg acc: 0.983586
Test epoch 414, loss: 1.444217, test acc: 0.923420, test avg acc: 0.894657
Train epoch 415, loss: 1.332317, train acc: 0.989312, train avg acc: 0.983387
Test epoch 415, loss: 1.440171, test acc: 0.925446, test avg acc: 0.895203
Train epoch 416, loss: 1.334753, train acc: 0.989312, train avg acc: 0.984663
Test epoch 416, loss: 1.447817, test acc: 0.920583, test avg acc: 0.891994
Train epoch 417, loss: 1.328414, train acc: 0.991144, train avg acc: 0.986797
Test epoch 417, loss: 1.436699, test acc: 0.928282, test avg acc: 0.893198
Train epoch 418, loss: 1.327338, train acc: 0.991857, train avg acc: 0.986862
Test epoch 418, loss: 1.445012, test acc: 0.925041, test avg acc: 0.893663
Train epoch 419, loss: 1.330547, train acc: 0.989617, train avg acc: 0.983817
Test epoch 419, loss: 1.445529, test acc: 0.918558, test avg acc: 0.892622
Train epoch 420, loss: 1.327103, train acc: 0.990737, train avg acc: 0.984431
Test epoch 420, loss: 1.432068, test acc: 0.925041, test avg acc: 0.896076
Train epoch 421, loss: 1.330842, train acc: 0.990533, train avg acc: 0.985485
Test epoch 421, loss: 1.438255, test acc: 0.926256, test avg acc: 0.896029
Train epoch 422, loss: 1.327334, train acc: 0.991958, train avg acc: 0.987512
Test epoch 422, loss: 1.443438, test acc: 0.920583, test avg acc: 0.894244
Train epoch 423, loss: 1.322749, train acc: 0.992366, train avg acc: 0.988372
Test epoch 423, loss: 1.447249, test acc: 0.917747, test avg acc: 0.889535
Train epoch 424, loss: 1.329753, train acc: 0.989617, train avg acc: 0.984279
Test epoch 424, loss: 1.439366, test acc: 0.927066, test avg acc: 0.895035
Train epoch 425, loss: 1.328841, train acc: 0.990126, train avg acc: 0.985071
Test epoch 425, loss: 1.440041, test acc: 0.924230, test avg acc: 0.895535
Train epoch 426, loss: 1.328286, train acc: 0.989617, train avg acc: 0.985172
Test epoch 426, loss: 1.442809, test acc: 0.914506, test avg acc: 0.886169
Train epoch 427, loss: 1.329796, train acc: 0.989617, train avg acc: 0.984523
Test epoch 427, loss: 1.435455, test acc: 0.923825, test avg acc: 0.892913
Train epoch 428, loss: 1.324744, train acc: 0.991857, train avg acc: 0.987213
Test epoch 428, loss: 1.440916, test acc: 0.919368, test avg acc: 0.890657
Train epoch 429, loss: 1.331122, train acc: 0.989515, train avg acc: 0.984233
Test epoch 429, loss: 1.436660, test acc: 0.923015, test avg acc: 0.886785
Train epoch 430, loss: 1.323710, train acc: 0.992264, train avg acc: 0.987562
Test epoch 430, loss: 1.435998, test acc: 0.920583, test avg acc: 0.888831
Train epoch 431, loss: 1.325700, train acc: 0.990126, train avg acc: 0.984681
Test epoch 431, loss: 1.445481, test acc: 0.920989, test avg acc: 0.891407
Train epoch 432, loss: 1.326428, train acc: 0.990432, train avg acc: 0.986489
Test epoch 432, loss: 1.447086, test acc: 0.918963, test avg acc: 0.889366
Train epoch 433, loss: 1.325027, train acc: 0.991246, train avg acc: 0.987056
Test epoch 433, loss: 1.437218, test acc: 0.920989, test avg acc: 0.884535
Train epoch 434, loss: 1.323996, train acc: 0.991857, train avg acc: 0.987452
Test epoch 434, loss: 1.435782, test acc: 0.925041, test avg acc: 0.898076
Train epoch 435, loss: 1.326439, train acc: 0.991246, train avg acc: 0.985849
Test epoch 435, loss: 1.435795, test acc: 0.921799, test avg acc: 0.888913
Train epoch 436, loss: 1.323434, train acc: 0.991551, train avg acc: 0.987090
Test epoch 436, loss: 1.440765, test acc: 0.921394, test avg acc: 0.889744
Train epoch 437, loss: 1.323538, train acc: 0.992366, train avg acc: 0.988413
Test epoch 437, loss: 1.440515, test acc: 0.921394, test avg acc: 0.891494
Train epoch 438, loss: 1.324247, train acc: 0.991450, train avg acc: 0.986587
Test epoch 438, loss: 1.442179, test acc: 0.921799, test avg acc: 0.892157
Train epoch 439, loss: 1.319137, train acc: 0.993485, train avg acc: 0.989796
Test epoch 439, loss: 1.440841, test acc: 0.918152, test avg acc: 0.889622
Train epoch 440, loss: 1.320531, train acc: 0.993893, train avg acc: 0.990731
Test epoch 440, loss: 1.436592, test acc: 0.920583, test avg acc: 0.889041
Train epoch 441, loss: 1.322933, train acc: 0.991755, train avg acc: 0.986890
Test epoch 441, loss: 1.441167, test acc: 0.923015, test avg acc: 0.890785
Train epoch 442, loss: 1.321915, train acc: 0.991857, train avg acc: 0.987976
Test epoch 442, loss: 1.438209, test acc: 0.921799, test avg acc: 0.886076
Train epoch 443, loss: 1.323223, train acc: 0.991551, train avg acc: 0.987924
Test epoch 443, loss: 1.441012, test acc: 0.924230, test avg acc: 0.892372
Train epoch 444, loss: 1.317028, train acc: 0.994096, train avg acc: 0.991784
Test epoch 444, loss: 1.431407, test acc: 0.927472, test avg acc: 0.895413
Train epoch 445, loss: 1.322213, train acc: 0.992162, train avg acc: 0.987821
Test epoch 445, loss: 1.441352, test acc: 0.925446, test avg acc: 0.896244
Train epoch 446, loss: 1.319328, train acc: 0.992671, train avg acc: 0.989673
Test epoch 446, loss: 1.439116, test acc: 0.923420, test avg acc: 0.894953
Train epoch 447, loss: 1.320380, train acc: 0.992773, train avg acc: 0.988582
Test epoch 447, loss: 1.430458, test acc: 0.925041, test avg acc: 0.889913
Train epoch 448, loss: 1.314515, train acc: 0.994401, train avg acc: 0.991695
Test epoch 448, loss: 1.431848, test acc: 0.925041, test avg acc: 0.895953
Train epoch 449, loss: 1.317853, train acc: 0.992264, train avg acc: 0.988508
Test epoch 449, loss: 1.440374, test acc: 0.924230, test avg acc: 0.899453
Train epoch 450, loss: 1.317569, train acc: 0.993282, train avg acc: 0.990108
Test epoch 450, loss: 1.437889, test acc: 0.921799, test avg acc: 0.892076
Train epoch 451, loss: 1.319394, train acc: 0.993689, train avg acc: 0.989533
Test epoch 451, loss: 1.436931, test acc: 0.925851, test avg acc: 0.897576
Train epoch 452, loss: 1.317858, train acc: 0.992875, train avg acc: 0.990067
Test epoch 452, loss: 1.434290, test acc: 0.924230, test avg acc: 0.894453
Train epoch 453, loss: 1.322907, train acc: 0.991551, train avg acc: 0.987381
Test epoch 453, loss: 1.442067, test acc: 0.920989, test avg acc: 0.893413
Train epoch 454, loss: 1.315943, train acc: 0.994707, train avg acc: 0.991734
Test epoch 454, loss: 1.436409, test acc: 0.927877, test avg acc: 0.897785
Train epoch 455, loss: 1.316498, train acc: 0.992976, train avg acc: 0.988706
Test epoch 455, loss: 1.436460, test acc: 0.922204, test avg acc: 0.891285
Train epoch 456, loss: 1.319315, train acc: 0.992569, train avg acc: 0.989078
Test epoch 456, loss: 1.440220, test acc: 0.922609, test avg acc: 0.894413
Train epoch 457, loss: 1.317399, train acc: 0.993078, train avg acc: 0.989088
Test epoch 457, loss: 1.433042, test acc: 0.926661, test avg acc: 0.895994
Train epoch 458, loss: 1.316312, train acc: 0.993587, train avg acc: 0.990018
Test epoch 458, loss: 1.436160, test acc: 0.923015, test avg acc: 0.891622
Train epoch 459, loss: 1.318197, train acc: 0.992773, train avg acc: 0.988671
Test epoch 459, loss: 1.436676, test acc: 0.925041, test avg acc: 0.892994
Train epoch 460, loss: 1.317710, train acc: 0.992773, train avg acc: 0.988775
Test epoch 460, loss: 1.434340, test acc: 0.926256, test avg acc: 0.892663
Train epoch 461, loss: 1.317365, train acc: 0.994096, train avg acc: 0.991531
Test epoch 461, loss: 1.434240, test acc: 0.925446, test avg acc: 0.892366
Train epoch 462, loss: 1.316601, train acc: 0.993384, train avg acc: 0.988893
Test epoch 462, loss: 1.436965, test acc: 0.920989, test avg acc: 0.889372
Train epoch 463, loss: 1.316024, train acc: 0.993994, train avg acc: 0.990044
Test epoch 463, loss: 1.435310, test acc: 0.923015, test avg acc: 0.889744
Train epoch 464, loss: 1.310875, train acc: 0.995114, train avg acc: 0.992960
Test epoch 464, loss: 1.435270, test acc: 0.925041, test avg acc: 0.892035
Train epoch 465, loss: 1.314156, train acc: 0.994096, train avg acc: 0.990630
Test epoch 465, loss: 1.442931, test acc: 0.921394, test avg acc: 0.889703
Train epoch 466, loss: 1.316757, train acc: 0.993282, train avg acc: 0.988840
Test epoch 466, loss: 1.434648, test acc: 0.926661, test avg acc: 0.897198
Train epoch 467, loss: 1.314881, train acc: 0.994300, train avg acc: 0.990708
Test epoch 467, loss: 1.440091, test acc: 0.921799, test avg acc: 0.891076
Train epoch 468, loss: 1.315743, train acc: 0.993587, train avg acc: 0.989771
Test epoch 468, loss: 1.433301, test acc: 0.925446, test avg acc: 0.893326
Train epoch 469, loss: 1.314550, train acc: 0.993587, train avg acc: 0.990362
Test epoch 469, loss: 1.441612, test acc: 0.921799, test avg acc: 0.889872
Train epoch 470, loss: 1.318436, train acc: 0.993180, train avg acc: 0.988430
Test epoch 470, loss: 1.438632, test acc: 0.921799, test avg acc: 0.891994
Train epoch 471, loss: 1.311996, train acc: 0.995114, train avg acc: 0.992532
Test epoch 471, loss: 1.436639, test acc: 0.927472, test avg acc: 0.894616
Train epoch 472, loss: 1.315322, train acc: 0.993180, train avg acc: 0.989123
Test epoch 472, loss: 1.439614, test acc: 0.923420, test avg acc: 0.894076
Train epoch 473, loss: 1.312423, train acc: 0.994809, train avg acc: 0.992281
Test epoch 473, loss: 1.436178, test acc: 0.919773, test avg acc: 0.884581
Train epoch 474, loss: 1.313712, train acc: 0.993587, train avg acc: 0.989902
Test epoch 474, loss: 1.437221, test acc: 0.919773, test avg acc: 0.884663
Train epoch 475, loss: 1.315043, train acc: 0.993893, train avg acc: 0.990526
Test epoch 475, loss: 1.439528, test acc: 0.923825, test avg acc: 0.890203
Train epoch 476, loss: 1.313863, train acc: 0.993384, train avg acc: 0.989881
Test epoch 476, loss: 1.438196, test acc: 0.923015, test avg acc: 0.890744
Train epoch 477, loss: 1.313773, train acc: 0.993587, train avg acc: 0.990198
Test epoch 477, loss: 1.432830, test acc: 0.926661, test avg acc: 0.892198
Train epoch 478, loss: 1.317709, train acc: 0.992366, train avg acc: 0.988182
Test epoch 478, loss: 1.434845, test acc: 0.923825, test avg acc: 0.891366
Train epoch 479, loss: 1.313087, train acc: 0.994198, train avg acc: 0.992612
Test epoch 479, loss: 1.428298, test acc: 0.927472, test avg acc: 0.891616
Train epoch 480, loss: 1.315534, train acc: 0.993180, train avg acc: 0.989944
Test epoch 480, loss: 1.435737, test acc: 0.926256, test avg acc: 0.895866
Train epoch 481, loss: 1.311652, train acc: 0.994605, train avg acc: 0.991505
Test epoch 481, loss: 1.432608, test acc: 0.925851, test avg acc: 0.894535
Train epoch 482, loss: 1.314724, train acc: 0.994096, train avg acc: 0.990535
Test epoch 482, loss: 1.437811, test acc: 0.922609, test avg acc: 0.889698
Train epoch 483, loss: 1.316351, train acc: 0.992976, train avg acc: 0.989145
Test epoch 483, loss: 1.437512, test acc: 0.924230, test avg acc: 0.891535
Train epoch 484, loss: 1.312839, train acc: 0.994707, train avg acc: 0.991133
Test epoch 484, loss: 1.434478, test acc: 0.922609, test avg acc: 0.889413
Train epoch 485, loss: 1.314606, train acc: 0.993485, train avg acc: 0.989961
Test epoch 485, loss: 1.435661, test acc: 0.920178, test avg acc: 0.887035
Train epoch 486, loss: 1.312851, train acc: 0.994605, train avg acc: 0.990894
Test epoch 486, loss: 1.432975, test acc: 0.923420, test avg acc: 0.891994
Train epoch 487, loss: 1.315792, train acc: 0.993078, train avg acc: 0.989846
Test epoch 487, loss: 1.436879, test acc: 0.921394, test avg acc: 0.890703
Train epoch 488, loss: 1.314213, train acc: 0.994605, train avg acc: 0.991632
Test epoch 488, loss: 1.436512, test acc: 0.922204, test avg acc: 0.891122
Train epoch 489, loss: 1.313015, train acc: 0.993791, train avg acc: 0.990078
Test epoch 489, loss: 1.440045, test acc: 0.923825, test avg acc: 0.891285
Train epoch 490, loss: 1.314855, train acc: 0.994910, train avg acc: 0.991342
Test epoch 490, loss: 1.437312, test acc: 0.923825, test avg acc: 0.892407
Train epoch 491, loss: 1.312770, train acc: 0.993893, train avg acc: 0.990538
Test epoch 491, loss: 1.436577, test acc: 0.922204, test avg acc: 0.892163
Train epoch 492, loss: 1.312576, train acc: 0.995318, train avg acc: 0.992422
Test epoch 492, loss: 1.438965, test acc: 0.920583, test avg acc: 0.888285
Train epoch 493, loss: 1.312630, train acc: 0.994096, train avg acc: 0.991388
Test epoch 493, loss: 1.436185, test acc: 0.920583, test avg acc: 0.887407
Train epoch 494, loss: 1.312870, train acc: 0.995216, train avg acc: 0.992133
Test epoch 494, loss: 1.435577, test acc: 0.924230, test avg acc: 0.890535
Train epoch 495, loss: 1.312576, train acc: 0.993689, train avg acc: 0.990543
Test epoch 495, loss: 1.435866, test acc: 0.922204, test avg acc: 0.890244
Train epoch 496, loss: 1.308853, train acc: 0.995419, train avg acc: 0.993376
Test epoch 496, loss: 1.433943, test acc: 0.921394, test avg acc: 0.884785
Train epoch 497, loss: 1.311318, train acc: 0.994605, train avg acc: 0.992826
Test epoch 497, loss: 1.437731, test acc: 0.920583, test avg acc: 0.889244
Train epoch 498, loss: 1.312690, train acc: 0.994707, train avg acc: 0.992082
Test epoch 498, loss: 1.437167, test acc: 0.924230, test avg acc: 0.890494
Train epoch 499, loss: 1.312404, train acc: 0.994096, train avg acc: 0.990703
Test epoch 499, loss: 1.434330, test acc: 0.923420, test avg acc: 0.889994
