Namespace(augmix_cutmix_prob=0.0, augmix_prob=0.0, batch_size=32, beta=1.0, data_path='./data/modelnet40_normal_resampled', dataset='modelnet40', dropout=0.5, emb_dims=1024, epochs=500, eval=False, exp_name='no_aug_dgcnn_1024_batch32', jitter=False, k=20, knn=False, lr=0.001, model='dgcnn', model_path='', modelnet10=False, momentum=0.9, no_cuda=False, normal=False, nsample=512, num_points=1024, rddrop=False, rdscale=False, rot=False, rsmix_prob=0.0, seed=1, shift=False, shuffle=False, test_batch_size=16, use_sgd=True)
Using GPU : 0 from 1 devices
Train epoch 0, loss: 2.562411, train acc: 0.524532, train avg acc: 0.348013
Test epoch 0, loss: 2.095885, test acc: 0.702188, test avg acc: 0.572750
Train epoch 1, loss: 2.038491, train acc: 0.711828, train avg acc: 0.558386
Test epoch 1, loss: 2.036129, test acc: 0.709887, test avg acc: 0.588541
Train epoch 2, loss: 1.916053, train acc: 0.763436, train avg acc: 0.635005
Test epoch 2, loss: 1.760536, test acc: 0.821313, test avg acc: 0.722942
Train epoch 3, loss: 1.849239, train acc: 0.791327, train avg acc: 0.675088
Test epoch 3, loss: 1.753792, test acc: 0.831442, test avg acc: 0.733105
Train epoch 4, loss: 1.797399, train acc: 0.809752, train avg acc: 0.700501
Test epoch 4, loss: 1.722944, test acc: 0.835089, test avg acc: 0.738029
Train epoch 5, loss: 1.757630, train acc: 0.832960, train avg acc: 0.736927
Test epoch 5, loss: 1.684037, test acc: 0.853323, test avg acc: 0.774366
Train epoch 6, loss: 1.722987, train acc: 0.843241, train avg acc: 0.750890
Test epoch 6, loss: 1.702736, test acc: 0.844814, test avg acc: 0.768913
Train epoch 7, loss: 1.704850, train acc: 0.850061, train avg acc: 0.765790
Test epoch 7, loss: 1.710727, test acc: 0.832658, test avg acc: 0.788163
Train epoch 8, loss: 1.686421, train acc: 0.859935, train avg acc: 0.780132
Test epoch 8, loss: 1.618576, test acc: 0.870340, test avg acc: 0.789151
Train epoch 9, loss: 1.669518, train acc: 0.864821, train avg acc: 0.787018
Test epoch 9, loss: 1.632852, test acc: 0.871151, test avg acc: 0.825738
Train epoch 10, loss: 1.651595, train acc: 0.875000, train avg acc: 0.802564
Test epoch 10, loss: 1.666616, test acc: 0.863047, test avg acc: 0.793355
Train epoch 11, loss: 1.639373, train acc: 0.879886, train avg acc: 0.811492
Test epoch 11, loss: 1.637911, test acc: 0.863452, test avg acc: 0.800773
Train epoch 12, loss: 1.626500, train acc: 0.884467, train avg acc: 0.817094
Test epoch 12, loss: 1.658223, test acc: 0.856564, test avg acc: 0.794145
Train epoch 13, loss: 1.615062, train acc: 0.891083, train avg acc: 0.830810
Test epoch 13, loss: 1.606828, test acc: 0.878444, test avg acc: 0.820047
Train epoch 14, loss: 1.611102, train acc: 0.892101, train avg acc: 0.831000
Test epoch 14, loss: 1.597986, test acc: 0.869125, test avg acc: 0.800180
Train epoch 15, loss: 1.599514, train acc: 0.895460, train avg acc: 0.838337
Test epoch 15, loss: 1.577278, test acc: 0.883712, test avg acc: 0.810343
Train epoch 16, loss: 1.586417, train acc: 0.903400, train avg acc: 0.847196
Test epoch 16, loss: 1.589892, test acc: 0.875608, test avg acc: 0.816012
Train epoch 17, loss: 1.585004, train acc: 0.902280, train avg acc: 0.847012
Test epoch 17, loss: 1.621979, test acc: 0.869935, test avg acc: 0.814291
Train epoch 18, loss: 1.577180, train acc: 0.905334, train avg acc: 0.851955
Test epoch 18, loss: 1.632308, test acc: 0.854943, test avg acc: 0.802698
Train epoch 19, loss: 1.564223, train acc: 0.910016, train avg acc: 0.860818
Test epoch 19, loss: 1.662554, test acc: 0.863452, test avg acc: 0.817448
Train epoch 20, loss: 1.562943, train acc: 0.914800, train avg acc: 0.866720
Test epoch 20, loss: 1.575533, test acc: 0.882496, test avg acc: 0.828337
Train epoch 21, loss: 1.553877, train acc: 0.915106, train avg acc: 0.867724
Test epoch 21, loss: 1.578008, test acc: 0.892220, test avg acc: 0.819831
Train epoch 22, loss: 1.555382, train acc: 0.915004, train avg acc: 0.866263
Test epoch 22, loss: 1.627715, test acc: 0.870340, test avg acc: 0.832122
Train epoch 23, loss: 1.546711, train acc: 0.922028, train avg acc: 0.879625
Test epoch 23, loss: 1.615540, test acc: 0.875203, test avg acc: 0.805192
Train epoch 24, loss: 1.540505, train acc: 0.920806, train avg acc: 0.874301
Test epoch 24, loss: 1.594685, test acc: 0.883306, test avg acc: 0.839198
Train epoch 25, loss: 1.536105, train acc: 0.922842, train avg acc: 0.878617
Test epoch 25, loss: 1.600248, test acc: 0.887763, test avg acc: 0.810512
Train epoch 26, loss: 1.535984, train acc: 0.925590, train avg acc: 0.884565
Test epoch 26, loss: 1.682136, test acc: 0.871151, test avg acc: 0.793052
Train epoch 27, loss: 1.531299, train acc: 0.923962, train avg acc: 0.881999
Test epoch 27, loss: 1.542309, test acc: 0.901135, test avg acc: 0.820756
Train epoch 28, loss: 1.527848, train acc: 0.925081, train avg acc: 0.882499
Test epoch 28, loss: 1.572262, test acc: 0.898298, test avg acc: 0.828628
Train epoch 29, loss: 1.521914, train acc: 0.926914, train avg acc: 0.884569
Test epoch 29, loss: 1.617222, test acc: 0.874797, test avg acc: 0.815273
Train epoch 30, loss: 1.516468, train acc: 0.929153, train avg acc: 0.888125
Test epoch 30, loss: 1.697320, test acc: 0.840762, test avg acc: 0.800756
Train epoch 31, loss: 1.515253, train acc: 0.930884, train avg acc: 0.890641
Test epoch 31, loss: 1.577105, test acc: 0.892626, test avg acc: 0.854703
Train epoch 32, loss: 1.507136, train acc: 0.935362, train avg acc: 0.900212
Test epoch 32, loss: 1.608428, test acc: 0.889384, test avg acc: 0.853924
Train epoch 33, loss: 1.506244, train acc: 0.933734, train avg acc: 0.897576
Test epoch 33, loss: 1.580707, test acc: 0.885737, test avg acc: 0.814128
Train epoch 34, loss: 1.502592, train acc: 0.936380, train avg acc: 0.901842
Test epoch 34, loss: 1.711147, test acc: 0.816856, test avg acc: 0.778988
Train epoch 35, loss: 1.511459, train acc: 0.934141, train avg acc: 0.895477
Test epoch 35, loss: 1.574815, test acc: 0.884117, test avg acc: 0.845448
Train epoch 36, loss: 1.502826, train acc: 0.934853, train avg acc: 0.899692
Test epoch 36, loss: 1.590713, test acc: 0.890600, test avg acc: 0.831122
Train epoch 37, loss: 1.489868, train acc: 0.943404, train avg acc: 0.912736
Test epoch 37, loss: 1.609728, test acc: 0.879660, test avg acc: 0.793233
Train epoch 38, loss: 1.495791, train acc: 0.940452, train avg acc: 0.907560
Test epoch 38, loss: 1.590478, test acc: 0.896272, test avg acc: 0.840727
Train epoch 39, loss: 1.488241, train acc: 0.941775, train avg acc: 0.907565
Test epoch 39, loss: 1.685235, test acc: 0.835089, test avg acc: 0.778169
Train epoch 40, loss: 1.478203, train acc: 0.946152, train avg acc: 0.916256
Test epoch 40, loss: 1.602825, test acc: 0.873582, test avg acc: 0.833581
Train epoch 41, loss: 1.486861, train acc: 0.944218, train avg acc: 0.913702
Test epoch 41, loss: 1.595451, test acc: 0.882091, test avg acc: 0.843506
Train epoch 42, loss: 1.482718, train acc: 0.944116, train avg acc: 0.913279
Test epoch 42, loss: 1.619265, test acc: 0.877229, test avg acc: 0.820703
Train epoch 43, loss: 1.480182, train acc: 0.944320, train avg acc: 0.914180
Test epoch 43, loss: 1.598915, test acc: 0.882091, test avg acc: 0.828599
Train epoch 44, loss: 1.472302, train acc: 0.948392, train avg acc: 0.920687
Test epoch 44, loss: 1.620415, test acc: 0.888169, test avg acc: 0.833180
Train epoch 45, loss: 1.481206, train acc: 0.941470, train avg acc: 0.909153
Test epoch 45, loss: 1.673329, test acc: 0.867504, test avg acc: 0.821140
Train epoch 46, loss: 1.474590, train acc: 0.948595, train avg acc: 0.919268
Test epoch 46, loss: 1.605036, test acc: 0.892220, test avg acc: 0.834599
Train epoch 47, loss: 1.467870, train acc: 0.950224, train avg acc: 0.924210
Test epoch 47, loss: 1.630400, test acc: 0.868314, test avg acc: 0.828355
Train epoch 48, loss: 1.468438, train acc: 0.950428, train avg acc: 0.925589
Test epoch 48, loss: 1.603753, test acc: 0.893436, test avg acc: 0.825669
Train epoch 49, loss: 1.473169, train acc: 0.948290, train avg acc: 0.919620
Test epoch 49, loss: 1.688091, test acc: 0.852107, test avg acc: 0.799163
Train epoch 50, loss: 1.459585, train acc: 0.953685, train avg acc: 0.927798
Test epoch 50, loss: 1.574063, test acc: 0.896677, test avg acc: 0.841500
Train epoch 51, loss: 1.455906, train acc: 0.955110, train avg acc: 0.928831
Test epoch 51, loss: 1.637519, test acc: 0.868720, test avg acc: 0.819605
Train epoch 52, loss: 1.458769, train acc: 0.956128, train avg acc: 0.930767
Test epoch 52, loss: 1.610617, test acc: 0.873582, test avg acc: 0.825843
Train epoch 53, loss: 1.459232, train acc: 0.957451, train avg acc: 0.933168
Test epoch 53, loss: 1.627875, test acc: 0.871961, test avg acc: 0.816901
Train epoch 54, loss: 1.448109, train acc: 0.961014, train avg acc: 0.938176
Test epoch 54, loss: 1.563028, test acc: 0.887358, test avg acc: 0.849483
Train epoch 55, loss: 1.455301, train acc: 0.954906, train avg acc: 0.928941
Test epoch 55, loss: 1.604421, test acc: 0.893031, test avg acc: 0.833140
Train epoch 56, loss: 1.454835, train acc: 0.956637, train avg acc: 0.934489
Test epoch 56, loss: 1.654802, test acc: 0.884117, test avg acc: 0.808547
Train epoch 57, loss: 1.447889, train acc: 0.959691, train avg acc: 0.938691
Test epoch 57, loss: 1.600228, test acc: 0.898298, test avg acc: 0.838674
Train epoch 58, loss: 1.452442, train acc: 0.957858, train avg acc: 0.937259
Test epoch 58, loss: 1.613217, test acc: 0.886953, test avg acc: 0.838884
Train epoch 59, loss: 1.446775, train acc: 0.961014, train avg acc: 0.940172
Test epoch 59, loss: 1.640303, test acc: 0.871151, test avg acc: 0.824797
Train epoch 60, loss: 1.451947, train acc: 0.958164, train avg acc: 0.935807
Test epoch 60, loss: 1.647156, test acc: 0.883712, test avg acc: 0.835186
Train epoch 61, loss: 1.445252, train acc: 0.963050, train avg acc: 0.941590
Test epoch 61, loss: 1.660226, test acc: 0.865883, test avg acc: 0.794948
Train epoch 62, loss: 1.442796, train acc: 0.962337, train avg acc: 0.941961
Test epoch 62, loss: 1.651798, test acc: 0.875608, test avg acc: 0.816622
Train epoch 63, loss: 1.447699, train acc: 0.958469, train avg acc: 0.938388
Test epoch 63, loss: 1.626893, test acc: 0.861831, test avg acc: 0.831628
Train epoch 64, loss: 1.439435, train acc: 0.964678, train avg acc: 0.945105
Test epoch 64, loss: 1.676455, test acc: 0.889384, test avg acc: 0.826593
Train epoch 65, loss: 1.441338, train acc: 0.963457, train avg acc: 0.944082
Test epoch 65, loss: 1.620414, test acc: 0.876418, test avg acc: 0.842023
Train epoch 66, loss: 1.442371, train acc: 0.961930, train avg acc: 0.939723
Test epoch 66, loss: 1.722565, test acc: 0.844003, test avg acc: 0.788541
Train epoch 67, loss: 1.436786, train acc: 0.964373, train avg acc: 0.944814
Test epoch 67, loss: 1.692340, test acc: 0.863452, test avg acc: 0.816547
Train epoch 68, loss: 1.436451, train acc: 0.966103, train avg acc: 0.947690
Test epoch 68, loss: 1.527449, test acc: 0.896272, test avg acc: 0.854081
Train epoch 69, loss: 1.436383, train acc: 0.963050, train avg acc: 0.940496
Test epoch 69, loss: 1.603240, test acc: 0.871961, test avg acc: 0.832047
Train epoch 70, loss: 1.442029, train acc: 0.961421, train avg acc: 0.939985
Test epoch 70, loss: 1.645434, test acc: 0.879660, test avg acc: 0.826384
Train epoch 71, loss: 1.434264, train acc: 0.964984, train avg acc: 0.945557
Test epoch 71, loss: 1.681700, test acc: 0.847245, test avg acc: 0.800837
Train epoch 72, loss: 1.429136, train acc: 0.968241, train avg acc: 0.949905
Test epoch 72, loss: 1.633864, test acc: 0.861021, test avg acc: 0.847215
Train epoch 73, loss: 1.423968, train acc: 0.968343, train avg acc: 0.952190
Test epoch 73, loss: 1.709538, test acc: 0.846840, test avg acc: 0.818860
Train epoch 74, loss: 1.423941, train acc: 0.970582, train avg acc: 0.952305
Test epoch 74, loss: 1.664252, test acc: 0.867099, test avg acc: 0.818605
Train epoch 75, loss: 1.421509, train acc: 0.970786, train avg acc: 0.954070
Test epoch 75, loss: 1.594292, test acc: 0.886143, test avg acc: 0.831674
Train epoch 76, loss: 1.428380, train acc: 0.967427, train avg acc: 0.949354
Test epoch 76, loss: 1.596617, test acc: 0.884522, test avg acc: 0.837767
Train epoch 77, loss: 1.419083, train acc: 0.970684, train avg acc: 0.954526
Test epoch 77, loss: 1.566187, test acc: 0.882901, test avg acc: 0.860703
Train epoch 78, loss: 1.425523, train acc: 0.967630, train avg acc: 0.951305
Test epoch 78, loss: 1.652934, test acc: 0.854943, test avg acc: 0.787465
Train epoch 79, loss: 1.431749, train acc: 0.966714, train avg acc: 0.949254
Test epoch 79, loss: 1.712527, test acc: 0.855754, test avg acc: 0.790715
Train epoch 80, loss: 1.422532, train acc: 0.968852, train avg acc: 0.951222
Test epoch 80, loss: 1.560568, test acc: 0.886143, test avg acc: 0.838215
Train epoch 81, loss: 1.414709, train acc: 0.973229, train avg acc: 0.959136
Test epoch 81, loss: 1.663048, test acc: 0.865073, test avg acc: 0.822430
Train epoch 82, loss: 1.418875, train acc: 0.971702, train avg acc: 0.955106
Test epoch 82, loss: 1.668607, test acc: 0.861426, test avg acc: 0.798535
Train epoch 83, loss: 1.425063, train acc: 0.968445, train avg acc: 0.950297
Test epoch 83, loss: 1.677871, test acc: 0.858590, test avg acc: 0.803081
Train epoch 84, loss: 1.421115, train acc: 0.970786, train avg acc: 0.956608
Test epoch 84, loss: 1.718793, test acc: 0.847245, test avg acc: 0.772058
Train epoch 85, loss: 1.422840, train acc: 0.968750, train avg acc: 0.952197
Test epoch 85, loss: 1.666861, test acc: 0.865883, test avg acc: 0.819087
Train epoch 86, loss: 1.425088, train acc: 0.969564, train avg acc: 0.953557
Test epoch 86, loss: 1.599734, test acc: 0.888979, test avg acc: 0.814326
Train epoch 87, loss: 1.418583, train acc: 0.971397, train avg acc: 0.954142
Test epoch 87, loss: 1.673158, test acc: 0.880065, test avg acc: 0.824052
Train epoch 88, loss: 1.415464, train acc: 0.971702, train avg acc: 0.953595
Test epoch 88, loss: 1.849746, test acc: 0.830227, test avg acc: 0.750959
Train epoch 89, loss: 1.411482, train acc: 0.975468, train avg acc: 0.963972
Test epoch 89, loss: 1.623342, test acc: 0.876823, test avg acc: 0.822843
Train epoch 90, loss: 1.408652, train acc: 0.976690, train avg acc: 0.964819
Test epoch 90, loss: 1.570502, test acc: 0.903566, test avg acc: 0.832837
Train epoch 91, loss: 1.398942, train acc: 0.979438, train avg acc: 0.967796
Test epoch 91, loss: 1.608380, test acc: 0.881280, test avg acc: 0.830285
Train epoch 92, loss: 1.411579, train acc: 0.976384, train avg acc: 0.963978
Test epoch 92, loss: 1.720052, test acc: 0.854133, test avg acc: 0.779134
Train epoch 93, loss: 1.410566, train acc: 0.974043, train avg acc: 0.957377
Test epoch 93, loss: 1.626943, test acc: 0.861831, test avg acc: 0.809640
Train epoch 94, loss: 1.406996, train acc: 0.975672, train avg acc: 0.962895
Test epoch 94, loss: 1.544461, test acc: 0.901945, test avg acc: 0.844709
Train epoch 95, loss: 1.397640, train acc: 0.977809, train avg acc: 0.964576
Test epoch 95, loss: 1.627247, test acc: 0.893436, test avg acc: 0.823587
Train epoch 96, loss: 1.399383, train acc: 0.980252, train avg acc: 0.969071
Test epoch 96, loss: 1.616945, test acc: 0.880470, test avg acc: 0.823244
Train epoch 97, loss: 1.408212, train acc: 0.974857, train avg acc: 0.960053
Test epoch 97, loss: 1.680767, test acc: 0.852512, test avg acc: 0.812860
Train epoch 98, loss: 1.404519, train acc: 0.977199, train avg acc: 0.963856
Test epoch 98, loss: 1.647826, test acc: 0.860211, test avg acc: 0.810128
Train epoch 99, loss: 1.393196, train acc: 0.982492, train avg acc: 0.972822
Test epoch 99, loss: 1.640088, test acc: 0.886143, test avg acc: 0.838634
Train epoch 100, loss: 1.398582, train acc: 0.979031, train avg acc: 0.965355
Test epoch 100, loss: 1.610965, test acc: 0.878444, test avg acc: 0.844640
Train epoch 101, loss: 1.396563, train acc: 0.981067, train avg acc: 0.969955
Test epoch 101, loss: 1.647832, test acc: 0.873177, test avg acc: 0.842517
Train epoch 102, loss: 1.403303, train acc: 0.975265, train avg acc: 0.959820
Test epoch 102, loss: 1.603036, test acc: 0.879660, test avg acc: 0.838279
Train epoch 103, loss: 1.398326, train acc: 0.979743, train avg acc: 0.968606
Test epoch 103, loss: 1.655699, test acc: 0.868314, test avg acc: 0.825523
Train epoch 104, loss: 1.402319, train acc: 0.977300, train avg acc: 0.964541
Test epoch 104, loss: 1.616127, test acc: 0.867504, test avg acc: 0.825547
Train epoch 105, loss: 1.400803, train acc: 0.978013, train avg acc: 0.966585
Test epoch 105, loss: 1.585556, test acc: 0.873582, test avg acc: 0.808320
Train epoch 106, loss: 1.399792, train acc: 0.978929, train avg acc: 0.968938
Test epoch 106, loss: 1.514930, test acc: 0.905997, test avg acc: 0.862744
Train epoch 107, loss: 1.393560, train acc: 0.982390, train avg acc: 0.974068
Test epoch 107, loss: 1.688004, test acc: 0.872366, test avg acc: 0.824942
Train epoch 108, loss: 1.394981, train acc: 0.981576, train avg acc: 0.970205
Test epoch 108, loss: 1.823361, test acc: 0.855754, test avg acc: 0.804180
Train epoch 109, loss: 1.401540, train acc: 0.978726, train avg acc: 0.967293
Test epoch 109, loss: 1.871700, test acc: 0.805916, test avg acc: 0.753355
Train epoch 110, loss: 1.394869, train acc: 0.982085, train avg acc: 0.971173
Test epoch 110, loss: 1.627377, test acc: 0.895462, test avg acc: 0.850471
Train epoch 111, loss: 1.394139, train acc: 0.981270, train avg acc: 0.970383
Test epoch 111, loss: 1.629783, test acc: 0.880470, test avg acc: 0.825640
Train epoch 112, loss: 1.396629, train acc: 0.979031, train avg acc: 0.967903
Test epoch 112, loss: 1.577463, test acc: 0.891410, test avg acc: 0.860674
Train epoch 113, loss: 1.397424, train acc: 0.979540, train avg acc: 0.967907
Test epoch 113, loss: 1.584567, test acc: 0.883306, test avg acc: 0.832802
Train epoch 114, loss: 1.398856, train acc: 0.978726, train avg acc: 0.966570
Test epoch 114, loss: 1.618561, test acc: 0.873987, test avg acc: 0.808320
Train epoch 115, loss: 1.389715, train acc: 0.982186, train avg acc: 0.969640
Test epoch 115, loss: 1.667865, test acc: 0.876013, test avg acc: 0.839808
Train epoch 116, loss: 1.388894, train acc: 0.984935, train avg acc: 0.975720
Test epoch 116, loss: 1.619062, test acc: 0.861831, test avg acc: 0.823471
Train epoch 117, loss: 1.387653, train acc: 0.983713, train avg acc: 0.974132
Test epoch 117, loss: 1.686064, test acc: 0.847245, test avg acc: 0.798465
Train epoch 118, loss: 1.394352, train acc: 0.980660, train avg acc: 0.968320
Test epoch 118, loss: 1.613613, test acc: 0.884117, test avg acc: 0.820343
Train epoch 119, loss: 1.391039, train acc: 0.981779, train avg acc: 0.972325
Test epoch 119, loss: 1.599742, test acc: 0.873987, test avg acc: 0.834250
Train epoch 120, loss: 1.390602, train acc: 0.982695, train avg acc: 0.973779
Test epoch 120, loss: 1.598638, test acc: 0.885737, test avg acc: 0.821663
Train epoch 121, loss: 1.383878, train acc: 0.984222, train avg acc: 0.975570
Test epoch 121, loss: 1.625198, test acc: 0.896272, test avg acc: 0.844756
Train epoch 122, loss: 1.377181, train acc: 0.986462, train avg acc: 0.977695
Test epoch 122, loss: 1.640910, test acc: 0.899109, test avg acc: 0.837721
Train epoch 123, loss: 1.378515, train acc: 0.986462, train avg acc: 0.978237
Test epoch 123, loss: 1.523157, test acc: 0.903566, test avg acc: 0.864174
Train epoch 124, loss: 1.379097, train acc: 0.986360, train avg acc: 0.979045
Test epoch 124, loss: 2.038825, test acc: 0.807536, test avg acc: 0.714959
Train epoch 125, loss: 1.385580, train acc: 0.983917, train avg acc: 0.975821
Test epoch 125, loss: 1.604904, test acc: 0.874392, test avg acc: 0.823965
Train epoch 126, loss: 1.381280, train acc: 0.985647, train avg acc: 0.977330
Test epoch 126, loss: 1.568854, test acc: 0.879660, test avg acc: 0.835384
Train epoch 127, loss: 1.385955, train acc: 0.982186, train avg acc: 0.972791
Test epoch 127, loss: 1.618496, test acc: 0.867909, test avg acc: 0.837308
Train epoch 128, loss: 1.387064, train acc: 0.981474, train avg acc: 0.972521
Test epoch 128, loss: 1.854481, test acc: 0.826175, test avg acc: 0.747942
Train epoch 129, loss: 1.378512, train acc: 0.986462, train avg acc: 0.979506
Test epoch 129, loss: 1.610787, test acc: 0.873177, test avg acc: 0.851215
Train epoch 130, loss: 1.375671, train acc: 0.986869, train avg acc: 0.979888
Test epoch 130, loss: 1.617926, test acc: 0.873177, test avg acc: 0.811593
Train epoch 131, loss: 1.385068, train acc: 0.984528, train avg acc: 0.975967
Test epoch 131, loss: 1.705185, test acc: 0.865478, test avg acc: 0.817587
Train epoch 132, loss: 1.383394, train acc: 0.985749, train avg acc: 0.978327
Test epoch 132, loss: 1.638097, test acc: 0.865883, test avg acc: 0.832965
Train epoch 133, loss: 1.377121, train acc: 0.987887, train avg acc: 0.980517
Test epoch 133, loss: 1.626203, test acc: 0.857374, test avg acc: 0.827913
Train epoch 134, loss: 1.377279, train acc: 0.986462, train avg acc: 0.979443
Test epoch 134, loss: 1.624241, test acc: 0.856564, test avg acc: 0.819465
Train epoch 135, loss: 1.374889, train acc: 0.986971, train avg acc: 0.978627
Test epoch 135, loss: 1.573213, test acc: 0.886953, test avg acc: 0.846465
Train epoch 136, loss: 1.376307, train acc: 0.987683, train avg acc: 0.978253
Test epoch 136, loss: 1.642057, test acc: 0.890600, test avg acc: 0.847930
Train epoch 137, loss: 1.382459, train acc: 0.983001, train avg acc: 0.974570
Test epoch 137, loss: 1.674812, test acc: 0.878444, test avg acc: 0.838424
Train epoch 138, loss: 1.375474, train acc: 0.987378, train avg acc: 0.980636
Test epoch 138, loss: 1.603041, test acc: 0.882091, test avg acc: 0.860145
Train epoch 139, loss: 1.377496, train acc: 0.985953, train avg acc: 0.977446
Test epoch 139, loss: 1.717579, test acc: 0.863452, test avg acc: 0.823052
Train epoch 140, loss: 1.374677, train acc: 0.987989, train avg acc: 0.979295
Test epoch 140, loss: 1.587537, test acc: 0.891815, test avg acc: 0.862802
Train epoch 141, loss: 1.375692, train acc: 0.986665, train avg acc: 0.977608
Test epoch 141, loss: 1.617429, test acc: 0.883712, test avg acc: 0.838895
Train epoch 142, loss: 1.370705, train acc: 0.987581, train avg acc: 0.980538
Test epoch 142, loss: 1.615937, test acc: 0.871556, test avg acc: 0.854157
Train epoch 143, loss: 1.377392, train acc: 0.985546, train avg acc: 0.978230
Test epoch 143, loss: 1.600946, test acc: 0.878039, test avg acc: 0.816017
Train epoch 144, loss: 1.375132, train acc: 0.986869, train avg acc: 0.979149
Test epoch 144, loss: 1.563921, test acc: 0.883306, test avg acc: 0.849512
Train epoch 145, loss: 1.369031, train acc: 0.988599, train avg acc: 0.982191
Test epoch 145, loss: 1.587825, test acc: 0.888574, test avg acc: 0.847634
Train epoch 146, loss: 1.369024, train acc: 0.989719, train avg acc: 0.983397
Test epoch 146, loss: 1.535014, test acc: 0.900324, test avg acc: 0.855866
Train epoch 147, loss: 1.365791, train acc: 0.988599, train avg acc: 0.981178
Test epoch 147, loss: 1.578938, test acc: 0.889789, test avg acc: 0.860756
Train epoch 148, loss: 1.362666, train acc: 0.990228, train avg acc: 0.985789
Test epoch 148, loss: 1.672308, test acc: 0.897083, test avg acc: 0.844895
Train epoch 149, loss: 1.365300, train acc: 0.989515, train avg acc: 0.983775
Test epoch 149, loss: 1.671501, test acc: 0.880875, test avg acc: 0.824535
Train epoch 150, loss: 1.366201, train acc: 0.990737, train avg acc: 0.985357
Test epoch 150, loss: 1.662021, test acc: 0.876823, test avg acc: 0.807983
Train epoch 151, loss: 1.367112, train acc: 0.989923, train avg acc: 0.985044
Test epoch 151, loss: 1.677635, test acc: 0.839141, test avg acc: 0.794081
Train epoch 152, loss: 1.369107, train acc: 0.989312, train avg acc: 0.983054
Test epoch 152, loss: 1.604514, test acc: 0.877229, test avg acc: 0.835134
Train epoch 153, loss: 1.361624, train acc: 0.990737, train avg acc: 0.985533
Test epoch 153, loss: 1.765429, test acc: 0.856969, test avg acc: 0.808953
Train epoch 154, loss: 1.375143, train acc: 0.985851, train avg acc: 0.976674
Test epoch 154, loss: 1.654672, test acc: 0.866694, test avg acc: 0.836087
Train epoch 155, loss: 1.358142, train acc: 0.993180, train avg acc: 0.989474
Test epoch 155, loss: 1.599658, test acc: 0.892220, test avg acc: 0.838017
Train epoch 156, loss: 1.361477, train acc: 0.990024, train avg acc: 0.982830
Test epoch 156, loss: 1.580575, test acc: 0.898298, test avg acc: 0.843349
Train epoch 157, loss: 1.364241, train acc: 0.989821, train avg acc: 0.984457
Test epoch 157, loss: 1.598770, test acc: 0.885737, test avg acc: 0.839709
Train epoch 158, loss: 1.365792, train acc: 0.988701, train avg acc: 0.983971
Test epoch 158, loss: 1.901013, test acc: 0.859400, test avg acc: 0.797465
Train epoch 159, loss: 1.357594, train acc: 0.992264, train avg acc: 0.987971
Test epoch 159, loss: 1.637104, test acc: 0.877229, test avg acc: 0.808273
Train epoch 160, loss: 1.359910, train acc: 0.990024, train avg acc: 0.984905
Test epoch 160, loss: 1.601295, test acc: 0.884927, test avg acc: 0.815715
Train epoch 161, loss: 1.370022, train acc: 0.988803, train avg acc: 0.982890
Test epoch 161, loss: 1.691396, test acc: 0.880470, test avg acc: 0.825727
Train epoch 162, loss: 1.369324, train acc: 0.987887, train avg acc: 0.979105
Test epoch 162, loss: 1.878993, test acc: 0.841977, test avg acc: 0.770151
Train epoch 163, loss: 1.369726, train acc: 0.988192, train avg acc: 0.980853
Test epoch 163, loss: 1.694570, test acc: 0.879254, test avg acc: 0.832064
Train epoch 164, loss: 1.365194, train acc: 0.988396, train avg acc: 0.981952
Test epoch 164, loss: 1.569630, test acc: 0.887763, test avg acc: 0.828395
Train epoch 165, loss: 1.364588, train acc: 0.991042, train avg acc: 0.985638
Test epoch 165, loss: 1.584734, test acc: 0.882091, test avg acc: 0.832430
Train epoch 166, loss: 1.360380, train acc: 0.991551, train avg acc: 0.986474
Test epoch 166, loss: 1.633934, test acc: 0.887763, test avg acc: 0.836308
Train epoch 167, loss: 1.355235, train acc: 0.992264, train avg acc: 0.987716
Test epoch 167, loss: 1.537172, test acc: 0.894652, test avg acc: 0.869552
Train epoch 168, loss: 1.348275, train acc: 0.993689, train avg acc: 0.989411
Test epoch 168, loss: 1.544728, test acc: 0.898298, test avg acc: 0.846174
Train epoch 169, loss: 1.348601, train acc: 0.993384, train avg acc: 0.988769
Test epoch 169, loss: 1.608238, test acc: 0.891410, test avg acc: 0.842727
Train epoch 170, loss: 1.352158, train acc: 0.993384, train avg acc: 0.989499
Test epoch 170, loss: 1.725826, test acc: 0.895462, test avg acc: 0.847715
Train epoch 171, loss: 1.361222, train acc: 0.991857, train avg acc: 0.987079
Test epoch 171, loss: 1.649781, test acc: 0.871151, test avg acc: 0.821297
Train epoch 172, loss: 1.358437, train acc: 0.990941, train avg acc: 0.984489
Test epoch 172, loss: 1.592535, test acc: 0.897083, test avg acc: 0.840279
Train epoch 173, loss: 1.364554, train acc: 0.989312, train avg acc: 0.982999
Test epoch 173, loss: 1.640628, test acc: 0.881280, test avg acc: 0.844180
Train epoch 174, loss: 1.355860, train acc: 0.991450, train avg acc: 0.985618
Test epoch 174, loss: 1.496479, test acc: 0.913695, test avg acc: 0.878093
Train epoch 175, loss: 1.351635, train acc: 0.994503, train avg acc: 0.990586
Test epoch 175, loss: 1.564590, test acc: 0.883306, test avg acc: 0.834971
Train epoch 176, loss: 1.351258, train acc: 0.993893, train avg acc: 0.989336
Test epoch 176, loss: 1.601092, test acc: 0.882091, test avg acc: 0.831640
Train epoch 177, loss: 1.354854, train acc: 0.992467, train avg acc: 0.987623
Test epoch 177, loss: 1.567708, test acc: 0.899109, test avg acc: 0.848459
Train epoch 178, loss: 1.354866, train acc: 0.991042, train avg acc: 0.986802
Test epoch 178, loss: 1.497659, test acc: 0.907618, test avg acc: 0.862372
Train epoch 179, loss: 1.356326, train acc: 0.992467, train avg acc: 0.988195
Test epoch 179, loss: 1.534576, test acc: 0.892626, test avg acc: 0.851709
Train epoch 180, loss: 1.350736, train acc: 0.993485, train avg acc: 0.988930
Test epoch 180, loss: 1.528434, test acc: 0.902755, test avg acc: 0.858744
Train epoch 181, loss: 1.353475, train acc: 0.992467, train avg acc: 0.986980
Test epoch 181, loss: 1.591453, test acc: 0.885737, test avg acc: 0.854047
Train epoch 182, loss: 1.351497, train acc: 0.993078, train avg acc: 0.988626
Test epoch 182, loss: 1.518164, test acc: 0.898703, test avg acc: 0.858622
Train epoch 183, loss: 1.346103, train acc: 0.994401, train avg acc: 0.990608
Test epoch 183, loss: 1.541172, test acc: 0.903971, test avg acc: 0.869093
Train epoch 184, loss: 1.354127, train acc: 0.992060, train avg acc: 0.988185
Test epoch 184, loss: 1.573674, test acc: 0.886548, test avg acc: 0.847988
Train epoch 185, loss: 1.348592, train acc: 0.993587, train avg acc: 0.988842
Test epoch 185, loss: 1.625239, test acc: 0.872366, test avg acc: 0.842122
Train epoch 186, loss: 1.347062, train acc: 0.993893, train avg acc: 0.989636
Test epoch 186, loss: 1.539323, test acc: 0.904781, test avg acc: 0.845506
Train epoch 187, loss: 1.349164, train acc: 0.995012, train avg acc: 0.992808
Test epoch 187, loss: 1.596420, test acc: 0.882901, test avg acc: 0.849651
Train epoch 188, loss: 1.350582, train acc: 0.993791, train avg acc: 0.991075
Test epoch 188, loss: 1.577532, test acc: 0.888574, test avg acc: 0.850267
Train epoch 189, loss: 1.349024, train acc: 0.994198, train avg acc: 0.990486
Test epoch 189, loss: 1.624566, test acc: 0.880470, test avg acc: 0.843756
Train epoch 190, loss: 1.347322, train acc: 0.994503, train avg acc: 0.990580
Test epoch 190, loss: 1.726214, test acc: 0.839546, test avg acc: 0.802238
Train epoch 191, loss: 1.341876, train acc: 0.995216, train avg acc: 0.993008
Test epoch 191, loss: 1.558970, test acc: 0.884927, test avg acc: 0.853047
Train epoch 192, loss: 1.337662, train acc: 0.996132, train avg acc: 0.993105
Test epoch 192, loss: 1.539032, test acc: 0.896677, test avg acc: 0.855017
Train epoch 193, loss: 1.339928, train acc: 0.994910, train avg acc: 0.991772
Test epoch 193, loss: 1.568153, test acc: 0.888979, test avg acc: 0.854227
Train epoch 194, loss: 1.344471, train acc: 0.994300, train avg acc: 0.990325
Test epoch 194, loss: 1.541651, test acc: 0.895867, test avg acc: 0.861959
Train epoch 195, loss: 1.348598, train acc: 0.993994, train avg acc: 0.989712
Test epoch 195, loss: 1.554167, test acc: 0.889384, test avg acc: 0.855715
Train epoch 196, loss: 1.342245, train acc: 0.996437, train avg acc: 0.994177
Test epoch 196, loss: 1.633672, test acc: 0.883306, test avg acc: 0.851186
Train epoch 197, loss: 1.347589, train acc: 0.993180, train avg acc: 0.989508
Test epoch 197, loss: 1.565827, test acc: 0.885332, test avg acc: 0.845215
Train epoch 198, loss: 1.343274, train acc: 0.995216, train avg acc: 0.992366
Test epoch 198, loss: 1.565552, test acc: 0.889384, test avg acc: 0.855180
Train epoch 199, loss: 1.352835, train acc: 0.993180, train avg acc: 0.988967
Test epoch 199, loss: 1.589822, test acc: 0.883712, test avg acc: 0.831558
Train epoch 200, loss: 1.344790, train acc: 0.994707, train avg acc: 0.990791
Test epoch 200, loss: 1.553626, test acc: 0.897083, test avg acc: 0.860581
Train epoch 201, loss: 1.343255, train acc: 0.993689, train avg acc: 0.989097
Test epoch 201, loss: 1.554122, test acc: 0.899514, test avg acc: 0.861465
Train epoch 202, loss: 1.344368, train acc: 0.994910, train avg acc: 0.991492
Test epoch 202, loss: 1.582642, test acc: 0.880875, test avg acc: 0.851808
Train epoch 203, loss: 1.340157, train acc: 0.996234, train avg acc: 0.994358
Test epoch 203, loss: 1.611810, test acc: 0.887358, test avg acc: 0.844808
Train epoch 204, loss: 1.345720, train acc: 0.994910, train avg acc: 0.992371
Test epoch 204, loss: 1.580312, test acc: 0.880470, test avg acc: 0.844576
Train epoch 205, loss: 1.336723, train acc: 0.995928, train avg acc: 0.993167
Test epoch 205, loss: 1.582560, test acc: 0.886953, test avg acc: 0.873744
Train epoch 206, loss: 1.338516, train acc: 0.995725, train avg acc: 0.993295
Test epoch 206, loss: 1.503033, test acc: 0.913290, test avg acc: 0.877215
Train epoch 207, loss: 1.337172, train acc: 0.995419, train avg acc: 0.993041
Test epoch 207, loss: 1.558775, test acc: 0.897893, test avg acc: 0.859640
Train epoch 208, loss: 1.338482, train acc: 0.995623, train avg acc: 0.993197
Test epoch 208, loss: 1.664187, test acc: 0.879660, test avg acc: 0.848634
Train epoch 209, loss: 1.341255, train acc: 0.995623, train avg acc: 0.992804
Test epoch 209, loss: 1.526948, test acc: 0.902350, test avg acc: 0.875384
Train epoch 210, loss: 1.334584, train acc: 0.996743, train avg acc: 0.994782
Test epoch 210, loss: 1.564761, test acc: 0.901135, test avg acc: 0.864186
Train epoch 211, loss: 1.339272, train acc: 0.996437, train avg acc: 0.994509
Test epoch 211, loss: 1.608931, test acc: 0.874392, test avg acc: 0.830965
Train epoch 212, loss: 1.338466, train acc: 0.995623, train avg acc: 0.993268
Test epoch 212, loss: 1.537481, test acc: 0.898703, test avg acc: 0.867541
Train epoch 213, loss: 1.338727, train acc: 0.995827, train avg acc: 0.993215
Test epoch 213, loss: 1.670809, test acc: 0.883306, test avg acc: 0.856221
Train epoch 214, loss: 1.338186, train acc: 0.995827, train avg acc: 0.992953
Test epoch 214, loss: 1.519715, test acc: 0.901945, test avg acc: 0.851913
Train epoch 215, loss: 1.334628, train acc: 0.996641, train avg acc: 0.993687
Test epoch 215, loss: 1.647037, test acc: 0.880470, test avg acc: 0.832134
Train epoch 216, loss: 1.336606, train acc: 0.996234, train avg acc: 0.993915
Test epoch 216, loss: 1.586420, test acc: 0.889384, test avg acc: 0.856128
Train epoch 217, loss: 1.339641, train acc: 0.995419, train avg acc: 0.991518
Test epoch 217, loss: 1.692210, test acc: 0.876013, test avg acc: 0.832971
Train epoch 218, loss: 1.339025, train acc: 0.995012, train avg acc: 0.992497
Test epoch 218, loss: 1.545010, test acc: 0.888169, test avg acc: 0.844564
Train epoch 219, loss: 1.332751, train acc: 0.996234, train avg acc: 0.993344
Test epoch 219, loss: 1.602887, test acc: 0.902755, test avg acc: 0.855686
Train epoch 220, loss: 1.334524, train acc: 0.996132, train avg acc: 0.993972
Test epoch 220, loss: 1.542746, test acc: 0.907212, test avg acc: 0.875750
Train epoch 221, loss: 1.335878, train acc: 0.996234, train avg acc: 0.994086
Test epoch 221, loss: 1.584241, test acc: 0.893031, test avg acc: 0.843291
Train epoch 222, loss: 1.337436, train acc: 0.995725, train avg acc: 0.993834
Test epoch 222, loss: 1.737495, test acc: 0.893436, test avg acc: 0.839558
Train epoch 223, loss: 1.339410, train acc: 0.995725, train avg acc: 0.993258
Test epoch 223, loss: 1.532645, test acc: 0.901135, test avg acc: 0.849041
Train epoch 224, loss: 1.330428, train acc: 0.998168, train avg acc: 0.997019
Test epoch 224, loss: 1.647060, test acc: 0.897083, test avg acc: 0.845721
Train epoch 225, loss: 1.327477, train acc: 0.998371, train avg acc: 0.996801
Test epoch 225, loss: 1.541787, test acc: 0.894652, test avg acc: 0.870099
Train epoch 226, loss: 1.331456, train acc: 0.996946, train avg acc: 0.995533
Test epoch 226, loss: 1.517957, test acc: 0.901135, test avg acc: 0.850535
Train epoch 227, loss: 1.326629, train acc: 0.997761, train avg acc: 0.996312
Test epoch 227, loss: 1.511837, test acc: 0.910454, test avg acc: 0.883500
Train epoch 228, loss: 1.330696, train acc: 0.996844, train avg acc: 0.995337
Test epoch 228, loss: 1.530731, test acc: 0.899109, test avg acc: 0.867599
Train epoch 229, loss: 1.331627, train acc: 0.996844, train avg acc: 0.994590
Test epoch 229, loss: 1.545417, test acc: 0.891410, test avg acc: 0.842419
Train epoch 230, loss: 1.328546, train acc: 0.997150, train avg acc: 0.995349
Test epoch 230, loss: 1.557589, test acc: 0.894246, test avg acc: 0.856703
Train epoch 231, loss: 1.327144, train acc: 0.997150, train avg acc: 0.994971
Test epoch 231, loss: 1.564126, test acc: 0.895057, test avg acc: 0.853727
Train epoch 232, loss: 1.330528, train acc: 0.997048, train avg acc: 0.994916
Test epoch 232, loss: 1.580860, test acc: 0.880875, test avg acc: 0.845593
Train epoch 233, loss: 1.330275, train acc: 0.996539, train avg acc: 0.994809
Test epoch 233, loss: 1.559733, test acc: 0.912075, test avg acc: 0.864041
Train epoch 234, loss: 1.326079, train acc: 0.998270, train avg acc: 0.997315
Test epoch 234, loss: 1.749700, test acc: 0.889384, test avg acc: 0.821302
Train epoch 235, loss: 1.322506, train acc: 0.998779, train avg acc: 0.998528
Test epoch 235, loss: 1.519520, test acc: 0.907618, test avg acc: 0.864215
Train epoch 236, loss: 1.324903, train acc: 0.998168, train avg acc: 0.996865
Test epoch 236, loss: 1.506279, test acc: 0.903971, test avg acc: 0.866756
Train epoch 237, loss: 1.320655, train acc: 0.998779, train avg acc: 0.997808
Test epoch 237, loss: 1.656927, test acc: 0.899514, test avg acc: 0.852128
Train epoch 238, loss: 1.323479, train acc: 0.997557, train avg acc: 0.996539
Test epoch 238, loss: 1.554998, test acc: 0.900324, test avg acc: 0.854006
Train epoch 239, loss: 1.321776, train acc: 0.998779, train avg acc: 0.997698
Test epoch 239, loss: 1.587548, test acc: 0.906402, test avg acc: 0.847640
Train epoch 240, loss: 1.325325, train acc: 0.998066, train avg acc: 0.997120
Test epoch 240, loss: 1.503304, test acc: 0.907618, test avg acc: 0.867988
Train epoch 241, loss: 1.319840, train acc: 0.998168, train avg acc: 0.997016
Test epoch 241, loss: 1.510705, test acc: 0.912480, test avg acc: 0.865453
Train epoch 242, loss: 1.322986, train acc: 0.998270, train avg acc: 0.997483
Test epoch 242, loss: 1.512888, test acc: 0.904781, test avg acc: 0.859785
Train epoch 243, loss: 1.320589, train acc: 0.998270, train avg acc: 0.997108
Test epoch 243, loss: 1.558235, test acc: 0.888979, test avg acc: 0.871047
Train epoch 244, loss: 1.322816, train acc: 0.998982, train avg acc: 0.998207
Test epoch 244, loss: 1.599001, test acc: 0.895867, test avg acc: 0.845128
Train epoch 245, loss: 1.321129, train acc: 0.998270, train avg acc: 0.997219
Test epoch 245, loss: 1.526376, test acc: 0.910454, test avg acc: 0.867081
Train epoch 246, loss: 1.322297, train acc: 0.998677, train avg acc: 0.996938
Test epoch 246, loss: 1.549183, test acc: 0.912480, test avg acc: 0.861128
Train epoch 247, loss: 1.321357, train acc: 0.997964, train avg acc: 0.996833
Test epoch 247, loss: 1.560790, test acc: 0.890194, test avg acc: 0.865802
Train epoch 248, loss: 1.323389, train acc: 0.997659, train avg acc: 0.995922
Test epoch 248, loss: 1.718987, test acc: 0.882901, test avg acc: 0.828523
Train epoch 249, loss: 1.322228, train acc: 0.997761, train avg acc: 0.995833
Test epoch 249, loss: 1.512513, test acc: 0.904376, test avg acc: 0.868297
Train epoch 250, loss: 1.323080, train acc: 0.997659, train avg acc: 0.996055
Test epoch 250, loss: 1.551094, test acc: 0.879660, test avg acc: 0.845837
Train epoch 251, loss: 1.315731, train acc: 0.999084, train avg acc: 0.998153
Test epoch 251, loss: 1.516390, test acc: 0.915316, test avg acc: 0.872291
Train epoch 252, loss: 1.318029, train acc: 0.998371, train avg acc: 0.997004
Test epoch 252, loss: 1.644502, test acc: 0.890194, test avg acc: 0.845407
Train epoch 253, loss: 1.321400, train acc: 0.998066, train avg acc: 0.996732
Test epoch 253, loss: 1.559748, test acc: 0.899919, test avg acc: 0.855058
Train epoch 254, loss: 1.320247, train acc: 0.997964, train avg acc: 0.996911
Test epoch 254, loss: 1.504820, test acc: 0.909238, test avg acc: 0.868006
Train epoch 255, loss: 1.322146, train acc: 0.997761, train avg acc: 0.995708
Test epoch 255, loss: 1.516109, test acc: 0.908023, test avg acc: 0.878297
Train epoch 256, loss: 1.322423, train acc: 0.998371, train avg acc: 0.997689
Test epoch 256, loss: 1.530441, test acc: 0.901540, test avg acc: 0.849209
Train epoch 257, loss: 1.329042, train acc: 0.997048, train avg acc: 0.996217
Test epoch 257, loss: 1.694475, test acc: 0.873987, test avg acc: 0.817023
Train epoch 258, loss: 1.324192, train acc: 0.998066, train avg acc: 0.996038
Test epoch 258, loss: 1.505911, test acc: 0.918558, test avg acc: 0.878035
Train epoch 259, loss: 1.322193, train acc: 0.998473, train avg acc: 0.997087
Test epoch 259, loss: 1.535404, test acc: 0.893031, test avg acc: 0.857250
Train epoch 260, loss: 1.320337, train acc: 0.998880, train avg acc: 0.998396
Test epoch 260, loss: 1.522130, test acc: 0.911264, test avg acc: 0.856128
Train epoch 261, loss: 1.314916, train acc: 0.999491, train avg acc: 0.999162
Test epoch 261, loss: 1.503108, test acc: 0.910049, test avg acc: 0.868035
Train epoch 262, loss: 1.312169, train acc: 0.999186, train avg acc: 0.999054
Test epoch 262, loss: 1.518366, test acc: 0.903566, test avg acc: 0.878587
Train epoch 263, loss: 1.316547, train acc: 0.999389, train avg acc: 0.998936
Test epoch 263, loss: 1.585174, test acc: 0.892220, test avg acc: 0.855128
Train epoch 264, loss: 1.314114, train acc: 0.999491, train avg acc: 0.999172
Test epoch 264, loss: 1.516570, test acc: 0.901540, test avg acc: 0.851738
Train epoch 265, loss: 1.310757, train acc: 0.999084, train avg acc: 0.998411
Test epoch 265, loss: 1.537298, test acc: 0.902755, test avg acc: 0.855209
Train epoch 266, loss: 1.310293, train acc: 0.999287, train avg acc: 0.998904
Test epoch 266, loss: 1.519294, test acc: 0.893031, test avg acc: 0.858006
Train epoch 267, loss: 1.311334, train acc: 0.998982, train avg acc: 0.998105
Test epoch 267, loss: 1.543752, test acc: 0.906402, test avg acc: 0.858343
Train epoch 268, loss: 1.312276, train acc: 0.999186, train avg acc: 0.998835
Test epoch 268, loss: 1.561694, test acc: 0.908023, test avg acc: 0.864826
Train epoch 269, loss: 1.313042, train acc: 0.999084, train avg acc: 0.998535
Test epoch 269, loss: 1.585634, test acc: 0.893436, test avg acc: 0.848029
Train epoch 270, loss: 1.309429, train acc: 0.999593, train avg acc: 0.999439
Test epoch 270, loss: 1.520970, test acc: 0.901540, test avg acc: 0.868843
Train epoch 271, loss: 1.306128, train acc: 0.999593, train avg acc: 0.999488
Test epoch 271, loss: 1.488584, test acc: 0.916126, test avg acc: 0.874576
Train epoch 272, loss: 1.308961, train acc: 0.999186, train avg acc: 0.998606
Test epoch 272, loss: 1.505615, test acc: 0.907618, test avg acc: 0.865959
Train epoch 273, loss: 1.307357, train acc: 0.999389, train avg acc: 0.998891
Test epoch 273, loss: 1.489327, test acc: 0.910859, test avg acc: 0.872622
Train epoch 274, loss: 1.307299, train acc: 0.999695, train avg acc: 0.999463
Test epoch 274, loss: 1.616936, test acc: 0.901540, test avg acc: 0.852291
Train epoch 275, loss: 1.305566, train acc: 0.999695, train avg acc: 0.999512
Test epoch 275, loss: 1.499239, test acc: 0.908428, test avg acc: 0.873953
Train epoch 276, loss: 1.307018, train acc: 0.999186, train avg acc: 0.998901
Test epoch 276, loss: 1.506316, test acc: 0.906807, test avg acc: 0.880349
Train epoch 277, loss: 1.306653, train acc: 0.999491, train avg acc: 0.999275
Test epoch 277, loss: 1.520583, test acc: 0.903971, test avg acc: 0.873599
Train epoch 278, loss: 1.310464, train acc: 0.998982, train avg acc: 0.998128
Test epoch 278, loss: 1.514476, test acc: 0.906402, test avg acc: 0.873035
Train epoch 279, loss: 1.310746, train acc: 0.998677, train avg acc: 0.997946
Test epoch 279, loss: 1.538287, test acc: 0.898298, test avg acc: 0.861337
Train epoch 280, loss: 1.310590, train acc: 0.998779, train avg acc: 0.997627
Test epoch 280, loss: 1.671691, test acc: 0.891005, test avg acc: 0.844762
Train epoch 281, loss: 1.311085, train acc: 0.999491, train avg acc: 0.999071
Test epoch 281, loss: 1.518457, test acc: 0.900324, test avg acc: 0.866512
Train epoch 282, loss: 1.310591, train acc: 0.999593, train avg acc: 0.999353
Test epoch 282, loss: 1.590815, test acc: 0.912075, test avg acc: 0.861622
Train epoch 283, loss: 1.308529, train acc: 0.999695, train avg acc: 0.999634
Test epoch 283, loss: 1.515237, test acc: 0.903971, test avg acc: 0.872297
Train epoch 284, loss: 1.308878, train acc: 0.999287, train avg acc: 0.998487
Test epoch 284, loss: 1.489114, test acc: 0.910049, test avg acc: 0.875453
Train epoch 285, loss: 1.307137, train acc: 1.000000, train avg acc: 1.000000
Test epoch 285, loss: 1.567436, test acc: 0.912075, test avg acc: 0.860297
Train epoch 286, loss: 1.309428, train acc: 0.999186, train avg acc: 0.998461
Test epoch 286, loss: 1.533522, test acc: 0.908023, test avg acc: 0.866674
Train epoch 287, loss: 1.306716, train acc: 0.999389, train avg acc: 0.999014
Test epoch 287, loss: 1.508716, test acc: 0.897083, test avg acc: 0.858384
Train epoch 288, loss: 1.306507, train acc: 0.999593, train avg acc: 0.999198
Test epoch 288, loss: 1.580007, test acc: 0.900324, test avg acc: 0.852395
Train epoch 289, loss: 1.307508, train acc: 0.999084, train avg acc: 0.998319
Test epoch 289, loss: 1.489627, test acc: 0.909643, test avg acc: 0.880785
Train epoch 290, loss: 1.306133, train acc: 0.999593, train avg acc: 0.999405
Test epoch 290, loss: 1.537515, test acc: 0.903566, test avg acc: 0.867831
Train epoch 291, loss: 1.306678, train acc: 0.999186, train avg acc: 0.998710
Test epoch 291, loss: 1.542550, test acc: 0.897488, test avg acc: 0.860855
Train epoch 292, loss: 1.305542, train acc: 0.999084, train avg acc: 0.998481
Test epoch 292, loss: 1.504721, test acc: 0.902755, test avg acc: 0.866343
Train epoch 293, loss: 1.303325, train acc: 0.999593, train avg acc: 0.999031
Test epoch 293, loss: 1.555763, test acc: 0.908428, test avg acc: 0.868198
Train epoch 294, loss: 1.303516, train acc: 0.999695, train avg acc: 0.999506
Test epoch 294, loss: 1.500108, test acc: 0.910859, test avg acc: 0.875669
Train epoch 295, loss: 1.306160, train acc: 0.999695, train avg acc: 0.999347
Test epoch 295, loss: 1.530437, test acc: 0.901135, test avg acc: 0.857407
Train epoch 296, loss: 1.305548, train acc: 0.999796, train avg acc: 0.999589
Test epoch 296, loss: 1.505601, test acc: 0.902755, test avg acc: 0.869076
Train epoch 297, loss: 1.305021, train acc: 0.999287, train avg acc: 0.999003
Test epoch 297, loss: 1.623755, test acc: 0.903566, test avg acc: 0.855709
Train epoch 298, loss: 1.303483, train acc: 0.999593, train avg acc: 0.999089
Test epoch 298, loss: 1.480073, test acc: 0.916937, test avg acc: 0.879413
Train epoch 299, loss: 1.303181, train acc: 0.999491, train avg acc: 0.999455
Test epoch 299, loss: 1.483899, test acc: 0.909643, test avg acc: 0.870000
Train epoch 300, loss: 1.302769, train acc: 0.999898, train avg acc: 0.999798
Test epoch 300, loss: 1.493899, test acc: 0.914506, test avg acc: 0.877209
Train epoch 301, loss: 1.304092, train acc: 0.999491, train avg acc: 0.999148
Test epoch 301, loss: 1.578758, test acc: 0.900324, test avg acc: 0.863703
Train epoch 302, loss: 1.300945, train acc: 0.999796, train avg acc: 0.999589
Test epoch 302, loss: 1.492609, test acc: 0.908833, test avg acc: 0.866587
Train epoch 303, loss: 1.302500, train acc: 0.999796, train avg acc: 0.999779
Test epoch 303, loss: 1.530425, test acc: 0.901540, test avg acc: 0.855884
Train epoch 304, loss: 1.300128, train acc: 0.999593, train avg acc: 0.999457
Test epoch 304, loss: 1.489010, test acc: 0.911264, test avg acc: 0.881413
Train epoch 305, loss: 1.301112, train acc: 0.999898, train avg acc: 0.999947
Test epoch 305, loss: 1.483924, test acc: 0.916532, test avg acc: 0.878157
Train epoch 306, loss: 1.298508, train acc: 0.999796, train avg acc: 0.999707
Test epoch 306, loss: 1.490926, test acc: 0.909643, test avg acc: 0.884913
Train epoch 307, loss: 1.301212, train acc: 0.999695, train avg acc: 0.999714
Test epoch 307, loss: 1.500703, test acc: 0.903160, test avg acc: 0.850622
Train epoch 308, loss: 1.301231, train acc: 0.999593, train avg acc: 0.999200
Test epoch 308, loss: 1.510985, test acc: 0.907618, test avg acc: 0.858709
Train epoch 309, loss: 1.301571, train acc: 0.999796, train avg acc: 0.999779
Test epoch 309, loss: 1.490357, test acc: 0.910454, test avg acc: 0.869535
Train epoch 310, loss: 1.298929, train acc: 0.999898, train avg acc: 0.999936
Test epoch 310, loss: 1.504771, test acc: 0.902755, test avg acc: 0.863000
Train epoch 311, loss: 1.297421, train acc: 0.999796, train avg acc: 0.999779
Test epoch 311, loss: 1.493551, test acc: 0.907212, test avg acc: 0.871297
Train epoch 312, loss: 1.298111, train acc: 1.000000, train avg acc: 1.000000
Test epoch 312, loss: 1.495988, test acc: 0.912885, test avg acc: 0.875599
Train epoch 313, loss: 1.297171, train acc: 1.000000, train avg acc: 1.000000
Test epoch 313, loss: 1.526089, test acc: 0.910859, test avg acc: 0.872709
Train epoch 314, loss: 1.299751, train acc: 0.999898, train avg acc: 0.999906
Test epoch 314, loss: 1.569305, test acc: 0.914100, test avg acc: 0.866663
Train epoch 315, loss: 1.298224, train acc: 0.999898, train avg acc: 0.999713
Test epoch 315, loss: 1.502445, test acc: 0.910859, test avg acc: 0.864878
Train epoch 316, loss: 1.296884, train acc: 0.999796, train avg acc: 0.999650
Test epoch 316, loss: 1.507474, test acc: 0.912075, test avg acc: 0.877506
Train epoch 317, loss: 1.296407, train acc: 1.000000, train avg acc: 1.000000
Test epoch 317, loss: 1.493793, test acc: 0.906402, test avg acc: 0.869587
Train epoch 318, loss: 1.297030, train acc: 0.999796, train avg acc: 0.999632
Test epoch 318, loss: 1.517429, test acc: 0.912075, test avg acc: 0.870581
Train epoch 319, loss: 1.295887, train acc: 0.999898, train avg acc: 0.999818
Test epoch 319, loss: 1.509352, test acc: 0.898703, test avg acc: 0.866221
Train epoch 320, loss: 1.295803, train acc: 0.999796, train avg acc: 0.999662
Test epoch 320, loss: 1.482567, test acc: 0.913290, test avg acc: 0.871459
Train epoch 321, loss: 1.294588, train acc: 1.000000, train avg acc: 1.000000
Test epoch 321, loss: 1.513792, test acc: 0.905592, test avg acc: 0.877802
Train epoch 322, loss: 1.295382, train acc: 0.999796, train avg acc: 0.999442
Test epoch 322, loss: 1.476836, test acc: 0.912885, test avg acc: 0.873343
Train epoch 323, loss: 1.293844, train acc: 0.999898, train avg acc: 0.999831
Test epoch 323, loss: 1.537449, test acc: 0.914506, test avg acc: 0.875169
Train epoch 324, loss: 1.294557, train acc: 1.000000, train avg acc: 1.000000
Test epoch 324, loss: 1.482514, test acc: 0.911669, test avg acc: 0.869541
Train epoch 325, loss: 1.292698, train acc: 1.000000, train avg acc: 1.000000
Test epoch 325, loss: 1.493125, test acc: 0.914100, test avg acc: 0.878616
Train epoch 326, loss: 1.294410, train acc: 0.999898, train avg acc: 0.999832
Test epoch 326, loss: 1.478843, test acc: 0.914100, test avg acc: 0.874581
Train epoch 327, loss: 1.292790, train acc: 0.999898, train avg acc: 0.999722
Test epoch 327, loss: 1.491680, test acc: 0.904781, test avg acc: 0.868581
Train epoch 328, loss: 1.293176, train acc: 1.000000, train avg acc: 1.000000
Test epoch 328, loss: 1.554127, test acc: 0.912480, test avg acc: 0.870750
Train epoch 329, loss: 1.294294, train acc: 1.000000, train avg acc: 1.000000
Test epoch 329, loss: 1.494920, test acc: 0.909238, test avg acc: 0.877872
Train epoch 330, loss: 1.295363, train acc: 0.999898, train avg acc: 0.999832
Test epoch 330, loss: 1.539072, test acc: 0.907618, test avg acc: 0.866547
Train epoch 331, loss: 1.292846, train acc: 1.000000, train avg acc: 1.000000
Test epoch 331, loss: 1.483624, test acc: 0.912075, test avg acc: 0.874669
Train epoch 332, loss: 1.293238, train acc: 1.000000, train avg acc: 1.000000
Test epoch 332, loss: 1.490727, test acc: 0.908833, test avg acc: 0.866953
Train epoch 333, loss: 1.292072, train acc: 1.000000, train avg acc: 1.000000
Test epoch 333, loss: 1.483784, test acc: 0.914911, test avg acc: 0.866669
Train epoch 334, loss: 1.292914, train acc: 1.000000, train avg acc: 1.000000
Test epoch 334, loss: 1.474400, test acc: 0.916532, test avg acc: 0.875826
Train epoch 335, loss: 1.292326, train acc: 1.000000, train avg acc: 1.000000
Test epoch 335, loss: 1.491115, test acc: 0.909643, test avg acc: 0.871169
Train epoch 336, loss: 1.291268, train acc: 0.999898, train avg acc: 0.999912
Test epoch 336, loss: 1.515346, test acc: 0.910049, test avg acc: 0.865924
Train epoch 337, loss: 1.290545, train acc: 1.000000, train avg acc: 1.000000
Test epoch 337, loss: 1.595895, test acc: 0.898298, test avg acc: 0.852360
Train epoch 338, loss: 1.290725, train acc: 0.999898, train avg acc: 0.999832
Test epoch 338, loss: 1.492702, test acc: 0.908428, test avg acc: 0.864750
Train epoch 339, loss: 1.293680, train acc: 0.999898, train avg acc: 0.999947
Test epoch 339, loss: 1.508439, test acc: 0.915316, test avg acc: 0.880541
Train epoch 340, loss: 1.292073, train acc: 1.000000, train avg acc: 1.000000
Test epoch 340, loss: 1.480838, test acc: 0.912075, test avg acc: 0.876331
Train epoch 341, loss: 1.290688, train acc: 0.999796, train avg acc: 0.999788
Test epoch 341, loss: 1.472354, test acc: 0.920583, test avg acc: 0.879657
Train epoch 342, loss: 1.291204, train acc: 1.000000, train avg acc: 1.000000
Test epoch 342, loss: 1.516371, test acc: 0.913290, test avg acc: 0.875035
Train epoch 343, loss: 1.291041, train acc: 0.999796, train avg acc: 0.999541
Test epoch 343, loss: 1.474506, test acc: 0.918963, test avg acc: 0.878698
Train epoch 344, loss: 1.291226, train acc: 1.000000, train avg acc: 1.000000
Test epoch 344, loss: 1.467226, test acc: 0.920989, test avg acc: 0.877907
Train epoch 345, loss: 1.289108, train acc: 1.000000, train avg acc: 1.000000
Test epoch 345, loss: 1.487644, test acc: 0.914506, test avg acc: 0.878500
Train epoch 346, loss: 1.288434, train acc: 1.000000, train avg acc: 1.000000
Test epoch 346, loss: 1.553130, test acc: 0.911669, test avg acc: 0.868663
Train epoch 347, loss: 1.288319, train acc: 1.000000, train avg acc: 1.000000
Test epoch 347, loss: 1.477006, test acc: 0.918558, test avg acc: 0.875703
Train epoch 348, loss: 1.290145, train acc: 1.000000, train avg acc: 1.000000
Test epoch 348, loss: 1.501011, test acc: 0.910859, test avg acc: 0.867535
Train epoch 349, loss: 1.289066, train acc: 0.999898, train avg acc: 0.999875
Test epoch 349, loss: 1.476834, test acc: 0.918152, test avg acc: 0.883076
Train epoch 350, loss: 1.288317, train acc: 0.999898, train avg acc: 0.999875
Test epoch 350, loss: 1.480338, test acc: 0.918152, test avg acc: 0.881785
Train epoch 351, loss: 1.287713, train acc: 1.000000, train avg acc: 1.000000
Test epoch 351, loss: 1.487978, test acc: 0.911264, test avg acc: 0.876326
Train epoch 352, loss: 1.288407, train acc: 1.000000, train avg acc: 1.000000
Test epoch 352, loss: 1.480633, test acc: 0.916126, test avg acc: 0.878576
Train epoch 353, loss: 1.286800, train acc: 0.999898, train avg acc: 0.999722
Test epoch 353, loss: 1.481442, test acc: 0.914100, test avg acc: 0.879372
Train epoch 354, loss: 1.287590, train acc: 1.000000, train avg acc: 1.000000
Test epoch 354, loss: 1.477161, test acc: 0.910859, test avg acc: 0.879919
Train epoch 355, loss: 1.287955, train acc: 1.000000, train avg acc: 1.000000
Test epoch 355, loss: 1.477929, test acc: 0.914506, test avg acc: 0.880587
Train epoch 356, loss: 1.287663, train acc: 1.000000, train avg acc: 1.000000
Test epoch 356, loss: 1.480334, test acc: 0.913695, test avg acc: 0.878488
Train epoch 357, loss: 1.287338, train acc: 0.999898, train avg acc: 0.999855
Test epoch 357, loss: 1.477748, test acc: 0.920178, test avg acc: 0.884494
Train epoch 358, loss: 1.287071, train acc: 1.000000, train avg acc: 1.000000
Test epoch 358, loss: 1.529232, test acc: 0.918963, test avg acc: 0.877209
Train epoch 359, loss: 1.285540, train acc: 1.000000, train avg acc: 1.000000
Test epoch 359, loss: 1.472060, test acc: 0.918152, test avg acc: 0.884035
Train epoch 360, loss: 1.286478, train acc: 0.999898, train avg acc: 0.999771
Test epoch 360, loss: 1.472605, test acc: 0.919773, test avg acc: 0.885494
Train epoch 361, loss: 1.287098, train acc: 1.000000, train avg acc: 1.000000
Test epoch 361, loss: 1.487955, test acc: 0.918558, test avg acc: 0.883994
Train epoch 362, loss: 1.285911, train acc: 1.000000, train avg acc: 1.000000
Test epoch 362, loss: 1.475445, test acc: 0.916532, test avg acc: 0.883669
Train epoch 363, loss: 1.285220, train acc: 1.000000, train avg acc: 1.000000
Test epoch 363, loss: 1.484615, test acc: 0.921394, test avg acc: 0.885157
Train epoch 364, loss: 1.285274, train acc: 1.000000, train avg acc: 1.000000
Test epoch 364, loss: 1.475806, test acc: 0.920178, test avg acc: 0.887372
Train epoch 365, loss: 1.285318, train acc: 1.000000, train avg acc: 1.000000
Test epoch 365, loss: 1.473069, test acc: 0.919773, test avg acc: 0.881785
Train epoch 366, loss: 1.285674, train acc: 1.000000, train avg acc: 1.000000
Test epoch 366, loss: 1.485517, test acc: 0.918152, test avg acc: 0.881291
Train epoch 367, loss: 1.283876, train acc: 1.000000, train avg acc: 1.000000
Test epoch 367, loss: 1.472007, test acc: 0.920989, test avg acc: 0.890041
Train epoch 368, loss: 1.284817, train acc: 1.000000, train avg acc: 1.000000
Test epoch 368, loss: 1.478973, test acc: 0.915721, test avg acc: 0.874378
Train epoch 369, loss: 1.285193, train acc: 1.000000, train avg acc: 1.000000
Test epoch 369, loss: 1.474757, test acc: 0.919368, test avg acc: 0.878541
Train epoch 370, loss: 1.285190, train acc: 0.999898, train avg acc: 0.999947
Test epoch 370, loss: 1.474725, test acc: 0.918152, test avg acc: 0.877576
Train epoch 371, loss: 1.284298, train acc: 1.000000, train avg acc: 1.000000
Test epoch 371, loss: 1.465564, test acc: 0.917747, test avg acc: 0.875663
Train epoch 372, loss: 1.284610, train acc: 1.000000, train avg acc: 1.000000
Test epoch 372, loss: 1.473740, test acc: 0.913695, test avg acc: 0.874581
Train epoch 373, loss: 1.283451, train acc: 1.000000, train avg acc: 1.000000
Test epoch 373, loss: 1.486265, test acc: 0.915721, test avg acc: 0.877872
Train epoch 374, loss: 1.283052, train acc: 1.000000, train avg acc: 1.000000
Test epoch 374, loss: 1.496010, test acc: 0.914506, test avg acc: 0.884285
Train epoch 375, loss: 1.283052, train acc: 1.000000, train avg acc: 1.000000
Test epoch 375, loss: 1.467586, test acc: 0.914911, test avg acc: 0.878291
Train epoch 376, loss: 1.283542, train acc: 1.000000, train avg acc: 1.000000
Test epoch 376, loss: 1.465450, test acc: 0.920583, test avg acc: 0.880331
Train epoch 377, loss: 1.283066, train acc: 1.000000, train avg acc: 1.000000
Test epoch 377, loss: 1.475268, test acc: 0.913695, test avg acc: 0.876163
Train epoch 378, loss: 1.282769, train acc: 1.000000, train avg acc: 1.000000
Test epoch 378, loss: 1.479680, test acc: 0.914911, test avg acc: 0.880291
Train epoch 379, loss: 1.283915, train acc: 1.000000, train avg acc: 1.000000
Test epoch 379, loss: 1.482907, test acc: 0.916937, test avg acc: 0.876750
Train epoch 380, loss: 1.283062, train acc: 1.000000, train avg acc: 1.000000
Test epoch 380, loss: 1.480492, test acc: 0.912480, test avg acc: 0.876837
Train epoch 381, loss: 1.282233, train acc: 1.000000, train avg acc: 1.000000
Test epoch 381, loss: 1.466557, test acc: 0.923825, test avg acc: 0.887709
Train epoch 382, loss: 1.282064, train acc: 1.000000, train avg acc: 1.000000
Test epoch 382, loss: 1.471077, test acc: 0.917747, test avg acc: 0.878785
Train epoch 383, loss: 1.282621, train acc: 1.000000, train avg acc: 1.000000
Test epoch 383, loss: 1.485039, test acc: 0.914911, test avg acc: 0.879331
Train epoch 384, loss: 1.282066, train acc: 1.000000, train avg acc: 1.000000
Test epoch 384, loss: 1.472681, test acc: 0.917342, test avg acc: 0.878035
Train epoch 385, loss: 1.281057, train acc: 1.000000, train avg acc: 1.000000
Test epoch 385, loss: 1.480193, test acc: 0.917342, test avg acc: 0.876372
Train epoch 386, loss: 1.282165, train acc: 1.000000, train avg acc: 1.000000
Test epoch 386, loss: 1.480430, test acc: 0.918152, test avg acc: 0.877959
Train epoch 387, loss: 1.281380, train acc: 1.000000, train avg acc: 1.000000
Test epoch 387, loss: 1.484959, test acc: 0.915316, test avg acc: 0.875872
Train epoch 388, loss: 1.282226, train acc: 1.000000, train avg acc: 1.000000
Test epoch 388, loss: 1.482077, test acc: 0.919368, test avg acc: 0.874919
Train epoch 389, loss: 1.280668, train acc: 1.000000, train avg acc: 1.000000
Test epoch 389, loss: 1.474084, test acc: 0.920989, test avg acc: 0.883663
Train epoch 390, loss: 1.280705, train acc: 1.000000, train avg acc: 1.000000
Test epoch 390, loss: 1.471980, test acc: 0.920989, test avg acc: 0.884378
Train epoch 391, loss: 1.280043, train acc: 1.000000, train avg acc: 1.000000
Test epoch 391, loss: 1.475309, test acc: 0.919773, test avg acc: 0.882913
Train epoch 392, loss: 1.280697, train acc: 1.000000, train avg acc: 1.000000
Test epoch 392, loss: 1.475285, test acc: 0.916937, test avg acc: 0.884326
Train epoch 393, loss: 1.280677, train acc: 1.000000, train avg acc: 1.000000
Test epoch 393, loss: 1.479230, test acc: 0.921394, test avg acc: 0.885250
Train epoch 394, loss: 1.280321, train acc: 1.000000, train avg acc: 1.000000
Test epoch 394, loss: 1.471618, test acc: 0.916937, test avg acc: 0.880785
Train epoch 395, loss: 1.279745, train acc: 1.000000, train avg acc: 1.000000
Test epoch 395, loss: 1.472739, test acc: 0.918963, test avg acc: 0.885116
Train epoch 396, loss: 1.279487, train acc: 1.000000, train avg acc: 1.000000
Test epoch 396, loss: 1.464598, test acc: 0.924230, test avg acc: 0.890203
Train epoch 397, loss: 1.280347, train acc: 1.000000, train avg acc: 1.000000
Test epoch 397, loss: 1.469014, test acc: 0.922609, test avg acc: 0.884994
Train epoch 398, loss: 1.279294, train acc: 1.000000, train avg acc: 1.000000
Test epoch 398, loss: 1.470778, test acc: 0.920989, test avg acc: 0.887453
Train epoch 399, loss: 1.279176, train acc: 1.000000, train avg acc: 1.000000
Test epoch 399, loss: 1.467687, test acc: 0.919773, test avg acc: 0.882994
Train epoch 400, loss: 1.279418, train acc: 1.000000, train avg acc: 1.000000
Test epoch 400, loss: 1.465126, test acc: 0.922609, test avg acc: 0.885576
Train epoch 401, loss: 1.278908, train acc: 1.000000, train avg acc: 1.000000
Test epoch 401, loss: 1.467427, test acc: 0.920989, test avg acc: 0.887453
Train epoch 402, loss: 1.279549, train acc: 1.000000, train avg acc: 1.000000
Test epoch 402, loss: 1.484115, test acc: 0.920583, test avg acc: 0.885122
Train epoch 403, loss: 1.278930, train acc: 1.000000, train avg acc: 1.000000
Test epoch 403, loss: 1.470695, test acc: 0.917747, test avg acc: 0.874698
Train epoch 404, loss: 1.278923, train acc: 1.000000, train avg acc: 1.000000
Test epoch 404, loss: 1.462107, test acc: 0.922204, test avg acc: 0.885453
Train epoch 405, loss: 1.279211, train acc: 1.000000, train avg acc: 1.000000
Test epoch 405, loss: 1.471004, test acc: 0.923015, test avg acc: 0.888035
Train epoch 406, loss: 1.279716, train acc: 1.000000, train avg acc: 1.000000
Test epoch 406, loss: 1.474216, test acc: 0.922204, test avg acc: 0.890291
Train epoch 407, loss: 1.278993, train acc: 1.000000, train avg acc: 1.000000
Test epoch 407, loss: 1.475535, test acc: 0.919368, test avg acc: 0.885453
Train epoch 408, loss: 1.278449, train acc: 1.000000, train avg acc: 1.000000
Test epoch 408, loss: 1.473276, test acc: 0.917747, test avg acc: 0.882081
Train epoch 409, loss: 1.278818, train acc: 1.000000, train avg acc: 1.000000
Test epoch 409, loss: 1.472909, test acc: 0.915316, test avg acc: 0.879744
Train epoch 410, loss: 1.278146, train acc: 1.000000, train avg acc: 1.000000
Test epoch 410, loss: 1.471971, test acc: 0.916937, test avg acc: 0.880076
Train epoch 411, loss: 1.277941, train acc: 1.000000, train avg acc: 1.000000
Test epoch 411, loss: 1.466348, test acc: 0.920989, test avg acc: 0.888866
Train epoch 412, loss: 1.278562, train acc: 1.000000, train avg acc: 1.000000
Test epoch 412, loss: 1.482176, test acc: 0.920583, test avg acc: 0.884459
Train epoch 413, loss: 1.277824, train acc: 1.000000, train avg acc: 1.000000
Test epoch 413, loss: 1.468720, test acc: 0.921799, test avg acc: 0.883994
Train epoch 414, loss: 1.278071, train acc: 1.000000, train avg acc: 1.000000
Test epoch 414, loss: 1.463752, test acc: 0.918963, test avg acc: 0.882500
Train epoch 415, loss: 1.278447, train acc: 1.000000, train avg acc: 1.000000
Test epoch 415, loss: 1.464549, test acc: 0.925041, test avg acc: 0.895035
Train epoch 416, loss: 1.278276, train acc: 1.000000, train avg acc: 1.000000
Test epoch 416, loss: 1.475026, test acc: 0.918963, test avg acc: 0.882372
Train epoch 417, loss: 1.278036, train acc: 1.000000, train avg acc: 1.000000
Test epoch 417, loss: 1.467522, test acc: 0.919368, test avg acc: 0.885209
Train epoch 418, loss: 1.277749, train acc: 1.000000, train avg acc: 1.000000
Test epoch 418, loss: 1.473767, test acc: 0.920989, test avg acc: 0.886453
Train epoch 419, loss: 1.277649, train acc: 1.000000, train avg acc: 1.000000
Test epoch 419, loss: 1.472527, test acc: 0.922204, test avg acc: 0.885535
Train epoch 420, loss: 1.276968, train acc: 1.000000, train avg acc: 1.000000
Test epoch 420, loss: 1.465567, test acc: 0.918152, test avg acc: 0.880035
Train epoch 421, loss: 1.278064, train acc: 1.000000, train avg acc: 1.000000
Test epoch 421, loss: 1.471833, test acc: 0.920178, test avg acc: 0.883163
Train epoch 422, loss: 1.277543, train acc: 1.000000, train avg acc: 1.000000
Test epoch 422, loss: 1.469936, test acc: 0.922204, test avg acc: 0.883994
Train epoch 423, loss: 1.276100, train acc: 1.000000, train avg acc: 1.000000
Test epoch 423, loss: 1.471083, test acc: 0.919368, test avg acc: 0.879703
Train epoch 424, loss: 1.276582, train acc: 1.000000, train avg acc: 1.000000
Test epoch 424, loss: 1.465142, test acc: 0.920989, test avg acc: 0.881744
Train epoch 425, loss: 1.277364, train acc: 1.000000, train avg acc: 1.000000
Test epoch 425, loss: 1.468476, test acc: 0.919368, test avg acc: 0.880500
Train epoch 426, loss: 1.276842, train acc: 1.000000, train avg acc: 1.000000
Test epoch 426, loss: 1.464921, test acc: 0.920583, test avg acc: 0.884570
Train epoch 427, loss: 1.275946, train acc: 1.000000, train avg acc: 1.000000
Test epoch 427, loss: 1.470626, test acc: 0.920178, test avg acc: 0.883285
Train epoch 428, loss: 1.275775, train acc: 1.000000, train avg acc: 1.000000
Test epoch 428, loss: 1.464714, test acc: 0.919773, test avg acc: 0.879744
Train epoch 429, loss: 1.276763, train acc: 1.000000, train avg acc: 1.000000
Test epoch 429, loss: 1.468917, test acc: 0.921799, test avg acc: 0.883651
Train epoch 430, loss: 1.276468, train acc: 1.000000, train avg acc: 1.000000
Test epoch 430, loss: 1.465034, test acc: 0.919773, test avg acc: 0.880831
Train epoch 431, loss: 1.276087, train acc: 1.000000, train avg acc: 1.000000
Test epoch 431, loss: 1.473500, test acc: 0.923825, test avg acc: 0.890326
Train epoch 432, loss: 1.276501, train acc: 1.000000, train avg acc: 1.000000
Test epoch 432, loss: 1.467537, test acc: 0.919368, test avg acc: 0.881453
Train epoch 433, loss: 1.276432, train acc: 1.000000, train avg acc: 1.000000
Test epoch 433, loss: 1.465661, test acc: 0.922609, test avg acc: 0.889948
Train epoch 434, loss: 1.275711, train acc: 1.000000, train avg acc: 1.000000
Test epoch 434, loss: 1.466632, test acc: 0.918558, test avg acc: 0.877953
Train epoch 435, loss: 1.275504, train acc: 1.000000, train avg acc: 1.000000
Test epoch 435, loss: 1.467911, test acc: 0.924230, test avg acc: 0.885785
Train epoch 436, loss: 1.275390, train acc: 1.000000, train avg acc: 1.000000
Test epoch 436, loss: 1.463928, test acc: 0.926661, test avg acc: 0.890320
Train epoch 437, loss: 1.276171, train acc: 1.000000, train avg acc: 1.000000
Test epoch 437, loss: 1.467930, test acc: 0.920178, test avg acc: 0.877076
Train epoch 438, loss: 1.275084, train acc: 1.000000, train avg acc: 1.000000
Test epoch 438, loss: 1.468898, test acc: 0.916532, test avg acc: 0.878785
Train epoch 439, loss: 1.275337, train acc: 1.000000, train avg acc: 1.000000
Test epoch 439, loss: 1.464784, test acc: 0.920583, test avg acc: 0.878663
Train epoch 440, loss: 1.276327, train acc: 1.000000, train avg acc: 1.000000
Test epoch 440, loss: 1.463715, test acc: 0.922609, test avg acc: 0.882070
Train epoch 441, loss: 1.275797, train acc: 1.000000, train avg acc: 1.000000
Test epoch 441, loss: 1.465334, test acc: 0.925041, test avg acc: 0.888448
Train epoch 442, loss: 1.275509, train acc: 1.000000, train avg acc: 1.000000
Test epoch 442, loss: 1.466995, test acc: 0.918963, test avg acc: 0.875285
Train epoch 443, loss: 1.275128, train acc: 1.000000, train avg acc: 1.000000
Test epoch 443, loss: 1.463692, test acc: 0.923015, test avg acc: 0.884029
Train epoch 444, loss: 1.275239, train acc: 1.000000, train avg acc: 1.000000
Test epoch 444, loss: 1.469039, test acc: 0.918558, test avg acc: 0.880244
Train epoch 445, loss: 1.274524, train acc: 1.000000, train avg acc: 1.000000
Test epoch 445, loss: 1.468074, test acc: 0.919773, test avg acc: 0.878988
Train epoch 446, loss: 1.275247, train acc: 1.000000, train avg acc: 1.000000
Test epoch 446, loss: 1.464829, test acc: 0.916937, test avg acc: 0.874035
Train epoch 447, loss: 1.275435, train acc: 1.000000, train avg acc: 1.000000
Test epoch 447, loss: 1.468072, test acc: 0.921799, test avg acc: 0.879616
Train epoch 448, loss: 1.274544, train acc: 1.000000, train avg acc: 1.000000
Test epoch 448, loss: 1.472367, test acc: 0.917747, test avg acc: 0.878244
Train epoch 449, loss: 1.275109, train acc: 1.000000, train avg acc: 1.000000
Test epoch 449, loss: 1.466371, test acc: 0.918963, test avg acc: 0.882494
Train epoch 450, loss: 1.275626, train acc: 1.000000, train avg acc: 1.000000
Test epoch 450, loss: 1.466127, test acc: 0.920583, test avg acc: 0.883407
Train epoch 451, loss: 1.275187, train acc: 1.000000, train avg acc: 1.000000
Test epoch 451, loss: 1.470305, test acc: 0.923420, test avg acc: 0.885913
Train epoch 452, loss: 1.274576, train acc: 1.000000, train avg acc: 1.000000
Test epoch 452, loss: 1.469262, test acc: 0.919773, test avg acc: 0.883791
Train epoch 453, loss: 1.274485, train acc: 1.000000, train avg acc: 1.000000
Test epoch 453, loss: 1.469822, test acc: 0.921799, test avg acc: 0.879285
Train epoch 454, loss: 1.274887, train acc: 1.000000, train avg acc: 1.000000
Test epoch 454, loss: 1.464101, test acc: 0.921394, test avg acc: 0.879994
Train epoch 455, loss: 1.274293, train acc: 1.000000, train avg acc: 1.000000
Test epoch 455, loss: 1.463669, test acc: 0.926256, test avg acc: 0.887279
Train epoch 456, loss: 1.274555, train acc: 1.000000, train avg acc: 1.000000
Test epoch 456, loss: 1.472059, test acc: 0.920989, test avg acc: 0.882703
Train epoch 457, loss: 1.274439, train acc: 1.000000, train avg acc: 1.000000
Test epoch 457, loss: 1.465111, test acc: 0.925041, test avg acc: 0.889157
Train epoch 458, loss: 1.274992, train acc: 1.000000, train avg acc: 1.000000
Test epoch 458, loss: 1.466206, test acc: 0.921799, test avg acc: 0.883953
Train epoch 459, loss: 1.273811, train acc: 1.000000, train avg acc: 1.000000
Test epoch 459, loss: 1.468648, test acc: 0.919773, test avg acc: 0.878622
Train epoch 460, loss: 1.274595, train acc: 1.000000, train avg acc: 1.000000
Test epoch 460, loss: 1.464391, test acc: 0.919773, test avg acc: 0.880703
Train epoch 461, loss: 1.274367, train acc: 1.000000, train avg acc: 1.000000
Test epoch 461, loss: 1.465402, test acc: 0.922204, test avg acc: 0.880326
Train epoch 462, loss: 1.274619, train acc: 1.000000, train avg acc: 1.000000
Test epoch 462, loss: 1.468616, test acc: 0.916126, test avg acc: 0.875413
Train epoch 463, loss: 1.274230, train acc: 1.000000, train avg acc: 1.000000
Test epoch 463, loss: 1.467266, test acc: 0.919773, test avg acc: 0.880785
Train epoch 464, loss: 1.273758, train acc: 1.000000, train avg acc: 1.000000
Test epoch 464, loss: 1.468988, test acc: 0.922204, test avg acc: 0.880448
Train epoch 465, loss: 1.274724, train acc: 1.000000, train avg acc: 1.000000
Test epoch 465, loss: 1.468075, test acc: 0.919773, test avg acc: 0.880703
Train epoch 466, loss: 1.273881, train acc: 1.000000, train avg acc: 1.000000
Test epoch 466, loss: 1.468028, test acc: 0.920989, test avg acc: 0.884494
Train epoch 467, loss: 1.274042, train acc: 1.000000, train avg acc: 1.000000
Test epoch 467, loss: 1.467776, test acc: 0.923825, test avg acc: 0.887494
Train epoch 468, loss: 1.273937, train acc: 1.000000, train avg acc: 1.000000
Test epoch 468, loss: 1.468547, test acc: 0.920989, test avg acc: 0.884866
Train epoch 469, loss: 1.275179, train acc: 1.000000, train avg acc: 1.000000
Test epoch 469, loss: 1.465563, test acc: 0.920989, test avg acc: 0.884453
Train epoch 470, loss: 1.274612, train acc: 1.000000, train avg acc: 1.000000
Test epoch 470, loss: 1.468226, test acc: 0.922609, test avg acc: 0.885744
Train epoch 471, loss: 1.273770, train acc: 1.000000, train avg acc: 1.000000
Test epoch 471, loss: 1.463985, test acc: 0.921799, test avg acc: 0.883953
Train epoch 472, loss: 1.273753, train acc: 1.000000, train avg acc: 1.000000
Test epoch 472, loss: 1.469428, test acc: 0.920989, test avg acc: 0.887372
Train epoch 473, loss: 1.273690, train acc: 1.000000, train avg acc: 1.000000
Test epoch 473, loss: 1.468993, test acc: 0.921799, test avg acc: 0.885198
Train epoch 474, loss: 1.273939, train acc: 1.000000, train avg acc: 1.000000
Test epoch 474, loss: 1.471617, test acc: 0.918152, test avg acc: 0.880826
Train epoch 475, loss: 1.274112, train acc: 1.000000, train avg acc: 1.000000
Test epoch 475, loss: 1.467749, test acc: 0.922609, test avg acc: 0.883413
Train epoch 476, loss: 1.274227, train acc: 1.000000, train avg acc: 1.000000
Test epoch 476, loss: 1.470376, test acc: 0.925041, test avg acc: 0.887320
Train epoch 477, loss: 1.274246, train acc: 1.000000, train avg acc: 1.000000
Test epoch 477, loss: 1.468023, test acc: 0.921799, test avg acc: 0.886994
Train epoch 478, loss: 1.273281, train acc: 1.000000, train avg acc: 1.000000
Test epoch 478, loss: 1.469366, test acc: 0.921394, test avg acc: 0.882744
Train epoch 479, loss: 1.273760, train acc: 1.000000, train avg acc: 1.000000
Test epoch 479, loss: 1.464574, test acc: 0.924230, test avg acc: 0.886535
Train epoch 480, loss: 1.274414, train acc: 1.000000, train avg acc: 1.000000
Test epoch 480, loss: 1.465753, test acc: 0.924635, test avg acc: 0.889826
Train epoch 481, loss: 1.273919, train acc: 1.000000, train avg acc: 1.000000
Test epoch 481, loss: 1.467797, test acc: 0.917747, test avg acc: 0.878413
Train epoch 482, loss: 1.273840, train acc: 1.000000, train avg acc: 1.000000
Test epoch 482, loss: 1.467023, test acc: 0.925851, test avg acc: 0.892535
Train epoch 483, loss: 1.274125, train acc: 1.000000, train avg acc: 1.000000
Test epoch 483, loss: 1.466750, test acc: 0.923015, test avg acc: 0.886703
Train epoch 484, loss: 1.274077, train acc: 1.000000, train avg acc: 1.000000
Test epoch 484, loss: 1.465339, test acc: 0.924230, test avg acc: 0.883535
Train epoch 485, loss: 1.273879, train acc: 1.000000, train avg acc: 1.000000
Test epoch 485, loss: 1.468220, test acc: 0.923825, test avg acc: 0.886244
Train epoch 486, loss: 1.273654, train acc: 1.000000, train avg acc: 1.000000
Test epoch 486, loss: 1.466395, test acc: 0.923825, test avg acc: 0.888535
Train epoch 487, loss: 1.273469, train acc: 1.000000, train avg acc: 1.000000
Test epoch 487, loss: 1.467532, test acc: 0.922609, test avg acc: 0.883663
Train epoch 488, loss: 1.274078, train acc: 1.000000, train avg acc: 1.000000
Test epoch 488, loss: 1.470659, test acc: 0.921394, test avg acc: 0.883663
Train epoch 489, loss: 1.273882, train acc: 1.000000, train avg acc: 1.000000
Test epoch 489, loss: 1.471794, test acc: 0.920178, test avg acc: 0.889913
Train epoch 490, loss: 1.273296, train acc: 1.000000, train avg acc: 1.000000
Test epoch 490, loss: 1.469834, test acc: 0.918558, test avg acc: 0.884035
Train epoch 491, loss: 1.273850, train acc: 1.000000, train avg acc: 1.000000
Test epoch 491, loss: 1.468871, test acc: 0.921394, test avg acc: 0.883035
Train epoch 492, loss: 1.273681, train acc: 1.000000, train avg acc: 1.000000
Test epoch 492, loss: 1.466575, test acc: 0.924635, test avg acc: 0.887907
Train epoch 493, loss: 1.273234, train acc: 1.000000, train avg acc: 1.000000
Test epoch 493, loss: 1.466218, test acc: 0.922204, test avg acc: 0.883366
Train epoch 494, loss: 1.273788, train acc: 1.000000, train avg acc: 1.000000
Test epoch 494, loss: 1.466403, test acc: 0.922204, test avg acc: 0.883366
Train epoch 495, loss: 1.273871, train acc: 1.000000, train avg acc: 1.000000
Test epoch 495, loss: 1.468655, test acc: 0.923015, test avg acc: 0.887785
Train epoch 496, loss: 1.273966, train acc: 1.000000, train avg acc: 1.000000
Test epoch 496, loss: 1.464476, test acc: 0.921394, test avg acc: 0.881744
Train epoch 497, loss: 1.274104, train acc: 1.000000, train avg acc: 1.000000
Test epoch 497, loss: 1.467131, test acc: 0.923420, test avg acc: 0.888116
Train epoch 498, loss: 1.273623, train acc: 1.000000, train avg acc: 1.000000
Test epoch 498, loss: 1.466753, test acc: 0.921799, test avg acc: 0.885076
Train epoch 499, loss: 1.273284, train acc: 1.000000, train avg acc: 1.000000
Test epoch 499, loss: 1.466459, test acc: 0.922204, test avg acc: 0.887285
