Namespace(augmix_cutmix_prob=0.5, augmix_prob=0.0, batch_size=32, beta=1.0, data_path='./data/modelnet40_normal_resampled', dataset='modelnet40', dropout=0.5, emb_dims=1024, epochs=500, eval=False, exp_name='augmix_cutmix_lams2_eps5e-2_dgcnn_1024', jitter=False, k=20, knn=False, lr=0.001, model='dgcnn', model_path='', modelnet10=False, momentum=0.9, no_cuda=False, normal=False, nsample=512, num_points=1024, rddrop=False, rdscale=False, rot=False, rsmix_prob=0.0, seed=1, shift=False, shuffle=False, test_batch_size=16, use_sgd=True)
Using GPU : 0 from 1 devices
Train epoch 0, loss: 2.322880, train acc: 0.444727, train avg acc: 0.276725
Test epoch 0, loss: 1.768530, test acc: 0.532010, test avg acc: 0.427890
Train epoch 1, loss: 1.610098, train acc: 0.616144, train avg acc: 0.451317
Test epoch 1, loss: 1.276934, test acc: 0.720827, test avg acc: 0.586930
Train epoch 2, loss: 1.407053, train acc: 0.681393, train avg acc: 0.532456
Test epoch 2, loss: 1.168047, test acc: 0.757699, test avg acc: 0.647436
Train epoch 3, loss: 1.270498, train acc: 0.726486, train avg acc: 0.592525
Test epoch 3, loss: 1.233212, test acc: 0.745948, test avg acc: 0.645988
Train epoch 4, loss: 1.196035, train acc: 0.748575, train avg acc: 0.627038
Test epoch 4, loss: 1.048138, test acc: 0.796191, test avg acc: 0.717314
Train epoch 5, loss: 1.135370, train acc: 0.771478, train avg acc: 0.658190
Test epoch 5, loss: 0.928428, test acc: 0.845624, test avg acc: 0.739302
Train epoch 6, loss: 1.107210, train acc: 0.784507, train avg acc: 0.682864
Test epoch 6, loss: 0.955709, test acc: 0.831848, test avg acc: 0.757483
Train epoch 7, loss: 1.052956, train acc: 0.800998, train avg acc: 0.703461
Test epoch 7, loss: 0.905797, test acc: 0.856969, test avg acc: 0.804797
Train epoch 8, loss: 1.036576, train acc: 0.803033, train avg acc: 0.707153
Test epoch 8, loss: 1.057298, test acc: 0.803079, test avg acc: 0.719523
Train epoch 9, loss: 1.010295, train acc: 0.813721, train avg acc: 0.717783
Test epoch 9, loss: 0.885976, test acc: 0.857780, test avg acc: 0.763895
Train epoch 10, loss: 0.987901, train acc: 0.825835, train avg acc: 0.739446
Test epoch 10, loss: 0.912966, test acc: 0.848460, test avg acc: 0.766977
Train epoch 11, loss: 0.968533, train acc: 0.828990, train avg acc: 0.744665
Test epoch 11, loss: 0.857631, test acc: 0.861426, test avg acc: 0.808674
Train epoch 12, loss: 0.966044, train acc: 0.832146, train avg acc: 0.747292
Test epoch 12, loss: 0.865841, test acc: 0.858185, test avg acc: 0.795465
Train epoch 13, loss: 0.929417, train acc: 0.841205, train avg acc: 0.760288
Test epoch 13, loss: 0.864030, test acc: 0.865073, test avg acc: 0.803151
Train epoch 14, loss: 0.930684, train acc: 0.841714, train avg acc: 0.762001
Test epoch 14, loss: 0.946302, test acc: 0.843598, test avg acc: 0.782227
Train epoch 15, loss: 0.919755, train acc: 0.844259, train avg acc: 0.763991
Test epoch 15, loss: 0.845978, test acc: 0.858590, test avg acc: 0.795453
Train epoch 16, loss: 0.902239, train acc: 0.854031, train avg acc: 0.775118
Test epoch 16, loss: 0.832226, test acc: 0.865073, test avg acc: 0.799878
Train epoch 17, loss: 0.899827, train acc: 0.851995, train avg acc: 0.777284
Test epoch 17, loss: 0.939375, test acc: 0.841977, test avg acc: 0.793890
Train epoch 18, loss: 0.889400, train acc: 0.856169, train avg acc: 0.784566
Test epoch 18, loss: 0.857963, test acc: 0.865478, test avg acc: 0.809715
Train epoch 19, loss: 0.877370, train acc: 0.860138, train avg acc: 0.787174
Test epoch 19, loss: 0.856514, test acc: 0.856159, test avg acc: 0.822709
Train epoch 20, loss: 0.878814, train acc: 0.860240, train avg acc: 0.791447
Test epoch 20, loss: 0.770231, test acc: 0.898703, test avg acc: 0.828535
Train epoch 21, loss: 0.866260, train acc: 0.860647, train avg acc: 0.791387
Test epoch 21, loss: 0.766067, test acc: 0.895867, test avg acc: 0.832221
Train epoch 22, loss: 0.872582, train acc: 0.861665, train avg acc: 0.788473
Test epoch 22, loss: 0.829463, test acc: 0.879254, test avg acc: 0.832413
Train epoch 23, loss: 0.852479, train acc: 0.866348, train avg acc: 0.801405
Test epoch 23, loss: 0.862546, test acc: 0.860616, test avg acc: 0.783692
Train epoch 24, loss: 0.850405, train acc: 0.866755, train avg acc: 0.798160
Test epoch 24, loss: 0.807261, test acc: 0.880470, test avg acc: 0.842198
Train epoch 25, loss: 0.852265, train acc: 0.868587, train avg acc: 0.801868
Test epoch 25, loss: 0.749180, test acc: 0.895057, test avg acc: 0.839581
Train epoch 26, loss: 0.845987, train acc: 0.870725, train avg acc: 0.806876
Test epoch 26, loss: 0.799329, test acc: 0.882901, test avg acc: 0.824378
Train epoch 27, loss: 0.852672, train acc: 0.866450, train avg acc: 0.800914
Test epoch 27, loss: 0.790893, test acc: 0.879660, test avg acc: 0.818703
Train epoch 28, loss: 0.845922, train acc: 0.867976, train avg acc: 0.799149
Test epoch 28, loss: 0.815753, test acc: 0.873177, test avg acc: 0.827285
Train epoch 29, loss: 0.834706, train acc: 0.873677, train avg acc: 0.812947
Test epoch 29, loss: 0.857501, test acc: 0.865478, test avg acc: 0.824506
Train epoch 30, loss: 0.828290, train acc: 0.875204, train avg acc: 0.808471
Test epoch 30, loss: 0.782057, test acc: 0.887358, test avg acc: 0.845843
Train epoch 31, loss: 0.825764, train acc: 0.873982, train avg acc: 0.811462
Test epoch 31, loss: 0.852262, test acc: 0.863047, test avg acc: 0.824779
Train epoch 32, loss: 0.834631, train acc: 0.874084, train avg acc: 0.811088
Test epoch 32, loss: 0.802821, test acc: 0.886548, test avg acc: 0.833849
Train epoch 33, loss: 0.830839, train acc: 0.873779, train avg acc: 0.811941
Test epoch 33, loss: 0.805129, test acc: 0.875608, test avg acc: 0.817872
Train epoch 34, loss: 0.819508, train acc: 0.876730, train avg acc: 0.814322
Test epoch 34, loss: 0.817629, test acc: 0.874797, test avg acc: 0.817012
Train epoch 35, loss: 0.827361, train acc: 0.874084, train avg acc: 0.812807
Test epoch 35, loss: 0.821758, test acc: 0.867909, test avg acc: 0.831581
Train epoch 36, loss: 0.814934, train acc: 0.880599, train avg acc: 0.820684
Test epoch 36, loss: 0.864969, test acc: 0.846840, test avg acc: 0.794209
Train epoch 37, loss: 0.804476, train acc: 0.883347, train avg acc: 0.824589
Test epoch 37, loss: 0.753213, test acc: 0.890600, test avg acc: 0.823500
Train epoch 38, loss: 0.801786, train acc: 0.878970, train avg acc: 0.819397
Test epoch 38, loss: 0.759142, test acc: 0.893436, test avg acc: 0.835145
Train epoch 39, loss: 0.806181, train acc: 0.887113, train avg acc: 0.830386
Test epoch 39, loss: 0.845235, test acc: 0.856969, test avg acc: 0.808262
Train epoch 40, loss: 0.807280, train acc: 0.881311, train avg acc: 0.821916
Test epoch 40, loss: 0.856653, test acc: 0.858185, test avg acc: 0.804233
Train epoch 41, loss: 0.812237, train acc: 0.880802, train avg acc: 0.822650
Test epoch 41, loss: 0.782368, test acc: 0.876013, test avg acc: 0.833703
Train epoch 42, loss: 0.787125, train acc: 0.890371, train avg acc: 0.835593
Test epoch 42, loss: 0.763175, test acc: 0.897893, test avg acc: 0.841215
Train epoch 43, loss: 0.800808, train acc: 0.878461, train avg acc: 0.817583
Test epoch 43, loss: 0.781487, test acc: 0.885737, test avg acc: 0.844174
Train epoch 44, loss: 0.795772, train acc: 0.883550, train avg acc: 0.822939
Test epoch 44, loss: 0.832380, test acc: 0.862237, test avg acc: 0.811116
Train epoch 45, loss: 0.790780, train acc: 0.886095, train avg acc: 0.830477
Test epoch 45, loss: 0.775827, test acc: 0.884927, test avg acc: 0.823169
Train epoch 46, loss: 0.784121, train acc: 0.888335, train avg acc: 0.832114
Test epoch 46, loss: 0.786016, test acc: 0.880470, test avg acc: 0.824349
Train epoch 47, loss: 0.798722, train acc: 0.882329, train avg acc: 0.824901
Test epoch 47, loss: 0.806848, test acc: 0.868720, test avg acc: 0.837942
Train epoch 48, loss: 0.776551, train acc: 0.891490, train avg acc: 0.837944
Test epoch 48, loss: 0.828297, test acc: 0.867099, test avg acc: 0.797959
Train epoch 49, loss: 0.781734, train acc: 0.890574, train avg acc: 0.834560
Test epoch 49, loss: 0.846796, test acc: 0.850486, test avg acc: 0.805762
Train epoch 50, loss: 0.783614, train acc: 0.887011, train avg acc: 0.829706
Test epoch 50, loss: 0.770215, test acc: 0.889384, test avg acc: 0.854773
Train epoch 51, loss: 0.782697, train acc: 0.889353, train avg acc: 0.833600
Test epoch 51, loss: 0.748836, test acc: 0.894246, test avg acc: 0.853401
Train epoch 52, loss: 0.787758, train acc: 0.886197, train avg acc: 0.832276
Test epoch 52, loss: 0.806707, test acc: 0.876418, test avg acc: 0.833674
Train epoch 53, loss: 0.784326, train acc: 0.891796, train avg acc: 0.837758
Test epoch 53, loss: 0.767671, test acc: 0.893031, test avg acc: 0.857814
Train epoch 54, loss: 0.763832, train acc: 0.895765, train avg acc: 0.844149
Test epoch 54, loss: 0.769869, test acc: 0.886953, test avg acc: 0.844477
Train epoch 55, loss: 0.772891, train acc: 0.891592, train avg acc: 0.839031
Test epoch 55, loss: 0.776857, test acc: 0.882901, test avg acc: 0.825256
Train epoch 56, loss: 0.762195, train acc: 0.896173, train avg acc: 0.843321
Test epoch 56, loss: 0.784206, test acc: 0.880065, test avg acc: 0.821965
Train epoch 57, loss: 0.767910, train acc: 0.895460, train avg acc: 0.844418
Test epoch 57, loss: 0.820705, test acc: 0.869530, test avg acc: 0.810442
Train epoch 58, loss: 0.771840, train acc: 0.890167, train avg acc: 0.833876
Test epoch 58, loss: 0.782133, test acc: 0.882901, test avg acc: 0.836000
Train epoch 59, loss: 0.784750, train acc: 0.886401, train avg acc: 0.828789
Test epoch 59, loss: 0.749549, test acc: 0.894652, test avg acc: 0.847006
Train epoch 60, loss: 0.768256, train acc: 0.894137, train avg acc: 0.842922
Test epoch 60, loss: 0.813158, test acc: 0.871961, test avg acc: 0.812837
Train epoch 61, loss: 0.756534, train acc: 0.898208, train avg acc: 0.846351
Test epoch 61, loss: 0.746486, test acc: 0.891815, test avg acc: 0.847297
Train epoch 62, loss: 0.755651, train acc: 0.896478, train avg acc: 0.844607
Test epoch 62, loss: 0.751832, test acc: 0.881280, test avg acc: 0.835221
Train epoch 63, loss: 0.773666, train acc: 0.892305, train avg acc: 0.838644
Test epoch 63, loss: 0.850126, test acc: 0.855754, test avg acc: 0.822308
Train epoch 64, loss: 0.752947, train acc: 0.899532, train avg acc: 0.850319
Test epoch 64, loss: 0.756748, test acc: 0.895057, test avg acc: 0.858203
Train epoch 65, loss: 0.761874, train acc: 0.895765, train avg acc: 0.845445
Test epoch 65, loss: 0.783245, test acc: 0.876823, test avg acc: 0.848895
Train epoch 66, loss: 0.758721, train acc: 0.898616, train avg acc: 0.845469
Test epoch 66, loss: 0.756028, test acc: 0.882496, test avg acc: 0.826378
Train epoch 67, loss: 0.757707, train acc: 0.899226, train avg acc: 0.847546
Test epoch 67, loss: 0.775637, test acc: 0.882496, test avg acc: 0.840959
Train epoch 68, loss: 0.761943, train acc: 0.899023, train avg acc: 0.847694
Test epoch 68, loss: 0.733222, test acc: 0.903971, test avg acc: 0.862419
Train epoch 69, loss: 0.757893, train acc: 0.896071, train avg acc: 0.847085
Test epoch 69, loss: 0.803421, test acc: 0.875203, test avg acc: 0.845640
Train epoch 70, loss: 0.750447, train acc: 0.897801, train avg acc: 0.846738
Test epoch 70, loss: 0.730729, test acc: 0.899919, test avg acc: 0.842424
Train epoch 71, loss: 0.737983, train acc: 0.904011, train avg acc: 0.857958
Test epoch 71, loss: 0.794989, test acc: 0.870340, test avg acc: 0.829128
Train epoch 72, loss: 0.744564, train acc: 0.899532, train avg acc: 0.848739
Test epoch 72, loss: 0.785087, test acc: 0.876013, test avg acc: 0.851238
Train epoch 73, loss: 0.736146, train acc: 0.902789, train avg acc: 0.855714
Test epoch 73, loss: 0.764565, test acc: 0.879254, test avg acc: 0.837587
Train epoch 74, loss: 0.745141, train acc: 0.899226, train avg acc: 0.849860
Test epoch 74, loss: 0.774943, test acc: 0.883306, test avg acc: 0.859698
Train epoch 75, loss: 0.745907, train acc: 0.900448, train avg acc: 0.851469
Test epoch 75, loss: 0.781363, test acc: 0.880065, test avg acc: 0.850233
Train epoch 76, loss: 0.742606, train acc: 0.901873, train avg acc: 0.850523
Test epoch 76, loss: 0.723333, test acc: 0.898298, test avg acc: 0.853581
Train epoch 77, loss: 0.739021, train acc: 0.903502, train avg acc: 0.856359
Test epoch 77, loss: 0.698759, test acc: 0.906807, test avg acc: 0.867087
Train epoch 78, loss: 0.727929, train acc: 0.905232, train avg acc: 0.858902
Test epoch 78, loss: 0.727018, test acc: 0.902350, test avg acc: 0.837674
Train epoch 79, loss: 0.738675, train acc: 0.905945, train avg acc: 0.860593
Test epoch 79, loss: 0.765390, test acc: 0.889384, test avg acc: 0.844849
Train epoch 80, loss: 0.751875, train acc: 0.898310, train avg acc: 0.849186
Test epoch 80, loss: 0.740527, test acc: 0.896677, test avg acc: 0.857349
Train epoch 81, loss: 0.750610, train acc: 0.896987, train avg acc: 0.848059
Test epoch 81, loss: 0.820150, test acc: 0.869935, test avg acc: 0.822186
Train epoch 82, loss: 0.724833, train acc: 0.909609, train avg acc: 0.863870
Test epoch 82, loss: 0.745103, test acc: 0.894652, test avg acc: 0.850645
Train epoch 83, loss: 0.746439, train acc: 0.901771, train avg acc: 0.854808
Test epoch 83, loss: 0.815239, test acc: 0.864263, test avg acc: 0.830808
Train epoch 84, loss: 0.718375, train acc: 0.910220, train avg acc: 0.863050
Test epoch 84, loss: 0.731587, test acc: 0.891005, test avg acc: 0.862727
Train epoch 85, loss: 0.730579, train acc: 0.907573, train avg acc: 0.862743
Test epoch 85, loss: 0.742558, test acc: 0.892626, test avg acc: 0.872715
Train epoch 86, loss: 0.723401, train acc: 0.911136, train avg acc: 0.870647
Test epoch 86, loss: 0.724567, test acc: 0.893031, test avg acc: 0.843814
Train epoch 87, loss: 0.735890, train acc: 0.905537, train avg acc: 0.859094
Test epoch 87, loss: 0.760690, test acc: 0.881280, test avg acc: 0.810000
Train epoch 88, loss: 0.717143, train acc: 0.911238, train avg acc: 0.866694
Test epoch 88, loss: 0.780035, test acc: 0.878849, test avg acc: 0.826413
Train epoch 89, loss: 0.734815, train acc: 0.906861, train avg acc: 0.861882
Test epoch 89, loss: 0.794223, test acc: 0.885737, test avg acc: 0.845983
Train epoch 90, loss: 0.737567, train acc: 0.903603, train avg acc: 0.857804
Test epoch 90, loss: 0.712878, test acc: 0.905186, test avg acc: 0.853750
Train epoch 91, loss: 0.717276, train acc: 0.909100, train avg acc: 0.863872
Test epoch 91, loss: 0.735190, test acc: 0.892626, test avg acc: 0.847221
Train epoch 92, loss: 0.723519, train acc: 0.910016, train avg acc: 0.864310
Test epoch 92, loss: 0.780947, test acc: 0.887763, test avg acc: 0.857953
Train epoch 93, loss: 0.733049, train acc: 0.904927, train avg acc: 0.861278
Test epoch 93, loss: 0.731924, test acc: 0.900729, test avg acc: 0.840262
Train epoch 94, loss: 0.715201, train acc: 0.912866, train avg acc: 0.872625
Test epoch 94, loss: 0.697110, test acc: 0.908428, test avg acc: 0.858884
Train epoch 95, loss: 0.710905, train acc: 0.911340, train avg acc: 0.866046
Test epoch 95, loss: 0.743134, test acc: 0.895462, test avg acc: 0.842709
Train epoch 96, loss: 0.730773, train acc: 0.904214, train avg acc: 0.857103
Test epoch 96, loss: 0.750142, test acc: 0.894652, test avg acc: 0.856500
Train epoch 97, loss: 0.715692, train acc: 0.911849, train avg acc: 0.868619
Test epoch 97, loss: 0.740181, test acc: 0.888979, test avg acc: 0.847878
Train epoch 98, loss: 0.724579, train acc: 0.910525, train avg acc: 0.863087
Test epoch 98, loss: 0.759041, test acc: 0.881686, test avg acc: 0.838872
Train epoch 99, loss: 0.722760, train acc: 0.907573, train avg acc: 0.859409
Test epoch 99, loss: 0.721680, test acc: 0.898298, test avg acc: 0.858843
Train epoch 100, loss: 0.707707, train acc: 0.915106, train avg acc: 0.876363
Test epoch 100, loss: 0.730981, test acc: 0.895462, test avg acc: 0.845465
Train epoch 101, loss: 0.717965, train acc: 0.909711, train avg acc: 0.865559
Test epoch 101, loss: 0.733382, test acc: 0.901135, test avg acc: 0.861221
Train epoch 102, loss: 0.724122, train acc: 0.905945, train avg acc: 0.859233
Test epoch 102, loss: 0.713662, test acc: 0.893031, test avg acc: 0.841593
Train epoch 103, loss: 0.716920, train acc: 0.909711, train avg acc: 0.866892
Test epoch 103, loss: 0.810550, test acc: 0.859806, test avg acc: 0.822087
Train epoch 104, loss: 0.710493, train acc: 0.912765, train avg acc: 0.867788
Test epoch 104, loss: 0.745817, test acc: 0.893436, test avg acc: 0.859099
Train epoch 105, loss: 0.718611, train acc: 0.906861, train avg acc: 0.860676
Test epoch 105, loss: 0.762690, test acc: 0.890600, test avg acc: 0.852849
Train epoch 106, loss: 0.719159, train acc: 0.907980, train avg acc: 0.863303
Test epoch 106, loss: 0.753048, test acc: 0.888979, test avg acc: 0.862506
Train epoch 107, loss: 0.704145, train acc: 0.918160, train avg acc: 0.876154
Test epoch 107, loss: 0.753010, test acc: 0.887358, test avg acc: 0.854337
Train epoch 108, loss: 0.702848, train acc: 0.914597, train avg acc: 0.870742
Test epoch 108, loss: 0.772378, test acc: 0.881280, test avg acc: 0.832099
Train epoch 109, loss: 0.719085, train acc: 0.908795, train avg acc: 0.864148
Test epoch 109, loss: 0.786346, test acc: 0.872771, test avg acc: 0.819308
Train epoch 110, loss: 0.717373, train acc: 0.912256, train avg acc: 0.868344
Test epoch 110, loss: 0.746487, test acc: 0.899919, test avg acc: 0.858802
Train epoch 111, loss: 0.720224, train acc: 0.909406, train avg acc: 0.865011
Test epoch 111, loss: 0.732858, test acc: 0.902755, test avg acc: 0.853378
Train epoch 112, loss: 0.717084, train acc: 0.911034, train avg acc: 0.862722
Test epoch 112, loss: 0.760571, test acc: 0.885737, test avg acc: 0.839547
Train epoch 113, loss: 0.690452, train acc: 0.921519, train avg acc: 0.881658
Test epoch 113, loss: 0.748571, test acc: 0.893031, test avg acc: 0.861570
Train epoch 114, loss: 0.703415, train acc: 0.913986, train avg acc: 0.872161
Test epoch 114, loss: 0.747832, test acc: 0.886143, test avg acc: 0.839576
Train epoch 115, loss: 0.708420, train acc: 0.910831, train avg acc: 0.865815
Test epoch 115, loss: 0.756046, test acc: 0.890194, test avg acc: 0.861680
Train epoch 116, loss: 0.712580, train acc: 0.911340, train avg acc: 0.868175
Test epoch 116, loss: 0.783019, test acc: 0.884117, test avg acc: 0.829802
Train epoch 117, loss: 0.709663, train acc: 0.913375, train avg acc: 0.868564
Test epoch 117, loss: 0.801065, test acc: 0.869125, test avg acc: 0.816669
Train epoch 118, loss: 0.701999, train acc: 0.915920, train avg acc: 0.876610
Test epoch 118, loss: 0.741700, test acc: 0.897893, test avg acc: 0.846727
Train epoch 119, loss: 0.701049, train acc: 0.917854, train avg acc: 0.876825
Test epoch 119, loss: 0.735117, test acc: 0.884117, test avg acc: 0.836453
Train epoch 120, loss: 0.703586, train acc: 0.915208, train avg acc: 0.873799
Test epoch 120, loss: 0.725567, test acc: 0.896272, test avg acc: 0.844924
Train epoch 121, loss: 0.694775, train acc: 0.921824, train avg acc: 0.883531
Test epoch 121, loss: 0.697410, test acc: 0.912885, test avg acc: 0.865884
Train epoch 122, loss: 0.691665, train acc: 0.919076, train avg acc: 0.882001
Test epoch 122, loss: 0.701997, test acc: 0.913290, test avg acc: 0.862128
Train epoch 123, loss: 0.708004, train acc: 0.914088, train avg acc: 0.870464
Test epoch 123, loss: 0.703262, test acc: 0.906402, test avg acc: 0.863517
Train epoch 124, loss: 0.694886, train acc: 0.918669, train avg acc: 0.881671
Test epoch 124, loss: 0.737780, test acc: 0.882901, test avg acc: 0.823052
Train epoch 125, loss: 0.700500, train acc: 0.915615, train avg acc: 0.874808
Test epoch 125, loss: 0.759110, test acc: 0.889384, test avg acc: 0.853587
Train epoch 126, loss: 0.696565, train acc: 0.917549, train avg acc: 0.879175
Test epoch 126, loss: 0.705428, test acc: 0.908833, test avg acc: 0.863773
Train epoch 127, loss: 0.692079, train acc: 0.917956, train avg acc: 0.875251
Test epoch 127, loss: 0.722731, test acc: 0.902350, test avg acc: 0.847465
Train epoch 128, loss: 0.700976, train acc: 0.919076, train avg acc: 0.883099
Test epoch 128, loss: 0.827475, test acc: 0.870340, test avg acc: 0.841105
Train epoch 129, loss: 0.695523, train acc: 0.917243, train avg acc: 0.875809
Test epoch 129, loss: 0.750133, test acc: 0.889789, test avg acc: 0.869064
Train epoch 130, loss: 0.676408, train acc: 0.924369, train avg acc: 0.887331
Test epoch 130, loss: 0.699746, test acc: 0.905186, test avg acc: 0.853250
Train epoch 131, loss: 0.692322, train acc: 0.917651, train avg acc: 0.875400
Test epoch 131, loss: 0.735866, test acc: 0.895057, test avg acc: 0.856605
Train epoch 132, loss: 0.698449, train acc: 0.912968, train avg acc: 0.869910
Test epoch 132, loss: 0.732504, test acc: 0.895867, test avg acc: 0.847797
Train epoch 133, loss: 0.682033, train acc: 0.925489, train avg acc: 0.887420
Test epoch 133, loss: 0.736298, test acc: 0.894652, test avg acc: 0.853901
Train epoch 134, loss: 0.688592, train acc: 0.917549, train avg acc: 0.875513
Test epoch 134, loss: 0.751805, test acc: 0.898298, test avg acc: 0.860227
Train epoch 135, loss: 0.668482, train acc: 0.926507, train avg acc: 0.892436
Test epoch 135, loss: 0.770265, test acc: 0.878444, test avg acc: 0.848506
Train epoch 136, loss: 0.691465, train acc: 0.917752, train avg acc: 0.875033
Test epoch 136, loss: 0.795732, test acc: 0.882091, test avg acc: 0.824733
Train epoch 137, loss: 0.691738, train acc: 0.914902, train avg acc: 0.876756
Test epoch 137, loss: 0.761140, test acc: 0.887358, test avg acc: 0.850581
Train epoch 138, loss: 0.688328, train acc: 0.919890, train avg acc: 0.878980
Test epoch 138, loss: 0.770916, test acc: 0.887763, test avg acc: 0.859512
Train epoch 139, loss: 0.691896, train acc: 0.918363, train avg acc: 0.879651
Test epoch 139, loss: 0.697678, test acc: 0.910454, test avg acc: 0.861244
Train epoch 140, loss: 0.683996, train acc: 0.920501, train avg acc: 0.881262
Test epoch 140, loss: 0.765968, test acc: 0.883306, test avg acc: 0.870081
Train epoch 141, loss: 0.686837, train acc: 0.922129, train avg acc: 0.882523
Test epoch 141, loss: 0.722950, test acc: 0.900729, test avg acc: 0.858297
Train epoch 142, loss: 0.674246, train acc: 0.925081, train avg acc: 0.888205
Test epoch 142, loss: 0.786005, test acc: 0.873582, test avg acc: 0.844843
Train epoch 143, loss: 0.684980, train acc: 0.922231, train avg acc: 0.883507
Test epoch 143, loss: 0.730132, test acc: 0.897893, test avg acc: 0.873506
Train epoch 144, loss: 0.684417, train acc: 0.923962, train avg acc: 0.886881
Test epoch 144, loss: 0.705755, test acc: 0.908023, test avg acc: 0.875826
Train epoch 145, loss: 0.699646, train acc: 0.914393, train avg acc: 0.874296
Test epoch 145, loss: 0.800688, test acc: 0.876418, test avg acc: 0.836314
Train epoch 146, loss: 0.676884, train acc: 0.924572, train avg acc: 0.887221
Test epoch 146, loss: 0.731370, test acc: 0.901540, test avg acc: 0.854291
Train epoch 147, loss: 0.678985, train acc: 0.924674, train avg acc: 0.886227
Test epoch 147, loss: 0.753028, test acc: 0.888574, test avg acc: 0.856587
Train epoch 148, loss: 0.675513, train acc: 0.925285, train avg acc: 0.891210
Test epoch 148, loss: 0.700647, test acc: 0.905186, test avg acc: 0.867169
Train epoch 149, loss: 0.681618, train acc: 0.923758, train avg acc: 0.885950
Test epoch 149, loss: 0.805291, test acc: 0.871961, test avg acc: 0.827401
Train epoch 150, loss: 0.674346, train acc: 0.924471, train avg acc: 0.886464
Test epoch 150, loss: 0.738312, test acc: 0.899514, test avg acc: 0.864419
Train epoch 151, loss: 0.684698, train acc: 0.922231, train avg acc: 0.885676
Test epoch 151, loss: 0.750620, test acc: 0.891005, test avg acc: 0.859436
Train epoch 152, loss: 0.677900, train acc: 0.921519, train avg acc: 0.884379
Test epoch 152, loss: 0.795860, test acc: 0.877634, test avg acc: 0.868221
Train epoch 153, loss: 0.672621, train acc: 0.923758, train avg acc: 0.885957
Test epoch 153, loss: 0.810798, test acc: 0.878039, test avg acc: 0.857465
Train epoch 154, loss: 0.680757, train acc: 0.921417, train avg acc: 0.881900
Test epoch 154, loss: 0.738599, test acc: 0.903971, test avg acc: 0.873041
Train epoch 155, loss: 0.679217, train acc: 0.923962, train avg acc: 0.887115
Test epoch 155, loss: 0.796298, test acc: 0.879254, test avg acc: 0.870337
Train epoch 156, loss: 0.675285, train acc: 0.925489, train avg acc: 0.889528
Test epoch 156, loss: 0.758684, test acc: 0.887358, test avg acc: 0.846017
Train epoch 157, loss: 0.669395, train acc: 0.924165, train avg acc: 0.886956
Test epoch 157, loss: 0.725114, test acc: 0.886548, test avg acc: 0.854349
Train epoch 158, loss: 0.673859, train acc: 0.923656, train avg acc: 0.886428
Test epoch 158, loss: 0.728560, test acc: 0.893841, test avg acc: 0.861419
Train epoch 159, loss: 0.672697, train acc: 0.923962, train avg acc: 0.885028
Test epoch 159, loss: 0.715921, test acc: 0.903566, test avg acc: 0.861890
Train epoch 160, loss: 0.670713, train acc: 0.924878, train avg acc: 0.890038
Test epoch 160, loss: 0.719916, test acc: 0.898703, test avg acc: 0.858884
Train epoch 161, loss: 0.676083, train acc: 0.923555, train avg acc: 0.883137
Test epoch 161, loss: 0.705604, test acc: 0.912885, test avg acc: 0.861122
Train epoch 162, loss: 0.676384, train acc: 0.923860, train avg acc: 0.885738
Test epoch 162, loss: 0.721707, test acc: 0.898703, test avg acc: 0.858750
Train epoch 163, loss: 0.664634, train acc: 0.928033, train avg acc: 0.889948
Test epoch 163, loss: 0.744868, test acc: 0.898298, test avg acc: 0.863105
Train epoch 164, loss: 0.651383, train acc: 0.931901, train avg acc: 0.898694
Test epoch 164, loss: 0.684270, test acc: 0.910049, test avg acc: 0.874134
Train epoch 165, loss: 0.663326, train acc: 0.927117, train avg acc: 0.891031
Test epoch 165, loss: 0.698043, test acc: 0.907618, test avg acc: 0.876878
Train epoch 166, loss: 0.667351, train acc: 0.927830, train avg acc: 0.891405
Test epoch 166, loss: 0.682763, test acc: 0.908023, test avg acc: 0.860384
Train epoch 167, loss: 0.659510, train acc: 0.928237, train avg acc: 0.891664
Test epoch 167, loss: 0.724335, test acc: 0.898298, test avg acc: 0.869762
Train epoch 168, loss: 0.665524, train acc: 0.923656, train avg acc: 0.887754
Test epoch 168, loss: 0.717389, test acc: 0.899919, test avg acc: 0.852913
Train epoch 169, loss: 0.660595, train acc: 0.927932, train avg acc: 0.893415
Test epoch 169, loss: 0.698526, test acc: 0.903566, test avg acc: 0.863930
Train epoch 170, loss: 0.665857, train acc: 0.928441, train avg acc: 0.895425
Test epoch 170, loss: 0.693611, test acc: 0.902755, test avg acc: 0.861000
Train epoch 171, loss: 0.660887, train acc: 0.927626, train avg acc: 0.893494
Test epoch 171, loss: 0.688357, test acc: 0.901540, test avg acc: 0.867000
Train epoch 172, loss: 0.671428, train acc: 0.927423, train avg acc: 0.892720
Test epoch 172, loss: 0.730359, test acc: 0.890194, test avg acc: 0.858134
Train epoch 173, loss: 0.651116, train acc: 0.932105, train avg acc: 0.899788
Test epoch 173, loss: 0.770639, test acc: 0.886143, test avg acc: 0.863331
Train epoch 174, loss: 0.658816, train acc: 0.929866, train avg acc: 0.898659
Test epoch 174, loss: 0.705558, test acc: 0.895867, test avg acc: 0.843767
Train epoch 175, loss: 0.652446, train acc: 0.932818, train avg acc: 0.901583
Test epoch 175, loss: 0.700975, test acc: 0.904781, test avg acc: 0.850843
Train epoch 176, loss: 0.652423, train acc: 0.928746, train avg acc: 0.892440
Test epoch 176, loss: 0.713809, test acc: 0.898298, test avg acc: 0.847000
Train epoch 177, loss: 0.647077, train acc: 0.934141, train avg acc: 0.899309
Test epoch 177, loss: 0.753812, test acc: 0.887358, test avg acc: 0.861047
Train epoch 178, loss: 0.652728, train acc: 0.932003, train avg acc: 0.900751
Test epoch 178, loss: 0.705357, test acc: 0.901945, test avg acc: 0.854517
Train epoch 179, loss: 0.659205, train acc: 0.932818, train avg acc: 0.898428
Test epoch 179, loss: 0.710108, test acc: 0.897488, test avg acc: 0.861587
Train epoch 180, loss: 0.646932, train acc: 0.933734, train avg acc: 0.900277
Test epoch 180, loss: 0.732685, test acc: 0.895462, test avg acc: 0.853686
Train epoch 181, loss: 0.646157, train acc: 0.934955, train avg acc: 0.900981
Test epoch 181, loss: 0.735995, test acc: 0.892220, test avg acc: 0.872558
Train epoch 182, loss: 0.652156, train acc: 0.932309, train avg acc: 0.901068
Test epoch 182, loss: 0.693891, test acc: 0.903160, test avg acc: 0.860186
Train epoch 183, loss: 0.640543, train acc: 0.935261, train avg acc: 0.904126
Test epoch 183, loss: 0.705783, test acc: 0.901540, test avg acc: 0.862814
Train epoch 184, loss: 0.648034, train acc: 0.932512, train avg acc: 0.899956
Test epoch 184, loss: 0.670575, test acc: 0.915721, test avg acc: 0.872419
Train epoch 185, loss: 0.657167, train acc: 0.927524, train avg acc: 0.893378
Test epoch 185, loss: 0.735470, test acc: 0.897488, test avg acc: 0.862616
Train epoch 186, loss: 0.657699, train acc: 0.928033, train avg acc: 0.894767
Test epoch 186, loss: 0.693925, test acc: 0.909238, test avg acc: 0.866093
Train epoch 187, loss: 0.648349, train acc: 0.933734, train avg acc: 0.901263
Test epoch 187, loss: 0.743909, test acc: 0.890600, test avg acc: 0.857256
Train epoch 188, loss: 0.641666, train acc: 0.935159, train avg acc: 0.902111
Test epoch 188, loss: 0.718825, test acc: 0.899109, test avg acc: 0.860517
Train epoch 189, loss: 0.640092, train acc: 0.934039, train avg acc: 0.900914
Test epoch 189, loss: 0.712836, test acc: 0.905592, test avg acc: 0.851634
Train epoch 190, loss: 0.655570, train acc: 0.927830, train avg acc: 0.890058
Test epoch 190, loss: 0.778501, test acc: 0.880065, test avg acc: 0.853936
Train epoch 191, loss: 0.648424, train acc: 0.929662, train avg acc: 0.895876
Test epoch 191, loss: 0.709309, test acc: 0.903566, test avg acc: 0.860262
Train epoch 192, loss: 0.650219, train acc: 0.929255, train avg acc: 0.897346
Test epoch 192, loss: 0.717230, test acc: 0.901135, test avg acc: 0.857971
Train epoch 193, loss: 0.640262, train acc: 0.936787, train avg acc: 0.908084
Test epoch 193, loss: 0.740948, test acc: 0.904781, test avg acc: 0.878599
Train epoch 194, loss: 0.635197, train acc: 0.937805, train avg acc: 0.909819
Test epoch 194, loss: 0.701627, test acc: 0.903971, test avg acc: 0.849041
Train epoch 195, loss: 0.646166, train acc: 0.936686, train avg acc: 0.905603
Test epoch 195, loss: 0.699478, test acc: 0.905186, test avg acc: 0.876506
Train epoch 196, loss: 0.637099, train acc: 0.937602, train avg acc: 0.906979
Test epoch 196, loss: 0.720823, test acc: 0.900729, test avg acc: 0.875709
Train epoch 197, loss: 0.640020, train acc: 0.936279, train avg acc: 0.906995
Test epoch 197, loss: 0.714238, test acc: 0.894246, test avg acc: 0.848122
Train epoch 198, loss: 0.642210, train acc: 0.936584, train avg acc: 0.906864
Test epoch 198, loss: 0.750917, test acc: 0.893031, test avg acc: 0.861128
Train epoch 199, loss: 0.640803, train acc: 0.934853, train avg acc: 0.899983
Test epoch 199, loss: 0.704424, test acc: 0.909238, test avg acc: 0.864890
Train epoch 200, loss: 0.630085, train acc: 0.937602, train avg acc: 0.908098
Test epoch 200, loss: 0.756615, test acc: 0.887358, test avg acc: 0.854151
Train epoch 201, loss: 0.646568, train acc: 0.933836, train avg acc: 0.904149
Test epoch 201, loss: 0.706145, test acc: 0.903160, test avg acc: 0.867558
Train epoch 202, loss: 0.632679, train acc: 0.936380, train avg acc: 0.901844
Test epoch 202, loss: 0.704445, test acc: 0.901540, test avg acc: 0.849744
Train epoch 203, loss: 0.640935, train acc: 0.934548, train avg acc: 0.902220
Test epoch 203, loss: 0.736668, test acc: 0.902755, test avg acc: 0.866529
Train epoch 204, loss: 0.631467, train acc: 0.938721, train avg acc: 0.909287
Test epoch 204, loss: 0.707728, test acc: 0.903971, test avg acc: 0.879035
Train epoch 205, loss: 0.644297, train acc: 0.935362, train avg acc: 0.904985
Test epoch 205, loss: 0.681357, test acc: 0.909238, test avg acc: 0.875221
Train epoch 206, loss: 0.640175, train acc: 0.935871, train avg acc: 0.900803
Test epoch 206, loss: 0.706549, test acc: 0.903566, test avg acc: 0.873128
Train epoch 207, loss: 0.621645, train acc: 0.940961, train avg acc: 0.914586
Test epoch 207, loss: 0.724689, test acc: 0.897893, test avg acc: 0.868988
Train epoch 208, loss: 0.636656, train acc: 0.936889, train avg acc: 0.905098
Test epoch 208, loss: 0.715527, test acc: 0.896677, test avg acc: 0.857715
Train epoch 209, loss: 0.636620, train acc: 0.937093, train avg acc: 0.907757
Test epoch 209, loss: 0.731691, test acc: 0.897083, test avg acc: 0.877500
Train epoch 210, loss: 0.632036, train acc: 0.935973, train avg acc: 0.903623
Test epoch 210, loss: 0.738662, test acc: 0.893031, test avg acc: 0.861907
Train epoch 211, loss: 0.632879, train acc: 0.938009, train avg acc: 0.906972
Test epoch 211, loss: 0.677844, test acc: 0.905186, test avg acc: 0.867041
Train epoch 212, loss: 0.631073, train acc: 0.938518, train avg acc: 0.907186
Test epoch 212, loss: 0.725037, test acc: 0.891005, test avg acc: 0.863267
Train epoch 213, loss: 0.640732, train acc: 0.936380, train avg acc: 0.905832
Test epoch 213, loss: 0.682841, test acc: 0.905997, test avg acc: 0.870081
Train epoch 214, loss: 0.620397, train acc: 0.939027, train avg acc: 0.909663
Test epoch 214, loss: 0.687137, test acc: 0.899919, test avg acc: 0.867087
Train epoch 215, loss: 0.619585, train acc: 0.943099, train avg acc: 0.914043
Test epoch 215, loss: 0.705190, test acc: 0.906402, test avg acc: 0.872413
Train epoch 216, loss: 0.630918, train acc: 0.938111, train avg acc: 0.907446
Test epoch 216, loss: 0.740164, test acc: 0.886143, test avg acc: 0.844477
Train epoch 217, loss: 0.622713, train acc: 0.940757, train avg acc: 0.910655
Test epoch 217, loss: 0.704170, test acc: 0.906807, test avg acc: 0.866134
Train epoch 218, loss: 0.616675, train acc: 0.943709, train avg acc: 0.919265
Test epoch 218, loss: 0.710114, test acc: 0.904781, test avg acc: 0.864477
Train epoch 219, loss: 0.624619, train acc: 0.938721, train avg acc: 0.908089
Test epoch 219, loss: 0.718462, test acc: 0.890600, test avg acc: 0.860605
Train epoch 220, loss: 0.621111, train acc: 0.940248, train avg acc: 0.909762
Test epoch 220, loss: 0.721121, test acc: 0.899514, test avg acc: 0.871640
Train epoch 221, loss: 0.613436, train acc: 0.945236, train avg acc: 0.917136
Test epoch 221, loss: 0.739846, test acc: 0.889789, test avg acc: 0.860215
Train epoch 222, loss: 0.616398, train acc: 0.944829, train avg acc: 0.918159
Test epoch 222, loss: 0.715009, test acc: 0.891815, test avg acc: 0.856506
Train epoch 223, loss: 0.621710, train acc: 0.939943, train avg acc: 0.910757
Test epoch 223, loss: 0.681374, test acc: 0.910859, test avg acc: 0.866035
Train epoch 224, loss: 0.638037, train acc: 0.935159, train avg acc: 0.906399
Test epoch 224, loss: 0.740388, test acc: 0.897083, test avg acc: 0.857302
Train epoch 225, loss: 0.623230, train acc: 0.940452, train avg acc: 0.912803
Test epoch 225, loss: 0.702556, test acc: 0.901540, test avg acc: 0.871593
Train epoch 226, loss: 0.622969, train acc: 0.942895, train avg acc: 0.916559
Test epoch 226, loss: 0.692905, test acc: 0.901945, test avg acc: 0.862535
Train epoch 227, loss: 0.614685, train acc: 0.945949, train avg acc: 0.919252
Test epoch 227, loss: 0.700886, test acc: 0.904376, test avg acc: 0.878849
Train epoch 228, loss: 0.619050, train acc: 0.942182, train avg acc: 0.914690
Test epoch 228, loss: 0.736517, test acc: 0.893436, test avg acc: 0.868413
Train epoch 229, loss: 0.630461, train acc: 0.937296, train avg acc: 0.908939
Test epoch 229, loss: 0.690696, test acc: 0.906402, test avg acc: 0.867041
Train epoch 230, loss: 0.601806, train acc: 0.949817, train avg acc: 0.924128
Test epoch 230, loss: 0.702646, test acc: 0.901540, test avg acc: 0.879163
Train epoch 231, loss: 0.622287, train acc: 0.940452, train avg acc: 0.912695
Test epoch 231, loss: 0.714514, test acc: 0.889384, test avg acc: 0.847343
Train epoch 232, loss: 0.630535, train acc: 0.941063, train avg acc: 0.910103
Test epoch 232, loss: 0.722537, test acc: 0.893436, test avg acc: 0.853349
Train epoch 233, loss: 0.607285, train acc: 0.943099, train avg acc: 0.913720
Test epoch 233, loss: 0.660037, test acc: 0.917342, test avg acc: 0.870610
Train epoch 234, loss: 0.619483, train acc: 0.940961, train avg acc: 0.910187
Test epoch 234, loss: 0.713695, test acc: 0.899919, test avg acc: 0.857169
Train epoch 235, loss: 0.607198, train acc: 0.946152, train avg acc: 0.919531
Test epoch 235, loss: 0.672883, test acc: 0.913695, test avg acc: 0.861041
Train epoch 236, loss: 0.618092, train acc: 0.940757, train avg acc: 0.912776
Test epoch 236, loss: 0.733055, test acc: 0.891005, test avg acc: 0.867087
Train epoch 237, loss: 0.602758, train acc: 0.949104, train avg acc: 0.923096
Test epoch 237, loss: 0.704346, test acc: 0.894246, test avg acc: 0.851669
Train epoch 238, loss: 0.610747, train acc: 0.943607, train avg acc: 0.913405
Test epoch 238, loss: 0.708781, test acc: 0.897488, test avg acc: 0.856541
Train epoch 239, loss: 0.603324, train acc: 0.946559, train avg acc: 0.920709
Test epoch 239, loss: 0.667567, test acc: 0.916126, test avg acc: 0.871872
Train epoch 240, loss: 0.600807, train acc: 0.948290, train avg acc: 0.921000
Test epoch 240, loss: 0.702402, test acc: 0.895462, test avg acc: 0.866465
Train epoch 241, loss: 0.614288, train acc: 0.945338, train avg acc: 0.918302
Test epoch 241, loss: 0.716454, test acc: 0.902755, test avg acc: 0.862093
Train epoch 242, loss: 0.603410, train acc: 0.946865, train avg acc: 0.921190
Test epoch 242, loss: 0.676890, test acc: 0.910859, test avg acc: 0.872465
Train epoch 243, loss: 0.607993, train acc: 0.944931, train avg acc: 0.918491
Test epoch 243, loss: 0.749609, test acc: 0.896677, test avg acc: 0.868331
Train epoch 244, loss: 0.605276, train acc: 0.946865, train avg acc: 0.920772
Test epoch 244, loss: 0.692684, test acc: 0.902350, test avg acc: 0.855756
Train epoch 245, loss: 0.600759, train acc: 0.949410, train avg acc: 0.925424
Test epoch 245, loss: 0.707958, test acc: 0.901540, test avg acc: 0.864866
Train epoch 246, loss: 0.602308, train acc: 0.948392, train avg acc: 0.923213
Test epoch 246, loss: 0.704275, test acc: 0.897083, test avg acc: 0.854355
Train epoch 247, loss: 0.594840, train acc: 0.951038, train avg acc: 0.924983
Test epoch 247, loss: 0.698042, test acc: 0.899919, test avg acc: 0.875331
Train epoch 248, loss: 0.602660, train acc: 0.947476, train avg acc: 0.922943
Test epoch 248, loss: 0.712676, test acc: 0.894652, test avg acc: 0.858244
Train epoch 249, loss: 0.594246, train acc: 0.951954, train avg acc: 0.927400
Test epoch 249, loss: 0.703216, test acc: 0.907212, test avg acc: 0.871343
Train epoch 250, loss: 0.595120, train acc: 0.949715, train avg acc: 0.924856
Test epoch 250, loss: 0.678251, test acc: 0.907212, test avg acc: 0.874547
Train epoch 251, loss: 0.600725, train acc: 0.947170, train avg acc: 0.920724
Test epoch 251, loss: 0.719963, test acc: 0.897893, test avg acc: 0.851977
Train epoch 252, loss: 0.591692, train acc: 0.950529, train avg acc: 0.924873
Test epoch 252, loss: 0.718056, test acc: 0.892626, test avg acc: 0.860140
Train epoch 253, loss: 0.594912, train acc: 0.951242, train avg acc: 0.928022
Test epoch 253, loss: 0.678001, test acc: 0.912075, test avg acc: 0.869843
Train epoch 254, loss: 0.598757, train acc: 0.947170, train avg acc: 0.923110
Test epoch 254, loss: 0.697553, test acc: 0.904376, test avg acc: 0.865622
Train epoch 255, loss: 0.596793, train acc: 0.949308, train avg acc: 0.923323
Test epoch 255, loss: 0.725306, test acc: 0.888979, test avg acc: 0.847366
Train epoch 256, loss: 0.606967, train acc: 0.945134, train avg acc: 0.918989
Test epoch 256, loss: 0.715093, test acc: 0.902755, test avg acc: 0.872186
Train epoch 257, loss: 0.599350, train acc: 0.950224, train avg acc: 0.926318
Test epoch 257, loss: 0.667134, test acc: 0.917747, test avg acc: 0.873163
Train epoch 258, loss: 0.592309, train acc: 0.951140, train avg acc: 0.924236
Test epoch 258, loss: 0.709927, test acc: 0.902350, test avg acc: 0.866686
Train epoch 259, loss: 0.591075, train acc: 0.953379, train avg acc: 0.928397
Test epoch 259, loss: 0.701313, test acc: 0.900324, test avg acc: 0.857366
Train epoch 260, loss: 0.590217, train acc: 0.951547, train avg acc: 0.929803
Test epoch 260, loss: 0.714656, test acc: 0.897083, test avg acc: 0.868448
Train epoch 261, loss: 0.583799, train acc: 0.952565, train avg acc: 0.931047
Test epoch 261, loss: 0.728838, test acc: 0.893436, test avg acc: 0.875593
Train epoch 262, loss: 0.587125, train acc: 0.953685, train avg acc: 0.930843
Test epoch 262, loss: 0.713673, test acc: 0.892220, test avg acc: 0.865250
Train epoch 263, loss: 0.587487, train acc: 0.953685, train avg acc: 0.930538
Test epoch 263, loss: 0.696081, test acc: 0.899109, test avg acc: 0.857866
Train epoch 264, loss: 0.585833, train acc: 0.952667, train avg acc: 0.930697
Test epoch 264, loss: 0.687741, test acc: 0.905997, test avg acc: 0.867541
Train epoch 265, loss: 0.585917, train acc: 0.951445, train avg acc: 0.925481
Test epoch 265, loss: 0.669412, test acc: 0.908833, test avg acc: 0.873919
Train epoch 266, loss: 0.597480, train acc: 0.949613, train avg acc: 0.925052
Test epoch 266, loss: 0.724102, test acc: 0.891410, test avg acc: 0.860814
Train epoch 267, loss: 0.597108, train acc: 0.948493, train avg acc: 0.926058
Test epoch 267, loss: 0.666861, test acc: 0.916532, test avg acc: 0.876663
Train epoch 268, loss: 0.581962, train acc: 0.955619, train avg acc: 0.935361
Test epoch 268, loss: 0.721936, test acc: 0.887358, test avg acc: 0.859797
Train epoch 269, loss: 0.588783, train acc: 0.951853, train avg acc: 0.927969
Test epoch 269, loss: 0.713925, test acc: 0.894246, test avg acc: 0.872174
Train epoch 270, loss: 0.577178, train acc: 0.955110, train avg acc: 0.933653
Test epoch 270, loss: 0.701627, test acc: 0.895057, test avg acc: 0.868471
Train epoch 271, loss: 0.580866, train acc: 0.954703, train avg acc: 0.932519
Test epoch 271, loss: 0.722897, test acc: 0.890194, test avg acc: 0.864343
Train epoch 272, loss: 0.577504, train acc: 0.957248, train avg acc: 0.937549
Test epoch 272, loss: 0.694251, test acc: 0.913290, test avg acc: 0.878884
Train epoch 273, loss: 0.571196, train acc: 0.955822, train avg acc: 0.934826
Test epoch 273, loss: 0.685256, test acc: 0.905997, test avg acc: 0.870047
Train epoch 274, loss: 0.573486, train acc: 0.955517, train avg acc: 0.933346
Test epoch 274, loss: 0.703263, test acc: 0.903160, test avg acc: 0.870221
Train epoch 275, loss: 0.575474, train acc: 0.957248, train avg acc: 0.938860
Test epoch 275, loss: 0.713483, test acc: 0.889789, test avg acc: 0.852337
Train epoch 276, loss: 0.580121, train acc: 0.957757, train avg acc: 0.937501
Test epoch 276, loss: 0.674195, test acc: 0.912885, test avg acc: 0.888826
Train epoch 277, loss: 0.572385, train acc: 0.959080, train avg acc: 0.938328
Test epoch 277, loss: 0.674817, test acc: 0.913695, test avg acc: 0.875953
Train epoch 278, loss: 0.569245, train acc: 0.959385, train avg acc: 0.940962
Test epoch 278, loss: 0.705645, test acc: 0.901135, test avg acc: 0.871878
Train epoch 279, loss: 0.570615, train acc: 0.959385, train avg acc: 0.940373
Test epoch 279, loss: 0.673481, test acc: 0.910049, test avg acc: 0.869953
Train epoch 280, loss: 0.568460, train acc: 0.958469, train avg acc: 0.937403
Test epoch 280, loss: 0.666769, test acc: 0.914911, test avg acc: 0.875959
Train epoch 281, loss: 0.566399, train acc: 0.958571, train avg acc: 0.936552
Test epoch 281, loss: 0.676991, test acc: 0.906807, test avg acc: 0.868297
Train epoch 282, loss: 0.571695, train acc: 0.954194, train avg acc: 0.933814
Test epoch 282, loss: 0.707486, test acc: 0.901945, test avg acc: 0.860419
Train epoch 283, loss: 0.575304, train acc: 0.955721, train avg acc: 0.933624
Test epoch 283, loss: 0.709369, test acc: 0.897488, test avg acc: 0.860965
Train epoch 284, loss: 0.574057, train acc: 0.958164, train avg acc: 0.938440
Test epoch 284, loss: 0.678629, test acc: 0.903566, test avg acc: 0.864378
Train epoch 285, loss: 0.568032, train acc: 0.958774, train avg acc: 0.939194
Test epoch 285, loss: 0.692382, test acc: 0.903160, test avg acc: 0.868006
Train epoch 286, loss: 0.562534, train acc: 0.961421, train avg acc: 0.940121
Test epoch 286, loss: 0.685410, test acc: 0.903566, test avg acc: 0.869948
Train epoch 287, loss: 0.568132, train acc: 0.958469, train avg acc: 0.938212
Test epoch 287, loss: 0.684419, test acc: 0.906807, test avg acc: 0.878087
Train epoch 288, loss: 0.562902, train acc: 0.960607, train avg acc: 0.942672
Test epoch 288, loss: 0.690757, test acc: 0.899919, test avg acc: 0.877837
Train epoch 289, loss: 0.553263, train acc: 0.965594, train avg acc: 0.949395
Test epoch 289, loss: 0.657345, test acc: 0.912075, test avg acc: 0.877453
Train epoch 290, loss: 0.555681, train acc: 0.962846, train avg acc: 0.944537
Test epoch 290, loss: 0.687109, test acc: 0.906807, test avg acc: 0.883541
Train epoch 291, loss: 0.555626, train acc: 0.963864, train avg acc: 0.945838
Test epoch 291, loss: 0.681388, test acc: 0.911264, test avg acc: 0.879384
Train epoch 292, loss: 0.561588, train acc: 0.960912, train avg acc: 0.944089
Test epoch 292, loss: 0.700990, test acc: 0.897083, test avg acc: 0.868547
Train epoch 293, loss: 0.562458, train acc: 0.958774, train avg acc: 0.937949
Test epoch 293, loss: 0.677276, test acc: 0.908428, test avg acc: 0.880174
Train epoch 294, loss: 0.564079, train acc: 0.960200, train avg acc: 0.942370
Test epoch 294, loss: 0.735702, test acc: 0.891815, test avg acc: 0.852802
Train epoch 295, loss: 0.560466, train acc: 0.960403, train avg acc: 0.939099
Test epoch 295, loss: 0.722208, test acc: 0.902350, test avg acc: 0.875802
Train epoch 296, loss: 0.566695, train acc: 0.958876, train avg acc: 0.937567
Test epoch 296, loss: 0.700427, test acc: 0.897488, test avg acc: 0.864302
Train epoch 297, loss: 0.556549, train acc: 0.962235, train avg acc: 0.945303
Test epoch 297, loss: 0.669935, test acc: 0.911669, test avg acc: 0.882163
Train epoch 298, loss: 0.561553, train acc: 0.960200, train avg acc: 0.938155
Test epoch 298, loss: 0.682498, test acc: 0.908023, test avg acc: 0.875843
Train epoch 299, loss: 0.551909, train acc: 0.963050, train avg acc: 0.943606
Test epoch 299, loss: 0.698694, test acc: 0.902755, test avg acc: 0.874366
Train epoch 300, loss: 0.555176, train acc: 0.962744, train avg acc: 0.943643
Test epoch 300, loss: 0.676301, test acc: 0.914100, test avg acc: 0.884372
Train epoch 301, loss: 0.555990, train acc: 0.962744, train avg acc: 0.943693
Test epoch 301, loss: 0.680821, test acc: 0.913695, test avg acc: 0.889564
Train epoch 302, loss: 0.548850, train acc: 0.964271, train avg acc: 0.945594
Test epoch 302, loss: 0.697367, test acc: 0.898703, test avg acc: 0.864052
Train epoch 303, loss: 0.559444, train acc: 0.961421, train avg acc: 0.942021
Test epoch 303, loss: 0.654173, test acc: 0.916126, test avg acc: 0.873047
Train epoch 304, loss: 0.553079, train acc: 0.962948, train avg acc: 0.945089
Test epoch 304, loss: 0.676270, test acc: 0.912480, test avg acc: 0.876919
Train epoch 305, loss: 0.557302, train acc: 0.962032, train avg acc: 0.945655
Test epoch 305, loss: 0.680215, test acc: 0.905592, test avg acc: 0.869762
Train epoch 306, loss: 0.541735, train acc: 0.968241, train avg acc: 0.952881
Test epoch 306, loss: 0.693411, test acc: 0.905592, test avg acc: 0.871988
Train epoch 307, loss: 0.548431, train acc: 0.965493, train avg acc: 0.949067
Test epoch 307, loss: 0.670299, test acc: 0.913695, test avg acc: 0.872163
Train epoch 308, loss: 0.549710, train acc: 0.966714, train avg acc: 0.952406
Test epoch 308, loss: 0.662395, test acc: 0.914506, test avg acc: 0.878413
Train epoch 309, loss: 0.546994, train acc: 0.966714, train avg acc: 0.949218
Test epoch 309, loss: 0.684542, test acc: 0.901945, test avg acc: 0.868919
Train epoch 310, loss: 0.542570, train acc: 0.966612, train avg acc: 0.951283
Test epoch 310, loss: 0.668060, test acc: 0.907618, test avg acc: 0.877797
Train epoch 311, loss: 0.543032, train acc: 0.968343, train avg acc: 0.953794
Test epoch 311, loss: 0.688365, test acc: 0.903971, test avg acc: 0.870791
Train epoch 312, loss: 0.540676, train acc: 0.969564, train avg acc: 0.954759
Test epoch 312, loss: 0.665483, test acc: 0.915316, test avg acc: 0.876663
Train epoch 313, loss: 0.548530, train acc: 0.964373, train avg acc: 0.946953
Test epoch 313, loss: 0.656609, test acc: 0.915316, test avg acc: 0.884791
Train epoch 314, loss: 0.553194, train acc: 0.962643, train avg acc: 0.942579
Test epoch 314, loss: 0.666274, test acc: 0.912480, test avg acc: 0.880878
Train epoch 315, loss: 0.540326, train acc: 0.968037, train avg acc: 0.951011
Test epoch 315, loss: 0.659651, test acc: 0.915721, test avg acc: 0.886081
Train epoch 316, loss: 0.550655, train acc: 0.963864, train avg acc: 0.944530
Test epoch 316, loss: 0.669728, test acc: 0.910859, test avg acc: 0.883831
Train epoch 317, loss: 0.540726, train acc: 0.966409, train avg acc: 0.950462
Test epoch 317, loss: 0.675523, test acc: 0.903971, test avg acc: 0.879122
Train epoch 318, loss: 0.544690, train acc: 0.965187, train avg acc: 0.947413
Test epoch 318, loss: 0.680101, test acc: 0.905186, test avg acc: 0.867250
Train epoch 319, loss: 0.535180, train acc: 0.970277, train avg acc: 0.954797
Test epoch 319, loss: 0.681483, test acc: 0.906807, test avg acc: 0.876331
Train epoch 320, loss: 0.539421, train acc: 0.968139, train avg acc: 0.950213
Test epoch 320, loss: 0.676364, test acc: 0.907618, test avg acc: 0.875343
Train epoch 321, loss: 0.533440, train acc: 0.969768, train avg acc: 0.953013
Test epoch 321, loss: 0.676001, test acc: 0.905186, test avg acc: 0.868831
Train epoch 322, loss: 0.533847, train acc: 0.970786, train avg acc: 0.955654
Test epoch 322, loss: 0.658427, test acc: 0.916937, test avg acc: 0.885215
Train epoch 323, loss: 0.539371, train acc: 0.967732, train avg acc: 0.950758
Test epoch 323, loss: 0.679610, test acc: 0.909238, test avg acc: 0.887163
Train epoch 324, loss: 0.528933, train acc: 0.971600, train avg acc: 0.956361
Test epoch 324, loss: 0.669719, test acc: 0.914506, test avg acc: 0.871372
Train epoch 325, loss: 0.529872, train acc: 0.970379, train avg acc: 0.953503
Test epoch 325, loss: 0.657382, test acc: 0.914506, test avg acc: 0.877831
Train epoch 326, loss: 0.544501, train acc: 0.967121, train avg acc: 0.951720
Test epoch 326, loss: 0.689902, test acc: 0.907212, test avg acc: 0.855459
Train epoch 327, loss: 0.529602, train acc: 0.972414, train avg acc: 0.957417
Test epoch 327, loss: 0.681501, test acc: 0.910049, test avg acc: 0.877174
Train epoch 328, loss: 0.530068, train acc: 0.969463, train avg acc: 0.953562
Test epoch 328, loss: 0.686367, test acc: 0.908833, test avg acc: 0.875424
Train epoch 329, loss: 0.523571, train acc: 0.973127, train avg acc: 0.959954
Test epoch 329, loss: 0.680970, test acc: 0.907618, test avg acc: 0.870919
Train epoch 330, loss: 0.527475, train acc: 0.973025, train avg acc: 0.960082
Test epoch 330, loss: 0.663065, test acc: 0.912480, test avg acc: 0.869035
Train epoch 331, loss: 0.529873, train acc: 0.970480, train avg acc: 0.955464
Test epoch 331, loss: 0.658290, test acc: 0.914506, test avg acc: 0.873698
Train epoch 332, loss: 0.534442, train acc: 0.968954, train avg acc: 0.953870
Test epoch 332, loss: 0.693681, test acc: 0.896272, test avg acc: 0.866669
Train epoch 333, loss: 0.533284, train acc: 0.970175, train avg acc: 0.956449
Test epoch 333, loss: 0.671910, test acc: 0.909643, test avg acc: 0.866715
Train epoch 334, loss: 0.529591, train acc: 0.969361, train avg acc: 0.956396
Test epoch 334, loss: 0.668297, test acc: 0.916126, test avg acc: 0.883541
Train epoch 335, loss: 0.532045, train acc: 0.970277, train avg acc: 0.955373
Test epoch 335, loss: 0.677599, test acc: 0.907212, test avg acc: 0.885663
Train epoch 336, loss: 0.518932, train acc: 0.975163, train avg acc: 0.961970
Test epoch 336, loss: 0.689942, test acc: 0.907212, test avg acc: 0.874808
Train epoch 337, loss: 0.520553, train acc: 0.971702, train avg acc: 0.956588
Test epoch 337, loss: 0.663793, test acc: 0.916126, test avg acc: 0.886953
Train epoch 338, loss: 0.525663, train acc: 0.971702, train avg acc: 0.958182
Test epoch 338, loss: 0.650125, test acc: 0.921394, test avg acc: 0.884959
Train epoch 339, loss: 0.524203, train acc: 0.971397, train avg acc: 0.957997
Test epoch 339, loss: 0.676721, test acc: 0.908023, test avg acc: 0.885762
Train epoch 340, loss: 0.522392, train acc: 0.973127, train avg acc: 0.958108
Test epoch 340, loss: 0.661948, test acc: 0.918152, test avg acc: 0.877500
Train epoch 341, loss: 0.519091, train acc: 0.973025, train avg acc: 0.960640
Test epoch 341, loss: 0.672478, test acc: 0.909238, test avg acc: 0.873628
Train epoch 342, loss: 0.518919, train acc: 0.974552, train avg acc: 0.961209
Test epoch 342, loss: 0.655804, test acc: 0.914506, test avg acc: 0.879709
Train epoch 343, loss: 0.510707, train acc: 0.977708, train avg acc: 0.967707
Test epoch 343, loss: 0.661577, test acc: 0.913290, test avg acc: 0.877174
Train epoch 344, loss: 0.518725, train acc: 0.975672, train avg acc: 0.963152
Test epoch 344, loss: 0.669483, test acc: 0.916937, test avg acc: 0.880547
Train epoch 345, loss: 0.508779, train acc: 0.976588, train avg acc: 0.964831
Test epoch 345, loss: 0.686937, test acc: 0.908023, test avg acc: 0.883372
Train epoch 346, loss: 0.512356, train acc: 0.975366, train avg acc: 0.962542
Test epoch 346, loss: 0.654168, test acc: 0.918558, test avg acc: 0.882419
Train epoch 347, loss: 0.509736, train acc: 0.978217, train avg acc: 0.967840
Test epoch 347, loss: 0.668125, test acc: 0.914506, test avg acc: 0.882756
Train epoch 348, loss: 0.509473, train acc: 0.977300, train avg acc: 0.967088
Test epoch 348, loss: 0.669608, test acc: 0.910454, test avg acc: 0.889459
Train epoch 349, loss: 0.511981, train acc: 0.975977, train avg acc: 0.965604
Test epoch 349, loss: 0.702622, test acc: 0.899514, test avg acc: 0.879320
Train epoch 350, loss: 0.509385, train acc: 0.977402, train avg acc: 0.965109
Test epoch 350, loss: 0.664355, test acc: 0.913290, test avg acc: 0.887663
Train epoch 351, loss: 0.511767, train acc: 0.977606, train avg acc: 0.966548
Test epoch 351, loss: 0.658679, test acc: 0.914100, test avg acc: 0.889994
Train epoch 352, loss: 0.509680, train acc: 0.975570, train avg acc: 0.964080
Test epoch 352, loss: 0.661269, test acc: 0.912480, test avg acc: 0.880878
Train epoch 353, loss: 0.513871, train acc: 0.975366, train avg acc: 0.961921
Test epoch 353, loss: 0.677619, test acc: 0.907212, test avg acc: 0.891913
Train epoch 354, loss: 0.509771, train acc: 0.978318, train avg acc: 0.968721
Test epoch 354, loss: 0.653407, test acc: 0.917747, test avg acc: 0.883122
Train epoch 355, loss: 0.518486, train acc: 0.973127, train avg acc: 0.959518
Test epoch 355, loss: 0.643712, test acc: 0.921799, test avg acc: 0.887831
Train epoch 356, loss: 0.513305, train acc: 0.975774, train avg acc: 0.963612
Test epoch 356, loss: 0.654020, test acc: 0.910049, test avg acc: 0.878459
Train epoch 357, loss: 0.506814, train acc: 0.977606, train avg acc: 0.967524
Test epoch 357, loss: 0.674273, test acc: 0.913695, test avg acc: 0.888622
Train epoch 358, loss: 0.506555, train acc: 0.978013, train avg acc: 0.967013
Test epoch 358, loss: 0.670012, test acc: 0.914506, test avg acc: 0.883994
Train epoch 359, loss: 0.504628, train acc: 0.978420, train avg acc: 0.968212
Test epoch 359, loss: 0.664157, test acc: 0.916126, test avg acc: 0.889331
Train epoch 360, loss: 0.507367, train acc: 0.976792, train avg acc: 0.965532
Test epoch 360, loss: 0.664622, test acc: 0.911264, test avg acc: 0.867500
Train epoch 361, loss: 0.508457, train acc: 0.977809, train avg acc: 0.966890
Test epoch 361, loss: 0.662310, test acc: 0.918558, test avg acc: 0.882913
Train epoch 362, loss: 0.502602, train acc: 0.980558, train avg acc: 0.971364
Test epoch 362, loss: 0.646611, test acc: 0.919773, test avg acc: 0.884494
Train epoch 363, loss: 0.496259, train acc: 0.981474, train avg acc: 0.973370
Test epoch 363, loss: 0.661225, test acc: 0.919368, test avg acc: 0.891913
Train epoch 364, loss: 0.507452, train acc: 0.976384, train avg acc: 0.965254
Test epoch 364, loss: 0.688947, test acc: 0.906402, test avg acc: 0.884715
Train epoch 365, loss: 0.499573, train acc: 0.980354, train avg acc: 0.971940
Test epoch 365, loss: 0.647114, test acc: 0.920178, test avg acc: 0.891500
Train epoch 366, loss: 0.496957, train acc: 0.981474, train avg acc: 0.972991
Test epoch 366, loss: 0.640653, test acc: 0.923825, test avg acc: 0.888448
Train epoch 367, loss: 0.490155, train acc: 0.982288, train avg acc: 0.973265
Test epoch 367, loss: 0.660224, test acc: 0.911669, test avg acc: 0.873163
Train epoch 368, loss: 0.505813, train acc: 0.978522, train avg acc: 0.965529
Test epoch 368, loss: 0.648685, test acc: 0.924230, test avg acc: 0.896291
Train epoch 369, loss: 0.506545, train acc: 0.977708, train avg acc: 0.967198
Test epoch 369, loss: 0.662989, test acc: 0.910454, test avg acc: 0.883831
Train epoch 370, loss: 0.492566, train acc: 0.981881, train avg acc: 0.973694
Test epoch 370, loss: 0.660227, test acc: 0.919773, test avg acc: 0.889674
Train epoch 371, loss: 0.497145, train acc: 0.980660, train avg acc: 0.970817
Test epoch 371, loss: 0.652996, test acc: 0.918558, test avg acc: 0.884669
Train epoch 372, loss: 0.494318, train acc: 0.981169, train avg acc: 0.971492
Test epoch 372, loss: 0.670038, test acc: 0.915721, test avg acc: 0.877994
Train epoch 373, loss: 0.492832, train acc: 0.982186, train avg acc: 0.972699
Test epoch 373, loss: 0.676435, test acc: 0.911669, test avg acc: 0.889419
Train epoch 374, loss: 0.493555, train acc: 0.982695, train avg acc: 0.974607
Test epoch 374, loss: 0.659596, test acc: 0.915721, test avg acc: 0.885709
Train epoch 375, loss: 0.499741, train acc: 0.978726, train avg acc: 0.968559
Test epoch 375, loss: 0.642349, test acc: 0.919773, test avg acc: 0.886372
Train epoch 376, loss: 0.490518, train acc: 0.981983, train avg acc: 0.974943
Test epoch 376, loss: 0.689150, test acc: 0.913695, test avg acc: 0.894459
Train epoch 377, loss: 0.484086, train acc: 0.983510, train avg acc: 0.976845
Test epoch 377, loss: 0.654330, test acc: 0.915721, test avg acc: 0.874872
Train epoch 378, loss: 0.493217, train acc: 0.980965, train avg acc: 0.971795
Test epoch 378, loss: 0.659783, test acc: 0.916937, test avg acc: 0.885506
Train epoch 379, loss: 0.492279, train acc: 0.981983, train avg acc: 0.974079
Test epoch 379, loss: 0.670210, test acc: 0.915316, test avg acc: 0.885198
Train epoch 380, loss: 0.499597, train acc: 0.979336, train avg acc: 0.969910
Test epoch 380, loss: 0.644278, test acc: 0.918558, test avg acc: 0.888628
Train epoch 381, loss: 0.482686, train acc: 0.984731, train avg acc: 0.977449
Test epoch 381, loss: 0.646392, test acc: 0.921799, test avg acc: 0.891913
Train epoch 382, loss: 0.490156, train acc: 0.982797, train avg acc: 0.974747
Test epoch 382, loss: 0.666107, test acc: 0.917342, test avg acc: 0.881634
Train epoch 383, loss: 0.490591, train acc: 0.981983, train avg acc: 0.973280
Test epoch 383, loss: 0.645256, test acc: 0.924230, test avg acc: 0.898163
Train epoch 384, loss: 0.492521, train acc: 0.982186, train avg acc: 0.971368
Test epoch 384, loss: 0.653982, test acc: 0.917747, test avg acc: 0.891331
Train epoch 385, loss: 0.483937, train acc: 0.983713, train avg acc: 0.976149
Test epoch 385, loss: 0.648068, test acc: 0.920989, test avg acc: 0.884494
Train epoch 386, loss: 0.485156, train acc: 0.984731, train avg acc: 0.976800
Test epoch 386, loss: 0.655701, test acc: 0.915721, test avg acc: 0.880285
Train epoch 387, loss: 0.479236, train acc: 0.985953, train avg acc: 0.979443
Test epoch 387, loss: 0.660952, test acc: 0.913290, test avg acc: 0.886081
Train epoch 388, loss: 0.482856, train acc: 0.984426, train avg acc: 0.976061
Test epoch 388, loss: 0.664501, test acc: 0.912480, test avg acc: 0.885831
Train epoch 389, loss: 0.474808, train acc: 0.987581, train avg acc: 0.982533
Test epoch 389, loss: 0.654304, test acc: 0.916126, test avg acc: 0.882250
Train epoch 390, loss: 0.478499, train acc: 0.985851, train avg acc: 0.979496
Test epoch 390, loss: 0.659994, test acc: 0.918963, test avg acc: 0.892797
Train epoch 391, loss: 0.484606, train acc: 0.984222, train avg acc: 0.977153
Test epoch 391, loss: 0.668705, test acc: 0.911264, test avg acc: 0.884413
Train epoch 392, loss: 0.477860, train acc: 0.986360, train avg acc: 0.979745
Test epoch 392, loss: 0.671790, test acc: 0.914100, test avg acc: 0.888000
Train epoch 393, loss: 0.484167, train acc: 0.983103, train avg acc: 0.975296
Test epoch 393, loss: 0.664466, test acc: 0.917342, test avg acc: 0.888872
Train epoch 394, loss: 0.478676, train acc: 0.986258, train avg acc: 0.979991
Test epoch 394, loss: 0.686085, test acc: 0.912075, test avg acc: 0.882076
Train epoch 395, loss: 0.480826, train acc: 0.984629, train avg acc: 0.977197
Test epoch 395, loss: 0.652346, test acc: 0.918963, test avg acc: 0.885244
Train epoch 396, loss: 0.471222, train acc: 0.987581, train avg acc: 0.982688
Test epoch 396, loss: 0.667602, test acc: 0.915721, test avg acc: 0.874791
Train epoch 397, loss: 0.482215, train acc: 0.984121, train avg acc: 0.975513
Test epoch 397, loss: 0.668321, test acc: 0.918152, test avg acc: 0.883785
Train epoch 398, loss: 0.471337, train acc: 0.988294, train avg acc: 0.984021
Test epoch 398, loss: 0.679081, test acc: 0.912075, test avg acc: 0.887076
Train epoch 399, loss: 0.479874, train acc: 0.986055, train avg acc: 0.979620
Test epoch 399, loss: 0.655562, test acc: 0.918963, test avg acc: 0.888163
Train epoch 400, loss: 0.478135, train acc: 0.985546, train avg acc: 0.977610
Test epoch 400, loss: 0.665170, test acc: 0.915721, test avg acc: 0.887634
Train epoch 401, loss: 0.475896, train acc: 0.985749, train avg acc: 0.978771
Test epoch 401, loss: 0.671538, test acc: 0.911264, test avg acc: 0.887244
Train epoch 402, loss: 0.472300, train acc: 0.987683, train avg acc: 0.982252
Test epoch 402, loss: 0.658855, test acc: 0.913290, test avg acc: 0.883372
Train epoch 403, loss: 0.471995, train acc: 0.988192, train avg acc: 0.983433
Test epoch 403, loss: 0.657836, test acc: 0.918152, test avg acc: 0.879826
Train epoch 404, loss: 0.473396, train acc: 0.986055, train avg acc: 0.979029
Test epoch 404, loss: 0.663106, test acc: 0.916126, test avg acc: 0.888326
Train epoch 405, loss: 0.469943, train acc: 0.988192, train avg acc: 0.982388
Test epoch 405, loss: 0.656789, test acc: 0.918963, test avg acc: 0.891203
Train epoch 406, loss: 0.471793, train acc: 0.988599, train avg acc: 0.984253
Test epoch 406, loss: 0.669376, test acc: 0.916937, test avg acc: 0.883826
Train epoch 407, loss: 0.470389, train acc: 0.989007, train avg acc: 0.984543
Test epoch 407, loss: 0.650492, test acc: 0.914506, test avg acc: 0.878372
Train epoch 408, loss: 0.471744, train acc: 0.987276, train avg acc: 0.981713
Test epoch 408, loss: 0.668742, test acc: 0.914506, test avg acc: 0.884494
Train epoch 409, loss: 0.468290, train acc: 0.989108, train avg acc: 0.983832
Test epoch 409, loss: 0.679137, test acc: 0.908023, test avg acc: 0.874453
Train epoch 410, loss: 0.465101, train acc: 0.990737, train avg acc: 0.984959
Test epoch 410, loss: 0.654686, test acc: 0.917747, test avg acc: 0.884250
Train epoch 411, loss: 0.475190, train acc: 0.985546, train avg acc: 0.978968
Test epoch 411, loss: 0.676095, test acc: 0.914100, test avg acc: 0.881163
Train epoch 412, loss: 0.474036, train acc: 0.986360, train avg acc: 0.979682
Test epoch 412, loss: 0.675860, test acc: 0.911669, test avg acc: 0.884971
Train epoch 413, loss: 0.470562, train acc: 0.987785, train avg acc: 0.983156
Test epoch 413, loss: 0.660295, test acc: 0.915316, test avg acc: 0.880581
Train epoch 414, loss: 0.470234, train acc: 0.988192, train avg acc: 0.983429
Test epoch 414, loss: 0.669179, test acc: 0.917747, test avg acc: 0.886372
Train epoch 415, loss: 0.468054, train acc: 0.989210, train avg acc: 0.983187
Test epoch 415, loss: 0.662354, test acc: 0.917747, test avg acc: 0.884209
Train epoch 416, loss: 0.462636, train acc: 0.990432, train avg acc: 0.986296
Test epoch 416, loss: 0.665120, test acc: 0.915721, test avg acc: 0.883203
Train epoch 417, loss: 0.461684, train acc: 0.989719, train avg acc: 0.985435
Test epoch 417, loss: 0.654720, test acc: 0.919368, test avg acc: 0.889913
Train epoch 418, loss: 0.466154, train acc: 0.989719, train avg acc: 0.986049
Test epoch 418, loss: 0.660233, test acc: 0.918963, test avg acc: 0.891785
Train epoch 419, loss: 0.458911, train acc: 0.991042, train avg acc: 0.986184
Test epoch 419, loss: 0.670695, test acc: 0.916532, test avg acc: 0.891413
Train epoch 420, loss: 0.460085, train acc: 0.990941, train avg acc: 0.985902
Test epoch 420, loss: 0.658633, test acc: 0.916532, test avg acc: 0.888169
Train epoch 421, loss: 0.462212, train acc: 0.990737, train avg acc: 0.986091
Test epoch 421, loss: 0.656837, test acc: 0.915721, test avg acc: 0.882203
Train epoch 422, loss: 0.460417, train acc: 0.990228, train avg acc: 0.984068
Test epoch 422, loss: 0.659338, test acc: 0.916532, test avg acc: 0.886541
Train epoch 423, loss: 0.467232, train acc: 0.986971, train avg acc: 0.981893
Test epoch 423, loss: 0.658213, test acc: 0.917747, test avg acc: 0.890413
Train epoch 424, loss: 0.460280, train acc: 0.991857, train avg acc: 0.988215
Test epoch 424, loss: 0.652263, test acc: 0.923015, test avg acc: 0.893866
Train epoch 425, loss: 0.470606, train acc: 0.986869, train avg acc: 0.980017
Test epoch 425, loss: 0.648864, test acc: 0.925446, test avg acc: 0.895000
Train epoch 426, loss: 0.465884, train acc: 0.988701, train avg acc: 0.982739
Test epoch 426, loss: 0.660998, test acc: 0.915721, test avg acc: 0.884163
Train epoch 427, loss: 0.462973, train acc: 0.990432, train avg acc: 0.986327
Test epoch 427, loss: 0.663854, test acc: 0.917747, test avg acc: 0.891250
Train epoch 428, loss: 0.457953, train acc: 0.991551, train avg acc: 0.987806
Test epoch 428, loss: 0.662257, test acc: 0.917747, test avg acc: 0.890494
Train epoch 429, loss: 0.461656, train acc: 0.989719, train avg acc: 0.984705
Test epoch 429, loss: 0.661864, test acc: 0.916937, test avg acc: 0.890076
Train epoch 430, loss: 0.460994, train acc: 0.990024, train avg acc: 0.986754
Test epoch 430, loss: 0.652610, test acc: 0.920583, test avg acc: 0.890203
Train epoch 431, loss: 0.464088, train acc: 0.988396, train avg acc: 0.984216
Test epoch 431, loss: 0.656811, test acc: 0.916532, test avg acc: 0.885744
Train epoch 432, loss: 0.460915, train acc: 0.990228, train avg acc: 0.984767
Test epoch 432, loss: 0.653109, test acc: 0.923015, test avg acc: 0.897622
Train epoch 433, loss: 0.461230, train acc: 0.989719, train avg acc: 0.985339
Test epoch 433, loss: 0.652587, test acc: 0.921394, test avg acc: 0.893541
Train epoch 434, loss: 0.457557, train acc: 0.991450, train avg acc: 0.987635
Test epoch 434, loss: 0.651439, test acc: 0.923825, test avg acc: 0.893122
Train epoch 435, loss: 0.452698, train acc: 0.991551, train avg acc: 0.987467
Test epoch 435, loss: 0.657359, test acc: 0.921394, test avg acc: 0.893703
Train epoch 436, loss: 0.459179, train acc: 0.991857, train avg acc: 0.987064
Test epoch 436, loss: 0.661187, test acc: 0.916937, test avg acc: 0.888791
Train epoch 437, loss: 0.461789, train acc: 0.989312, train avg acc: 0.983668
Test epoch 437, loss: 0.652372, test acc: 0.923015, test avg acc: 0.892453
Train epoch 438, loss: 0.458374, train acc: 0.992060, train avg acc: 0.987603
Test epoch 438, loss: 0.653807, test acc: 0.923420, test avg acc: 0.894076
Train epoch 439, loss: 0.455153, train acc: 0.992264, train avg acc: 0.989325
Test epoch 439, loss: 0.660917, test acc: 0.918963, test avg acc: 0.889122
Train epoch 440, loss: 0.455338, train acc: 0.991653, train avg acc: 0.988417
Test epoch 440, loss: 0.653600, test acc: 0.924635, test avg acc: 0.891419
Train epoch 441, loss: 0.455780, train acc: 0.992264, train avg acc: 0.988779
Test epoch 441, loss: 0.648900, test acc: 0.921394, test avg acc: 0.893622
Train epoch 442, loss: 0.450809, train acc: 0.993587, train avg acc: 0.991059
Test epoch 442, loss: 0.658303, test acc: 0.917747, test avg acc: 0.887453
Train epoch 443, loss: 0.454770, train acc: 0.992671, train avg acc: 0.989426
Test epoch 443, loss: 0.651169, test acc: 0.924635, test avg acc: 0.894622
Train epoch 444, loss: 0.455940, train acc: 0.991857, train avg acc: 0.987697
Test epoch 444, loss: 0.652511, test acc: 0.920583, test avg acc: 0.891163
Train epoch 445, loss: 0.452084, train acc: 0.992366, train avg acc: 0.987987
Test epoch 445, loss: 0.653003, test acc: 0.920583, test avg acc: 0.889000
Train epoch 446, loss: 0.451708, train acc: 0.992264, train avg acc: 0.988106
Test epoch 446, loss: 0.654576, test acc: 0.921799, test avg acc: 0.891872
Train epoch 447, loss: 0.451479, train acc: 0.992671, train avg acc: 0.989407
Test epoch 447, loss: 0.643537, test acc: 0.923825, test avg acc: 0.888203
Train epoch 448, loss: 0.451555, train acc: 0.993078, train avg acc: 0.989401
Test epoch 448, loss: 0.647809, test acc: 0.919368, test avg acc: 0.885413
Train epoch 449, loss: 0.452941, train acc: 0.992569, train avg acc: 0.988998
Test epoch 449, loss: 0.646508, test acc: 0.922204, test avg acc: 0.890203
Train epoch 450, loss: 0.452028, train acc: 0.993587, train avg acc: 0.990428
Test epoch 450, loss: 0.645037, test acc: 0.921799, test avg acc: 0.889831
Train epoch 451, loss: 0.449990, train acc: 0.992976, train avg acc: 0.989820
Test epoch 451, loss: 0.652542, test acc: 0.918963, test avg acc: 0.886081
Train epoch 452, loss: 0.451298, train acc: 0.992671, train avg acc: 0.988764
Test epoch 452, loss: 0.652045, test acc: 0.926661, test avg acc: 0.894238
Train epoch 453, loss: 0.447944, train acc: 0.994809, train avg acc: 0.992564
Test epoch 453, loss: 0.647599, test acc: 0.923420, test avg acc: 0.892035
Train epoch 454, loss: 0.448798, train acc: 0.993791, train avg acc: 0.990948
Test epoch 454, loss: 0.654320, test acc: 0.924635, test avg acc: 0.891785
Train epoch 455, loss: 0.448989, train acc: 0.993180, train avg acc: 0.989623
Test epoch 455, loss: 0.645290, test acc: 0.925851, test avg acc: 0.894372
Train epoch 456, loss: 0.449511, train acc: 0.993689, train avg acc: 0.990146
Test epoch 456, loss: 0.652401, test acc: 0.924230, test avg acc: 0.893285
Train epoch 457, loss: 0.449397, train acc: 0.992569, train avg acc: 0.988859
Test epoch 457, loss: 0.647330, test acc: 0.921799, test avg acc: 0.893831
Train epoch 458, loss: 0.453437, train acc: 0.991551, train avg acc: 0.986963
Test epoch 458, loss: 0.655022, test acc: 0.919773, test avg acc: 0.890622
Train epoch 459, loss: 0.450512, train acc: 0.992671, train avg acc: 0.989268
Test epoch 459, loss: 0.654210, test acc: 0.921394, test avg acc: 0.887663
Train epoch 460, loss: 0.447121, train acc: 0.993689, train avg acc: 0.991013
Test epoch 460, loss: 0.649602, test acc: 0.922609, test avg acc: 0.891453
Train epoch 461, loss: 0.453052, train acc: 0.991042, train avg acc: 0.986712
Test epoch 461, loss: 0.650809, test acc: 0.922204, test avg acc: 0.894041
Train epoch 462, loss: 0.447455, train acc: 0.993282, train avg acc: 0.989663
Test epoch 462, loss: 0.655781, test acc: 0.920583, test avg acc: 0.886122
Train epoch 463, loss: 0.451166, train acc: 0.992773, train avg acc: 0.989152
Test epoch 463, loss: 0.664584, test acc: 0.915316, test avg acc: 0.886831
Train epoch 464, loss: 0.447857, train acc: 0.993587, train avg acc: 0.990649
Test epoch 464, loss: 0.653256, test acc: 0.922204, test avg acc: 0.893000
Train epoch 465, loss: 0.448511, train acc: 0.993893, train avg acc: 0.991911
Test epoch 465, loss: 0.657231, test acc: 0.919773, test avg acc: 0.885622
Train epoch 466, loss: 0.450681, train acc: 0.992467, train avg acc: 0.988544
Test epoch 466, loss: 0.656550, test acc: 0.919773, test avg acc: 0.885663
Train epoch 467, loss: 0.445398, train acc: 0.994198, train avg acc: 0.990308
Test epoch 467, loss: 0.655398, test acc: 0.923015, test avg acc: 0.890744
Train epoch 468, loss: 0.445896, train acc: 0.994910, train avg acc: 0.992686
Test epoch 468, loss: 0.650722, test acc: 0.922609, test avg acc: 0.889576
Train epoch 469, loss: 0.447069, train acc: 0.993994, train avg acc: 0.990688
Test epoch 469, loss: 0.651713, test acc: 0.920178, test avg acc: 0.889750
Train epoch 470, loss: 0.448261, train acc: 0.993485, train avg acc: 0.990192
Test epoch 470, loss: 0.660248, test acc: 0.918963, test avg acc: 0.888244
Train epoch 471, loss: 0.453680, train acc: 0.991348, train avg acc: 0.987788
Test epoch 471, loss: 0.657850, test acc: 0.922609, test avg acc: 0.895291
Train epoch 472, loss: 0.447654, train acc: 0.993485, train avg acc: 0.989901
Test epoch 472, loss: 0.658763, test acc: 0.918963, test avg acc: 0.893041
Train epoch 473, loss: 0.443939, train acc: 0.994503, train avg acc: 0.991470
Test epoch 473, loss: 0.658905, test acc: 0.918963, test avg acc: 0.886122
Train epoch 474, loss: 0.447172, train acc: 0.993587, train avg acc: 0.990558
Test epoch 474, loss: 0.659717, test acc: 0.915721, test avg acc: 0.885203
Train epoch 475, loss: 0.446748, train acc: 0.993791, train avg acc: 0.990448
Test epoch 475, loss: 0.661907, test acc: 0.917342, test avg acc: 0.889163
Train epoch 476, loss: 0.446781, train acc: 0.993994, train avg acc: 0.991233
Test epoch 476, loss: 0.654815, test acc: 0.920989, test avg acc: 0.889413
Train epoch 477, loss: 0.449357, train acc: 0.993791, train avg acc: 0.990141
Test epoch 477, loss: 0.654270, test acc: 0.921394, test avg acc: 0.889703
Train epoch 478, loss: 0.448404, train acc: 0.993282, train avg acc: 0.990157
Test epoch 478, loss: 0.653391, test acc: 0.922609, test avg acc: 0.891535
Train epoch 479, loss: 0.447885, train acc: 0.994198, train avg acc: 0.991154
Test epoch 479, loss: 0.654545, test acc: 0.917342, test avg acc: 0.885122
Train epoch 480, loss: 0.445707, train acc: 0.994503, train avg acc: 0.992082
Test epoch 480, loss: 0.652200, test acc: 0.920583, test avg acc: 0.891081
Train epoch 481, loss: 0.447767, train acc: 0.994401, train avg acc: 0.991888
Test epoch 481, loss: 0.650780, test acc: 0.921799, test avg acc: 0.890791
Train epoch 482, loss: 0.442970, train acc: 0.995012, train avg acc: 0.992331
Test epoch 482, loss: 0.657290, test acc: 0.921799, test avg acc: 0.893913
Train epoch 483, loss: 0.445410, train acc: 0.994809, train avg acc: 0.992424
Test epoch 483, loss: 0.655487, test acc: 0.919368, test avg acc: 0.887372
Train epoch 484, loss: 0.445351, train acc: 0.994401, train avg acc: 0.992137
Test epoch 484, loss: 0.656275, test acc: 0.921799, test avg acc: 0.892913
Train epoch 485, loss: 0.449039, train acc: 0.993078, train avg acc: 0.989797
Test epoch 485, loss: 0.655388, test acc: 0.916937, test avg acc: 0.883994
Train epoch 486, loss: 0.444583, train acc: 0.995012, train avg acc: 0.993259
Test epoch 486, loss: 0.654047, test acc: 0.923015, test avg acc: 0.894663
Train epoch 487, loss: 0.445206, train acc: 0.994401, train avg acc: 0.991608
Test epoch 487, loss: 0.658389, test acc: 0.920178, test avg acc: 0.888953
Train epoch 488, loss: 0.443152, train acc: 0.995521, train avg acc: 0.993552
Test epoch 488, loss: 0.656685, test acc: 0.918963, test avg acc: 0.890081
Train epoch 489, loss: 0.446914, train acc: 0.993180, train avg acc: 0.990580
Test epoch 489, loss: 0.658855, test acc: 0.920989, test avg acc: 0.892291
Train epoch 490, loss: 0.446791, train acc: 0.993180, train avg acc: 0.990262
Test epoch 490, loss: 0.649621, test acc: 0.922204, test avg acc: 0.891041
Train epoch 491, loss: 0.449795, train acc: 0.992976, train avg acc: 0.988773
Test epoch 491, loss: 0.655027, test acc: 0.919368, test avg acc: 0.891250
Train epoch 492, loss: 0.446984, train acc: 0.993791, train avg acc: 0.990364
Test epoch 492, loss: 0.655162, test acc: 0.920989, test avg acc: 0.890413
Train epoch 493, loss: 0.444240, train acc: 0.995521, train avg acc: 0.992596
Test epoch 493, loss: 0.655482, test acc: 0.918558, test avg acc: 0.883872
Train epoch 494, loss: 0.445688, train acc: 0.993689, train avg acc: 0.990533
Test epoch 494, loss: 0.658701, test acc: 0.918963, test avg acc: 0.886244
Train epoch 495, loss: 0.443766, train acc: 0.994707, train avg acc: 0.992276
Test epoch 495, loss: 0.659136, test acc: 0.917747, test avg acc: 0.886494
Train epoch 496, loss: 0.442903, train acc: 0.994910, train avg acc: 0.991619
Test epoch 496, loss: 0.658524, test acc: 0.917747, test avg acc: 0.885291
Train epoch 497, loss: 0.444174, train acc: 0.994300, train avg acc: 0.992010
Test epoch 497, loss: 0.655889, test acc: 0.917747, test avg acc: 0.885413
Train epoch 498, loss: 0.445167, train acc: 0.994300, train avg acc: 0.992336
Test epoch 498, loss: 0.656388, test acc: 0.918558, test avg acc: 0.885831
Train epoch 499, loss: 0.442612, train acc: 0.994401, train avg acc: 0.992117
Test epoch 499, loss: 0.660239, test acc: 0.919368, test avg acc: 0.889453
