Namespace(augmix_cutmix_prob=0.5, augmix_prob=0.0, batch_size=32, beta=1.0, data_path='./data/modelnet40_normal_resampled', dataset='modelnet40', dropout=0.5, emb_dims=1024, epochs=500, eval=False, exp_name='augmix_cutmix_lams2_eps1e-1_dgcnn_1024', jitter=False, k=20, knn=False, lr=0.001, model='dgcnn', model_path='', modelnet10=False, momentum=0.9, no_cuda=False, normal=False, nsample=512, num_points=1024, rddrop=False, rdscale=False, rot=False, rsmix_prob=0.0, seed=1, shift=False, shuffle=False, test_batch_size=16, use_sgd=True)
Using GPU : 0 from 1 devices
Train epoch 0, loss: 2.547473, train acc: 0.426201, train avg acc: 0.258108
Test epoch 0, loss: 1.966979, test acc: 0.568882, test avg acc: 0.434645
Train epoch 1, loss: 1.848627, train acc: 0.619605, train avg acc: 0.445774
Test epoch 1, loss: 1.811538, test acc: 0.603323, test avg acc: 0.498698
Train epoch 2, loss: 1.678665, train acc: 0.677321, train avg acc: 0.523658
Test epoch 2, loss: 1.578195, test acc: 0.696921, test avg acc: 0.606738
Train epoch 3, loss: 1.549006, train acc: 0.723025, train avg acc: 0.584463
Test epoch 3, loss: 1.318285, test acc: 0.810778, test avg acc: 0.695977
Train epoch 4, loss: 1.473535, train acc: 0.753156, train avg acc: 0.622556
Test epoch 4, loss: 1.276865, test acc: 0.812804, test avg acc: 0.725913
Train epoch 5, loss: 1.415413, train acc: 0.772700, train avg acc: 0.655317
Test epoch 5, loss: 1.258316, test acc: 0.837115, test avg acc: 0.740994
Train epoch 6, loss: 1.373052, train acc: 0.791327, train avg acc: 0.684175
Test epoch 6, loss: 1.228765, test acc: 0.841977, test avg acc: 0.772017
Train epoch 7, loss: 1.346152, train acc: 0.803441, train avg acc: 0.702437
Test epoch 7, loss: 1.325914, test acc: 0.801459, test avg acc: 0.764692
Train epoch 8, loss: 1.331786, train acc: 0.807003, train avg acc: 0.710382
Test epoch 8, loss: 1.205895, test acc: 0.838736, test avg acc: 0.767593
Train epoch 9, loss: 1.296553, train acc: 0.816877, train avg acc: 0.718111
Test epoch 9, loss: 1.176265, test acc: 0.856969, test avg acc: 0.778000
Train epoch 10, loss: 1.268931, train acc: 0.829906, train avg acc: 0.742811
Test epoch 10, loss: 1.204107, test acc: 0.849676, test avg acc: 0.779215
Train epoch 11, loss: 1.251813, train acc: 0.831026, train avg acc: 0.741438
Test epoch 11, loss: 1.145227, test acc: 0.863047, test avg acc: 0.807564
Train epoch 12, loss: 1.249798, train acc: 0.839068, train avg acc: 0.755228
Test epoch 12, loss: 1.138717, test acc: 0.872771, test avg acc: 0.812558
Train epoch 13, loss: 1.221611, train acc: 0.848025, train avg acc: 0.765686
Test epoch 13, loss: 1.124960, test acc: 0.869125, test avg acc: 0.802076
Train epoch 14, loss: 1.212670, train acc: 0.849145, train avg acc: 0.769201
Test epoch 14, loss: 1.183958, test acc: 0.849271, test avg acc: 0.787099
Train epoch 15, loss: 1.219784, train acc: 0.848025, train avg acc: 0.768257
Test epoch 15, loss: 1.125255, test acc: 0.865883, test avg acc: 0.806744
Train epoch 16, loss: 1.188669, train acc: 0.858408, train avg acc: 0.781935
Test epoch 16, loss: 1.104045, test acc: 0.880470, test avg acc: 0.826680
Train epoch 17, loss: 1.198674, train acc: 0.853522, train avg acc: 0.781075
Test epoch 17, loss: 1.121847, test acc: 0.875203, test avg acc: 0.817953
Train epoch 18, loss: 1.183433, train acc: 0.855252, train avg acc: 0.780972
Test epoch 18, loss: 1.130152, test acc: 0.867504, test avg acc: 0.806221
Train epoch 19, loss: 1.172446, train acc: 0.863396, train avg acc: 0.792230
Test epoch 19, loss: 1.134945, test acc: 0.870746, test avg acc: 0.843209
Train epoch 20, loss: 1.174356, train acc: 0.862887, train avg acc: 0.792425
Test epoch 20, loss: 1.117249, test acc: 0.876013, test avg acc: 0.795471
Train epoch 21, loss: 1.168233, train acc: 0.862887, train avg acc: 0.786305
Test epoch 21, loss: 1.092853, test acc: 0.890194, test avg acc: 0.823366
Train epoch 22, loss: 1.167549, train acc: 0.863905, train avg acc: 0.790164
Test epoch 22, loss: 1.129050, test acc: 0.871961, test avg acc: 0.827936
Train epoch 23, loss: 1.166022, train acc: 0.866857, train avg acc: 0.801577
Test epoch 23, loss: 1.155871, test acc: 0.855348, test avg acc: 0.779709
Train epoch 24, loss: 1.141152, train acc: 0.874084, train avg acc: 0.807900
Test epoch 24, loss: 1.097420, test acc: 0.873582, test avg acc: 0.824250
Train epoch 25, loss: 1.156486, train acc: 0.867264, train avg acc: 0.799051
Test epoch 25, loss: 1.075729, test acc: 0.887358, test avg acc: 0.824698
Train epoch 26, loss: 1.133849, train acc: 0.875713, train avg acc: 0.812860
Test epoch 26, loss: 1.114593, test acc: 0.869935, test avg acc: 0.791378
Train epoch 27, loss: 1.131057, train acc: 0.876629, train avg acc: 0.812416
Test epoch 27, loss: 1.093597, test acc: 0.877634, test avg acc: 0.814541
Train epoch 28, loss: 1.120528, train acc: 0.881311, train avg acc: 0.818282
Test epoch 28, loss: 1.064301, test acc: 0.890600, test avg acc: 0.841616
Train epoch 29, loss: 1.136626, train acc: 0.874491, train avg acc: 0.808161
Test epoch 29, loss: 1.127012, test acc: 0.870340, test avg acc: 0.834419
Train epoch 30, loss: 1.127197, train acc: 0.877341, train avg acc: 0.811957
Test epoch 30, loss: 1.091414, test acc: 0.883712, test avg acc: 0.832041
Train epoch 31, loss: 1.116995, train acc: 0.881209, train avg acc: 0.819402
Test epoch 31, loss: 1.087190, test acc: 0.879254, test avg acc: 0.827506
Train epoch 32, loss: 1.114694, train acc: 0.881515, train avg acc: 0.821017
Test epoch 32, loss: 1.085092, test acc: 0.880470, test avg acc: 0.835140
Train epoch 33, loss: 1.108180, train acc: 0.885993, train avg acc: 0.826481
Test epoch 33, loss: 1.059471, test acc: 0.905186, test avg acc: 0.838297
Train epoch 34, loss: 1.111059, train acc: 0.879581, train avg acc: 0.813331
Test epoch 34, loss: 1.087039, test acc: 0.887358, test avg acc: 0.840122
Train epoch 35, loss: 1.115843, train acc: 0.881820, train avg acc: 0.820517
Test epoch 35, loss: 1.113906, test acc: 0.878849, test avg acc: 0.833797
Train epoch 36, loss: 1.106815, train acc: 0.880599, train avg acc: 0.820219
Test epoch 36, loss: 1.108507, test acc: 0.868314, test avg acc: 0.823442
Train epoch 37, loss: 1.102225, train acc: 0.885790, train avg acc: 0.827462
Test epoch 37, loss: 1.064084, test acc: 0.888574, test avg acc: 0.823767
Train epoch 38, loss: 1.105539, train acc: 0.883856, train avg acc: 0.822806
Test epoch 38, loss: 1.097150, test acc: 0.875608, test avg acc: 0.837395
Train epoch 39, loss: 1.097167, train acc: 0.890065, train avg acc: 0.833651
Test epoch 39, loss: 1.059833, test acc: 0.889384, test avg acc: 0.827674
Train epoch 40, loss: 1.103907, train acc: 0.885383, train avg acc: 0.823364
Test epoch 40, loss: 1.152286, test acc: 0.855754, test avg acc: 0.810297
Train epoch 41, loss: 1.099479, train acc: 0.887622, train avg acc: 0.829469
Test epoch 41, loss: 1.094838, test acc: 0.879660, test avg acc: 0.838785
Train epoch 42, loss: 1.098555, train acc: 0.889454, train avg acc: 0.834770
Test epoch 42, loss: 1.078741, test acc: 0.887763, test avg acc: 0.835640
Train epoch 43, loss: 1.090725, train acc: 0.891490, train avg acc: 0.835300
Test epoch 43, loss: 1.041497, test acc: 0.898298, test avg acc: 0.836767
Train epoch 44, loss: 1.077041, train acc: 0.897801, train avg acc: 0.846378
Test epoch 44, loss: 1.030528, test acc: 0.901135, test avg acc: 0.850209
Train epoch 45, loss: 1.097500, train acc: 0.885281, train avg acc: 0.827557
Test epoch 45, loss: 1.049205, test acc: 0.900729, test avg acc: 0.827756
Train epoch 46, loss: 1.086058, train acc: 0.888742, train avg acc: 0.833985
Test epoch 46, loss: 1.070302, test acc: 0.884117, test avg acc: 0.833674
Train epoch 47, loss: 1.098103, train acc: 0.884874, train avg acc: 0.823652
Test epoch 47, loss: 1.036129, test acc: 0.897083, test avg acc: 0.846593
Train epoch 48, loss: 1.068176, train acc: 0.898616, train avg acc: 0.844852
Test epoch 48, loss: 1.108853, test acc: 0.869935, test avg acc: 0.826122
Train epoch 49, loss: 1.072914, train acc: 0.900143, train avg acc: 0.844268
Test epoch 49, loss: 1.055830, test acc: 0.886953, test avg acc: 0.848581
Train epoch 50, loss: 1.082501, train acc: 0.894035, train avg acc: 0.842893
Test epoch 50, loss: 1.100258, test acc: 0.870746, test avg acc: 0.843163
Train epoch 51, loss: 1.063358, train acc: 0.899532, train avg acc: 0.844123
Test epoch 51, loss: 1.065422, test acc: 0.884117, test avg acc: 0.832430
Train epoch 52, loss: 1.064322, train acc: 0.898717, train avg acc: 0.847756
Test epoch 52, loss: 1.113295, test acc: 0.869125, test avg acc: 0.846291
Train epoch 53, loss: 1.065022, train acc: 0.901262, train avg acc: 0.850460
Test epoch 53, loss: 1.095380, test acc: 0.869530, test avg acc: 0.816610
Train epoch 54, loss: 1.068185, train acc: 0.899634, train avg acc: 0.847292
Test epoch 54, loss: 1.057728, test acc: 0.892220, test avg acc: 0.856669
Train epoch 55, loss: 1.070227, train acc: 0.895867, train avg acc: 0.845542
Test epoch 55, loss: 1.047223, test acc: 0.895462, test avg acc: 0.855134
Train epoch 56, loss: 1.065689, train acc: 0.902789, train avg acc: 0.851645
Test epoch 56, loss: 1.043790, test acc: 0.891410, test avg acc: 0.843337
Train epoch 57, loss: 1.058639, train acc: 0.899735, train avg acc: 0.849633
Test epoch 57, loss: 1.031773, test acc: 0.893436, test avg acc: 0.843837
Train epoch 58, loss: 1.054966, train acc: 0.901873, train avg acc: 0.848422
Test epoch 58, loss: 1.084088, test acc: 0.869530, test avg acc: 0.832599
Train epoch 59, loss: 1.050622, train acc: 0.903909, train avg acc: 0.852401
Test epoch 59, loss: 1.057091, test acc: 0.888169, test avg acc: 0.852529
Train epoch 60, loss: 1.049577, train acc: 0.907675, train avg acc: 0.860756
Test epoch 60, loss: 1.053209, test acc: 0.888979, test avg acc: 0.833052
Train epoch 61, loss: 1.061119, train acc: 0.904214, train avg acc: 0.855568
Test epoch 61, loss: 1.060039, test acc: 0.882091, test avg acc: 0.831797
Train epoch 62, loss: 1.056830, train acc: 0.903502, train avg acc: 0.854530
Test epoch 62, loss: 1.070972, test acc: 0.882091, test avg acc: 0.846419
Train epoch 63, loss: 1.060009, train acc: 0.897496, train avg acc: 0.846143
Test epoch 63, loss: 1.039049, test acc: 0.903566, test avg acc: 0.847331
Train epoch 64, loss: 1.049961, train acc: 0.907370, train avg acc: 0.859321
Test epoch 64, loss: 1.094580, test acc: 0.884117, test avg acc: 0.861291
Train epoch 65, loss: 1.047749, train acc: 0.905334, train avg acc: 0.854153
Test epoch 65, loss: 1.016381, test acc: 0.903971, test avg acc: 0.849750
Train epoch 66, loss: 1.042662, train acc: 0.907980, train avg acc: 0.856218
Test epoch 66, loss: 1.048246, test acc: 0.890194, test avg acc: 0.849547
Train epoch 67, loss: 1.048253, train acc: 0.906148, train avg acc: 0.857089
Test epoch 67, loss: 1.104109, test acc: 0.869935, test avg acc: 0.800988
Train epoch 68, loss: 1.047480, train acc: 0.902891, train avg acc: 0.853648
Test epoch 68, loss: 1.014846, test acc: 0.910454, test avg acc: 0.864640
Train epoch 69, loss: 1.042611, train acc: 0.906759, train avg acc: 0.859572
Test epoch 69, loss: 1.055326, test acc: 0.891005, test avg acc: 0.853669
Train epoch 70, loss: 1.049416, train acc: 0.903094, train avg acc: 0.852588
Test epoch 70, loss: 1.012405, test acc: 0.900729, test avg acc: 0.861564
Train epoch 71, loss: 1.043869, train acc: 0.905436, train avg acc: 0.858365
Test epoch 71, loss: 1.039168, test acc: 0.891410, test avg acc: 0.843593
Train epoch 72, loss: 1.044822, train acc: 0.905945, train avg acc: 0.855549
Test epoch 72, loss: 1.026424, test acc: 0.891410, test avg acc: 0.861884
Train epoch 73, loss: 1.041259, train acc: 0.907064, train avg acc: 0.858987
Test epoch 73, loss: 1.047100, test acc: 0.891410, test avg acc: 0.860744
Train epoch 74, loss: 1.038609, train acc: 0.911136, train avg acc: 0.864455
Test epoch 74, loss: 1.035673, test acc: 0.893436, test avg acc: 0.853884
Train epoch 75, loss: 1.052685, train acc: 0.902993, train avg acc: 0.855214
Test epoch 75, loss: 1.019096, test acc: 0.904781, test avg acc: 0.873709
Train epoch 76, loss: 1.041071, train acc: 0.906963, train avg acc: 0.861790
Test epoch 76, loss: 1.020917, test acc: 0.906807, test avg acc: 0.870721
Train epoch 77, loss: 1.046635, train acc: 0.908082, train avg acc: 0.861591
Test epoch 77, loss: 1.016923, test acc: 0.902350, test avg acc: 0.854331
Train epoch 78, loss: 1.031433, train acc: 0.913783, train avg acc: 0.869829
Test epoch 78, loss: 1.000955, test acc: 0.904781, test avg acc: 0.855448
Train epoch 79, loss: 1.033300, train acc: 0.906555, train avg acc: 0.859462
Test epoch 79, loss: 1.024998, test acc: 0.900729, test avg acc: 0.856000
Train epoch 80, loss: 1.030152, train acc: 0.914292, train avg acc: 0.870796
Test epoch 80, loss: 1.069987, test acc: 0.874392, test avg acc: 0.830593
Train epoch 81, loss: 1.027567, train acc: 0.912663, train avg acc: 0.870389
Test epoch 81, loss: 1.039332, test acc: 0.896677, test avg acc: 0.849291
Train epoch 82, loss: 1.037781, train acc: 0.907879, train avg acc: 0.863266
Test epoch 82, loss: 1.014062, test acc: 0.906402, test avg acc: 0.865058
Train epoch 83, loss: 1.034582, train acc: 0.908795, train avg acc: 0.863711
Test epoch 83, loss: 1.059898, test acc: 0.882901, test avg acc: 0.832273
Train epoch 84, loss: 1.030207, train acc: 0.913172, train avg acc: 0.869473
Test epoch 84, loss: 1.023452, test acc: 0.898298, test avg acc: 0.854006
Train epoch 85, loss: 1.029356, train acc: 0.909813, train avg acc: 0.861752
Test epoch 85, loss: 1.034006, test acc: 0.892220, test avg acc: 0.864424
Train epoch 86, loss: 1.029115, train acc: 0.909609, train avg acc: 0.865399
Test epoch 86, loss: 1.010340, test acc: 0.905997, test avg acc: 0.858727
Train epoch 87, loss: 1.024298, train acc: 0.915615, train avg acc: 0.874008
Test epoch 87, loss: 1.067417, test acc: 0.886953, test avg acc: 0.828122
Train epoch 88, loss: 1.010725, train acc: 0.918363, train avg acc: 0.875881
Test epoch 88, loss: 1.046218, test acc: 0.895462, test avg acc: 0.850151
Train epoch 89, loss: 1.028196, train acc: 0.911950, train avg acc: 0.865420
Test epoch 89, loss: 1.041747, test acc: 0.893436, test avg acc: 0.861977
Train epoch 90, loss: 1.031837, train acc: 0.911441, train avg acc: 0.866489
Test epoch 90, loss: 1.008574, test acc: 0.908428, test avg acc: 0.875099
Train epoch 91, loss: 1.013852, train acc: 0.917345, train avg acc: 0.874106
Test epoch 91, loss: 1.005383, test acc: 0.908023, test avg acc: 0.875971
Train epoch 92, loss: 1.020414, train acc: 0.914699, train avg acc: 0.871201
Test epoch 92, loss: 1.049505, test acc: 0.882901, test avg acc: 0.823680
Train epoch 93, loss: 1.019011, train acc: 0.915208, train avg acc: 0.875757
Test epoch 93, loss: 1.007999, test acc: 0.907618, test avg acc: 0.861390
Train epoch 94, loss: 1.021392, train acc: 0.915411, train avg acc: 0.871516
Test epoch 94, loss: 1.021153, test acc: 0.899919, test avg acc: 0.865023
Train epoch 95, loss: 1.017722, train acc: 0.914495, train avg acc: 0.871694
Test epoch 95, loss: 1.037812, test acc: 0.899514, test avg acc: 0.863070
Train epoch 96, loss: 1.019635, train acc: 0.915106, train avg acc: 0.871135
Test epoch 96, loss: 1.018595, test acc: 0.903971, test avg acc: 0.859622
Train epoch 97, loss: 1.020607, train acc: 0.913477, train avg acc: 0.869339
Test epoch 97, loss: 1.015684, test acc: 0.897083, test avg acc: 0.853547
Train epoch 98, loss: 1.012226, train acc: 0.919686, train avg acc: 0.878077
Test epoch 98, loss: 1.015974, test acc: 0.906402, test avg acc: 0.870041
Train epoch 99, loss: 1.025231, train acc: 0.910627, train avg acc: 0.865493
Test epoch 99, loss: 1.015198, test acc: 0.903971, test avg acc: 0.874087
Train epoch 100, loss: 1.007464, train acc: 0.918261, train avg acc: 0.874407
Test epoch 100, loss: 1.008639, test acc: 0.900729, test avg acc: 0.862291
Train epoch 101, loss: 0.996309, train acc: 0.922537, train avg acc: 0.882079
Test epoch 101, loss: 1.009888, test acc: 0.903971, test avg acc: 0.856453
Train epoch 102, loss: 1.027573, train acc: 0.910016, train avg acc: 0.864653
Test epoch 102, loss: 1.036200, test acc: 0.904781, test avg acc: 0.853308
Train epoch 103, loss: 1.017400, train acc: 0.915717, train avg acc: 0.876127
Test epoch 103, loss: 1.093747, test acc: 0.856969, test avg acc: 0.823047
Train epoch 104, loss: 1.014835, train acc: 0.917447, train avg acc: 0.874041
Test epoch 104, loss: 1.091376, test acc: 0.882091, test avg acc: 0.834541
Train epoch 105, loss: 1.016548, train acc: 0.918261, train avg acc: 0.874266
Test epoch 105, loss: 1.062458, test acc: 0.885332, test avg acc: 0.848343
Train epoch 106, loss: 1.011101, train acc: 0.918567, train avg acc: 0.875206
Test epoch 106, loss: 1.005741, test acc: 0.910454, test avg acc: 0.879547
Train epoch 107, loss: 1.006235, train acc: 0.918669, train avg acc: 0.876902
Test epoch 107, loss: 1.060031, test acc: 0.885332, test avg acc: 0.850436
Train epoch 108, loss: 1.011900, train acc: 0.920094, train avg acc: 0.882715
Test epoch 108, loss: 1.028416, test acc: 0.900729, test avg acc: 0.855959
Train epoch 109, loss: 1.003440, train acc: 0.920094, train avg acc: 0.878762
Test epoch 109, loss: 1.037592, test acc: 0.890194, test avg acc: 0.853384
Train epoch 110, loss: 1.009299, train acc: 0.918160, train avg acc: 0.878960
Test epoch 110, loss: 1.051079, test acc: 0.892220, test avg acc: 0.840250
Train epoch 111, loss: 1.003996, train acc: 0.921621, train avg acc: 0.881501
Test epoch 111, loss: 1.004603, test acc: 0.907212, test avg acc: 0.847331
Train epoch 112, loss: 1.018778, train acc: 0.913579, train avg acc: 0.867716
Test epoch 112, loss: 1.006761, test acc: 0.903566, test avg acc: 0.857459
Train epoch 113, loss: 0.998172, train acc: 0.920603, train avg acc: 0.881109
Test epoch 113, loss: 1.035117, test acc: 0.889384, test avg acc: 0.846866
Train epoch 114, loss: 1.021840, train acc: 0.917040, train avg acc: 0.877039
Test epoch 114, loss: 1.040667, test acc: 0.891005, test avg acc: 0.855395
Train epoch 115, loss: 0.998138, train acc: 0.919483, train avg acc: 0.877233
Test epoch 115, loss: 1.019714, test acc: 0.903566, test avg acc: 0.860169
Train epoch 116, loss: 1.004825, train acc: 0.920704, train avg acc: 0.880736
Test epoch 116, loss: 1.079189, test acc: 0.881280, test avg acc: 0.819692
Train epoch 117, loss: 1.011093, train acc: 0.921824, train avg acc: 0.880224
Test epoch 117, loss: 1.025463, test acc: 0.900729, test avg acc: 0.853198
Train epoch 118, loss: 1.001807, train acc: 0.921417, train avg acc: 0.879083
Test epoch 118, loss: 1.045973, test acc: 0.886548, test avg acc: 0.856076
Train epoch 119, loss: 0.999602, train acc: 0.919279, train avg acc: 0.878202
Test epoch 119, loss: 1.015597, test acc: 0.892626, test avg acc: 0.838215
Train epoch 120, loss: 0.997319, train acc: 0.922435, train avg acc: 0.881890
Test epoch 120, loss: 1.009733, test acc: 0.898298, test avg acc: 0.859145
Train epoch 121, loss: 0.989095, train acc: 0.925387, train avg acc: 0.884264
Test epoch 121, loss: 1.002175, test acc: 0.901135, test avg acc: 0.864209
Train epoch 122, loss: 1.013161, train acc: 0.917447, train avg acc: 0.875633
Test epoch 122, loss: 0.997428, test acc: 0.911669, test avg acc: 0.863017
Train epoch 123, loss: 0.994626, train acc: 0.925387, train avg acc: 0.885512
Test epoch 123, loss: 1.022738, test acc: 0.901540, test avg acc: 0.854860
Train epoch 124, loss: 0.994347, train acc: 0.922944, train avg acc: 0.882020
Test epoch 124, loss: 1.043874, test acc: 0.889384, test avg acc: 0.841198
Train epoch 125, loss: 1.002102, train acc: 0.917142, train avg acc: 0.875948
Test epoch 125, loss: 1.011331, test acc: 0.897893, test avg acc: 0.852256
Train epoch 126, loss: 0.997278, train acc: 0.923351, train avg acc: 0.882748
Test epoch 126, loss: 1.026859, test acc: 0.897488, test avg acc: 0.866791
Train epoch 127, loss: 0.989435, train acc: 0.926405, train avg acc: 0.890596
Test epoch 127, loss: 0.987293, test acc: 0.908023, test avg acc: 0.866145
Train epoch 128, loss: 1.000437, train acc: 0.920806, train avg acc: 0.881398
Test epoch 128, loss: 1.077280, test acc: 0.888169, test avg acc: 0.840994
Train epoch 129, loss: 0.985656, train acc: 0.924064, train avg acc: 0.885497
Test epoch 129, loss: 1.026048, test acc: 0.893436, test avg acc: 0.869203
Train epoch 130, loss: 0.988479, train acc: 0.923656, train avg acc: 0.882112
Test epoch 130, loss: 0.997400, test acc: 0.915721, test avg acc: 0.871453
Train epoch 131, loss: 0.991158, train acc: 0.924471, train avg acc: 0.887471
Test epoch 131, loss: 1.072834, test acc: 0.886143, test avg acc: 0.855907
Train epoch 132, loss: 0.982472, train acc: 0.925998, train avg acc: 0.888714
Test epoch 132, loss: 1.043373, test acc: 0.889384, test avg acc: 0.873209
Train epoch 133, loss: 0.990347, train acc: 0.921824, train avg acc: 0.883155
Test epoch 133, loss: 1.026911, test acc: 0.904376, test avg acc: 0.857570
Train epoch 134, loss: 0.985912, train acc: 0.926812, train avg acc: 0.888692
Test epoch 134, loss: 1.033679, test acc: 0.887358, test avg acc: 0.856977
Train epoch 135, loss: 0.978167, train acc: 0.928339, train avg acc: 0.891186
Test epoch 135, loss: 1.031032, test acc: 0.891410, test avg acc: 0.864343
Train epoch 136, loss: 0.983658, train acc: 0.928135, train avg acc: 0.890472
Test epoch 136, loss: 1.016725, test acc: 0.904376, test avg acc: 0.861337
Train epoch 137, loss: 0.985078, train acc: 0.923453, train avg acc: 0.884391
Test epoch 137, loss: 1.081334, test acc: 0.870340, test avg acc: 0.843145
Train epoch 138, loss: 0.985166, train acc: 0.926812, train avg acc: 0.890101
Test epoch 138, loss: 1.054696, test acc: 0.890194, test avg acc: 0.881762
Train epoch 139, loss: 0.977747, train acc: 0.927728, train avg acc: 0.891222
Test epoch 139, loss: 1.029488, test acc: 0.892626, test avg acc: 0.858256
Train epoch 140, loss: 0.994132, train acc: 0.923249, train avg acc: 0.884872
Test epoch 140, loss: 1.029575, test acc: 0.894246, test avg acc: 0.866971
Train epoch 141, loss: 0.976193, train acc: 0.929866, train avg acc: 0.894227
Test epoch 141, loss: 1.025889, test acc: 0.897893, test avg acc: 0.853343
Train epoch 142, loss: 1.001166, train acc: 0.921824, train avg acc: 0.882722
Test epoch 142, loss: 1.132653, test acc: 0.871151, test avg acc: 0.854727
Train epoch 143, loss: 0.988149, train acc: 0.926201, train avg acc: 0.886662
Test epoch 143, loss: 1.013641, test acc: 0.899514, test avg acc: 0.875634
Train epoch 144, loss: 0.984249, train acc: 0.927830, train avg acc: 0.891198
Test epoch 144, loss: 1.017164, test acc: 0.896272, test avg acc: 0.864163
Train epoch 145, loss: 0.975783, train acc: 0.930273, train avg acc: 0.893512
Test epoch 145, loss: 0.994466, test acc: 0.907212, test avg acc: 0.874797
Train epoch 146, loss: 0.989172, train acc: 0.925692, train avg acc: 0.888000
Test epoch 146, loss: 1.036589, test acc: 0.888169, test avg acc: 0.853919
Train epoch 147, loss: 0.975242, train acc: 0.932003, train avg acc: 0.896603
Test epoch 147, loss: 1.006253, test acc: 0.899109, test avg acc: 0.877291
Train epoch 148, loss: 0.983830, train acc: 0.926099, train avg acc: 0.887915
Test epoch 148, loss: 1.027170, test acc: 0.897893, test avg acc: 0.883215
Train epoch 149, loss: 0.978412, train acc: 0.932207, train avg acc: 0.896003
Test epoch 149, loss: 1.011504, test acc: 0.904376, test avg acc: 0.853599
Train epoch 150, loss: 0.994903, train acc: 0.921417, train avg acc: 0.881890
Test epoch 150, loss: 1.028881, test acc: 0.892220, test avg acc: 0.844390
Train epoch 151, loss: 0.980172, train acc: 0.927219, train avg acc: 0.888822
Test epoch 151, loss: 1.009819, test acc: 0.901135, test avg acc: 0.872802
Train epoch 152, loss: 0.979403, train acc: 0.927626, train avg acc: 0.892582
Test epoch 152, loss: 1.007546, test acc: 0.895462, test avg acc: 0.864378
Train epoch 153, loss: 0.973973, train acc: 0.929255, train avg acc: 0.894543
Test epoch 153, loss: 0.995872, test acc: 0.905997, test avg acc: 0.878756
Train epoch 154, loss: 0.977506, train acc: 0.928848, train avg acc: 0.893153
Test epoch 154, loss: 1.013211, test acc: 0.899919, test avg acc: 0.859762
Train epoch 155, loss: 0.978657, train acc: 0.928746, train avg acc: 0.893014
Test epoch 155, loss: 1.000442, test acc: 0.899514, test avg acc: 0.865297
Train epoch 156, loss: 0.964583, train acc: 0.933327, train avg acc: 0.901117
Test epoch 156, loss: 0.999646, test acc: 0.901945, test avg acc: 0.866134
Train epoch 157, loss: 0.962162, train acc: 0.934039, train avg acc: 0.897690
Test epoch 157, loss: 1.016595, test acc: 0.891410, test avg acc: 0.854587
Train epoch 158, loss: 0.990151, train acc: 0.922842, train avg acc: 0.885268
Test epoch 158, loss: 1.052448, test acc: 0.883306, test avg acc: 0.860698
Train epoch 159, loss: 0.959415, train acc: 0.934141, train avg acc: 0.898524
Test epoch 159, loss: 1.030259, test acc: 0.887358, test avg acc: 0.856907
Train epoch 160, loss: 0.967926, train acc: 0.934243, train avg acc: 0.901724
Test epoch 160, loss: 1.040559, test acc: 0.894246, test avg acc: 0.864442
Train epoch 161, loss: 0.967507, train acc: 0.932716, train avg acc: 0.897836
Test epoch 161, loss: 0.986135, test acc: 0.914506, test avg acc: 0.878959
Train epoch 162, loss: 0.952814, train acc: 0.936177, train avg acc: 0.904230
Test epoch 162, loss: 1.020609, test acc: 0.887358, test avg acc: 0.853273
Train epoch 163, loss: 0.960036, train acc: 0.933632, train avg acc: 0.898648
Test epoch 163, loss: 1.055988, test acc: 0.888979, test avg acc: 0.846320
Train epoch 164, loss: 0.966420, train acc: 0.931393, train avg acc: 0.894415
Test epoch 164, loss: 1.007920, test acc: 0.908428, test avg acc: 0.874337
Train epoch 165, loss: 0.963865, train acc: 0.937602, train avg acc: 0.904723
Test epoch 165, loss: 0.997912, test acc: 0.905997, test avg acc: 0.873913
Train epoch 166, loss: 0.969354, train acc: 0.934243, train avg acc: 0.900381
Test epoch 166, loss: 1.055476, test acc: 0.881686, test avg acc: 0.851744
Train epoch 167, loss: 0.964872, train acc: 0.934853, train avg acc: 0.900457
Test epoch 167, loss: 0.998972, test acc: 0.904781, test avg acc: 0.865872
Train epoch 168, loss: 0.964679, train acc: 0.932919, train avg acc: 0.898813
Test epoch 168, loss: 1.005659, test acc: 0.898298, test avg acc: 0.865506
Train epoch 169, loss: 0.960894, train acc: 0.934853, train avg acc: 0.900485
Test epoch 169, loss: 0.966103, test acc: 0.914100, test avg acc: 0.868500
Train epoch 170, loss: 0.965997, train acc: 0.933225, train avg acc: 0.901237
Test epoch 170, loss: 1.011659, test acc: 0.894652, test avg acc: 0.842715
Train epoch 171, loss: 0.959969, train acc: 0.934039, train avg acc: 0.902167
Test epoch 171, loss: 0.983839, test acc: 0.906402, test avg acc: 0.868052
Train epoch 172, loss: 0.954826, train acc: 0.939332, train avg acc: 0.907079
Test epoch 172, loss: 0.981663, test acc: 0.910049, test avg acc: 0.871924
Train epoch 173, loss: 0.966647, train acc: 0.933327, train avg acc: 0.898632
Test epoch 173, loss: 1.039845, test acc: 0.895057, test avg acc: 0.861919
Train epoch 174, loss: 0.961735, train acc: 0.936075, train avg acc: 0.904128
Test epoch 174, loss: 1.038950, test acc: 0.893436, test avg acc: 0.875413
Train epoch 175, loss: 0.962030, train acc: 0.935566, train avg acc: 0.903042
Test epoch 175, loss: 0.985428, test acc: 0.907618, test avg acc: 0.882750
Train epoch 176, loss: 0.950886, train acc: 0.938823, train avg acc: 0.909848
Test epoch 176, loss: 0.985059, test acc: 0.908833, test avg acc: 0.864087
Train epoch 177, loss: 0.945793, train acc: 0.938213, train avg acc: 0.905731
Test epoch 177, loss: 1.005756, test acc: 0.905592, test avg acc: 0.881424
Train epoch 178, loss: 0.957571, train acc: 0.932919, train avg acc: 0.901057
Test epoch 178, loss: 0.974573, test acc: 0.909238, test avg acc: 0.876808
Train epoch 179, loss: 0.961498, train acc: 0.937093, train avg acc: 0.906862
Test epoch 179, loss: 1.028088, test acc: 0.888979, test avg acc: 0.839012
Train epoch 180, loss: 0.962993, train acc: 0.932614, train avg acc: 0.899364
Test epoch 180, loss: 0.994728, test acc: 0.909238, test avg acc: 0.883727
Train epoch 181, loss: 0.961573, train acc: 0.934853, train avg acc: 0.903224
Test epoch 181, loss: 0.986236, test acc: 0.908023, test avg acc: 0.876169
Train epoch 182, loss: 0.959886, train acc: 0.934141, train avg acc: 0.904218
Test epoch 182, loss: 0.975552, test acc: 0.908833, test avg acc: 0.865791
Train epoch 183, loss: 0.952833, train acc: 0.939638, train avg acc: 0.907869
Test epoch 183, loss: 1.026549, test acc: 0.900324, test avg acc: 0.872977
Train epoch 184, loss: 0.957035, train acc: 0.936482, train avg acc: 0.903644
Test epoch 184, loss: 0.991927, test acc: 0.902755, test avg acc: 0.854413
Train epoch 185, loss: 0.948165, train acc: 0.938620, train avg acc: 0.907171
Test epoch 185, loss: 1.004073, test acc: 0.901540, test avg acc: 0.877250
Train epoch 186, loss: 0.951789, train acc: 0.936787, train avg acc: 0.906041
Test epoch 186, loss: 1.032852, test acc: 0.893841, test avg acc: 0.855064
Train epoch 187, loss: 0.958497, train acc: 0.934853, train avg acc: 0.901113
Test epoch 187, loss: 1.027295, test acc: 0.880470, test avg acc: 0.851930
Train epoch 188, loss: 0.956974, train acc: 0.935261, train avg acc: 0.904458
Test epoch 188, loss: 1.007800, test acc: 0.899514, test avg acc: 0.868895
Train epoch 189, loss: 0.952476, train acc: 0.936075, train avg acc: 0.903754
Test epoch 189, loss: 1.018926, test acc: 0.899514, test avg acc: 0.859977
Train epoch 190, loss: 0.945508, train acc: 0.937500, train avg acc: 0.906797
Test epoch 190, loss: 1.021060, test acc: 0.893436, test avg acc: 0.862238
Train epoch 191, loss: 0.953118, train acc: 0.937093, train avg acc: 0.903853
Test epoch 191, loss: 1.036080, test acc: 0.887763, test avg acc: 0.852029
Train epoch 192, loss: 0.950950, train acc: 0.936380, train avg acc: 0.904384
Test epoch 192, loss: 0.992846, test acc: 0.906402, test avg acc: 0.867047
Train epoch 193, loss: 0.942270, train acc: 0.938823, train avg acc: 0.907303
Test epoch 193, loss: 1.005738, test acc: 0.905186, test avg acc: 0.879599
Train epoch 194, loss: 0.943329, train acc: 0.939943, train avg acc: 0.910505
Test epoch 194, loss: 0.978454, test acc: 0.914100, test avg acc: 0.875634
Train epoch 195, loss: 0.946489, train acc: 0.937296, train avg acc: 0.906545
Test epoch 195, loss: 0.987237, test acc: 0.905186, test avg acc: 0.865843
Train epoch 196, loss: 0.940963, train acc: 0.940859, train avg acc: 0.911664
Test epoch 196, loss: 1.021948, test acc: 0.891815, test avg acc: 0.857581
Train epoch 197, loss: 0.939211, train acc: 0.940147, train avg acc: 0.910897
Test epoch 197, loss: 1.003516, test acc: 0.894652, test avg acc: 0.857802
Train epoch 198, loss: 0.947075, train acc: 0.939536, train avg acc: 0.908694
Test epoch 198, loss: 1.005659, test acc: 0.901945, test avg acc: 0.859256
Train epoch 199, loss: 0.942364, train acc: 0.939536, train avg acc: 0.907686
Test epoch 199, loss: 1.002253, test acc: 0.904781, test avg acc: 0.867593
Train epoch 200, loss: 0.939311, train acc: 0.940961, train avg acc: 0.910305
Test epoch 200, loss: 0.969856, test acc: 0.912075, test avg acc: 0.879959
Train epoch 201, loss: 0.946612, train acc: 0.939332, train avg acc: 0.909294
Test epoch 201, loss: 1.011247, test acc: 0.907212, test avg acc: 0.866709
Train epoch 202, loss: 0.943102, train acc: 0.938620, train avg acc: 0.907040
Test epoch 202, loss: 0.983298, test acc: 0.907212, test avg acc: 0.870872
Train epoch 203, loss: 0.944675, train acc: 0.938009, train avg acc: 0.907854
Test epoch 203, loss: 1.002524, test acc: 0.899109, test avg acc: 0.856297
Train epoch 204, loss: 0.945182, train acc: 0.937704, train avg acc: 0.906462
Test epoch 204, loss: 0.983799, test acc: 0.901945, test avg acc: 0.874209
Train epoch 205, loss: 0.927224, train acc: 0.946356, train avg acc: 0.919788
Test epoch 205, loss: 0.981889, test acc: 0.908023, test avg acc: 0.876837
Train epoch 206, loss: 0.928240, train acc: 0.947068, train avg acc: 0.919440
Test epoch 206, loss: 1.001648, test acc: 0.907212, test avg acc: 0.871262
Train epoch 207, loss: 0.935565, train acc: 0.942895, train avg acc: 0.913956
Test epoch 207, loss: 0.986028, test acc: 0.905592, test avg acc: 0.875297
Train epoch 208, loss: 0.938617, train acc: 0.941266, train avg acc: 0.911651
Test epoch 208, loss: 1.005203, test acc: 0.902350, test avg acc: 0.883907
Train epoch 209, loss: 0.926153, train acc: 0.946050, train avg acc: 0.918410
Test epoch 209, loss: 1.001657, test acc: 0.896677, test avg acc: 0.869797
Train epoch 210, loss: 0.936444, train acc: 0.943404, train avg acc: 0.914532
Test epoch 210, loss: 0.961959, test acc: 0.913290, test avg acc: 0.880413
Train epoch 211, loss: 0.934228, train acc: 0.945236, train avg acc: 0.920027
Test epoch 211, loss: 0.999455, test acc: 0.897893, test avg acc: 0.848012
Train epoch 212, loss: 0.938564, train acc: 0.941775, train avg acc: 0.912078
Test epoch 212, loss: 0.971844, test acc: 0.914100, test avg acc: 0.873250
Train epoch 213, loss: 0.923540, train acc: 0.948493, train avg acc: 0.921514
Test epoch 213, loss: 0.996997, test acc: 0.908833, test avg acc: 0.888465
Train epoch 214, loss: 0.930834, train acc: 0.942895, train avg acc: 0.916893
Test epoch 214, loss: 0.994941, test acc: 0.898298, test avg acc: 0.873174
Train epoch 215, loss: 0.931425, train acc: 0.942590, train avg acc: 0.913702
Test epoch 215, loss: 0.990694, test acc: 0.908833, test avg acc: 0.873436
Train epoch 216, loss: 0.933567, train acc: 0.945236, train avg acc: 0.918623
Test epoch 216, loss: 1.005672, test acc: 0.898298, test avg acc: 0.870017
Train epoch 217, loss: 0.933056, train acc: 0.945033, train avg acc: 0.919688
Test epoch 217, loss: 0.994949, test acc: 0.902755, test avg acc: 0.865983
Train epoch 218, loss: 0.919779, train acc: 0.948188, train avg acc: 0.924447
Test epoch 218, loss: 1.006460, test acc: 0.899109, test avg acc: 0.855250
Train epoch 219, loss: 0.942087, train acc: 0.938620, train avg acc: 0.906430
Test epoch 219, loss: 1.006996, test acc: 0.898703, test avg acc: 0.867645
Train epoch 220, loss: 0.925749, train acc: 0.946152, train avg acc: 0.918477
Test epoch 220, loss: 0.977770, test acc: 0.912480, test avg acc: 0.875297
Train epoch 221, loss: 0.929398, train acc: 0.946763, train avg acc: 0.918574
Test epoch 221, loss: 0.996549, test acc: 0.898298, test avg acc: 0.867099
Train epoch 222, loss: 0.918112, train acc: 0.949002, train avg acc: 0.926270
Test epoch 222, loss: 0.985470, test acc: 0.907618, test avg acc: 0.871378
Train epoch 223, loss: 0.926910, train acc: 0.944727, train avg acc: 0.917322
Test epoch 223, loss: 1.028420, test acc: 0.900324, test avg acc: 0.866593
Train epoch 224, loss: 0.919424, train acc: 0.948493, train avg acc: 0.923661
Test epoch 224, loss: 0.994518, test acc: 0.902350, test avg acc: 0.851384
Train epoch 225, loss: 0.916721, train acc: 0.951344, train avg acc: 0.925978
Test epoch 225, loss: 1.043997, test acc: 0.881280, test avg acc: 0.851285
Train epoch 226, loss: 0.924713, train acc: 0.946050, train avg acc: 0.918359
Test epoch 226, loss: 0.983380, test acc: 0.906807, test avg acc: 0.868378
Train epoch 227, loss: 0.926254, train acc: 0.946152, train avg acc: 0.918954
Test epoch 227, loss: 0.974923, test acc: 0.911264, test avg acc: 0.889581
Train epoch 228, loss: 0.929546, train acc: 0.947170, train avg acc: 0.921678
Test epoch 228, loss: 1.005414, test acc: 0.897893, test avg acc: 0.876372
Train epoch 229, loss: 0.924747, train acc: 0.946050, train avg acc: 0.917823
Test epoch 229, loss: 0.983175, test acc: 0.904781, test avg acc: 0.864640
Train epoch 230, loss: 0.930686, train acc: 0.945643, train avg acc: 0.916559
Test epoch 230, loss: 0.984559, test acc: 0.905592, test avg acc: 0.886041
Train epoch 231, loss: 0.915961, train acc: 0.949613, train avg acc: 0.923236
Test epoch 231, loss: 0.972406, test acc: 0.909238, test avg acc: 0.874459
Train epoch 232, loss: 0.914350, train acc: 0.952463, train avg acc: 0.927709
Test epoch 232, loss: 0.971867, test acc: 0.913290, test avg acc: 0.884913
Train epoch 233, loss: 0.919364, train acc: 0.951344, train avg acc: 0.926050
Test epoch 233, loss: 0.968702, test acc: 0.919368, test avg acc: 0.877535
Train epoch 234, loss: 0.906688, train acc: 0.953379, train avg acc: 0.928998
Test epoch 234, loss: 0.957952, test acc: 0.913290, test avg acc: 0.870157
Train epoch 235, loss: 0.914063, train acc: 0.950428, train avg acc: 0.922546
Test epoch 235, loss: 0.969395, test acc: 0.916532, test avg acc: 0.875407
Train epoch 236, loss: 0.920890, train acc: 0.945847, train avg acc: 0.916811
Test epoch 236, loss: 0.987331, test acc: 0.906402, test avg acc: 0.887587
Train epoch 237, loss: 0.922896, train acc: 0.947068, train avg acc: 0.918536
Test epoch 237, loss: 0.989727, test acc: 0.901135, test avg acc: 0.862994
Train epoch 238, loss: 0.918785, train acc: 0.948697, train avg acc: 0.922145
Test epoch 238, loss: 0.963704, test acc: 0.912885, test avg acc: 0.887041
Train epoch 239, loss: 0.917408, train acc: 0.947272, train avg acc: 0.917338
Test epoch 239, loss: 0.996993, test acc: 0.914911, test avg acc: 0.874291
Train epoch 240, loss: 0.909540, train acc: 0.950936, train avg acc: 0.925514
Test epoch 240, loss: 0.991364, test acc: 0.897893, test avg acc: 0.872378
Train epoch 241, loss: 0.913043, train acc: 0.952158, train avg acc: 0.926833
Test epoch 241, loss: 0.983384, test acc: 0.911264, test avg acc: 0.872006
Train epoch 242, loss: 0.904996, train acc: 0.953481, train avg acc: 0.930755
Test epoch 242, loss: 0.983416, test acc: 0.908428, test avg acc: 0.865203
Train epoch 243, loss: 0.907075, train acc: 0.950936, train avg acc: 0.926120
Test epoch 243, loss: 1.005896, test acc: 0.901135, test avg acc: 0.881744
Train epoch 244, loss: 0.908008, train acc: 0.950326, train avg acc: 0.926535
Test epoch 244, loss: 0.997506, test acc: 0.901540, test avg acc: 0.855988
Train epoch 245, loss: 0.913606, train acc: 0.950835, train avg acc: 0.927525
Test epoch 245, loss: 0.966196, test acc: 0.909643, test avg acc: 0.874576
Train epoch 246, loss: 0.915084, train acc: 0.949308, train avg acc: 0.925768
Test epoch 246, loss: 0.984284, test acc: 0.903566, test avg acc: 0.870547
Train epoch 247, loss: 0.913923, train acc: 0.950224, train avg acc: 0.924623
Test epoch 247, loss: 0.975814, test acc: 0.908428, test avg acc: 0.881471
Train epoch 248, loss: 0.911423, train acc: 0.951547, train avg acc: 0.923354
Test epoch 248, loss: 0.979473, test acc: 0.909643, test avg acc: 0.872087
Train epoch 249, loss: 0.889018, train acc: 0.959996, train avg acc: 0.938405
Test epoch 249, loss: 0.993522, test acc: 0.904781, test avg acc: 0.876628
Train epoch 250, loss: 0.910406, train acc: 0.952667, train avg acc: 0.928169
Test epoch 250, loss: 0.984922, test acc: 0.903971, test avg acc: 0.877465
Train epoch 251, loss: 0.900703, train acc: 0.955415, train avg acc: 0.934074
Test epoch 251, loss: 0.988827, test acc: 0.911669, test avg acc: 0.880186
Train epoch 252, loss: 0.904493, train acc: 0.953888, train avg acc: 0.929607
Test epoch 252, loss: 0.983777, test acc: 0.909643, test avg acc: 0.885337
Train epoch 253, loss: 0.906092, train acc: 0.952463, train avg acc: 0.924944
Test epoch 253, loss: 0.968675, test acc: 0.918558, test avg acc: 0.890122
Train epoch 254, loss: 0.903294, train acc: 0.951649, train avg acc: 0.926204
Test epoch 254, loss: 0.954945, test acc: 0.918963, test avg acc: 0.874453
Train epoch 255, loss: 0.903986, train acc: 0.952463, train avg acc: 0.926307
Test epoch 255, loss: 0.998769, test acc: 0.896677, test avg acc: 0.875622
Train epoch 256, loss: 0.905612, train acc: 0.952871, train avg acc: 0.929398
Test epoch 256, loss: 0.980936, test acc: 0.908023, test avg acc: 0.879413
Train epoch 257, loss: 0.908713, train acc: 0.952056, train avg acc: 0.929118
Test epoch 257, loss: 0.972052, test acc: 0.914100, test avg acc: 0.881750
Train epoch 258, loss: 0.897869, train acc: 0.957757, train avg acc: 0.938506
Test epoch 258, loss: 1.004375, test acc: 0.901540, test avg acc: 0.881657
Train epoch 259, loss: 0.898261, train acc: 0.956331, train avg acc: 0.933955
Test epoch 259, loss: 0.965348, test acc: 0.912885, test avg acc: 0.883837
Train epoch 260, loss: 0.898708, train acc: 0.955212, train avg acc: 0.933666
Test epoch 260, loss: 0.982357, test acc: 0.899919, test avg acc: 0.868000
Train epoch 261, loss: 0.891882, train acc: 0.958774, train avg acc: 0.937066
Test epoch 261, loss: 1.001107, test acc: 0.895057, test avg acc: 0.875703
Train epoch 262, loss: 0.893414, train acc: 0.957655, train avg acc: 0.935146
Test epoch 262, loss: 0.954878, test acc: 0.907618, test avg acc: 0.877913
Train epoch 263, loss: 0.889860, train acc: 0.957858, train avg acc: 0.939451
Test epoch 263, loss: 0.965331, test acc: 0.908023, test avg acc: 0.870587
Train epoch 264, loss: 0.889454, train acc: 0.960098, train avg acc: 0.937178
Test epoch 264, loss: 0.965933, test acc: 0.907618, test avg acc: 0.874000
Train epoch 265, loss: 0.895798, train acc: 0.955517, train avg acc: 0.933900
Test epoch 265, loss: 0.956555, test acc: 0.923420, test avg acc: 0.884878
Train epoch 266, loss: 0.892891, train acc: 0.957655, train avg acc: 0.933915
Test epoch 266, loss: 1.046327, test acc: 0.877634, test avg acc: 0.853401
Train epoch 267, loss: 0.887494, train acc: 0.957349, train avg acc: 0.937224
Test epoch 267, loss: 0.952120, test acc: 0.909238, test avg acc: 0.862372
Train epoch 268, loss: 0.892516, train acc: 0.954805, train avg acc: 0.930778
Test epoch 268, loss: 0.994619, test acc: 0.898703, test avg acc: 0.876843
Train epoch 269, loss: 0.892656, train acc: 0.957146, train avg acc: 0.935617
Test epoch 269, loss: 1.024182, test acc: 0.887358, test avg acc: 0.871622
Train epoch 270, loss: 0.896315, train acc: 0.955314, train avg acc: 0.932481
Test epoch 270, loss: 0.964481, test acc: 0.905186, test avg acc: 0.873634
Train epoch 271, loss: 0.889571, train acc: 0.957553, train avg acc: 0.937004
Test epoch 271, loss: 0.977958, test acc: 0.902350, test avg acc: 0.874331
Train epoch 272, loss: 0.891573, train acc: 0.957655, train avg acc: 0.936904
Test epoch 272, loss: 0.978667, test acc: 0.908023, test avg acc: 0.880041
Train epoch 273, loss: 0.881970, train acc: 0.960810, train avg acc: 0.940383
Test epoch 273, loss: 0.959919, test acc: 0.915721, test avg acc: 0.886919
Train epoch 274, loss: 0.892595, train acc: 0.957044, train avg acc: 0.934958
Test epoch 274, loss: 0.960404, test acc: 0.917342, test avg acc: 0.877587
Train epoch 275, loss: 0.880031, train acc: 0.963966, train avg acc: 0.947450
Test epoch 275, loss: 0.989288, test acc: 0.900324, test avg acc: 0.862262
Train epoch 276, loss: 0.888897, train acc: 0.957960, train avg acc: 0.936789
Test epoch 276, loss: 0.977638, test acc: 0.908023, test avg acc: 0.881122
Train epoch 277, loss: 0.893706, train acc: 0.955822, train avg acc: 0.932749
Test epoch 277, loss: 0.993648, test acc: 0.901135, test avg acc: 0.868343
Train epoch 278, loss: 0.889167, train acc: 0.956331, train avg acc: 0.933757
Test epoch 278, loss: 0.987648, test acc: 0.904376, test avg acc: 0.882785
Train epoch 279, loss: 0.884338, train acc: 0.960505, train avg acc: 0.939392
Test epoch 279, loss: 0.947745, test acc: 0.915316, test avg acc: 0.876587
Train epoch 280, loss: 0.890550, train acc: 0.959283, train avg acc: 0.937236
Test epoch 280, loss: 0.951097, test acc: 0.916937, test avg acc: 0.881134
Train epoch 281, loss: 0.883136, train acc: 0.961217, train avg acc: 0.942387
Test epoch 281, loss: 0.956809, test acc: 0.913290, test avg acc: 0.880959
Train epoch 282, loss: 0.874990, train acc: 0.963660, train avg acc: 0.946162
Test epoch 282, loss: 0.969535, test acc: 0.912480, test avg acc: 0.872907
Train epoch 283, loss: 0.877592, train acc: 0.962846, train avg acc: 0.943119
Test epoch 283, loss: 0.986095, test acc: 0.902755, test avg acc: 0.872041
Train epoch 284, loss: 0.868927, train acc: 0.968750, train avg acc: 0.951655
Test epoch 284, loss: 0.953721, test acc: 0.910454, test avg acc: 0.869837
Train epoch 285, loss: 0.889418, train acc: 0.958367, train avg acc: 0.938602
Test epoch 285, loss: 0.943949, test acc: 0.918558, test avg acc: 0.894669
Train epoch 286, loss: 0.872739, train acc: 0.965289, train avg acc: 0.948282
Test epoch 286, loss: 0.962511, test acc: 0.909238, test avg acc: 0.885669
Train epoch 287, loss: 0.881102, train acc: 0.962032, train avg acc: 0.940834
Test epoch 287, loss: 0.953980, test acc: 0.914911, test avg acc: 0.888884
Train epoch 288, loss: 0.863867, train acc: 0.966816, train avg acc: 0.948800
Test epoch 288, loss: 1.029571, test acc: 0.889384, test avg acc: 0.858512
Train epoch 289, loss: 0.873027, train acc: 0.965086, train avg acc: 0.948713
Test epoch 289, loss: 0.959639, test acc: 0.906402, test avg acc: 0.873547
Train epoch 290, loss: 0.880404, train acc: 0.962643, train avg acc: 0.944265
Test epoch 290, loss: 0.982518, test acc: 0.918152, test avg acc: 0.892907
Train epoch 291, loss: 0.884533, train acc: 0.960708, train avg acc: 0.940559
Test epoch 291, loss: 1.008873, test acc: 0.898298, test avg acc: 0.876564
Train epoch 292, loss: 0.882336, train acc: 0.960200, train avg acc: 0.941655
Test epoch 292, loss: 0.962667, test acc: 0.915316, test avg acc: 0.880703
Train epoch 293, loss: 0.872283, train acc: 0.964373, train avg acc: 0.946005
Test epoch 293, loss: 0.982113, test acc: 0.901540, test avg acc: 0.883134
Train epoch 294, loss: 0.867890, train acc: 0.964373, train avg acc: 0.946810
Test epoch 294, loss: 0.952837, test acc: 0.918963, test avg acc: 0.889750
Train epoch 295, loss: 0.859762, train acc: 0.970277, train avg acc: 0.955521
Test epoch 295, loss: 0.953191, test acc: 0.916937, test avg acc: 0.890413
Train epoch 296, loss: 0.874896, train acc: 0.961319, train avg acc: 0.941088
Test epoch 296, loss: 0.974620, test acc: 0.914911, test avg acc: 0.892250
Train epoch 297, loss: 0.868297, train acc: 0.964780, train avg acc: 0.948021
Test epoch 297, loss: 0.992810, test acc: 0.901540, test avg acc: 0.880750
Train epoch 298, loss: 0.871280, train acc: 0.962541, train avg acc: 0.942996
Test epoch 298, loss: 0.977253, test acc: 0.903566, test avg acc: 0.874919
Train epoch 299, loss: 0.866781, train acc: 0.965289, train avg acc: 0.949241
Test epoch 299, loss: 0.970346, test acc: 0.901135, test avg acc: 0.871372
Train epoch 300, loss: 0.856718, train acc: 0.969870, train avg acc: 0.954494
Test epoch 300, loss: 0.955909, test acc: 0.912885, test avg acc: 0.876576
Train epoch 301, loss: 0.861705, train acc: 0.969361, train avg acc: 0.952449
Test epoch 301, loss: 0.997441, test acc: 0.902350, test avg acc: 0.889500
Train epoch 302, loss: 0.861943, train acc: 0.968445, train avg acc: 0.950817
Test epoch 302, loss: 0.992981, test acc: 0.901135, test avg acc: 0.880320
Train epoch 303, loss: 0.863942, train acc: 0.966307, train avg acc: 0.952144
Test epoch 303, loss: 0.967483, test acc: 0.912480, test avg acc: 0.877355
Train epoch 304, loss: 0.865575, train acc: 0.965798, train avg acc: 0.949703
Test epoch 304, loss: 0.971862, test acc: 0.908023, test avg acc: 0.877058
Train epoch 305, loss: 0.866842, train acc: 0.965493, train avg acc: 0.946297
Test epoch 305, loss: 0.982721, test acc: 0.904781, test avg acc: 0.871965
Train epoch 306, loss: 0.857379, train acc: 0.969564, train avg acc: 0.952728
Test epoch 306, loss: 0.970602, test acc: 0.911669, test avg acc: 0.880081
Train epoch 307, loss: 0.856989, train acc: 0.969055, train avg acc: 0.954467
Test epoch 307, loss: 0.941746, test acc: 0.919368, test avg acc: 0.880087
Train epoch 308, loss: 0.861211, train acc: 0.966002, train avg acc: 0.948528
Test epoch 308, loss: 0.941689, test acc: 0.921799, test avg acc: 0.882326
Train epoch 309, loss: 0.859528, train acc: 0.969055, train avg acc: 0.951961
Test epoch 309, loss: 0.967194, test acc: 0.908023, test avg acc: 0.881913
Train epoch 310, loss: 0.861858, train acc: 0.966612, train avg acc: 0.950843
Test epoch 310, loss: 0.949788, test acc: 0.915316, test avg acc: 0.894494
Train epoch 311, loss: 0.853874, train acc: 0.970989, train avg acc: 0.955285
Test epoch 311, loss: 0.945758, test acc: 0.920583, test avg acc: 0.895552
Train epoch 312, loss: 0.854345, train acc: 0.970379, train avg acc: 0.956927
Test epoch 312, loss: 0.955516, test acc: 0.910049, test avg acc: 0.876802
Train epoch 313, loss: 0.864268, train acc: 0.965289, train avg acc: 0.946124
Test epoch 313, loss: 0.935430, test acc: 0.919773, test avg acc: 0.881785
Train epoch 314, loss: 0.860955, train acc: 0.968037, train avg acc: 0.951803
Test epoch 314, loss: 0.954214, test acc: 0.910859, test avg acc: 0.876459
Train epoch 315, loss: 0.851148, train acc: 0.971804, train avg acc: 0.958488
Test epoch 315, loss: 0.961157, test acc: 0.915316, test avg acc: 0.884459
Train epoch 316, loss: 0.854239, train acc: 0.967936, train avg acc: 0.949383
Test epoch 316, loss: 1.004858, test acc: 0.899109, test avg acc: 0.870355
Train epoch 317, loss: 0.852242, train acc: 0.969768, train avg acc: 0.954785
Test epoch 317, loss: 0.959172, test acc: 0.912480, test avg acc: 0.884163
Train epoch 318, loss: 0.849166, train acc: 0.970989, train avg acc: 0.956415
Test epoch 318, loss: 0.994532, test acc: 0.899514, test avg acc: 0.885959
Train epoch 319, loss: 0.853120, train acc: 0.971091, train avg acc: 0.955895
Test epoch 319, loss: 0.978244, test acc: 0.898298, test avg acc: 0.877581
Train epoch 320, loss: 0.849587, train acc: 0.970888, train avg acc: 0.955880
Test epoch 320, loss: 0.950337, test acc: 0.914506, test avg acc: 0.884087
Train epoch 321, loss: 0.839804, train acc: 0.975061, train avg acc: 0.961640
Test epoch 321, loss: 0.956969, test acc: 0.911669, test avg acc: 0.871419
Train epoch 322, loss: 0.845134, train acc: 0.974654, train avg acc: 0.962071
Test epoch 322, loss: 0.983181, test acc: 0.899919, test avg acc: 0.878041
Train epoch 323, loss: 0.845296, train acc: 0.971702, train avg acc: 0.957144
Test epoch 323, loss: 0.951097, test acc: 0.914506, test avg acc: 0.886000
Train epoch 324, loss: 0.857300, train acc: 0.969564, train avg acc: 0.955037
Test epoch 324, loss: 0.975873, test acc: 0.916937, test avg acc: 0.889576
Train epoch 325, loss: 0.849946, train acc: 0.970582, train avg acc: 0.953832
Test epoch 325, loss: 0.940971, test acc: 0.923015, test avg acc: 0.899198
Train epoch 326, loss: 0.846554, train acc: 0.970684, train avg acc: 0.954849
Test epoch 326, loss: 0.963724, test acc: 0.905997, test avg acc: 0.888709
Train epoch 327, loss: 0.844800, train acc: 0.972313, train avg acc: 0.959027
Test epoch 327, loss: 0.949147, test acc: 0.914911, test avg acc: 0.883419
Train epoch 328, loss: 0.836711, train acc: 0.975366, train avg acc: 0.962511
Test epoch 328, loss: 0.927399, test acc: 0.923825, test avg acc: 0.892041
Train epoch 329, loss: 0.844880, train acc: 0.974043, train avg acc: 0.961336
Test epoch 329, loss: 0.950558, test acc: 0.917747, test avg acc: 0.889291
Train epoch 330, loss: 0.853440, train acc: 0.968343, train avg acc: 0.951053
Test epoch 330, loss: 0.959401, test acc: 0.914100, test avg acc: 0.890285
Train epoch 331, loss: 0.835912, train acc: 0.976995, train avg acc: 0.965108
Test epoch 331, loss: 0.947129, test acc: 0.919773, test avg acc: 0.894785
Train epoch 332, loss: 0.841634, train acc: 0.974247, train avg acc: 0.961725
Test epoch 332, loss: 0.983864, test acc: 0.903971, test avg acc: 0.881459
Train epoch 333, loss: 0.846583, train acc: 0.971397, train avg acc: 0.955546
Test epoch 333, loss: 0.954112, test acc: 0.917342, test avg acc: 0.876581
Train epoch 334, loss: 0.848394, train acc: 0.970684, train avg acc: 0.956220
Test epoch 334, loss: 0.949965, test acc: 0.923015, test avg acc: 0.894035
Train epoch 335, loss: 0.837184, train acc: 0.975468, train avg acc: 0.963692
Test epoch 335, loss: 0.965160, test acc: 0.908428, test avg acc: 0.878738
Train epoch 336, loss: 0.831520, train acc: 0.975977, train avg acc: 0.963988
Test epoch 336, loss: 0.961003, test acc: 0.904781, test avg acc: 0.877256
Train epoch 337, loss: 0.836995, train acc: 0.976079, train avg acc: 0.965563
Test epoch 337, loss: 0.958032, test acc: 0.912480, test avg acc: 0.878674
Train epoch 338, loss: 0.834571, train acc: 0.974654, train avg acc: 0.963605
Test epoch 338, loss: 0.940041, test acc: 0.917747, test avg acc: 0.879000
Train epoch 339, loss: 0.847202, train acc: 0.970379, train avg acc: 0.954551
Test epoch 339, loss: 0.962460, test acc: 0.914911, test avg acc: 0.888122
Train epoch 340, loss: 0.838626, train acc: 0.974959, train avg acc: 0.961436
Test epoch 340, loss: 0.953860, test acc: 0.915316, test avg acc: 0.878413
Train epoch 341, loss: 0.838807, train acc: 0.975468, train avg acc: 0.962040
Test epoch 341, loss: 0.985230, test acc: 0.900324, test avg acc: 0.878640
Train epoch 342, loss: 0.838359, train acc: 0.974349, train avg acc: 0.961290
Test epoch 342, loss: 0.971182, test acc: 0.906402, test avg acc: 0.884384
Train epoch 343, loss: 0.837091, train acc: 0.973331, train avg acc: 0.958329
Test epoch 343, loss: 0.949001, test acc: 0.912885, test avg acc: 0.891081
Train epoch 344, loss: 0.833711, train acc: 0.975977, train avg acc: 0.963860
Test epoch 344, loss: 0.950933, test acc: 0.918558, test avg acc: 0.886953
Train epoch 345, loss: 0.832888, train acc: 0.976181, train avg acc: 0.965051
Test epoch 345, loss: 0.975109, test acc: 0.911264, test avg acc: 0.885756
Train epoch 346, loss: 0.831099, train acc: 0.977300, train avg acc: 0.966228
Test epoch 346, loss: 0.955138, test acc: 0.910454, test avg acc: 0.880709
Train epoch 347, loss: 0.829781, train acc: 0.977097, train avg acc: 0.966155
Test epoch 347, loss: 0.934474, test acc: 0.924230, test avg acc: 0.890744
Train epoch 348, loss: 0.834349, train acc: 0.974857, train avg acc: 0.962038
Test epoch 348, loss: 0.969650, test acc: 0.903160, test avg acc: 0.881285
Train epoch 349, loss: 0.826782, train acc: 0.978115, train avg acc: 0.967135
Test epoch 349, loss: 0.980178, test acc: 0.900324, test avg acc: 0.875878
Train epoch 350, loss: 0.824751, train acc: 0.979336, train avg acc: 0.967720
Test epoch 350, loss: 0.947608, test acc: 0.910859, test avg acc: 0.882465
Train epoch 351, loss: 0.838707, train acc: 0.971804, train avg acc: 0.957216
Test epoch 351, loss: 0.955249, test acc: 0.912075, test avg acc: 0.883709
Train epoch 352, loss: 0.826051, train acc: 0.979336, train avg acc: 0.968516
Test epoch 352, loss: 0.947818, test acc: 0.919368, test avg acc: 0.890500
Train epoch 353, loss: 0.816637, train acc: 0.982288, train avg acc: 0.974708
Test epoch 353, loss: 0.954628, test acc: 0.910454, test avg acc: 0.879343
Train epoch 354, loss: 0.820831, train acc: 0.979540, train avg acc: 0.968139
Test epoch 354, loss: 0.948914, test acc: 0.912885, test avg acc: 0.881866
Train epoch 355, loss: 0.836236, train acc: 0.971906, train avg acc: 0.956448
Test epoch 355, loss: 0.967779, test acc: 0.912885, test avg acc: 0.882674
Train epoch 356, loss: 0.823607, train acc: 0.978217, train avg acc: 0.966280
Test epoch 356, loss: 0.972224, test acc: 0.908428, test avg acc: 0.890198
Train epoch 357, loss: 0.819796, train acc: 0.980660, train avg acc: 0.970942
Test epoch 357, loss: 0.945842, test acc: 0.916532, test avg acc: 0.887297
Train epoch 358, loss: 0.818647, train acc: 0.981169, train avg acc: 0.971536
Test epoch 358, loss: 0.958231, test acc: 0.914911, test avg acc: 0.881576
Train epoch 359, loss: 0.819586, train acc: 0.980456, train avg acc: 0.971239
Test epoch 359, loss: 0.937448, test acc: 0.925041, test avg acc: 0.890994
Train epoch 360, loss: 0.818052, train acc: 0.981881, train avg acc: 0.973973
Test epoch 360, loss: 0.960379, test acc: 0.908023, test avg acc: 0.883157
Train epoch 361, loss: 0.820737, train acc: 0.981270, train avg acc: 0.971270
Test epoch 361, loss: 0.951938, test acc: 0.916532, test avg acc: 0.890163
Train epoch 362, loss: 0.810156, train acc: 0.983001, train avg acc: 0.973986
Test epoch 362, loss: 0.939957, test acc: 0.921394, test avg acc: 0.890000
Train epoch 363, loss: 0.818360, train acc: 0.980049, train avg acc: 0.969724
Test epoch 363, loss: 0.942020, test acc: 0.917747, test avg acc: 0.885953
Train epoch 364, loss: 0.810911, train acc: 0.982797, train avg acc: 0.973468
Test epoch 364, loss: 0.941451, test acc: 0.916126, test avg acc: 0.898331
Train epoch 365, loss: 0.815637, train acc: 0.980660, train avg acc: 0.972610
Test epoch 365, loss: 0.942969, test acc: 0.919368, test avg acc: 0.888372
Train epoch 366, loss: 0.810243, train acc: 0.983713, train avg acc: 0.976196
Test epoch 366, loss: 0.947802, test acc: 0.920583, test avg acc: 0.888628
Train epoch 367, loss: 0.816426, train acc: 0.980456, train avg acc: 0.970282
Test epoch 367, loss: 0.948493, test acc: 0.910454, test avg acc: 0.888331
Train epoch 368, loss: 0.820819, train acc: 0.979235, train avg acc: 0.968910
Test epoch 368, loss: 0.939998, test acc: 0.921799, test avg acc: 0.883872
Train epoch 369, loss: 0.812623, train acc: 0.981881, train avg acc: 0.973891
Test epoch 369, loss: 0.947863, test acc: 0.918152, test avg acc: 0.896198
Train epoch 370, loss: 0.813492, train acc: 0.982797, train avg acc: 0.973636
Test epoch 370, loss: 0.954338, test acc: 0.917342, test avg acc: 0.889785
Train epoch 371, loss: 0.809521, train acc: 0.982594, train avg acc: 0.974548
Test epoch 371, loss: 0.942819, test acc: 0.920583, test avg acc: 0.898000
Train epoch 372, loss: 0.812554, train acc: 0.983001, train avg acc: 0.973057
Test epoch 372, loss: 0.964614, test acc: 0.909238, test avg acc: 0.880512
Train epoch 373, loss: 0.812949, train acc: 0.982695, train avg acc: 0.972399
Test epoch 373, loss: 0.958783, test acc: 0.917342, test avg acc: 0.894157
Train epoch 374, loss: 0.809511, train acc: 0.983815, train avg acc: 0.976270
Test epoch 374, loss: 0.954657, test acc: 0.914506, test avg acc: 0.888872
Train epoch 375, loss: 0.806955, train acc: 0.984935, train avg acc: 0.977034
Test epoch 375, loss: 0.951996, test acc: 0.916126, test avg acc: 0.890297
Train epoch 376, loss: 0.801694, train acc: 0.986055, train avg acc: 0.978808
Test epoch 376, loss: 0.943254, test acc: 0.917342, test avg acc: 0.887791
Train epoch 377, loss: 0.811416, train acc: 0.981881, train avg acc: 0.974829
Test epoch 377, loss: 0.945612, test acc: 0.920989, test avg acc: 0.889291
Train epoch 378, loss: 0.805216, train acc: 0.984222, train avg acc: 0.975534
Test epoch 378, loss: 0.933944, test acc: 0.925041, test avg acc: 0.893785
Train epoch 379, loss: 0.805887, train acc: 0.985851, train avg acc: 0.979123
Test epoch 379, loss: 0.961352, test acc: 0.916532, test avg acc: 0.889663
Train epoch 380, loss: 0.807014, train acc: 0.983408, train avg acc: 0.976661
Test epoch 380, loss: 0.946061, test acc: 0.918152, test avg acc: 0.894826
Train epoch 381, loss: 0.811964, train acc: 0.981881, train avg acc: 0.974076
Test epoch 381, loss: 0.931376, test acc: 0.923015, test avg acc: 0.893413
Train epoch 382, loss: 0.811090, train acc: 0.983001, train avg acc: 0.973305
Test epoch 382, loss: 0.951817, test acc: 0.910049, test avg acc: 0.877052
Train epoch 383, loss: 0.808119, train acc: 0.983204, train avg acc: 0.974129
Test epoch 383, loss: 0.944354, test acc: 0.920178, test avg acc: 0.890366
Train epoch 384, loss: 0.800198, train acc: 0.985342, train avg acc: 0.978239
Test epoch 384, loss: 0.928523, test acc: 0.925851, test avg acc: 0.889163
Train epoch 385, loss: 0.802097, train acc: 0.985342, train avg acc: 0.976860
Test epoch 385, loss: 0.935943, test acc: 0.923420, test avg acc: 0.893988
Train epoch 386, loss: 0.800642, train acc: 0.986055, train avg acc: 0.979854
Test epoch 386, loss: 0.951735, test acc: 0.916532, test avg acc: 0.890785
Train epoch 387, loss: 0.800827, train acc: 0.984833, train avg acc: 0.977615
Test epoch 387, loss: 0.951191, test acc: 0.918558, test avg acc: 0.889965
Train epoch 388, loss: 0.800638, train acc: 0.984324, train avg acc: 0.976621
Test epoch 388, loss: 0.941798, test acc: 0.918152, test avg acc: 0.889169
Train epoch 389, loss: 0.803656, train acc: 0.986156, train avg acc: 0.979154
Test epoch 389, loss: 0.947624, test acc: 0.916126, test avg acc: 0.879076
Train epoch 390, loss: 0.802570, train acc: 0.984528, train avg acc: 0.975302
Test epoch 390, loss: 0.940823, test acc: 0.920989, test avg acc: 0.885372
Train epoch 391, loss: 0.803666, train acc: 0.985953, train avg acc: 0.979220
Test epoch 391, loss: 0.936187, test acc: 0.920989, test avg acc: 0.886791
Train epoch 392, loss: 0.801202, train acc: 0.985342, train avg acc: 0.977939
Test epoch 392, loss: 0.946542, test acc: 0.916532, test avg acc: 0.889657
Train epoch 393, loss: 0.804579, train acc: 0.983612, train avg acc: 0.975180
Test epoch 393, loss: 0.948450, test acc: 0.915721, test avg acc: 0.893081
Train epoch 394, loss: 0.796226, train acc: 0.987072, train avg acc: 0.981978
Test epoch 394, loss: 0.941120, test acc: 0.920178, test avg acc: 0.897953
Train epoch 395, loss: 0.796793, train acc: 0.986971, train avg acc: 0.979876
Test epoch 395, loss: 0.954001, test acc: 0.914100, test avg acc: 0.887797
Train epoch 396, loss: 0.796257, train acc: 0.985851, train avg acc: 0.977276
Test epoch 396, loss: 0.931979, test acc: 0.925446, test avg acc: 0.894076
Train epoch 397, loss: 0.801554, train acc: 0.986055, train avg acc: 0.978022
Test epoch 397, loss: 0.939078, test acc: 0.920989, test avg acc: 0.894116
Train epoch 398, loss: 0.794151, train acc: 0.986869, train avg acc: 0.982010
Test epoch 398, loss: 0.931934, test acc: 0.919368, test avg acc: 0.884535
Train epoch 399, loss: 0.795534, train acc: 0.987276, train avg acc: 0.982021
Test epoch 399, loss: 0.937000, test acc: 0.920178, test avg acc: 0.896616
Train epoch 400, loss: 0.792409, train acc: 0.988294, train avg acc: 0.983088
Test epoch 400, loss: 0.945218, test acc: 0.915316, test avg acc: 0.893709
Train epoch 401, loss: 0.789548, train acc: 0.989617, train avg acc: 0.983997
Test epoch 401, loss: 0.940117, test acc: 0.917342, test avg acc: 0.889244
Train epoch 402, loss: 0.792544, train acc: 0.986767, train avg acc: 0.979065
Test epoch 402, loss: 0.940196, test acc: 0.915316, test avg acc: 0.889291
Train epoch 403, loss: 0.789118, train acc: 0.988294, train avg acc: 0.981867
Test epoch 403, loss: 0.933791, test acc: 0.927066, test avg acc: 0.898913
Train epoch 404, loss: 0.789740, train acc: 0.988701, train avg acc: 0.983557
Test epoch 404, loss: 0.929890, test acc: 0.925851, test avg acc: 0.904035
Train epoch 405, loss: 0.792051, train acc: 0.986869, train avg acc: 0.980747
Test epoch 405, loss: 0.937140, test acc: 0.919368, test avg acc: 0.886657
Train epoch 406, loss: 0.793111, train acc: 0.987072, train avg acc: 0.980796
Test epoch 406, loss: 0.943702, test acc: 0.911669, test avg acc: 0.878924
Train epoch 407, loss: 0.792980, train acc: 0.986360, train avg acc: 0.978718
Test epoch 407, loss: 0.937585, test acc: 0.920178, test avg acc: 0.891913
Train epoch 408, loss: 0.791351, train acc: 0.987785, train avg acc: 0.981555
Test epoch 408, loss: 0.954736, test acc: 0.912480, test avg acc: 0.886709
Train epoch 409, loss: 0.787309, train acc: 0.988498, train avg acc: 0.983331
Test epoch 409, loss: 0.943973, test acc: 0.919773, test avg acc: 0.896744
Train epoch 410, loss: 0.786820, train acc: 0.988701, train avg acc: 0.982394
Test epoch 410, loss: 0.936069, test acc: 0.916126, test avg acc: 0.894256
Train epoch 411, loss: 0.784927, train acc: 0.989821, train avg acc: 0.984510
Test epoch 411, loss: 0.943366, test acc: 0.915721, test avg acc: 0.885878
Train epoch 412, loss: 0.790005, train acc: 0.987785, train avg acc: 0.981163
Test epoch 412, loss: 0.934615, test acc: 0.922204, test avg acc: 0.896913
Train epoch 413, loss: 0.789127, train acc: 0.989108, train avg acc: 0.983427
Test epoch 413, loss: 0.936067, test acc: 0.921394, test avg acc: 0.889744
Train epoch 414, loss: 0.785661, train acc: 0.989617, train avg acc: 0.984808
Test epoch 414, loss: 0.928698, test acc: 0.923825, test avg acc: 0.894000
Train epoch 415, loss: 0.780880, train acc: 0.991246, train avg acc: 0.985975
Test epoch 415, loss: 0.945015, test acc: 0.919368, test avg acc: 0.898581
Train epoch 416, loss: 0.786495, train acc: 0.987989, train avg acc: 0.983189
Test epoch 416, loss: 0.936087, test acc: 0.921394, test avg acc: 0.890744
Train epoch 417, loss: 0.781395, train acc: 0.990533, train avg acc: 0.986724
Test epoch 417, loss: 0.952111, test acc: 0.910454, test avg acc: 0.881163
Train epoch 418, loss: 0.782699, train acc: 0.989108, train avg acc: 0.984310
Test epoch 418, loss: 0.938896, test acc: 0.916937, test avg acc: 0.889494
Train epoch 419, loss: 0.785835, train acc: 0.988498, train avg acc: 0.982453
Test epoch 419, loss: 0.936634, test acc: 0.913695, test avg acc: 0.884128
Train epoch 420, loss: 0.784014, train acc: 0.989515, train avg acc: 0.984732
Test epoch 420, loss: 0.924014, test acc: 0.925041, test avg acc: 0.891953
Train epoch 421, loss: 0.784618, train acc: 0.990635, train avg acc: 0.986568
Test epoch 421, loss: 0.932332, test acc: 0.918558, test avg acc: 0.893994
Train epoch 422, loss: 0.780803, train acc: 0.990024, train avg acc: 0.984734
Test epoch 422, loss: 0.938051, test acc: 0.922609, test avg acc: 0.902326
Train epoch 423, loss: 0.781001, train acc: 0.991246, train avg acc: 0.987698
Test epoch 423, loss: 0.941230, test acc: 0.913695, test avg acc: 0.885919
Train epoch 424, loss: 0.780751, train acc: 0.990839, train avg acc: 0.986438
Test epoch 424, loss: 0.936424, test acc: 0.918963, test avg acc: 0.892791
Train epoch 425, loss: 0.780709, train acc: 0.991042, train avg acc: 0.985940
Test epoch 425, loss: 0.932374, test acc: 0.920989, test avg acc: 0.891791
Train epoch 426, loss: 0.781427, train acc: 0.990432, train avg acc: 0.985369
Test epoch 426, loss: 0.938560, test acc: 0.912885, test avg acc: 0.887378
Train epoch 427, loss: 0.778273, train acc: 0.992366, train avg acc: 0.989696
Test epoch 427, loss: 0.936750, test acc: 0.920989, test avg acc: 0.890372
Train epoch 428, loss: 0.776578, train acc: 0.992366, train avg acc: 0.989126
Test epoch 428, loss: 0.934216, test acc: 0.921799, test avg acc: 0.892453
Train epoch 429, loss: 0.777427, train acc: 0.991653, train avg acc: 0.987438
Test epoch 429, loss: 0.942891, test acc: 0.915721, test avg acc: 0.897035
Train epoch 430, loss: 0.777515, train acc: 0.990126, train avg acc: 0.985156
Test epoch 430, loss: 0.940295, test acc: 0.916532, test avg acc: 0.889244
Train epoch 431, loss: 0.779287, train acc: 0.988905, train avg acc: 0.983122
Test epoch 431, loss: 0.939275, test acc: 0.918963, test avg acc: 0.892413
Train epoch 432, loss: 0.772034, train acc: 0.993689, train avg acc: 0.991045
Test epoch 432, loss: 0.938503, test acc: 0.919773, test avg acc: 0.895244
Train epoch 433, loss: 0.773089, train acc: 0.993282, train avg acc: 0.990235
Test epoch 433, loss: 0.932291, test acc: 0.921799, test avg acc: 0.896785
Train epoch 434, loss: 0.778371, train acc: 0.990126, train avg acc: 0.984566
Test epoch 434, loss: 0.939050, test acc: 0.920583, test avg acc: 0.891709
Train epoch 435, loss: 0.774871, train acc: 0.991755, train avg acc: 0.988297
Test epoch 435, loss: 0.935400, test acc: 0.922204, test avg acc: 0.901116
Train epoch 436, loss: 0.775450, train acc: 0.991450, train avg acc: 0.987802
Test epoch 436, loss: 0.937143, test acc: 0.920583, test avg acc: 0.895372
Train epoch 437, loss: 0.780295, train acc: 0.990432, train avg acc: 0.986070
Test epoch 437, loss: 0.931560, test acc: 0.921799, test avg acc: 0.894663
Train epoch 438, loss: 0.776473, train acc: 0.991246, train avg acc: 0.988093
Test epoch 438, loss: 0.938493, test acc: 0.914911, test avg acc: 0.885831
Train epoch 439, loss: 0.772848, train acc: 0.992875, train avg acc: 0.988776
Test epoch 439, loss: 0.936553, test acc: 0.923015, test avg acc: 0.894541
Train epoch 440, loss: 0.774112, train acc: 0.993893, train avg acc: 0.991023
Test epoch 440, loss: 0.930453, test acc: 0.922609, test avg acc: 0.899081
Train epoch 441, loss: 0.774828, train acc: 0.991958, train avg acc: 0.986321
Test epoch 441, loss: 0.935045, test acc: 0.923015, test avg acc: 0.896203
Train epoch 442, loss: 0.776002, train acc: 0.991348, train avg acc: 0.986920
Test epoch 442, loss: 0.930947, test acc: 0.926661, test avg acc: 0.900076
Train epoch 443, loss: 0.768709, train acc: 0.994300, train avg acc: 0.991392
Test epoch 443, loss: 0.936608, test acc: 0.923015, test avg acc: 0.895494
Train epoch 444, loss: 0.774297, train acc: 0.991551, train avg acc: 0.987401
Test epoch 444, loss: 0.938246, test acc: 0.924230, test avg acc: 0.898576
Train epoch 445, loss: 0.770212, train acc: 0.993893, train avg acc: 0.990938
Test epoch 445, loss: 0.937887, test acc: 0.918558, test avg acc: 0.891913
Train epoch 446, loss: 0.770003, train acc: 0.993587, train avg acc: 0.990674
Test epoch 446, loss: 0.935371, test acc: 0.924230, test avg acc: 0.894535
Train epoch 447, loss: 0.769166, train acc: 0.992162, train avg acc: 0.987706
Test epoch 447, loss: 0.928193, test acc: 0.928282, test avg acc: 0.897035
Train epoch 448, loss: 0.771425, train acc: 0.992264, train avg acc: 0.988259
Test epoch 448, loss: 0.931455, test acc: 0.926661, test avg acc: 0.898994
Train epoch 449, loss: 0.772471, train acc: 0.992162, train avg acc: 0.986264
Test epoch 449, loss: 0.937317, test acc: 0.922204, test avg acc: 0.892163
Train epoch 450, loss: 0.774011, train acc: 0.992569, train avg acc: 0.989723
Test epoch 450, loss: 0.939253, test acc: 0.923420, test avg acc: 0.897791
Train epoch 451, loss: 0.771951, train acc: 0.992162, train avg acc: 0.988290
Test epoch 451, loss: 0.936561, test acc: 0.921799, test avg acc: 0.898953
Train epoch 452, loss: 0.769467, train acc: 0.993078, train avg acc: 0.989672
Test epoch 452, loss: 0.935896, test acc: 0.924635, test avg acc: 0.899703
Train epoch 453, loss: 0.772138, train acc: 0.992569, train avg acc: 0.989178
Test epoch 453, loss: 0.935736, test acc: 0.920583, test avg acc: 0.893203
Train epoch 454, loss: 0.768059, train acc: 0.994503, train avg acc: 0.991726
Test epoch 454, loss: 0.939353, test acc: 0.923015, test avg acc: 0.895866
Train epoch 455, loss: 0.767615, train acc: 0.992569, train avg acc: 0.988718
Test epoch 455, loss: 0.937561, test acc: 0.924230, test avg acc: 0.901244
Train epoch 456, loss: 0.770478, train acc: 0.991958, train avg acc: 0.987334
Test epoch 456, loss: 0.930382, test acc: 0.923015, test avg acc: 0.901785
Train epoch 457, loss: 0.770019, train acc: 0.993180, train avg acc: 0.990150
Test epoch 457, loss: 0.931012, test acc: 0.922204, test avg acc: 0.894913
Train epoch 458, loss: 0.765916, train acc: 0.995012, train avg acc: 0.992900
Test epoch 458, loss: 0.931089, test acc: 0.922609, test avg acc: 0.893285
Train epoch 459, loss: 0.770112, train acc: 0.992773, train avg acc: 0.989697
Test epoch 459, loss: 0.928296, test acc: 0.923825, test avg acc: 0.898285
Train epoch 460, loss: 0.767919, train acc: 0.993180, train avg acc: 0.990198
Test epoch 460, loss: 0.932873, test acc: 0.920583, test avg acc: 0.897122
Train epoch 461, loss: 0.769199, train acc: 0.992366, train avg acc: 0.989525
Test epoch 461, loss: 0.934129, test acc: 0.925446, test avg acc: 0.900366
Train epoch 462, loss: 0.769246, train acc: 0.992366, train avg acc: 0.988039
Test epoch 462, loss: 0.935501, test acc: 0.919368, test avg acc: 0.898372
Train epoch 463, loss: 0.768862, train acc: 0.993180, train avg acc: 0.990374
Test epoch 463, loss: 0.927768, test acc: 0.925446, test avg acc: 0.895244
Train epoch 464, loss: 0.766587, train acc: 0.993791, train avg acc: 0.989841
Test epoch 464, loss: 0.929431, test acc: 0.925446, test avg acc: 0.897285
Train epoch 465, loss: 0.765478, train acc: 0.994707, train avg acc: 0.992648
Test epoch 465, loss: 0.933386, test acc: 0.921394, test avg acc: 0.895866
Train epoch 466, loss: 0.767036, train acc: 0.993384, train avg acc: 0.989880
Test epoch 466, loss: 0.933612, test acc: 0.923420, test avg acc: 0.901076
Train epoch 467, loss: 0.769589, train acc: 0.993893, train avg acc: 0.990396
Test epoch 467, loss: 0.929704, test acc: 0.927066, test avg acc: 0.901488
Train epoch 468, loss: 0.768486, train acc: 0.993282, train avg acc: 0.990914
Test epoch 468, loss: 0.930208, test acc: 0.923015, test avg acc: 0.892663
Train epoch 469, loss: 0.766199, train acc: 0.994198, train avg acc: 0.991454
Test epoch 469, loss: 0.932773, test acc: 0.923825, test avg acc: 0.900041
Train epoch 470, loss: 0.766546, train acc: 0.994605, train avg acc: 0.992449
Test epoch 470, loss: 0.934552, test acc: 0.919368, test avg acc: 0.891250
Train epoch 471, loss: 0.765873, train acc: 0.993994, train avg acc: 0.990824
Test epoch 471, loss: 0.936286, test acc: 0.918152, test avg acc: 0.891622
Train epoch 472, loss: 0.763772, train acc: 0.995521, train avg acc: 0.993216
Test epoch 472, loss: 0.939499, test acc: 0.919368, test avg acc: 0.892163
Train epoch 473, loss: 0.764929, train acc: 0.993791, train avg acc: 0.990524
Test epoch 473, loss: 0.934304, test acc: 0.921799, test avg acc: 0.889907
Train epoch 474, loss: 0.763425, train acc: 0.995318, train avg acc: 0.993234
Test epoch 474, loss: 0.934305, test acc: 0.920178, test avg acc: 0.890913
Train epoch 475, loss: 0.766329, train acc: 0.993384, train avg acc: 0.991069
Test epoch 475, loss: 0.933285, test acc: 0.922609, test avg acc: 0.895122
Train epoch 476, loss: 0.767309, train acc: 0.993587, train avg acc: 0.989410
Test epoch 476, loss: 0.937356, test acc: 0.919773, test avg acc: 0.896331
Train epoch 477, loss: 0.764865, train acc: 0.994605, train avg acc: 0.991479
Test epoch 477, loss: 0.934077, test acc: 0.922609, test avg acc: 0.896413
Train epoch 478, loss: 0.763528, train acc: 0.994198, train avg acc: 0.990640
Test epoch 478, loss: 0.932685, test acc: 0.920583, test avg acc: 0.890953
Train epoch 479, loss: 0.765805, train acc: 0.994198, train avg acc: 0.991588
Test epoch 479, loss: 0.933575, test acc: 0.923015, test avg acc: 0.895622
Train epoch 480, loss: 0.766418, train acc: 0.993485, train avg acc: 0.989639
Test epoch 480, loss: 0.930279, test acc: 0.923420, test avg acc: 0.895076
Train epoch 481, loss: 0.769324, train acc: 0.992569, train avg acc: 0.990061
Test epoch 481, loss: 0.928332, test acc: 0.920583, test avg acc: 0.891244
Train epoch 482, loss: 0.765003, train acc: 0.993485, train avg acc: 0.989739
Test epoch 482, loss: 0.933746, test acc: 0.925446, test avg acc: 0.901366
Train epoch 483, loss: 0.766461, train acc: 0.994198, train avg acc: 0.991449
Test epoch 483, loss: 0.937953, test acc: 0.923420, test avg acc: 0.898076
Train epoch 484, loss: 0.766839, train acc: 0.993893, train avg acc: 0.990638
Test epoch 484, loss: 0.933784, test acc: 0.924230, test avg acc: 0.897576
Train epoch 485, loss: 0.767616, train acc: 0.992671, train avg acc: 0.988859
Test epoch 485, loss: 0.930898, test acc: 0.924635, test avg acc: 0.901826
Train epoch 486, loss: 0.767060, train acc: 0.993180, train avg acc: 0.990542
Test epoch 486, loss: 0.933715, test acc: 0.924230, test avg acc: 0.898372
Train epoch 487, loss: 0.763026, train acc: 0.995318, train avg acc: 0.992848
Test epoch 487, loss: 0.935220, test acc: 0.920583, test avg acc: 0.894122
Train epoch 488, loss: 0.765006, train acc: 0.994605, train avg acc: 0.991454
Test epoch 488, loss: 0.934861, test acc: 0.921394, test avg acc: 0.896744
Train epoch 489, loss: 0.763522, train acc: 0.993893, train avg acc: 0.990312
Test epoch 489, loss: 0.935151, test acc: 0.926256, test avg acc: 0.898826
Train epoch 490, loss: 0.765321, train acc: 0.994198, train avg acc: 0.991642
Test epoch 490, loss: 0.930445, test acc: 0.923825, test avg acc: 0.895448
Train epoch 491, loss: 0.765346, train acc: 0.993893, train avg acc: 0.991139
Test epoch 491, loss: 0.930381, test acc: 0.923825, test avg acc: 0.897285
Train epoch 492, loss: 0.765435, train acc: 0.993485, train avg acc: 0.990636
Test epoch 492, loss: 0.930582, test acc: 0.923015, test avg acc: 0.891907
Train epoch 493, loss: 0.760312, train acc: 0.994910, train avg acc: 0.992203
Test epoch 493, loss: 0.931889, test acc: 0.923825, test avg acc: 0.895285
Train epoch 494, loss: 0.761821, train acc: 0.994910, train avg acc: 0.991675
Test epoch 494, loss: 0.936660, test acc: 0.922204, test avg acc: 0.898203
Train epoch 495, loss: 0.764091, train acc: 0.993893, train avg acc: 0.990080
Test epoch 495, loss: 0.936097, test acc: 0.920989, test avg acc: 0.895494
Train epoch 496, loss: 0.763111, train acc: 0.994503, train avg acc: 0.991209
Test epoch 496, loss: 0.932021, test acc: 0.922609, test avg acc: 0.896535
Train epoch 497, loss: 0.763592, train acc: 0.995318, train avg acc: 0.992694
Test epoch 497, loss: 0.929702, test acc: 0.924635, test avg acc: 0.891948
Train epoch 498, loss: 0.763952, train acc: 0.994401, train avg acc: 0.991503
Test epoch 498, loss: 0.932697, test acc: 0.922204, test avg acc: 0.899285
Train epoch 499, loss: 0.765054, train acc: 0.995012, train avg acc: 0.992403
Test epoch 499, loss: 0.935656, test acc: 0.923015, test avg acc: 0.893826
