Namespace(augmix_cutmix_prob=0.5, augmix_prob=0.0, batch_size=32, beta=1.0, data_path='./data/modelnet40_normal_resampled', dataset='modelnet40', dropout=0.5, emb_dims=1024, epochs=500, eval=False, exp_name='augmix_cutmix_ver_lam3_eps3e-1_dgcnn_1024', jitter=False, k=20, knn=False, lr=0.001, model='dgcnn', model_path='', modelnet10=False, momentum=0.9, no_cuda=False, normal=False, nsample=512, num_points=1024, rddrop=False, rdscale=False, rot=False, rsmix_prob=0.0, seed=1, shift=False, shuffle=False, test_batch_size=16, use_sgd=True)
Using GPU : 0 from 1 devices
Namespace(augmix_cutmix_prob=0.5, augmix_prob=0.0, batch_size=32, beta=1.0, data_path='./data/modelnet40_normal_resampled', dataset='modelnet40', dropout=0.5, emb_dims=1024, epochs=500, eval=False, exp_name='augmix_cutmix_ver_lam3_eps3e-1_dgcnn_1024', jitter=False, k=20, knn=False, lr=0.001, model='dgcnn', model_path='', modelnet10=False, momentum=0.9, no_cuda=False, normal=False, nsample=512, num_points=1024, rddrop=False, rdscale=False, rot=False, rsmix_prob=0.0, seed=1, shift=False, shuffle=False, test_batch_size=16, use_sgd=True)
Using GPU : 0 from 1 devices
Train epoch 0, loss: 2.929415, train acc: 0.473025, train avg acc: 0.291658
Test epoch 0, loss: 2.505548, test acc: 0.661264, test avg acc: 0.497953
Train epoch 1, loss: 2.498272, train acc: 0.652993, train avg acc: 0.470394
Test epoch 1, loss: 2.376971, test acc: 0.709076, test avg acc: 0.577773
Train epoch 2, loss: 2.379692, train acc: 0.716205, train avg acc: 0.560636
Test epoch 2, loss: 2.230134, test acc: 0.793760, test avg acc: 0.684349
Train epoch 3, loss: 2.300537, train acc: 0.760485, train avg acc: 0.617381
Test epoch 3, loss: 2.187575, test acc: 0.807942, test avg acc: 0.678424
Train epoch 4, loss: 2.251411, train acc: 0.787357, train avg acc: 0.662725
Test epoch 4, loss: 2.156175, test acc: 0.823339, test avg acc: 0.727140
Train epoch 5, loss: 2.213326, train acc: 0.808937, train avg acc: 0.696531
Test epoch 5, loss: 2.117306, test acc: 0.842382, test avg acc: 0.745209
Train epoch 6, loss: 2.186113, train acc: 0.823290, train avg acc: 0.722269
Test epoch 6, loss: 2.074447, test acc: 0.866694, test avg acc: 0.774262
Train epoch 7, loss: 2.175038, train acc: 0.825122, train avg acc: 0.726944
Test epoch 7, loss: 2.070291, test acc: 0.856564, test avg acc: 0.798291
Train epoch 8, loss: 2.146083, train acc: 0.839780, train avg acc: 0.749507
Test epoch 8, loss: 2.052823, test acc: 0.859806, test avg acc: 0.787192
Train epoch 9, loss: 2.133183, train acc: 0.844971, train avg acc: 0.754139
Test epoch 9, loss: 2.036626, test acc: 0.867504, test avg acc: 0.796942
Train epoch 10, loss: 2.124401, train acc: 0.853522, train avg acc: 0.766753
Test epoch 10, loss: 2.047961, test acc: 0.871556, test avg acc: 0.797494
Train epoch 11, loss: 2.099165, train acc: 0.869910, train avg acc: 0.792145
Test epoch 11, loss: 2.020015, test acc: 0.880470, test avg acc: 0.816419
Train epoch 12, loss: 2.098640, train acc: 0.869198, train avg acc: 0.793991
Test epoch 12, loss: 2.066701, test acc: 0.853728, test avg acc: 0.788291
Train epoch 13, loss: 2.085688, train acc: 0.867569, train avg acc: 0.789201
Test epoch 13, loss: 1.992144, test acc: 0.903160, test avg acc: 0.849424
Train epoch 14, loss: 2.075595, train acc: 0.876527, train avg acc: 0.804922
Test epoch 14, loss: 2.001889, test acc: 0.883712, test avg acc: 0.823215
Train epoch 15, loss: 2.070070, train acc: 0.879173, train avg acc: 0.808956
Test epoch 15, loss: 2.026467, test acc: 0.880875, test avg acc: 0.812715
Train epoch 16, loss: 2.058607, train acc: 0.880904, train avg acc: 0.812547
Test epoch 16, loss: 1.999089, test acc: 0.897893, test avg acc: 0.820628
Train epoch 17, loss: 2.057100, train acc: 0.883856, train avg acc: 0.816984
Test epoch 17, loss: 2.021584, test acc: 0.875203, test avg acc: 0.815366
Train epoch 18, loss: 2.052555, train acc: 0.888640, train avg acc: 0.821828
Test epoch 18, loss: 1.995602, test acc: 0.891410, test avg acc: 0.823419
Train epoch 19, loss: 2.042357, train acc: 0.895155, train avg acc: 0.834203
Test epoch 19, loss: 2.017207, test acc: 0.883712, test avg acc: 0.849041
Train epoch 20, loss: 2.038646, train acc: 0.891897, train avg acc: 0.830217
Test epoch 20, loss: 2.047036, test acc: 0.884117, test avg acc: 0.816099
Train epoch 21, loss: 2.030392, train acc: 0.898005, train avg acc: 0.836448
Test epoch 21, loss: 1.985244, test acc: 0.898703, test avg acc: 0.838122
Train epoch 22, loss: 2.032977, train acc: 0.894137, train avg acc: 0.831463
Test epoch 22, loss: 1.968468, test acc: 0.903566, test avg acc: 0.855372
Train epoch 23, loss: 2.029947, train acc: 0.901364, train avg acc: 0.844700
Test epoch 23, loss: 2.029641, test acc: 0.881686, test avg acc: 0.813285
Train epoch 24, loss: 2.025443, train acc: 0.899837, train avg acc: 0.840546
Test epoch 24, loss: 1.984321, test acc: 0.897083, test avg acc: 0.856163
Train epoch 25, loss: 2.014455, train acc: 0.905537, train avg acc: 0.851006
Test epoch 25, loss: 1.981103, test acc: 0.905592, test avg acc: 0.829378
Train epoch 26, loss: 2.019291, train acc: 0.903094, train avg acc: 0.848797
Test epoch 26, loss: 1.993254, test acc: 0.885332, test avg acc: 0.837535
Train epoch 27, loss: 2.017852, train acc: 0.902484, train avg acc: 0.844565
Test epoch 27, loss: 1.974583, test acc: 0.912075, test avg acc: 0.858930
Train epoch 28, loss: 2.015566, train acc: 0.902687, train avg acc: 0.848139
Test epoch 28, loss: 1.997051, test acc: 0.890600, test avg acc: 0.851715
Train epoch 29, loss: 2.005894, train acc: 0.908998, train avg acc: 0.855796
Test epoch 29, loss: 1.967617, test acc: 0.906807, test avg acc: 0.872134
Train epoch 30, loss: 2.002516, train acc: 0.909813, train avg acc: 0.856495
Test epoch 30, loss: 2.035481, test acc: 0.868720, test avg acc: 0.834023
Train epoch 31, loss: 2.004279, train acc: 0.908388, train avg acc: 0.852482
Test epoch 31, loss: 1.984003, test acc: 0.896677, test avg acc: 0.858756
Train epoch 32, loss: 1.993413, train acc: 0.912765, train avg acc: 0.859843
Test epoch 32, loss: 1.948566, test acc: 0.905997, test avg acc: 0.862628
Train epoch 33, loss: 2.001806, train acc: 0.912256, train avg acc: 0.862490
Test epoch 33, loss: 1.969760, test acc: 0.901135, test avg acc: 0.845634
Train epoch 34, loss: 1.995976, train acc: 0.914597, train avg acc: 0.864321
Test epoch 34, loss: 2.002615, test acc: 0.874797, test avg acc: 0.840099
Train epoch 35, loss: 1.991036, train acc: 0.919279, train avg acc: 0.871258
Test epoch 35, loss: 1.965736, test acc: 0.901945, test avg acc: 0.858692
Train epoch 36, loss: 1.994158, train acc: 0.915920, train avg acc: 0.867323
Test epoch 36, loss: 2.007961, test acc: 0.884927, test avg acc: 0.850145
Train epoch 37, loss: 1.989391, train acc: 0.918465, train avg acc: 0.872067
Test epoch 37, loss: 1.978186, test acc: 0.898703, test avg acc: 0.839663
Train epoch 38, loss: 1.992214, train acc: 0.914495, train avg acc: 0.866530
Test epoch 38, loss: 1.968066, test acc: 0.902755, test avg acc: 0.859221
Train epoch 39, loss: 1.986618, train acc: 0.918465, train avg acc: 0.870177
Test epoch 39, loss: 1.973169, test acc: 0.898298, test avg acc: 0.852558
Train epoch 40, loss: 1.980285, train acc: 0.922028, train avg acc: 0.876838
Test epoch 40, loss: 1.995114, test acc: 0.890194, test avg acc: 0.850831
Train epoch 41, loss: 1.981019, train acc: 0.922944, train avg acc: 0.877364
Test epoch 41, loss: 2.010362, test acc: 0.869125, test avg acc: 0.841797
Train epoch 42, loss: 1.984348, train acc: 0.919788, train avg acc: 0.875366
Test epoch 42, loss: 1.987244, test acc: 0.907212, test avg acc: 0.844785
Train epoch 43, loss: 1.979739, train acc: 0.921315, train avg acc: 0.875674
Test epoch 43, loss: 1.961250, test acc: 0.900729, test avg acc: 0.868878
Train epoch 44, loss: 1.977844, train acc: 0.925183, train avg acc: 0.880930
Test epoch 44, loss: 2.064440, test acc: 0.880065, test avg acc: 0.820372
Train epoch 45, loss: 1.970430, train acc: 0.925183, train avg acc: 0.882013
Test epoch 45, loss: 1.943364, test acc: 0.910454, test avg acc: 0.860250
Train epoch 46, loss: 1.976307, train acc: 0.919890, train avg acc: 0.872746
Test epoch 46, loss: 1.966084, test acc: 0.902350, test avg acc: 0.857250
Train epoch 47, loss: 1.978155, train acc: 0.923453, train avg acc: 0.882165
Test epoch 47, loss: 1.973523, test acc: 0.896272, test avg acc: 0.836512
Train epoch 48, loss: 1.969306, train acc: 0.925692, train avg acc: 0.883001
Test epoch 48, loss: 1.986932, test acc: 0.890600, test avg acc: 0.832657
Train epoch 49, loss: 1.971334, train acc: 0.924267, train avg acc: 0.880844
Test epoch 49, loss: 1.972803, test acc: 0.890600, test avg acc: 0.850087
Train epoch 50, loss: 1.964841, train acc: 0.927728, train avg acc: 0.887092
Test epoch 50, loss: 1.997561, test acc: 0.895867, test avg acc: 0.865174
Train epoch 51, loss: 1.962507, train acc: 0.931393, train avg acc: 0.890249
Test epoch 51, loss: 1.961925, test acc: 0.901540, test avg acc: 0.860593
Train epoch 52, loss: 1.961907, train acc: 0.929255, train avg acc: 0.888364
Test epoch 52, loss: 1.970347, test acc: 0.898703, test avg acc: 0.860930
Train epoch 53, loss: 1.965933, train acc: 0.930375, train avg acc: 0.888930
Test epoch 53, loss: 1.965185, test acc: 0.903160, test avg acc: 0.857169
Train epoch 54, loss: 1.961960, train acc: 0.930782, train avg acc: 0.890027
Test epoch 54, loss: 1.981177, test acc: 0.894246, test avg acc: 0.869872
Train epoch 55, loss: 1.963129, train acc: 0.928950, train avg acc: 0.886911
Test epoch 55, loss: 1.956525, test acc: 0.895867, test avg acc: 0.849221
Train epoch 56, loss: 1.960247, train acc: 0.928746, train avg acc: 0.890183
Test epoch 56, loss: 1.969369, test acc: 0.901135, test avg acc: 0.854988
Train epoch 57, loss: 1.967103, train acc: 0.926099, train avg acc: 0.884418
Test epoch 57, loss: 2.092466, test acc: 0.879254, test avg acc: 0.830453
Train epoch 58, loss: 1.960781, train acc: 0.932410, train avg acc: 0.893539
Test epoch 58, loss: 1.978086, test acc: 0.886143, test avg acc: 0.853843
Train epoch 59, loss: 1.958779, train acc: 0.928950, train avg acc: 0.887676
Test epoch 59, loss: 1.951520, test acc: 0.909238, test avg acc: 0.866087
Train epoch 60, loss: 1.957123, train acc: 0.931291, train avg acc: 0.891869
Test epoch 60, loss: 1.950715, test acc: 0.901540, test avg acc: 0.846250
Train epoch 61, loss: 1.955172, train acc: 0.933428, train avg acc: 0.895995
Test epoch 61, loss: 1.958615, test acc: 0.895867, test avg acc: 0.855087
Train epoch 62, loss: 1.955245, train acc: 0.932207, train avg acc: 0.893487
Test epoch 62, loss: 1.956782, test acc: 0.897893, test avg acc: 0.849384
Train epoch 63, loss: 1.953707, train acc: 0.933225, train avg acc: 0.896542
Test epoch 63, loss: 1.968292, test acc: 0.897083, test avg acc: 0.853628
Train epoch 64, loss: 1.952536, train acc: 0.933937, train avg acc: 0.896536
Test epoch 64, loss: 1.993064, test acc: 0.884927, test avg acc: 0.857081
Train epoch 65, loss: 1.951269, train acc: 0.934344, train avg acc: 0.899585
Test epoch 65, loss: 1.949549, test acc: 0.905592, test avg acc: 0.859256
Train epoch 66, loss: 1.946506, train acc: 0.933530, train avg acc: 0.894515
Test epoch 66, loss: 1.968254, test acc: 0.896677, test avg acc: 0.859535
Train epoch 67, loss: 1.953644, train acc: 0.933327, train avg acc: 0.894611
Test epoch 67, loss: 1.978793, test acc: 0.898298, test avg acc: 0.860413
Train epoch 68, loss: 1.951966, train acc: 0.933734, train avg acc: 0.896590
Test epoch 68, loss: 1.950970, test acc: 0.910049, test avg acc: 0.874163
Train epoch 69, loss: 1.945586, train acc: 0.936584, train avg acc: 0.899248
Test epoch 69, loss: 1.989613, test acc: 0.899514, test avg acc: 0.847384
Train epoch 70, loss: 1.951921, train acc: 0.936075, train avg acc: 0.897121
Test epoch 70, loss: 1.939348, test acc: 0.918152, test avg acc: 0.869122
Train epoch 71, loss: 1.945536, train acc: 0.938213, train avg acc: 0.902655
Test epoch 71, loss: 1.947594, test acc: 0.912075, test avg acc: 0.873715
Train epoch 72, loss: 1.947315, train acc: 0.937093, train avg acc: 0.900841
Test epoch 72, loss: 1.966591, test acc: 0.901945, test avg acc: 0.856395
Train epoch 73, loss: 1.951929, train acc: 0.935159, train avg acc: 0.898443
Test epoch 73, loss: 1.979827, test acc: 0.894246, test avg acc: 0.853517
Train epoch 74, loss: 1.937250, train acc: 0.940554, train avg acc: 0.906746
Test epoch 74, loss: 1.954018, test acc: 0.903160, test avg acc: 0.881227
Train epoch 75, loss: 1.950715, train acc: 0.932207, train avg acc: 0.894361
Test epoch 75, loss: 1.975108, test acc: 0.889384, test avg acc: 0.859512
Train epoch 76, loss: 1.948837, train acc: 0.937805, train avg acc: 0.902957
Test epoch 76, loss: 1.975145, test acc: 0.895462, test avg acc: 0.863355
Train epoch 77, loss: 1.945522, train acc: 0.937704, train avg acc: 0.901945
Test epoch 77, loss: 1.947072, test acc: 0.907618, test avg acc: 0.878076
Train epoch 78, loss: 1.943860, train acc: 0.936380, train avg acc: 0.902337
Test epoch 78, loss: 1.943276, test acc: 0.905997, test avg acc: 0.856634
Train epoch 79, loss: 1.944129, train acc: 0.937195, train avg acc: 0.901299
Test epoch 79, loss: 1.974380, test acc: 0.895867, test avg acc: 0.843384
Train epoch 80, loss: 1.939861, train acc: 0.939739, train avg acc: 0.906013
Test epoch 80, loss: 1.951030, test acc: 0.908428, test avg acc: 0.875884
Train epoch 81, loss: 1.939276, train acc: 0.937398, train avg acc: 0.903775
Test epoch 81, loss: 1.980613, test acc: 0.900729, test avg acc: 0.852390
Train epoch 82, loss: 1.937112, train acc: 0.942182, train avg acc: 0.910639
Test epoch 82, loss: 1.970152, test acc: 0.900324, test avg acc: 0.853186
Train epoch 83, loss: 1.937236, train acc: 0.939536, train avg acc: 0.908559
Test epoch 83, loss: 1.969697, test acc: 0.897488, test avg acc: 0.848430
Train epoch 84, loss: 1.939989, train acc: 0.939739, train avg acc: 0.905283
Test epoch 84, loss: 1.952816, test acc: 0.893841, test avg acc: 0.855390
Train epoch 85, loss: 1.935599, train acc: 0.941673, train avg acc: 0.908024
Test epoch 85, loss: 1.977506, test acc: 0.894652, test avg acc: 0.862227
Train epoch 86, loss: 1.932028, train acc: 0.941164, train avg acc: 0.907900
Test epoch 86, loss: 1.958810, test acc: 0.897893, test avg acc: 0.864459
Train epoch 87, loss: 1.934848, train acc: 0.942793, train avg acc: 0.911819
Test epoch 87, loss: 1.951750, test acc: 0.904781, test avg acc: 0.844419
Train epoch 88, loss: 1.934287, train acc: 0.943200, train avg acc: 0.911574
Test epoch 88, loss: 2.013837, test acc: 0.894652, test avg acc: 0.846023
Train epoch 89, loss: 1.937614, train acc: 0.940554, train avg acc: 0.907941
Test epoch 89, loss: 1.952371, test acc: 0.906807, test avg acc: 0.870797
Train epoch 90, loss: 1.940543, train acc: 0.940757, train avg acc: 0.907866
Test epoch 90, loss: 1.952330, test acc: 0.900324, test avg acc: 0.855390
Train epoch 91, loss: 1.930184, train acc: 0.940045, train avg acc: 0.907244
Test epoch 91, loss: 1.946499, test acc: 0.904376, test avg acc: 0.863105
Train epoch 92, loss: 1.931126, train acc: 0.946050, train avg acc: 0.913933
Test epoch 92, loss: 1.973088, test acc: 0.877634, test avg acc: 0.839262
Train epoch 93, loss: 1.930316, train acc: 0.943811, train avg acc: 0.913003
Test epoch 93, loss: 1.965791, test acc: 0.913695, test avg acc: 0.872378
Train epoch 94, loss: 1.929998, train acc: 0.945440, train avg acc: 0.915632
Test epoch 94, loss: 1.974732, test acc: 0.908833, test avg acc: 0.851756
Train epoch 95, loss: 1.929050, train acc: 0.943811, train avg acc: 0.909126
Test epoch 95, loss: 1.952979, test acc: 0.902755, test avg acc: 0.855169
Train epoch 96, loss: 1.933334, train acc: 0.942590, train avg acc: 0.910897
Test epoch 96, loss: 1.959194, test acc: 0.897488, test avg acc: 0.863465
Train epoch 97, loss: 1.925192, train acc: 0.945847, train avg acc: 0.916503
Test epoch 97, loss: 1.967956, test acc: 0.886953, test avg acc: 0.871942
Train epoch 98, loss: 1.924496, train acc: 0.949715, train avg acc: 0.921087
Test epoch 98, loss: 1.937059, test acc: 0.909643, test avg acc: 0.854709
Train epoch 99, loss: 1.928438, train acc: 0.945949, train avg acc: 0.916103
Test epoch 99, loss: 1.951675, test acc: 0.907212, test avg acc: 0.877012
Train epoch 100, loss: 1.932224, train acc: 0.942793, train avg acc: 0.910592
Test epoch 100, loss: 1.941582, test acc: 0.907212, test avg acc: 0.873907
Train epoch 101, loss: 1.925361, train acc: 0.948086, train avg acc: 0.919381
Test epoch 101, loss: 1.949245, test acc: 0.903566, test avg acc: 0.852674
Train epoch 102, loss: 1.922988, train acc: 0.947068, train avg acc: 0.915358
Test epoch 102, loss: 1.928360, test acc: 0.911669, test avg acc: 0.876651
Train epoch 103, loss: 1.916769, train acc: 0.950936, train avg acc: 0.924388
Test epoch 103, loss: 1.999123, test acc: 0.869935, test avg acc: 0.836971
Train epoch 104, loss: 1.929616, train acc: 0.945338, train avg acc: 0.913516
Test epoch 104, loss: 1.942229, test acc: 0.909643, test avg acc: 0.860994
Train epoch 105, loss: 1.929342, train acc: 0.947781, train avg acc: 0.917911
Test epoch 105, loss: 1.971863, test acc: 0.893841, test avg acc: 0.855953
Train epoch 106, loss: 1.921689, train acc: 0.946559, train avg acc: 0.914681
Test epoch 106, loss: 1.944083, test acc: 0.902350, test avg acc: 0.861907
Train epoch 107, loss: 1.924547, train acc: 0.946458, train avg acc: 0.918489
Test epoch 107, loss: 1.939030, test acc: 0.903566, test avg acc: 0.866297
Train epoch 108, loss: 1.920056, train acc: 0.950122, train avg acc: 0.919606
Test epoch 108, loss: 2.027915, test acc: 0.894652, test avg acc: 0.848442
Train epoch 109, loss: 1.918450, train acc: 0.948290, train avg acc: 0.916904
Test epoch 109, loss: 1.954587, test acc: 0.901945, test avg acc: 0.864006
Train epoch 110, loss: 1.924926, train acc: 0.947170, train avg acc: 0.918765
Test epoch 110, loss: 1.970927, test acc: 0.888979, test avg acc: 0.864610
Train epoch 111, loss: 1.928382, train acc: 0.945949, train avg acc: 0.913675
Test epoch 111, loss: 1.925400, test acc: 0.920178, test avg acc: 0.869384
Train epoch 112, loss: 1.917166, train acc: 0.950224, train avg acc: 0.921194
Test epoch 112, loss: 1.924148, test acc: 0.913695, test avg acc: 0.882122
Train epoch 113, loss: 1.913992, train acc: 0.952158, train avg acc: 0.924468
Test epoch 113, loss: 1.956326, test acc: 0.902350, test avg acc: 0.863680
Train epoch 114, loss: 1.920741, train acc: 0.949919, train avg acc: 0.920340
Test epoch 114, loss: 1.945717, test acc: 0.903971, test avg acc: 0.863843
Train epoch 115, loss: 1.920009, train acc: 0.947476, train avg acc: 0.917993
Test epoch 115, loss: 1.943244, test acc: 0.906402, test avg acc: 0.879721
Train epoch 116, loss: 1.917072, train acc: 0.949715, train avg acc: 0.919690
Test epoch 116, loss: 1.935575, test acc: 0.916937, test avg acc: 0.875291
Train epoch 117, loss: 1.928821, train acc: 0.947068, train avg acc: 0.915420
Test epoch 117, loss: 1.956668, test acc: 0.895462, test avg acc: 0.862552
Train epoch 118, loss: 1.916900, train acc: 0.950529, train avg acc: 0.922261
Test epoch 118, loss: 1.936107, test acc: 0.908833, test avg acc: 0.864872
Train epoch 119, loss: 1.913002, train acc: 0.951547, train avg acc: 0.924636
Test epoch 119, loss: 1.930453, test acc: 0.915316, test avg acc: 0.880419
Train epoch 120, loss: 1.918037, train acc: 0.949715, train avg acc: 0.919699
Test epoch 120, loss: 1.970156, test acc: 0.901540, test avg acc: 0.847000
Train epoch 121, loss: 1.915374, train acc: 0.952362, train avg acc: 0.925042
Test epoch 121, loss: 1.938476, test acc: 0.902350, test avg acc: 0.867913
Train epoch 122, loss: 1.912989, train acc: 0.952769, train avg acc: 0.926864
Test epoch 122, loss: 1.933200, test acc: 0.917747, test avg acc: 0.875622
Train epoch 123, loss: 1.916732, train acc: 0.950936, train avg acc: 0.922811
Test epoch 123, loss: 1.947853, test acc: 0.896272, test avg acc: 0.851465
Train epoch 124, loss: 1.920257, train acc: 0.947170, train avg acc: 0.916202
Test epoch 124, loss: 2.069620, test acc: 0.884522, test avg acc: 0.840390
Train epoch 125, loss: 1.915730, train acc: 0.951751, train avg acc: 0.926633
Test epoch 125, loss: 1.979526, test acc: 0.898298, test avg acc: 0.860384
Train epoch 126, loss: 1.915342, train acc: 0.951038, train avg acc: 0.923303
Test epoch 126, loss: 1.982510, test acc: 0.886143, test avg acc: 0.859058
Train epoch 127, loss: 1.910649, train acc: 0.952056, train avg acc: 0.926603
Test epoch 127, loss: 1.917035, test acc: 0.918558, test avg acc: 0.880709
Train epoch 128, loss: 1.912102, train acc: 0.953074, train avg acc: 0.927174
Test epoch 128, loss: 1.985910, test acc: 0.903160, test avg acc: 0.870919
Train epoch 129, loss: 1.909786, train acc: 0.955517, train avg acc: 0.929170
Test epoch 129, loss: 1.964428, test acc: 0.890600, test avg acc: 0.871703
Train epoch 130, loss: 1.909989, train acc: 0.953176, train avg acc: 0.927871
Test epoch 130, loss: 1.978376, test acc: 0.904376, test avg acc: 0.868291
Train epoch 131, loss: 1.916248, train acc: 0.952362, train avg acc: 0.926175
Test epoch 131, loss: 2.040759, test acc: 0.874797, test avg acc: 0.830407
Train epoch 132, loss: 1.910132, train acc: 0.953583, train avg acc: 0.926620
Test epoch 132, loss: 1.968938, test acc: 0.907212, test avg acc: 0.861006
Train epoch 133, loss: 1.910456, train acc: 0.955008, train avg acc: 0.932388
Test epoch 133, loss: 1.954187, test acc: 0.898703, test avg acc: 0.851215
Train epoch 134, loss: 1.905013, train acc: 0.955822, train avg acc: 0.930329
Test epoch 134, loss: 1.925509, test acc: 0.916126, test avg acc: 0.885884
Train epoch 135, loss: 1.905552, train acc: 0.955721, train avg acc: 0.929046
Test epoch 135, loss: 1.956425, test acc: 0.900324, test avg acc: 0.869541
Train epoch 136, loss: 1.907712, train acc: 0.953685, train avg acc: 0.927462
Test epoch 136, loss: 1.982850, test acc: 0.893031, test avg acc: 0.854849
Train epoch 137, loss: 1.911470, train acc: 0.952972, train avg acc: 0.926377
Test epoch 137, loss: 1.937231, test acc: 0.912480, test avg acc: 0.883209
Train epoch 138, loss: 1.908240, train acc: 0.956637, train avg acc: 0.931025
Test epoch 138, loss: 1.950521, test acc: 0.900324, test avg acc: 0.868663
Train epoch 139, loss: 1.906646, train acc: 0.953278, train avg acc: 0.924948
Test epoch 139, loss: 1.968056, test acc: 0.900324, test avg acc: 0.861576
Train epoch 140, loss: 1.913551, train acc: 0.951344, train avg acc: 0.922733
Test epoch 140, loss: 1.937402, test acc: 0.910859, test avg acc: 0.876587
Train epoch 141, loss: 1.908852, train acc: 0.953176, train avg acc: 0.925945
Test epoch 141, loss: 2.014714, test acc: 0.878849, test avg acc: 0.845424
Train epoch 142, loss: 1.906791, train acc: 0.958164, train avg acc: 0.935755
Test epoch 142, loss: 2.009092, test acc: 0.896272, test avg acc: 0.874750
Train epoch 143, loss: 1.902504, train acc: 0.955924, train avg acc: 0.930844
Test epoch 143, loss: 1.939474, test acc: 0.908833, test avg acc: 0.870721
Train epoch 144, loss: 1.903692, train acc: 0.957146, train avg acc: 0.932468
Test epoch 144, loss: 1.919783, test acc: 0.912885, test avg acc: 0.882703
Train epoch 145, loss: 1.902681, train acc: 0.958265, train avg acc: 0.933794
Test epoch 145, loss: 1.950910, test acc: 0.905186, test avg acc: 0.860878
Train epoch 146, loss: 1.902492, train acc: 0.956230, train avg acc: 0.929154
Test epoch 146, loss: 1.958105, test acc: 0.908023, test avg acc: 0.860372
Train epoch 147, loss: 1.905829, train acc: 0.955822, train avg acc: 0.930683
Test epoch 147, loss: 1.958055, test acc: 0.894652, test avg acc: 0.872680
Train epoch 148, loss: 1.905854, train acc: 0.955619, train avg acc: 0.929248
Test epoch 148, loss: 2.020659, test acc: 0.877229, test avg acc: 0.843442
Train epoch 149, loss: 1.900506, train acc: 0.958469, train avg acc: 0.932924
Test epoch 149, loss: 1.937971, test acc: 0.907212, test avg acc: 0.859634
Train epoch 150, loss: 1.903142, train acc: 0.956331, train avg acc: 0.932480
Test epoch 150, loss: 1.956531, test acc: 0.900324, test avg acc: 0.842919
Train epoch 151, loss: 1.905832, train acc: 0.953787, train avg acc: 0.927409
Test epoch 151, loss: 1.984102, test acc: 0.903566, test avg acc: 0.853186
Train epoch 152, loss: 1.904000, train acc: 0.956637, train avg acc: 0.933628
Test epoch 152, loss: 1.929362, test acc: 0.908833, test avg acc: 0.879087
Train epoch 153, loss: 1.902104, train acc: 0.954906, train avg acc: 0.929848
Test epoch 153, loss: 1.933916, test acc: 0.912480, test avg acc: 0.881791
Train epoch 154, loss: 1.907817, train acc: 0.955517, train avg acc: 0.927101
Test epoch 154, loss: 1.935689, test acc: 0.910454, test avg acc: 0.870076
Train epoch 155, loss: 1.900632, train acc: 0.957044, train avg acc: 0.932007
Test epoch 155, loss: 1.996258, test acc: 0.879660, test avg acc: 0.854919
Train epoch 156, loss: 1.897461, train acc: 0.958469, train avg acc: 0.934811
Test epoch 156, loss: 1.984330, test acc: 0.897893, test avg acc: 0.861122
Train epoch 157, loss: 1.896847, train acc: 0.958774, train avg acc: 0.934555
Test epoch 157, loss: 1.985148, test acc: 0.881686, test avg acc: 0.864581
Train epoch 158, loss: 1.900690, train acc: 0.956433, train avg acc: 0.933067
Test epoch 158, loss: 1.934915, test acc: 0.912075, test avg acc: 0.869878
Train epoch 159, loss: 1.893900, train acc: 0.959894, train avg acc: 0.934335
Test epoch 159, loss: 1.945255, test acc: 0.913290, test avg acc: 0.874337
Train epoch 160, loss: 1.896357, train acc: 0.960301, train avg acc: 0.937501
Test epoch 160, loss: 1.938264, test acc: 0.899919, test avg acc: 0.874750
Train epoch 161, loss: 1.893755, train acc: 0.958469, train avg acc: 0.936048
Test epoch 161, loss: 1.923296, test acc: 0.913695, test avg acc: 0.876413
Train epoch 162, loss: 1.902425, train acc: 0.957553, train avg acc: 0.933961
Test epoch 162, loss: 1.955371, test acc: 0.908023, test avg acc: 0.873320
Train epoch 163, loss: 1.897066, train acc: 0.959487, train avg acc: 0.935980
Test epoch 163, loss: 1.947078, test acc: 0.901540, test avg acc: 0.850895
Train epoch 164, loss: 1.890876, train acc: 0.959385, train avg acc: 0.936292
Test epoch 164, loss: 1.945316, test acc: 0.905186, test avg acc: 0.883669
Train epoch 165, loss: 1.895175, train acc: 0.960912, train avg acc: 0.942029
Test epoch 165, loss: 1.920513, test acc: 0.920989, test avg acc: 0.889785
Train epoch 166, loss: 1.890591, train acc: 0.960912, train avg acc: 0.937442
Test epoch 166, loss: 1.938570, test acc: 0.915721, test avg acc: 0.873785
Train epoch 167, loss: 1.900567, train acc: 0.957248, train avg acc: 0.931175
Test epoch 167, loss: 1.943871, test acc: 0.910454, test avg acc: 0.877715
Train epoch 168, loss: 1.892103, train acc: 0.961217, train avg acc: 0.938706
Test epoch 168, loss: 1.964581, test acc: 0.901135, test avg acc: 0.871744
Train epoch 169, loss: 1.895289, train acc: 0.960403, train avg acc: 0.938402
Test epoch 169, loss: 1.928665, test acc: 0.911669, test avg acc: 0.879709
Train epoch 170, loss: 1.893587, train acc: 0.962439, train avg acc: 0.942281
Test epoch 170, loss: 1.927544, test acc: 0.910859, test avg acc: 0.874401
Train epoch 171, loss: 1.895274, train acc: 0.959283, train avg acc: 0.937283
Test epoch 171, loss: 1.938921, test acc: 0.911264, test avg acc: 0.872174
Train epoch 172, loss: 1.893923, train acc: 0.959691, train avg acc: 0.937250
Test epoch 172, loss: 1.968849, test acc: 0.904376, test avg acc: 0.864163
Train epoch 173, loss: 1.896138, train acc: 0.959792, train avg acc: 0.936646
Test epoch 173, loss: 1.945959, test acc: 0.910454, test avg acc: 0.869500
Train epoch 174, loss: 1.892248, train acc: 0.959894, train avg acc: 0.935663
Test epoch 174, loss: 1.939749, test acc: 0.912075, test avg acc: 0.894134
Train epoch 175, loss: 1.888970, train acc: 0.959589, train avg acc: 0.934533
Test epoch 175, loss: 1.957986, test acc: 0.912885, test avg acc: 0.880203
Train epoch 176, loss: 1.887540, train acc: 0.962235, train avg acc: 0.940165
Test epoch 176, loss: 1.939275, test acc: 0.918558, test avg acc: 0.873616
Train epoch 177, loss: 1.890721, train acc: 0.961930, train avg acc: 0.937230
Test epoch 177, loss: 1.964848, test acc: 0.889384, test avg acc: 0.876256
Train epoch 178, loss: 1.894911, train acc: 0.960098, train avg acc: 0.939386
Test epoch 178, loss: 1.915607, test acc: 0.912885, test avg acc: 0.879302
Train epoch 179, loss: 1.891992, train acc: 0.960810, train avg acc: 0.936667
Test epoch 179, loss: 1.949066, test acc: 0.897083, test avg acc: 0.858215
Train epoch 180, loss: 1.886790, train acc: 0.964475, train avg acc: 0.947127
Test epoch 180, loss: 1.937338, test acc: 0.908023, test avg acc: 0.870419
Train epoch 181, loss: 1.890770, train acc: 0.962643, train avg acc: 0.940660
Test epoch 181, loss: 1.912816, test acc: 0.919368, test avg acc: 0.886413
Train epoch 182, loss: 1.891147, train acc: 0.963253, train avg acc: 0.942353
Test epoch 182, loss: 1.957217, test acc: 0.899109, test avg acc: 0.872273
Train epoch 183, loss: 1.883829, train acc: 0.966714, train avg acc: 0.946835
Test epoch 183, loss: 1.937625, test acc: 0.920178, test avg acc: 0.884203
Train epoch 184, loss: 1.883874, train acc: 0.964169, train avg acc: 0.943452
Test epoch 184, loss: 1.947948, test acc: 0.900729, test avg acc: 0.868913
Train epoch 185, loss: 1.883090, train acc: 0.964373, train avg acc: 0.942044
Test epoch 185, loss: 1.939195, test acc: 0.907212, test avg acc: 0.883343
Train epoch 186, loss: 1.886130, train acc: 0.962846, train avg acc: 0.940552
Test epoch 186, loss: 1.931234, test acc: 0.909238, test avg acc: 0.867093
Train epoch 187, loss: 1.886259, train acc: 0.963966, train avg acc: 0.942970
Test epoch 187, loss: 1.965492, test acc: 0.908428, test avg acc: 0.872285
Train epoch 188, loss: 1.887562, train acc: 0.963660, train avg acc: 0.944913
Test epoch 188, loss: 1.944652, test acc: 0.909643, test avg acc: 0.869145
Train epoch 189, loss: 1.880912, train acc: 0.966511, train avg acc: 0.944792
Test epoch 189, loss: 1.945495, test acc: 0.903160, test avg acc: 0.872605
Train epoch 190, loss: 1.886166, train acc: 0.964475, train avg acc: 0.945549
Test epoch 190, loss: 1.962543, test acc: 0.895462, test avg acc: 0.877209
Train epoch 191, loss: 1.884937, train acc: 0.962744, train avg acc: 0.943110
Test epoch 191, loss: 1.950641, test acc: 0.893841, test avg acc: 0.873198
Train epoch 192, loss: 1.877851, train acc: 0.967630, train avg acc: 0.950046
Test epoch 192, loss: 1.940209, test acc: 0.903971, test avg acc: 0.868878
Train epoch 193, loss: 1.882492, train acc: 0.963253, train avg acc: 0.942654
Test epoch 193, loss: 1.933639, test acc: 0.903566, test avg acc: 0.867006
Train epoch 194, loss: 1.880807, train acc: 0.965798, train avg acc: 0.946344
Test epoch 194, loss: 1.931462, test acc: 0.918963, test avg acc: 0.874913
Train epoch 195, loss: 1.880915, train acc: 0.965086, train avg acc: 0.945534
Test epoch 195, loss: 1.913294, test acc: 0.918152, test avg acc: 0.882337
Train epoch 196, loss: 1.884007, train acc: 0.965187, train avg acc: 0.946174
Test epoch 196, loss: 1.948545, test acc: 0.899109, test avg acc: 0.877535
Train epoch 197, loss: 1.884769, train acc: 0.963355, train avg acc: 0.943321
Test epoch 197, loss: 1.945982, test acc: 0.904376, test avg acc: 0.879878
Train epoch 198, loss: 1.882383, train acc: 0.962439, train avg acc: 0.942548
Test epoch 198, loss: 1.923291, test acc: 0.915316, test avg acc: 0.885337
Train epoch 199, loss: 1.886676, train acc: 0.961116, train avg acc: 0.937597
Test epoch 199, loss: 1.994654, test acc: 0.895462, test avg acc: 0.871785
Train epoch 200, loss: 1.881524, train acc: 0.964678, train avg acc: 0.943846
Test epoch 200, loss: 1.935330, test acc: 0.904781, test avg acc: 0.881297
Train epoch 201, loss: 1.884816, train acc: 0.964373, train avg acc: 0.945225
Test epoch 201, loss: 1.921367, test acc: 0.909238, test avg acc: 0.873913
Train epoch 202, loss: 1.877447, train acc: 0.966918, train avg acc: 0.949000
Test epoch 202, loss: 1.934240, test acc: 0.908023, test avg acc: 0.868378
Train epoch 203, loss: 1.875297, train acc: 0.970073, train avg acc: 0.950714
Test epoch 203, loss: 1.918254, test acc: 0.909238, test avg acc: 0.862547
Train epoch 204, loss: 1.878860, train acc: 0.964475, train avg acc: 0.944642
Test epoch 204, loss: 1.925802, test acc: 0.908023, test avg acc: 0.886459
Train epoch 205, loss: 1.878123, train acc: 0.966205, train avg acc: 0.945850
Test epoch 205, loss: 1.934197, test acc: 0.899919, test avg acc: 0.863547
Train epoch 206, loss: 1.874513, train acc: 0.968343, train avg acc: 0.951073
Test epoch 206, loss: 1.940476, test acc: 0.908428, test avg acc: 0.875116
Train epoch 207, loss: 1.872536, train acc: 0.970582, train avg acc: 0.955283
Test epoch 207, loss: 1.937955, test acc: 0.911264, test avg acc: 0.889453
Train epoch 208, loss: 1.872646, train acc: 0.967936, train avg acc: 0.949725
Test epoch 208, loss: 1.919979, test acc: 0.914506, test avg acc: 0.885913
Train epoch 209, loss: 1.872269, train acc: 0.968546, train avg acc: 0.952147
Test epoch 209, loss: 1.920326, test acc: 0.919368, test avg acc: 0.879366
Train epoch 210, loss: 1.871267, train acc: 0.969768, train avg acc: 0.953813
Test epoch 210, loss: 1.924072, test acc: 0.907212, test avg acc: 0.881541
Train epoch 211, loss: 1.877174, train acc: 0.968546, train avg acc: 0.950025
Test epoch 211, loss: 1.936095, test acc: 0.903971, test avg acc: 0.867203
Train epoch 212, loss: 1.872507, train acc: 0.968852, train avg acc: 0.951456
Test epoch 212, loss: 1.929411, test acc: 0.905186, test avg acc: 0.870041
Train epoch 213, loss: 1.870239, train acc: 0.969666, train avg acc: 0.954228
Test epoch 213, loss: 1.921188, test acc: 0.912885, test avg acc: 0.884169
Train epoch 214, loss: 1.873064, train acc: 0.966918, train avg acc: 0.951367
Test epoch 214, loss: 1.962494, test acc: 0.897893, test avg acc: 0.874919
Train epoch 215, loss: 1.872967, train acc: 0.970684, train avg acc: 0.952621
Test epoch 215, loss: 1.920813, test acc: 0.919773, test avg acc: 0.885878
Train epoch 216, loss: 1.864699, train acc: 0.971193, train avg acc: 0.954698
Test epoch 216, loss: 1.920241, test acc: 0.913290, test avg acc: 0.885041
Train epoch 217, loss: 1.870454, train acc: 0.970582, train avg acc: 0.954340
Test epoch 217, loss: 1.921427, test acc: 0.917342, test avg acc: 0.884035
Train epoch 218, loss: 1.874442, train acc: 0.968648, train avg acc: 0.951093
Test epoch 218, loss: 1.981518, test acc: 0.893841, test avg acc: 0.866227
Train epoch 219, loss: 1.871118, train acc: 0.969055, train avg acc: 0.950794
Test epoch 219, loss: 1.932185, test acc: 0.905186, test avg acc: 0.883686
Train epoch 220, loss: 1.870131, train acc: 0.970480, train avg acc: 0.951819
Test epoch 220, loss: 1.927658, test acc: 0.909643, test avg acc: 0.874297
Train epoch 221, loss: 1.875216, train acc: 0.966918, train avg acc: 0.947803
Test epoch 221, loss: 1.951370, test acc: 0.889384, test avg acc: 0.848512
Train epoch 222, loss: 1.874067, train acc: 0.968852, train avg acc: 0.950741
Test epoch 222, loss: 1.933188, test acc: 0.918963, test avg acc: 0.879616
Train epoch 223, loss: 1.865214, train acc: 0.972923, train avg acc: 0.959423
Test epoch 223, loss: 1.936294, test acc: 0.915721, test avg acc: 0.872831
Train epoch 224, loss: 1.867034, train acc: 0.971702, train avg acc: 0.953919
Test epoch 224, loss: 1.925347, test acc: 0.907618, test avg acc: 0.876715
Train epoch 225, loss: 1.869442, train acc: 0.969971, train avg acc: 0.953710
Test epoch 225, loss: 1.928174, test acc: 0.910454, test avg acc: 0.873750
Train epoch 226, loss: 1.866879, train acc: 0.972414, train avg acc: 0.956722
Test epoch 226, loss: 1.921724, test acc: 0.905997, test avg acc: 0.872657
Train epoch 227, loss: 1.864418, train acc: 0.973432, train avg acc: 0.957741
Test epoch 227, loss: 1.971685, test acc: 0.884927, test avg acc: 0.865134
Train epoch 228, loss: 1.865114, train acc: 0.973331, train avg acc: 0.958498
Test epoch 228, loss: 1.928213, test acc: 0.909238, test avg acc: 0.888703
Train epoch 229, loss: 1.864653, train acc: 0.972822, train avg acc: 0.957438
Test epoch 229, loss: 1.961759, test acc: 0.911669, test avg acc: 0.874494
Train epoch 230, loss: 1.861297, train acc: 0.972822, train avg acc: 0.957840
Test epoch 230, loss: 1.933363, test acc: 0.901540, test avg acc: 0.891494
Train epoch 231, loss: 1.862073, train acc: 0.974247, train avg acc: 0.959382
Test epoch 231, loss: 1.912504, test acc: 0.916126, test avg acc: 0.883250
Train epoch 232, loss: 1.862263, train acc: 0.972414, train avg acc: 0.956242
Test epoch 232, loss: 1.955074, test acc: 0.907212, test avg acc: 0.870843
Train epoch 233, loss: 1.861222, train acc: 0.971193, train avg acc: 0.953862
Test epoch 233, loss: 1.901482, test acc: 0.923420, test avg acc: 0.889738
Train epoch 234, loss: 1.858439, train acc: 0.973636, train avg acc: 0.957842
Test epoch 234, loss: 1.991145, test acc: 0.917747, test avg acc: 0.879616
Train epoch 235, loss: 1.864560, train acc: 0.971804, train avg acc: 0.955863
Test epoch 235, loss: 1.929647, test acc: 0.912480, test avg acc: 0.884128
Train epoch 236, loss: 1.857421, train acc: 0.975163, train avg acc: 0.960860
Test epoch 236, loss: 1.937340, test acc: 0.910454, test avg acc: 0.880913
Train epoch 237, loss: 1.861685, train acc: 0.972822, train avg acc: 0.956593
Test epoch 237, loss: 1.926839, test acc: 0.905997, test avg acc: 0.882285
Train epoch 238, loss: 1.862698, train acc: 0.973840, train avg acc: 0.959146
Test epoch 238, loss: 1.965147, test acc: 0.895867, test avg acc: 0.858122
Train epoch 239, loss: 1.855792, train acc: 0.976995, train avg acc: 0.963882
Test epoch 239, loss: 1.922525, test acc: 0.916937, test avg acc: 0.895953
Train epoch 240, loss: 1.858233, train acc: 0.976181, train avg acc: 0.963308
Test epoch 240, loss: 1.959418, test acc: 0.899919, test avg acc: 0.869744
Train epoch 241, loss: 1.865874, train acc: 0.970277, train avg acc: 0.954038
Test epoch 241, loss: 1.911384, test acc: 0.916126, test avg acc: 0.877163
Train epoch 242, loss: 1.859859, train acc: 0.974756, train avg acc: 0.961434
Test epoch 242, loss: 1.917723, test acc: 0.913290, test avg acc: 0.872128
Train epoch 243, loss: 1.863469, train acc: 0.971804, train avg acc: 0.957308
Test epoch 243, loss: 1.940559, test acc: 0.899919, test avg acc: 0.872343
Train epoch 244, loss: 1.859756, train acc: 0.974552, train avg acc: 0.959341
Test epoch 244, loss: 1.920091, test acc: 0.908833, test avg acc: 0.871547
Train epoch 245, loss: 1.852969, train acc: 0.975977, train avg acc: 0.961692
Test epoch 245, loss: 1.921641, test acc: 0.915721, test avg acc: 0.883535
Train epoch 246, loss: 1.859564, train acc: 0.974450, train avg acc: 0.958295
Test epoch 246, loss: 1.972108, test acc: 0.913290, test avg acc: 0.869535
Train epoch 247, loss: 1.855827, train acc: 0.976690, train avg acc: 0.964462
Test epoch 247, loss: 1.908916, test acc: 0.916126, test avg acc: 0.883988
Train epoch 248, loss: 1.855675, train acc: 0.974450, train avg acc: 0.959650
Test epoch 248, loss: 1.944049, test acc: 0.907618, test avg acc: 0.873041
Train epoch 249, loss: 1.848472, train acc: 0.980151, train avg acc: 0.968462
Test epoch 249, loss: 1.909329, test acc: 0.923420, test avg acc: 0.892994
Train epoch 250, loss: 1.855550, train acc: 0.976181, train avg acc: 0.962473
Test epoch 250, loss: 1.926969, test acc: 0.910049, test avg acc: 0.892297
Train epoch 251, loss: 1.854066, train acc: 0.975163, train avg acc: 0.961172
Test epoch 251, loss: 1.944297, test acc: 0.905186, test avg acc: 0.871669
Train epoch 252, loss: 1.851955, train acc: 0.975977, train avg acc: 0.961904
Test epoch 252, loss: 1.926664, test acc: 0.912885, test avg acc: 0.883116
Train epoch 253, loss: 1.854552, train acc: 0.972923, train avg acc: 0.957656
Test epoch 253, loss: 1.937174, test acc: 0.904781, test avg acc: 0.871919
Train epoch 254, loss: 1.855621, train acc: 0.976690, train avg acc: 0.962996
Test epoch 254, loss: 1.915328, test acc: 0.915721, test avg acc: 0.880163
Train epoch 255, loss: 1.847727, train acc: 0.978217, train avg acc: 0.965563
Test epoch 255, loss: 1.912535, test acc: 0.914911, test avg acc: 0.888709
Train epoch 256, loss: 1.854256, train acc: 0.977300, train avg acc: 0.965302
Test epoch 256, loss: 1.922059, test acc: 0.915316, test avg acc: 0.889209
Train epoch 257, loss: 1.852290, train acc: 0.976283, train avg acc: 0.962355
Test epoch 257, loss: 1.920938, test acc: 0.905997, test avg acc: 0.872087
Train epoch 258, loss: 1.852589, train acc: 0.976588, train avg acc: 0.964509
Test epoch 258, loss: 1.927273, test acc: 0.908833, test avg acc: 0.879907
Train epoch 259, loss: 1.850250, train acc: 0.977504, train avg acc: 0.964054
Test epoch 259, loss: 1.924059, test acc: 0.911264, test avg acc: 0.881576
Train epoch 260, loss: 1.851270, train acc: 0.976181, train avg acc: 0.962498
Test epoch 260, loss: 1.937022, test acc: 0.910859, test avg acc: 0.874157
Train epoch 261, loss: 1.845195, train acc: 0.978929, train avg acc: 0.967357
Test epoch 261, loss: 1.952154, test acc: 0.893841, test avg acc: 0.862709
Train epoch 262, loss: 1.847414, train acc: 0.977911, train avg acc: 0.964506
Test epoch 262, loss: 1.910898, test acc: 0.915721, test avg acc: 0.879547
Train epoch 263, loss: 1.848177, train acc: 0.978115, train avg acc: 0.964877
Test epoch 263, loss: 1.919324, test acc: 0.915316, test avg acc: 0.880785
Train epoch 264, loss: 1.846450, train acc: 0.980863, train avg acc: 0.971051
Test epoch 264, loss: 1.933825, test acc: 0.910454, test avg acc: 0.880215
Train epoch 265, loss: 1.844270, train acc: 0.980863, train avg acc: 0.968903
Test epoch 265, loss: 1.936748, test acc: 0.908428, test avg acc: 0.867884
Train epoch 266, loss: 1.841170, train acc: 0.982085, train avg acc: 0.971721
Test epoch 266, loss: 1.941206, test acc: 0.903566, test avg acc: 0.883738
Train epoch 267, loss: 1.843957, train acc: 0.979845, train avg acc: 0.968915
Test epoch 267, loss: 1.913333, test acc: 0.912075, test avg acc: 0.882919
Train epoch 268, loss: 1.845059, train acc: 0.978726, train avg acc: 0.965860
Test epoch 268, loss: 1.928873, test acc: 0.914100, test avg acc: 0.880500
Train epoch 269, loss: 1.845092, train acc: 0.978217, train avg acc: 0.966144
Test epoch 269, loss: 1.905417, test acc: 0.919368, test avg acc: 0.883953
Train epoch 270, loss: 1.847057, train acc: 0.980456, train avg acc: 0.969959
Test epoch 270, loss: 1.943302, test acc: 0.899514, test avg acc: 0.875785
Train epoch 271, loss: 1.842977, train acc: 0.982085, train avg acc: 0.972435
Test epoch 271, loss: 1.928715, test acc: 0.911669, test avg acc: 0.891622
Train epoch 272, loss: 1.843817, train acc: 0.979743, train avg acc: 0.969322
Test epoch 272, loss: 1.896836, test acc: 0.923015, test avg acc: 0.882035
Train epoch 273, loss: 1.842570, train acc: 0.979540, train avg acc: 0.967900
Test epoch 273, loss: 1.911474, test acc: 0.914100, test avg acc: 0.887419
Train epoch 274, loss: 1.841023, train acc: 0.980252, train avg acc: 0.969379
Test epoch 274, loss: 1.922954, test acc: 0.903971, test avg acc: 0.875663
Train epoch 275, loss: 1.838571, train acc: 0.979947, train avg acc: 0.968718
Test epoch 275, loss: 1.928516, test acc: 0.911264, test avg acc: 0.882297
Train epoch 276, loss: 1.838277, train acc: 0.981372, train avg acc: 0.972692
Test epoch 276, loss: 1.940808, test acc: 0.905186, test avg acc: 0.880622
Train epoch 277, loss: 1.838619, train acc: 0.983103, train avg acc: 0.973799
Test epoch 277, loss: 1.916035, test acc: 0.921799, test avg acc: 0.895826
Train epoch 278, loss: 1.839867, train acc: 0.982899, train avg acc: 0.973247
Test epoch 278, loss: 1.919200, test acc: 0.907618, test avg acc: 0.875948
Train epoch 279, loss: 1.844635, train acc: 0.978827, train avg acc: 0.967096
Test epoch 279, loss: 1.902598, test acc: 0.916937, test avg acc: 0.879244
Train epoch 280, loss: 1.839901, train acc: 0.981983, train avg acc: 0.972208
Test epoch 280, loss: 1.917060, test acc: 0.912480, test avg acc: 0.881628
Train epoch 281, loss: 1.839225, train acc: 0.982186, train avg acc: 0.971308
Test epoch 281, loss: 1.915597, test acc: 0.915316, test avg acc: 0.880913
Train epoch 282, loss: 1.837227, train acc: 0.982594, train avg acc: 0.973973
Test epoch 282, loss: 1.918968, test acc: 0.918963, test avg acc: 0.880326
Train epoch 283, loss: 1.841583, train acc: 0.979743, train avg acc: 0.967957
Test epoch 283, loss: 1.922363, test acc: 0.906402, test avg acc: 0.879628
Train epoch 284, loss: 1.836360, train acc: 0.983204, train avg acc: 0.972891
Test epoch 284, loss: 1.915790, test acc: 0.912075, test avg acc: 0.873308
Train epoch 285, loss: 1.836755, train acc: 0.981474, train avg acc: 0.970973
Test epoch 285, loss: 1.913982, test acc: 0.917747, test avg acc: 0.889744
Train epoch 286, loss: 1.837282, train acc: 0.982594, train avg acc: 0.972400
Test epoch 286, loss: 1.945229, test acc: 0.908023, test avg acc: 0.876581
Train epoch 287, loss: 1.839541, train acc: 0.981881, train avg acc: 0.972151
Test epoch 287, loss: 1.908670, test acc: 0.912075, test avg acc: 0.877041
Train epoch 288, loss: 1.837302, train acc: 0.982695, train avg acc: 0.973203
Test epoch 288, loss: 1.945506, test acc: 0.908428, test avg acc: 0.879076
Train epoch 289, loss: 1.839091, train acc: 0.979947, train avg acc: 0.968938
Test epoch 289, loss: 1.904546, test acc: 0.912885, test avg acc: 0.879326
Train epoch 290, loss: 1.837361, train acc: 0.981779, train avg acc: 0.971374
Test epoch 290, loss: 1.926549, test acc: 0.914911, test avg acc: 0.885512
Train epoch 291, loss: 1.828539, train acc: 0.985138, train avg acc: 0.976172
Test epoch 291, loss: 1.902191, test acc: 0.917342, test avg acc: 0.882326
Train epoch 292, loss: 1.830646, train acc: 0.984222, train avg acc: 0.974315
Test epoch 292, loss: 1.919518, test acc: 0.912075, test avg acc: 0.880628
Train epoch 293, loss: 1.832081, train acc: 0.983713, train avg acc: 0.974435
Test epoch 293, loss: 1.908856, test acc: 0.914100, test avg acc: 0.886459
Train epoch 294, loss: 1.833009, train acc: 0.983612, train avg acc: 0.975540
Test epoch 294, loss: 1.952695, test acc: 0.908428, test avg acc: 0.860953
Train epoch 295, loss: 1.834413, train acc: 0.983713, train avg acc: 0.972834
Test epoch 295, loss: 1.939694, test acc: 0.908428, test avg acc: 0.882035
Train epoch 296, loss: 1.833768, train acc: 0.983001, train avg acc: 0.972900
Test epoch 296, loss: 1.901624, test acc: 0.920583, test avg acc: 0.885663
Train epoch 297, loss: 1.833303, train acc: 0.983103, train avg acc: 0.972660
Test epoch 297, loss: 1.907220, test acc: 0.917747, test avg acc: 0.888872
Train epoch 298, loss: 1.831047, train acc: 0.984629, train avg acc: 0.975097
Test epoch 298, loss: 1.910773, test acc: 0.916126, test avg acc: 0.890035
Train epoch 299, loss: 1.829265, train acc: 0.984324, train avg acc: 0.975908
Test epoch 299, loss: 1.903737, test acc: 0.914911, test avg acc: 0.885988
Train epoch 300, loss: 1.829581, train acc: 0.985037, train avg acc: 0.975689
Test epoch 300, loss: 1.903523, test acc: 0.921394, test avg acc: 0.885419
Train epoch 301, loss: 1.827537, train acc: 0.985240, train avg acc: 0.976156
Test epoch 301, loss: 1.924887, test acc: 0.907212, test avg acc: 0.883000
Train epoch 302, loss: 1.826544, train acc: 0.986156, train avg acc: 0.977892
Test epoch 302, loss: 1.908213, test acc: 0.916532, test avg acc: 0.894459
Train epoch 303, loss: 1.830441, train acc: 0.985037, train avg acc: 0.977486
Test epoch 303, loss: 1.906316, test acc: 0.917342, test avg acc: 0.875750
Train epoch 304, loss: 1.830854, train acc: 0.984935, train avg acc: 0.974521
Test epoch 304, loss: 1.907521, test acc: 0.914506, test avg acc: 0.888407
Train epoch 305, loss: 1.827952, train acc: 0.984935, train avg acc: 0.975682
Test epoch 305, loss: 1.928881, test acc: 0.915316, test avg acc: 0.889669
Train epoch 306, loss: 1.825226, train acc: 0.986360, train avg acc: 0.978601
Test epoch 306, loss: 1.902080, test acc: 0.925446, test avg acc: 0.890076
Train epoch 307, loss: 1.826880, train acc: 0.985851, train avg acc: 0.977817
Test epoch 307, loss: 1.921705, test acc: 0.916532, test avg acc: 0.878012
Train epoch 308, loss: 1.829183, train acc: 0.983917, train avg acc: 0.975150
Test epoch 308, loss: 1.896648, test acc: 0.922204, test avg acc: 0.880866
Train epoch 309, loss: 1.822118, train acc: 0.986767, train avg acc: 0.980835
Test epoch 309, loss: 1.900805, test acc: 0.921394, test avg acc: 0.883616
Train epoch 310, loss: 1.821359, train acc: 0.986767, train avg acc: 0.980021
Test epoch 310, loss: 1.899066, test acc: 0.918963, test avg acc: 0.888913
Train epoch 311, loss: 1.827075, train acc: 0.984426, train avg acc: 0.974538
Test epoch 311, loss: 1.911087, test acc: 0.919773, test avg acc: 0.886012
Train epoch 312, loss: 1.822720, train acc: 0.986971, train avg acc: 0.978777
Test epoch 312, loss: 1.930078, test acc: 0.909238, test avg acc: 0.881535
Train epoch 313, loss: 1.819576, train acc: 0.988192, train avg acc: 0.982621
Test epoch 313, loss: 1.899829, test acc: 0.924230, test avg acc: 0.886331
Train epoch 314, loss: 1.821771, train acc: 0.987276, train avg acc: 0.980377
Test epoch 314, loss: 1.899817, test acc: 0.916532, test avg acc: 0.880581
Train epoch 315, loss: 1.818763, train acc: 0.988599, train avg acc: 0.982239
Test epoch 315, loss: 1.894119, test acc: 0.920583, test avg acc: 0.887459
Train epoch 316, loss: 1.821850, train acc: 0.986971, train avg acc: 0.980085
Test epoch 316, loss: 1.932898, test acc: 0.912885, test avg acc: 0.885622
Train epoch 317, loss: 1.820937, train acc: 0.986971, train avg acc: 0.978014
Test epoch 317, loss: 1.924646, test acc: 0.907618, test avg acc: 0.884331
Train epoch 318, loss: 1.822724, train acc: 0.986767, train avg acc: 0.978548
Test epoch 318, loss: 1.909006, test acc: 0.916126, test avg acc: 0.885913
Train epoch 319, loss: 1.819364, train acc: 0.988498, train avg acc: 0.982284
Test epoch 319, loss: 1.899209, test acc: 0.920583, test avg acc: 0.886913
Train epoch 320, loss: 1.818306, train acc: 0.988294, train avg acc: 0.980687
Test epoch 320, loss: 1.896037, test acc: 0.920989, test avg acc: 0.886913
Train epoch 321, loss: 1.821527, train acc: 0.986258, train avg acc: 0.978020
Test epoch 321, loss: 1.904957, test acc: 0.916937, test avg acc: 0.871419
Train epoch 322, loss: 1.817488, train acc: 0.990533, train avg acc: 0.985232
Test epoch 322, loss: 1.901678, test acc: 0.916532, test avg acc: 0.888203
Train epoch 323, loss: 1.814804, train acc: 0.989414, train avg acc: 0.983906
Test epoch 323, loss: 1.925629, test acc: 0.904781, test avg acc: 0.881500
Train epoch 324, loss: 1.817683, train acc: 0.988396, train avg acc: 0.982707
Test epoch 324, loss: 1.899993, test acc: 0.916126, test avg acc: 0.885285
Train epoch 325, loss: 1.815083, train acc: 0.988294, train avg acc: 0.981957
Test epoch 325, loss: 1.901323, test acc: 0.919773, test avg acc: 0.888831
Train epoch 326, loss: 1.816186, train acc: 0.987989, train avg acc: 0.980587
Test epoch 326, loss: 1.900945, test acc: 0.917747, test avg acc: 0.880913
Train epoch 327, loss: 1.812818, train acc: 0.990941, train avg acc: 0.985030
Test epoch 327, loss: 1.902016, test acc: 0.915316, test avg acc: 0.876081
Train epoch 328, loss: 1.814923, train acc: 0.991755, train avg acc: 0.987078
Test epoch 328, loss: 1.907019, test acc: 0.922609, test avg acc: 0.878698
Train epoch 329, loss: 1.817093, train acc: 0.988498, train avg acc: 0.981724
Test epoch 329, loss: 1.900719, test acc: 0.920989, test avg acc: 0.897291
Train epoch 330, loss: 1.816834, train acc: 0.988599, train avg acc: 0.983180
Test epoch 330, loss: 1.917143, test acc: 0.912885, test avg acc: 0.884657
Train epoch 331, loss: 1.816431, train acc: 0.990228, train avg acc: 0.985190
Test epoch 331, loss: 1.902207, test acc: 0.921799, test avg acc: 0.887116
Train epoch 332, loss: 1.817339, train acc: 0.987378, train avg acc: 0.980823
Test epoch 332, loss: 1.908373, test acc: 0.908023, test avg acc: 0.879913
Train epoch 333, loss: 1.815312, train acc: 0.989312, train avg acc: 0.982211
Test epoch 333, loss: 1.904961, test acc: 0.911669, test avg acc: 0.877581
Train epoch 334, loss: 1.813361, train acc: 0.990126, train avg acc: 0.985130
Test epoch 334, loss: 1.888414, test acc: 0.928282, test avg acc: 0.896081
Train epoch 335, loss: 1.811774, train acc: 0.991144, train avg acc: 0.987277
Test epoch 335, loss: 1.959695, test acc: 0.899109, test avg acc: 0.860453
Train epoch 336, loss: 1.812655, train acc: 0.990126, train avg acc: 0.985270
Test epoch 336, loss: 1.903068, test acc: 0.914100, test avg acc: 0.878250
Train epoch 337, loss: 1.808095, train acc: 0.991653, train avg acc: 0.986383
Test epoch 337, loss: 1.911476, test acc: 0.917342, test avg acc: 0.894035
Train epoch 338, loss: 1.812176, train acc: 0.989108, train avg acc: 0.982874
Test epoch 338, loss: 1.912951, test acc: 0.918152, test avg acc: 0.884541
Train epoch 339, loss: 1.809840, train acc: 0.990941, train avg acc: 0.986031
Test epoch 339, loss: 1.900817, test acc: 0.916126, test avg acc: 0.887785
Train epoch 340, loss: 1.811432, train acc: 0.989210, train avg acc: 0.983431
Test epoch 340, loss: 1.893425, test acc: 0.923825, test avg acc: 0.891401
Train epoch 341, loss: 1.809470, train acc: 0.991450, train avg acc: 0.986480
Test epoch 341, loss: 1.893487, test acc: 0.924230, test avg acc: 0.897791
Train epoch 342, loss: 1.812822, train acc: 0.987989, train avg acc: 0.980502
Test epoch 342, loss: 1.901112, test acc: 0.916532, test avg acc: 0.885913
Train epoch 343, loss: 1.808060, train acc: 0.991042, train avg acc: 0.987041
Test epoch 343, loss: 1.890157, test acc: 0.924230, test avg acc: 0.888744
Train epoch 344, loss: 1.805467, train acc: 0.991653, train avg acc: 0.987022
Test epoch 344, loss: 1.893165, test acc: 0.923015, test avg acc: 0.892453
Train epoch 345, loss: 1.807961, train acc: 0.991653, train avg acc: 0.986757
Test epoch 345, loss: 1.895117, test acc: 0.918963, test avg acc: 0.882785
Train epoch 346, loss: 1.809954, train acc: 0.991144, train avg acc: 0.986543
Test epoch 346, loss: 1.913591, test acc: 0.911264, test avg acc: 0.877331
Train epoch 347, loss: 1.806790, train acc: 0.992976, train avg acc: 0.988658
Test epoch 347, loss: 1.894951, test acc: 0.925041, test avg acc: 0.894831
Train epoch 348, loss: 1.810217, train acc: 0.989719, train avg acc: 0.983739
Test epoch 348, loss: 1.894440, test acc: 0.923825, test avg acc: 0.897866
Train epoch 349, loss: 1.804632, train acc: 0.992366, train avg acc: 0.987100
Test epoch 349, loss: 1.899060, test acc: 0.921799, test avg acc: 0.899616
Train epoch 350, loss: 1.802031, train acc: 0.993282, train avg acc: 0.990468
Test epoch 350, loss: 1.890457, test acc: 0.925446, test avg acc: 0.900698
Train epoch 351, loss: 1.803360, train acc: 0.993384, train avg acc: 0.989037
Test epoch 351, loss: 1.895883, test acc: 0.920178, test avg acc: 0.885157
Train epoch 352, loss: 1.802474, train acc: 0.991958, train avg acc: 0.987413
Test epoch 352, loss: 1.908315, test acc: 0.918558, test avg acc: 0.896628
Train epoch 353, loss: 1.801246, train acc: 0.993893, train avg acc: 0.990802
Test epoch 353, loss: 1.906650, test acc: 0.916532, test avg acc: 0.889703
Train epoch 354, loss: 1.802700, train acc: 0.993180, train avg acc: 0.989752
Test epoch 354, loss: 1.898734, test acc: 0.917747, test avg acc: 0.886791
Train epoch 355, loss: 1.801529, train acc: 0.993282, train avg acc: 0.988003
Test epoch 355, loss: 1.892109, test acc: 0.924230, test avg acc: 0.896785
Train epoch 356, loss: 1.802612, train acc: 0.992671, train avg acc: 0.988106
Test epoch 356, loss: 1.889955, test acc: 0.926256, test avg acc: 0.887116
Train epoch 357, loss: 1.803898, train acc: 0.992467, train avg acc: 0.988462
Test epoch 357, loss: 1.896932, test acc: 0.916937, test avg acc: 0.887948
Train epoch 358, loss: 1.802842, train acc: 0.991857, train avg acc: 0.987425
Test epoch 358, loss: 1.911562, test acc: 0.915316, test avg acc: 0.890285
Train epoch 359, loss: 1.801368, train acc: 0.993689, train avg acc: 0.990343
Test epoch 359, loss: 1.902406, test acc: 0.917747, test avg acc: 0.893831
Train epoch 360, loss: 1.798701, train acc: 0.995216, train avg acc: 0.993096
Test epoch 360, loss: 1.892746, test acc: 0.925851, test avg acc: 0.893779
Train epoch 361, loss: 1.800653, train acc: 0.992060, train avg acc: 0.987388
Test epoch 361, loss: 1.892248, test acc: 0.924230, test avg acc: 0.899279
Train epoch 362, loss: 1.798433, train acc: 0.992976, train avg acc: 0.988691
Test epoch 362, loss: 1.901127, test acc: 0.918558, test avg acc: 0.899657
Train epoch 363, loss: 1.794711, train acc: 0.995318, train avg acc: 0.992362
Test epoch 363, loss: 1.895912, test acc: 0.920989, test avg acc: 0.902494
Train epoch 364, loss: 1.798803, train acc: 0.993791, train avg acc: 0.990034
Test epoch 364, loss: 1.889974, test acc: 0.924635, test avg acc: 0.899238
Train epoch 365, loss: 1.796656, train acc: 0.994707, train avg acc: 0.991080
Test epoch 365, loss: 1.910658, test acc: 0.919368, test avg acc: 0.891541
Train epoch 366, loss: 1.795028, train acc: 0.995521, train avg acc: 0.992763
Test epoch 366, loss: 1.888307, test acc: 0.925851, test avg acc: 0.892076
Train epoch 367, loss: 1.796731, train acc: 0.993791, train avg acc: 0.989881
Test epoch 367, loss: 1.908634, test acc: 0.919368, test avg acc: 0.898198
Train epoch 368, loss: 1.798659, train acc: 0.994503, train avg acc: 0.991599
Test epoch 368, loss: 1.903215, test acc: 0.921799, test avg acc: 0.898948
Train epoch 369, loss: 1.798026, train acc: 0.993893, train avg acc: 0.989467
Test epoch 369, loss: 1.902571, test acc: 0.917342, test avg acc: 0.884116
Train epoch 370, loss: 1.796712, train acc: 0.994503, train avg acc: 0.990466
Test epoch 370, loss: 1.900738, test acc: 0.917747, test avg acc: 0.888913
Train epoch 371, loss: 1.795961, train acc: 0.994401, train avg acc: 0.990720
Test epoch 371, loss: 1.887996, test acc: 0.925851, test avg acc: 0.894535
Train epoch 372, loss: 1.794960, train acc: 0.994605, train avg acc: 0.990437
Test epoch 372, loss: 1.897549, test acc: 0.921394, test avg acc: 0.889500
Train epoch 373, loss: 1.793880, train acc: 0.994401, train avg acc: 0.991196
Test epoch 373, loss: 1.895636, test acc: 0.919773, test avg acc: 0.893413
Train epoch 374, loss: 1.793330, train acc: 0.995725, train avg acc: 0.993232
Test epoch 374, loss: 1.894189, test acc: 0.923420, test avg acc: 0.893953
Train epoch 375, loss: 1.792595, train acc: 0.994605, train avg acc: 0.991121
Test epoch 375, loss: 1.893839, test acc: 0.922204, test avg acc: 0.896453
Train epoch 376, loss: 1.797514, train acc: 0.994096, train avg acc: 0.990717
Test epoch 376, loss: 1.895951, test acc: 0.918558, test avg acc: 0.888703
Train epoch 377, loss: 1.791743, train acc: 0.995012, train avg acc: 0.992042
Test epoch 377, loss: 1.885909, test acc: 0.924230, test avg acc: 0.891750
Train epoch 378, loss: 1.791090, train acc: 0.995623, train avg acc: 0.993479
Test epoch 378, loss: 1.895310, test acc: 0.921394, test avg acc: 0.892035
Train epoch 379, loss: 1.791126, train acc: 0.995012, train avg acc: 0.992935
Test epoch 379, loss: 1.897118, test acc: 0.915721, test avg acc: 0.887663
Train epoch 380, loss: 1.793242, train acc: 0.995114, train avg acc: 0.992448
Test epoch 380, loss: 1.887701, test acc: 0.923015, test avg acc: 0.895872
Train epoch 381, loss: 1.789286, train acc: 0.995827, train avg acc: 0.993480
Test epoch 381, loss: 1.884254, test acc: 0.928282, test avg acc: 0.895448
Train epoch 382, loss: 1.792779, train acc: 0.994707, train avg acc: 0.991778
Test epoch 382, loss: 1.888851, test acc: 0.929498, test avg acc: 0.899453
Train epoch 383, loss: 1.795025, train acc: 0.992875, train avg acc: 0.989504
Test epoch 383, loss: 1.894652, test acc: 0.920583, test avg acc: 0.892326
Train epoch 384, loss: 1.791907, train acc: 0.994605, train avg acc: 0.991291
Test epoch 384, loss: 1.895461, test acc: 0.923015, test avg acc: 0.901076
Train epoch 385, loss: 1.790121, train acc: 0.995216, train avg acc: 0.992868
Test epoch 385, loss: 1.894969, test acc: 0.923420, test avg acc: 0.894657
Train epoch 386, loss: 1.789726, train acc: 0.995114, train avg acc: 0.992060
Test epoch 386, loss: 1.885504, test acc: 0.925851, test avg acc: 0.892076
Train epoch 387, loss: 1.790374, train acc: 0.994605, train avg acc: 0.991464
Test epoch 387, loss: 1.885240, test acc: 0.921799, test avg acc: 0.891041
Train epoch 388, loss: 1.791231, train acc: 0.995623, train avg acc: 0.993561
Test epoch 388, loss: 1.889652, test acc: 0.923825, test avg acc: 0.890494
Train epoch 389, loss: 1.787297, train acc: 0.995928, train avg acc: 0.994252
Test epoch 389, loss: 1.889715, test acc: 0.924230, test avg acc: 0.894198
Train epoch 390, loss: 1.791000, train acc: 0.995521, train avg acc: 0.992492
Test epoch 390, loss: 1.889935, test acc: 0.921394, test avg acc: 0.893669
Train epoch 391, loss: 1.786279, train acc: 0.996437, train avg acc: 0.994203
Test epoch 391, loss: 1.899555, test acc: 0.918963, test avg acc: 0.896669
Train epoch 392, loss: 1.786425, train acc: 0.996539, train avg acc: 0.995017
Test epoch 392, loss: 1.893636, test acc: 0.922609, test avg acc: 0.897203
Train epoch 393, loss: 1.786689, train acc: 0.996844, train avg acc: 0.994593
Test epoch 393, loss: 1.889913, test acc: 0.924230, test avg acc: 0.898703
Train epoch 394, loss: 1.786170, train acc: 0.996030, train avg acc: 0.993260
Test epoch 394, loss: 1.895190, test acc: 0.921799, test avg acc: 0.898285
Train epoch 395, loss: 1.785500, train acc: 0.996234, train avg acc: 0.993929
Test epoch 395, loss: 1.892907, test acc: 0.916532, test avg acc: 0.882750
Train epoch 396, loss: 1.786306, train acc: 0.996743, train avg acc: 0.995467
Test epoch 396, loss: 1.887999, test acc: 0.925041, test avg acc: 0.899785
Train epoch 397, loss: 1.784001, train acc: 0.996132, train avg acc: 0.994319
Test epoch 397, loss: 1.897043, test acc: 0.920583, test avg acc: 0.890826
Train epoch 398, loss: 1.782902, train acc: 0.997557, train avg acc: 0.995968
Test epoch 398, loss: 1.893113, test acc: 0.920583, test avg acc: 0.894703
Train epoch 399, loss: 1.785402, train acc: 0.996539, train avg acc: 0.994395
Test epoch 399, loss: 1.893969, test acc: 0.918152, test avg acc: 0.886988
Train epoch 400, loss: 1.788187, train acc: 0.994707, train avg acc: 0.991783
Test epoch 400, loss: 1.888427, test acc: 0.922609, test avg acc: 0.896576
Train epoch 401, loss: 1.785440, train acc: 0.996437, train avg acc: 0.994992
Test epoch 401, loss: 1.884310, test acc: 0.917747, test avg acc: 0.890035
Train epoch 402, loss: 1.784175, train acc: 0.997048, train avg acc: 0.995525
Test epoch 402, loss: 1.888729, test acc: 0.922204, test avg acc: 0.892663
Train epoch 403, loss: 1.784881, train acc: 0.996539, train avg acc: 0.994132
Test epoch 403, loss: 1.884820, test acc: 0.923015, test avg acc: 0.896698
Train epoch 404, loss: 1.784144, train acc: 0.997659, train avg acc: 0.995880
Test epoch 404, loss: 1.888735, test acc: 0.925041, test avg acc: 0.893285
Train epoch 405, loss: 1.782933, train acc: 0.997150, train avg acc: 0.995434
Test epoch 405, loss: 1.890764, test acc: 0.919368, test avg acc: 0.889744
Train epoch 406, loss: 1.783588, train acc: 0.996641, train avg acc: 0.994754
Test epoch 406, loss: 1.890130, test acc: 0.922204, test avg acc: 0.891866
Train epoch 407, loss: 1.781409, train acc: 0.997353, train avg acc: 0.995759
Test epoch 407, loss: 1.890608, test acc: 0.923015, test avg acc: 0.900203
Train epoch 408, loss: 1.780442, train acc: 0.997557, train avg acc: 0.996105
Test epoch 408, loss: 1.890693, test acc: 0.920989, test avg acc: 0.892035
Train epoch 409, loss: 1.783661, train acc: 0.997964, train avg acc: 0.996785
Test epoch 409, loss: 1.895343, test acc: 0.920989, test avg acc: 0.894866
Train epoch 410, loss: 1.781778, train acc: 0.997048, train avg acc: 0.994290
Test epoch 410, loss: 1.887533, test acc: 0.923825, test avg acc: 0.897663
Train epoch 411, loss: 1.781641, train acc: 0.997048, train avg acc: 0.995048
Test epoch 411, loss: 1.889744, test acc: 0.919773, test avg acc: 0.892157
Train epoch 412, loss: 1.782773, train acc: 0.996336, train avg acc: 0.993541
Test epoch 412, loss: 1.885938, test acc: 0.924230, test avg acc: 0.896826
Train epoch 413, loss: 1.781963, train acc: 0.996946, train avg acc: 0.995769
Test epoch 413, loss: 1.890233, test acc: 0.921799, test avg acc: 0.893826
Train epoch 414, loss: 1.780048, train acc: 0.998066, train avg acc: 0.996830
Test epoch 414, loss: 1.888723, test acc: 0.922609, test avg acc: 0.893663
Train epoch 415, loss: 1.781770, train acc: 0.997557, train avg acc: 0.996250
Test epoch 415, loss: 1.884319, test acc: 0.924635, test avg acc: 0.897663
Train epoch 416, loss: 1.781913, train acc: 0.997659, train avg acc: 0.996719
Test epoch 416, loss: 1.883666, test acc: 0.926256, test avg acc: 0.895116
Train epoch 417, loss: 1.780321, train acc: 0.997761, train avg acc: 0.996318
Test epoch 417, loss: 1.886124, test acc: 0.925851, test avg acc: 0.895907
Train epoch 418, loss: 1.780174, train acc: 0.996946, train avg acc: 0.995644
Test epoch 418, loss: 1.886712, test acc: 0.923825, test avg acc: 0.897826
Train epoch 419, loss: 1.780507, train acc: 0.997353, train avg acc: 0.996508
Test epoch 419, loss: 1.892336, test acc: 0.916937, test avg acc: 0.892244
Train epoch 420, loss: 1.779263, train acc: 0.997659, train avg acc: 0.996165
Test epoch 420, loss: 1.880502, test acc: 0.931118, test avg acc: 0.901407
Train epoch 421, loss: 1.778974, train acc: 0.998168, train avg acc: 0.996828
Test epoch 421, loss: 1.889978, test acc: 0.921394, test avg acc: 0.893994
Train epoch 422, loss: 1.777039, train acc: 0.998270, train avg acc: 0.997181
Test epoch 422, loss: 1.885661, test acc: 0.925851, test avg acc: 0.896070
Train epoch 423, loss: 1.779250, train acc: 0.997048, train avg acc: 0.995345
Test epoch 423, loss: 1.887489, test acc: 0.918558, test avg acc: 0.889285
Train epoch 424, loss: 1.778201, train acc: 0.997252, train avg acc: 0.996089
Test epoch 424, loss: 1.890820, test acc: 0.920178, test avg acc: 0.891413
Train epoch 425, loss: 1.780453, train acc: 0.997048, train avg acc: 0.994955
Test epoch 425, loss: 1.882935, test acc: 0.928282, test avg acc: 0.898576
Train epoch 426, loss: 1.780425, train acc: 0.997048, train avg acc: 0.995345
Test epoch 426, loss: 1.892880, test acc: 0.918152, test avg acc: 0.884157
Train epoch 427, loss: 1.775294, train acc: 0.998473, train avg acc: 0.997647
Test epoch 427, loss: 1.887091, test acc: 0.925041, test avg acc: 0.894366
Train epoch 428, loss: 1.777962, train acc: 0.997252, train avg acc: 0.995138
Test epoch 428, loss: 1.887598, test acc: 0.924635, test avg acc: 0.898326
Train epoch 429, loss: 1.776818, train acc: 0.997862, train avg acc: 0.997122
Test epoch 429, loss: 1.885983, test acc: 0.921799, test avg acc: 0.892407
Train epoch 430, loss: 1.778040, train acc: 0.997353, train avg acc: 0.995937
Test epoch 430, loss: 1.889635, test acc: 0.919368, test avg acc: 0.894826
Train epoch 431, loss: 1.777117, train acc: 0.997862, train avg acc: 0.996580
Test epoch 431, loss: 1.884957, test acc: 0.921799, test avg acc: 0.891285
Train epoch 432, loss: 1.776824, train acc: 0.998575, train avg acc: 0.998147
Test epoch 432, loss: 1.885802, test acc: 0.923015, test avg acc: 0.897285
Train epoch 433, loss: 1.777466, train acc: 0.998473, train avg acc: 0.997754
Test epoch 433, loss: 1.887615, test acc: 0.921799, test avg acc: 0.895285
Train epoch 434, loss: 1.776396, train acc: 0.997964, train avg acc: 0.997215
Test epoch 434, loss: 1.884151, test acc: 0.924635, test avg acc: 0.893366
Train epoch 435, loss: 1.776280, train acc: 0.998066, train avg acc: 0.996767
Test epoch 435, loss: 1.880545, test acc: 0.926256, test avg acc: 0.892326
Train epoch 436, loss: 1.774874, train acc: 0.998880, train avg acc: 0.998212
Test epoch 436, loss: 1.882650, test acc: 0.929092, test avg acc: 0.899494
Train epoch 437, loss: 1.775814, train acc: 0.997964, train avg acc: 0.996356
Test epoch 437, loss: 1.885356, test acc: 0.922609, test avg acc: 0.896703
Train epoch 438, loss: 1.775326, train acc: 0.998473, train avg acc: 0.997535
Test epoch 438, loss: 1.889780, test acc: 0.923420, test avg acc: 0.895785
Train epoch 439, loss: 1.773771, train acc: 0.998880, train avg acc: 0.998258
Test epoch 439, loss: 1.884124, test acc: 0.923825, test avg acc: 0.897663
Train epoch 440, loss: 1.776533, train acc: 0.997659, train avg acc: 0.996496
Test epoch 440, loss: 1.885330, test acc: 0.925851, test avg acc: 0.898285
Train epoch 441, loss: 1.773738, train acc: 0.998575, train avg acc: 0.997776
Test epoch 441, loss: 1.883101, test acc: 0.923015, test avg acc: 0.891826
Train epoch 442, loss: 1.775170, train acc: 0.997455, train avg acc: 0.996020
Test epoch 442, loss: 1.882844, test acc: 0.924230, test avg acc: 0.896029
Train epoch 443, loss: 1.773711, train acc: 0.998677, train avg acc: 0.997895
Test epoch 443, loss: 1.885348, test acc: 0.926661, test avg acc: 0.898657
Train epoch 444, loss: 1.775021, train acc: 0.998168, train avg acc: 0.997234
Test epoch 444, loss: 1.883302, test acc: 0.925041, test avg acc: 0.895948
Train epoch 445, loss: 1.773961, train acc: 0.998371, train avg acc: 0.997615
Test epoch 445, loss: 1.883694, test acc: 0.924230, test avg acc: 0.897616
Train epoch 446, loss: 1.771963, train acc: 0.998575, train avg acc: 0.997938
Test epoch 446, loss: 1.882271, test acc: 0.924635, test avg acc: 0.894529
Train epoch 447, loss: 1.773910, train acc: 0.998473, train avg acc: 0.997964
Test epoch 447, loss: 1.881725, test acc: 0.926256, test avg acc: 0.893407
Train epoch 448, loss: 1.773626, train acc: 0.998066, train avg acc: 0.997224
Test epoch 448, loss: 1.888583, test acc: 0.921799, test avg acc: 0.893738
Train epoch 449, loss: 1.773204, train acc: 0.998982, train avg acc: 0.998316
Test epoch 449, loss: 1.886539, test acc: 0.925851, test avg acc: 0.894948
Train epoch 450, loss: 1.772893, train acc: 0.998982, train avg acc: 0.998087
Test epoch 450, loss: 1.884706, test acc: 0.923825, test avg acc: 0.895907
Train epoch 451, loss: 1.773686, train acc: 0.998168, train avg acc: 0.996947
Test epoch 451, loss: 1.886809, test acc: 0.923825, test avg acc: 0.896826
Train epoch 452, loss: 1.771762, train acc: 0.999186, train avg acc: 0.998573
Test epoch 452, loss: 1.887436, test acc: 0.925851, test avg acc: 0.899826
Train epoch 453, loss: 1.773362, train acc: 0.997964, train avg acc: 0.996650
Test epoch 453, loss: 1.889164, test acc: 0.923420, test avg acc: 0.891285
Train epoch 454, loss: 1.772990, train acc: 0.998575, train avg acc: 0.997740
Test epoch 454, loss: 1.884905, test acc: 0.924635, test avg acc: 0.895994
Train epoch 455, loss: 1.773623, train acc: 0.998168, train avg acc: 0.997440
Test epoch 455, loss: 1.885239, test acc: 0.922204, test avg acc: 0.893616
Train epoch 456, loss: 1.772949, train acc: 0.998371, train avg acc: 0.997531
Test epoch 456, loss: 1.884043, test acc: 0.923015, test avg acc: 0.893407
Train epoch 457, loss: 1.772099, train acc: 0.998880, train avg acc: 0.998356
Test epoch 457, loss: 1.883036, test acc: 0.926256, test avg acc: 0.897407
Train epoch 458, loss: 1.771766, train acc: 0.999084, train avg acc: 0.998048
Test epoch 458, loss: 1.880458, test acc: 0.926661, test avg acc: 0.900657
Train epoch 459, loss: 1.771464, train acc: 0.998779, train avg acc: 0.997772
Test epoch 459, loss: 1.880397, test acc: 0.928282, test avg acc: 0.901326
Train epoch 460, loss: 1.771807, train acc: 0.999084, train avg acc: 0.998529
Test epoch 460, loss: 1.880635, test acc: 0.928282, test avg acc: 0.897657
Train epoch 461, loss: 1.772232, train acc: 0.998779, train avg acc: 0.998164
Test epoch 461, loss: 1.882038, test acc: 0.926256, test avg acc: 0.898163
Train epoch 462, loss: 1.772087, train acc: 0.998677, train avg acc: 0.997873
Test epoch 462, loss: 1.883961, test acc: 0.925446, test avg acc: 0.897785
Train epoch 463, loss: 1.771747, train acc: 0.998982, train avg acc: 0.998857
Test epoch 463, loss: 1.880025, test acc: 0.926256, test avg acc: 0.900407
Train epoch 464, loss: 1.771809, train acc: 0.998880, train avg acc: 0.998388
Test epoch 464, loss: 1.883719, test acc: 0.923420, test avg acc: 0.891366
Train epoch 465, loss: 1.771048, train acc: 0.998473, train avg acc: 0.997424
Test epoch 465, loss: 1.885776, test acc: 0.924230, test avg acc: 0.894907
Train epoch 466, loss: 1.772236, train acc: 0.998473, train avg acc: 0.997363
Test epoch 466, loss: 1.881089, test acc: 0.927472, test avg acc: 0.903320
Train epoch 467, loss: 1.771202, train acc: 0.998982, train avg acc: 0.997946
Test epoch 467, loss: 1.883782, test acc: 0.924230, test avg acc: 0.892238
Train epoch 468, loss: 1.770634, train acc: 0.999287, train avg acc: 0.998733
Test epoch 468, loss: 1.883040, test acc: 0.924635, test avg acc: 0.893570
Train epoch 469, loss: 1.771757, train acc: 0.998371, train avg acc: 0.997646
Test epoch 469, loss: 1.880381, test acc: 0.927877, test avg acc: 0.893448
Train epoch 470, loss: 1.770640, train acc: 0.998982, train avg acc: 0.998374
Test epoch 470, loss: 1.882619, test acc: 0.923825, test avg acc: 0.893576
Train epoch 471, loss: 1.769588, train acc: 0.998982, train avg acc: 0.998175
Test epoch 471, loss: 1.883967, test acc: 0.926256, test avg acc: 0.896157
Train epoch 472, loss: 1.769440, train acc: 0.999084, train avg acc: 0.998223
Test epoch 472, loss: 1.882692, test acc: 0.923825, test avg acc: 0.891698
Train epoch 473, loss: 1.770883, train acc: 0.999084, train avg acc: 0.998650
Test epoch 473, loss: 1.883303, test acc: 0.923825, test avg acc: 0.891616
Train epoch 474, loss: 1.769770, train acc: 0.998779, train avg acc: 0.997950
Test epoch 474, loss: 1.885602, test acc: 0.923420, test avg acc: 0.892616
Train epoch 475, loss: 1.770077, train acc: 0.998880, train avg acc: 0.997865
Test epoch 475, loss: 1.880869, test acc: 0.926256, test avg acc: 0.895076
Train epoch 476, loss: 1.770534, train acc: 0.998982, train avg acc: 0.998607
Test epoch 476, loss: 1.884669, test acc: 0.922609, test avg acc: 0.890866
Train epoch 477, loss: 1.771510, train acc: 0.998982, train avg acc: 0.998513
Test epoch 477, loss: 1.881699, test acc: 0.929092, test avg acc: 0.897238
Train epoch 478, loss: 1.770730, train acc: 0.998270, train avg acc: 0.997468
Test epoch 478, loss: 1.885426, test acc: 0.925446, test avg acc: 0.894738
Train epoch 479, loss: 1.769470, train acc: 0.998982, train avg acc: 0.998554
Test epoch 479, loss: 1.880722, test acc: 0.923825, test avg acc: 0.891657
Train epoch 480, loss: 1.771042, train acc: 0.999084, train avg acc: 0.998666
Test epoch 480, loss: 1.881952, test acc: 0.923015, test avg acc: 0.890326
Train epoch 481, loss: 1.771240, train acc: 0.998880, train avg acc: 0.998704
Test epoch 481, loss: 1.881356, test acc: 0.925446, test avg acc: 0.895738
Train epoch 482, loss: 1.771065, train acc: 0.998575, train avg acc: 0.997329
Test epoch 482, loss: 1.882680, test acc: 0.927472, test avg acc: 0.897907
Train epoch 483, loss: 1.770372, train acc: 0.998880, train avg acc: 0.998242
Test epoch 483, loss: 1.881833, test acc: 0.924635, test avg acc: 0.894157
Train epoch 484, loss: 1.769530, train acc: 0.998880, train avg acc: 0.997965
Test epoch 484, loss: 1.881356, test acc: 0.923825, test avg acc: 0.893616
Train epoch 485, loss: 1.769520, train acc: 0.999084, train avg acc: 0.998502
Test epoch 485, loss: 1.883570, test acc: 0.922204, test avg acc: 0.893826
Train epoch 486, loss: 1.771094, train acc: 0.998677, train avg acc: 0.997140
Test epoch 486, loss: 1.882064, test acc: 0.925041, test avg acc: 0.895285
Train epoch 487, loss: 1.770404, train acc: 0.998575, train avg acc: 0.998512
Test epoch 487, loss: 1.883752, test acc: 0.923015, test avg acc: 0.892913
Train epoch 488, loss: 1.770153, train acc: 0.998371, train avg acc: 0.997502
Test epoch 488, loss: 1.882590, test acc: 0.927066, test avg acc: 0.898948
Train epoch 489, loss: 1.771012, train acc: 0.998270, train avg acc: 0.997550
Test epoch 489, loss: 1.885177, test acc: 0.923420, test avg acc: 0.894285
Train epoch 490, loss: 1.770358, train acc: 0.999491, train avg acc: 0.999228
Test epoch 490, loss: 1.881569, test acc: 0.925041, test avg acc: 0.895657
Train epoch 491, loss: 1.770798, train acc: 0.998270, train avg acc: 0.997624
Test epoch 491, loss: 1.881225, test acc: 0.924635, test avg acc: 0.892488
Train epoch 492, loss: 1.769641, train acc: 0.999084, train avg acc: 0.998562
Test epoch 492, loss: 1.882459, test acc: 0.926661, test avg acc: 0.898448
Train epoch 493, loss: 1.769286, train acc: 0.999186, train avg acc: 0.998700
Test epoch 493, loss: 1.881102, test acc: 0.923420, test avg acc: 0.892244
Train epoch 494, loss: 1.770915, train acc: 0.998066, train avg acc: 0.996604
Test epoch 494, loss: 1.881865, test acc: 0.925041, test avg acc: 0.895326
Train epoch 495, loss: 1.770850, train acc: 0.998575, train avg acc: 0.997955
Test epoch 495, loss: 1.884869, test acc: 0.921799, test avg acc: 0.889448
Train epoch 496, loss: 1.770553, train acc: 0.999084, train avg acc: 0.998543
Test epoch 496, loss: 1.880121, test acc: 0.924635, test avg acc: 0.893366
Train epoch 497, loss: 1.770135, train acc: 0.998982, train avg acc: 0.998569
Test epoch 497, loss: 1.882162, test acc: 0.927066, test avg acc: 0.896657
Train epoch 498, loss: 1.769768, train acc: 0.999389, train avg acc: 0.998757
Test epoch 498, loss: 1.880331, test acc: 0.927066, test avg acc: 0.898907
Train epoch 499, loss: 1.770323, train acc: 0.998880, train avg acc: 0.997818
Test epoch 499, loss: 1.884161, test acc: 0.925446, test avg acc: 0.895866
