Namespace(augmix_cutmix_prob=0.5, augmix_prob=0.0, batch_size=32, beta=1.0, data_path='./data/modelnet40_normal_resampled', dataset='modelnet40', dropout=0.5, emb_dims=1024, epochs=500, eval=False, exp_name='augmix_cutmix_lams2_eps35e-2_dgcnn_1024', jitter=False, k=20, knn=False, lr=0.001, model='dgcnn', model_path='', modelnet10=False, momentum=0.9, no_cuda=False, normal=False, nsample=512, num_points=1024, rddrop=False, rdscale=False, rot=False, rsmix_prob=0.0, seed=1, shift=False, shuffle=False, test_batch_size=16, use_sgd=True)
Using GPU : 0 from 1 devices
Train epoch 0, loss: 3.078562, train acc: 0.443404, train avg acc: 0.266168
Test epoch 0, loss: 2.725729, test acc: 0.588331, test avg acc: 0.439552
Train epoch 1, loss: 2.681302, train acc: 0.626832, train avg acc: 0.434555
Test epoch 1, loss: 2.552859, test acc: 0.691248, test avg acc: 0.546430
Train epoch 2, loss: 2.568409, train acc: 0.695542, train avg acc: 0.528378
Test epoch 2, loss: 2.412254, test acc: 0.782010, test avg acc: 0.657157
Train epoch 3, loss: 2.498600, train acc: 0.739617, train avg acc: 0.597352
Test epoch 3, loss: 2.339201, test acc: 0.815640, test avg acc: 0.683267
Train epoch 4, loss: 2.458696, train acc: 0.765269, train avg acc: 0.628208
Test epoch 4, loss: 2.332565, test acc: 0.835494, test avg acc: 0.726890
Train epoch 5, loss: 2.427779, train acc: 0.785322, train avg acc: 0.657224
Test epoch 5, loss: 2.296609, test acc: 0.833468, test avg acc: 0.724512
Train epoch 6, loss: 2.393015, train acc: 0.805578, train avg acc: 0.696086
Test epoch 6, loss: 2.291577, test acc: 0.840762, test avg acc: 0.759291
Train epoch 7, loss: 2.374247, train acc: 0.813518, train avg acc: 0.704873
Test epoch 7, loss: 2.320349, test acc: 0.822123, test avg acc: 0.739779
Train epoch 8, loss: 2.366870, train acc: 0.821356, train avg acc: 0.718601
Test epoch 8, loss: 2.275258, test acc: 0.847650, test avg acc: 0.763703
Train epoch 9, loss: 2.346043, train acc: 0.828379, train avg acc: 0.725310
Test epoch 9, loss: 2.283459, test acc: 0.861831, test avg acc: 0.790895
Train epoch 10, loss: 2.333147, train acc: 0.836523, train avg acc: 0.741372
Test epoch 10, loss: 2.239964, test acc: 0.872771, test avg acc: 0.810703
Train epoch 11, loss: 2.320458, train acc: 0.846091, train avg acc: 0.755050
Test epoch 11, loss: 2.198004, test acc: 0.884927, test avg acc: 0.806709
Train epoch 12, loss: 2.312593, train acc: 0.846906, train avg acc: 0.757237
Test epoch 12, loss: 2.242812, test acc: 0.865883, test avg acc: 0.797372
Train epoch 13, loss: 2.298701, train acc: 0.858510, train avg acc: 0.776100
Test epoch 13, loss: 2.225169, test acc: 0.881280, test avg acc: 0.832116
Train epoch 14, loss: 2.294642, train acc: 0.861462, train avg acc: 0.779398
Test epoch 14, loss: 2.231042, test acc: 0.871961, test avg acc: 0.810657
Train epoch 15, loss: 2.286711, train acc: 0.863803, train avg acc: 0.785444
Test epoch 15, loss: 2.292749, test acc: 0.847245, test avg acc: 0.776128
Train epoch 16, loss: 2.280013, train acc: 0.865941, train avg acc: 0.786490
Test epoch 16, loss: 2.217349, test acc: 0.883712, test avg acc: 0.815634
Train epoch 17, loss: 2.273641, train acc: 0.872353, train avg acc: 0.799069
Test epoch 17, loss: 2.228788, test acc: 0.876823, test avg acc: 0.798314
Train epoch 18, loss: 2.267425, train acc: 0.875509, train avg acc: 0.802494
Test epoch 18, loss: 2.212167, test acc: 0.873582, test avg acc: 0.817785
Train epoch 19, loss: 2.267111, train acc: 0.873575, train avg acc: 0.798596
Test epoch 19, loss: 2.190482, test acc: 0.899109, test avg acc: 0.855808
Train epoch 20, loss: 2.262146, train acc: 0.876221, train avg acc: 0.807108
Test epoch 20, loss: 2.203158, test acc: 0.881280, test avg acc: 0.830436
Train epoch 21, loss: 2.255487, train acc: 0.879988, train avg acc: 0.808014
Test epoch 21, loss: 2.190288, test acc: 0.897083, test avg acc: 0.845087
Train epoch 22, loss: 2.254808, train acc: 0.883550, train avg acc: 0.814616
Test epoch 22, loss: 2.212631, test acc: 0.873582, test avg acc: 0.819273
Train epoch 23, loss: 2.247750, train acc: 0.883347, train avg acc: 0.814858
Test epoch 23, loss: 2.182472, test acc: 0.891815, test avg acc: 0.829407
Train epoch 24, loss: 2.238584, train acc: 0.891897, train avg acc: 0.829453
Test epoch 24, loss: 2.202287, test acc: 0.893031, test avg acc: 0.830587
Train epoch 25, loss: 2.236929, train acc: 0.893628, train avg acc: 0.832913
Test epoch 25, loss: 2.181818, test acc: 0.897893, test avg acc: 0.854035
Train epoch 26, loss: 2.246059, train acc: 0.888538, train avg acc: 0.827688
Test epoch 26, loss: 2.183338, test acc: 0.893841, test avg acc: 0.830337
Train epoch 27, loss: 2.232529, train acc: 0.890167, train avg acc: 0.828114
Test epoch 27, loss: 2.206100, test acc: 0.879660, test avg acc: 0.811703
Train epoch 28, loss: 2.233603, train acc: 0.891592, train avg acc: 0.827499
Test epoch 28, loss: 2.158895, test acc: 0.909643, test avg acc: 0.852267
Train epoch 29, loss: 2.225330, train acc: 0.897496, train avg acc: 0.838527
Test epoch 29, loss: 2.181899, test acc: 0.903160, test avg acc: 0.859180
Train epoch 30, loss: 2.227159, train acc: 0.899023, train avg acc: 0.843999
Test epoch 30, loss: 2.167437, test acc: 0.903160, test avg acc: 0.859837
Train epoch 31, loss: 2.227992, train acc: 0.894748, train avg acc: 0.829500
Test epoch 31, loss: 2.176856, test acc: 0.902350, test avg acc: 0.859308
Train epoch 32, loss: 2.223038, train acc: 0.896274, train avg acc: 0.835707
Test epoch 32, loss: 2.203444, test acc: 0.899514, test avg acc: 0.844233
Train epoch 33, loss: 2.227291, train acc: 0.894849, train avg acc: 0.834030
Test epoch 33, loss: 2.186647, test acc: 0.895057, test avg acc: 0.831122
Train epoch 34, loss: 2.224847, train acc: 0.897191, train avg acc: 0.837022
Test epoch 34, loss: 2.178674, test acc: 0.894246, test avg acc: 0.841541
Train epoch 35, loss: 2.219763, train acc: 0.896376, train avg acc: 0.837835
Test epoch 35, loss: 2.166528, test acc: 0.906807, test avg acc: 0.856581
Train epoch 36, loss: 2.223002, train acc: 0.898921, train avg acc: 0.844088
Test epoch 36, loss: 2.183077, test acc: 0.895462, test avg acc: 0.841674
Train epoch 37, loss: 2.217766, train acc: 0.900957, train avg acc: 0.843646
Test epoch 37, loss: 2.180949, test acc: 0.892626, test avg acc: 0.837337
Train epoch 38, loss: 2.214942, train acc: 0.901262, train avg acc: 0.842783
Test epoch 38, loss: 2.205073, test acc: 0.880065, test avg acc: 0.839890
Train epoch 39, loss: 2.215743, train acc: 0.903909, train avg acc: 0.847790
Test epoch 39, loss: 2.185787, test acc: 0.894652, test avg acc: 0.840669
Train epoch 40, loss: 2.205686, train acc: 0.904112, train avg acc: 0.848713
Test epoch 40, loss: 2.161891, test acc: 0.899919, test avg acc: 0.842581
Train epoch 41, loss: 2.221330, train acc: 0.901466, train avg acc: 0.844425
Test epoch 41, loss: 2.188350, test acc: 0.882496, test avg acc: 0.830703
Train epoch 42, loss: 2.210082, train acc: 0.906250, train avg acc: 0.853820
Test epoch 42, loss: 2.181342, test acc: 0.901135, test avg acc: 0.853628
Train epoch 43, loss: 2.211214, train acc: 0.905945, train avg acc: 0.851361
Test epoch 43, loss: 2.172262, test acc: 0.895462, test avg acc: 0.848977
Train epoch 44, loss: 2.206104, train acc: 0.902993, train avg acc: 0.846968
Test epoch 44, loss: 2.173458, test acc: 0.904781, test avg acc: 0.850494
Train epoch 45, loss: 2.207692, train acc: 0.903807, train avg acc: 0.846590
Test epoch 45, loss: 2.186046, test acc: 0.899109, test avg acc: 0.847971
Train epoch 46, loss: 2.206346, train acc: 0.901873, train avg acc: 0.844635
Test epoch 46, loss: 2.152661, test acc: 0.905186, test avg acc: 0.858674
Train epoch 47, loss: 2.207289, train acc: 0.903196, train avg acc: 0.848653
Test epoch 47, loss: 2.160218, test acc: 0.901945, test avg acc: 0.863384
Train epoch 48, loss: 2.200550, train acc: 0.906148, train avg acc: 0.855061
Test epoch 48, loss: 2.275662, test acc: 0.857780, test avg acc: 0.814064
Train epoch 49, loss: 2.204168, train acc: 0.904520, train avg acc: 0.851845
Test epoch 49, loss: 2.180374, test acc: 0.891005, test avg acc: 0.851797
Train epoch 50, loss: 2.203025, train acc: 0.909406, train avg acc: 0.857710
Test epoch 50, loss: 2.173144, test acc: 0.895867, test avg acc: 0.866384
Train epoch 51, loss: 2.201105, train acc: 0.909202, train avg acc: 0.856710
Test epoch 51, loss: 2.178852, test acc: 0.890600, test avg acc: 0.850378
Train epoch 52, loss: 2.198917, train acc: 0.909507, train avg acc: 0.858086
Test epoch 52, loss: 2.187117, test acc: 0.888169, test avg acc: 0.861041
Train epoch 53, loss: 2.199840, train acc: 0.910220, train avg acc: 0.859036
Test epoch 53, loss: 2.175716, test acc: 0.902755, test avg acc: 0.860721
Train epoch 54, loss: 2.192720, train acc: 0.914088, train avg acc: 0.862506
Test epoch 54, loss: 2.150604, test acc: 0.908833, test avg acc: 0.853878
Train epoch 55, loss: 2.202983, train acc: 0.906657, train avg acc: 0.856506
Test epoch 55, loss: 2.166004, test acc: 0.901540, test avg acc: 0.860715
Train epoch 56, loss: 2.197169, train acc: 0.908591, train avg acc: 0.859573
Test epoch 56, loss: 2.208769, test acc: 0.888169, test avg acc: 0.825256
Train epoch 57, loss: 2.190267, train acc: 0.916022, train avg acc: 0.867936
Test epoch 57, loss: 2.160321, test acc: 0.905997, test avg acc: 0.865203
Train epoch 58, loss: 2.191863, train acc: 0.913274, train avg acc: 0.864812
Test epoch 58, loss: 2.204553, test acc: 0.889789, test avg acc: 0.847715
Train epoch 59, loss: 2.192382, train acc: 0.911747, train avg acc: 0.860999
Test epoch 59, loss: 2.161999, test acc: 0.902755, test avg acc: 0.860930
Train epoch 60, loss: 2.191105, train acc: 0.915309, train avg acc: 0.867540
Test epoch 60, loss: 2.157882, test acc: 0.895057, test avg acc: 0.850041
Train epoch 61, loss: 2.194245, train acc: 0.911645, train avg acc: 0.863469
Test epoch 61, loss: 2.163873, test acc: 0.903566, test avg acc: 0.851256
Train epoch 62, loss: 2.186691, train acc: 0.917752, train avg acc: 0.872458
Test epoch 62, loss: 2.153141, test acc: 0.905186, test avg acc: 0.856006
Train epoch 63, loss: 2.181287, train acc: 0.920501, train avg acc: 0.874795
Test epoch 63, loss: 2.151658, test acc: 0.903971, test avg acc: 0.860343
Train epoch 64, loss: 2.188477, train acc: 0.914088, train avg acc: 0.867388
Test epoch 64, loss: 2.170963, test acc: 0.903160, test avg acc: 0.861715
Train epoch 65, loss: 2.191101, train acc: 0.918465, train avg acc: 0.871001
Test epoch 65, loss: 2.166659, test acc: 0.901540, test avg acc: 0.860558
Train epoch 66, loss: 2.190145, train acc: 0.913274, train avg acc: 0.862706
Test epoch 66, loss: 2.162191, test acc: 0.898703, test avg acc: 0.852122
Train epoch 67, loss: 2.188015, train acc: 0.916226, train avg acc: 0.869321
Test epoch 67, loss: 2.165777, test acc: 0.903566, test avg acc: 0.857988
Train epoch 68, loss: 2.185481, train acc: 0.917142, train avg acc: 0.869426
Test epoch 68, loss: 2.136455, test acc: 0.918558, test avg acc: 0.870826
Train epoch 69, loss: 2.183172, train acc: 0.920501, train avg acc: 0.875843
Test epoch 69, loss: 2.182087, test acc: 0.889789, test avg acc: 0.858988
Train epoch 70, loss: 2.187046, train acc: 0.916226, train avg acc: 0.869903
Test epoch 70, loss: 2.183373, test acc: 0.901540, test avg acc: 0.860140
Train epoch 71, loss: 2.177845, train acc: 0.922231, train avg acc: 0.880893
Test epoch 71, loss: 2.154268, test acc: 0.900729, test avg acc: 0.857413
Train epoch 72, loss: 2.181960, train acc: 0.919381, train avg acc: 0.872047
Test epoch 72, loss: 2.169578, test acc: 0.897488, test avg acc: 0.857006
Train epoch 73, loss: 2.188229, train acc: 0.914292, train avg acc: 0.865870
Test epoch 73, loss: 2.183511, test acc: 0.893436, test avg acc: 0.849355
Train epoch 74, loss: 2.181218, train acc: 0.921621, train avg acc: 0.879066
Test epoch 74, loss: 2.172551, test acc: 0.898703, test avg acc: 0.867930
Train epoch 75, loss: 2.178908, train acc: 0.922435, train avg acc: 0.877535
Test epoch 75, loss: 2.152134, test acc: 0.908833, test avg acc: 0.867715
Train epoch 76, loss: 2.169487, train acc: 0.926914, train avg acc: 0.886545
Test epoch 76, loss: 2.154902, test acc: 0.902350, test avg acc: 0.860052
Train epoch 77, loss: 2.178168, train acc: 0.917549, train avg acc: 0.872576
Test epoch 77, loss: 2.162006, test acc: 0.899109, test avg acc: 0.862174
Train epoch 78, loss: 2.172560, train acc: 0.924369, train avg acc: 0.882262
Test epoch 78, loss: 2.138873, test acc: 0.913290, test avg acc: 0.855797
Train epoch 79, loss: 2.179522, train acc: 0.920704, train avg acc: 0.874120
Test epoch 79, loss: 2.168033, test acc: 0.903160, test avg acc: 0.864512
Train epoch 80, loss: 2.181485, train acc: 0.920094, train avg acc: 0.876205
Test epoch 80, loss: 2.189896, test acc: 0.892626, test avg acc: 0.855680
Train epoch 81, loss: 2.175424, train acc: 0.922333, train avg acc: 0.881160
Test epoch 81, loss: 2.205878, test acc: 0.892626, test avg acc: 0.842686
Train epoch 82, loss: 2.172498, train acc: 0.923656, train avg acc: 0.879548
Test epoch 82, loss: 2.155347, test acc: 0.895057, test avg acc: 0.854733
Train epoch 83, loss: 2.167970, train acc: 0.925387, train avg acc: 0.885492
Test epoch 83, loss: 2.173578, test acc: 0.884117, test avg acc: 0.841198
Train epoch 84, loss: 2.178743, train acc: 0.920399, train avg acc: 0.876900
Test epoch 84, loss: 2.161817, test acc: 0.892626, test avg acc: 0.839483
Train epoch 85, loss: 2.174970, train acc: 0.922333, train avg acc: 0.877027
Test epoch 85, loss: 2.143183, test acc: 0.907212, test avg acc: 0.870000
Train epoch 86, loss: 2.170582, train acc: 0.926303, train avg acc: 0.886382
Test epoch 86, loss: 2.132165, test acc: 0.914100, test avg acc: 0.864744
Train epoch 87, loss: 2.167190, train acc: 0.924776, train avg acc: 0.885312
Test epoch 87, loss: 2.156133, test acc: 0.900729, test avg acc: 0.847616
Train epoch 88, loss: 2.164540, train acc: 0.927932, train avg acc: 0.884812
Test epoch 88, loss: 2.161531, test acc: 0.902755, test avg acc: 0.861081
Train epoch 89, loss: 2.177172, train acc: 0.918974, train avg acc: 0.875499
Test epoch 89, loss: 2.161067, test acc: 0.899109, test avg acc: 0.860512
Train epoch 90, loss: 2.164062, train acc: 0.928033, train avg acc: 0.887530
Test epoch 90, loss: 2.146573, test acc: 0.905592, test avg acc: 0.854180
Train epoch 91, loss: 2.165340, train acc: 0.926608, train avg acc: 0.885009
Test epoch 91, loss: 2.163083, test acc: 0.908833, test avg acc: 0.872000
Train epoch 92, loss: 2.166658, train acc: 0.928135, train avg acc: 0.885662
Test epoch 92, loss: 2.202039, test acc: 0.893841, test avg acc: 0.826744
Train epoch 93, loss: 2.167700, train acc: 0.926710, train avg acc: 0.887071
Test epoch 93, loss: 2.165331, test acc: 0.893031, test avg acc: 0.851436
Train epoch 94, loss: 2.166507, train acc: 0.928644, train avg acc: 0.888976
Test epoch 94, loss: 2.147648, test acc: 0.915721, test avg acc: 0.867890
Train epoch 95, loss: 2.164998, train acc: 0.927932, train avg acc: 0.888717
Test epoch 95, loss: 2.188021, test acc: 0.897083, test avg acc: 0.841378
Train epoch 96, loss: 2.176921, train acc: 0.919890, train avg acc: 0.879231
Test epoch 96, loss: 2.150394, test acc: 0.905592, test avg acc: 0.871709
Train epoch 97, loss: 2.164813, train acc: 0.923656, train avg acc: 0.880858
Test epoch 97, loss: 2.158436, test acc: 0.895867, test avg acc: 0.865343
Train epoch 98, loss: 2.162771, train acc: 0.929560, train avg acc: 0.889792
Test epoch 98, loss: 2.147946, test acc: 0.899109, test avg acc: 0.862459
Train epoch 99, loss: 2.160493, train acc: 0.930171, train avg acc: 0.889517
Test epoch 99, loss: 2.137304, test acc: 0.912885, test avg acc: 0.856919
Train epoch 100, loss: 2.166172, train acc: 0.925998, train avg acc: 0.884113
Test epoch 100, loss: 2.185647, test acc: 0.893436, test avg acc: 0.854000
Train epoch 101, loss: 2.161203, train acc: 0.929560, train avg acc: 0.890232
Test epoch 101, loss: 2.144755, test acc: 0.909238, test avg acc: 0.861337
Train epoch 102, loss: 2.168534, train acc: 0.926812, train avg acc: 0.885919
Test epoch 102, loss: 2.153933, test acc: 0.898298, test avg acc: 0.861291
Train epoch 103, loss: 2.158309, train acc: 0.933123, train avg acc: 0.894258
Test epoch 103, loss: 2.154383, test acc: 0.897488, test avg acc: 0.857610
Train epoch 104, loss: 2.160249, train acc: 0.927626, train avg acc: 0.885440
Test epoch 104, loss: 2.141824, test acc: 0.912885, test avg acc: 0.875041
Train epoch 105, loss: 2.158399, train acc: 0.932818, train avg acc: 0.895938
Test epoch 105, loss: 2.190876, test acc: 0.894652, test avg acc: 0.852459
Train epoch 106, loss: 2.158322, train acc: 0.930476, train avg acc: 0.891736
Test epoch 106, loss: 2.129332, test acc: 0.916126, test avg acc: 0.869337
Train epoch 107, loss: 2.156173, train acc: 0.933428, train avg acc: 0.895036
Test epoch 107, loss: 2.180884, test acc: 0.889384, test avg acc: 0.871971
Train epoch 108, loss: 2.170133, train acc: 0.923656, train avg acc: 0.881342
Test epoch 108, loss: 2.179794, test acc: 0.899919, test avg acc: 0.863233
Train epoch 109, loss: 2.161913, train acc: 0.928542, train avg acc: 0.886174
Test epoch 109, loss: 2.214439, test acc: 0.889384, test avg acc: 0.840692
Train epoch 110, loss: 2.161664, train acc: 0.927524, train avg acc: 0.889180
Test epoch 110, loss: 2.148473, test acc: 0.899109, test avg acc: 0.860215
Train epoch 111, loss: 2.161109, train acc: 0.930476, train avg acc: 0.895939
Test epoch 111, loss: 2.135497, test acc: 0.915316, test avg acc: 0.861831
Train epoch 112, loss: 2.158621, train acc: 0.931087, train avg acc: 0.890486
Test epoch 112, loss: 2.143476, test acc: 0.914506, test avg acc: 0.880244
Train epoch 113, loss: 2.152173, train acc: 0.931494, train avg acc: 0.894376
Test epoch 113, loss: 2.153020, test acc: 0.900324, test avg acc: 0.878215
Train epoch 114, loss: 2.164459, train acc: 0.926201, train avg acc: 0.883097
Test epoch 114, loss: 2.147482, test acc: 0.912480, test avg acc: 0.870919
Train epoch 115, loss: 2.159172, train acc: 0.931800, train avg acc: 0.893954
Test epoch 115, loss: 2.147776, test acc: 0.898298, test avg acc: 0.862622
Train epoch 116, loss: 2.162583, train acc: 0.929560, train avg acc: 0.888562
Test epoch 116, loss: 2.138467, test acc: 0.910859, test avg acc: 0.855000
Train epoch 117, loss: 2.164699, train acc: 0.928950, train avg acc: 0.889431
Test epoch 117, loss: 2.154618, test acc: 0.905186, test avg acc: 0.860919
Train epoch 118, loss: 2.157618, train acc: 0.931494, train avg acc: 0.892664
Test epoch 118, loss: 2.181534, test acc: 0.906807, test avg acc: 0.861378
Train epoch 119, loss: 2.157677, train acc: 0.933530, train avg acc: 0.895037
Test epoch 119, loss: 2.135481, test acc: 0.908023, test avg acc: 0.873791
Train epoch 120, loss: 2.147495, train acc: 0.938314, train avg acc: 0.899786
Test epoch 120, loss: 2.140096, test acc: 0.909238, test avg acc: 0.870378
Train epoch 121, loss: 2.147580, train acc: 0.936889, train avg acc: 0.900626
Test epoch 121, loss: 2.147389, test acc: 0.904376, test avg acc: 0.867866
Train epoch 122, loss: 2.156215, train acc: 0.933428, train avg acc: 0.894018
Test epoch 122, loss: 2.183560, test acc: 0.912885, test avg acc: 0.871907
Train epoch 123, loss: 2.156681, train acc: 0.933428, train avg acc: 0.895394
Test epoch 123, loss: 2.128341, test acc: 0.920178, test avg acc: 0.873953
Train epoch 124, loss: 2.156601, train acc: 0.930375, train avg acc: 0.891896
Test epoch 124, loss: 2.205511, test acc: 0.902350, test avg acc: 0.856081
Train epoch 125, loss: 2.156718, train acc: 0.929967, train avg acc: 0.889071
Test epoch 125, loss: 2.156396, test acc: 0.902755, test avg acc: 0.871000
Train epoch 126, loss: 2.151972, train acc: 0.933734, train avg acc: 0.895022
Test epoch 126, loss: 2.131833, test acc: 0.914506, test avg acc: 0.874453
Train epoch 127, loss: 2.145897, train acc: 0.936380, train avg acc: 0.901014
Test epoch 127, loss: 2.132352, test acc: 0.914100, test avg acc: 0.868093
Train epoch 128, loss: 2.149878, train acc: 0.937500, train avg acc: 0.904126
Test epoch 128, loss: 2.179653, test acc: 0.898703, test avg acc: 0.864674
Train epoch 129, loss: 2.151179, train acc: 0.932309, train avg acc: 0.894569
Test epoch 129, loss: 2.151406, test acc: 0.884927, test avg acc: 0.863302
Train epoch 130, loss: 2.146230, train acc: 0.932410, train avg acc: 0.893781
Test epoch 130, loss: 2.152882, test acc: 0.907618, test avg acc: 0.865651
Train epoch 131, loss: 2.151865, train acc: 0.935668, train avg acc: 0.899717
Test epoch 131, loss: 2.157194, test acc: 0.904781, test avg acc: 0.881169
Train epoch 132, loss: 2.149444, train acc: 0.936991, train avg acc: 0.901717
Test epoch 132, loss: 2.139309, test acc: 0.905997, test avg acc: 0.876744
Train epoch 133, loss: 2.152400, train acc: 0.932512, train avg acc: 0.894949
Test epoch 133, loss: 2.145260, test acc: 0.916937, test avg acc: 0.867337
Train epoch 134, loss: 2.152016, train acc: 0.935464, train avg acc: 0.900847
Test epoch 134, loss: 2.153607, test acc: 0.898298, test avg acc: 0.875140
Train epoch 135, loss: 2.150450, train acc: 0.934853, train avg acc: 0.900638
Test epoch 135, loss: 2.140461, test acc: 0.905186, test avg acc: 0.871669
Train epoch 136, loss: 2.157276, train acc: 0.932716, train avg acc: 0.892962
Test epoch 136, loss: 2.145125, test acc: 0.909643, test avg acc: 0.857291
Train epoch 137, loss: 2.150507, train acc: 0.935261, train avg acc: 0.898762
Test epoch 137, loss: 2.161565, test acc: 0.898298, test avg acc: 0.874285
Train epoch 138, loss: 2.148060, train acc: 0.937805, train avg acc: 0.903033
Test epoch 138, loss: 2.181422, test acc: 0.892626, test avg acc: 0.866721
Train epoch 139, loss: 2.151862, train acc: 0.933327, train avg acc: 0.896664
Test epoch 139, loss: 2.140124, test acc: 0.912480, test avg acc: 0.876087
Train epoch 140, loss: 2.148986, train acc: 0.935668, train avg acc: 0.898066
Test epoch 140, loss: 2.132211, test acc: 0.903971, test avg acc: 0.871256
Train epoch 141, loss: 2.145909, train acc: 0.938925, train avg acc: 0.904699
Test epoch 141, loss: 2.169837, test acc: 0.896272, test avg acc: 0.868006
Train epoch 142, loss: 2.145946, train acc: 0.938213, train avg acc: 0.904501
Test epoch 142, loss: 2.179582, test acc: 0.882496, test avg acc: 0.870273
Train epoch 143, loss: 2.142525, train acc: 0.941266, train avg acc: 0.907321
Test epoch 143, loss: 2.150787, test acc: 0.910454, test avg acc: 0.883791
Train epoch 144, loss: 2.144660, train acc: 0.935770, train avg acc: 0.901553
Test epoch 144, loss: 2.154323, test acc: 0.893841, test avg acc: 0.867087
Train epoch 145, loss: 2.143893, train acc: 0.937398, train avg acc: 0.905176
Test epoch 145, loss: 2.138084, test acc: 0.912885, test avg acc: 0.870291
Train epoch 146, loss: 2.146606, train acc: 0.936279, train avg acc: 0.900750
Test epoch 146, loss: 2.140087, test acc: 0.911264, test avg acc: 0.874250
Train epoch 147, loss: 2.139323, train acc: 0.940248, train avg acc: 0.906998
Test epoch 147, loss: 2.141059, test acc: 0.903566, test avg acc: 0.885128
Train epoch 148, loss: 2.143368, train acc: 0.938213, train avg acc: 0.906754
Test epoch 148, loss: 2.177903, test acc: 0.890194, test avg acc: 0.853733
Train epoch 149, loss: 2.145198, train acc: 0.940248, train avg acc: 0.905063
Test epoch 149, loss: 2.190633, test acc: 0.884117, test avg acc: 0.841488
Train epoch 150, loss: 2.139700, train acc: 0.938620, train avg acc: 0.907132
Test epoch 150, loss: 2.185100, test acc: 0.895057, test avg acc: 0.845291
Train epoch 151, loss: 2.141033, train acc: 0.940757, train avg acc: 0.905607
Test epoch 151, loss: 2.139453, test acc: 0.914100, test avg acc: 0.867767
Train epoch 152, loss: 2.138560, train acc: 0.942284, train avg acc: 0.912155
Test epoch 152, loss: 2.158922, test acc: 0.890600, test avg acc: 0.863169
Train epoch 153, loss: 2.138107, train acc: 0.940757, train avg acc: 0.907123
Test epoch 153, loss: 2.122868, test acc: 0.918558, test avg acc: 0.888180
Train epoch 154, loss: 2.138866, train acc: 0.940554, train avg acc: 0.905463
Test epoch 154, loss: 2.145228, test acc: 0.906807, test avg acc: 0.870337
Train epoch 155, loss: 2.141353, train acc: 0.940656, train avg acc: 0.908352
Test epoch 155, loss: 2.133070, test acc: 0.901540, test avg acc: 0.875837
Train epoch 156, loss: 2.138446, train acc: 0.941572, train avg acc: 0.907125
Test epoch 156, loss: 2.161274, test acc: 0.906807, test avg acc: 0.874000
Train epoch 157, loss: 2.139875, train acc: 0.943200, train avg acc: 0.911171
Test epoch 157, loss: 2.171242, test acc: 0.887358, test avg acc: 0.863773
Train epoch 158, loss: 2.139139, train acc: 0.936787, train avg acc: 0.900855
Test epoch 158, loss: 2.135440, test acc: 0.907212, test avg acc: 0.874250
Train epoch 159, loss: 2.137128, train acc: 0.942895, train avg acc: 0.912629
Test epoch 159, loss: 2.138863, test acc: 0.916532, test avg acc: 0.876174
Train epoch 160, loss: 2.143796, train acc: 0.938009, train avg acc: 0.903489
Test epoch 160, loss: 2.152187, test acc: 0.893031, test avg acc: 0.869041
Train epoch 161, loss: 2.141520, train acc: 0.938213, train avg acc: 0.903630
Test epoch 161, loss: 2.134171, test acc: 0.910049, test avg acc: 0.864797
Train epoch 162, loss: 2.140023, train acc: 0.941164, train avg acc: 0.907590
Test epoch 162, loss: 2.137414, test acc: 0.907212, test avg acc: 0.853959
Train epoch 163, loss: 2.136736, train acc: 0.940859, train avg acc: 0.907913
Test epoch 163, loss: 2.164580, test acc: 0.892220, test avg acc: 0.850070
Train epoch 164, loss: 2.135514, train acc: 0.942284, train avg acc: 0.909137
Test epoch 164, loss: 2.163566, test acc: 0.909238, test avg acc: 0.873128
Train epoch 165, loss: 2.133915, train acc: 0.942386, train avg acc: 0.910506
Test epoch 165, loss: 2.145298, test acc: 0.908833, test avg acc: 0.881465
Train epoch 166, loss: 2.142912, train acc: 0.937093, train avg acc: 0.899398
Test epoch 166, loss: 2.135730, test acc: 0.912075, test avg acc: 0.869587
Train epoch 167, loss: 2.135843, train acc: 0.940248, train avg acc: 0.907134
Test epoch 167, loss: 2.130519, test acc: 0.918963, test avg acc: 0.876500
Train epoch 168, loss: 2.133583, train acc: 0.942182, train avg acc: 0.912997
Test epoch 168, loss: 2.127899, test acc: 0.911264, test avg acc: 0.883581
Train epoch 169, loss: 2.125614, train acc: 0.950631, train avg acc: 0.923461
Test epoch 169, loss: 2.134727, test acc: 0.910454, test avg acc: 0.863215
Train epoch 170, loss: 2.132280, train acc: 0.945440, train avg acc: 0.913865
Test epoch 170, loss: 2.121400, test acc: 0.915721, test avg acc: 0.878453
Train epoch 171, loss: 2.137564, train acc: 0.939739, train avg acc: 0.904106
Test epoch 171, loss: 2.135482, test acc: 0.914506, test avg acc: 0.883209
Train epoch 172, loss: 2.135428, train acc: 0.942182, train avg acc: 0.909858
Test epoch 172, loss: 2.133151, test acc: 0.910049, test avg acc: 0.874715
Train epoch 173, loss: 2.134280, train acc: 0.941775, train avg acc: 0.910321
Test epoch 173, loss: 2.172236, test acc: 0.891005, test avg acc: 0.854052
Train epoch 174, loss: 2.132712, train acc: 0.942997, train avg acc: 0.913237
Test epoch 174, loss: 2.123729, test acc: 0.903971, test avg acc: 0.870715
Train epoch 175, loss: 2.136820, train acc: 0.940656, train avg acc: 0.912823
Test epoch 175, loss: 2.128564, test acc: 0.913695, test avg acc: 0.874581
Train epoch 176, loss: 2.128021, train acc: 0.945847, train avg acc: 0.917811
Test epoch 176, loss: 2.127346, test acc: 0.913695, test avg acc: 0.867297
Train epoch 177, loss: 2.123907, train acc: 0.947985, train avg acc: 0.918848
Test epoch 177, loss: 2.139553, test acc: 0.909643, test avg acc: 0.883459
Train epoch 178, loss: 2.131028, train acc: 0.941673, train avg acc: 0.910817
Test epoch 178, loss: 2.133971, test acc: 0.906807, test avg acc: 0.870715
Train epoch 179, loss: 2.134284, train acc: 0.943607, train avg acc: 0.913447
Test epoch 179, loss: 2.195707, test acc: 0.893031, test avg acc: 0.849512
Train epoch 180, loss: 2.129974, train acc: 0.944218, train avg acc: 0.913223
Test epoch 180, loss: 2.128528, test acc: 0.911669, test avg acc: 0.882756
Train epoch 181, loss: 2.127254, train acc: 0.946458, train avg acc: 0.916961
Test epoch 181, loss: 2.146403, test acc: 0.915721, test avg acc: 0.879000
Train epoch 182, loss: 2.127876, train acc: 0.946559, train avg acc: 0.918421
Test epoch 182, loss: 2.142752, test acc: 0.904376, test avg acc: 0.861651
Train epoch 183, loss: 2.132133, train acc: 0.942895, train avg acc: 0.912214
Test epoch 183, loss: 2.128801, test acc: 0.914506, test avg acc: 0.878709
Train epoch 184, loss: 2.124660, train acc: 0.946763, train avg acc: 0.918484
Test epoch 184, loss: 2.143675, test acc: 0.909238, test avg acc: 0.873250
Train epoch 185, loss: 2.131439, train acc: 0.944625, train avg acc: 0.913551
Test epoch 185, loss: 2.152302, test acc: 0.902755, test avg acc: 0.877093
Train epoch 186, loss: 2.125832, train acc: 0.949715, train avg acc: 0.922095
Test epoch 186, loss: 2.140000, test acc: 0.904781, test avg acc: 0.858715
Train epoch 187, loss: 2.124883, train acc: 0.947476, train avg acc: 0.920545
Test epoch 187, loss: 2.129845, test acc: 0.911669, test avg acc: 0.891581
Train epoch 188, loss: 2.125903, train acc: 0.947577, train avg acc: 0.918246
Test epoch 188, loss: 2.125827, test acc: 0.912480, test avg acc: 0.870797
Train epoch 189, loss: 2.122844, train acc: 0.950224, train avg acc: 0.922569
Test epoch 189, loss: 2.152402, test acc: 0.905186, test avg acc: 0.872640
Train epoch 190, loss: 2.123741, train acc: 0.947679, train avg acc: 0.916456
Test epoch 190, loss: 2.169818, test acc: 0.887763, test avg acc: 0.860919
Train epoch 191, loss: 2.128547, train acc: 0.944829, train avg acc: 0.911545
Test epoch 191, loss: 2.172612, test acc: 0.891410, test avg acc: 0.876087
Train epoch 192, loss: 2.122227, train acc: 0.947883, train avg acc: 0.920820
Test epoch 192, loss: 2.129213, test acc: 0.915316, test avg acc: 0.883826
Train epoch 193, loss: 2.125489, train acc: 0.946458, train avg acc: 0.913576
Test epoch 193, loss: 2.130998, test acc: 0.916532, test avg acc: 0.884709
Train epoch 194, loss: 2.119783, train acc: 0.949511, train avg acc: 0.921005
Test epoch 194, loss: 2.131473, test acc: 0.913695, test avg acc: 0.869081
Train epoch 195, loss: 2.124110, train acc: 0.949206, train avg acc: 0.922496
Test epoch 195, loss: 2.149962, test acc: 0.899514, test avg acc: 0.866349
Train epoch 196, loss: 2.120355, train acc: 0.947679, train avg acc: 0.920551
Test epoch 196, loss: 2.181448, test acc: 0.892626, test avg acc: 0.866203
Train epoch 197, loss: 2.129941, train acc: 0.942997, train avg acc: 0.910812
Test epoch 197, loss: 2.133501, test acc: 0.906807, test avg acc: 0.880959
Train epoch 198, loss: 2.120559, train acc: 0.949511, train avg acc: 0.922209
Test epoch 198, loss: 2.141568, test acc: 0.912480, test avg acc: 0.881500
Train epoch 199, loss: 2.126946, train acc: 0.946050, train avg acc: 0.916694
Test epoch 199, loss: 2.127201, test acc: 0.913290, test avg acc: 0.871459
Train epoch 200, loss: 2.115478, train acc: 0.950835, train avg acc: 0.923716
Test epoch 200, loss: 2.120891, test acc: 0.921394, test avg acc: 0.892128
Train epoch 201, loss: 2.123419, train acc: 0.945847, train avg acc: 0.915351
Test epoch 201, loss: 2.145386, test acc: 0.910049, test avg acc: 0.870878
Train epoch 202, loss: 2.121606, train acc: 0.947170, train avg acc: 0.915796
Test epoch 202, loss: 2.129368, test acc: 0.910454, test avg acc: 0.873576
Train epoch 203, loss: 2.121196, train acc: 0.949206, train avg acc: 0.921080
Test epoch 203, loss: 2.125328, test acc: 0.908023, test avg acc: 0.873465
Train epoch 204, loss: 2.111450, train acc: 0.955008, train avg acc: 0.930146
Test epoch 204, loss: 2.161583, test acc: 0.892626, test avg acc: 0.874500
Train epoch 205, loss: 2.121380, train acc: 0.950122, train avg acc: 0.923649
Test epoch 205, loss: 2.158762, test acc: 0.896677, test avg acc: 0.866616
Train epoch 206, loss: 2.119810, train acc: 0.950936, train avg acc: 0.920588
Test epoch 206, loss: 2.131011, test acc: 0.910454, test avg acc: 0.876750
Train epoch 207, loss: 2.119967, train acc: 0.948595, train avg acc: 0.922565
Test epoch 207, loss: 2.126291, test acc: 0.912075, test avg acc: 0.893012
Train epoch 208, loss: 2.114905, train acc: 0.951751, train avg acc: 0.925274
Test epoch 208, loss: 2.162564, test acc: 0.910859, test avg acc: 0.883663
Train epoch 209, loss: 2.118628, train acc: 0.947068, train avg acc: 0.918121
Test epoch 209, loss: 2.119898, test acc: 0.915721, test avg acc: 0.892744
Train epoch 210, loss: 2.111126, train acc: 0.953888, train avg acc: 0.926859
Test epoch 210, loss: 2.131538, test acc: 0.905592, test avg acc: 0.870640
Train epoch 211, loss: 2.122626, train acc: 0.949817, train avg acc: 0.923825
Test epoch 211, loss: 2.133859, test acc: 0.912480, test avg acc: 0.877913
Train epoch 212, loss: 2.111377, train acc: 0.954397, train avg acc: 0.929646
Test epoch 212, loss: 2.131108, test acc: 0.898703, test avg acc: 0.861302
Train epoch 213, loss: 2.118931, train acc: 0.950122, train avg acc: 0.922974
Test epoch 213, loss: 2.153105, test acc: 0.908023, test avg acc: 0.875302
Train epoch 214, loss: 2.112663, train acc: 0.954194, train avg acc: 0.926968
Test epoch 214, loss: 2.124367, test acc: 0.910454, test avg acc: 0.883047
Train epoch 215, loss: 2.112977, train acc: 0.951954, train avg acc: 0.925791
Test epoch 215, loss: 2.133933, test acc: 0.908428, test avg acc: 0.876791
Train epoch 216, loss: 2.115363, train acc: 0.954397, train avg acc: 0.930068
Test epoch 216, loss: 2.172172, test acc: 0.894246, test avg acc: 0.857971
Train epoch 217, loss: 2.115212, train acc: 0.951751, train avg acc: 0.923330
Test epoch 217, loss: 2.134239, test acc: 0.907618, test avg acc: 0.883814
Train epoch 218, loss: 2.111220, train acc: 0.952871, train avg acc: 0.926251
Test epoch 218, loss: 2.172802, test acc: 0.894246, test avg acc: 0.862192
Train epoch 219, loss: 2.115496, train acc: 0.950529, train avg acc: 0.924085
Test epoch 219, loss: 2.146546, test acc: 0.905186, test avg acc: 0.868698
Train epoch 220, loss: 2.116237, train acc: 0.951853, train avg acc: 0.924755
Test epoch 220, loss: 2.112547, test acc: 0.916937, test avg acc: 0.883506
Train epoch 221, loss: 2.110981, train acc: 0.956026, train avg acc: 0.931290
Test epoch 221, loss: 2.127874, test acc: 0.907212, test avg acc: 0.872297
Train epoch 222, loss: 2.112706, train acc: 0.953176, train avg acc: 0.927579
Test epoch 222, loss: 2.126252, test acc: 0.906807, test avg acc: 0.868169
Train epoch 223, loss: 2.113551, train acc: 0.952463, train avg acc: 0.926902
Test epoch 223, loss: 2.114720, test acc: 0.910454, test avg acc: 0.874209
Train epoch 224, loss: 2.109206, train acc: 0.955314, train avg acc: 0.928819
Test epoch 224, loss: 2.126224, test acc: 0.907212, test avg acc: 0.869209
Train epoch 225, loss: 2.111361, train acc: 0.955415, train avg acc: 0.932234
Test epoch 225, loss: 2.122762, test acc: 0.914100, test avg acc: 0.880953
Train epoch 226, loss: 2.110663, train acc: 0.954092, train avg acc: 0.929789
Test epoch 226, loss: 2.121421, test acc: 0.918963, test avg acc: 0.888448
Train epoch 227, loss: 2.112639, train acc: 0.951445, train avg acc: 0.923887
Test epoch 227, loss: 2.135633, test acc: 0.907212, test avg acc: 0.874517
Train epoch 228, loss: 2.109017, train acc: 0.953888, train avg acc: 0.927186
Test epoch 228, loss: 2.120730, test acc: 0.914100, test avg acc: 0.890965
Train epoch 229, loss: 2.105408, train acc: 0.956128, train avg acc: 0.932008
Test epoch 229, loss: 2.131285, test acc: 0.917747, test avg acc: 0.886128
Train epoch 230, loss: 2.105793, train acc: 0.955924, train avg acc: 0.932445
Test epoch 230, loss: 2.131966, test acc: 0.910454, test avg acc: 0.884750
Train epoch 231, loss: 2.106734, train acc: 0.953481, train avg acc: 0.927350
Test epoch 231, loss: 2.125960, test acc: 0.904376, test avg acc: 0.871052
Train epoch 232, loss: 2.105247, train acc: 0.955721, train avg acc: 0.931395
Test epoch 232, loss: 2.112316, test acc: 0.920989, test avg acc: 0.884994
Train epoch 233, loss: 2.102267, train acc: 0.958062, train avg acc: 0.936286
Test epoch 233, loss: 2.118240, test acc: 0.921394, test avg acc: 0.880244
Train epoch 234, loss: 2.107034, train acc: 0.955415, train avg acc: 0.927222
Test epoch 234, loss: 2.123382, test acc: 0.908833, test avg acc: 0.871750
Train epoch 235, loss: 2.100797, train acc: 0.961828, train avg acc: 0.940104
Test epoch 235, loss: 2.122918, test acc: 0.915721, test avg acc: 0.874262
Train epoch 236, loss: 2.105769, train acc: 0.958265, train avg acc: 0.934776
Test epoch 236, loss: 2.124822, test acc: 0.909643, test avg acc: 0.876517
Train epoch 237, loss: 2.108977, train acc: 0.954499, train avg acc: 0.926297
Test epoch 237, loss: 2.120432, test acc: 0.918558, test avg acc: 0.888913
Train epoch 238, loss: 2.104687, train acc: 0.957655, train avg acc: 0.936174
Test epoch 238, loss: 2.137530, test acc: 0.914100, test avg acc: 0.885419
Train epoch 239, loss: 2.101586, train acc: 0.959080, train avg acc: 0.935856
Test epoch 239, loss: 2.120944, test acc: 0.917747, test avg acc: 0.892203
Train epoch 240, loss: 2.104615, train acc: 0.957858, train avg acc: 0.933850
Test epoch 240, loss: 2.142315, test acc: 0.910859, test avg acc: 0.887087
Train epoch 241, loss: 2.103467, train acc: 0.959283, train avg acc: 0.937404
Test epoch 241, loss: 2.122659, test acc: 0.916937, test avg acc: 0.876099
Train epoch 242, loss: 2.104438, train acc: 0.956942, train avg acc: 0.933746
Test epoch 242, loss: 2.120634, test acc: 0.910859, test avg acc: 0.872000
Train epoch 243, loss: 2.104990, train acc: 0.957553, train avg acc: 0.933345
Test epoch 243, loss: 2.114541, test acc: 0.919773, test avg acc: 0.895791
Train epoch 244, loss: 2.096275, train acc: 0.959894, train avg acc: 0.938143
Test epoch 244, loss: 2.126692, test acc: 0.915721, test avg acc: 0.877331
Train epoch 245, loss: 2.096657, train acc: 0.959182, train avg acc: 0.935334
Test epoch 245, loss: 2.140212, test acc: 0.899919, test avg acc: 0.878291
Train epoch 246, loss: 2.101230, train acc: 0.957858, train avg acc: 0.934429
Test epoch 246, loss: 2.119078, test acc: 0.914506, test avg acc: 0.886965
Train epoch 247, loss: 2.096860, train acc: 0.959792, train avg acc: 0.935310
Test epoch 247, loss: 2.108308, test acc: 0.927877, test avg acc: 0.893366
Train epoch 248, loss: 2.092743, train acc: 0.963050, train avg acc: 0.942792
Test epoch 248, loss: 2.117267, test acc: 0.918558, test avg acc: 0.885831
Train epoch 249, loss: 2.095811, train acc: 0.961726, train avg acc: 0.937552
Test epoch 249, loss: 2.117617, test acc: 0.916126, test avg acc: 0.874291
Train epoch 250, loss: 2.098740, train acc: 0.961421, train avg acc: 0.939019
Test epoch 250, loss: 2.125945, test acc: 0.918558, test avg acc: 0.889959
Train epoch 251, loss: 2.099244, train acc: 0.959792, train avg acc: 0.938276
Test epoch 251, loss: 2.112007, test acc: 0.916937, test avg acc: 0.874343
Train epoch 252, loss: 2.095314, train acc: 0.961421, train avg acc: 0.936776
Test epoch 252, loss: 2.132669, test acc: 0.901540, test avg acc: 0.871285
Train epoch 253, loss: 2.097393, train acc: 0.959996, train avg acc: 0.937917
Test epoch 253, loss: 2.124441, test acc: 0.912480, test avg acc: 0.882093
Train epoch 254, loss: 2.105305, train acc: 0.956739, train avg acc: 0.932173
Test epoch 254, loss: 2.110592, test acc: 0.923420, test avg acc: 0.880285
Train epoch 255, loss: 2.094738, train acc: 0.961726, train avg acc: 0.940372
Test epoch 255, loss: 2.122038, test acc: 0.910859, test avg acc: 0.880913
Train epoch 256, loss: 2.089019, train acc: 0.963762, train avg acc: 0.942601
Test epoch 256, loss: 2.183807, test acc: 0.916126, test avg acc: 0.876116
Train epoch 257, loss: 2.099676, train acc: 0.961014, train avg acc: 0.941055
Test epoch 257, loss: 2.134769, test acc: 0.912885, test avg acc: 0.877378
Train epoch 258, loss: 2.094361, train acc: 0.961726, train avg acc: 0.938641
Test epoch 258, loss: 2.126059, test acc: 0.918558, test avg acc: 0.895622
Train epoch 259, loss: 2.092774, train acc: 0.960607, train avg acc: 0.939285
Test epoch 259, loss: 2.115407, test acc: 0.914911, test avg acc: 0.881616
Train epoch 260, loss: 2.100918, train acc: 0.958876, train avg acc: 0.938522
Test epoch 260, loss: 2.114050, test acc: 0.914100, test avg acc: 0.866285
Train epoch 261, loss: 2.092980, train acc: 0.961014, train avg acc: 0.939989
Test epoch 261, loss: 2.132319, test acc: 0.909643, test avg acc: 0.890244
Train epoch 262, loss: 2.091105, train acc: 0.963151, train avg acc: 0.941557
Test epoch 262, loss: 2.165245, test acc: 0.908833, test avg acc: 0.869297
Train epoch 263, loss: 2.091103, train acc: 0.963559, train avg acc: 0.942546
Test epoch 263, loss: 2.110143, test acc: 0.916532, test avg acc: 0.883541
Train epoch 264, loss: 2.089594, train acc: 0.964271, train avg acc: 0.944287
Test epoch 264, loss: 2.131354, test acc: 0.901945, test avg acc: 0.875622
Train epoch 265, loss: 2.091714, train acc: 0.962541, train avg acc: 0.942249
Test epoch 265, loss: 2.118891, test acc: 0.918152, test avg acc: 0.885099
Train epoch 266, loss: 2.089897, train acc: 0.963864, train avg acc: 0.943599
Test epoch 266, loss: 2.171314, test acc: 0.891410, test avg acc: 0.875285
Train epoch 267, loss: 2.093461, train acc: 0.960098, train avg acc: 0.938230
Test epoch 267, loss: 2.106763, test acc: 0.916937, test avg acc: 0.885337
Train epoch 268, loss: 2.093801, train acc: 0.961930, train avg acc: 0.942233
Test epoch 268, loss: 2.128684, test acc: 0.906807, test avg acc: 0.874860
Train epoch 269, loss: 2.091806, train acc: 0.962541, train avg acc: 0.943872
Test epoch 269, loss: 2.118218, test acc: 0.914911, test avg acc: 0.881250
Train epoch 270, loss: 2.088667, train acc: 0.962846, train avg acc: 0.942823
Test epoch 270, loss: 2.140137, test acc: 0.909643, test avg acc: 0.882494
Train epoch 271, loss: 2.085438, train acc: 0.965900, train avg acc: 0.948517
Test epoch 271, loss: 2.111112, test acc: 0.916126, test avg acc: 0.891500
Train epoch 272, loss: 2.085779, train acc: 0.966307, train avg acc: 0.947149
Test epoch 272, loss: 2.111076, test acc: 0.920989, test avg acc: 0.892122
Train epoch 273, loss: 2.084855, train acc: 0.963355, train avg acc: 0.940385
Test epoch 273, loss: 2.124578, test acc: 0.917342, test avg acc: 0.892465
Train epoch 274, loss: 2.081233, train acc: 0.968648, train avg acc: 0.952079
Test epoch 274, loss: 2.124625, test acc: 0.907618, test avg acc: 0.876587
Train epoch 275, loss: 2.085708, train acc: 0.963559, train avg acc: 0.944270
Test epoch 275, loss: 2.108873, test acc: 0.912885, test avg acc: 0.885163
Train epoch 276, loss: 2.086842, train acc: 0.963559, train avg acc: 0.944857
Test epoch 276, loss: 2.130766, test acc: 0.908833, test avg acc: 0.885983
Train epoch 277, loss: 2.084106, train acc: 0.966816, train avg acc: 0.948404
Test epoch 277, loss: 2.113147, test acc: 0.923825, test avg acc: 0.892459
Train epoch 278, loss: 2.087886, train acc: 0.966002, train avg acc: 0.947799
Test epoch 278, loss: 2.123007, test acc: 0.921799, test avg acc: 0.874285
Train epoch 279, loss: 2.086836, train acc: 0.965594, train avg acc: 0.946012
Test epoch 279, loss: 2.102732, test acc: 0.921799, test avg acc: 0.879163
Train epoch 280, loss: 2.081301, train acc: 0.967936, train avg acc: 0.949368
Test epoch 280, loss: 2.122424, test acc: 0.911669, test avg acc: 0.872372
Train epoch 281, loss: 2.079914, train acc: 0.967427, train avg acc: 0.949760
Test epoch 281, loss: 2.108270, test acc: 0.923420, test avg acc: 0.890953
Train epoch 282, loss: 2.081846, train acc: 0.967630, train avg acc: 0.951886
Test epoch 282, loss: 2.126913, test acc: 0.917747, test avg acc: 0.880831
Train epoch 283, loss: 2.083418, train acc: 0.967732, train avg acc: 0.950558
Test epoch 283, loss: 2.112538, test acc: 0.910049, test avg acc: 0.874081
Train epoch 284, loss: 2.081856, train acc: 0.966918, train avg acc: 0.946963
Test epoch 284, loss: 2.106330, test acc: 0.912885, test avg acc: 0.881500
Train epoch 285, loss: 2.076070, train acc: 0.970786, train avg acc: 0.955148
Test epoch 285, loss: 2.120377, test acc: 0.919368, test avg acc: 0.893878
Train epoch 286, loss: 2.081666, train acc: 0.969971, train avg acc: 0.952572
Test epoch 286, loss: 2.126023, test acc: 0.903160, test avg acc: 0.877977
Train epoch 287, loss: 2.082399, train acc: 0.969564, train avg acc: 0.951815
Test epoch 287, loss: 2.151437, test acc: 0.900729, test avg acc: 0.878297
Train epoch 288, loss: 2.085628, train acc: 0.963762, train avg acc: 0.944268
Test epoch 288, loss: 2.116630, test acc: 0.912075, test avg acc: 0.881372
Train epoch 289, loss: 2.082041, train acc: 0.966612, train avg acc: 0.948806
Test epoch 289, loss: 2.105745, test acc: 0.916937, test avg acc: 0.881791
Train epoch 290, loss: 2.080898, train acc: 0.968648, train avg acc: 0.950227
Test epoch 290, loss: 2.100643, test acc: 0.923825, test avg acc: 0.890663
Train epoch 291, loss: 2.078000, train acc: 0.968139, train avg acc: 0.948548
Test epoch 291, loss: 2.117086, test acc: 0.910859, test avg acc: 0.881506
Train epoch 292, loss: 2.072750, train acc: 0.973229, train avg acc: 0.957509
Test epoch 292, loss: 2.113479, test acc: 0.920583, test avg acc: 0.905872
Train epoch 293, loss: 2.074995, train acc: 0.969971, train avg acc: 0.954914
Test epoch 293, loss: 2.132782, test acc: 0.906402, test avg acc: 0.880756
Train epoch 294, loss: 2.078674, train acc: 0.968852, train avg acc: 0.953059
Test epoch 294, loss: 2.130289, test acc: 0.912480, test avg acc: 0.876093
Train epoch 295, loss: 2.079947, train acc: 0.968648, train avg acc: 0.952532
Test epoch 295, loss: 2.105805, test acc: 0.919773, test avg acc: 0.884494
Train epoch 296, loss: 2.073719, train acc: 0.969564, train avg acc: 0.953240
Test epoch 296, loss: 2.113917, test acc: 0.912075, test avg acc: 0.889337
Train epoch 297, loss: 2.071811, train acc: 0.969259, train avg acc: 0.952145
Test epoch 297, loss: 2.119769, test acc: 0.918152, test avg acc: 0.891919
Train epoch 298, loss: 2.081019, train acc: 0.967834, train avg acc: 0.951225
Test epoch 298, loss: 2.121187, test acc: 0.920178, test avg acc: 0.877919
Train epoch 299, loss: 2.077362, train acc: 0.970582, train avg acc: 0.956260
Test epoch 299, loss: 2.126604, test acc: 0.901540, test avg acc: 0.874953
Train epoch 300, loss: 2.073988, train acc: 0.971295, train avg acc: 0.954244
Test epoch 300, loss: 2.127709, test acc: 0.915721, test avg acc: 0.890291
Train epoch 301, loss: 2.074633, train acc: 0.972109, train avg acc: 0.955920
Test epoch 301, loss: 2.133418, test acc: 0.906807, test avg acc: 0.883878
Train epoch 302, loss: 2.074188, train acc: 0.971295, train avg acc: 0.954381
Test epoch 302, loss: 2.126918, test acc: 0.912075, test avg acc: 0.884477
Train epoch 303, loss: 2.072912, train acc: 0.970989, train avg acc: 0.957626
Test epoch 303, loss: 2.111951, test acc: 0.914911, test avg acc: 0.883355
Train epoch 304, loss: 2.070861, train acc: 0.973840, train avg acc: 0.961048
Test epoch 304, loss: 2.103868, test acc: 0.916532, test avg acc: 0.894000
Train epoch 305, loss: 2.073362, train acc: 0.970989, train avg acc: 0.953984
Test epoch 305, loss: 2.103237, test acc: 0.918152, test avg acc: 0.887494
Train epoch 306, loss: 2.072687, train acc: 0.969870, train avg acc: 0.952346
Test epoch 306, loss: 2.106529, test acc: 0.913695, test avg acc: 0.885831
Train epoch 307, loss: 2.073638, train acc: 0.969666, train avg acc: 0.952583
Test epoch 307, loss: 2.113395, test acc: 0.919368, test avg acc: 0.886919
Train epoch 308, loss: 2.074546, train acc: 0.969971, train avg acc: 0.952806
Test epoch 308, loss: 2.121173, test acc: 0.909238, test avg acc: 0.881331
Train epoch 309, loss: 2.072969, train acc: 0.972822, train avg acc: 0.956442
Test epoch 309, loss: 2.102250, test acc: 0.918558, test avg acc: 0.881035
Train epoch 310, loss: 2.072155, train acc: 0.969971, train avg acc: 0.953804
Test epoch 310, loss: 2.112461, test acc: 0.920583, test avg acc: 0.891285
Train epoch 311, loss: 2.066935, train acc: 0.975366, train avg acc: 0.962238
Test epoch 311, loss: 2.118467, test acc: 0.912885, test avg acc: 0.886372
Train epoch 312, loss: 2.063747, train acc: 0.976995, train avg acc: 0.963408
Test epoch 312, loss: 2.107992, test acc: 0.912480, test avg acc: 0.879378
Train epoch 313, loss: 2.068636, train acc: 0.973025, train avg acc: 0.958972
Test epoch 313, loss: 2.108964, test acc: 0.918152, test avg acc: 0.879663
Train epoch 314, loss: 2.068811, train acc: 0.973534, train avg acc: 0.959904
Test epoch 314, loss: 2.101109, test acc: 0.913695, test avg acc: 0.878134
Train epoch 315, loss: 2.064452, train acc: 0.974552, train avg acc: 0.961042
Test epoch 315, loss: 2.099837, test acc: 0.924230, test avg acc: 0.887122
Train epoch 316, loss: 2.066610, train acc: 0.974450, train avg acc: 0.958661
Test epoch 316, loss: 2.108033, test acc: 0.916937, test avg acc: 0.884802
Train epoch 317, loss: 2.066985, train acc: 0.974857, train avg acc: 0.959970
Test epoch 317, loss: 2.118615, test acc: 0.907618, test avg acc: 0.887965
Train epoch 318, loss: 2.065165, train acc: 0.975570, train avg acc: 0.960524
Test epoch 318, loss: 2.109007, test acc: 0.916532, test avg acc: 0.887372
Train epoch 319, loss: 2.063165, train acc: 0.976079, train avg acc: 0.963366
Test epoch 319, loss: 2.126689, test acc: 0.921394, test avg acc: 0.896331
Train epoch 320, loss: 2.065220, train acc: 0.972923, train avg acc: 0.960372
Test epoch 320, loss: 2.096812, test acc: 0.918963, test avg acc: 0.882750
Train epoch 321, loss: 2.061268, train acc: 0.975570, train avg acc: 0.963074
Test epoch 321, loss: 2.104702, test acc: 0.916126, test avg acc: 0.872837
Train epoch 322, loss: 2.057748, train acc: 0.979438, train avg acc: 0.967791
Test epoch 322, loss: 2.107209, test acc: 0.910859, test avg acc: 0.888465
Train epoch 323, loss: 2.061239, train acc: 0.976079, train avg acc: 0.964104
Test epoch 323, loss: 2.108269, test acc: 0.919368, test avg acc: 0.890866
Train epoch 324, loss: 2.061254, train acc: 0.976384, train avg acc: 0.961353
Test epoch 324, loss: 2.109564, test acc: 0.913290, test avg acc: 0.882407
Train epoch 325, loss: 2.058095, train acc: 0.976690, train avg acc: 0.965468
Test epoch 325, loss: 2.107123, test acc: 0.924230, test avg acc: 0.899122
Train epoch 326, loss: 2.062720, train acc: 0.974450, train avg acc: 0.959068
Test epoch 326, loss: 2.106401, test acc: 0.914100, test avg acc: 0.882465
Train epoch 327, loss: 2.052768, train acc: 0.980660, train avg acc: 0.969899
Test epoch 327, loss: 2.100142, test acc: 0.914506, test avg acc: 0.879797
Train epoch 328, loss: 2.056563, train acc: 0.979845, train avg acc: 0.967965
Test epoch 328, loss: 2.096280, test acc: 0.923825, test avg acc: 0.886157
Train epoch 329, loss: 2.056011, train acc: 0.978318, train avg acc: 0.966371
Test epoch 329, loss: 2.122677, test acc: 0.910049, test avg acc: 0.884372
Train epoch 330, loss: 2.061465, train acc: 0.976181, train avg acc: 0.964287
Test epoch 330, loss: 2.118819, test acc: 0.915316, test avg acc: 0.883663
Train epoch 331, loss: 2.061741, train acc: 0.974247, train avg acc: 0.957662
Test epoch 331, loss: 2.118930, test acc: 0.914100, test avg acc: 0.891035
Train epoch 332, loss: 2.060183, train acc: 0.976181, train avg acc: 0.962892
Test epoch 332, loss: 2.100046, test acc: 0.915721, test avg acc: 0.888872
Train epoch 333, loss: 2.053529, train acc: 0.978115, train avg acc: 0.965986
Test epoch 333, loss: 2.100273, test acc: 0.922204, test avg acc: 0.879744
Train epoch 334, loss: 2.060215, train acc: 0.976486, train avg acc: 0.963190
Test epoch 334, loss: 2.097026, test acc: 0.919368, test avg acc: 0.885994
Train epoch 335, loss: 2.062102, train acc: 0.975265, train avg acc: 0.959592
Test epoch 335, loss: 2.098046, test acc: 0.923825, test avg acc: 0.893116
Train epoch 336, loss: 2.059249, train acc: 0.975570, train avg acc: 0.961395
Test epoch 336, loss: 2.105933, test acc: 0.910859, test avg acc: 0.879343
Train epoch 337, loss: 2.051589, train acc: 0.979235, train avg acc: 0.967859
Test epoch 337, loss: 2.103489, test acc: 0.922204, test avg acc: 0.897238
Train epoch 338, loss: 2.050614, train acc: 0.981678, train avg acc: 0.970726
Test epoch 338, loss: 2.090840, test acc: 0.923825, test avg acc: 0.898709
Train epoch 339, loss: 2.054994, train acc: 0.977708, train avg acc: 0.965867
Test epoch 339, loss: 2.098419, test acc: 0.923015, test avg acc: 0.894203
Train epoch 340, loss: 2.055154, train acc: 0.977708, train avg acc: 0.966836
Test epoch 340, loss: 2.098444, test acc: 0.919368, test avg acc: 0.885669
Train epoch 341, loss: 2.051615, train acc: 0.980660, train avg acc: 0.969267
Test epoch 341, loss: 2.088150, test acc: 0.923825, test avg acc: 0.890994
Train epoch 342, loss: 2.055534, train acc: 0.977708, train avg acc: 0.964436
Test epoch 342, loss: 2.095539, test acc: 0.931524, test avg acc: 0.903948
Train epoch 343, loss: 2.053592, train acc: 0.978827, train avg acc: 0.967254
Test epoch 343, loss: 2.101241, test acc: 0.920989, test avg acc: 0.890919
Train epoch 344, loss: 2.053291, train acc: 0.979540, train avg acc: 0.968389
Test epoch 344, loss: 2.101778, test acc: 0.920583, test avg acc: 0.892320
Train epoch 345, loss: 2.056979, train acc: 0.976893, train avg acc: 0.966518
Test epoch 345, loss: 2.115215, test acc: 0.919773, test avg acc: 0.895576
Train epoch 346, loss: 2.053709, train acc: 0.978318, train avg acc: 0.964890
Test epoch 346, loss: 2.097600, test acc: 0.922204, test avg acc: 0.891541
Train epoch 347, loss: 2.054381, train acc: 0.978013, train avg acc: 0.966357
Test epoch 347, loss: 2.101210, test acc: 0.928282, test avg acc: 0.900703
Train epoch 348, loss: 2.051685, train acc: 0.979743, train avg acc: 0.969123
Test epoch 348, loss: 2.102349, test acc: 0.921394, test avg acc: 0.890372
Train epoch 349, loss: 2.050070, train acc: 0.979235, train avg acc: 0.969010
Test epoch 349, loss: 2.113901, test acc: 0.910859, test avg acc: 0.886663
Train epoch 350, loss: 2.049146, train acc: 0.978013, train avg acc: 0.967220
Test epoch 350, loss: 2.095104, test acc: 0.920178, test avg acc: 0.894826
Train epoch 351, loss: 2.050257, train acc: 0.980761, train avg acc: 0.970653
Test epoch 351, loss: 2.099368, test acc: 0.928687, test avg acc: 0.899913
Train epoch 352, loss: 2.050113, train acc: 0.978827, train avg acc: 0.967413
Test epoch 352, loss: 2.087892, test acc: 0.926661, test avg acc: 0.894378
Train epoch 353, loss: 2.048438, train acc: 0.980965, train avg acc: 0.969328
Test epoch 353, loss: 2.107304, test acc: 0.912885, test avg acc: 0.887244
Train epoch 354, loss: 2.046931, train acc: 0.981372, train avg acc: 0.969827
Test epoch 354, loss: 2.095983, test acc: 0.922609, test avg acc: 0.894203
Train epoch 355, loss: 2.051149, train acc: 0.980863, train avg acc: 0.969611
Test epoch 355, loss: 2.094339, test acc: 0.922204, test avg acc: 0.890035
Train epoch 356, loss: 2.045836, train acc: 0.982390, train avg acc: 0.972320
Test epoch 356, loss: 2.102873, test acc: 0.919368, test avg acc: 0.890203
Train epoch 357, loss: 2.048295, train acc: 0.981779, train avg acc: 0.973336
Test epoch 357, loss: 2.105278, test acc: 0.914506, test avg acc: 0.895000
Train epoch 358, loss: 2.045969, train acc: 0.983408, train avg acc: 0.974216
Test epoch 358, loss: 2.098346, test acc: 0.921394, test avg acc: 0.889744
Train epoch 359, loss: 2.050723, train acc: 0.979642, train avg acc: 0.968166
Test epoch 359, loss: 2.100558, test acc: 0.918558, test avg acc: 0.888250
Train epoch 360, loss: 2.048276, train acc: 0.980456, train avg acc: 0.969498
Test epoch 360, loss: 2.101573, test acc: 0.913290, test avg acc: 0.884209
Train epoch 361, loss: 2.044542, train acc: 0.983103, train avg acc: 0.974146
Test epoch 361, loss: 2.095078, test acc: 0.920989, test avg acc: 0.891570
Train epoch 362, loss: 2.046895, train acc: 0.982288, train avg acc: 0.972934
Test epoch 362, loss: 2.094080, test acc: 0.919368, test avg acc: 0.887203
Train epoch 363, loss: 2.040960, train acc: 0.983103, train avg acc: 0.976128
Test epoch 363, loss: 2.094382, test acc: 0.918558, test avg acc: 0.887500
Train epoch 364, loss: 2.042458, train acc: 0.984426, train avg acc: 0.976927
Test epoch 364, loss: 2.099018, test acc: 0.916532, test avg acc: 0.890576
Train epoch 365, loss: 2.040714, train acc: 0.984528, train avg acc: 0.974322
Test epoch 365, loss: 2.091209, test acc: 0.923420, test avg acc: 0.893372
Train epoch 366, loss: 2.044359, train acc: 0.983204, train avg acc: 0.974506
Test epoch 366, loss: 2.094030, test acc: 0.925041, test avg acc: 0.893494
Train epoch 367, loss: 2.043444, train acc: 0.981678, train avg acc: 0.971198
Test epoch 367, loss: 2.096123, test acc: 0.922204, test avg acc: 0.892709
Train epoch 368, loss: 2.039696, train acc: 0.985546, train avg acc: 0.977302
Test epoch 368, loss: 2.091351, test acc: 0.922609, test avg acc: 0.891081
Train epoch 369, loss: 2.039964, train acc: 0.984935, train avg acc: 0.975561
Test epoch 369, loss: 2.088679, test acc: 0.925446, test avg acc: 0.896163
Train epoch 370, loss: 2.040791, train acc: 0.983306, train avg acc: 0.973799
Test epoch 370, loss: 2.111132, test acc: 0.919773, test avg acc: 0.899698
Train epoch 371, loss: 2.042088, train acc: 0.984324, train avg acc: 0.976111
Test epoch 371, loss: 2.098000, test acc: 0.919773, test avg acc: 0.889203
Train epoch 372, loss: 2.044681, train acc: 0.982186, train avg acc: 0.971973
Test epoch 372, loss: 2.094363, test acc: 0.924635, test avg acc: 0.898326
Train epoch 373, loss: 2.042516, train acc: 0.984121, train avg acc: 0.975923
Test epoch 373, loss: 2.095034, test acc: 0.922609, test avg acc: 0.899244
Train epoch 374, loss: 2.037975, train acc: 0.984731, train avg acc: 0.977368
Test epoch 374, loss: 2.102878, test acc: 0.916937, test avg acc: 0.888047
Train epoch 375, loss: 2.034577, train acc: 0.985851, train avg acc: 0.979480
Test epoch 375, loss: 2.089112, test acc: 0.923825, test avg acc: 0.890076
Train epoch 376, loss: 2.036554, train acc: 0.986258, train avg acc: 0.979474
Test epoch 376, loss: 2.098638, test acc: 0.919368, test avg acc: 0.890616
Train epoch 377, loss: 2.036868, train acc: 0.984833, train avg acc: 0.977260
Test epoch 377, loss: 2.090222, test acc: 0.923420, test avg acc: 0.891337
Train epoch 378, loss: 2.036996, train acc: 0.985749, train avg acc: 0.976118
Test epoch 378, loss: 2.095522, test acc: 0.925041, test avg acc: 0.897331
Train epoch 379, loss: 2.036755, train acc: 0.985240, train avg acc: 0.978487
Test epoch 379, loss: 2.087982, test acc: 0.926661, test avg acc: 0.895785
Train epoch 380, loss: 2.035306, train acc: 0.986156, train avg acc: 0.978568
Test epoch 380, loss: 2.091460, test acc: 0.923825, test avg acc: 0.890663
Train epoch 381, loss: 2.035203, train acc: 0.985953, train avg acc: 0.977882
Test epoch 381, loss: 2.091325, test acc: 0.922609, test avg acc: 0.890837
Train epoch 382, loss: 2.037399, train acc: 0.983917, train avg acc: 0.974418
Test epoch 382, loss: 2.090856, test acc: 0.925041, test avg acc: 0.900459
Train epoch 383, loss: 2.034532, train acc: 0.986767, train avg acc: 0.979674
Test epoch 383, loss: 2.094508, test acc: 0.925851, test avg acc: 0.897448
Train epoch 384, loss: 2.037289, train acc: 0.985037, train avg acc: 0.978070
Test epoch 384, loss: 2.085525, test acc: 0.924230, test avg acc: 0.898081
Train epoch 385, loss: 2.037120, train acc: 0.985342, train avg acc: 0.976658
Test epoch 385, loss: 2.084153, test acc: 0.927877, test avg acc: 0.901576
Train epoch 386, loss: 2.034883, train acc: 0.985546, train avg acc: 0.977971
Test epoch 386, loss: 2.082724, test acc: 0.926661, test avg acc: 0.901826
Train epoch 387, loss: 2.030014, train acc: 0.987072, train avg acc: 0.978437
Test epoch 387, loss: 2.085418, test acc: 0.928282, test avg acc: 0.896663
Train epoch 388, loss: 2.033113, train acc: 0.985138, train avg acc: 0.977495
Test epoch 388, loss: 2.089724, test acc: 0.925851, test avg acc: 0.895285
Train epoch 389, loss: 2.033193, train acc: 0.985749, train avg acc: 0.979568
Test epoch 389, loss: 2.096838, test acc: 0.923825, test avg acc: 0.895994
Train epoch 390, loss: 2.030450, train acc: 0.988192, train avg acc: 0.981221
Test epoch 390, loss: 2.102074, test acc: 0.925851, test avg acc: 0.899203
Train epoch 391, loss: 2.031284, train acc: 0.987785, train avg acc: 0.981079
Test epoch 391, loss: 2.086651, test acc: 0.927877, test avg acc: 0.899826
Train epoch 392, loss: 2.032234, train acc: 0.987276, train avg acc: 0.980098
Test epoch 392, loss: 2.088368, test acc: 0.924230, test avg acc: 0.893570
Train epoch 393, loss: 2.032186, train acc: 0.985647, train avg acc: 0.979988
Test epoch 393, loss: 2.090911, test acc: 0.920989, test avg acc: 0.896663
Train epoch 394, loss: 2.029588, train acc: 0.988905, train avg acc: 0.982347
Test epoch 394, loss: 2.089905, test acc: 0.926661, test avg acc: 0.896703
Train epoch 395, loss: 2.030232, train acc: 0.987683, train avg acc: 0.980529
Test epoch 395, loss: 2.086169, test acc: 0.922609, test avg acc: 0.891122
Train epoch 396, loss: 2.028274, train acc: 0.986971, train avg acc: 0.981154
Test epoch 396, loss: 2.089043, test acc: 0.926661, test avg acc: 0.901866
Train epoch 397, loss: 2.026603, train acc: 0.988396, train avg acc: 0.982278
Test epoch 397, loss: 2.082926, test acc: 0.926256, test avg acc: 0.895576
Train epoch 398, loss: 2.024041, train acc: 0.990024, train avg acc: 0.984563
Test epoch 398, loss: 2.082947, test acc: 0.928282, test avg acc: 0.898703
Train epoch 399, loss: 2.025020, train acc: 0.989312, train avg acc: 0.982711
Test epoch 399, loss: 2.091512, test acc: 0.923825, test avg acc: 0.900953
Train epoch 400, loss: 2.024185, train acc: 0.989312, train avg acc: 0.982874
Test epoch 400, loss: 2.091312, test acc: 0.924230, test avg acc: 0.895041
Train epoch 401, loss: 2.027933, train acc: 0.988599, train avg acc: 0.981943
Test epoch 401, loss: 2.091558, test acc: 0.916126, test avg acc: 0.887913
Train epoch 402, loss: 2.025800, train acc: 0.990024, train avg acc: 0.983128
Test epoch 402, loss: 2.085918, test acc: 0.924635, test avg acc: 0.896453
Train epoch 403, loss: 2.021923, train acc: 0.991348, train avg acc: 0.986428
Test epoch 403, loss: 2.086192, test acc: 0.924230, test avg acc: 0.892203
Train epoch 404, loss: 2.023929, train acc: 0.990024, train avg acc: 0.985543
Test epoch 404, loss: 2.089566, test acc: 0.921799, test avg acc: 0.891826
Train epoch 405, loss: 2.022446, train acc: 0.991450, train avg acc: 0.986582
Test epoch 405, loss: 2.084027, test acc: 0.925851, test avg acc: 0.895448
Train epoch 406, loss: 2.024310, train acc: 0.987683, train avg acc: 0.980415
Test epoch 406, loss: 2.090082, test acc: 0.923420, test avg acc: 0.893581
Train epoch 407, loss: 2.025434, train acc: 0.987276, train avg acc: 0.980141
Test epoch 407, loss: 2.085036, test acc: 0.921394, test avg acc: 0.886128
Train epoch 408, loss: 2.022588, train acc: 0.989312, train avg acc: 0.983901
Test epoch 408, loss: 2.091104, test acc: 0.920178, test avg acc: 0.889663
Train epoch 409, loss: 2.022885, train acc: 0.989312, train avg acc: 0.982165
Test epoch 409, loss: 2.085226, test acc: 0.924230, test avg acc: 0.895244
Train epoch 410, loss: 2.024678, train acc: 0.988396, train avg acc: 0.983716
Test epoch 410, loss: 2.086526, test acc: 0.925041, test avg acc: 0.896948
Train epoch 411, loss: 2.023132, train acc: 0.989312, train avg acc: 0.983588
Test epoch 411, loss: 2.084046, test acc: 0.927877, test avg acc: 0.895576
Train epoch 412, loss: 2.023028, train acc: 0.989210, train avg acc: 0.983200
Test epoch 412, loss: 2.083355, test acc: 0.923420, test avg acc: 0.895581
Train epoch 413, loss: 2.024071, train acc: 0.988090, train avg acc: 0.982390
Test epoch 413, loss: 2.085250, test acc: 0.923015, test avg acc: 0.893291
Train epoch 414, loss: 2.023036, train acc: 0.990432, train avg acc: 0.985248
Test epoch 414, loss: 2.081954, test acc: 0.925851, test avg acc: 0.895244
Train epoch 415, loss: 2.020421, train acc: 0.990839, train avg acc: 0.985846
Test epoch 415, loss: 2.084214, test acc: 0.927066, test avg acc: 0.897953
Train epoch 416, loss: 2.022874, train acc: 0.989617, train avg acc: 0.984937
Test epoch 416, loss: 2.088453, test acc: 0.922609, test avg acc: 0.897326
Train epoch 417, loss: 2.019848, train acc: 0.990941, train avg acc: 0.985804
Test epoch 417, loss: 2.085282, test acc: 0.922204, test avg acc: 0.897831
Train epoch 418, loss: 2.018634, train acc: 0.990941, train avg acc: 0.986038
Test epoch 418, loss: 2.088841, test acc: 0.923015, test avg acc: 0.894372
Train epoch 419, loss: 2.018348, train acc: 0.992467, train avg acc: 0.988389
Test epoch 419, loss: 2.087451, test acc: 0.923420, test avg acc: 0.893703
Train epoch 420, loss: 2.021982, train acc: 0.989515, train avg acc: 0.983425
Test epoch 420, loss: 2.084853, test acc: 0.926256, test avg acc: 0.895698
Train epoch 421, loss: 2.020717, train acc: 0.989923, train avg acc: 0.983856
Test epoch 421, loss: 2.088509, test acc: 0.919368, test avg acc: 0.895000
Train epoch 422, loss: 2.021593, train acc: 0.988396, train avg acc: 0.982052
Test epoch 422, loss: 2.087271, test acc: 0.927066, test avg acc: 0.900238
Train epoch 423, loss: 2.018669, train acc: 0.991348, train avg acc: 0.987115
Test epoch 423, loss: 2.091516, test acc: 0.920989, test avg acc: 0.900244
Train epoch 424, loss: 2.018502, train acc: 0.991755, train avg acc: 0.987080
Test epoch 424, loss: 2.079118, test acc: 0.925041, test avg acc: 0.894541
Train epoch 425, loss: 2.018410, train acc: 0.990228, train avg acc: 0.985408
Test epoch 425, loss: 2.078343, test acc: 0.929498, test avg acc: 0.894657
Train epoch 426, loss: 2.017771, train acc: 0.992366, train avg acc: 0.987525
Test epoch 426, loss: 2.079211, test acc: 0.928282, test avg acc: 0.894029
Train epoch 427, loss: 2.018263, train acc: 0.989719, train avg acc: 0.983035
Test epoch 427, loss: 2.084860, test acc: 0.922609, test avg acc: 0.893366
Train epoch 428, loss: 2.015685, train acc: 0.991042, train avg acc: 0.986581
Test epoch 428, loss: 2.082787, test acc: 0.927472, test avg acc: 0.897529
Train epoch 429, loss: 2.016622, train acc: 0.991958, train avg acc: 0.987216
Test epoch 429, loss: 2.081265, test acc: 0.925041, test avg acc: 0.894029
Train epoch 430, loss: 2.013621, train acc: 0.991958, train avg acc: 0.987750
Test epoch 430, loss: 2.081334, test acc: 0.926256, test avg acc: 0.892698
Train epoch 431, loss: 2.017939, train acc: 0.991246, train avg acc: 0.986474
Test epoch 431, loss: 2.082081, test acc: 0.927877, test avg acc: 0.895657
Train epoch 432, loss: 2.015747, train acc: 0.991042, train avg acc: 0.985329
Test epoch 432, loss: 2.081341, test acc: 0.927472, test avg acc: 0.896488
Train epoch 433, loss: 2.014697, train acc: 0.992773, train avg acc: 0.989033
Test epoch 433, loss: 2.084140, test acc: 0.923420, test avg acc: 0.892907
Train epoch 434, loss: 2.015450, train acc: 0.991958, train avg acc: 0.987944
Test epoch 434, loss: 2.080749, test acc: 0.930713, test avg acc: 0.899366
Train epoch 435, loss: 2.017433, train acc: 0.991450, train avg acc: 0.986393
Test epoch 435, loss: 2.077049, test acc: 0.928687, test avg acc: 0.899035
Train epoch 436, loss: 2.015573, train acc: 0.991551, train avg acc: 0.987264
Test epoch 436, loss: 2.086787, test acc: 0.926256, test avg acc: 0.901657
Train epoch 437, loss: 2.016181, train acc: 0.991755, train avg acc: 0.987335
Test epoch 437, loss: 2.083277, test acc: 0.928282, test avg acc: 0.900866
Train epoch 438, loss: 2.011350, train acc: 0.992976, train avg acc: 0.989536
Test epoch 438, loss: 2.082909, test acc: 0.926256, test avg acc: 0.897820
Train epoch 439, loss: 2.015420, train acc: 0.990635, train avg acc: 0.984377
Test epoch 439, loss: 2.078464, test acc: 0.927472, test avg acc: 0.896163
Train epoch 440, loss: 2.016215, train acc: 0.990737, train avg acc: 0.985217
Test epoch 440, loss: 2.080222, test acc: 0.925851, test avg acc: 0.895163
Train epoch 441, loss: 2.015237, train acc: 0.992773, train avg acc: 0.988437
Test epoch 441, loss: 2.082632, test acc: 0.924635, test avg acc: 0.891372
Train epoch 442, loss: 2.011697, train acc: 0.992976, train avg acc: 0.989787
Test epoch 442, loss: 2.082141, test acc: 0.923420, test avg acc: 0.897744
Train epoch 443, loss: 2.011603, train acc: 0.993994, train avg acc: 0.991025
Test epoch 443, loss: 2.081262, test acc: 0.928282, test avg acc: 0.899785
Train epoch 444, loss: 2.010955, train acc: 0.992976, train avg acc: 0.990494
Test epoch 444, loss: 2.080439, test acc: 0.926256, test avg acc: 0.899744
Train epoch 445, loss: 2.013632, train acc: 0.992366, train avg acc: 0.988841
Test epoch 445, loss: 2.081018, test acc: 0.924635, test avg acc: 0.893616
Train epoch 446, loss: 2.010174, train acc: 0.993384, train avg acc: 0.989448
Test epoch 446, loss: 2.079956, test acc: 0.924230, test avg acc: 0.890407
Train epoch 447, loss: 2.012694, train acc: 0.993893, train avg acc: 0.989949
Test epoch 447, loss: 2.077825, test acc: 0.926256, test avg acc: 0.890576
Train epoch 448, loss: 2.013217, train acc: 0.991653, train avg acc: 0.986682
Test epoch 448, loss: 2.079166, test acc: 0.923825, test avg acc: 0.891116
Train epoch 449, loss: 2.011128, train acc: 0.993180, train avg acc: 0.990080
Test epoch 449, loss: 2.083048, test acc: 0.925446, test avg acc: 0.896116
Train epoch 450, loss: 2.008772, train acc: 0.995521, train avg acc: 0.993194
Test epoch 450, loss: 2.079980, test acc: 0.924635, test avg acc: 0.895494
Train epoch 451, loss: 2.010833, train acc: 0.993791, train avg acc: 0.991004
Test epoch 451, loss: 2.084525, test acc: 0.925446, test avg acc: 0.899953
Train epoch 452, loss: 2.011438, train acc: 0.993078, train avg acc: 0.988549
Test epoch 452, loss: 2.081152, test acc: 0.923420, test avg acc: 0.895663
Train epoch 453, loss: 2.009952, train acc: 0.993994, train avg acc: 0.990796
Test epoch 453, loss: 2.083122, test acc: 0.925041, test avg acc: 0.897785
Train epoch 454, loss: 2.010134, train acc: 0.992671, train avg acc: 0.988349
Test epoch 454, loss: 2.080175, test acc: 0.926256, test avg acc: 0.896535
Train epoch 455, loss: 2.010164, train acc: 0.992671, train avg acc: 0.988330
Test epoch 455, loss: 2.085549, test acc: 0.922204, test avg acc: 0.895953
Train epoch 456, loss: 2.008083, train acc: 0.993587, train avg acc: 0.990504
Test epoch 456, loss: 2.081094, test acc: 0.926256, test avg acc: 0.899744
Train epoch 457, loss: 2.012582, train acc: 0.992264, train avg acc: 0.988013
Test epoch 457, loss: 2.080625, test acc: 0.923420, test avg acc: 0.896866
Train epoch 458, loss: 2.008807, train acc: 0.994503, train avg acc: 0.991748
Test epoch 458, loss: 2.081156, test acc: 0.926661, test avg acc: 0.898029
Train epoch 459, loss: 2.011638, train acc: 0.993485, train avg acc: 0.990976
Test epoch 459, loss: 2.082290, test acc: 0.924635, test avg acc: 0.896738
Train epoch 460, loss: 2.011099, train acc: 0.991450, train avg acc: 0.987398
Test epoch 460, loss: 2.083149, test acc: 0.924635, test avg acc: 0.896657
Train epoch 461, loss: 2.008935, train acc: 0.993587, train avg acc: 0.989792
Test epoch 461, loss: 2.081288, test acc: 0.928687, test avg acc: 0.903035
Train epoch 462, loss: 2.008501, train acc: 0.993384, train avg acc: 0.989841
Test epoch 462, loss: 2.083392, test acc: 0.922609, test avg acc: 0.896163
Train epoch 463, loss: 2.009152, train acc: 0.993791, train avg acc: 0.991572
Test epoch 463, loss: 2.077383, test acc: 0.930308, test avg acc: 0.903035
Train epoch 464, loss: 2.008440, train acc: 0.994401, train avg acc: 0.992218
Test epoch 464, loss: 2.082663, test acc: 0.926256, test avg acc: 0.894657
Train epoch 465, loss: 2.008876, train acc: 0.993994, train avg acc: 0.990734
Test epoch 465, loss: 2.081713, test acc: 0.922609, test avg acc: 0.895122
Train epoch 466, loss: 2.010017, train acc: 0.993282, train avg acc: 0.990504
Test epoch 466, loss: 2.085386, test acc: 0.923420, test avg acc: 0.897785
Train epoch 467, loss: 2.008645, train acc: 0.994503, train avg acc: 0.992124
Test epoch 467, loss: 2.084581, test acc: 0.923420, test avg acc: 0.898744
Train epoch 468, loss: 2.007198, train acc: 0.994198, train avg acc: 0.990996
Test epoch 468, loss: 2.077860, test acc: 0.927877, test avg acc: 0.898535
Train epoch 469, loss: 2.007879, train acc: 0.992875, train avg acc: 0.989395
Test epoch 469, loss: 2.082908, test acc: 0.924635, test avg acc: 0.896453
Train epoch 470, loss: 2.009211, train acc: 0.992875, train avg acc: 0.987897
Test epoch 470, loss: 2.085340, test acc: 0.923015, test avg acc: 0.895453
Train epoch 471, loss: 2.007890, train acc: 0.993791, train avg acc: 0.989811
Test epoch 471, loss: 2.079232, test acc: 0.924230, test avg acc: 0.897244
Train epoch 472, loss: 2.007116, train acc: 0.993689, train avg acc: 0.990979
Test epoch 472, loss: 2.086295, test acc: 0.923420, test avg acc: 0.893785
Train epoch 473, loss: 2.007948, train acc: 0.993485, train avg acc: 0.990566
Test epoch 473, loss: 2.080193, test acc: 0.920989, test avg acc: 0.891244
Train epoch 474, loss: 2.007881, train acc: 0.992875, train avg acc: 0.988695
Test epoch 474, loss: 2.083512, test acc: 0.920989, test avg acc: 0.893163
Train epoch 475, loss: 2.008064, train acc: 0.992569, train avg acc: 0.988182
Test epoch 475, loss: 2.081031, test acc: 0.921394, test avg acc: 0.893453
Train epoch 476, loss: 2.009857, train acc: 0.991551, train avg acc: 0.986696
Test epoch 476, loss: 2.082443, test acc: 0.923015, test avg acc: 0.892494
Train epoch 477, loss: 2.006247, train acc: 0.995419, train avg acc: 0.993331
Test epoch 477, loss: 2.081477, test acc: 0.923015, test avg acc: 0.893372
Train epoch 478, loss: 2.006458, train acc: 0.995114, train avg acc: 0.992325
Test epoch 478, loss: 2.081610, test acc: 0.921394, test avg acc: 0.889331
Train epoch 479, loss: 2.006605, train acc: 0.995012, train avg acc: 0.992333
Test epoch 479, loss: 2.079611, test acc: 0.923825, test avg acc: 0.892994
Train epoch 480, loss: 2.005712, train acc: 0.995216, train avg acc: 0.992723
Test epoch 480, loss: 2.081052, test acc: 0.922609, test avg acc: 0.896163
Train epoch 481, loss: 2.006932, train acc: 0.994605, train avg acc: 0.991797
Test epoch 481, loss: 2.082537, test acc: 0.921394, test avg acc: 0.894413
Train epoch 482, loss: 2.007512, train acc: 0.993689, train avg acc: 0.990517
Test epoch 482, loss: 2.079137, test acc: 0.925041, test avg acc: 0.896785
Train epoch 483, loss: 2.006795, train acc: 0.995216, train avg acc: 0.993247
Test epoch 483, loss: 2.079718, test acc: 0.924230, test avg acc: 0.893203
Train epoch 484, loss: 2.005066, train acc: 0.994707, train avg acc: 0.990990
Test epoch 484, loss: 2.082137, test acc: 0.923825, test avg acc: 0.897831
Train epoch 485, loss: 2.008682, train acc: 0.992773, train avg acc: 0.988909
Test epoch 485, loss: 2.080292, test acc: 0.925446, test avg acc: 0.894116
Train epoch 486, loss: 2.006757, train acc: 0.993893, train avg acc: 0.989745
Test epoch 486, loss: 2.080652, test acc: 0.923015, test avg acc: 0.894413
Train epoch 487, loss: 2.007579, train acc: 0.994401, train avg acc: 0.991976
Test epoch 487, loss: 2.083274, test acc: 0.924230, test avg acc: 0.894453
Train epoch 488, loss: 2.005693, train acc: 0.994198, train avg acc: 0.990670
Test epoch 488, loss: 2.080867, test acc: 0.927472, test avg acc: 0.898285
Train epoch 489, loss: 2.004511, train acc: 0.995521, train avg acc: 0.993162
Test epoch 489, loss: 2.080126, test acc: 0.924230, test avg acc: 0.895244
Train epoch 490, loss: 2.004473, train acc: 0.994503, train avg acc: 0.991499
Test epoch 490, loss: 2.080134, test acc: 0.924230, test avg acc: 0.895244
Train epoch 491, loss: 2.005320, train acc: 0.994401, train avg acc: 0.990802
Test epoch 491, loss: 2.078759, test acc: 0.927472, test avg acc: 0.900244
Train epoch 492, loss: 2.007970, train acc: 0.993282, train avg acc: 0.988114
Test epoch 492, loss: 2.080829, test acc: 0.925041, test avg acc: 0.901703
Train epoch 493, loss: 2.005965, train acc: 0.992875, train avg acc: 0.988702
Test epoch 493, loss: 2.079294, test acc: 0.922609, test avg acc: 0.894081
Train epoch 494, loss: 2.007227, train acc: 0.993587, train avg acc: 0.990835
Test epoch 494, loss: 2.077763, test acc: 0.924635, test avg acc: 0.895372
Train epoch 495, loss: 2.008041, train acc: 0.993791, train avg acc: 0.991460
Test epoch 495, loss: 2.081991, test acc: 0.923420, test avg acc: 0.895866
Train epoch 496, loss: 2.005660, train acc: 0.994198, train avg acc: 0.991569
Test epoch 496, loss: 2.082954, test acc: 0.921394, test avg acc: 0.895372
Train epoch 497, loss: 2.004170, train acc: 0.994503, train avg acc: 0.990517
Test epoch 497, loss: 2.080430, test acc: 0.925446, test avg acc: 0.895279
Train epoch 498, loss: 2.004419, train acc: 0.995114, train avg acc: 0.992837
Test epoch 498, loss: 2.080219, test acc: 0.924635, test avg acc: 0.897535
Train epoch 499, loss: 2.004916, train acc: 0.993689, train avg acc: 0.989548
Test epoch 499, loss: 2.079875, test acc: 0.925041, test avg acc: 0.895663
