Namespace(augmix_cutmix_prob=0.5, augmix_prob=0.0, batch_size=32, beta=1.0, data_path='./data/modelnet40_normal_resampled', dataset='modelnet40', dropout=0.5, emb_dims=1024, epochs=500, eval=False, exp_name='augmix_cutmix_lams2_eps3e-1_dgcnn_1024', jitter=False, k=20, knn=False, lr=0.001, model='dgcnn', model_path='', modelnet10=False, momentum=0.9, no_cuda=False, normal=False, nsample=512, num_points=1024, rddrop=False, rdscale=False, rot=False, rsmix_prob=0.0, seed=1, shift=False, shuffle=False, test_batch_size=16, use_sgd=True)
Using GPU : 0 from 1 devices
Train epoch 0, loss: 2.963013, train acc: 0.455822, train avg acc: 0.276390
Test epoch 0, loss: 2.578115, test acc: 0.606969, test avg acc: 0.463814
Train epoch 1, loss: 2.521038, train acc: 0.639556, train avg acc: 0.459884
Test epoch 1, loss: 2.338795, test acc: 0.720827, test avg acc: 0.581302
Train epoch 2, loss: 2.409608, train acc: 0.698188, train avg acc: 0.532433
Test epoch 2, loss: 2.236955, test acc: 0.775932, test avg acc: 0.655453
Train epoch 3, loss: 2.334308, train acc: 0.740839, train avg acc: 0.599273
Test epoch 3, loss: 2.175032, test acc: 0.822934, test avg acc: 0.720727
Train epoch 4, loss: 2.285862, train acc: 0.769849, train avg acc: 0.636428
Test epoch 4, loss: 2.137071, test acc: 0.828606, test avg acc: 0.739831
Train epoch 5, loss: 2.240926, train acc: 0.790615, train avg acc: 0.667951
Test epoch 5, loss: 2.105455, test acc: 0.844408, test avg acc: 0.754564
Train epoch 6, loss: 2.218918, train acc: 0.803848, train avg acc: 0.689552
Test epoch 6, loss: 2.105546, test acc: 0.854133, test avg acc: 0.774733
Train epoch 7, loss: 2.200067, train acc: 0.809446, train avg acc: 0.703118
Test epoch 7, loss: 2.071564, test acc: 0.861021, test avg acc: 0.804099
Train epoch 8, loss: 2.175811, train acc: 0.826038, train avg acc: 0.726583
Test epoch 8, loss: 2.083344, test acc: 0.848460, test avg acc: 0.792535
Train epoch 9, loss: 2.166202, train acc: 0.826853, train avg acc: 0.723367
Test epoch 9, loss: 2.044390, test acc: 0.884927, test avg acc: 0.809471
Train epoch 10, loss: 2.148738, train acc: 0.835200, train avg acc: 0.739427
Test epoch 10, loss: 2.086075, test acc: 0.837925, test avg acc: 0.773076
Train epoch 11, loss: 2.135873, train acc: 0.847414, train avg acc: 0.758923
Test epoch 11, loss: 2.069924, test acc: 0.857374, test avg acc: 0.769180
Train epoch 12, loss: 2.128405, train acc: 0.848636, train avg acc: 0.760278
Test epoch 12, loss: 2.092675, test acc: 0.854538, test avg acc: 0.778203
Train epoch 13, loss: 2.112674, train acc: 0.853827, train avg acc: 0.769073
Test epoch 13, loss: 2.058976, test acc: 0.867504, test avg acc: 0.811174
Train epoch 14, loss: 2.107335, train acc: 0.859731, train avg acc: 0.782345
Test epoch 14, loss: 2.019470, test acc: 0.885332, test avg acc: 0.825703
Train epoch 15, loss: 2.095829, train acc: 0.866450, train avg acc: 0.790167
Test epoch 15, loss: 2.013869, test acc: 0.885737, test avg acc: 0.813006
Train epoch 16, loss: 2.089440, train acc: 0.868587, train avg acc: 0.791842
Test epoch 16, loss: 2.033559, test acc: 0.882091, test avg acc: 0.815971
Train epoch 17, loss: 2.092634, train acc: 0.862887, train avg acc: 0.788570
Test epoch 17, loss: 2.016543, test acc: 0.879254, test avg acc: 0.806901
Train epoch 18, loss: 2.079462, train acc: 0.873473, train avg acc: 0.802411
Test epoch 18, loss: 2.029603, test acc: 0.879254, test avg acc: 0.824762
Train epoch 19, loss: 2.072293, train acc: 0.877341, train avg acc: 0.803021
Test epoch 19, loss: 1.989831, test acc: 0.893031, test avg acc: 0.845593
Train epoch 20, loss: 2.072997, train acc: 0.878766, train avg acc: 0.812493
Test epoch 20, loss: 2.023221, test acc: 0.893841, test avg acc: 0.810994
Train epoch 21, loss: 2.060408, train acc: 0.879886, train avg acc: 0.807707
Test epoch 21, loss: 1.980708, test acc: 0.898298, test avg acc: 0.831884
Train epoch 22, loss: 2.067290, train acc: 0.879275, train avg acc: 0.811716
Test epoch 22, loss: 2.025034, test acc: 0.880065, test avg acc: 0.834192
Train epoch 23, loss: 2.060950, train acc: 0.883856, train avg acc: 0.818943
Test epoch 23, loss: 2.008693, test acc: 0.888979, test avg acc: 0.841808
Train epoch 24, loss: 2.050111, train acc: 0.889251, train avg acc: 0.825847
Test epoch 24, loss: 2.000645, test acc: 0.890600, test avg acc: 0.840122
Train epoch 25, loss: 2.047057, train acc: 0.892610, train avg acc: 0.828801
Test epoch 25, loss: 1.984494, test acc: 0.903566, test avg acc: 0.843052
Train epoch 26, loss: 2.051534, train acc: 0.886197, train avg acc: 0.818069
Test epoch 26, loss: 1.999501, test acc: 0.886548, test avg acc: 0.809878
Train epoch 27, loss: 2.040148, train acc: 0.889353, train avg acc: 0.824675
Test epoch 27, loss: 2.002487, test acc: 0.893031, test avg acc: 0.820849
Train epoch 28, loss: 2.039323, train acc: 0.893424, train avg acc: 0.831148
Test epoch 28, loss: 2.020371, test acc: 0.887763, test avg acc: 0.834012
Train epoch 29, loss: 2.043096, train acc: 0.890879, train avg acc: 0.829105
Test epoch 29, loss: 1.966400, test acc: 0.908428, test avg acc: 0.864727
Train epoch 30, loss: 2.031961, train acc: 0.898107, train avg acc: 0.837338
Test epoch 30, loss: 2.013350, test acc: 0.892220, test avg acc: 0.846337
Train epoch 31, loss: 2.031720, train acc: 0.895460, train avg acc: 0.833094
Test epoch 31, loss: 2.024849, test acc: 0.881280, test avg acc: 0.831465
Train epoch 32, loss: 2.032993, train acc: 0.893526, train avg acc: 0.829979
Test epoch 32, loss: 1.984492, test acc: 0.894652, test avg acc: 0.848605
Train epoch 33, loss: 2.026515, train acc: 0.898208, train avg acc: 0.838269
Test epoch 33, loss: 1.986950, test acc: 0.890600, test avg acc: 0.822390
Train epoch 34, loss: 2.026282, train acc: 0.898514, train avg acc: 0.840031
Test epoch 34, loss: 1.999310, test acc: 0.877634, test avg acc: 0.829291
Train epoch 35, loss: 2.019612, train acc: 0.899939, train avg acc: 0.845215
Test epoch 35, loss: 1.995647, test acc: 0.900324, test avg acc: 0.853198
Train epoch 36, loss: 2.025551, train acc: 0.898819, train avg acc: 0.842974
Test epoch 36, loss: 2.016455, test acc: 0.880470, test avg acc: 0.838767
Train epoch 37, loss: 2.030023, train acc: 0.894340, train avg acc: 0.836182
Test epoch 37, loss: 1.992399, test acc: 0.895867, test avg acc: 0.840872
Train epoch 38, loss: 2.017798, train acc: 0.901466, train avg acc: 0.843004
Test epoch 38, loss: 1.958571, test acc: 0.905186, test avg acc: 0.857169
Train epoch 39, loss: 2.009652, train acc: 0.905639, train avg acc: 0.853198
Test epoch 39, loss: 1.968571, test acc: 0.905997, test avg acc: 0.847430
Train epoch 40, loss: 2.014725, train acc: 0.904112, train avg acc: 0.851231
Test epoch 40, loss: 1.970468, test acc: 0.890600, test avg acc: 0.843750
Train epoch 41, loss: 2.017636, train acc: 0.902891, train avg acc: 0.847134
Test epoch 41, loss: 2.015919, test acc: 0.872366, test avg acc: 0.851174
Train epoch 42, loss: 2.009102, train acc: 0.902280, train avg acc: 0.847072
Test epoch 42, loss: 2.041077, test acc: 0.885737, test avg acc: 0.828267
Train epoch 43, loss: 2.011420, train acc: 0.904316, train avg acc: 0.851733
Test epoch 43, loss: 1.984787, test acc: 0.897488, test avg acc: 0.850791
Train epoch 44, loss: 2.009173, train acc: 0.906861, train avg acc: 0.853233
Test epoch 44, loss: 2.014707, test acc: 0.890600, test avg acc: 0.848453
Train epoch 45, loss: 2.015402, train acc: 0.905334, train avg acc: 0.853186
Test epoch 45, loss: 1.995935, test acc: 0.900324, test avg acc: 0.849878
Train epoch 46, loss: 2.011935, train acc: 0.905436, train avg acc: 0.852925
Test epoch 46, loss: 1.964908, test acc: 0.897893, test avg acc: 0.858767
Train epoch 47, loss: 2.005179, train acc: 0.905741, train avg acc: 0.851129
Test epoch 47, loss: 1.966311, test acc: 0.897893, test avg acc: 0.854890
Train epoch 48, loss: 2.009053, train acc: 0.906454, train avg acc: 0.856172
Test epoch 48, loss: 2.000511, test acc: 0.880875, test avg acc: 0.822866
Train epoch 49, loss: 2.004014, train acc: 0.906148, train avg acc: 0.851915
Test epoch 49, loss: 1.967173, test acc: 0.897488, test avg acc: 0.861134
Train epoch 50, loss: 1.995238, train acc: 0.909406, train avg acc: 0.859208
Test epoch 50, loss: 1.952174, test acc: 0.905997, test avg acc: 0.874663
Train epoch 51, loss: 1.999024, train acc: 0.908286, train avg acc: 0.853699
Test epoch 51, loss: 1.975171, test acc: 0.902755, test avg acc: 0.855767
Train epoch 52, loss: 2.000200, train acc: 0.910322, train avg acc: 0.855724
Test epoch 52, loss: 1.972295, test acc: 0.901540, test avg acc: 0.864616
Train epoch 53, loss: 1.998177, train acc: 0.910423, train avg acc: 0.857517
Test epoch 53, loss: 1.960225, test acc: 0.895867, test avg acc: 0.843558
Train epoch 54, loss: 1.991885, train acc: 0.911034, train avg acc: 0.859362
Test epoch 54, loss: 1.978773, test acc: 0.902350, test avg acc: 0.857390
Train epoch 55, loss: 1.994445, train acc: 0.909914, train avg acc: 0.859994
Test epoch 55, loss: 1.962849, test acc: 0.901540, test avg acc: 0.867605
Train epoch 56, loss: 1.985944, train acc: 0.914800, train avg acc: 0.868425
Test epoch 56, loss: 1.978720, test acc: 0.887358, test avg acc: 0.826552
Train epoch 57, loss: 1.991914, train acc: 0.913274, train avg acc: 0.864343
Test epoch 57, loss: 1.970939, test acc: 0.901135, test avg acc: 0.861378
Train epoch 58, loss: 2.006847, train acc: 0.904927, train avg acc: 0.854081
Test epoch 58, loss: 2.001548, test acc: 0.888169, test avg acc: 0.850843
Train epoch 59, loss: 1.998539, train acc: 0.907879, train avg acc: 0.857681
Test epoch 59, loss: 1.979306, test acc: 0.897083, test avg acc: 0.842640
Train epoch 60, loss: 1.995222, train acc: 0.909304, train avg acc: 0.863467
Test epoch 60, loss: 1.955854, test acc: 0.904781, test avg acc: 0.843203
Train epoch 61, loss: 1.986750, train acc: 0.913274, train avg acc: 0.866080
Test epoch 61, loss: 1.970387, test acc: 0.893841, test avg acc: 0.831587
Train epoch 62, loss: 1.988869, train acc: 0.910932, train avg acc: 0.861376
Test epoch 62, loss: 1.952112, test acc: 0.901945, test avg acc: 0.862994
Train epoch 63, loss: 1.988000, train acc: 0.914088, train avg acc: 0.867068
Test epoch 63, loss: 1.949740, test acc: 0.909643, test avg acc: 0.846581
Train epoch 64, loss: 1.984499, train acc: 0.915106, train avg acc: 0.871514
Test epoch 64, loss: 2.051851, test acc: 0.893436, test avg acc: 0.854831
Train epoch 65, loss: 1.988333, train acc: 0.913375, train avg acc: 0.864261
Test epoch 65, loss: 1.967088, test acc: 0.897488, test avg acc: 0.857605
Train epoch 66, loss: 1.984409, train acc: 0.914699, train avg acc: 0.867405
Test epoch 66, loss: 1.950523, test acc: 0.909643, test avg acc: 0.866506
Train epoch 67, loss: 1.983621, train acc: 0.916836, train avg acc: 0.870328
Test epoch 67, loss: 1.979900, test acc: 0.899109, test avg acc: 0.841692
Train epoch 68, loss: 1.985127, train acc: 0.918465, train avg acc: 0.871559
Test epoch 68, loss: 1.973329, test acc: 0.894246, test avg acc: 0.850459
Train epoch 69, loss: 1.982637, train acc: 0.916836, train avg acc: 0.870270
Test epoch 69, loss: 1.973228, test acc: 0.884927, test avg acc: 0.852558
Train epoch 70, loss: 1.988538, train acc: 0.915309, train avg acc: 0.869319
Test epoch 70, loss: 1.969361, test acc: 0.899919, test avg acc: 0.858006
Train epoch 71, loss: 1.986952, train acc: 0.914902, train avg acc: 0.869296
Test epoch 71, loss: 1.946389, test acc: 0.905186, test avg acc: 0.856797
Train epoch 72, loss: 1.979877, train acc: 0.917142, train avg acc: 0.868603
Test epoch 72, loss: 1.989415, test acc: 0.893031, test avg acc: 0.863314
Train epoch 73, loss: 1.985640, train acc: 0.916226, train avg acc: 0.869491
Test epoch 73, loss: 1.984231, test acc: 0.885737, test avg acc: 0.845634
Train epoch 74, loss: 1.978104, train acc: 0.918567, train avg acc: 0.870625
Test epoch 74, loss: 1.984832, test acc: 0.890600, test avg acc: 0.855215
Train epoch 75, loss: 1.981909, train acc: 0.916124, train avg acc: 0.872806
Test epoch 75, loss: 1.972012, test acc: 0.897893, test avg acc: 0.867395
Train epoch 76, loss: 1.985148, train acc: 0.916022, train avg acc: 0.868039
Test epoch 76, loss: 1.948947, test acc: 0.909238, test avg acc: 0.869000
Train epoch 77, loss: 1.972152, train acc: 0.920094, train avg acc: 0.872622
Test epoch 77, loss: 1.942687, test acc: 0.908023, test avg acc: 0.858552
Train epoch 78, loss: 1.980787, train acc: 0.918160, train avg acc: 0.873478
Test epoch 78, loss: 1.949308, test acc: 0.910859, test avg acc: 0.854000
Train epoch 79, loss: 1.984724, train acc: 0.914190, train avg acc: 0.868685
Test epoch 79, loss: 1.960694, test acc: 0.918152, test avg acc: 0.880209
Train epoch 80, loss: 1.977337, train acc: 0.921213, train avg acc: 0.873720
Test epoch 80, loss: 1.949210, test acc: 0.905997, test avg acc: 0.867797
Train epoch 81, loss: 1.979850, train acc: 0.917447, train avg acc: 0.871935
Test epoch 81, loss: 1.979541, test acc: 0.888979, test avg acc: 0.852221
Train epoch 82, loss: 1.968049, train acc: 0.926303, train avg acc: 0.884449
Test epoch 82, loss: 1.968814, test acc: 0.884522, test avg acc: 0.852076
Train epoch 83, loss: 1.975617, train acc: 0.919178, train avg acc: 0.875451
Test epoch 83, loss: 1.979965, test acc: 0.884522, test avg acc: 0.836541
Train epoch 84, loss: 1.972753, train acc: 0.924980, train avg acc: 0.882938
Test epoch 84, loss: 1.963227, test acc: 0.910049, test avg acc: 0.870797
Train epoch 85, loss: 1.971507, train acc: 0.925590, train avg acc: 0.882914
Test epoch 85, loss: 2.117812, test acc: 0.887358, test avg acc: 0.832762
Train epoch 86, loss: 1.973661, train acc: 0.920501, train avg acc: 0.875074
Test epoch 86, loss: 1.938242, test acc: 0.916126, test avg acc: 0.865163
Train epoch 87, loss: 1.974770, train acc: 0.921315, train avg acc: 0.877746
Test epoch 87, loss: 2.000077, test acc: 0.898703, test avg acc: 0.828302
Train epoch 88, loss: 1.962085, train acc: 0.928135, train avg acc: 0.884867
Test epoch 88, loss: 1.941649, test acc: 0.911264, test avg acc: 0.861047
Train epoch 89, loss: 1.971439, train acc: 0.922537, train avg acc: 0.878886
Test epoch 89, loss: 1.952756, test acc: 0.906807, test avg acc: 0.864512
Train epoch 90, loss: 1.972967, train acc: 0.924369, train avg acc: 0.882295
Test epoch 90, loss: 1.963449, test acc: 0.910859, test avg acc: 0.858302
Train epoch 91, loss: 1.971451, train acc: 0.922638, train avg acc: 0.880557
Test epoch 91, loss: 1.937999, test acc: 0.905997, test avg acc: 0.862552
Train epoch 92, loss: 1.962697, train acc: 0.927830, train avg acc: 0.889076
Test epoch 92, loss: 1.969377, test acc: 0.887763, test avg acc: 0.840552
Train epoch 93, loss: 1.968877, train acc: 0.923962, train avg acc: 0.882927
Test epoch 93, loss: 1.941075, test acc: 0.913695, test avg acc: 0.869459
Train epoch 94, loss: 1.965557, train acc: 0.923147, train avg acc: 0.883699
Test epoch 94, loss: 1.972348, test acc: 0.897893, test avg acc: 0.856076
Train epoch 95, loss: 1.966916, train acc: 0.924471, train avg acc: 0.883228
Test epoch 95, loss: 1.995955, test acc: 0.898298, test avg acc: 0.844093
Train epoch 96, loss: 1.970400, train acc: 0.922537, train avg acc: 0.880426
Test epoch 96, loss: 1.938922, test acc: 0.910859, test avg acc: 0.868500
Train epoch 97, loss: 1.961539, train acc: 0.929153, train avg acc: 0.888318
Test epoch 97, loss: 2.016277, test acc: 0.869935, test avg acc: 0.838029
Train epoch 98, loss: 1.965496, train acc: 0.926608, train avg acc: 0.885161
Test epoch 98, loss: 1.966261, test acc: 0.901945, test avg acc: 0.844134
Train epoch 99, loss: 1.957447, train acc: 0.928848, train avg acc: 0.886676
Test epoch 99, loss: 1.949241, test acc: 0.914506, test avg acc: 0.867913
Train epoch 100, loss: 1.953486, train acc: 0.931189, train avg acc: 0.892439
Test epoch 100, loss: 1.954023, test acc: 0.909238, test avg acc: 0.859372
Train epoch 101, loss: 1.954337, train acc: 0.931596, train avg acc: 0.892139
Test epoch 101, loss: 1.935848, test acc: 0.917342, test avg acc: 0.867663
Train epoch 102, loss: 1.962609, train acc: 0.928237, train avg acc: 0.887629
Test epoch 102, loss: 1.940080, test acc: 0.903160, test avg acc: 0.859797
Train epoch 103, loss: 1.960135, train acc: 0.928644, train avg acc: 0.887957
Test epoch 103, loss: 1.970737, test acc: 0.895057, test avg acc: 0.855878
Train epoch 104, loss: 1.959037, train acc: 0.929153, train avg acc: 0.888949
Test epoch 104, loss: 1.946556, test acc: 0.908428, test avg acc: 0.871756
Train epoch 105, loss: 1.961686, train acc: 0.928542, train avg acc: 0.888327
Test epoch 105, loss: 1.969138, test acc: 0.899514, test avg acc: 0.856256
Train epoch 106, loss: 1.958568, train acc: 0.927524, train avg acc: 0.885443
Test epoch 106, loss: 1.937497, test acc: 0.904781, test avg acc: 0.873500
Train epoch 107, loss: 1.957568, train acc: 0.928135, train avg acc: 0.890289
Test epoch 107, loss: 1.978422, test acc: 0.888574, test avg acc: 0.859512
Train epoch 108, loss: 1.961962, train acc: 0.925692, train avg acc: 0.882860
Test epoch 108, loss: 1.973264, test acc: 0.902755, test avg acc: 0.855471
Train epoch 109, loss: 1.957160, train acc: 0.927117, train avg acc: 0.888083
Test epoch 109, loss: 1.952928, test acc: 0.907212, test avg acc: 0.852843
Train epoch 110, loss: 1.963914, train acc: 0.926303, train avg acc: 0.886239
Test epoch 110, loss: 1.991093, test acc: 0.890194, test avg acc: 0.861494
Train epoch 111, loss: 1.959373, train acc: 0.929051, train avg acc: 0.888424
Test epoch 111, loss: 1.962845, test acc: 0.908023, test avg acc: 0.839174
Train epoch 112, loss: 1.964026, train acc: 0.926405, train avg acc: 0.884027
Test epoch 112, loss: 1.938890, test acc: 0.902755, test avg acc: 0.867174
Train epoch 113, loss: 1.950539, train acc: 0.931698, train avg acc: 0.895291
Test epoch 113, loss: 1.962491, test acc: 0.903566, test avg acc: 0.864669
Train epoch 114, loss: 1.969991, train acc: 0.923453, train avg acc: 0.878446
Test epoch 114, loss: 1.943943, test acc: 0.908833, test avg acc: 0.870703
Train epoch 115, loss: 1.951961, train acc: 0.931087, train avg acc: 0.892873
Test epoch 115, loss: 1.995947, test acc: 0.888979, test avg acc: 0.864413
Train epoch 116, loss: 1.954781, train acc: 0.928033, train avg acc: 0.890078
Test epoch 116, loss: 1.952582, test acc: 0.909238, test avg acc: 0.856802
Train epoch 117, loss: 1.957485, train acc: 0.927117, train avg acc: 0.885432
Test epoch 117, loss: 1.976758, test acc: 0.897083, test avg acc: 0.860994
Train epoch 118, loss: 1.958206, train acc: 0.926914, train avg acc: 0.887374
Test epoch 118, loss: 1.947373, test acc: 0.904781, test avg acc: 0.865628
Train epoch 119, loss: 1.953155, train acc: 0.931189, train avg acc: 0.893661
Test epoch 119, loss: 1.962890, test acc: 0.909643, test avg acc: 0.859779
Train epoch 120, loss: 1.956485, train acc: 0.929051, train avg acc: 0.888068
Test epoch 120, loss: 1.950908, test acc: 0.910454, test avg acc: 0.862837
Train epoch 121, loss: 1.948589, train acc: 0.933327, train avg acc: 0.895501
Test epoch 121, loss: 1.953301, test acc: 0.899109, test avg acc: 0.863645
Train epoch 122, loss: 1.945064, train acc: 0.937602, train avg acc: 0.903603
Test epoch 122, loss: 1.982336, test acc: 0.908833, test avg acc: 0.851663
Train epoch 123, loss: 1.950801, train acc: 0.933021, train avg acc: 0.895490
Test epoch 123, loss: 1.940873, test acc: 0.912480, test avg acc: 0.861587
Train epoch 124, loss: 1.950143, train acc: 0.932512, train avg acc: 0.896565
Test epoch 124, loss: 1.923715, test acc: 0.925851, test avg acc: 0.888407
Train epoch 125, loss: 1.950469, train acc: 0.933836, train avg acc: 0.896153
Test epoch 125, loss: 2.017741, test acc: 0.894246, test avg acc: 0.860506
Train epoch 126, loss: 1.947935, train acc: 0.935566, train avg acc: 0.898626
Test epoch 126, loss: 1.970553, test acc: 0.895867, test avg acc: 0.858808
Train epoch 127, loss: 1.948092, train acc: 0.933021, train avg acc: 0.896337
Test epoch 127, loss: 1.956521, test acc: 0.906402, test avg acc: 0.845209
Train epoch 128, loss: 1.946009, train acc: 0.936482, train avg acc: 0.903951
Test epoch 128, loss: 1.945945, test acc: 0.899919, test avg acc: 0.867215
Train epoch 129, loss: 1.952517, train acc: 0.930171, train avg acc: 0.886554
Test epoch 129, loss: 1.968495, test acc: 0.901540, test avg acc: 0.862843
Train epoch 130, loss: 1.945754, train acc: 0.936279, train avg acc: 0.901297
Test epoch 130, loss: 1.954156, test acc: 0.906402, test avg acc: 0.856163
Train epoch 131, loss: 1.948457, train acc: 0.933327, train avg acc: 0.897109
Test epoch 131, loss: 1.956893, test acc: 0.896677, test avg acc: 0.849145
Train epoch 132, loss: 1.947210, train acc: 0.937296, train avg acc: 0.902665
Test epoch 132, loss: 1.997346, test acc: 0.911264, test avg acc: 0.871971
Train epoch 133, loss: 1.941065, train acc: 0.937296, train avg acc: 0.902990
Test epoch 133, loss: 1.965261, test acc: 0.907618, test avg acc: 0.861890
Train epoch 134, loss: 1.942338, train acc: 0.938213, train avg acc: 0.904726
Test epoch 134, loss: 1.957658, test acc: 0.893841, test avg acc: 0.855849
Train epoch 135, loss: 1.933872, train acc: 0.940656, train avg acc: 0.906596
Test epoch 135, loss: 2.000819, test acc: 0.889384, test avg acc: 0.851267
Train epoch 136, loss: 1.944408, train acc: 0.935566, train avg acc: 0.899472
Test epoch 136, loss: 1.968980, test acc: 0.905592, test avg acc: 0.861547
Train epoch 137, loss: 1.945009, train acc: 0.935770, train avg acc: 0.902724
Test epoch 137, loss: 1.946978, test acc: 0.910049, test avg acc: 0.876058
Train epoch 138, loss: 1.944048, train acc: 0.933632, train avg acc: 0.896507
Test epoch 138, loss: 1.971115, test acc: 0.895867, test avg acc: 0.874814
Train epoch 139, loss: 1.940973, train acc: 0.936991, train avg acc: 0.903237
Test epoch 139, loss: 1.922469, test acc: 0.908833, test avg acc: 0.858541
Train epoch 140, loss: 1.940271, train acc: 0.937602, train avg acc: 0.902091
Test epoch 140, loss: 1.918937, test acc: 0.913695, test avg acc: 0.880453
Train epoch 141, loss: 1.944101, train acc: 0.933632, train avg acc: 0.896811
Test epoch 141, loss: 1.978097, test acc: 0.894652, test avg acc: 0.861064
Train epoch 142, loss: 1.944598, train acc: 0.936889, train avg acc: 0.902696
Test epoch 142, loss: 2.021651, test acc: 0.889384, test avg acc: 0.865913
Train epoch 143, loss: 1.939826, train acc: 0.937602, train avg acc: 0.902927
Test epoch 143, loss: 1.950732, test acc: 0.904376, test avg acc: 0.862703
Train epoch 144, loss: 1.935736, train acc: 0.938823, train avg acc: 0.903646
Test epoch 144, loss: 1.949416, test acc: 0.907212, test avg acc: 0.865965
Train epoch 145, loss: 1.940120, train acc: 0.937805, train avg acc: 0.901849
Test epoch 145, loss: 1.948296, test acc: 0.905186, test avg acc: 0.853047
Train epoch 146, loss: 1.948841, train acc: 0.931596, train avg acc: 0.896111
Test epoch 146, loss: 1.970682, test acc: 0.891815, test avg acc: 0.846209
Train epoch 147, loss: 1.937068, train acc: 0.939943, train avg acc: 0.905990
Test epoch 147, loss: 1.969714, test acc: 0.895462, test avg acc: 0.867337
Train epoch 148, loss: 1.934800, train acc: 0.939129, train avg acc: 0.904085
Test epoch 148, loss: 1.974582, test acc: 0.902755, test avg acc: 0.869640
Train epoch 149, loss: 1.937009, train acc: 0.939739, train avg acc: 0.907148
Test epoch 149, loss: 1.947050, test acc: 0.908428, test avg acc: 0.874471
Train epoch 150, loss: 1.936203, train acc: 0.943607, train avg acc: 0.912325
Test epoch 150, loss: 1.920132, test acc: 0.914506, test avg acc: 0.860791
Train epoch 151, loss: 1.936736, train acc: 0.938518, train avg acc: 0.902889
Test epoch 151, loss: 1.941775, test acc: 0.912075, test avg acc: 0.862087
Train epoch 152, loss: 1.935699, train acc: 0.941470, train avg acc: 0.911045
Test epoch 152, loss: 1.964554, test acc: 0.899109, test avg acc: 0.862081
Train epoch 153, loss: 1.938510, train acc: 0.938009, train avg acc: 0.902633
Test epoch 153, loss: 1.945282, test acc: 0.903160, test avg acc: 0.867547
Train epoch 154, loss: 1.933567, train acc: 0.942284, train avg acc: 0.909742
Test epoch 154, loss: 1.934032, test acc: 0.918152, test avg acc: 0.874994
Train epoch 155, loss: 1.930703, train acc: 0.943607, train avg acc: 0.912542
Test epoch 155, loss: 1.949689, test acc: 0.895867, test avg acc: 0.860959
Train epoch 156, loss: 1.930975, train acc: 0.940656, train avg acc: 0.907756
Test epoch 156, loss: 2.042891, test acc: 0.893031, test avg acc: 0.841529
Train epoch 157, loss: 1.929047, train acc: 0.943709, train avg acc: 0.914175
Test epoch 157, loss: 1.941316, test acc: 0.907212, test avg acc: 0.872506
Train epoch 158, loss: 1.934180, train acc: 0.941063, train avg acc: 0.909880
Test epoch 158, loss: 1.973472, test acc: 0.895057, test avg acc: 0.878953
Train epoch 159, loss: 1.928068, train acc: 0.939332, train avg acc: 0.906617
Test epoch 159, loss: 1.935190, test acc: 0.909238, test avg acc: 0.871959
Train epoch 160, loss: 1.928020, train acc: 0.943913, train avg acc: 0.912997
Test epoch 160, loss: 1.945204, test acc: 0.901540, test avg acc: 0.871163
Train epoch 161, loss: 1.939419, train acc: 0.938721, train avg acc: 0.906918
Test epoch 161, loss: 1.942777, test acc: 0.916532, test avg acc: 0.871622
Train epoch 162, loss: 1.933128, train acc: 0.940757, train avg acc: 0.907491
Test epoch 162, loss: 1.963365, test acc: 0.909643, test avg acc: 0.859203
Train epoch 163, loss: 1.933934, train acc: 0.939638, train avg acc: 0.904862
Test epoch 163, loss: 1.934274, test acc: 0.913695, test avg acc: 0.869128
Train epoch 164, loss: 1.929841, train acc: 0.942488, train avg acc: 0.907692
Test epoch 164, loss: 1.939406, test acc: 0.908428, test avg acc: 0.860628
Train epoch 165, loss: 1.921621, train acc: 0.946254, train avg acc: 0.916703
Test epoch 165, loss: 1.920747, test acc: 0.912885, test avg acc: 0.873087
Train epoch 166, loss: 1.929735, train acc: 0.941164, train avg acc: 0.905341
Test epoch 166, loss: 1.947575, test acc: 0.905997, test avg acc: 0.869913
Train epoch 167, loss: 1.931624, train acc: 0.940045, train avg acc: 0.906524
Test epoch 167, loss: 1.980769, test acc: 0.905592, test avg acc: 0.881802
Train epoch 168, loss: 1.928349, train acc: 0.941979, train avg acc: 0.912057
Test epoch 168, loss: 1.938299, test acc: 0.901135, test avg acc: 0.861453
Train epoch 169, loss: 1.926639, train acc: 0.944116, train avg acc: 0.915333
Test epoch 169, loss: 1.961258, test acc: 0.895462, test avg acc: 0.846767
Train epoch 170, loss: 1.925325, train acc: 0.945134, train avg acc: 0.917167
Test epoch 170, loss: 1.921545, test acc: 0.916937, test avg acc: 0.886494
Train epoch 171, loss: 1.927311, train acc: 0.941775, train avg acc: 0.910361
Test epoch 171, loss: 1.962917, test acc: 0.904376, test avg acc: 0.855674
Train epoch 172, loss: 1.928291, train acc: 0.943811, train avg acc: 0.912126
Test epoch 172, loss: 1.924966, test acc: 0.913290, test avg acc: 0.874337
Train epoch 173, loss: 1.924067, train acc: 0.945236, train avg acc: 0.915244
Test epoch 173, loss: 1.932668, test acc: 0.912075, test avg acc: 0.877291
Train epoch 174, loss: 1.921774, train acc: 0.945847, train avg acc: 0.917120
Test epoch 174, loss: 1.928674, test acc: 0.903160, test avg acc: 0.869477
Train epoch 175, loss: 1.928145, train acc: 0.942386, train avg acc: 0.910563
Test epoch 175, loss: 1.926793, test acc: 0.908833, test avg acc: 0.873372
Train epoch 176, loss: 1.927801, train acc: 0.943200, train avg acc: 0.913507
Test epoch 176, loss: 1.946435, test acc: 0.906807, test avg acc: 0.858174
Train epoch 177, loss: 1.928812, train acc: 0.942895, train avg acc: 0.910867
Test epoch 177, loss: 1.957302, test acc: 0.907212, test avg acc: 0.873291
Train epoch 178, loss: 1.927316, train acc: 0.942590, train avg acc: 0.911559
Test epoch 178, loss: 1.992645, test acc: 0.907618, test avg acc: 0.870256
Train epoch 179, loss: 1.931182, train acc: 0.942895, train avg acc: 0.908085
Test epoch 179, loss: 1.917884, test acc: 0.917342, test avg acc: 0.883878
Train epoch 180, loss: 1.917624, train acc: 0.949206, train avg acc: 0.920183
Test epoch 180, loss: 1.927487, test acc: 0.914100, test avg acc: 0.873256
Train epoch 181, loss: 1.925622, train acc: 0.943607, train avg acc: 0.912963
Test epoch 181, loss: 1.939056, test acc: 0.914911, test avg acc: 0.886971
Train epoch 182, loss: 1.921989, train acc: 0.946050, train avg acc: 0.915919
Test epoch 182, loss: 1.945270, test acc: 0.907212, test avg acc: 0.864523
Train epoch 183, loss: 1.921273, train acc: 0.943302, train avg acc: 0.912492
Test epoch 183, loss: 1.946890, test acc: 0.899514, test avg acc: 0.864180
Train epoch 184, loss: 1.918756, train acc: 0.944625, train avg acc: 0.916603
Test epoch 184, loss: 1.922085, test acc: 0.913290, test avg acc: 0.866919
Train epoch 185, loss: 1.918362, train acc: 0.946661, train avg acc: 0.914315
Test epoch 185, loss: 1.927501, test acc: 0.913290, test avg acc: 0.887337
Train epoch 186, loss: 1.915166, train acc: 0.948901, train avg acc: 0.921697
Test epoch 186, loss: 1.936670, test acc: 0.902755, test avg acc: 0.867686
Train epoch 187, loss: 1.919424, train acc: 0.945745, train avg acc: 0.914626
Test epoch 187, loss: 1.971087, test acc: 0.889384, test avg acc: 0.871419
Train epoch 188, loss: 1.920097, train acc: 0.947374, train avg acc: 0.920994
Test epoch 188, loss: 1.949289, test acc: 0.897893, test avg acc: 0.858709
Train epoch 189, loss: 1.919396, train acc: 0.948290, train avg acc: 0.919534
Test epoch 189, loss: 1.967960, test acc: 0.911264, test avg acc: 0.868052
Train epoch 190, loss: 1.920075, train acc: 0.947883, train avg acc: 0.917852
Test epoch 190, loss: 1.931202, test acc: 0.901540, test avg acc: 0.872453
Train epoch 191, loss: 1.919663, train acc: 0.945134, train avg acc: 0.915394
Test epoch 191, loss: 1.945132, test acc: 0.898298, test avg acc: 0.860791
Train epoch 192, loss: 1.921399, train acc: 0.943811, train avg acc: 0.912676
Test epoch 192, loss: 1.927905, test acc: 0.912885, test avg acc: 0.883465
Train epoch 193, loss: 1.913379, train acc: 0.950936, train avg acc: 0.922526
Test epoch 193, loss: 1.940753, test acc: 0.907212, test avg acc: 0.875593
Train epoch 194, loss: 1.918671, train acc: 0.943506, train avg acc: 0.914161
Test epoch 194, loss: 1.913454, test acc: 0.917747, test avg acc: 0.878093
Train epoch 195, loss: 1.915847, train acc: 0.947985, train avg acc: 0.918974
Test epoch 195, loss: 1.945983, test acc: 0.901945, test avg acc: 0.871971
Train epoch 196, loss: 1.910459, train acc: 0.951140, train avg acc: 0.922184
Test epoch 196, loss: 1.937071, test acc: 0.902755, test avg acc: 0.874076
Train epoch 197, loss: 1.918290, train acc: 0.944727, train avg acc: 0.915178
Test epoch 197, loss: 1.924453, test acc: 0.910049, test avg acc: 0.878907
Train epoch 198, loss: 1.916180, train acc: 0.946356, train avg acc: 0.915217
Test epoch 198, loss: 1.926873, test acc: 0.913290, test avg acc: 0.879390
Train epoch 199, loss: 1.920526, train acc: 0.944727, train avg acc: 0.914278
Test epoch 199, loss: 1.924379, test acc: 0.901135, test avg acc: 0.858663
Train epoch 200, loss: 1.914652, train acc: 0.946356, train avg acc: 0.916242
Test epoch 200, loss: 1.919310, test acc: 0.914911, test avg acc: 0.874407
Train epoch 201, loss: 1.912545, train acc: 0.948799, train avg acc: 0.920457
Test epoch 201, loss: 1.918746, test acc: 0.909643, test avg acc: 0.868209
Train epoch 202, loss: 1.911613, train acc: 0.949715, train avg acc: 0.922310
Test epoch 202, loss: 1.925857, test acc: 0.906807, test avg acc: 0.869250
Train epoch 203, loss: 1.906469, train acc: 0.951344, train avg acc: 0.924989
Test epoch 203, loss: 1.936050, test acc: 0.905997, test avg acc: 0.873424
Train epoch 204, loss: 1.911710, train acc: 0.947476, train avg acc: 0.919603
Test epoch 204, loss: 1.945026, test acc: 0.895462, test avg acc: 0.868657
Train epoch 205, loss: 1.912694, train acc: 0.949919, train avg acc: 0.919949
Test epoch 205, loss: 1.918319, test acc: 0.914506, test avg acc: 0.872209
Train epoch 206, loss: 1.910856, train acc: 0.951344, train avg acc: 0.921235
Test epoch 206, loss: 1.923302, test acc: 0.914100, test avg acc: 0.883744
Train epoch 207, loss: 1.911476, train acc: 0.950631, train avg acc: 0.925676
Test epoch 207, loss: 1.917629, test acc: 0.914100, test avg acc: 0.888459
Train epoch 208, loss: 1.904542, train acc: 0.953888, train avg acc: 0.928056
Test epoch 208, loss: 1.980697, test acc: 0.894246, test avg acc: 0.856093
Train epoch 209, loss: 1.914798, train acc: 0.945949, train avg acc: 0.915098
Test epoch 209, loss: 1.937035, test acc: 0.909238, test avg acc: 0.883424
Train epoch 210, loss: 1.908757, train acc: 0.950224, train avg acc: 0.924247
Test epoch 210, loss: 1.937792, test acc: 0.909643, test avg acc: 0.873843
Train epoch 211, loss: 1.911213, train acc: 0.949715, train avg acc: 0.920615
Test epoch 211, loss: 1.919487, test acc: 0.905186, test avg acc: 0.854041
Train epoch 212, loss: 1.909012, train acc: 0.951242, train avg acc: 0.922932
Test epoch 212, loss: 1.920639, test acc: 0.911264, test avg acc: 0.870291
Train epoch 213, loss: 1.905135, train acc: 0.953888, train avg acc: 0.926737
Test epoch 213, loss: 1.924919, test acc: 0.908023, test avg acc: 0.879709
Train epoch 214, loss: 1.905351, train acc: 0.950733, train avg acc: 0.923793
Test epoch 214, loss: 1.929275, test acc: 0.901135, test avg acc: 0.868837
Train epoch 215, loss: 1.910450, train acc: 0.952260, train avg acc: 0.926190
Test epoch 215, loss: 1.921686, test acc: 0.918558, test avg acc: 0.873965
Train epoch 216, loss: 1.905600, train acc: 0.952158, train avg acc: 0.924713
Test epoch 216, loss: 1.931079, test acc: 0.906807, test avg acc: 0.877291
Train epoch 217, loss: 1.901573, train acc: 0.957858, train avg acc: 0.938078
Test epoch 217, loss: 1.948661, test acc: 0.897488, test avg acc: 0.861930
Train epoch 218, loss: 1.906345, train acc: 0.951445, train avg acc: 0.926018
Test epoch 218, loss: 1.954099, test acc: 0.896272, test avg acc: 0.852267
Train epoch 219, loss: 1.902714, train acc: 0.953990, train avg acc: 0.930305
Test epoch 219, loss: 1.946811, test acc: 0.897083, test avg acc: 0.864023
Train epoch 220, loss: 1.904364, train acc: 0.952871, train avg acc: 0.924169
Test epoch 220, loss: 1.929063, test acc: 0.907618, test avg acc: 0.864343
Train epoch 221, loss: 1.901947, train acc: 0.955212, train avg acc: 0.929858
Test epoch 221, loss: 1.912328, test acc: 0.912075, test avg acc: 0.876372
Train epoch 222, loss: 1.894143, train acc: 0.957960, train avg acc: 0.937341
Test epoch 222, loss: 1.931586, test acc: 0.912885, test avg acc: 0.882122
Train epoch 223, loss: 1.908815, train acc: 0.949817, train avg acc: 0.921835
Test epoch 223, loss: 1.913936, test acc: 0.910859, test avg acc: 0.878291
Train epoch 224, loss: 1.903071, train acc: 0.954296, train avg acc: 0.930577
Test epoch 224, loss: 1.927108, test acc: 0.910454, test avg acc: 0.869087
Train epoch 225, loss: 1.901635, train acc: 0.954805, train avg acc: 0.928387
Test epoch 225, loss: 1.923021, test acc: 0.912075, test avg acc: 0.875413
Train epoch 226, loss: 1.906868, train acc: 0.952056, train avg acc: 0.929392
Test epoch 226, loss: 1.921648, test acc: 0.915721, test avg acc: 0.873244
Train epoch 227, loss: 1.899323, train acc: 0.955517, train avg acc: 0.930957
Test epoch 227, loss: 1.953367, test acc: 0.917342, test avg acc: 0.894535
Train epoch 228, loss: 1.899904, train acc: 0.956331, train avg acc: 0.933432
Test epoch 228, loss: 1.939290, test acc: 0.904781, test avg acc: 0.875337
Train epoch 229, loss: 1.906035, train acc: 0.951853, train avg acc: 0.927056
Test epoch 229, loss: 1.923651, test acc: 0.910859, test avg acc: 0.866797
Train epoch 230, loss: 1.892125, train acc: 0.960607, train avg acc: 0.938602
Test epoch 230, loss: 1.924850, test acc: 0.906807, test avg acc: 0.874953
Train epoch 231, loss: 1.898752, train acc: 0.956942, train avg acc: 0.932595
Test epoch 231, loss: 1.930349, test acc: 0.905592, test avg acc: 0.880244
Train epoch 232, loss: 1.902403, train acc: 0.954499, train avg acc: 0.928481
Test epoch 232, loss: 1.921114, test acc: 0.917342, test avg acc: 0.875948
Train epoch 233, loss: 1.893035, train acc: 0.958774, train avg acc: 0.937199
Test epoch 233, loss: 1.914182, test acc: 0.917747, test avg acc: 0.879331
Train epoch 234, loss: 1.900596, train acc: 0.952056, train avg acc: 0.925886
Test epoch 234, loss: 1.925243, test acc: 0.911264, test avg acc: 0.866372
Train epoch 235, loss: 1.900999, train acc: 0.955822, train avg acc: 0.930346
Test epoch 235, loss: 1.931967, test acc: 0.912075, test avg acc: 0.874122
Train epoch 236, loss: 1.900664, train acc: 0.954296, train avg acc: 0.928395
Test epoch 236, loss: 1.930776, test acc: 0.908833, test avg acc: 0.876384
Train epoch 237, loss: 1.892949, train acc: 0.956128, train avg acc: 0.935139
Test epoch 237, loss: 1.916748, test acc: 0.907212, test avg acc: 0.869657
Train epoch 238, loss: 1.893704, train acc: 0.958876, train avg acc: 0.937715
Test epoch 238, loss: 1.957514, test acc: 0.893436, test avg acc: 0.874622
Train epoch 239, loss: 1.891073, train acc: 0.958774, train avg acc: 0.937009
Test epoch 239, loss: 1.918337, test acc: 0.919773, test avg acc: 0.882703
Train epoch 240, loss: 1.893829, train acc: 0.957248, train avg acc: 0.932371
Test epoch 240, loss: 1.926353, test acc: 0.909643, test avg acc: 0.879041
Train epoch 241, loss: 1.900191, train acc: 0.955110, train avg acc: 0.929429
Test epoch 241, loss: 1.906912, test acc: 0.923420, test avg acc: 0.880581
Train epoch 242, loss: 1.900755, train acc: 0.955008, train avg acc: 0.931668
Test epoch 242, loss: 1.920486, test acc: 0.906807, test avg acc: 0.869035
Train epoch 243, loss: 1.886745, train acc: 0.959080, train avg acc: 0.934385
Test epoch 243, loss: 1.927392, test acc: 0.905997, test avg acc: 0.868378
Train epoch 244, loss: 1.892047, train acc: 0.959283, train avg acc: 0.938052
Test epoch 244, loss: 1.933883, test acc: 0.918152, test avg acc: 0.875047
Train epoch 245, loss: 1.891679, train acc: 0.960403, train avg acc: 0.937951
Test epoch 245, loss: 1.927973, test acc: 0.902350, test avg acc: 0.864407
Train epoch 246, loss: 1.891631, train acc: 0.958571, train avg acc: 0.937371
Test epoch 246, loss: 1.920856, test acc: 0.914100, test avg acc: 0.888657
Train epoch 247, loss: 1.882940, train acc: 0.962439, train avg acc: 0.941656
Test epoch 247, loss: 1.917680, test acc: 0.919368, test avg acc: 0.882285
Train epoch 248, loss: 1.894036, train acc: 0.957553, train avg acc: 0.934526
Test epoch 248, loss: 1.940853, test acc: 0.911264, test avg acc: 0.873535
Train epoch 249, loss: 1.892371, train acc: 0.957757, train avg acc: 0.932944
Test epoch 249, loss: 1.909730, test acc: 0.923015, test avg acc: 0.886081
Train epoch 250, loss: 1.884678, train acc: 0.962032, train avg acc: 0.940304
Test epoch 250, loss: 1.909774, test acc: 0.916126, test avg acc: 0.878244
Train epoch 251, loss: 1.889607, train acc: 0.958978, train avg acc: 0.936863
Test epoch 251, loss: 1.919661, test acc: 0.913290, test avg acc: 0.875326
Train epoch 252, loss: 1.886393, train acc: 0.962337, train avg acc: 0.942263
Test epoch 252, loss: 1.911967, test acc: 0.917747, test avg acc: 0.884174
Train epoch 253, loss: 1.891215, train acc: 0.958164, train avg acc: 0.934918
Test epoch 253, loss: 1.916935, test acc: 0.917747, test avg acc: 0.888209
Train epoch 254, loss: 1.884999, train acc: 0.963050, train avg acc: 0.942124
Test epoch 254, loss: 1.913889, test acc: 0.922204, test avg acc: 0.878076
Train epoch 255, loss: 1.881162, train acc: 0.962948, train avg acc: 0.945214
Test epoch 255, loss: 1.936326, test acc: 0.898703, test avg acc: 0.881006
Train epoch 256, loss: 1.888982, train acc: 0.960301, train avg acc: 0.938627
Test epoch 256, loss: 1.936367, test acc: 0.916937, test avg acc: 0.883209
Train epoch 257, loss: 1.885964, train acc: 0.961421, train avg acc: 0.941505
Test epoch 257, loss: 1.937249, test acc: 0.912885, test avg acc: 0.867203
Train epoch 258, loss: 1.876896, train acc: 0.964068, train avg acc: 0.944668
Test epoch 258, loss: 1.912674, test acc: 0.921394, test avg acc: 0.889209
Train epoch 259, loss: 1.878939, train acc: 0.964271, train avg acc: 0.945886
Test epoch 259, loss: 1.915840, test acc: 0.916126, test avg acc: 0.881866
Train epoch 260, loss: 1.882887, train acc: 0.959996, train avg acc: 0.940237
Test epoch 260, loss: 1.927922, test acc: 0.909643, test avg acc: 0.875866
Train epoch 261, loss: 1.883352, train acc: 0.960607, train avg acc: 0.939533
Test epoch 261, loss: 1.929612, test acc: 0.909643, test avg acc: 0.881174
Train epoch 262, loss: 1.885013, train acc: 0.963050, train avg acc: 0.942412
Test epoch 262, loss: 1.916583, test acc: 0.909643, test avg acc: 0.878407
Train epoch 263, loss: 1.879867, train acc: 0.964678, train avg acc: 0.943914
Test epoch 263, loss: 1.932861, test acc: 0.921799, test avg acc: 0.875826
Train epoch 264, loss: 1.882071, train acc: 0.961014, train avg acc: 0.941946
Test epoch 264, loss: 1.933242, test acc: 0.907618, test avg acc: 0.868924
Train epoch 265, loss: 1.880418, train acc: 0.961217, train avg acc: 0.937961
Test epoch 265, loss: 1.915286, test acc: 0.910859, test avg acc: 0.874953
Train epoch 266, loss: 1.878725, train acc: 0.964882, train avg acc: 0.946124
Test epoch 266, loss: 1.925954, test acc: 0.894652, test avg acc: 0.867703
Train epoch 267, loss: 1.878235, train acc: 0.964169, train avg acc: 0.944656
Test epoch 267, loss: 1.909731, test acc: 0.922609, test avg acc: 0.881407
Train epoch 268, loss: 1.880791, train acc: 0.961625, train avg acc: 0.939700
Test epoch 268, loss: 1.942358, test acc: 0.898703, test avg acc: 0.867453
Train epoch 269, loss: 1.879051, train acc: 0.967427, train avg acc: 0.950056
Test epoch 269, loss: 1.939365, test acc: 0.910049, test avg acc: 0.879831
Train epoch 270, loss: 1.883792, train acc: 0.960607, train avg acc: 0.939952
Test epoch 270, loss: 1.923680, test acc: 0.907618, test avg acc: 0.868535
Train epoch 271, loss: 1.884943, train acc: 0.959385, train avg acc: 0.939175
Test epoch 271, loss: 1.909195, test acc: 0.922204, test avg acc: 0.889000
Train epoch 272, loss: 1.876438, train acc: 0.964678, train avg acc: 0.945372
Test epoch 272, loss: 1.923546, test acc: 0.910049, test avg acc: 0.879872
Train epoch 273, loss: 1.884081, train acc: 0.961523, train avg acc: 0.939653
Test epoch 273, loss: 1.907529, test acc: 0.921394, test avg acc: 0.888291
Train epoch 274, loss: 1.878429, train acc: 0.963151, train avg acc: 0.939613
Test epoch 274, loss: 1.919757, test acc: 0.906807, test avg acc: 0.870372
Train epoch 275, loss: 1.879574, train acc: 0.962337, train avg acc: 0.941792
Test epoch 275, loss: 1.918975, test acc: 0.912075, test avg acc: 0.876698
Train epoch 276, loss: 1.868039, train acc: 0.967020, train avg acc: 0.949785
Test epoch 276, loss: 1.916826, test acc: 0.913695, test avg acc: 0.883907
Train epoch 277, loss: 1.874924, train acc: 0.965391, train avg acc: 0.945567
Test epoch 277, loss: 1.912492, test acc: 0.917342, test avg acc: 0.880988
Train epoch 278, loss: 1.874821, train acc: 0.962846, train avg acc: 0.942991
Test epoch 278, loss: 1.925151, test acc: 0.911669, test avg acc: 0.878581
Train epoch 279, loss: 1.866108, train acc: 0.968954, train avg acc: 0.950300
Test epoch 279, loss: 1.904962, test acc: 0.920989, test avg acc: 0.875372
Train epoch 280, loss: 1.872058, train acc: 0.966714, train avg acc: 0.948055
Test epoch 280, loss: 1.909920, test acc: 0.921799, test avg acc: 0.884674
Train epoch 281, loss: 1.873549, train acc: 0.966205, train avg acc: 0.947766
Test epoch 281, loss: 1.956200, test acc: 0.908833, test avg acc: 0.874791
Train epoch 282, loss: 1.874992, train acc: 0.965086, train avg acc: 0.946101
Test epoch 282, loss: 1.922221, test acc: 0.912075, test avg acc: 0.871919
Train epoch 283, loss: 1.874092, train acc: 0.966612, train avg acc: 0.949596
Test epoch 283, loss: 1.909896, test acc: 0.914911, test avg acc: 0.876983
Train epoch 284, loss: 1.867234, train acc: 0.970786, train avg acc: 0.952237
Test epoch 284, loss: 1.928921, test acc: 0.905186, test avg acc: 0.867512
Train epoch 285, loss: 1.871211, train acc: 0.966103, train avg acc: 0.946436
Test epoch 285, loss: 1.912582, test acc: 0.913290, test avg acc: 0.882500
Train epoch 286, loss: 1.875835, train acc: 0.965187, train avg acc: 0.947870
Test epoch 286, loss: 1.918946, test acc: 0.916126, test avg acc: 0.878494
Train epoch 287, loss: 1.871889, train acc: 0.966511, train avg acc: 0.947738
Test epoch 287, loss: 1.915081, test acc: 0.907212, test avg acc: 0.879169
Train epoch 288, loss: 1.875801, train acc: 0.962948, train avg acc: 0.943853
Test epoch 288, loss: 1.932583, test acc: 0.908833, test avg acc: 0.867785
Train epoch 289, loss: 1.869993, train acc: 0.967325, train avg acc: 0.949934
Test epoch 289, loss: 1.914025, test acc: 0.911669, test avg acc: 0.880337
Train epoch 290, loss: 1.867845, train acc: 0.968241, train avg acc: 0.951356
Test epoch 290, loss: 1.913163, test acc: 0.913695, test avg acc: 0.875965
Train epoch 291, loss: 1.866336, train acc: 0.969463, train avg acc: 0.953300
Test epoch 291, loss: 1.910525, test acc: 0.915721, test avg acc: 0.884953
Train epoch 292, loss: 1.865459, train acc: 0.970073, train avg acc: 0.954957
Test epoch 292, loss: 1.925821, test acc: 0.913695, test avg acc: 0.887413
Train epoch 293, loss: 1.865355, train acc: 0.970379, train avg acc: 0.954456
Test epoch 293, loss: 1.932228, test acc: 0.899919, test avg acc: 0.873872
Train epoch 294, loss: 1.859290, train acc: 0.975468, train avg acc: 0.960094
Test epoch 294, loss: 1.912211, test acc: 0.914100, test avg acc: 0.871000
Train epoch 295, loss: 1.867737, train acc: 0.966511, train avg acc: 0.947639
Test epoch 295, loss: 1.904798, test acc: 0.923015, test avg acc: 0.896785
Train epoch 296, loss: 1.861061, train acc: 0.970888, train avg acc: 0.954110
Test epoch 296, loss: 1.893587, test acc: 0.920989, test avg acc: 0.888250
Train epoch 297, loss: 1.859745, train acc: 0.973025, train avg acc: 0.956700
Test epoch 297, loss: 1.915272, test acc: 0.912075, test avg acc: 0.890541
Train epoch 298, loss: 1.859443, train acc: 0.971397, train avg acc: 0.954517
Test epoch 298, loss: 1.910441, test acc: 0.918558, test avg acc: 0.881744
Train epoch 299, loss: 1.861538, train acc: 0.969768, train avg acc: 0.954978
Test epoch 299, loss: 1.921846, test acc: 0.906402, test avg acc: 0.872576
Train epoch 300, loss: 1.861943, train acc: 0.970888, train avg acc: 0.953481
Test epoch 300, loss: 1.901109, test acc: 0.916532, test avg acc: 0.884977
Train epoch 301, loss: 1.864905, train acc: 0.970175, train avg acc: 0.953804
Test epoch 301, loss: 1.913977, test acc: 0.907212, test avg acc: 0.881291
Train epoch 302, loss: 1.855769, train acc: 0.973738, train avg acc: 0.958798
Test epoch 302, loss: 1.905963, test acc: 0.911669, test avg acc: 0.878797
Train epoch 303, loss: 1.863819, train acc: 0.968241, train avg acc: 0.951733
Test epoch 303, loss: 1.903558, test acc: 0.917747, test avg acc: 0.881012
Train epoch 304, loss: 1.868203, train acc: 0.967630, train avg acc: 0.950147
Test epoch 304, loss: 1.905851, test acc: 0.920583, test avg acc: 0.891872
Train epoch 305, loss: 1.863640, train acc: 0.969870, train avg acc: 0.952957
Test epoch 305, loss: 1.911924, test acc: 0.914100, test avg acc: 0.880587
Train epoch 306, loss: 1.856942, train acc: 0.972618, train avg acc: 0.956744
Test epoch 306, loss: 1.935575, test acc: 0.910049, test avg acc: 0.877994
Train epoch 307, loss: 1.861896, train acc: 0.970684, train avg acc: 0.954409
Test epoch 307, loss: 1.909549, test acc: 0.916937, test avg acc: 0.876291
Train epoch 308, loss: 1.859256, train acc: 0.970786, train avg acc: 0.953931
Test epoch 308, loss: 1.906740, test acc: 0.914911, test avg acc: 0.884866
Train epoch 309, loss: 1.862455, train acc: 0.971397, train avg acc: 0.955202
Test epoch 309, loss: 1.893411, test acc: 0.924635, test avg acc: 0.891494
Train epoch 310, loss: 1.857425, train acc: 0.973738, train avg acc: 0.959738
Test epoch 310, loss: 1.922334, test acc: 0.915721, test avg acc: 0.885785
Train epoch 311, loss: 1.854672, train acc: 0.973840, train avg acc: 0.960250
Test epoch 311, loss: 1.896028, test acc: 0.924230, test avg acc: 0.884122
Train epoch 312, loss: 1.851789, train acc: 0.974349, train avg acc: 0.958882
Test epoch 312, loss: 1.912630, test acc: 0.919368, test avg acc: 0.891372
Train epoch 313, loss: 1.850729, train acc: 0.974959, train avg acc: 0.959380
Test epoch 313, loss: 1.922821, test acc: 0.914100, test avg acc: 0.887326
Train epoch 314, loss: 1.854955, train acc: 0.973738, train avg acc: 0.958857
Test epoch 314, loss: 1.898853, test acc: 0.920989, test avg acc: 0.889831
Train epoch 315, loss: 1.855341, train acc: 0.971295, train avg acc: 0.957121
Test epoch 315, loss: 1.924871, test acc: 0.905997, test avg acc: 0.871331
Train epoch 316, loss: 1.859539, train acc: 0.970888, train avg acc: 0.955419
Test epoch 316, loss: 1.931937, test acc: 0.899514, test avg acc: 0.870302
Train epoch 317, loss: 1.855720, train acc: 0.972822, train avg acc: 0.957303
Test epoch 317, loss: 1.940511, test acc: 0.904376, test avg acc: 0.883244
Train epoch 318, loss: 1.855643, train acc: 0.971804, train avg acc: 0.955382
Test epoch 318, loss: 1.902023, test acc: 0.915316, test avg acc: 0.876453
Train epoch 319, loss: 1.849984, train acc: 0.972720, train avg acc: 0.958024
Test epoch 319, loss: 1.923018, test acc: 0.912075, test avg acc: 0.878907
Train epoch 320, loss: 1.853292, train acc: 0.974959, train avg acc: 0.961279
Test epoch 320, loss: 1.895577, test acc: 0.918152, test avg acc: 0.886628
Train epoch 321, loss: 1.852715, train acc: 0.973331, train avg acc: 0.957819
Test epoch 321, loss: 1.894927, test acc: 0.924230, test avg acc: 0.878913
Train epoch 322, loss: 1.853880, train acc: 0.972414, train avg acc: 0.958236
Test epoch 322, loss: 1.888938, test acc: 0.931118, test avg acc: 0.890866
Train epoch 323, loss: 1.842233, train acc: 0.978624, train avg acc: 0.968171
Test epoch 323, loss: 1.904762, test acc: 0.916126, test avg acc: 0.889913
Train epoch 324, loss: 1.850356, train acc: 0.975468, train avg acc: 0.963067
Test epoch 324, loss: 1.899487, test acc: 0.918152, test avg acc: 0.880448
Train epoch 325, loss: 1.847787, train acc: 0.974857, train avg acc: 0.961812
Test epoch 325, loss: 1.889577, test acc: 0.921394, test avg acc: 0.891703
Train epoch 326, loss: 1.847443, train acc: 0.974654, train avg acc: 0.959434
Test epoch 326, loss: 1.901326, test acc: 0.920583, test avg acc: 0.880779
Train epoch 327, loss: 1.844212, train acc: 0.978726, train avg acc: 0.965511
Test epoch 327, loss: 1.902056, test acc: 0.912480, test avg acc: 0.870994
Train epoch 328, loss: 1.843896, train acc: 0.977504, train avg acc: 0.964246
Test epoch 328, loss: 1.899307, test acc: 0.923015, test avg acc: 0.884488
Train epoch 329, loss: 1.843986, train acc: 0.977300, train avg acc: 0.967567
Test epoch 329, loss: 1.905462, test acc: 0.924635, test avg acc: 0.897622
Train epoch 330, loss: 1.845858, train acc: 0.976588, train avg acc: 0.963374
Test epoch 330, loss: 1.904790, test acc: 0.916126, test avg acc: 0.890576
Train epoch 331, loss: 1.837823, train acc: 0.982085, train avg acc: 0.972487
Test epoch 331, loss: 1.890210, test acc: 0.926256, test avg acc: 0.887285
Train epoch 332, loss: 1.834248, train acc: 0.981881, train avg acc: 0.972919
Test epoch 332, loss: 1.898325, test acc: 0.922609, test avg acc: 0.890657
Train epoch 333, loss: 1.843357, train acc: 0.977199, train avg acc: 0.962810
Test epoch 333, loss: 1.893606, test acc: 0.923420, test avg acc: 0.889378
Train epoch 334, loss: 1.841227, train acc: 0.976893, train avg acc: 0.964858
Test epoch 334, loss: 1.895849, test acc: 0.919368, test avg acc: 0.880994
Train epoch 335, loss: 1.848159, train acc: 0.977199, train avg acc: 0.964933
Test epoch 335, loss: 1.915412, test acc: 0.914911, test avg acc: 0.877657
Train epoch 336, loss: 1.845238, train acc: 0.976690, train avg acc: 0.963392
Test epoch 336, loss: 1.900975, test acc: 0.913290, test avg acc: 0.878081
Train epoch 337, loss: 1.840240, train acc: 0.978217, train avg acc: 0.966980
Test epoch 337, loss: 1.899295, test acc: 0.917747, test avg acc: 0.884831
Train epoch 338, loss: 1.836668, train acc: 0.979540, train avg acc: 0.969717
Test epoch 338, loss: 1.900264, test acc: 0.918558, test avg acc: 0.880953
Train epoch 339, loss: 1.838383, train acc: 0.980354, train avg acc: 0.970077
Test epoch 339, loss: 1.896345, test acc: 0.921799, test avg acc: 0.895698
Train epoch 340, loss: 1.843592, train acc: 0.976690, train avg acc: 0.964776
Test epoch 340, loss: 1.895480, test acc: 0.921799, test avg acc: 0.890035
Train epoch 341, loss: 1.835683, train acc: 0.980558, train avg acc: 0.969023
Test epoch 341, loss: 1.910736, test acc: 0.914506, test avg acc: 0.874576
Train epoch 342, loss: 1.839899, train acc: 0.979540, train avg acc: 0.966971
Test epoch 342, loss: 1.910761, test acc: 0.914100, test avg acc: 0.871244
Train epoch 343, loss: 1.839156, train acc: 0.978726, train avg acc: 0.969767
Test epoch 343, loss: 1.893546, test acc: 0.918963, test avg acc: 0.884500
Train epoch 344, loss: 1.840146, train acc: 0.979133, train avg acc: 0.967393
Test epoch 344, loss: 1.905853, test acc: 0.915721, test avg acc: 0.891913
Train epoch 345, loss: 1.840060, train acc: 0.978318, train avg acc: 0.966331
Test epoch 345, loss: 1.898393, test acc: 0.919773, test avg acc: 0.893250
Train epoch 346, loss: 1.837091, train acc: 0.978827, train avg acc: 0.966952
Test epoch 346, loss: 1.892733, test acc: 0.922609, test avg acc: 0.885663
Train epoch 347, loss: 1.830325, train acc: 0.984019, train avg acc: 0.975475
Test epoch 347, loss: 1.890373, test acc: 0.925446, test avg acc: 0.888831
Train epoch 348, loss: 1.833593, train acc: 0.981983, train avg acc: 0.971960
Test epoch 348, loss: 1.894783, test acc: 0.918152, test avg acc: 0.877831
Train epoch 349, loss: 1.836214, train acc: 0.979438, train avg acc: 0.967690
Test epoch 349, loss: 1.908701, test acc: 0.913290, test avg acc: 0.884413
Train epoch 350, loss: 1.832015, train acc: 0.982695, train avg acc: 0.973932
Test epoch 350, loss: 1.906617, test acc: 0.920178, test avg acc: 0.891291
Train epoch 351, loss: 1.830710, train acc: 0.982695, train avg acc: 0.974502
Test epoch 351, loss: 1.905306, test acc: 0.920989, test avg acc: 0.890203
Train epoch 352, loss: 1.829842, train acc: 0.982186, train avg acc: 0.973071
Test epoch 352, loss: 1.898003, test acc: 0.922204, test avg acc: 0.880750
Train epoch 353, loss: 1.832471, train acc: 0.980151, train avg acc: 0.968547
Test epoch 353, loss: 1.896642, test acc: 0.921394, test avg acc: 0.886041
Train epoch 354, loss: 1.830202, train acc: 0.981169, train avg acc: 0.970571
Test epoch 354, loss: 1.896388, test acc: 0.920178, test avg acc: 0.885826
Train epoch 355, loss: 1.836584, train acc: 0.978420, train avg acc: 0.965569
Test epoch 355, loss: 1.890664, test acc: 0.922609, test avg acc: 0.889576
Train epoch 356, loss: 1.829491, train acc: 0.981372, train avg acc: 0.969698
Test epoch 356, loss: 1.909810, test acc: 0.909238, test avg acc: 0.880703
Train epoch 357, loss: 1.833422, train acc: 0.981169, train avg acc: 0.971235
Test epoch 357, loss: 1.887871, test acc: 0.923420, test avg acc: 0.886698
Train epoch 358, loss: 1.831869, train acc: 0.981372, train avg acc: 0.971285
Test epoch 358, loss: 1.906964, test acc: 0.913290, test avg acc: 0.884081
Train epoch 359, loss: 1.828024, train acc: 0.982594, train avg acc: 0.973444
Test epoch 359, loss: 1.903778, test acc: 0.918152, test avg acc: 0.887250
Train epoch 360, loss: 1.832423, train acc: 0.980863, train avg acc: 0.969656
Test epoch 360, loss: 1.901733, test acc: 0.914100, test avg acc: 0.881297
Train epoch 361, loss: 1.829285, train acc: 0.981983, train avg acc: 0.972807
Test epoch 361, loss: 1.891724, test acc: 0.916126, test avg acc: 0.878157
Train epoch 362, loss: 1.831877, train acc: 0.983306, train avg acc: 0.973541
Test epoch 362, loss: 1.897728, test acc: 0.921394, test avg acc: 0.887907
Train epoch 363, loss: 1.828262, train acc: 0.983917, train avg acc: 0.973946
Test epoch 363, loss: 1.890932, test acc: 0.918963, test avg acc: 0.891413
Train epoch 364, loss: 1.825977, train acc: 0.983103, train avg acc: 0.975241
Test epoch 364, loss: 1.890215, test acc: 0.918963, test avg acc: 0.885581
Train epoch 365, loss: 1.830206, train acc: 0.983306, train avg acc: 0.974054
Test epoch 365, loss: 1.903108, test acc: 0.916937, test avg acc: 0.894779
Train epoch 366, loss: 1.824822, train acc: 0.984731, train avg acc: 0.975951
Test epoch 366, loss: 1.887971, test acc: 0.920178, test avg acc: 0.878372
Train epoch 367, loss: 1.821342, train acc: 0.985647, train avg acc: 0.977115
Test epoch 367, loss: 1.886773, test acc: 0.924635, test avg acc: 0.891698
Train epoch 368, loss: 1.828326, train acc: 0.983204, train avg acc: 0.973694
Test epoch 368, loss: 1.898725, test acc: 0.914911, test avg acc: 0.876372
Train epoch 369, loss: 1.822286, train acc: 0.985647, train avg acc: 0.976335
Test epoch 369, loss: 1.899488, test acc: 0.917342, test avg acc: 0.883081
Train epoch 370, loss: 1.826273, train acc: 0.982492, train avg acc: 0.974052
Test epoch 370, loss: 1.895029, test acc: 0.919368, test avg acc: 0.886076
Train epoch 371, loss: 1.823226, train acc: 0.984833, train avg acc: 0.976407
Test epoch 371, loss: 1.890025, test acc: 0.922204, test avg acc: 0.889035
Train epoch 372, loss: 1.820186, train acc: 0.985138, train avg acc: 0.976876
Test epoch 372, loss: 1.897810, test acc: 0.916126, test avg acc: 0.880203
Train epoch 373, loss: 1.819566, train acc: 0.986156, train avg acc: 0.977858
Test epoch 373, loss: 1.897817, test acc: 0.919368, test avg acc: 0.891413
Train epoch 374, loss: 1.823595, train acc: 0.985647, train avg acc: 0.979330
Test epoch 374, loss: 1.897111, test acc: 0.921799, test avg acc: 0.883826
Train epoch 375, loss: 1.816433, train acc: 0.986258, train avg acc: 0.979198
Test epoch 375, loss: 1.888376, test acc: 0.924230, test avg acc: 0.886244
Train epoch 376, loss: 1.822488, train acc: 0.984833, train avg acc: 0.976604
Test epoch 376, loss: 1.906992, test acc: 0.916532, test avg acc: 0.891843
Train epoch 377, loss: 1.816769, train acc: 0.988498, train avg acc: 0.982577
Test epoch 377, loss: 1.886879, test acc: 0.919368, test avg acc: 0.885244
Train epoch 378, loss: 1.821598, train acc: 0.985037, train avg acc: 0.977573
Test epoch 378, loss: 1.887540, test acc: 0.922609, test avg acc: 0.881035
Train epoch 379, loss: 1.815263, train acc: 0.987989, train avg acc: 0.981800
Test epoch 379, loss: 1.892920, test acc: 0.920583, test avg acc: 0.899994
Train epoch 380, loss: 1.827537, train acc: 0.983306, train avg acc: 0.975103
Test epoch 380, loss: 1.886765, test acc: 0.926661, test avg acc: 0.891070
Train epoch 381, loss: 1.817772, train acc: 0.985749, train avg acc: 0.978864
Test epoch 381, loss: 1.883854, test acc: 0.923015, test avg acc: 0.888535
Train epoch 382, loss: 1.823303, train acc: 0.983713, train avg acc: 0.975721
Test epoch 382, loss: 1.898532, test acc: 0.922609, test avg acc: 0.882169
Train epoch 383, loss: 1.819805, train acc: 0.985138, train avg acc: 0.977777
Test epoch 383, loss: 1.890959, test acc: 0.923015, test avg acc: 0.890826
Train epoch 384, loss: 1.819306, train acc: 0.985546, train avg acc: 0.978304
Test epoch 384, loss: 1.899181, test acc: 0.927066, test avg acc: 0.897953
Train epoch 385, loss: 1.813449, train acc: 0.988396, train avg acc: 0.984100
Test epoch 385, loss: 1.884519, test acc: 0.925041, test avg acc: 0.887198
Train epoch 386, loss: 1.819732, train acc: 0.985240, train avg acc: 0.977340
Test epoch 386, loss: 1.881654, test acc: 0.925446, test avg acc: 0.887285
Train epoch 387, loss: 1.810619, train acc: 0.989617, train avg acc: 0.983059
Test epoch 387, loss: 1.892733, test acc: 0.922609, test avg acc: 0.890041
Train epoch 388, loss: 1.808659, train acc: 0.990024, train avg acc: 0.985042
Test epoch 388, loss: 1.887540, test acc: 0.923015, test avg acc: 0.889826
Train epoch 389, loss: 1.815919, train acc: 0.987480, train avg acc: 0.981440
Test epoch 389, loss: 1.891781, test acc: 0.918963, test avg acc: 0.891163
Train epoch 390, loss: 1.819314, train acc: 0.985342, train avg acc: 0.978720
Test epoch 390, loss: 1.892594, test acc: 0.918963, test avg acc: 0.888581
Train epoch 391, loss: 1.818300, train acc: 0.985138, train avg acc: 0.977302
Test epoch 391, loss: 1.891977, test acc: 0.923825, test avg acc: 0.891244
Train epoch 392, loss: 1.815070, train acc: 0.988599, train avg acc: 0.981843
Test epoch 392, loss: 1.885719, test acc: 0.925446, test avg acc: 0.900285
Train epoch 393, loss: 1.815514, train acc: 0.987072, train avg acc: 0.981595
Test epoch 393, loss: 1.885575, test acc: 0.923015, test avg acc: 0.888453
Train epoch 394, loss: 1.812772, train acc: 0.989210, train avg acc: 0.983304
Test epoch 394, loss: 1.888847, test acc: 0.925041, test avg acc: 0.898035
Train epoch 395, loss: 1.813466, train acc: 0.986869, train avg acc: 0.980040
Test epoch 395, loss: 1.888579, test acc: 0.919773, test avg acc: 0.882581
Train epoch 396, loss: 1.813798, train acc: 0.987785, train avg acc: 0.981700
Test epoch 396, loss: 1.882133, test acc: 0.921799, test avg acc: 0.893866
Train epoch 397, loss: 1.811803, train acc: 0.988701, train avg acc: 0.983567
Test epoch 397, loss: 1.884069, test acc: 0.923420, test avg acc: 0.891285
Train epoch 398, loss: 1.808577, train acc: 0.989923, train avg acc: 0.984002
Test epoch 398, loss: 1.891051, test acc: 0.917342, test avg acc: 0.882285
Train epoch 399, loss: 1.806020, train acc: 0.990941, train avg acc: 0.986815
Test epoch 399, loss: 1.885208, test acc: 0.926256, test avg acc: 0.892663
Train epoch 400, loss: 1.809083, train acc: 0.989108, train avg acc: 0.983251
Test epoch 400, loss: 1.886623, test acc: 0.920989, test avg acc: 0.893163
Train epoch 401, loss: 1.810835, train acc: 0.987785, train avg acc: 0.981296
Test epoch 401, loss: 1.885917, test acc: 0.917342, test avg acc: 0.887791
Train epoch 402, loss: 1.808009, train acc: 0.989719, train avg acc: 0.984197
Test epoch 402, loss: 1.890217, test acc: 0.922609, test avg acc: 0.889326
Train epoch 403, loss: 1.808290, train acc: 0.989108, train avg acc: 0.983285
Test epoch 403, loss: 1.880732, test acc: 0.923420, test avg acc: 0.892541
Train epoch 404, loss: 1.810514, train acc: 0.987989, train avg acc: 0.981591
Test epoch 404, loss: 1.878955, test acc: 0.930308, test avg acc: 0.898448
Train epoch 405, loss: 1.811117, train acc: 0.989007, train avg acc: 0.983474
Test epoch 405, loss: 1.881381, test acc: 0.927472, test avg acc: 0.896407
Train epoch 406, loss: 1.807701, train acc: 0.989414, train avg acc: 0.984525
Test epoch 406, loss: 1.880395, test acc: 0.923420, test avg acc: 0.886785
Train epoch 407, loss: 1.806912, train acc: 0.988905, train avg acc: 0.981869
Test epoch 407, loss: 1.878796, test acc: 0.926256, test avg acc: 0.895785
Train epoch 408, loss: 1.806203, train acc: 0.990432, train avg acc: 0.985047
Test epoch 408, loss: 1.886224, test acc: 0.923420, test avg acc: 0.894953
Train epoch 409, loss: 1.807262, train acc: 0.989108, train avg acc: 0.983576
Test epoch 409, loss: 1.888342, test acc: 0.918558, test avg acc: 0.888029
Train epoch 410, loss: 1.809733, train acc: 0.986971, train avg acc: 0.979482
Test epoch 410, loss: 1.879775, test acc: 0.925041, test avg acc: 0.896198
Train epoch 411, loss: 1.808330, train acc: 0.988192, train avg acc: 0.982792
Test epoch 411, loss: 1.877484, test acc: 0.925851, test avg acc: 0.885657
Train epoch 412, loss: 1.803999, train acc: 0.989007, train avg acc: 0.983706
Test epoch 412, loss: 1.878727, test acc: 0.926661, test avg acc: 0.896372
Train epoch 413, loss: 1.803999, train acc: 0.991246, train avg acc: 0.987629
Test epoch 413, loss: 1.884849, test acc: 0.920989, test avg acc: 0.888203
Train epoch 414, loss: 1.805752, train acc: 0.990432, train avg acc: 0.985179
Test epoch 414, loss: 1.883220, test acc: 0.924230, test avg acc: 0.889203
Train epoch 415, loss: 1.801934, train acc: 0.991144, train avg acc: 0.987503
Test epoch 415, loss: 1.880513, test acc: 0.928687, test avg acc: 0.899872
Train epoch 416, loss: 1.804767, train acc: 0.989414, train avg acc: 0.985550
Test epoch 416, loss: 1.882175, test acc: 0.922204, test avg acc: 0.892081
Train epoch 417, loss: 1.804446, train acc: 0.990839, train avg acc: 0.984838
Test epoch 417, loss: 1.876639, test acc: 0.925041, test avg acc: 0.889116
Train epoch 418, loss: 1.801560, train acc: 0.989210, train avg acc: 0.983087
Test epoch 418, loss: 1.887372, test acc: 0.920989, test avg acc: 0.886494
Train epoch 419, loss: 1.803890, train acc: 0.990432, train avg acc: 0.986624
Test epoch 419, loss: 1.883729, test acc: 0.923825, test avg acc: 0.892326
Train epoch 420, loss: 1.801709, train acc: 0.991042, train avg acc: 0.985870
Test epoch 420, loss: 1.880981, test acc: 0.924635, test avg acc: 0.891907
Train epoch 421, loss: 1.800538, train acc: 0.991958, train avg acc: 0.988498
Test epoch 421, loss: 1.882766, test acc: 0.926661, test avg acc: 0.894116
Train epoch 422, loss: 1.802195, train acc: 0.990228, train avg acc: 0.985364
Test epoch 422, loss: 1.884363, test acc: 0.923420, test avg acc: 0.893198
Train epoch 423, loss: 1.802010, train acc: 0.990330, train avg acc: 0.985055
Test epoch 423, loss: 1.889132, test acc: 0.921799, test avg acc: 0.893238
Train epoch 424, loss: 1.798200, train acc: 0.992671, train avg acc: 0.988915
Test epoch 424, loss: 1.881375, test acc: 0.926256, test avg acc: 0.892826
Train epoch 425, loss: 1.803003, train acc: 0.991042, train avg acc: 0.986651
Test epoch 425, loss: 1.877816, test acc: 0.927472, test avg acc: 0.894366
Train epoch 426, loss: 1.799565, train acc: 0.991348, train avg acc: 0.987492
Test epoch 426, loss: 1.880037, test acc: 0.924230, test avg acc: 0.886738
Train epoch 427, loss: 1.801885, train acc: 0.989617, train avg acc: 0.983856
Test epoch 427, loss: 1.875428, test acc: 0.928282, test avg acc: 0.894076
Train epoch 428, loss: 1.800286, train acc: 0.991144, train avg acc: 0.987100
Test epoch 428, loss: 1.880518, test acc: 0.924230, test avg acc: 0.892494
Train epoch 429, loss: 1.796934, train acc: 0.992162, train avg acc: 0.987813
Test epoch 429, loss: 1.877845, test acc: 0.923420, test avg acc: 0.893116
Train epoch 430, loss: 1.800672, train acc: 0.990432, train avg acc: 0.986050
Test epoch 430, loss: 1.881296, test acc: 0.923015, test avg acc: 0.890826
Train epoch 431, loss: 1.798903, train acc: 0.990635, train avg acc: 0.985990
Test epoch 431, loss: 1.881738, test acc: 0.928687, test avg acc: 0.900238
Train epoch 432, loss: 1.797321, train acc: 0.992366, train avg acc: 0.987991
Test epoch 432, loss: 1.879264, test acc: 0.925446, test avg acc: 0.898076
Train epoch 433, loss: 1.800173, train acc: 0.991042, train avg acc: 0.986697
Test epoch 433, loss: 1.878096, test acc: 0.922609, test avg acc: 0.891535
Train epoch 434, loss: 1.800415, train acc: 0.991144, train avg acc: 0.986808
Test epoch 434, loss: 1.882478, test acc: 0.922204, test avg acc: 0.887326
Train epoch 435, loss: 1.799421, train acc: 0.990941, train avg acc: 0.986458
Test epoch 435, loss: 1.882594, test acc: 0.920583, test avg acc: 0.886326
Train epoch 436, loss: 1.796207, train acc: 0.992467, train avg acc: 0.988861
Test epoch 436, loss: 1.876058, test acc: 0.923825, test avg acc: 0.892203
Train epoch 437, loss: 1.797465, train acc: 0.992467, train avg acc: 0.988119
Test epoch 437, loss: 1.879804, test acc: 0.922609, test avg acc: 0.889372
Train epoch 438, loss: 1.799635, train acc: 0.990941, train avg acc: 0.986436
Test epoch 438, loss: 1.879591, test acc: 0.925851, test avg acc: 0.889616
Train epoch 439, loss: 1.792229, train acc: 0.993587, train avg acc: 0.990597
Test epoch 439, loss: 1.875694, test acc: 0.929903, test avg acc: 0.897157
Train epoch 440, loss: 1.797849, train acc: 0.991144, train avg acc: 0.986423
Test epoch 440, loss: 1.878778, test acc: 0.923420, test avg acc: 0.892866
Train epoch 441, loss: 1.799491, train acc: 0.991551, train avg acc: 0.987067
Test epoch 441, loss: 1.877470, test acc: 0.923420, test avg acc: 0.883866
Train epoch 442, loss: 1.794196, train acc: 0.993078, train avg acc: 0.989136
Test epoch 442, loss: 1.882024, test acc: 0.924230, test avg acc: 0.891366
Train epoch 443, loss: 1.794778, train acc: 0.992467, train avg acc: 0.988448
Test epoch 443, loss: 1.880065, test acc: 0.926256, test avg acc: 0.897744
Train epoch 444, loss: 1.793655, train acc: 0.993384, train avg acc: 0.990811
Test epoch 444, loss: 1.875995, test acc: 0.929903, test avg acc: 0.900907
Train epoch 445, loss: 1.795285, train acc: 0.992264, train avg acc: 0.987962
Test epoch 445, loss: 1.877974, test acc: 0.925851, test avg acc: 0.894576
Train epoch 446, loss: 1.795193, train acc: 0.993078, train avg acc: 0.989833
Test epoch 446, loss: 1.879453, test acc: 0.927472, test avg acc: 0.897698
Train epoch 447, loss: 1.791147, train acc: 0.993994, train avg acc: 0.990201
Test epoch 447, loss: 1.878685, test acc: 0.924635, test avg acc: 0.887703
Train epoch 448, loss: 1.794655, train acc: 0.992671, train avg acc: 0.988951
Test epoch 448, loss: 1.881287, test acc: 0.924635, test avg acc: 0.896663
Train epoch 449, loss: 1.794219, train acc: 0.993689, train avg acc: 0.989796
Test epoch 449, loss: 1.879352, test acc: 0.925446, test avg acc: 0.897407
Train epoch 450, loss: 1.792117, train acc: 0.992569, train avg acc: 0.989274
Test epoch 450, loss: 1.878064, test acc: 0.924635, test avg acc: 0.886907
Train epoch 451, loss: 1.791880, train acc: 0.993384, train avg acc: 0.989613
Test epoch 451, loss: 1.878739, test acc: 0.928282, test avg acc: 0.899238
Train epoch 452, loss: 1.791402, train acc: 0.993078, train avg acc: 0.988590
Test epoch 452, loss: 1.877204, test acc: 0.925851, test avg acc: 0.892779
Train epoch 453, loss: 1.792017, train acc: 0.993384, train avg acc: 0.989478
Test epoch 453, loss: 1.877691, test acc: 0.930308, test avg acc: 0.897570
Train epoch 454, loss: 1.791440, train acc: 0.994809, train avg acc: 0.991323
Test epoch 454, loss: 1.878294, test acc: 0.927066, test avg acc: 0.898570
Train epoch 455, loss: 1.789703, train acc: 0.993994, train avg acc: 0.991003
Test epoch 455, loss: 1.879096, test acc: 0.925446, test avg acc: 0.892448
Train epoch 456, loss: 1.790784, train acc: 0.993485, train avg acc: 0.991177
Test epoch 456, loss: 1.879479, test acc: 0.927472, test avg acc: 0.895657
Train epoch 457, loss: 1.791282, train acc: 0.992773, train avg acc: 0.988531
Test epoch 457, loss: 1.875306, test acc: 0.928687, test avg acc: 0.894570
Train epoch 458, loss: 1.791294, train acc: 0.994198, train avg acc: 0.991563
Test epoch 458, loss: 1.875376, test acc: 0.930308, test avg acc: 0.892570
Train epoch 459, loss: 1.791171, train acc: 0.993791, train avg acc: 0.989719
Test epoch 459, loss: 1.875719, test acc: 0.925851, test avg acc: 0.891738
Train epoch 460, loss: 1.794450, train acc: 0.992875, train avg acc: 0.989242
Test epoch 460, loss: 1.877442, test acc: 0.930713, test avg acc: 0.897698
Train epoch 461, loss: 1.792131, train acc: 0.993587, train avg acc: 0.990710
Test epoch 461, loss: 1.878677, test acc: 0.926661, test avg acc: 0.894279
Train epoch 462, loss: 1.787025, train acc: 0.995623, train avg acc: 0.993356
Test epoch 462, loss: 1.877188, test acc: 0.928687, test avg acc: 0.899570
Train epoch 463, loss: 1.791956, train acc: 0.993180, train avg acc: 0.989319
Test epoch 463, loss: 1.876707, test acc: 0.929092, test avg acc: 0.897779
Train epoch 464, loss: 1.789746, train acc: 0.994198, train avg acc: 0.991149
Test epoch 464, loss: 1.874056, test acc: 0.928282, test avg acc: 0.895157
Train epoch 465, loss: 1.788506, train acc: 0.995114, train avg acc: 0.991905
Test epoch 465, loss: 1.876863, test acc: 0.927066, test avg acc: 0.892488
Train epoch 466, loss: 1.790901, train acc: 0.993689, train avg acc: 0.991116
Test epoch 466, loss: 1.876509, test acc: 0.926256, test avg acc: 0.892070
Train epoch 467, loss: 1.793053, train acc: 0.993180, train avg acc: 0.989940
Test epoch 467, loss: 1.879940, test acc: 0.924230, test avg acc: 0.893535
Train epoch 468, loss: 1.788935, train acc: 0.994605, train avg acc: 0.991898
Test epoch 468, loss: 1.875129, test acc: 0.928282, test avg acc: 0.893279
Train epoch 469, loss: 1.790582, train acc: 0.994809, train avg acc: 0.992263
Test epoch 469, loss: 1.881719, test acc: 0.926256, test avg acc: 0.896866
Train epoch 470, loss: 1.790467, train acc: 0.994401, train avg acc: 0.992598
Test epoch 470, loss: 1.877803, test acc: 0.926256, test avg acc: 0.894948
Train epoch 471, loss: 1.789129, train acc: 0.994198, train avg acc: 0.991569
Test epoch 471, loss: 1.880384, test acc: 0.924635, test avg acc: 0.895866
Train epoch 472, loss: 1.788806, train acc: 0.994300, train avg acc: 0.991397
Test epoch 472, loss: 1.878147, test acc: 0.927472, test avg acc: 0.899698
Train epoch 473, loss: 1.791714, train acc: 0.993282, train avg acc: 0.989097
Test epoch 473, loss: 1.876442, test acc: 0.928687, test avg acc: 0.894570
Train epoch 474, loss: 1.787813, train acc: 0.993893, train avg acc: 0.990520
Test epoch 474, loss: 1.877922, test acc: 0.925446, test avg acc: 0.894448
Train epoch 475, loss: 1.787978, train acc: 0.994809, train avg acc: 0.991693
Test epoch 475, loss: 1.876119, test acc: 0.927066, test avg acc: 0.899407
Train epoch 476, loss: 1.790262, train acc: 0.993587, train avg acc: 0.989531
Test epoch 476, loss: 1.874731, test acc: 0.929092, test avg acc: 0.899779
Train epoch 477, loss: 1.787055, train acc: 0.994707, train avg acc: 0.992145
Test epoch 477, loss: 1.877363, test acc: 0.927472, test avg acc: 0.896698
Train epoch 478, loss: 1.787920, train acc: 0.994198, train avg acc: 0.990731
Test epoch 478, loss: 1.875406, test acc: 0.925446, test avg acc: 0.896407
Train epoch 479, loss: 1.789294, train acc: 0.992366, train avg acc: 0.988823
Test epoch 479, loss: 1.876493, test acc: 0.930308, test avg acc: 0.902651
Train epoch 480, loss: 1.788267, train acc: 0.994300, train avg acc: 0.991622
Test epoch 480, loss: 1.877253, test acc: 0.929092, test avg acc: 0.903779
Train epoch 481, loss: 1.788105, train acc: 0.995521, train avg acc: 0.992619
Test epoch 481, loss: 1.877043, test acc: 0.928687, test avg acc: 0.900570
Train epoch 482, loss: 1.790803, train acc: 0.993384, train avg acc: 0.989829
Test epoch 482, loss: 1.877556, test acc: 0.927472, test avg acc: 0.898616
Train epoch 483, loss: 1.790221, train acc: 0.994503, train avg acc: 0.992072
Test epoch 483, loss: 1.877872, test acc: 0.925851, test avg acc: 0.893698
Train epoch 484, loss: 1.787590, train acc: 0.994198, train avg acc: 0.991086
Test epoch 484, loss: 1.877599, test acc: 0.926661, test avg acc: 0.893320
Train epoch 485, loss: 1.787196, train acc: 0.995012, train avg acc: 0.991717
Test epoch 485, loss: 1.877193, test acc: 0.927472, test avg acc: 0.895698
Train epoch 486, loss: 1.788726, train acc: 0.994503, train avg acc: 0.990989
Test epoch 486, loss: 1.881938, test acc: 0.923420, test avg acc: 0.889157
Train epoch 487, loss: 1.789159, train acc: 0.994503, train avg acc: 0.990960
Test epoch 487, loss: 1.876514, test acc: 0.929092, test avg acc: 0.895698
Train epoch 488, loss: 1.789148, train acc: 0.993791, train avg acc: 0.990472
Test epoch 488, loss: 1.877356, test acc: 0.927066, test avg acc: 0.900366
Train epoch 489, loss: 1.787384, train acc: 0.995521, train avg acc: 0.993839
Test epoch 489, loss: 1.878661, test acc: 0.927877, test avg acc: 0.898907
Train epoch 490, loss: 1.787249, train acc: 0.994300, train avg acc: 0.991086
Test epoch 490, loss: 1.876683, test acc: 0.927066, test avg acc: 0.894407
Train epoch 491, loss: 1.787564, train acc: 0.995012, train avg acc: 0.992248
Test epoch 491, loss: 1.874688, test acc: 0.927472, test avg acc: 0.894616
Train epoch 492, loss: 1.786545, train acc: 0.995318, train avg acc: 0.991813
Test epoch 492, loss: 1.878050, test acc: 0.925446, test avg acc: 0.896326
Train epoch 493, loss: 1.786795, train acc: 0.995012, train avg acc: 0.992547
Test epoch 493, loss: 1.880781, test acc: 0.923825, test avg acc: 0.893366
Train epoch 494, loss: 1.787556, train acc: 0.994910, train avg acc: 0.992619
Test epoch 494, loss: 1.876274, test acc: 0.927066, test avg acc: 0.896244
Train epoch 495, loss: 1.788325, train acc: 0.993587, train avg acc: 0.990040
Test epoch 495, loss: 1.879207, test acc: 0.925041, test avg acc: 0.894116
Train epoch 496, loss: 1.786502, train acc: 0.994707, train avg acc: 0.993103
Test epoch 496, loss: 1.879167, test acc: 0.925851, test avg acc: 0.895738
Train epoch 497, loss: 1.786223, train acc: 0.994910, train avg acc: 0.992281
Test epoch 497, loss: 1.878421, test acc: 0.925446, test avg acc: 0.897244
Train epoch 498, loss: 1.788311, train acc: 0.993893, train avg acc: 0.990974
Test epoch 498, loss: 1.876653, test acc: 0.929092, test avg acc: 0.900698
Train epoch 499, loss: 1.791844, train acc: 0.993078, train avg acc: 0.989869
Test epoch 499, loss: 1.878161, test acc: 0.928687, test avg acc: 0.899488
