Namespace(augmix_cutmix_prob=0.5, augmix_prob=0.0, batch_size=32, beta=1.0, data_path='./data/modelnet40_normal_resampled', dataset='modelnet40', dropout=0.5, emb_dims=1024, epochs=500, eval=False, exp_name='augmix_cutmix_lams3_dgcnn_1024', jitter=False, k=20, knn=False, lr=0.001, model='dgcnn', model_path='', modelnet10=False, momentum=0.9, no_cuda=False, normal=False, nsample=512, num_points=1024, rddrop=False, rdscale=False, rot=False, rsmix_prob=0.0, seed=1, shift=False, shuffle=False, test_batch_size=16, use_sgd=True)
Using GPU : 0 from 1 devices
Train epoch 0, loss: 2.732128, train acc: 0.455110, train avg acc: 0.277419
Test epoch 0, loss: 2.239706, test acc: 0.582658, test avg acc: 0.434860
Train epoch 1, loss: 2.202245, train acc: 0.630497, train avg acc: 0.454265
Test epoch 1, loss: 1.981227, test acc: 0.730551, test avg acc: 0.585512
Train epoch 2, loss: 2.064675, train acc: 0.699613, train avg acc: 0.541147
Test epoch 2, loss: 1.931688, test acc: 0.750810, test avg acc: 0.654483
Train epoch 3, loss: 1.969796, train acc: 0.740941, train avg acc: 0.600594
Test epoch 3, loss: 1.796559, test acc: 0.812399, test avg acc: 0.705692
Train epoch 4, loss: 1.902169, train acc: 0.768221, train avg acc: 0.640664
Test epoch 4, loss: 1.762287, test acc: 0.825365, test avg acc: 0.725826
Train epoch 5, loss: 1.867139, train acc: 0.782777, train avg acc: 0.660235
Test epoch 5, loss: 1.705076, test acc: 0.835900, test avg acc: 0.727541
Train epoch 6, loss: 1.830656, train acc: 0.803542, train avg acc: 0.693029
Test epoch 6, loss: 1.732755, test acc: 0.817666, test avg acc: 0.717070
Train epoch 7, loss: 1.795615, train acc: 0.813009, train avg acc: 0.713089
Test epoch 7, loss: 1.650649, test acc: 0.864263, test avg acc: 0.805186
Train epoch 8, loss: 1.772175, train acc: 0.825122, train avg acc: 0.730085
Test epoch 8, loss: 1.687838, test acc: 0.848055, test avg acc: 0.787959
Train epoch 9, loss: 1.748297, train acc: 0.831433, train avg acc: 0.736853
Test epoch 9, loss: 1.639524, test acc: 0.878444, test avg acc: 0.816849
Train epoch 10, loss: 1.744151, train acc: 0.831535, train avg acc: 0.733353
Test epoch 10, loss: 1.714640, test acc: 0.836305, test avg acc: 0.762349
Train epoch 11, loss: 1.725176, train acc: 0.844157, train avg acc: 0.755379
Test epoch 11, loss: 1.670766, test acc: 0.858590, test avg acc: 0.794808
Train epoch 12, loss: 1.721360, train acc: 0.841816, train avg acc: 0.751827
Test epoch 12, loss: 1.630826, test acc: 0.864263, test avg acc: 0.795017
Train epoch 13, loss: 1.704620, train acc: 0.853420, train avg acc: 0.772230
Test epoch 13, loss: 1.577373, test acc: 0.893031, test avg acc: 0.829686
Train epoch 14, loss: 1.700628, train acc: 0.855456, train avg acc: 0.779588
Test epoch 14, loss: 1.636574, test acc: 0.855754, test avg acc: 0.801442
Train epoch 15, loss: 1.690559, train acc: 0.859121, train avg acc: 0.782850
Test epoch 15, loss: 1.604011, test acc: 0.870340, test avg acc: 0.818343
Train epoch 16, loss: 1.677694, train acc: 0.860138, train avg acc: 0.784527
Test epoch 16, loss: 1.560314, test acc: 0.895057, test avg acc: 0.831453
Train epoch 17, loss: 1.672709, train acc: 0.865330, train avg acc: 0.794103
Test epoch 17, loss: 1.608136, test acc: 0.868314, test avg acc: 0.806860
Train epoch 18, loss: 1.661085, train acc: 0.871946, train avg acc: 0.802071
Test epoch 18, loss: 1.603514, test acc: 0.871961, test avg acc: 0.819924
Train epoch 19, loss: 1.660319, train acc: 0.867875, train avg acc: 0.791122
Test epoch 19, loss: 1.594249, test acc: 0.875608, test avg acc: 0.826116
Train epoch 20, loss: 1.653111, train acc: 0.867366, train avg acc: 0.796614
Test epoch 20, loss: 1.593894, test acc: 0.884927, test avg acc: 0.822378
Train epoch 21, loss: 1.643511, train acc: 0.875000, train avg acc: 0.805923
Test epoch 21, loss: 1.584936, test acc: 0.885737, test avg acc: 0.822093
Train epoch 22, loss: 1.643244, train acc: 0.873880, train avg acc: 0.803728
Test epoch 22, loss: 1.588125, test acc: 0.887763, test avg acc: 0.837901
Train epoch 23, loss: 1.645928, train acc: 0.876120, train avg acc: 0.806076
Test epoch 23, loss: 1.573859, test acc: 0.886143, test avg acc: 0.826366
Train epoch 24, loss: 1.633621, train acc: 0.882533, train avg acc: 0.820684
Test epoch 24, loss: 1.571126, test acc: 0.885332, test avg acc: 0.831552
Train epoch 25, loss: 1.623920, train acc: 0.884365, train avg acc: 0.820562
Test epoch 25, loss: 1.551666, test acc: 0.895462, test avg acc: 0.828558
Train epoch 26, loss: 1.634959, train acc: 0.875814, train avg acc: 0.810403
Test epoch 26, loss: 1.638697, test acc: 0.855754, test avg acc: 0.809797
Train epoch 27, loss: 1.628868, train acc: 0.880802, train avg acc: 0.817642
Test epoch 27, loss: 1.571610, test acc: 0.891410, test avg acc: 0.808500
Train epoch 28, loss: 1.614923, train acc: 0.889353, train avg acc: 0.824313
Test epoch 28, loss: 1.563092, test acc: 0.886143, test avg acc: 0.829105
Train epoch 29, loss: 1.616470, train acc: 0.884772, train avg acc: 0.820553
Test epoch 29, loss: 1.579333, test acc: 0.886953, test avg acc: 0.847110
Train epoch 30, loss: 1.612358, train acc: 0.890472, train avg acc: 0.832260
Test epoch 30, loss: 1.611693, test acc: 0.873582, test avg acc: 0.816564
Train epoch 31, loss: 1.606586, train acc: 0.891185, train avg acc: 0.832539
Test epoch 31, loss: 1.580089, test acc: 0.889789, test avg acc: 0.843965
Train epoch 32, loss: 1.600111, train acc: 0.893221, train avg acc: 0.835674
Test epoch 32, loss: 1.587332, test acc: 0.874392, test avg acc: 0.816308
Train epoch 33, loss: 1.604926, train acc: 0.891185, train avg acc: 0.829489
Test epoch 33, loss: 1.551426, test acc: 0.889384, test avg acc: 0.832256
Train epoch 34, loss: 1.603224, train acc: 0.889658, train avg acc: 0.829190
Test epoch 34, loss: 1.603598, test acc: 0.873987, test avg acc: 0.827581
Train epoch 35, loss: 1.597786, train acc: 0.896173, train avg acc: 0.838641
Test epoch 35, loss: 1.552009, test acc: 0.899109, test avg acc: 0.841512
Train epoch 36, loss: 1.597431, train acc: 0.894646, train avg acc: 0.838264
Test epoch 36, loss: 1.562494, test acc: 0.882901, test avg acc: 0.838692
Train epoch 37, loss: 1.605392, train acc: 0.888131, train avg acc: 0.826006
Test epoch 37, loss: 1.606184, test acc: 0.856564, test avg acc: 0.795302
Train epoch 38, loss: 1.591135, train acc: 0.898819, train avg acc: 0.842456
Test epoch 38, loss: 1.547467, test acc: 0.893841, test avg acc: 0.840047
Train epoch 39, loss: 1.589108, train acc: 0.897394, train avg acc: 0.841606
Test epoch 39, loss: 1.615719, test acc: 0.876823, test avg acc: 0.827901
Train epoch 40, loss: 1.585867, train acc: 0.900855, train avg acc: 0.847159
Test epoch 40, loss: 1.586863, test acc: 0.882091, test avg acc: 0.829581
Train epoch 41, loss: 1.595722, train acc: 0.893730, train avg acc: 0.838313
Test epoch 41, loss: 1.575108, test acc: 0.878039, test avg acc: 0.834878
Train epoch 42, loss: 1.583813, train acc: 0.899939, train avg acc: 0.848983
Test epoch 42, loss: 1.553372, test acc: 0.897488, test avg acc: 0.838419
Train epoch 43, loss: 1.580472, train acc: 0.901873, train avg acc: 0.843727
Test epoch 43, loss: 1.586072, test acc: 0.891005, test avg acc: 0.834378
Train epoch 44, loss: 1.573291, train acc: 0.905436, train avg acc: 0.853931
Test epoch 44, loss: 1.557132, test acc: 0.884927, test avg acc: 0.845459
Train epoch 45, loss: 1.588284, train acc: 0.895765, train avg acc: 0.837343
Test epoch 45, loss: 1.529367, test acc: 0.907618, test avg acc: 0.855099
Train epoch 46, loss: 1.573970, train acc: 0.902178, train avg acc: 0.847634
Test epoch 46, loss: 1.534842, test acc: 0.898703, test avg acc: 0.855971
Train epoch 47, loss: 1.574401, train acc: 0.903196, train avg acc: 0.849411
Test epoch 47, loss: 1.536161, test acc: 0.900729, test avg acc: 0.854808
Train epoch 48, loss: 1.571614, train acc: 0.906250, train avg acc: 0.855751
Test epoch 48, loss: 1.560215, test acc: 0.888169, test avg acc: 0.837773
Train epoch 49, loss: 1.573668, train acc: 0.904418, train avg acc: 0.852074
Test epoch 49, loss: 1.544435, test acc: 0.893031, test avg acc: 0.849128
Train epoch 50, loss: 1.562085, train acc: 0.908998, train avg acc: 0.858659
Test epoch 50, loss: 1.581192, test acc: 0.880470, test avg acc: 0.828395
Train epoch 51, loss: 1.572581, train acc: 0.905639, train avg acc: 0.852088
Test epoch 51, loss: 1.542160, test acc: 0.888574, test avg acc: 0.838023
Train epoch 52, loss: 1.579421, train acc: 0.899226, train avg acc: 0.842199
Test epoch 52, loss: 1.569056, test acc: 0.877634, test avg acc: 0.851849
Train epoch 53, loss: 1.573578, train acc: 0.901771, train avg acc: 0.848678
Test epoch 53, loss: 1.539344, test acc: 0.898298, test avg acc: 0.846512
Train epoch 54, loss: 1.564674, train acc: 0.906555, train avg acc: 0.856238
Test epoch 54, loss: 1.516143, test acc: 0.908428, test avg acc: 0.868308
Train epoch 55, loss: 1.565064, train acc: 0.908897, train avg acc: 0.859816
Test epoch 55, loss: 1.552533, test acc: 0.899109, test avg acc: 0.849570
Train epoch 56, loss: 1.562806, train acc: 0.908591, train avg acc: 0.859593
Test epoch 56, loss: 1.542901, test acc: 0.893841, test avg acc: 0.830424
Train epoch 57, loss: 1.561604, train acc: 0.906759, train avg acc: 0.855467
Test epoch 57, loss: 1.533489, test acc: 0.907618, test avg acc: 0.859000
Train epoch 58, loss: 1.553290, train acc: 0.911238, train avg acc: 0.863239
Test epoch 58, loss: 1.571211, test acc: 0.894246, test avg acc: 0.845913
Train epoch 59, loss: 1.556329, train acc: 0.909711, train avg acc: 0.860767
Test epoch 59, loss: 1.524824, test acc: 0.897083, test avg acc: 0.856977
Train epoch 60, loss: 1.556329, train acc: 0.909406, train avg acc: 0.861864
Test epoch 60, loss: 1.540827, test acc: 0.892626, test avg acc: 0.822453
Train epoch 61, loss: 1.563744, train acc: 0.907064, train avg acc: 0.858186
Test epoch 61, loss: 1.540877, test acc: 0.893436, test avg acc: 0.845180
Train epoch 62, loss: 1.556064, train acc: 0.909100, train avg acc: 0.859152
Test epoch 62, loss: 1.509399, test acc: 0.904781, test avg acc: 0.860750
Train epoch 63, loss: 1.556716, train acc: 0.910322, train avg acc: 0.860910
Test epoch 63, loss: 1.513928, test acc: 0.906807, test avg acc: 0.863459
Train epoch 64, loss: 1.553791, train acc: 0.912357, train avg acc: 0.862099
Test epoch 64, loss: 1.562535, test acc: 0.883306, test avg acc: 0.857140
Train epoch 65, loss: 1.549266, train acc: 0.909202, train avg acc: 0.860288
Test epoch 65, loss: 1.502096, test acc: 0.918558, test avg acc: 0.871959
Train epoch 66, loss: 1.554456, train acc: 0.912052, train avg acc: 0.864144
Test epoch 66, loss: 1.527713, test acc: 0.900324, test avg acc: 0.859698
Train epoch 67, loss: 1.549453, train acc: 0.910831, train avg acc: 0.864272
Test epoch 67, loss: 1.542969, test acc: 0.892626, test avg acc: 0.841878
Train epoch 68, loss: 1.544735, train acc: 0.916124, train avg acc: 0.872334
Test epoch 68, loss: 1.509712, test acc: 0.908428, test avg acc: 0.851669
Train epoch 69, loss: 1.550414, train acc: 0.911950, train avg acc: 0.865598
Test epoch 69, loss: 1.526199, test acc: 0.894652, test avg acc: 0.859552
Train epoch 70, loss: 1.545270, train acc: 0.914800, train avg acc: 0.869782
Test epoch 70, loss: 1.533727, test acc: 0.895462, test avg acc: 0.852610
Train epoch 71, loss: 1.552966, train acc: 0.912154, train avg acc: 0.867714
Test epoch 71, loss: 1.580965, test acc: 0.888979, test avg acc: 0.857686
Train epoch 72, loss: 1.552280, train acc: 0.913681, train avg acc: 0.866060
Test epoch 72, loss: 1.598183, test acc: 0.881280, test avg acc: 0.853994
Train epoch 73, loss: 1.559097, train acc: 0.910525, train avg acc: 0.861434
Test epoch 73, loss: 1.518653, test acc: 0.905997, test avg acc: 0.872459
Train epoch 74, loss: 1.540957, train acc: 0.914597, train avg acc: 0.869847
Test epoch 74, loss: 1.569559, test acc: 0.881686, test avg acc: 0.856860
Train epoch 75, loss: 1.544700, train acc: 0.915818, train avg acc: 0.870466
Test epoch 75, loss: 1.541626, test acc: 0.894246, test avg acc: 0.839081
Train epoch 76, loss: 1.551868, train acc: 0.913681, train avg acc: 0.866468
Test epoch 76, loss: 1.559476, test acc: 0.886953, test avg acc: 0.832442
Train epoch 77, loss: 1.539833, train acc: 0.917956, train avg acc: 0.871756
Test epoch 77, loss: 1.514497, test acc: 0.909238, test avg acc: 0.870878
Train epoch 78, loss: 1.539396, train acc: 0.915818, train avg acc: 0.871451
Test epoch 78, loss: 1.542092, test acc: 0.891815, test avg acc: 0.842413
Train epoch 79, loss: 1.554173, train acc: 0.909813, train avg acc: 0.865787
Test epoch 79, loss: 1.563674, test acc: 0.878444, test avg acc: 0.842337
Train epoch 80, loss: 1.540877, train acc: 0.915513, train avg acc: 0.868348
Test epoch 80, loss: 1.511583, test acc: 0.903566, test avg acc: 0.859163
Train epoch 81, loss: 1.539027, train acc: 0.918058, train avg acc: 0.875452
Test epoch 81, loss: 1.569705, test acc: 0.888574, test avg acc: 0.843494
Train epoch 82, loss: 1.538813, train acc: 0.917345, train avg acc: 0.873325
Test epoch 82, loss: 1.620832, test acc: 0.868314, test avg acc: 0.821564
Train epoch 83, loss: 1.532958, train acc: 0.916938, train avg acc: 0.871102
Test epoch 83, loss: 1.539350, test acc: 0.884927, test avg acc: 0.839221
Train epoch 84, loss: 1.534989, train acc: 0.918261, train avg acc: 0.874058
Test epoch 84, loss: 1.536855, test acc: 0.888574, test avg acc: 0.854971
Train epoch 85, loss: 1.532857, train acc: 0.917345, train avg acc: 0.873127
Test epoch 85, loss: 1.536694, test acc: 0.902755, test avg acc: 0.868924
Train epoch 86, loss: 1.534213, train acc: 0.915717, train avg acc: 0.871137
Test epoch 86, loss: 1.507988, test acc: 0.909238, test avg acc: 0.851669
Train epoch 87, loss: 1.545486, train acc: 0.913986, train avg acc: 0.871837
Test epoch 87, loss: 1.619235, test acc: 0.874797, test avg acc: 0.810645
Train epoch 88, loss: 1.534391, train acc: 0.920399, train avg acc: 0.876478
Test epoch 88, loss: 1.522856, test acc: 0.902350, test avg acc: 0.863134
Train epoch 89, loss: 1.532939, train acc: 0.919483, train avg acc: 0.876975
Test epoch 89, loss: 1.517111, test acc: 0.905592, test avg acc: 0.863413
Train epoch 90, loss: 1.520731, train acc: 0.925692, train avg acc: 0.885020
Test epoch 90, loss: 1.511216, test acc: 0.907212, test avg acc: 0.860919
Train epoch 91, loss: 1.527796, train acc: 0.921112, train avg acc: 0.881074
Test epoch 91, loss: 1.523255, test acc: 0.906807, test avg acc: 0.853430
Train epoch 92, loss: 1.523778, train acc: 0.924471, train avg acc: 0.884956
Test epoch 92, loss: 1.564772, test acc: 0.886953, test avg acc: 0.850238
Train epoch 93, loss: 1.533678, train acc: 0.916226, train avg acc: 0.871043
Test epoch 93, loss: 1.514440, test acc: 0.906402, test avg acc: 0.855558
Train epoch 94, loss: 1.529409, train acc: 0.919686, train avg acc: 0.877820
Test epoch 94, loss: 1.530474, test acc: 0.895867, test avg acc: 0.851977
Train epoch 95, loss: 1.528574, train acc: 0.919178, train avg acc: 0.874967
Test epoch 95, loss: 1.541405, test acc: 0.900324, test avg acc: 0.850756
Train epoch 96, loss: 1.526491, train acc: 0.920603, train avg acc: 0.877110
Test epoch 96, loss: 1.500222, test acc: 0.908428, test avg acc: 0.863762
Train epoch 97, loss: 1.519800, train acc: 0.922537, train avg acc: 0.879604
Test epoch 97, loss: 1.541285, test acc: 0.892626, test avg acc: 0.863081
Train epoch 98, loss: 1.523761, train acc: 0.923351, train avg acc: 0.883144
Test epoch 98, loss: 1.512804, test acc: 0.905186, test avg acc: 0.861488
Train epoch 99, loss: 1.519685, train acc: 0.928339, train avg acc: 0.887371
Test epoch 99, loss: 1.591965, test acc: 0.892220, test avg acc: 0.845605
Train epoch 100, loss: 1.520315, train acc: 0.925489, train avg acc: 0.886447
Test epoch 100, loss: 1.521101, test acc: 0.905186, test avg acc: 0.857721
Train epoch 101, loss: 1.518920, train acc: 0.926099, train avg acc: 0.888185
Test epoch 101, loss: 1.526465, test acc: 0.904376, test avg acc: 0.856587
Train epoch 102, loss: 1.523781, train acc: 0.922435, train avg acc: 0.878379
Test epoch 102, loss: 1.492856, test acc: 0.912480, test avg acc: 0.863116
Train epoch 103, loss: 1.515906, train acc: 0.929255, train avg acc: 0.889188
Test epoch 103, loss: 1.567963, test acc: 0.899919, test avg acc: 0.861064
Train epoch 104, loss: 1.520302, train acc: 0.924776, train avg acc: 0.884287
Test epoch 104, loss: 1.521619, test acc: 0.903160, test avg acc: 0.851831
Train epoch 105, loss: 1.516235, train acc: 0.927728, train avg acc: 0.891030
Test epoch 105, loss: 1.517255, test acc: 0.903160, test avg acc: 0.875791
Train epoch 106, loss: 1.514412, train acc: 0.928237, train avg acc: 0.889567
Test epoch 106, loss: 1.508380, test acc: 0.902755, test avg acc: 0.861337
Train epoch 107, loss: 1.519090, train acc: 0.926201, train avg acc: 0.887197
Test epoch 107, loss: 1.530509, test acc: 0.892220, test avg acc: 0.860895
Train epoch 108, loss: 1.513553, train acc: 0.928033, train avg acc: 0.891022
Test epoch 108, loss: 1.523147, test acc: 0.912885, test avg acc: 0.872221
Train epoch 109, loss: 1.520696, train acc: 0.925183, train avg acc: 0.885615
Test epoch 109, loss: 1.555652, test acc: 0.884927, test avg acc: 0.845174
Train epoch 110, loss: 1.511166, train acc: 0.928135, train avg acc: 0.888875
Test epoch 110, loss: 1.535799, test acc: 0.902350, test avg acc: 0.864953
Train epoch 111, loss: 1.525508, train acc: 0.924165, train avg acc: 0.883052
Test epoch 111, loss: 1.498238, test acc: 0.913695, test avg acc: 0.870512
Train epoch 112, loss: 1.523536, train acc: 0.921213, train avg acc: 0.876860
Test epoch 112, loss: 1.512951, test acc: 0.906402, test avg acc: 0.872122
Train epoch 113, loss: 1.522151, train acc: 0.926099, train avg acc: 0.884238
Test epoch 113, loss: 1.525544, test acc: 0.901135, test avg acc: 0.879052
Train epoch 114, loss: 1.520516, train acc: 0.925285, train avg acc: 0.889382
Test epoch 114, loss: 1.519555, test acc: 0.902755, test avg acc: 0.858407
Train epoch 115, loss: 1.509173, train acc: 0.926710, train avg acc: 0.888716
Test epoch 115, loss: 1.514712, test acc: 0.898298, test avg acc: 0.869390
Train epoch 116, loss: 1.518722, train acc: 0.925794, train avg acc: 0.885604
Test epoch 116, loss: 1.515691, test acc: 0.911264, test avg acc: 0.867047
Train epoch 117, loss: 1.509236, train acc: 0.929255, train avg acc: 0.890350
Test epoch 117, loss: 1.519246, test acc: 0.899514, test avg acc: 0.851326
Train epoch 118, loss: 1.517857, train acc: 0.927015, train avg acc: 0.887108
Test epoch 118, loss: 1.526662, test acc: 0.896272, test avg acc: 0.854593
Train epoch 119, loss: 1.505862, train acc: 0.931189, train avg acc: 0.893498
Test epoch 119, loss: 1.499407, test acc: 0.909643, test avg acc: 0.874326
Train epoch 120, loss: 1.501760, train acc: 0.930578, train avg acc: 0.891498
Test epoch 120, loss: 1.557975, test acc: 0.900729, test avg acc: 0.851419
Train epoch 121, loss: 1.510811, train acc: 0.926608, train avg acc: 0.886817
Test epoch 121, loss: 1.501926, test acc: 0.909238, test avg acc: 0.868448
Train epoch 122, loss: 1.502345, train acc: 0.934344, train avg acc: 0.897912
Test epoch 122, loss: 1.489894, test acc: 0.919368, test avg acc: 0.868953
Train epoch 123, loss: 1.506014, train acc: 0.929764, train avg acc: 0.891238
Test epoch 123, loss: 1.485840, test acc: 0.916937, test avg acc: 0.872343
Train epoch 124, loss: 1.507747, train acc: 0.927524, train avg acc: 0.889920
Test epoch 124, loss: 1.566421, test acc: 0.894246, test avg acc: 0.855081
Train epoch 125, loss: 1.505207, train acc: 0.930680, train avg acc: 0.892957
Test epoch 125, loss: 1.564943, test acc: 0.874797, test avg acc: 0.836669
Train epoch 126, loss: 1.505512, train acc: 0.929357, train avg acc: 0.892697
Test epoch 126, loss: 1.506524, test acc: 0.909643, test avg acc: 0.861221
Train epoch 127, loss: 1.504428, train acc: 0.930578, train avg acc: 0.895302
Test epoch 127, loss: 1.492952, test acc: 0.916937, test avg acc: 0.871669
Train epoch 128, loss: 1.500211, train acc: 0.933937, train avg acc: 0.900887
Test epoch 128, loss: 1.540075, test acc: 0.890600, test avg acc: 0.850884
Train epoch 129, loss: 1.497962, train acc: 0.932716, train avg acc: 0.896453
Test epoch 129, loss: 1.507743, test acc: 0.905592, test avg acc: 0.877262
Train epoch 130, loss: 1.496944, train acc: 0.934853, train avg acc: 0.898409
Test epoch 130, loss: 1.535293, test acc: 0.903160, test avg acc: 0.866000
Train epoch 131, loss: 1.507243, train acc: 0.925998, train avg acc: 0.885458
Test epoch 131, loss: 1.522455, test acc: 0.900324, test avg acc: 0.860436
Train epoch 132, loss: 1.492777, train acc: 0.936380, train avg acc: 0.902672
Test epoch 132, loss: 1.511437, test acc: 0.897083, test avg acc: 0.859797
Train epoch 133, loss: 1.507396, train acc: 0.927219, train avg acc: 0.888703
Test epoch 133, loss: 1.511399, test acc: 0.909238, test avg acc: 0.863541
Train epoch 134, loss: 1.505434, train acc: 0.929458, train avg acc: 0.891487
Test epoch 134, loss: 1.553834, test acc: 0.900324, test avg acc: 0.862855
Train epoch 135, loss: 1.494072, train acc: 0.935566, train avg acc: 0.898622
Test epoch 135, loss: 1.513434, test acc: 0.905592, test avg acc: 0.870552
Train epoch 136, loss: 1.504401, train acc: 0.927728, train avg acc: 0.887992
Test epoch 136, loss: 1.545947, test acc: 0.886548, test avg acc: 0.837407
Train epoch 137, loss: 1.502893, train acc: 0.932614, train avg acc: 0.897755
Test epoch 137, loss: 1.538714, test acc: 0.890600, test avg acc: 0.855924
Train epoch 138, loss: 1.500016, train acc: 0.931800, train avg acc: 0.895977
Test epoch 138, loss: 1.514586, test acc: 0.899514, test avg acc: 0.879622
Train epoch 139, loss: 1.503395, train acc: 0.930171, train avg acc: 0.893387
Test epoch 139, loss: 1.569167, test acc: 0.899109, test avg acc: 0.851669
Train epoch 140, loss: 1.496863, train acc: 0.930680, train avg acc: 0.893704
Test epoch 140, loss: 1.488325, test acc: 0.915316, test avg acc: 0.880750
Train epoch 141, loss: 1.496716, train acc: 0.931901, train avg acc: 0.894976
Test epoch 141, loss: 1.548309, test acc: 0.885737, test avg acc: 0.849169
Train epoch 142, loss: 1.496067, train acc: 0.935668, train avg acc: 0.902520
Test epoch 142, loss: 1.512470, test acc: 0.901945, test avg acc: 0.873128
Train epoch 143, loss: 1.501650, train acc: 0.931189, train avg acc: 0.895199
Test epoch 143, loss: 1.530271, test acc: 0.899919, test avg acc: 0.862756
Train epoch 144, loss: 1.496622, train acc: 0.931393, train avg acc: 0.894378
Test epoch 144, loss: 1.507909, test acc: 0.906807, test avg acc: 0.859285
Train epoch 145, loss: 1.490984, train acc: 0.934752, train avg acc: 0.899491
Test epoch 145, loss: 1.493894, test acc: 0.907618, test avg acc: 0.863599
Train epoch 146, loss: 1.496792, train acc: 0.933734, train avg acc: 0.898155
Test epoch 146, loss: 1.505420, test acc: 0.905997, test avg acc: 0.865674
Train epoch 147, loss: 1.491237, train acc: 0.937296, train avg acc: 0.903315
Test epoch 147, loss: 1.543066, test acc: 0.882496, test avg acc: 0.860919
Train epoch 148, loss: 1.503910, train acc: 0.927015, train avg acc: 0.886010
Test epoch 148, loss: 1.545115, test acc: 0.886143, test avg acc: 0.861971
Train epoch 149, loss: 1.490057, train acc: 0.934955, train avg acc: 0.899949
Test epoch 149, loss: 1.509436, test acc: 0.905997, test avg acc: 0.860785
Train epoch 150, loss: 1.493350, train acc: 0.933632, train avg acc: 0.900828
Test epoch 150, loss: 1.508722, test acc: 0.907618, test avg acc: 0.860424
Train epoch 151, loss: 1.496720, train acc: 0.934548, train avg acc: 0.898303
Test epoch 151, loss: 1.517148, test acc: 0.905997, test avg acc: 0.855017
Train epoch 152, loss: 1.487095, train acc: 0.938416, train avg acc: 0.909105
Test epoch 152, loss: 1.517663, test acc: 0.895462, test avg acc: 0.879878
Train epoch 153, loss: 1.492947, train acc: 0.935362, train avg acc: 0.902555
Test epoch 153, loss: 1.511832, test acc: 0.903566, test avg acc: 0.871134
Train epoch 154, loss: 1.486975, train acc: 0.939841, train avg acc: 0.908484
Test epoch 154, loss: 1.515743, test acc: 0.914506, test avg acc: 0.872913
Train epoch 155, loss: 1.493983, train acc: 0.932818, train avg acc: 0.897444
Test epoch 155, loss: 1.499724, test acc: 0.907212, test avg acc: 0.872424
Train epoch 156, loss: 1.483129, train acc: 0.938416, train avg acc: 0.905410
Test epoch 156, loss: 1.548457, test acc: 0.893031, test avg acc: 0.848244
Train epoch 157, loss: 1.498114, train acc: 0.932105, train avg acc: 0.896936
Test epoch 157, loss: 1.510808, test acc: 0.890600, test avg acc: 0.858052
Train epoch 158, loss: 1.492065, train acc: 0.932105, train avg acc: 0.892798
Test epoch 158, loss: 1.513056, test acc: 0.907618, test avg acc: 0.879372
Train epoch 159, loss: 1.483644, train acc: 0.939230, train avg acc: 0.905676
Test epoch 159, loss: 1.505901, test acc: 0.900729, test avg acc: 0.858878
Train epoch 160, loss: 1.486498, train acc: 0.937296, train avg acc: 0.904797
Test epoch 160, loss: 1.526069, test acc: 0.894652, test avg acc: 0.869314
Train epoch 161, loss: 1.482930, train acc: 0.938009, train avg acc: 0.905066
Test epoch 161, loss: 1.507513, test acc: 0.910049, test avg acc: 0.877576
Train epoch 162, loss: 1.486512, train acc: 0.939332, train avg acc: 0.906106
Test epoch 162, loss: 1.513826, test acc: 0.897083, test avg acc: 0.855634
Train epoch 163, loss: 1.488063, train acc: 0.937907, train avg acc: 0.904813
Test epoch 163, loss: 1.504911, test acc: 0.901135, test avg acc: 0.858843
Train epoch 164, loss: 1.483399, train acc: 0.937704, train avg acc: 0.906101
Test epoch 164, loss: 1.490681, test acc: 0.910859, test avg acc: 0.873756
Train epoch 165, loss: 1.483725, train acc: 0.938925, train avg acc: 0.905343
Test epoch 165, loss: 1.484943, test acc: 0.916532, test avg acc: 0.877581
Train epoch 166, loss: 1.470093, train acc: 0.943506, train avg acc: 0.914968
Test epoch 166, loss: 1.518249, test acc: 0.910049, test avg acc: 0.866047
Train epoch 167, loss: 1.484899, train acc: 0.937805, train avg acc: 0.904403
Test epoch 167, loss: 1.485194, test acc: 0.912075, test avg acc: 0.881041
Train epoch 168, loss: 1.486520, train acc: 0.937907, train avg acc: 0.904539
Test epoch 168, loss: 1.487748, test acc: 0.918963, test avg acc: 0.873169
Train epoch 169, loss: 1.474223, train acc: 0.942793, train avg acc: 0.912320
Test epoch 169, loss: 1.487119, test acc: 0.912480, test avg acc: 0.865000
Train epoch 170, loss: 1.486988, train acc: 0.936380, train avg acc: 0.904381
Test epoch 170, loss: 1.488184, test acc: 0.907618, test avg acc: 0.865953
Train epoch 171, loss: 1.479555, train acc: 0.939536, train avg acc: 0.909666
Test epoch 171, loss: 1.495005, test acc: 0.907618, test avg acc: 0.862767
Train epoch 172, loss: 1.472923, train acc: 0.942691, train avg acc: 0.913983
Test epoch 172, loss: 1.483052, test acc: 0.913290, test avg acc: 0.883703
Train epoch 173, loss: 1.482887, train acc: 0.939230, train avg acc: 0.904428
Test epoch 173, loss: 1.552989, test acc: 0.886953, test avg acc: 0.859541
Train epoch 174, loss: 1.482148, train acc: 0.939434, train avg acc: 0.907977
Test epoch 174, loss: 1.537514, test acc: 0.892220, test avg acc: 0.865500
Train epoch 175, loss: 1.479178, train acc: 0.941266, train avg acc: 0.910586
Test epoch 175, loss: 1.521244, test acc: 0.896272, test avg acc: 0.860890
Train epoch 176, loss: 1.481396, train acc: 0.939841, train avg acc: 0.909809
Test epoch 176, loss: 1.522467, test acc: 0.895867, test avg acc: 0.851709
Train epoch 177, loss: 1.480121, train acc: 0.939230, train avg acc: 0.903152
Test epoch 177, loss: 1.506231, test acc: 0.905186, test avg acc: 0.882006
Train epoch 178, loss: 1.477859, train acc: 0.940452, train avg acc: 0.909312
Test epoch 178, loss: 1.487522, test acc: 0.912075, test avg acc: 0.874006
Train epoch 179, loss: 1.477566, train acc: 0.941572, train avg acc: 0.907044
Test epoch 179, loss: 1.527983, test acc: 0.906402, test avg acc: 0.891128
Train epoch 180, loss: 1.478410, train acc: 0.940452, train avg acc: 0.906972
Test epoch 180, loss: 1.481323, test acc: 0.912885, test avg acc: 0.879797
Train epoch 181, loss: 1.476718, train acc: 0.939536, train avg acc: 0.909004
Test epoch 181, loss: 1.498048, test acc: 0.905186, test avg acc: 0.870506
Train epoch 182, loss: 1.474865, train acc: 0.942997, train avg acc: 0.914265
Test epoch 182, loss: 1.506971, test acc: 0.901135, test avg acc: 0.859326
Train epoch 183, loss: 1.470205, train acc: 0.942488, train avg acc: 0.912895
Test epoch 183, loss: 1.495875, test acc: 0.916532, test avg acc: 0.883000
Train epoch 184, loss: 1.477282, train acc: 0.941673, train avg acc: 0.909859
Test epoch 184, loss: 1.551553, test acc: 0.899514, test avg acc: 0.860628
Train epoch 185, loss: 1.476868, train acc: 0.942793, train avg acc: 0.911258
Test epoch 185, loss: 1.494123, test acc: 0.909643, test avg acc: 0.874994
Train epoch 186, loss: 1.475836, train acc: 0.943099, train avg acc: 0.912235
Test epoch 186, loss: 1.507024, test acc: 0.904781, test avg acc: 0.864506
Train epoch 187, loss: 1.475901, train acc: 0.941673, train avg acc: 0.909564
Test epoch 187, loss: 1.502221, test acc: 0.900729, test avg acc: 0.873953
Train epoch 188, loss: 1.470706, train acc: 0.944116, train avg acc: 0.915646
Test epoch 188, loss: 1.536736, test acc: 0.891815, test avg acc: 0.841977
Train epoch 189, loss: 1.476674, train acc: 0.940248, train avg acc: 0.906866
Test epoch 189, loss: 1.568313, test acc: 0.878444, test avg acc: 0.848866
Train epoch 190, loss: 1.472821, train acc: 0.944931, train avg acc: 0.914469
Test epoch 190, loss: 1.512606, test acc: 0.893031, test avg acc: 0.860936
Train epoch 191, loss: 1.471443, train acc: 0.941266, train avg acc: 0.908841
Test epoch 191, loss: 1.593406, test acc: 0.874392, test avg acc: 0.848622
Train epoch 192, loss: 1.467416, train acc: 0.944218, train avg acc: 0.913418
Test epoch 192, loss: 1.520516, test acc: 0.901135, test avg acc: 0.869453
Train epoch 193, loss: 1.464990, train acc: 0.946050, train avg acc: 0.917808
Test epoch 193, loss: 1.495704, test acc: 0.905997, test avg acc: 0.874669
Train epoch 194, loss: 1.463149, train acc: 0.948290, train avg acc: 0.918940
Test epoch 194, loss: 1.475843, test acc: 0.922609, test avg acc: 0.887419
Train epoch 195, loss: 1.471288, train acc: 0.945542, train avg acc: 0.916759
Test epoch 195, loss: 1.499597, test acc: 0.903160, test avg acc: 0.872099
Train epoch 196, loss: 1.465918, train acc: 0.944320, train avg acc: 0.914627
Test epoch 196, loss: 1.474875, test acc: 0.917342, test avg acc: 0.877448
Train epoch 197, loss: 1.464696, train acc: 0.946967, train avg acc: 0.918973
Test epoch 197, loss: 1.474757, test acc: 0.916532, test avg acc: 0.880535
Train epoch 198, loss: 1.459240, train acc: 0.947374, train avg acc: 0.918157
Test epoch 198, loss: 1.489049, test acc: 0.907618, test avg acc: 0.867884
Train epoch 199, loss: 1.460954, train acc: 0.946865, train avg acc: 0.919321
Test epoch 199, loss: 1.488548, test acc: 0.909238, test avg acc: 0.865087
Train epoch 200, loss: 1.462088, train acc: 0.945542, train avg acc: 0.914680
Test epoch 200, loss: 1.475493, test acc: 0.907618, test avg acc: 0.871750
Train epoch 201, loss: 1.472906, train acc: 0.943099, train avg acc: 0.913470
Test epoch 201, loss: 1.492359, test acc: 0.901540, test avg acc: 0.864837
Train epoch 202, loss: 1.466790, train acc: 0.946254, train avg acc: 0.918031
Test epoch 202, loss: 1.502260, test acc: 0.903971, test avg acc: 0.869081
Train epoch 203, loss: 1.458355, train acc: 0.950122, train avg acc: 0.923353
Test epoch 203, loss: 1.489853, test acc: 0.917342, test avg acc: 0.874087
Train epoch 204, loss: 1.458667, train acc: 0.947781, train avg acc: 0.921684
Test epoch 204, loss: 1.510424, test acc: 0.902350, test avg acc: 0.881291
Train epoch 205, loss: 1.458308, train acc: 0.949002, train avg acc: 0.919988
Test epoch 205, loss: 1.492046, test acc: 0.911264, test avg acc: 0.875750
Train epoch 206, loss: 1.466352, train acc: 0.944116, train avg acc: 0.912756
Test epoch 206, loss: 1.499338, test acc: 0.912075, test avg acc: 0.868709
Train epoch 207, loss: 1.455783, train acc: 0.947679, train avg acc: 0.921627
Test epoch 207, loss: 1.497048, test acc: 0.911264, test avg acc: 0.876785
Train epoch 208, loss: 1.461113, train acc: 0.948697, train avg acc: 0.921917
Test epoch 208, loss: 1.558474, test acc: 0.890194, test avg acc: 0.854576
Train epoch 209, loss: 1.463321, train acc: 0.945643, train avg acc: 0.915860
Test epoch 209, loss: 1.478309, test acc: 0.914506, test avg acc: 0.892698
Train epoch 210, loss: 1.465470, train acc: 0.947577, train avg acc: 0.920706
Test epoch 210, loss: 1.488778, test acc: 0.911669, test avg acc: 0.877366
Train epoch 211, loss: 1.463960, train acc: 0.946356, train avg acc: 0.919372
Test epoch 211, loss: 1.501060, test acc: 0.905186, test avg acc: 0.865174
Train epoch 212, loss: 1.458747, train acc: 0.946661, train avg acc: 0.916491
Test epoch 212, loss: 1.494952, test acc: 0.889384, test avg acc: 0.857837
Train epoch 213, loss: 1.451811, train acc: 0.949613, train avg acc: 0.925321
Test epoch 213, loss: 1.500225, test acc: 0.903160, test avg acc: 0.878209
Train epoch 214, loss: 1.456040, train acc: 0.950020, train avg acc: 0.925821
Test epoch 214, loss: 1.513101, test acc: 0.909238, test avg acc: 0.882663
Train epoch 215, loss: 1.446209, train acc: 0.951853, train avg acc: 0.925340
Test epoch 215, loss: 1.465652, test acc: 0.925041, test avg acc: 0.895616
Train epoch 216, loss: 1.450384, train acc: 0.951954, train avg acc: 0.924639
Test epoch 216, loss: 1.499580, test acc: 0.907618, test avg acc: 0.877424
Train epoch 217, loss: 1.452980, train acc: 0.948799, train avg acc: 0.921897
Test epoch 217, loss: 1.528616, test acc: 0.900729, test avg acc: 0.856767
Train epoch 218, loss: 1.451270, train acc: 0.951751, train avg acc: 0.925876
Test epoch 218, loss: 1.506590, test acc: 0.899919, test avg acc: 0.867884
Train epoch 219, loss: 1.445755, train acc: 0.953379, train avg acc: 0.928986
Test epoch 219, loss: 1.486234, test acc: 0.903971, test avg acc: 0.872355
Train epoch 220, loss: 1.462421, train acc: 0.946865, train avg acc: 0.918374
Test epoch 220, loss: 1.536942, test acc: 0.883712, test avg acc: 0.844808
Train epoch 221, loss: 1.456165, train acc: 0.946967, train avg acc: 0.915268
Test epoch 221, loss: 1.489588, test acc: 0.903971, test avg acc: 0.871959
Train epoch 222, loss: 1.443287, train acc: 0.954092, train avg acc: 0.930255
Test epoch 222, loss: 1.465702, test acc: 0.916126, test avg acc: 0.881326
Train epoch 223, loss: 1.454417, train acc: 0.948493, train avg acc: 0.920104
Test epoch 223, loss: 1.464679, test acc: 0.917747, test avg acc: 0.880791
Train epoch 224, loss: 1.459591, train acc: 0.948799, train avg acc: 0.922980
Test epoch 224, loss: 1.514580, test acc: 0.896272, test avg acc: 0.869297
Train epoch 225, loss: 1.449717, train acc: 0.953074, train avg acc: 0.929608
Test epoch 225, loss: 1.509458, test acc: 0.900324, test avg acc: 0.866640
Train epoch 226, loss: 1.454545, train acc: 0.950020, train avg acc: 0.925905
Test epoch 226, loss: 1.481655, test acc: 0.909643, test avg acc: 0.859453
Train epoch 227, loss: 1.452444, train acc: 0.951649, train avg acc: 0.928072
Test epoch 227, loss: 1.530227, test acc: 0.899919, test avg acc: 0.877256
Train epoch 228, loss: 1.449713, train acc: 0.951547, train avg acc: 0.928347
Test epoch 228, loss: 1.487146, test acc: 0.905592, test avg acc: 0.881459
Train epoch 229, loss: 1.445288, train acc: 0.952871, train avg acc: 0.927190
Test epoch 229, loss: 1.471426, test acc: 0.913290, test avg acc: 0.879843
Train epoch 230, loss: 1.452280, train acc: 0.949613, train avg acc: 0.921495
Test epoch 230, loss: 1.479494, test acc: 0.910049, test avg acc: 0.880669
Train epoch 231, loss: 1.442062, train acc: 0.953888, train avg acc: 0.927823
Test epoch 231, loss: 1.478580, test acc: 0.913695, test avg acc: 0.890093
Train epoch 232, loss: 1.451948, train acc: 0.949613, train avg acc: 0.925667
Test epoch 232, loss: 1.498613, test acc: 0.911669, test avg acc: 0.865297
Train epoch 233, loss: 1.446525, train acc: 0.953379, train avg acc: 0.928795
Test epoch 233, loss: 1.458644, test acc: 0.919368, test avg acc: 0.878203
Train epoch 234, loss: 1.447481, train acc: 0.949410, train avg acc: 0.922850
Test epoch 234, loss: 1.472329, test acc: 0.910454, test avg acc: 0.860378
Train epoch 235, loss: 1.448297, train acc: 0.950224, train avg acc: 0.924830
Test epoch 235, loss: 1.503238, test acc: 0.903160, test avg acc: 0.871355
Train epoch 236, loss: 1.450887, train acc: 0.950122, train avg acc: 0.923299
Test epoch 236, loss: 1.516384, test acc: 0.901135, test avg acc: 0.879465
Train epoch 237, loss: 1.447430, train acc: 0.953074, train avg acc: 0.928164
Test epoch 237, loss: 1.528665, test acc: 0.895462, test avg acc: 0.871919
Train epoch 238, loss: 1.442218, train acc: 0.955721, train avg acc: 0.932224
Test epoch 238, loss: 1.504386, test acc: 0.891815, test avg acc: 0.869081
Train epoch 239, loss: 1.438133, train acc: 0.958265, train avg acc: 0.937074
Test epoch 239, loss: 1.481449, test acc: 0.919368, test avg acc: 0.889535
Train epoch 240, loss: 1.443417, train acc: 0.952362, train avg acc: 0.924184
Test epoch 240, loss: 1.501569, test acc: 0.908833, test avg acc: 0.881174
Train epoch 241, loss: 1.448412, train acc: 0.951242, train avg acc: 0.924877
Test epoch 241, loss: 1.483580, test acc: 0.917342, test avg acc: 0.870959
Train epoch 242, loss: 1.429087, train acc: 0.959182, train avg acc: 0.937756
Test epoch 242, loss: 1.465919, test acc: 0.919773, test avg acc: 0.888541
Train epoch 243, loss: 1.440195, train acc: 0.956026, train avg acc: 0.934950
Test epoch 243, loss: 1.500465, test acc: 0.908428, test avg acc: 0.888913
Train epoch 244, loss: 1.436971, train acc: 0.956026, train avg acc: 0.932684
Test epoch 244, loss: 1.482454, test acc: 0.920989, test avg acc: 0.879576
Train epoch 245, loss: 1.430703, train acc: 0.958774, train avg acc: 0.936905
Test epoch 245, loss: 1.500504, test acc: 0.906807, test avg acc: 0.874122
Train epoch 246, loss: 1.430114, train acc: 0.956637, train avg acc: 0.934362
Test epoch 246, loss: 1.502393, test acc: 0.907618, test avg acc: 0.871634
Train epoch 247, loss: 1.428892, train acc: 0.958367, train avg acc: 0.934243
Test epoch 247, loss: 1.478062, test acc: 0.910454, test avg acc: 0.886547
Train epoch 248, loss: 1.439125, train acc: 0.955822, train avg acc: 0.932655
Test epoch 248, loss: 1.516372, test acc: 0.905997, test avg acc: 0.893831
Train epoch 249, loss: 1.440681, train acc: 0.953787, train avg acc: 0.930979
Test epoch 249, loss: 1.475839, test acc: 0.910049, test avg acc: 0.872721
Train epoch 250, loss: 1.435832, train acc: 0.957248, train avg acc: 0.934956
Test epoch 250, loss: 1.470153, test acc: 0.915721, test avg acc: 0.886465
Train epoch 251, loss: 1.437864, train acc: 0.955110, train avg acc: 0.933897
Test epoch 251, loss: 1.489983, test acc: 0.908833, test avg acc: 0.874547
Train epoch 252, loss: 1.436344, train acc: 0.954499, train avg acc: 0.930774
Test epoch 252, loss: 1.486988, test acc: 0.901135, test avg acc: 0.861535
Train epoch 253, loss: 1.435750, train acc: 0.956840, train avg acc: 0.936171
Test epoch 253, loss: 1.474647, test acc: 0.919773, test avg acc: 0.886913
Train epoch 254, loss: 1.429012, train acc: 0.958673, train avg acc: 0.938612
Test epoch 254, loss: 1.487221, test acc: 0.912480, test avg acc: 0.878913
Train epoch 255, loss: 1.428794, train acc: 0.958469, train avg acc: 0.935656
Test epoch 255, loss: 1.470807, test acc: 0.911264, test avg acc: 0.891372
Train epoch 256, loss: 1.425894, train acc: 0.959996, train avg acc: 0.940538
Test epoch 256, loss: 1.479011, test acc: 0.918558, test avg acc: 0.886244
Train epoch 257, loss: 1.427007, train acc: 0.959996, train avg acc: 0.940863
Test epoch 257, loss: 1.483050, test acc: 0.910454, test avg acc: 0.870953
Train epoch 258, loss: 1.428316, train acc: 0.959182, train avg acc: 0.936562
Test epoch 258, loss: 1.469834, test acc: 0.914100, test avg acc: 0.880081
Train epoch 259, loss: 1.434373, train acc: 0.957655, train avg acc: 0.936953
Test epoch 259, loss: 1.480184, test acc: 0.913695, test avg acc: 0.891006
Train epoch 260, loss: 1.436432, train acc: 0.956230, train avg acc: 0.933240
Test epoch 260, loss: 1.487537, test acc: 0.903971, test avg acc: 0.870826
Train epoch 261, loss: 1.425162, train acc: 0.961523, train avg acc: 0.940021
Test epoch 261, loss: 1.488641, test acc: 0.905186, test avg acc: 0.879163
Train epoch 262, loss: 1.428210, train acc: 0.958774, train avg acc: 0.937337
Test epoch 262, loss: 1.488135, test acc: 0.904376, test avg acc: 0.866256
Train epoch 263, loss: 1.432074, train acc: 0.958164, train avg acc: 0.937907
Test epoch 263, loss: 1.472774, test acc: 0.915721, test avg acc: 0.876994
Train epoch 264, loss: 1.424381, train acc: 0.960098, train avg acc: 0.938994
Test epoch 264, loss: 1.502335, test acc: 0.905997, test avg acc: 0.875977
Train epoch 265, loss: 1.419340, train acc: 0.960505, train avg acc: 0.941056
Test epoch 265, loss: 1.464699, test acc: 0.917747, test avg acc: 0.888494
Train epoch 266, loss: 1.427197, train acc: 0.958673, train avg acc: 0.936032
Test epoch 266, loss: 1.481144, test acc: 0.903566, test avg acc: 0.876349
Train epoch 267, loss: 1.424428, train acc: 0.958164, train avg acc: 0.936234
Test epoch 267, loss: 1.473465, test acc: 0.912885, test avg acc: 0.879750
Train epoch 268, loss: 1.421375, train acc: 0.961828, train avg acc: 0.943939
Test epoch 268, loss: 1.494076, test acc: 0.900324, test avg acc: 0.880174
Train epoch 269, loss: 1.418917, train acc: 0.962032, train avg acc: 0.942283
Test epoch 269, loss: 1.471928, test acc: 0.914506, test avg acc: 0.875506
Train epoch 270, loss: 1.415423, train acc: 0.965289, train avg acc: 0.948218
Test epoch 270, loss: 1.462818, test acc: 0.909238, test avg acc: 0.881669
Train epoch 271, loss: 1.416830, train acc: 0.964169, train avg acc: 0.942975
Test epoch 271, loss: 1.482410, test acc: 0.905997, test avg acc: 0.871919
Train epoch 272, loss: 1.417420, train acc: 0.964169, train avg acc: 0.945386
Test epoch 272, loss: 1.459227, test acc: 0.920989, test avg acc: 0.883372
Train epoch 273, loss: 1.414638, train acc: 0.963355, train avg acc: 0.943848
Test epoch 273, loss: 1.477752, test acc: 0.913290, test avg acc: 0.895622
Train epoch 274, loss: 1.423101, train acc: 0.959996, train avg acc: 0.938376
Test epoch 274, loss: 1.480252, test acc: 0.904376, test avg acc: 0.872622
Train epoch 275, loss: 1.424238, train acc: 0.961421, train avg acc: 0.940028
Test epoch 275, loss: 1.506718, test acc: 0.886548, test avg acc: 0.852419
Train epoch 276, loss: 1.420243, train acc: 0.961217, train avg acc: 0.940802
Test epoch 276, loss: 1.495561, test acc: 0.906807, test avg acc: 0.878372
Train epoch 277, loss: 1.421977, train acc: 0.961319, train avg acc: 0.941735
Test epoch 277, loss: 1.464496, test acc: 0.916937, test avg acc: 0.886872
Train epoch 278, loss: 1.413421, train acc: 0.965289, train avg acc: 0.946609
Test epoch 278, loss: 1.507098, test acc: 0.903971, test avg acc: 0.883785
Train epoch 279, loss: 1.410036, train acc: 0.965493, train avg acc: 0.947260
Test epoch 279, loss: 1.465819, test acc: 0.915316, test avg acc: 0.877035
Train epoch 280, loss: 1.413686, train acc: 0.964984, train avg acc: 0.946867
Test epoch 280, loss: 1.485056, test acc: 0.910859, test avg acc: 0.883994
Train epoch 281, loss: 1.411574, train acc: 0.965086, train avg acc: 0.945531
Test epoch 281, loss: 1.482677, test acc: 0.907618, test avg acc: 0.871145
Train epoch 282, loss: 1.412218, train acc: 0.965696, train avg acc: 0.947768
Test epoch 282, loss: 1.487981, test acc: 0.906807, test avg acc: 0.873494
Train epoch 283, loss: 1.414551, train acc: 0.964169, train avg acc: 0.943658
Test epoch 283, loss: 1.476516, test acc: 0.911669, test avg acc: 0.881907
Train epoch 284, loss: 1.410899, train acc: 0.964882, train avg acc: 0.944749
Test epoch 284, loss: 1.475853, test acc: 0.911264, test avg acc: 0.882116
Train epoch 285, loss: 1.408224, train acc: 0.966612, train avg acc: 0.948953
Test epoch 285, loss: 1.485190, test acc: 0.919773, test avg acc: 0.882797
Train epoch 286, loss: 1.419870, train acc: 0.962643, train avg acc: 0.942921
Test epoch 286, loss: 1.495442, test acc: 0.896272, test avg acc: 0.861384
Train epoch 287, loss: 1.417488, train acc: 0.961523, train avg acc: 0.939612
Test epoch 287, loss: 1.480293, test acc: 0.906402, test avg acc: 0.879552
Train epoch 288, loss: 1.407481, train acc: 0.968546, train avg acc: 0.953496
Test epoch 288, loss: 1.477844, test acc: 0.915316, test avg acc: 0.883494
Train epoch 289, loss: 1.417481, train acc: 0.962846, train avg acc: 0.944621
Test epoch 289, loss: 1.473058, test acc: 0.908833, test avg acc: 0.868791
Train epoch 290, loss: 1.404382, train acc: 0.967427, train avg acc: 0.951003
Test epoch 290, loss: 1.472163, test acc: 0.912075, test avg acc: 0.890250
Train epoch 291, loss: 1.410563, train acc: 0.963966, train avg acc: 0.947016
Test epoch 291, loss: 1.479248, test acc: 0.905186, test avg acc: 0.871767
Train epoch 292, loss: 1.403156, train acc: 0.968852, train avg acc: 0.954521
Test epoch 292, loss: 1.469163, test acc: 0.914100, test avg acc: 0.889791
Train epoch 293, loss: 1.407969, train acc: 0.967529, train avg acc: 0.952975
Test epoch 293, loss: 1.465737, test acc: 0.915721, test avg acc: 0.888831
Train epoch 294, loss: 1.406031, train acc: 0.967936, train avg acc: 0.951974
Test epoch 294, loss: 1.457028, test acc: 0.922204, test avg acc: 0.888872
Train epoch 295, loss: 1.400376, train acc: 0.969157, train avg acc: 0.953396
Test epoch 295, loss: 1.474824, test acc: 0.918558, test avg acc: 0.882372
Train epoch 296, loss: 1.409144, train acc: 0.966205, train avg acc: 0.947791
Test epoch 296, loss: 1.453241, test acc: 0.919773, test avg acc: 0.884837
Train epoch 297, loss: 1.406970, train acc: 0.965289, train avg acc: 0.946741
Test epoch 297, loss: 1.471454, test acc: 0.913695, test avg acc: 0.881000
Train epoch 298, loss: 1.406599, train acc: 0.966918, train avg acc: 0.948799
Test epoch 298, loss: 1.488632, test acc: 0.902755, test avg acc: 0.877791
Train epoch 299, loss: 1.406787, train acc: 0.966816, train avg acc: 0.951365
Test epoch 299, loss: 1.495592, test acc: 0.897893, test avg acc: 0.880570
Train epoch 300, loss: 1.403165, train acc: 0.968343, train avg acc: 0.951809
Test epoch 300, loss: 1.465979, test acc: 0.914911, test avg acc: 0.887430
Train epoch 301, loss: 1.405037, train acc: 0.968445, train avg acc: 0.952098
Test epoch 301, loss: 1.495468, test acc: 0.893841, test avg acc: 0.880419
Train epoch 302, loss: 1.406865, train acc: 0.967427, train avg acc: 0.950880
Test epoch 302, loss: 1.465563, test acc: 0.915721, test avg acc: 0.882384
Train epoch 303, loss: 1.403711, train acc: 0.968139, train avg acc: 0.951306
Test epoch 303, loss: 1.461236, test acc: 0.919368, test avg acc: 0.875587
Train epoch 304, loss: 1.398052, train acc: 0.969463, train avg acc: 0.954565
Test epoch 304, loss: 1.480670, test acc: 0.915316, test avg acc: 0.881291
Train epoch 305, loss: 1.401486, train acc: 0.967529, train avg acc: 0.951613
Test epoch 305, loss: 1.472276, test acc: 0.913290, test avg acc: 0.871703
Train epoch 306, loss: 1.386505, train acc: 0.972923, train avg acc: 0.957532
Test epoch 306, loss: 1.456069, test acc: 0.913695, test avg acc: 0.887000
Train epoch 307, loss: 1.394123, train acc: 0.972720, train avg acc: 0.958096
Test epoch 307, loss: 1.466302, test acc: 0.917342, test avg acc: 0.890448
Train epoch 308, loss: 1.403215, train acc: 0.966409, train avg acc: 0.948539
Test epoch 308, loss: 1.457436, test acc: 0.916937, test avg acc: 0.888785
Train epoch 309, loss: 1.394359, train acc: 0.971906, train avg acc: 0.957397
Test epoch 309, loss: 1.467203, test acc: 0.917747, test avg acc: 0.894913
Train epoch 310, loss: 1.401771, train acc: 0.967630, train avg acc: 0.950837
Test epoch 310, loss: 1.443285, test acc: 0.923420, test avg acc: 0.888866
Train epoch 311, loss: 1.391744, train acc: 0.973127, train avg acc: 0.956979
Test epoch 311, loss: 1.452052, test acc: 0.920178, test avg acc: 0.884337
Train epoch 312, loss: 1.393007, train acc: 0.971498, train avg acc: 0.958284
Test epoch 312, loss: 1.470898, test acc: 0.908023, test avg acc: 0.874169
Train epoch 313, loss: 1.394901, train acc: 0.970480, train avg acc: 0.953508
Test epoch 313, loss: 1.459905, test acc: 0.920583, test avg acc: 0.880331
Train epoch 314, loss: 1.390229, train acc: 0.972923, train avg acc: 0.958380
Test epoch 314, loss: 1.457070, test acc: 0.914911, test avg acc: 0.878547
Train epoch 315, loss: 1.388927, train acc: 0.974349, train avg acc: 0.959552
Test epoch 315, loss: 1.471042, test acc: 0.916532, test avg acc: 0.886087
Train epoch 316, loss: 1.390956, train acc: 0.971906, train avg acc: 0.956262
Test epoch 316, loss: 1.496701, test acc: 0.901135, test avg acc: 0.878552
Train epoch 317, loss: 1.389253, train acc: 0.972516, train avg acc: 0.958077
Test epoch 317, loss: 1.474930, test acc: 0.905997, test avg acc: 0.880372
Train epoch 318, loss: 1.388420, train acc: 0.974043, train avg acc: 0.960055
Test epoch 318, loss: 1.470766, test acc: 0.915316, test avg acc: 0.892703
Train epoch 319, loss: 1.382548, train acc: 0.976690, train avg acc: 0.964785
Test epoch 319, loss: 1.479477, test acc: 0.918152, test avg acc: 0.882122
Train epoch 320, loss: 1.396233, train acc: 0.970786, train avg acc: 0.955118
Test epoch 320, loss: 1.462687, test acc: 0.910049, test avg acc: 0.871797
Train epoch 321, loss: 1.389119, train acc: 0.974145, train avg acc: 0.959550
Test epoch 321, loss: 1.462096, test acc: 0.907212, test avg acc: 0.864041
Train epoch 322, loss: 1.384365, train acc: 0.976181, train avg acc: 0.963738
Test epoch 322, loss: 1.460628, test acc: 0.917747, test avg acc: 0.892041
Train epoch 323, loss: 1.388705, train acc: 0.972313, train avg acc: 0.959776
Test epoch 323, loss: 1.468407, test acc: 0.909238, test avg acc: 0.883541
Train epoch 324, loss: 1.380212, train acc: 0.975570, train avg acc: 0.961102
Test epoch 324, loss: 1.452605, test acc: 0.920178, test avg acc: 0.896494
Train epoch 325, loss: 1.384670, train acc: 0.974450, train avg acc: 0.958820
Test epoch 325, loss: 1.458403, test acc: 0.914506, test avg acc: 0.883378
Train epoch 326, loss: 1.384664, train acc: 0.973840, train avg acc: 0.961462
Test epoch 326, loss: 1.447807, test acc: 0.925851, test avg acc: 0.884872
Train epoch 327, loss: 1.375667, train acc: 0.977911, train avg acc: 0.965495
Test epoch 327, loss: 1.448078, test acc: 0.919368, test avg acc: 0.881750
Train epoch 328, loss: 1.382116, train acc: 0.977097, train avg acc: 0.966163
Test epoch 328, loss: 1.455640, test acc: 0.924635, test avg acc: 0.888535
Train epoch 329, loss: 1.378704, train acc: 0.977504, train avg acc: 0.964893
Test epoch 329, loss: 1.454741, test acc: 0.918963, test avg acc: 0.889081
Train epoch 330, loss: 1.381313, train acc: 0.976690, train avg acc: 0.965166
Test epoch 330, loss: 1.454023, test acc: 0.923015, test avg acc: 0.884994
Train epoch 331, loss: 1.377726, train acc: 0.976690, train avg acc: 0.966035
Test epoch 331, loss: 1.460625, test acc: 0.919773, test avg acc: 0.891576
Train epoch 332, loss: 1.383380, train acc: 0.974247, train avg acc: 0.961759
Test epoch 332, loss: 1.452376, test acc: 0.920583, test avg acc: 0.888953
Train epoch 333, loss: 1.379471, train acc: 0.975468, train avg acc: 0.963756
Test epoch 333, loss: 1.453948, test acc: 0.924635, test avg acc: 0.892366
Train epoch 334, loss: 1.383900, train acc: 0.974552, train avg acc: 0.960790
Test epoch 334, loss: 1.468149, test acc: 0.919773, test avg acc: 0.895866
Train epoch 335, loss: 1.376727, train acc: 0.975977, train avg acc: 0.963700
Test epoch 335, loss: 1.464298, test acc: 0.913695, test avg acc: 0.886331
Train epoch 336, loss: 1.376511, train acc: 0.978013, train avg acc: 0.965936
Test epoch 336, loss: 1.468004, test acc: 0.912480, test avg acc: 0.880948
Train epoch 337, loss: 1.372004, train acc: 0.978726, train avg acc: 0.969349
Test epoch 337, loss: 1.478040, test acc: 0.903160, test avg acc: 0.881878
Train epoch 338, loss: 1.368660, train acc: 0.979947, train avg acc: 0.967807
Test epoch 338, loss: 1.463283, test acc: 0.908833, test avg acc: 0.867419
Train epoch 339, loss: 1.375322, train acc: 0.976995, train avg acc: 0.966011
Test epoch 339, loss: 1.461022, test acc: 0.913290, test avg acc: 0.888000
Train epoch 340, loss: 1.376927, train acc: 0.976486, train avg acc: 0.964430
Test epoch 340, loss: 1.455789, test acc: 0.912885, test avg acc: 0.879500
Train epoch 341, loss: 1.375296, train acc: 0.979336, train avg acc: 0.969795
Test epoch 341, loss: 1.456293, test acc: 0.916126, test avg acc: 0.885500
Train epoch 342, loss: 1.382681, train acc: 0.975977, train avg acc: 0.964322
Test epoch 342, loss: 1.476765, test acc: 0.905997, test avg acc: 0.879215
Train epoch 343, loss: 1.375724, train acc: 0.977402, train avg acc: 0.967167
Test epoch 343, loss: 1.458209, test acc: 0.917747, test avg acc: 0.882535
Train epoch 344, loss: 1.372171, train acc: 0.979947, train avg acc: 0.970085
Test epoch 344, loss: 1.446106, test acc: 0.920583, test avg acc: 0.883953
Train epoch 345, loss: 1.374245, train acc: 0.978115, train avg acc: 0.967766
Test epoch 345, loss: 1.452338, test acc: 0.923015, test avg acc: 0.890407
Train epoch 346, loss: 1.376548, train acc: 0.976079, train avg acc: 0.964140
Test epoch 346, loss: 1.461047, test acc: 0.918963, test avg acc: 0.877744
Train epoch 347, loss: 1.372425, train acc: 0.977606, train avg acc: 0.964333
Test epoch 347, loss: 1.447370, test acc: 0.925446, test avg acc: 0.892913
Train epoch 348, loss: 1.372216, train acc: 0.979133, train avg acc: 0.968811
Test epoch 348, loss: 1.446617, test acc: 0.919368, test avg acc: 0.882285
Train epoch 349, loss: 1.369450, train acc: 0.979336, train avg acc: 0.967451
Test epoch 349, loss: 1.467049, test acc: 0.907212, test avg acc: 0.885703
Train epoch 350, loss: 1.374069, train acc: 0.977300, train avg acc: 0.966936
Test epoch 350, loss: 1.447846, test acc: 0.920583, test avg acc: 0.892663
Train epoch 351, loss: 1.366745, train acc: 0.980965, train avg acc: 0.971775
Test epoch 351, loss: 1.464287, test acc: 0.916532, test avg acc: 0.892291
Train epoch 352, loss: 1.364535, train acc: 0.980354, train avg acc: 0.970312
Test epoch 352, loss: 1.452726, test acc: 0.919773, test avg acc: 0.888047
Train epoch 353, loss: 1.361860, train acc: 0.980660, train avg acc: 0.968657
Test epoch 353, loss: 1.467440, test acc: 0.913695, test avg acc: 0.878791
Train epoch 354, loss: 1.366587, train acc: 0.980354, train avg acc: 0.970957
Test epoch 354, loss: 1.458420, test acc: 0.917747, test avg acc: 0.882581
Train epoch 355, loss: 1.363750, train acc: 0.982797, train avg acc: 0.974188
Test epoch 355, loss: 1.466519, test acc: 0.914100, test avg acc: 0.889634
Train epoch 356, loss: 1.371783, train acc: 0.978013, train avg acc: 0.966620
Test epoch 356, loss: 1.459993, test acc: 0.920989, test avg acc: 0.892407
Train epoch 357, loss: 1.370064, train acc: 0.979642, train avg acc: 0.969350
Test epoch 357, loss: 1.453937, test acc: 0.922609, test avg acc: 0.895163
Train epoch 358, loss: 1.362763, train acc: 0.981576, train avg acc: 0.972061
Test epoch 358, loss: 1.453967, test acc: 0.917342, test avg acc: 0.887994
Train epoch 359, loss: 1.364517, train acc: 0.980456, train avg acc: 0.971887
Test epoch 359, loss: 1.464515, test acc: 0.911669, test avg acc: 0.884372
Train epoch 360, loss: 1.361563, train acc: 0.981576, train avg acc: 0.972339
Test epoch 360, loss: 1.465359, test acc: 0.914506, test avg acc: 0.878663
Train epoch 361, loss: 1.358922, train acc: 0.983815, train avg acc: 0.976159
Test epoch 361, loss: 1.444122, test acc: 0.920583, test avg acc: 0.880750
Train epoch 362, loss: 1.359557, train acc: 0.983917, train avg acc: 0.977228
Test epoch 362, loss: 1.441254, test acc: 0.919368, test avg acc: 0.889494
Train epoch 363, loss: 1.363747, train acc: 0.980354, train avg acc: 0.970885
Test epoch 363, loss: 1.459477, test acc: 0.914100, test avg acc: 0.886413
Train epoch 364, loss: 1.367415, train acc: 0.978929, train avg acc: 0.968666
Test epoch 364, loss: 1.445312, test acc: 0.926256, test avg acc: 0.902453
Train epoch 365, loss: 1.359080, train acc: 0.983001, train avg acc: 0.973548
Test epoch 365, loss: 1.446511, test acc: 0.916937, test avg acc: 0.893453
Train epoch 366, loss: 1.352318, train acc: 0.986258, train avg acc: 0.978961
Test epoch 366, loss: 1.443302, test acc: 0.924230, test avg acc: 0.887709
Train epoch 367, loss: 1.359573, train acc: 0.980761, train avg acc: 0.970106
Test epoch 367, loss: 1.449479, test acc: 0.921394, test avg acc: 0.889494
Train epoch 368, loss: 1.357427, train acc: 0.983306, train avg acc: 0.974534
Test epoch 368, loss: 1.451992, test acc: 0.916937, test avg acc: 0.891826
Train epoch 369, loss: 1.354731, train acc: 0.982390, train avg acc: 0.972900
Test epoch 369, loss: 1.447245, test acc: 0.920583, test avg acc: 0.890913
Train epoch 370, loss: 1.353510, train acc: 0.983001, train avg acc: 0.973698
Test epoch 370, loss: 1.445444, test acc: 0.923420, test avg acc: 0.893035
Train epoch 371, loss: 1.358562, train acc: 0.982492, train avg acc: 0.974108
Test epoch 371, loss: 1.445005, test acc: 0.923825, test avg acc: 0.889581
Train epoch 372, loss: 1.358066, train acc: 0.981576, train avg acc: 0.970938
Test epoch 372, loss: 1.445599, test acc: 0.921799, test avg acc: 0.887831
Train epoch 373, loss: 1.357238, train acc: 0.982492, train avg acc: 0.973532
Test epoch 373, loss: 1.462668, test acc: 0.916532, test avg acc: 0.894366
Train epoch 374, loss: 1.358852, train acc: 0.981678, train avg acc: 0.971870
Test epoch 374, loss: 1.464127, test acc: 0.913290, test avg acc: 0.889134
Train epoch 375, loss: 1.352377, train acc: 0.984833, train avg acc: 0.977191
Test epoch 375, loss: 1.443198, test acc: 0.927066, test avg acc: 0.897500
Train epoch 376, loss: 1.353095, train acc: 0.983815, train avg acc: 0.975369
Test epoch 376, loss: 1.449486, test acc: 0.914100, test avg acc: 0.885174
Train epoch 377, loss: 1.356170, train acc: 0.982390, train avg acc: 0.973525
Test epoch 377, loss: 1.437038, test acc: 0.923420, test avg acc: 0.889209
Train epoch 378, loss: 1.355969, train acc: 0.983815, train avg acc: 0.976173
Test epoch 378, loss: 1.447731, test acc: 0.925446, test avg acc: 0.889953
Train epoch 379, loss: 1.358047, train acc: 0.983103, train avg acc: 0.974343
Test epoch 379, loss: 1.453381, test acc: 0.918963, test avg acc: 0.892994
Train epoch 380, loss: 1.348540, train acc: 0.985342, train avg acc: 0.978972
Test epoch 380, loss: 1.443678, test acc: 0.919773, test avg acc: 0.893372
Train epoch 381, loss: 1.348990, train acc: 0.985342, train avg acc: 0.977102
Test epoch 381, loss: 1.451288, test acc: 0.918558, test avg acc: 0.887413
Train epoch 382, loss: 1.348543, train acc: 0.986156, train avg acc: 0.979495
Test epoch 382, loss: 1.455042, test acc: 0.917342, test avg acc: 0.889000
Train epoch 383, loss: 1.340607, train acc: 0.989414, train avg acc: 0.982697
Test epoch 383, loss: 1.457361, test acc: 0.917342, test avg acc: 0.888703
Train epoch 384, loss: 1.345805, train acc: 0.986971, train avg acc: 0.980270
Test epoch 384, loss: 1.441063, test acc: 0.923420, test avg acc: 0.893703
Train epoch 385, loss: 1.347639, train acc: 0.987072, train avg acc: 0.980472
Test epoch 385, loss: 1.444195, test acc: 0.923015, test avg acc: 0.893209
Train epoch 386, loss: 1.348713, train acc: 0.985138, train avg acc: 0.977401
Test epoch 386, loss: 1.434192, test acc: 0.927066, test avg acc: 0.896663
Train epoch 387, loss: 1.348210, train acc: 0.985647, train avg acc: 0.976939
Test epoch 387, loss: 1.445476, test acc: 0.922204, test avg acc: 0.889663
Train epoch 388, loss: 1.343475, train acc: 0.985749, train avg acc: 0.977398
Test epoch 388, loss: 1.447563, test acc: 0.919773, test avg acc: 0.885663
Train epoch 389, loss: 1.345791, train acc: 0.985647, train avg acc: 0.979886
Test epoch 389, loss: 1.451460, test acc: 0.918963, test avg acc: 0.890500
Train epoch 390, loss: 1.354261, train acc: 0.982492, train avg acc: 0.973205
Test epoch 390, loss: 1.434826, test acc: 0.925446, test avg acc: 0.892959
Train epoch 391, loss: 1.342767, train acc: 0.986462, train avg acc: 0.978498
Test epoch 391, loss: 1.446511, test acc: 0.920989, test avg acc: 0.893203
Train epoch 392, loss: 1.340152, train acc: 0.989312, train avg acc: 0.983149
Test epoch 392, loss: 1.446234, test acc: 0.923825, test avg acc: 0.900744
Train epoch 393, loss: 1.344552, train acc: 0.986156, train avg acc: 0.980021
Test epoch 393, loss: 1.452968, test acc: 0.923015, test avg acc: 0.899081
Train epoch 394, loss: 1.347360, train acc: 0.985647, train avg acc: 0.977373
Test epoch 394, loss: 1.448626, test acc: 0.916532, test avg acc: 0.893203
Train epoch 395, loss: 1.341875, train acc: 0.986462, train avg acc: 0.978930
Test epoch 395, loss: 1.443570, test acc: 0.922609, test avg acc: 0.883913
Train epoch 396, loss: 1.341424, train acc: 0.988803, train avg acc: 0.983287
Test epoch 396, loss: 1.441884, test acc: 0.924230, test avg acc: 0.893041
Train epoch 397, loss: 1.340309, train acc: 0.987683, train avg acc: 0.982737
Test epoch 397, loss: 1.442804, test acc: 0.921394, test avg acc: 0.892576
Train epoch 398, loss: 1.341565, train acc: 0.987581, train avg acc: 0.979932
Test epoch 398, loss: 1.450108, test acc: 0.920583, test avg acc: 0.889587
Train epoch 399, loss: 1.337258, train acc: 0.989108, train avg acc: 0.983616
Test epoch 399, loss: 1.437883, test acc: 0.923420, test avg acc: 0.892663
Train epoch 400, loss: 1.338815, train acc: 0.987887, train avg acc: 0.981873
Test epoch 400, loss: 1.439838, test acc: 0.923420, test avg acc: 0.900250
Train epoch 401, loss: 1.335700, train acc: 0.990024, train avg acc: 0.984002
Test epoch 401, loss: 1.453629, test acc: 0.915721, test avg acc: 0.890581
Train epoch 402, loss: 1.335323, train acc: 0.989923, train avg acc: 0.984074
Test epoch 402, loss: 1.444004, test acc: 0.918558, test avg acc: 0.889785
Train epoch 403, loss: 1.331348, train acc: 0.991551, train avg acc: 0.986808
Test epoch 403, loss: 1.440513, test acc: 0.927066, test avg acc: 0.894035
Train epoch 404, loss: 1.335398, train acc: 0.988599, train avg acc: 0.982133
Test epoch 404, loss: 1.444158, test acc: 0.918558, test avg acc: 0.889372
Train epoch 405, loss: 1.336146, train acc: 0.988498, train avg acc: 0.982567
Test epoch 405, loss: 1.445916, test acc: 0.918963, test avg acc: 0.886703
Train epoch 406, loss: 1.336024, train acc: 0.987887, train avg acc: 0.981027
Test epoch 406, loss: 1.438588, test acc: 0.922609, test avg acc: 0.890244
Train epoch 407, loss: 1.336528, train acc: 0.988803, train avg acc: 0.983539
Test epoch 407, loss: 1.434234, test acc: 0.924230, test avg acc: 0.887285
Train epoch 408, loss: 1.331169, train acc: 0.991551, train avg acc: 0.987034
Test epoch 408, loss: 1.444394, test acc: 0.919368, test avg acc: 0.887913
Train epoch 409, loss: 1.332134, train acc: 0.990737, train avg acc: 0.986117
Test epoch 409, loss: 1.451624, test acc: 0.917747, test avg acc: 0.887163
Train epoch 410, loss: 1.333079, train acc: 0.989515, train avg acc: 0.985222
Test epoch 410, loss: 1.443917, test acc: 0.921799, test avg acc: 0.893331
Train epoch 411, loss: 1.336788, train acc: 0.987378, train avg acc: 0.981336
Test epoch 411, loss: 1.446197, test acc: 0.919368, test avg acc: 0.886326
Train epoch 412, loss: 1.338899, train acc: 0.987276, train avg acc: 0.979571
Test epoch 412, loss: 1.443944, test acc: 0.920989, test avg acc: 0.888913
Train epoch 413, loss: 1.335678, train acc: 0.988090, train avg acc: 0.981872
Test epoch 413, loss: 1.440760, test acc: 0.925446, test avg acc: 0.894872
Train epoch 414, loss: 1.331766, train acc: 0.991042, train avg acc: 0.985674
Test epoch 414, loss: 1.438042, test acc: 0.923420, test avg acc: 0.886785
Train epoch 415, loss: 1.336404, train acc: 0.987887, train avg acc: 0.983768
Test epoch 415, loss: 1.448875, test acc: 0.923420, test avg acc: 0.897744
Train epoch 416, loss: 1.331006, train acc: 0.991958, train avg acc: 0.988580
Test epoch 416, loss: 1.438701, test acc: 0.919368, test avg acc: 0.884913
Train epoch 417, loss: 1.330978, train acc: 0.989617, train avg acc: 0.983973
Test epoch 417, loss: 1.441166, test acc: 0.923420, test avg acc: 0.895453
Train epoch 418, loss: 1.328243, train acc: 0.990432, train avg acc: 0.986065
Test epoch 418, loss: 1.441476, test acc: 0.917342, test avg acc: 0.881913
Train epoch 419, loss: 1.333163, train acc: 0.990635, train avg acc: 0.987070
Test epoch 419, loss: 1.445281, test acc: 0.919368, test avg acc: 0.890122
Train epoch 420, loss: 1.330128, train acc: 0.990228, train avg acc: 0.985094
Test epoch 420, loss: 1.435679, test acc: 0.921394, test avg acc: 0.886413
Train epoch 421, loss: 1.327340, train acc: 0.990432, train avg acc: 0.984662
Test epoch 421, loss: 1.442540, test acc: 0.917342, test avg acc: 0.887035
Train epoch 422, loss: 1.330784, train acc: 0.989210, train avg acc: 0.983651
Test epoch 422, loss: 1.436446, test acc: 0.926256, test avg acc: 0.895372
Train epoch 423, loss: 1.326757, train acc: 0.990330, train avg acc: 0.984947
Test epoch 423, loss: 1.442214, test acc: 0.924635, test avg acc: 0.897203
Train epoch 424, loss: 1.326976, train acc: 0.991246, train avg acc: 0.986001
Test epoch 424, loss: 1.437661, test acc: 0.923015, test avg acc: 0.893372
Train epoch 425, loss: 1.328857, train acc: 0.990228, train avg acc: 0.985464
Test epoch 425, loss: 1.440081, test acc: 0.923825, test avg acc: 0.891872
Train epoch 426, loss: 1.327851, train acc: 0.990330, train avg acc: 0.986191
Test epoch 426, loss: 1.443913, test acc: 0.925446, test avg acc: 0.891076
Train epoch 427, loss: 1.325117, train acc: 0.991144, train avg acc: 0.986285
Test epoch 427, loss: 1.438677, test acc: 0.921799, test avg acc: 0.890616
Train epoch 428, loss: 1.329255, train acc: 0.991042, train avg acc: 0.985821
Test epoch 428, loss: 1.439400, test acc: 0.921799, test avg acc: 0.892616
Train epoch 429, loss: 1.326319, train acc: 0.991653, train avg acc: 0.987891
Test epoch 429, loss: 1.441334, test acc: 0.921799, test avg acc: 0.893744
Train epoch 430, loss: 1.325267, train acc: 0.992569, train avg acc: 0.989091
Test epoch 430, loss: 1.436693, test acc: 0.924635, test avg acc: 0.892285
Train epoch 431, loss: 1.324886, train acc: 0.991958, train avg acc: 0.987100
Test epoch 431, loss: 1.447169, test acc: 0.920989, test avg acc: 0.896703
Train epoch 432, loss: 1.327287, train acc: 0.990635, train avg acc: 0.985652
Test epoch 432, loss: 1.439136, test acc: 0.923420, test avg acc: 0.890866
Train epoch 433, loss: 1.325221, train acc: 0.992671, train avg acc: 0.988389
Test epoch 433, loss: 1.438245, test acc: 0.922204, test avg acc: 0.889866
Train epoch 434, loss: 1.325210, train acc: 0.991958, train avg acc: 0.987453
Test epoch 434, loss: 1.436581, test acc: 0.922609, test avg acc: 0.892285
Train epoch 435, loss: 1.324959, train acc: 0.992467, train avg acc: 0.988377
Test epoch 435, loss: 1.445526, test acc: 0.918963, test avg acc: 0.890663
Train epoch 436, loss: 1.322963, train acc: 0.991348, train avg acc: 0.986801
Test epoch 436, loss: 1.438432, test acc: 0.923825, test avg acc: 0.891994
Train epoch 437, loss: 1.325304, train acc: 0.990737, train avg acc: 0.985412
Test epoch 437, loss: 1.438729, test acc: 0.923420, test avg acc: 0.890535
Train epoch 438, loss: 1.325048, train acc: 0.992162, train avg acc: 0.988756
Test epoch 438, loss: 1.431621, test acc: 0.922204, test avg acc: 0.887826
Train epoch 439, loss: 1.320517, train acc: 0.993180, train avg acc: 0.988859
Test epoch 439, loss: 1.441468, test acc: 0.919368, test avg acc: 0.891035
Train epoch 440, loss: 1.327445, train acc: 0.991551, train avg acc: 0.987125
Test epoch 440, loss: 1.437749, test acc: 0.922609, test avg acc: 0.894872
Train epoch 441, loss: 1.321743, train acc: 0.991958, train avg acc: 0.987792
Test epoch 441, loss: 1.436416, test acc: 0.926661, test avg acc: 0.898372
Train epoch 442, loss: 1.321155, train acc: 0.992773, train avg acc: 0.989362
Test epoch 442, loss: 1.435319, test acc: 0.925851, test avg acc: 0.894203
Train epoch 443, loss: 1.322832, train acc: 0.991755, train avg acc: 0.987449
Test epoch 443, loss: 1.436041, test acc: 0.921394, test avg acc: 0.884413
Train epoch 444, loss: 1.321977, train acc: 0.992671, train avg acc: 0.988441
Test epoch 444, loss: 1.435378, test acc: 0.923420, test avg acc: 0.895622
Train epoch 445, loss: 1.319806, train acc: 0.993384, train avg acc: 0.989599
Test epoch 445, loss: 1.435400, test acc: 0.923015, test avg acc: 0.890122
Train epoch 446, loss: 1.321423, train acc: 0.991551, train avg acc: 0.986086
Test epoch 446, loss: 1.436794, test acc: 0.923420, test avg acc: 0.892453
Train epoch 447, loss: 1.321470, train acc: 0.991958, train avg acc: 0.987322
Test epoch 447, loss: 1.436403, test acc: 0.923420, test avg acc: 0.892826
Train epoch 448, loss: 1.319399, train acc: 0.992773, train avg acc: 0.989177
Test epoch 448, loss: 1.436973, test acc: 0.925851, test avg acc: 0.895326
Train epoch 449, loss: 1.319054, train acc: 0.994809, train avg acc: 0.991398
Test epoch 449, loss: 1.437048, test acc: 0.924635, test avg acc: 0.895413
Train epoch 450, loss: 1.322318, train acc: 0.992264, train avg acc: 0.987856
Test epoch 450, loss: 1.436741, test acc: 0.925041, test avg acc: 0.893744
Train epoch 451, loss: 1.316457, train acc: 0.994198, train avg acc: 0.992994
Test epoch 451, loss: 1.435538, test acc: 0.928282, test avg acc: 0.899616
Train epoch 452, loss: 1.321926, train acc: 0.992976, train avg acc: 0.988881
Test epoch 452, loss: 1.438084, test acc: 0.924230, test avg acc: 0.892163
Train epoch 453, loss: 1.316466, train acc: 0.994605, train avg acc: 0.991885
Test epoch 453, loss: 1.441870, test acc: 0.920989, test avg acc: 0.891163
Train epoch 454, loss: 1.316996, train acc: 0.994198, train avg acc: 0.990227
Test epoch 454, loss: 1.438481, test acc: 0.921799, test avg acc: 0.890703
Train epoch 455, loss: 1.316870, train acc: 0.994300, train avg acc: 0.991420
Test epoch 455, loss: 1.439129, test acc: 0.920989, test avg acc: 0.891366
Train epoch 456, loss: 1.318870, train acc: 0.992671, train avg acc: 0.989061
Test epoch 456, loss: 1.437825, test acc: 0.921394, test avg acc: 0.887413
Train epoch 457, loss: 1.319909, train acc: 0.992366, train avg acc: 0.989291
Test epoch 457, loss: 1.438057, test acc: 0.920178, test avg acc: 0.889785
Train epoch 458, loss: 1.319955, train acc: 0.992060, train avg acc: 0.988619
Test epoch 458, loss: 1.443335, test acc: 0.923420, test avg acc: 0.893663
Train epoch 459, loss: 1.321153, train acc: 0.992976, train avg acc: 0.988371
Test epoch 459, loss: 1.442720, test acc: 0.923420, test avg acc: 0.894413
Train epoch 460, loss: 1.319207, train acc: 0.992976, train avg acc: 0.989971
Test epoch 460, loss: 1.439185, test acc: 0.925041, test avg acc: 0.894663
Train epoch 461, loss: 1.317473, train acc: 0.992976, train avg acc: 0.990275
Test epoch 461, loss: 1.436334, test acc: 0.922609, test avg acc: 0.889076
Train epoch 462, loss: 1.318903, train acc: 0.992366, train avg acc: 0.987800
Test epoch 462, loss: 1.439564, test acc: 0.919773, test avg acc: 0.892041
Train epoch 463, loss: 1.319150, train acc: 0.993689, train avg acc: 0.990667
Test epoch 463, loss: 1.441487, test acc: 0.922204, test avg acc: 0.889994
Train epoch 464, loss: 1.318750, train acc: 0.993078, train avg acc: 0.988944
Test epoch 464, loss: 1.437142, test acc: 0.920989, test avg acc: 0.887203
Train epoch 465, loss: 1.315099, train acc: 0.993994, train avg acc: 0.991104
Test epoch 465, loss: 1.443588, test acc: 0.921799, test avg acc: 0.892494
Train epoch 466, loss: 1.313869, train acc: 0.994910, train avg acc: 0.992001
Test epoch 466, loss: 1.438989, test acc: 0.922204, test avg acc: 0.892703
Train epoch 467, loss: 1.317317, train acc: 0.993384, train avg acc: 0.989095
Test epoch 467, loss: 1.440874, test acc: 0.921394, test avg acc: 0.896250
Train epoch 468, loss: 1.314354, train acc: 0.994401, train avg acc: 0.992979
Test epoch 468, loss: 1.436041, test acc: 0.922609, test avg acc: 0.888326
Train epoch 469, loss: 1.316078, train acc: 0.993791, train avg acc: 0.989661
Test epoch 469, loss: 1.438476, test acc: 0.920178, test avg acc: 0.890541
Train epoch 470, loss: 1.318174, train acc: 0.993994, train avg acc: 0.991103
Test epoch 470, loss: 1.444391, test acc: 0.920178, test avg acc: 0.889622
Train epoch 471, loss: 1.313409, train acc: 0.994605, train avg acc: 0.991991
Test epoch 471, loss: 1.437536, test acc: 0.922204, test avg acc: 0.892953
Train epoch 472, loss: 1.317155, train acc: 0.992875, train avg acc: 0.988694
Test epoch 472, loss: 1.442790, test acc: 0.923825, test avg acc: 0.891494
Train epoch 473, loss: 1.316860, train acc: 0.992875, train avg acc: 0.990242
Test epoch 473, loss: 1.437763, test acc: 0.923015, test avg acc: 0.889576
Train epoch 474, loss: 1.316139, train acc: 0.993384, train avg acc: 0.990952
Test epoch 474, loss: 1.440348, test acc: 0.921799, test avg acc: 0.890744
Train epoch 475, loss: 1.316123, train acc: 0.993689, train avg acc: 0.990603
Test epoch 475, loss: 1.439464, test acc: 0.921394, test avg acc: 0.894203
Train epoch 476, loss: 1.314376, train acc: 0.993994, train avg acc: 0.991209
Test epoch 476, loss: 1.437840, test acc: 0.922204, test avg acc: 0.893826
Train epoch 477, loss: 1.314721, train acc: 0.994503, train avg acc: 0.991929
Test epoch 477, loss: 1.436360, test acc: 0.922204, test avg acc: 0.890872
Train epoch 478, loss: 1.311546, train acc: 0.994605, train avg acc: 0.991693
Test epoch 478, loss: 1.435559, test acc: 0.921799, test avg acc: 0.889372
Train epoch 479, loss: 1.313917, train acc: 0.994300, train avg acc: 0.991595
Test epoch 479, loss: 1.439986, test acc: 0.922204, test avg acc: 0.890703
Train epoch 480, loss: 1.315086, train acc: 0.993282, train avg acc: 0.990764
Test epoch 480, loss: 1.433933, test acc: 0.923015, test avg acc: 0.894244
Train epoch 481, loss: 1.316829, train acc: 0.994096, train avg acc: 0.990823
Test epoch 481, loss: 1.437260, test acc: 0.921394, test avg acc: 0.889326
Train epoch 482, loss: 1.315322, train acc: 0.994503, train avg acc: 0.990897
Test epoch 482, loss: 1.437497, test acc: 0.922609, test avg acc: 0.890244
Train epoch 483, loss: 1.314168, train acc: 0.994707, train avg acc: 0.992364
Test epoch 483, loss: 1.435000, test acc: 0.924230, test avg acc: 0.893203
Train epoch 484, loss: 1.315709, train acc: 0.993485, train avg acc: 0.989051
Test epoch 484, loss: 1.438489, test acc: 0.920989, test avg acc: 0.890872
Train epoch 485, loss: 1.313566, train acc: 0.994605, train avg acc: 0.991031
Test epoch 485, loss: 1.434127, test acc: 0.923420, test avg acc: 0.892744
Train epoch 486, loss: 1.313084, train acc: 0.994096, train avg acc: 0.990880
Test epoch 486, loss: 1.437403, test acc: 0.921799, test avg acc: 0.891494
Train epoch 487, loss: 1.314799, train acc: 0.993994, train avg acc: 0.991550
Test epoch 487, loss: 1.438177, test acc: 0.922204, test avg acc: 0.891831
Train epoch 488, loss: 1.313483, train acc: 0.994809, train avg acc: 0.992101
Test epoch 488, loss: 1.437024, test acc: 0.921799, test avg acc: 0.895413
Train epoch 489, loss: 1.315098, train acc: 0.993791, train avg acc: 0.990779
Test epoch 489, loss: 1.435821, test acc: 0.926661, test avg acc: 0.895413
Train epoch 490, loss: 1.314113, train acc: 0.993994, train avg acc: 0.990403
Test epoch 490, loss: 1.432795, test acc: 0.925041, test avg acc: 0.894866
Train epoch 491, loss: 1.314475, train acc: 0.992976, train avg acc: 0.989635
Test epoch 491, loss: 1.437714, test acc: 0.924230, test avg acc: 0.895244
Train epoch 492, loss: 1.314220, train acc: 0.993384, train avg acc: 0.991024
Test epoch 492, loss: 1.432367, test acc: 0.925446, test avg acc: 0.890953
Train epoch 493, loss: 1.313151, train acc: 0.993994, train avg acc: 0.991570
Test epoch 493, loss: 1.433751, test acc: 0.926661, test avg acc: 0.894826
Train epoch 494, loss: 1.312726, train acc: 0.994707, train avg acc: 0.991898
Test epoch 494, loss: 1.436447, test acc: 0.925041, test avg acc: 0.892576
Train epoch 495, loss: 1.312158, train acc: 0.994401, train avg acc: 0.991197
Test epoch 495, loss: 1.439773, test acc: 0.921394, test avg acc: 0.892413
Train epoch 496, loss: 1.313179, train acc: 0.993791, train avg acc: 0.990566
Test epoch 496, loss: 1.435914, test acc: 0.925446, test avg acc: 0.895035
Train epoch 497, loss: 1.313706, train acc: 0.993587, train avg acc: 0.991325
Test epoch 497, loss: 1.438642, test acc: 0.923825, test avg acc: 0.896116
Train epoch 498, loss: 1.312033, train acc: 0.994300, train avg acc: 0.991243
Test epoch 498, loss: 1.438145, test acc: 0.922204, test avg acc: 0.892785
Train epoch 499, loss: 1.311980, train acc: 0.994605, train avg acc: 0.991801
Test epoch 499, loss: 1.441490, test acc: 0.920178, test avg acc: 0.889703
